2024-12-24 12:10:21,505 - logs.logging_config - DEBUG - configure_logging [logging_config.py:178] - Application logging configured
2024-12-24 12:10:21,508 - logs.logging_config - INFO - configure_logging [logging_config.py:187] - Application started in production environment
2024-12-24 12:10:21,508 - application - DEBUG - create_app [__init__.py:28] - test2
2024-12-24 12:10:22,305 - application - DEBUG - after_request_time [__init__.py:42] - Request to / took 0.013316154479980469 seconds
2024-12-24 12:10:22,305 - application - DEBUG - after_request_time [__init__.py:44] - view (after_request): map
2024-12-24 12:10:22,306 - application - DEBUG - after_request_time [__init__.py:46] - template (after_request): None
2024-12-24 12:10:22,361 - application.rooms - DEBUG - floor_room_check [rooms.py:169] - inside floor_room_check A: floor_id: 2, has_rooms: True
2024-12-24 12:10:22,363 - application.rooms - DEBUG - check_each_floor_for_rooms [rooms.py:176] - floor.rooms.count() <Floor 1> = 1
2024-12-24 12:10:22,366 - application.rooms - DEBUG - check_each_floor_for_rooms [rooms.py:176] - floor.rooms.count() <Floor 2> = 1
2024-12-24 12:10:22,368 - application.rooms - DEBUG - check_each_floor_for_rooms [rooms.py:176] - floor.rooms.count() <Floor 3> = 1
2024-12-24 12:10:22,369 - application.rooms - DEBUG - floor_room_check [rooms.py:171] - inside floor_room_check B: floor_id: 2, has_rooms: True
2024-12-24 12:10:22,370 - application.floors - DEBUG - set_active_floor [floors.py:43] - set_active_floor called with floor_id: 2
2024-12-24 12:10:22,378 - application.floors - DEBUG - set_active_floor [floors.py:54] - current_user.active_home.active_floor: <Floor 2>
2024-12-24 12:10:22,382 - application.list_utils - DEBUG - get_list_entries_for_item [list_utils.py:428] - found_entries for <Home 1>: [<UserListEntry 1>]
2024-12-24 12:10:22,389 - application.list_utils - DEBUG - get_list_entries_for_item [list_utils.py:436] - Entry: <UserListEntry 1>
2024-12-24 12:10:22,390 - application.list_utils - DEBUG - get_list_entries_for_item [list_utils.py:437] - Item Model: Home, Item ID: 1
2024-12-24 12:10:22,390 - application.list_utils - DEBUG - get_list_entries_for_item [list_utils.py:438] - User List ID: 1 User List Name: bob Homes
2024-12-24 12:10:22,391 - application.list_utils - DEBUG - get_list_entries_for_item [list_utils.py:439] - user: 1
2024-12-24 12:10:22,391 - application.list_utils - DEBUG - get_userlist [list_utils.py:308] - get_userlist(): item_model: Floor, list_name: None, parent_entry_id: 1
2024-12-24 12:10:22,399 - application.list_utils - DEBUG - get_userlist [list_utils.py:322] - lists found (model, parent): [<UserList 2>]
2024-12-24 12:10:22,399 - application.list_utils - DEBUG - get_userlist [list_utils.py:349] - len(lists) == 1: None Floor 1
2024-12-24 12:10:22,399 - application.list_utils - DEBUG - get_userlist [list_utils.py:368] - userlist.entries: [<UserListEntry 2>, <UserListEntry 3>, <UserListEntry 26>] List type: <class 'sqlalchemy.orm.collections.InstrumentedList'>
2024-12-24 12:10:22,400 - application.list_utils - DEBUG - get_userlist [list_utils.py:370] - List: test Floors, Order: 5
2024-12-24 12:10:22,400 - application.list_utils - DEBUG - get_userlist [list_utils.py:370] - List: test Floors, Order: 3
2024-12-24 12:10:22,400 - application.list_utils - DEBUG - get_userlist [list_utils.py:370] - List: test Floors, Order: 1
2024-12-24 12:10:22,401 - application.rooms - DEBUG - get_room_list [rooms.py:44] - floor_list: <UserList 2> (type: <class 'application.database.models.UserList'>)
2024-12-24 12:10:22,401 - application.rooms - DEBUG - get_room_list [rooms.py:45] - floor_list entries count: 3
2024-12-24 12:10:22,401 - application.rooms - DEBUG - get_room_list [rooms.py:52] - floor list get floor_entry.id: 2
2024-12-24 12:10:22,402 - application.rooms - DEBUG - get_room_list [rooms.py:53] - floor list get floor_entry.get_item().name: Main Floor
2024-12-24 12:10:22,444 - application.rooms - DEBUG - get_room_list [rooms.py:58] - room_list: <UserList 3> (type: <class 'application.database.models.UserList'>) parent: Main Floor
2024-12-24 12:10:22,444 - application.rooms - DEBUG - get_room_list [rooms.py:52] - floor list get floor_entry.id: 3
2024-12-24 12:10:22,444 - application.rooms - DEBUG - get_room_list [rooms.py:53] - floor list get floor_entry.get_item().name: 2nd Floor
2024-12-24 12:10:22,445 - application.rooms - DEBUG - get_room_list [rooms.py:58] - room_list: <UserList 4> (type: <class 'application.database.models.UserList'>) parent: 2nd Floor
2024-12-24 12:10:22,445 - application.rooms - DEBUG - get_room_list [rooms.py:52] - floor list get floor_entry.id: 26
2024-12-24 12:10:22,446 - application.rooms - DEBUG - get_room_list [rooms.py:53] - floor list get floor_entry.get_item().name: 3rd Floor
2024-12-24 12:10:22,449 - application.rooms - DEBUG - get_room_list [rooms.py:58] - room_list: <UserList 12> (type: <class 'application.database.models.UserList'>) parent: 3rd Floor
2024-12-24 12:10:22,450 - application.list_utils - DEBUG - get_list_entries_for_item [list_utils.py:428] - found_entries for <Home 1>: [<UserListEntry 1>]
2024-12-24 12:10:22,450 - application.list_utils - DEBUG - get_list_entries_for_item [list_utils.py:436] - Entry: <UserListEntry 1>
2024-12-24 12:10:22,451 - application.list_utils - DEBUG - get_list_entries_for_item [list_utils.py:437] - Item Model: Home, Item ID: 1
2024-12-24 12:10:22,451 - application.list_utils - DEBUG - get_list_entries_for_item [list_utils.py:438] - User List ID: 1 User List Name: bob Homes
2024-12-24 12:10:22,451 - application.list_utils - DEBUG - get_list_entries_for_item [list_utils.py:439] - user: 1
2024-12-24 12:10:22,451 - application.rooms - DEBUG - get_room_list [rooms.py:59] - get_userlist(Room, current_user.active_home.name:test current_user.active_home.active_floor.name:2nd Floor Rooms, get_list_entries_for_item(current_user.active_home)[0].id:1
2024-12-24 12:10:22,452 - application.list_utils - DEBUG - get_list_entries_for_item [list_utils.py:428] - found_entries for <Floor 2>: [<UserListEntry 3>]
2024-12-24 12:10:22,452 - application.list_utils - DEBUG - get_list_entries_for_item [list_utils.py:436] - Entry: <UserListEntry 3>
2024-12-24 12:10:22,452 - application.list_utils - DEBUG - get_list_entries_for_item [list_utils.py:437] - Item Model: Floor, Item ID: 2
2024-12-24 12:10:22,452 - application.list_utils - DEBUG - get_list_entries_for_item [list_utils.py:438] - User List ID: 2 User List Name: test Floors
2024-12-24 12:10:22,452 - application.list_utils - DEBUG - get_list_entries_for_item [list_utils.py:439] - user: 1
2024-12-24 12:10:22,453 - application.list_utils - DEBUG - get_userlist [list_utils.py:308] - get_userlist(): item_model: Room, list_name: None, parent_entry_id: 3
2024-12-24 12:10:22,454 - application.list_utils - DEBUG - get_userlist [list_utils.py:322] - lists found (model, parent): [<UserList 4>]
2024-12-24 12:10:22,454 - application.list_utils - DEBUG - get_userlist [list_utils.py:349] - len(lists) == 1: None Room 3
2024-12-24 12:10:22,454 - application.list_utils - DEBUG - get_userlist [list_utils.py:368] - userlist.entries: [<UserListEntry 24>] List type: <class 'sqlalchemy.orm.collections.InstrumentedList'>
2024-12-24 12:10:22,454 - application.list_utils - DEBUG - get_userlist [list_utils.py:370] - List: test 2nd Floor Rooms, Order: 0
2024-12-24 12:10:22,494 - application - DEBUG - after_request_time [__init__.py:42] - Request to /map/ took 0.14498686790466309 seconds
2024-12-24 12:10:22,494 - application - DEBUG - after_request_time [__init__.py:44] - view (after_request): map
2024-12-24 12:10:22,494 - application - DEBUG - after_request_time [__init__.py:46] - template (after_request): map/index.html.jinja
2024-12-24 12:10:22,571 - application - DEBUG - after_request_time [__init__.py:42] - Request to /static/js/bundle.js took 0.007854938507080078 seconds
2024-12-24 12:10:22,571 - application - DEBUG - after_request_time [__init__.py:44] - view (after_request): map
2024-12-24 12:10:22,573 - application - DEBUG - after_request_time [__init__.py:46] - template (after_request): None
2024-12-24 12:10:22,801 - application.list_utils - DEBUG - get_list_entries_for_item [list_utils.py:428] - found_entries for <Home 1>: [<UserListEntry 1>]
2024-12-24 12:10:22,807 - application.list_utils - DEBUG - get_list_entries_for_item [list_utils.py:436] - Entry: <UserListEntry 1>
2024-12-24 12:10:22,809 - application.list_utils - DEBUG - get_list_entries_for_item [list_utils.py:437] - Item Model: Home, Item ID: 1
2024-12-24 12:10:22,809 - application.list_utils - DEBUG - get_list_entries_for_item [list_utils.py:438] - User List ID: 1 User List Name: bob Homes
2024-12-24 12:10:22,810 - application.list_utils - DEBUG - get_list_entries_for_item [list_utils.py:439] - user: 1
2024-12-24 12:10:22,810 - application.list_utils - DEBUG - get_list_entries_for_item [list_utils.py:428] - found_entries for <Floor 2>: [<UserListEntry 3>]
2024-12-24 12:10:22,811 - application.list_utils - DEBUG - get_list_entries_for_item [list_utils.py:415] - input_string: <Home 1>, item_model: Home, item_id: 1
2024-12-24 12:10:22,811 - application.list_utils - DEBUG - get_userlist [list_utils.py:308] - get_userlist(): item_model: Floor, list_name: None, parent_entry_id: 1
2024-12-24 12:10:22,815 - application.list_utils - DEBUG - get_list_entries_for_item [list_utils.py:436] - Entry: <UserListEntry 3>
2024-12-24 12:10:22,815 - application.list_utils - DEBUG - get_list_entries_for_item [list_utils.py:428] - found_entries for <Home 1>: [<UserListEntry 1>]
2024-12-24 12:10:22,816 - application.list_utils - DEBUG - get_userlist [list_utils.py:322] - lists found (model, parent): [<UserList 2>]
2024-12-24 12:10:22,817 - application.list_utils - DEBUG - get_list_entries_for_item [list_utils.py:437] - Item Model: Floor, Item ID: 2
2024-12-24 12:10:22,818 - application.list_utils - DEBUG - get_userlist [list_utils.py:349] - len(lists) == 1: None Floor 1
2024-12-24 12:10:22,818 - application.list_utils - DEBUG - get_list_entries_for_item [list_utils.py:436] - Entry: <UserListEntry 1>
2024-12-24 12:10:22,818 - application.list_utils - DEBUG - get_list_entries_for_item [list_utils.py:438] - User List ID: 2 User List Name: test Floors
2024-12-24 12:10:22,819 - application.list_utils - DEBUG - get_userlist [list_utils.py:368] - userlist.entries: [<UserListEntry 2>, <UserListEntry 3>, <UserListEntry 26>] List type: <class 'sqlalchemy.orm.collections.InstrumentedList'>
2024-12-24 12:10:22,819 - application.list_utils - DEBUG - get_list_entries_for_item [list_utils.py:437] - Item Model: Home, Item ID: 1
2024-12-24 12:10:22,819 - application.list_utils - DEBUG - get_list_entries_for_item [list_utils.py:439] - user: 1
2024-12-24 12:10:22,819 - application.list_utils - DEBUG - get_userlist [list_utils.py:370] - List: test Floors, Order: 5
2024-12-24 12:10:22,819 - application.list_utils - DEBUG - get_list_entries_for_item [list_utils.py:438] - User List ID: 1 User List Name: bob Homes
2024-12-24 12:10:22,820 - application.list_utils - DEBUG - get_userlist [list_utils.py:308] - get_userlist(): item_model: Room, list_name: None, parent_entry_id: 3
2024-12-24 12:10:22,820 - application.list_utils - DEBUG - get_userlist [list_utils.py:370] - List: test Floors, Order: 3
2024-12-24 12:10:22,820 - application.list_utils - DEBUG - get_list_entries_for_item [list_utils.py:439] - user: 1
2024-12-24 12:10:22,821 - application.list_utils - DEBUG - get_userlist [list_utils.py:370] - List: test Floors, Order: 1
2024-12-24 12:10:22,821 - application.list_utils - DEBUG - get_userlist [list_utils.py:322] - lists found (model, parent): [<UserList 4>]
2024-12-24 12:10:22,822 - application.list_utils - DEBUG - get_top_userlists_by_root_parent [list_utils.py:279] - input root_parent_entry_id: 1 model: Task
2024-12-24 12:10:22,827 - application.list_utils - DEBUG - get_userlist [list_utils.py:349] - len(lists) == 1: None Room 3
2024-12-24 12:10:22,828 - application.list_utils - DEBUG - get_userlists_by_parent [list_utils.py:271] - get_userlists_by_parent: lists found (parent_entry_id)2: [<UserList 3>]
2024-12-24 12:10:22,829 - application.list_utils - DEBUG - get_userlist [list_utils.py:368] - userlist.entries: [<UserListEntry 24>] List type: <class 'sqlalchemy.orm.collections.InstrumentedList'>
2024-12-24 12:10:22,829 - application.list_utils - DEBUG - get_userlists_by_parent [list_utils.py:271] - get_userlists_by_parent: lists found (parent_entry_id)1: [<UserList 2>]
2024-12-24 12:10:22,830 - application.list_utils - DEBUG - get_userlist [list_utils.py:370] - List: test 2nd Floor Rooms, Order: 0
2024-12-24 12:10:22,830 - application.list_utils - DEBUG - get_userlists_by_parent [list_utils.py:271] - get_userlists_by_parent: lists found (parent_entry_id)3: [<UserList 4>]
2024-12-24 12:10:22,832 - application.list_utils - DEBUG - get_userlists_by_parent [list_utils.py:271] - get_userlists_by_parent: lists found (parent_entry_id)2: [<UserList 3>]
2024-12-24 12:10:22,833 - application.list_utils - DEBUG - get_userlists_by_parent [list_utils.py:271] - get_userlists_by_parent: lists found (parent_entry_id)24: [<UserList 9>, <UserList 11>]
2024-12-24 12:10:22,835 - application.list_utils - DEBUG - get_userlists_by_parent [list_utils.py:271] - get_userlists_by_parent: lists found (parent_entry_id)26: [<UserList 12>]
2024-12-24 12:10:22,836 - application.list_utils - DEBUG - get_userlists_by_parent [list_utils.py:271] - get_userlists_by_parent: lists found (parent_entry_id)3: [<UserList 4>]
2024-12-24 12:10:22,892 - application.list_utils - DEBUG - get_userlists_by_parent [list_utils.py:271] - get_userlists_by_parent: lists found (parent_entry_id)26: [<UserList 12>]
2024-12-24 12:10:22,914 - application.list_utils - DEBUG - get_userlists_by_parent [list_utils.py:271] - get_userlists_by_parent: lists found (parent_entry_id)21: [<UserList 6>, <UserList 8>]
2024-12-24 12:10:22,917 - application.list_utils - DEBUG - get_userlists_by_parent [list_utils.py:271] - get_userlists_by_parent: lists found (parent_entry_id)24: [<UserList 9>, <UserList 11>]
2024-12-24 12:10:22,945 - application.list_utils - DEBUG - get_userlists_by_parent [list_utils.py:271] - get_userlists_by_parent: lists found (parent_entry_id)28: [<UserList 13>, <UserList 15>]
2024-12-24 12:10:22,977 - application.list_utils - DEBUG - get_top_userlists_by_root_parent [list_utils.py:292] - get_top_userlists_by_root_parent: lists found (parent_entry_id)1: [<UserList 8>, <UserList 11>, <UserList 15>]
2024-12-24 12:10:22,978 - application.list_utils - DEBUG - get_userlists_by_parent [list_utils.py:273] - get_userlists_by_parent: No lists found for parent_entry_id 22
2024-12-24 12:10:22,980 - application.list_utils - DEBUG - get_userlists_by_parent [list_utils.py:273] - get_userlists_by_parent: No lists found for parent_entry_id 25
2024-12-24 12:10:22,981 - application.list_utils - DEBUG - get_userlists_by_parent [list_utils.py:273] - get_userlists_by_parent: No lists found for parent_entry_id 29
2024-12-24 12:10:22,995 - application - DEBUG - after_request_time [__init__.py:42] - Request to /show_list/ took 0.2073042392730713 seconds
2024-12-24 12:10:23,009 - application - DEBUG - after_request_time [__init__.py:44] - view (after_request): map
2024-12-24 12:10:23,009 - application - DEBUG - after_request_time [__init__.py:46] - template (after_request): lists/list.html.jinja
2024-12-24 12:10:23,018 - application - DEBUG - after_request_time [__init__.py:42] - Request to /show_list/ took 0.22188091278076172 seconds
2024-12-24 12:10:23,037 - application - DEBUG - after_request_time [__init__.py:44] - view (after_request): map
2024-12-24 12:10:23,053 - application - DEBUG - after_request_time [__init__.py:46] - template (after_request): lists/list.html.jinja
2024-12-24 12:10:23,177 - application.list_utils - DEBUG - get_list_entries_for_item [list_utils.py:428] - found_entries for <Photo 2>: [<UserListEntry 23>]
2024-12-24 12:10:23,181 - application.list_utils - DEBUG - get_list_entries_for_item [list_utils.py:436] - Entry: <UserListEntry 23>
2024-12-24 12:10:23,187 - application.list_utils - DEBUG - get_list_entries_for_item [list_utils.py:437] - Item Model: Photo, Item ID: 2
2024-12-24 12:10:23,188 - application.list_utils - DEBUG - get_list_entries_for_item [list_utils.py:438] - User List ID: 9 User List Name: Laundry Room 1 Photos
2024-12-24 12:10:23,198 - application.list_utils - DEBUG - get_list_entries_for_item [list_utils.py:439] - user: 1
2024-12-24 12:10:23,222 - application - DEBUG - after_request_time [__init__.py:42] - Request to /show_list/ took 0.4191596508026123 seconds
2024-12-24 12:10:23,253 - application - DEBUG - after_request_time [__init__.py:44] - view (after_request): map
2024-12-24 12:10:23,255 - application - DEBUG - after_request_time [__init__.py:46] - template (after_request): lists/list.html.jinja
2024-12-24 12:10:23,259 - application - DEBUG - after_request_time [__init__.py:42] - Request to /show_photo_entry/2 took 0.12183403968811035 seconds
2024-12-24 12:10:23,260 - application - DEBUG - after_request_time [__init__.py:44] - view (after_request): map
2024-12-24 12:10:23,260 - application - DEBUG - after_request_time [__init__.py:46] - template (after_request): lists/model/photo.html.jinja
2024-12-24 12:10:23,284 - application - DEBUG - after_request_time [__init__.py:42] - Request to /static/defaults/generic_room.webp took 0.001096963882446289 seconds
2024-12-24 12:10:23,284 - application - DEBUG - after_request_time [__init__.py:44] - view (after_request): map
2024-12-24 12:10:23,285 - application - DEBUG - after_request_time [__init__.py:46] - template (after_request): None
2024-12-24 12:10:23,359 - application - DEBUG - after_request_time [__init__.py:42] - Request to /show_list/10 took 0.05016922950744629 seconds
2024-12-24 12:10:23,359 - application - DEBUG - after_request_time [__init__.py:44] - view (after_request): map
2024-12-24 12:10:23,360 - application - DEBUG - after_request_time [__init__.py:46] - template (after_request): lists/list.html.jinja
2024-12-24 12:10:44,958 - application.list_utils - DEBUG - get_userlist [list_utils.py:308] - get_userlist(): item_model: Floor, list_name: None, parent_entry_id: None
2024-12-24 12:10:44,962 - application.list_utils - DEBUG - get_userlist [list_utils.py:318] - lists found (model): [<UserList 2>]
2024-12-24 12:10:44,962 - application.list_utils - DEBUG - get_userlist [list_utils.py:349] - len(lists) == 1: None Floor None
2024-12-24 12:10:44,963 - application.list_utils - DEBUG - get_userlist [list_utils.py:368] - userlist.entries: [<UserListEntry 2>, <UserListEntry 3>, <UserListEntry 26>] List type: <class 'sqlalchemy.orm.collections.InstrumentedList'>
2024-12-24 12:10:44,963 - application.list_utils - DEBUG - get_userlist [list_utils.py:370] - List: test Floors, Order: 5
2024-12-24 12:10:44,963 - application.list_utils - DEBUG - get_userlist [list_utils.py:370] - List: test Floors, Order: 3
2024-12-24 12:10:44,963 - application.list_utils - DEBUG - get_userlist [list_utils.py:370] - List: test Floors, Order: 1
2024-12-24 12:10:44,966 - application - DEBUG - after_request_time [__init__.py:42] - Request to /home/floors/setup took 0.012201786041259766 seconds
2024-12-24 12:10:44,967 - application - DEBUG - after_request_time [__init__.py:44] - view (after_request): map
2024-12-24 12:10:44,967 - application - DEBUG - after_request_time [__init__.py:46] - template (after_request): homes/create_floors.html.jinja
2024-12-24 12:10:45,054 - application.list_utils - DEBUG - get_list_entries_for_item [list_utils.py:428] - found_entries for <Home 1>: [<UserListEntry 1>]
2024-12-24 12:10:45,059 - application.list_utils - DEBUG - get_list_entries_for_item [list_utils.py:436] - Entry: <UserListEntry 1>
2024-12-24 12:10:45,058 - application - DEBUG - after_request_time [__init__.py:42] - Request to /tutorial/pingrid took 0.005797863006591797 seconds
2024-12-24 12:10:45,060 - application.list_utils - DEBUG - get_list_entries_for_item [list_utils.py:437] - Item Model: Home, Item ID: 1
2024-12-24 12:10:45,061 - application - DEBUG - after_request_time [__init__.py:44] - view (after_request): map
2024-12-24 12:10:45,061 - application.list_utils - DEBUG - get_list_entries_for_item [list_utils.py:438] - User List ID: 1 User List Name: bob Homes
2024-12-24 12:10:45,063 - application - DEBUG - after_request_time [__init__.py:46] - template (after_request): walkthrough/parts/modal_room.jinja
2024-12-24 12:10:45,064 - application.list_utils - DEBUG - get_list_entries_for_item [list_utils.py:439] - user: 1
2024-12-24 12:10:45,065 - application.list_utils - DEBUG - get_userlist [list_utils.py:308] - get_userlist(): item_model: Floor, list_name: None, parent_entry_id: 1
2024-12-24 12:10:45,068 - application.list_utils - DEBUG - get_userlist [list_utils.py:322] - lists found (model, parent): [<UserList 2>]
2024-12-24 12:10:45,068 - application.list_utils - DEBUG - get_userlist [list_utils.py:349] - len(lists) == 1: None Floor 1
2024-12-24 12:10:45,070 - application.list_utils - DEBUG - get_userlist [list_utils.py:368] - userlist.entries: [<UserListEntry 2>, <UserListEntry 3>, <UserListEntry 26>] List type: <class 'sqlalchemy.orm.collections.InstrumentedList'>
2024-12-24 12:10:45,071 - application.list_utils - DEBUG - get_userlist [list_utils.py:370] - List: test Floors, Order: 5
2024-12-24 12:10:45,071 - application.list_utils - DEBUG - get_userlist [list_utils.py:370] - List: test Floors, Order: 3
2024-12-24 12:10:45,071 - application.list_utils - DEBUG - get_userlist [list_utils.py:370] - List: test Floors, Order: 1
2024-12-24 12:10:45,073 - application.list_utils - DEBUG - get_userlists_by_parent [list_utils.py:271] - get_userlists_by_parent: lists found (parent_entry_id)2: [<UserList 3>]
2024-12-24 12:10:45,073 - application.list_utils - DEBUG - get_userlists_by_parent [list_utils.py:271] - get_userlists_by_parent: lists found (parent_entry_id)3: [<UserList 4>]
2024-12-24 12:10:45,074 - application.list_utils - DEBUG - get_userlists_by_parent [list_utils.py:271] - get_userlists_by_parent: lists found (parent_entry_id)26: [<UserList 12>]
2024-12-24 12:10:45,105 - application - DEBUG - after_request_time [__init__.py:42] - Request to /show_list/ took 0.055400848388671875 seconds
2024-12-24 12:10:45,105 - application - DEBUG - after_request_time [__init__.py:44] - view (after_request): map
2024-12-24 12:10:45,105 - application - DEBUG - after_request_time [__init__.py:46] - template (after_request): lists/list.html.jinja
2024-12-24 12:10:47,774 - application - DEBUG - after_request_time [__init__.py:42] - Request to /go_define_rooms_button took 0.005196094512939453 seconds
2024-12-24 12:10:47,774 - application - DEBUG - after_request_time [__init__.py:44] - view (after_request): map
2024-12-24 12:10:47,774 - application - DEBUG - after_request_time [__init__.py:46] - template (after_request): homes/go_define_rooms_button.html.jinja
2024-12-24 12:10:49,083 - application - DEBUG - after_request_time [__init__.py:42] - Request to /static/js/bundle.js.map took 0.0008282661437988281 seconds
2024-12-24 12:10:49,083 - application - DEBUG - after_request_time [__init__.py:44] - view (after_request): map
2024-12-24 12:10:49,084 - application - DEBUG - after_request_time [__init__.py:46] - template (after_request): None
2024-12-24 12:10:59,224 - application.list_utils - DEBUG - get_userlist [list_utils.py:308] - get_userlist(): item_model: Floor, list_name: None, parent_entry_id: None
2024-12-24 12:10:59,226 - application.list_utils - DEBUG - get_userlist [list_utils.py:318] - lists found (model): [<UserList 2>]
2024-12-24 12:10:59,226 - application.list_utils - DEBUG - get_userlist [list_utils.py:349] - len(lists) == 1: None Floor None
2024-12-24 12:10:59,227 - application.list_utils - DEBUG - get_userlist [list_utils.py:368] - userlist.entries: [<UserListEntry 2>, <UserListEntry 3>, <UserListEntry 26>] List type: <class 'sqlalchemy.orm.collections.InstrumentedList'>
2024-12-24 12:10:59,227 - application.list_utils - DEBUG - get_userlist [list_utils.py:370] - List: test Floors, Order: 5
2024-12-24 12:10:59,227 - application.list_utils - DEBUG - get_userlist [list_utils.py:370] - List: test Floors, Order: 3
2024-12-24 12:10:59,227 - application.list_utils - DEBUG - get_userlist [list_utils.py:370] - List: test Floors, Order: 1
2024-12-24 12:10:59,229 - application - DEBUG - after_request_time [__init__.py:42] - Request to /home/floors/setup took 0.008255958557128906 seconds
2024-12-24 12:10:59,229 - application - DEBUG - after_request_time [__init__.py:44] - view (after_request): map
2024-12-24 12:10:59,230 - application - DEBUG - after_request_time [__init__.py:46] - template (after_request): homes/create_floors.html.jinja
2024-12-24 12:10:59,364 - application - DEBUG - after_request_time [__init__.py:42] - Request to /static/js/bundle.js took 0.0008428096771240234 seconds
2024-12-24 12:10:59,364 - application - DEBUG - after_request_time [__init__.py:44] - view (after_request): map
2024-12-24 12:10:59,364 - application - DEBUG - after_request_time [__init__.py:46] - template (after_request): None
2024-12-24 12:10:59,574 - application - DEBUG - after_request_time [__init__.py:42] - Request to /static/js/bundle.js.map took 0.0011639595031738281 seconds
2024-12-24 12:10:59,574 - application - DEBUG - after_request_time [__init__.py:44] - view (after_request): map
2024-12-24 12:10:59,574 - application - DEBUG - after_request_time [__init__.py:46] - template (after_request): None
2024-12-24 12:10:59,591 - application.list_utils - DEBUG - get_list_entries_for_item [list_utils.py:428] - found_entries for <Home 1>: [<UserListEntry 1>]
2024-12-24 12:10:59,590 - application - DEBUG - after_request_time [__init__.py:42] - Request to /tutorial/pingrid took 0.0023250579833984375 seconds
2024-12-24 12:10:59,592 - application - DEBUG - after_request_time [__init__.py:44] - view (after_request): map
2024-12-24 12:10:59,592 - application - DEBUG - after_request_time [__init__.py:46] - template (after_request): walkthrough/parts/modal_room.jinja
2024-12-24 12:10:59,593 - application.list_utils - DEBUG - get_list_entries_for_item [list_utils.py:436] - Entry: <UserListEntry 1>
2024-12-24 12:10:59,595 - application.list_utils - DEBUG - get_list_entries_for_item [list_utils.py:437] - Item Model: Home, Item ID: 1
2024-12-24 12:10:59,595 - application.list_utils - DEBUG - get_list_entries_for_item [list_utils.py:438] - User List ID: 1 User List Name: bob Homes
2024-12-24 12:10:59,595 - application.list_utils - DEBUG - get_list_entries_for_item [list_utils.py:439] - user: 1
2024-12-24 12:10:59,597 - application.list_utils - DEBUG - get_userlist [list_utils.py:308] - get_userlist(): item_model: Floor, list_name: None, parent_entry_id: 1
2024-12-24 12:10:59,599 - application.list_utils - DEBUG - get_userlist [list_utils.py:322] - lists found (model, parent): [<UserList 2>]
2024-12-24 12:10:59,600 - application.list_utils - DEBUG - get_userlist [list_utils.py:349] - len(lists) == 1: None Floor 1
2024-12-24 12:10:59,600 - application.list_utils - DEBUG - get_userlist [list_utils.py:368] - userlist.entries: [<UserListEntry 2>, <UserListEntry 3>, <UserListEntry 26>] List type: <class 'sqlalchemy.orm.collections.InstrumentedList'>
2024-12-24 12:10:59,601 - application.list_utils - DEBUG - get_userlist [list_utils.py:370] - List: test Floors, Order: 5
2024-12-24 12:10:59,601 - application.list_utils - DEBUG - get_userlist [list_utils.py:370] - List: test Floors, Order: 3
2024-12-24 12:10:59,601 - application.list_utils - DEBUG - get_userlist [list_utils.py:370] - List: test Floors, Order: 1
2024-12-24 12:10:59,602 - application.list_utils - DEBUG - get_userlists_by_parent [list_utils.py:271] - get_userlists_by_parent: lists found (parent_entry_id)2: [<UserList 3>]
2024-12-24 12:10:59,604 - application.list_utils - DEBUG - get_userlists_by_parent [list_utils.py:271] - get_userlists_by_parent: lists found (parent_entry_id)3: [<UserList 4>]
2024-12-24 12:10:59,605 - application.list_utils - DEBUG - get_userlists_by_parent [list_utils.py:271] - get_userlists_by_parent: lists found (parent_entry_id)26: [<UserList 12>]
2024-12-24 12:10:59,615 - application - DEBUG - after_request_time [__init__.py:42] - Request to /show_list/ took 0.03152894973754883 seconds
2024-12-24 12:10:59,615 - application - DEBUG - after_request_time [__init__.py:44] - view (after_request): map
2024-12-24 12:10:59,616 - application - DEBUG - after_request_time [__init__.py:46] - template (after_request): lists/list.html.jinja
2024-12-24 12:11:02,146 - application - DEBUG - after_request_time [__init__.py:42] - Request to /go_define_rooms_button took 0.0029129981994628906 seconds
2024-12-24 12:11:02,146 - application - DEBUG - after_request_time [__init__.py:44] - view (after_request): map
2024-12-24 12:11:02,147 - application - DEBUG - after_request_time [__init__.py:46] - template (after_request): homes/go_define_rooms_button.html.jinja
2024-12-24 12:11:08,125 - application.floors - DEBUG - set_active_floor [floors.py:43] - set_active_floor called with floor_id: 1
2024-12-24 12:11:08,132 - application.floors - DEBUG - set_active_floor [floors.py:54] - current_user.active_home.active_floor: <Floor 1>
2024-12-24 12:11:08,137 - application.floors - DEBUG - set_ground_floor [floors.py:73] - current_user.active_home.ground_floor: <Floor 1>
