2024-12-21 14:41:17,593 - logs.logging_config - DEBUG - configure_logging [logging_config.py:178] - Application logging configured
2024-12-21 14:41:17,595 - logs.logging_config - INFO - configure_logging [logging_config.py:187] - Application started in production environment
2024-12-21 14:41:17,595 - application - DEBUG - create_app [__init__.py:28] - test2
2024-12-21 14:41:18,139 - application - DEBUG - after_request_time [__init__.py:42] - Request to / took 0.009798049926757812 seconds
2024-12-21 14:41:18,140 - application - DEBUG - after_request_time [__init__.py:44] - view (after_request): map
2024-12-21 14:41:18,140 - application - DEBUG - after_request_time [__init__.py:46] - template (after_request): None
2024-12-21 14:41:18,173 - application.map - DEBUG - home_map [map.py:24] - map called with floor_id: 1
2024-12-21 14:41:18,183 - application.rooms - DEBUG - floor_room_check [rooms.py:165] - inside floor_room_check A: floor_id: 1, has_rooms: True
2024-12-21 14:41:18,185 - application.rooms - DEBUG - check_each_floor_for_rooms [rooms.py:172] - floor.rooms.count() <Floor 1> = 1
2024-12-21 14:41:18,187 - application.rooms - DEBUG - check_each_floor_for_rooms [rooms.py:172] - floor.rooms.count() <Floor 2> = 1
2024-12-21 14:41:18,191 - application.rooms - DEBUG - check_each_floor_for_rooms [rooms.py:172] - floor.rooms.count() <Floor 3> = 1
2024-12-21 14:41:18,192 - application.rooms - DEBUG - floor_room_check [rooms.py:167] - inside floor_room_check B: floor_id: 1, has_rooms: True
2024-12-21 14:41:18,192 - application.map - DEBUG - home_map [map.py:27] - room check: floor_id: 1, has_rooms: True
2024-12-21 14:41:18,193 - application.floors - DEBUG - set_active_floor [floors.py:41] - set_active_floor called with floor_id: 1
2024-12-21 14:41:18,204 - application.floors - DEBUG - set_active_floor [floors.py:52] - current_user.active_home.active_floor: <Floor 2>
2024-12-21 14:41:18,209 - application.list_utils - DEBUG - get_list_entries_for_item [list_utils.py:428] - found_entries for <Home 1>: [<UserListEntry 1>]
2024-12-21 14:41:18,214 - application.list_utils - DEBUG - get_list_entries_for_item [list_utils.py:436] - Entry: <UserListEntry 1>
2024-12-21 14:41:18,215 - application.list_utils - DEBUG - get_list_entries_for_item [list_utils.py:437] - Item Model: Home, Item ID: 1
2024-12-21 14:41:18,215 - application.list_utils - DEBUG - get_list_entries_for_item [list_utils.py:438] - User List ID: 1 User List Name: bob Homes
2024-12-21 14:41:18,215 - application.list_utils - DEBUG - get_list_entries_for_item [list_utils.py:439] - user: 1
2024-12-21 14:41:18,215 - application.list_utils - DEBUG - get_userlist [list_utils.py:308] - get_userlist(): item_model: Floor, list_name: None, parent_entry_id: 1
2024-12-21 14:41:18,218 - application.list_utils - DEBUG - get_userlist [list_utils.py:322] - lists found (model, parent): [<UserList 2>]
2024-12-21 14:41:18,219 - application.list_utils - DEBUG - get_userlist [list_utils.py:349] - len(lists) == 1: None Floor 1
2024-12-21 14:41:18,219 - application.list_utils - DEBUG - get_userlist [list_utils.py:368] - userlist.entries: [<UserListEntry 2>, <UserListEntry 3>, <UserListEntry 4>] List type: <class 'sqlalchemy.orm.collections.InstrumentedList'>
2024-12-21 14:41:18,219 - application.list_utils - DEBUG - get_userlist [list_utils.py:370] - List: test2 Floors, Order: 1
2024-12-21 14:41:18,220 - application.list_utils - DEBUG - get_userlist [list_utils.py:370] - List: test2 Floors, Order: 0
2024-12-21 14:41:18,220 - application.list_utils - DEBUG - get_userlist [list_utils.py:370] - List: test2 Floors, Order: 2
2024-12-21 14:41:18,220 - application.rooms - DEBUG - get_room_list [rooms.py:42] - floor_list: <UserList 2> (type: <class 'application.database.models.UserList'>)
2024-12-21 14:41:18,220 - application.rooms - DEBUG - get_room_list [rooms.py:43] - floor_list entries count: 3
2024-12-21 14:41:18,221 - application.rooms - DEBUG - get_room_list [rooms.py:50] - floor list get floor_entry.id: 2
2024-12-21 14:41:18,224 - application.rooms - DEBUG - get_room_list [rooms.py:51] - floor list get floor_entry.get_item().name: Main Floor
2024-12-21 14:41:18,229 - application.rooms - DEBUG - get_room_list [rooms.py:56] - room_list: <UserList 3> (type: <class 'application.database.models.UserList'>) parent: Main Floor
2024-12-21 14:41:18,229 - application.rooms - DEBUG - get_room_list [rooms.py:50] - floor list get floor_entry.id: 3
2024-12-21 14:41:18,229 - application.rooms - DEBUG - get_room_list [rooms.py:51] - floor list get floor_entry.get_item().name: 2nd Floor
2024-12-21 14:41:18,230 - application.rooms - DEBUG - get_room_list [rooms.py:56] - room_list: <UserList 4> (type: <class 'application.database.models.UserList'>) parent: 2nd Floor
2024-12-21 14:41:18,231 - application.rooms - DEBUG - get_room_list [rooms.py:50] - floor list get floor_entry.id: 4
2024-12-21 14:41:18,231 - application.rooms - DEBUG - get_room_list [rooms.py:51] - floor list get floor_entry.get_item().name: Basement 1
2024-12-21 14:41:18,233 - application.rooms - DEBUG - get_room_list [rooms.py:56] - room_list: <UserList 5> (type: <class 'application.database.models.UserList'>) parent: Basement 1
2024-12-21 14:41:18,233 - application.list_utils - DEBUG - get_list_entries_for_item [list_utils.py:428] - found_entries for <Home 1>: [<UserListEntry 1>]
2024-12-21 14:41:18,269 - application.list_utils - DEBUG - get_list_entries_for_item [list_utils.py:436] - Entry: <UserListEntry 1>
2024-12-21 14:41:18,269 - application.list_utils - DEBUG - get_list_entries_for_item [list_utils.py:437] - Item Model: Home, Item ID: 1
2024-12-21 14:41:18,269 - application.list_utils - DEBUG - get_list_entries_for_item [list_utils.py:438] - User List ID: 1 User List Name: bob Homes
2024-12-21 14:41:18,269 - application.list_utils - DEBUG - get_list_entries_for_item [list_utils.py:439] - user: 1
2024-12-21 14:41:18,269 - application.rooms - DEBUG - get_room_list [rooms.py:57] - get_userlist(Room, current_user.active_home.name:test2 current_user.active_home.active_floor.name:2nd Floor Rooms, get_list_entries_for_item(current_user.active_home)[0].id:1
2024-12-21 14:41:18,270 - application.list_utils - DEBUG - get_list_entries_for_item [list_utils.py:428] - found_entries for <Floor 2>: [<UserListEntry 3>]
2024-12-21 14:41:18,270 - application.list_utils - DEBUG - get_list_entries_for_item [list_utils.py:436] - Entry: <UserListEntry 3>
2024-12-21 14:41:18,270 - application.list_utils - DEBUG - get_list_entries_for_item [list_utils.py:437] - Item Model: Floor, Item ID: 2
2024-12-21 14:41:18,270 - application.list_utils - DEBUG - get_list_entries_for_item [list_utils.py:438] - User List ID: 2 User List Name: test2 Floors
2024-12-21 14:41:18,271 - application.list_utils - DEBUG - get_list_entries_for_item [list_utils.py:439] - user: 1
2024-12-21 14:41:18,271 - application.list_utils - DEBUG - get_userlist [list_utils.py:308] - get_userlist(): item_model: Room, list_name: None, parent_entry_id: 3
2024-12-21 14:41:18,272 - application.list_utils - DEBUG - get_userlist [list_utils.py:322] - lists found (model, parent): [<UserList 4>]
2024-12-21 14:41:18,272 - application.list_utils - DEBUG - get_userlist [list_utils.py:349] - len(lists) == 1: None Room 3
2024-12-21 14:41:18,272 - application.list_utils - DEBUG - get_userlist [list_utils.py:368] - userlist.entries: [<UserListEntry 24>] List type: <class 'sqlalchemy.orm.collections.InstrumentedList'>
2024-12-21 14:41:18,272 - application.list_utils - DEBUG - get_userlist [list_utils.py:370] - List: test2 2nd Floor Rooms, Order: 0
2024-12-21 14:41:18,272 - application.map - DEBUG - home_map [map.py:34] - floor_list MAP: <UserList 2>
2024-12-21 14:41:18,308 - application - DEBUG - after_request_time [__init__.py:42] - Request to /map/ took 0.13599300384521484 seconds
2024-12-21 14:41:18,308 - application - DEBUG - after_request_time [__init__.py:44] - view (after_request): map
2024-12-21 14:41:18,308 - application - DEBUG - after_request_time [__init__.py:46] - template (after_request): map/index.html.jinja
2024-12-21 14:41:18,369 - application - DEBUG - after_request_time [__init__.py:42] - Request to /static/css/main.css took 0.008625030517578125 seconds
2024-12-21 14:41:18,369 - application - DEBUG - after_request_time [__init__.py:44] - view (after_request): map
2024-12-21 14:41:18,372 - application - DEBUG - after_request_time [__init__.py:46] - template (after_request): None
2024-12-21 14:41:18,373 - application - DEBUG - after_request_time [__init__.py:42] - Request to /static/js/bundle.js took 0.0056340694427490234 seconds
2024-12-21 14:41:18,374 - application - DEBUG - after_request_time [__init__.py:44] - view (after_request): map
2024-12-21 14:41:18,375 - application - DEBUG - after_request_time [__init__.py:46] - template (after_request): None
2024-12-21 14:41:18,406 - application - DEBUG - after_request_time [__init__.py:42] - Request to /static/css/color-mode.css took 0.0020418167114257812 seconds
2024-12-21 14:41:18,407 - application - DEBUG - after_request_time [__init__.py:44] - view (after_request): map
2024-12-21 14:41:18,409 - application - DEBUG - after_request_time [__init__.py:46] - template (after_request): None
2024-12-21 14:41:18,413 - application - DEBUG - after_request_time [__init__.py:42] - Request to /static/css/flash-message.css took 0.003523111343383789 seconds
2024-12-21 14:41:18,414 - application - DEBUG - after_request_time [__init__.py:44] - view (after_request): map
2024-12-21 14:41:18,415 - application - DEBUG - after_request_time [__init__.py:46] - template (after_request): None
2024-12-21 14:41:18,416 - application - DEBUG - after_request_time [__init__.py:42] - Request to /static/css/sortables.css took 0.0015251636505126953 seconds
2024-12-21 14:41:18,419 - application - DEBUG - after_request_time [__init__.py:42] - Request to /static/css/typography.css took 0.0036978721618652344 seconds
2024-12-21 14:41:18,420 - application - DEBUG - after_request_time [__init__.py:44] - view (after_request): map
2024-12-21 14:41:18,422 - application - DEBUG - after_request_time [__init__.py:44] - view (after_request): map
2024-12-21 14:41:18,423 - application - DEBUG - after_request_time [__init__.py:46] - template (after_request): None
2024-12-21 14:41:18,423 - application - DEBUG - after_request_time [__init__.py:46] - template (after_request): None
2024-12-21 14:41:18,479 - application.list_utils - DEBUG - get_list_entries_for_item [list_utils.py:428] - found_entries for <Home 1>: [<UserListEntry 1>]
2024-12-21 14:41:18,480 - application.list_utils - DEBUG - get_list_entries_for_item [list_utils.py:415] - input_string: <Home 1>, item_model: Home, item_id: 1
2024-12-21 14:41:18,481 - application.list_utils - DEBUG - get_list_entries_for_item [list_utils.py:436] - Entry: <UserListEntry 1>
2024-12-21 14:41:18,483 - application.list_utils - DEBUG - get_list_entries_for_item [list_utils.py:428] - found_entries for <Floor 2>: [<UserListEntry 3>]
2024-12-21 14:41:18,483 - application.list_utils - DEBUG - get_list_entries_for_item [list_utils.py:437] - Item Model: Home, Item ID: 1
2024-12-21 14:41:18,484 - application.list_utils - DEBUG - get_list_entries_for_item [list_utils.py:428] - found_entries for <Home 1>: [<UserListEntry 1>]
2024-12-21 14:41:18,484 - application.list_utils - DEBUG - get_list_entries_for_item [list_utils.py:438] - User List ID: 1 User List Name: bob Homes
2024-12-21 14:41:18,486 - application.list_utils - DEBUG - get_list_entries_for_item [list_utils.py:436] - Entry: <UserListEntry 3>
2024-12-21 14:41:18,487 - application.list_utils - DEBUG - get_list_entries_for_item [list_utils.py:436] - Entry: <UserListEntry 1>
2024-12-21 14:41:18,487 - application.list_utils - DEBUG - get_list_entries_for_item [list_utils.py:439] - user: 1
2024-12-21 14:41:18,488 - application.list_utils - DEBUG - get_list_entries_for_item [list_utils.py:437] - Item Model: Floor, Item ID: 2
2024-12-21 14:41:18,488 - application.list_utils - DEBUG - get_list_entries_for_item [list_utils.py:437] - Item Model: Home, Item ID: 1
2024-12-21 14:41:18,489 - application.list_utils - DEBUG - get_userlist [list_utils.py:308] - get_userlist(): item_model: Floor, list_name: None, parent_entry_id: 1
2024-12-21 14:41:18,489 - application.list_utils - DEBUG - get_list_entries_for_item [list_utils.py:438] - User List ID: 2 User List Name: test2 Floors
2024-12-21 14:41:18,490 - application.list_utils - DEBUG - get_list_entries_for_item [list_utils.py:438] - User List ID: 1 User List Name: bob Homes
2024-12-21 14:41:18,491 - application.list_utils - DEBUG - get_list_entries_for_item [list_utils.py:439] - user: 1
2024-12-21 14:41:18,492 - application.list_utils - DEBUG - get_list_entries_for_item [list_utils.py:439] - user: 1
2024-12-21 14:41:18,492 - application.list_utils - DEBUG - get_userlist [list_utils.py:322] - lists found (model, parent): [<UserList 2>]
2024-12-21 14:41:18,492 - application.list_utils - DEBUG - get_userlist [list_utils.py:308] - get_userlist(): item_model: Room, list_name: None, parent_entry_id: 3
2024-12-21 14:41:18,493 - application.list_utils - DEBUG - get_top_userlists_by_root_parent [list_utils.py:279] - input root_parent_entry_id: 1 model: Task
2024-12-21 14:41:18,493 - application.list_utils - DEBUG - get_userlist [list_utils.py:349] - len(lists) == 1: None Floor 1
2024-12-21 14:41:18,497 - application.list_utils - DEBUG - get_userlist [list_utils.py:322] - lists found (model, parent): [<UserList 4>]
2024-12-21 14:41:18,497 - application.list_utils - DEBUG - get_userlist [list_utils.py:368] - userlist.entries: [<UserListEntry 2>, <UserListEntry 3>, <UserListEntry 4>] List type: <class 'sqlalchemy.orm.collections.InstrumentedList'>
2024-12-21 14:41:18,497 - application.list_utils - DEBUG - get_userlists_by_parent [list_utils.py:271] - get_userlists_by_parent: lists found (parent_entry_id)1: [<UserList 2>]
2024-12-21 14:41:18,498 - application.list_utils - DEBUG - get_userlist [list_utils.py:349] - len(lists) == 1: None Room 3
2024-12-21 14:41:18,498 - application.list_utils - DEBUG - get_userlist [list_utils.py:370] - List: test2 Floors, Order: 1
2024-12-21 14:41:18,499 - application.list_utils - DEBUG - get_userlist [list_utils.py:368] - userlist.entries: [<UserListEntry 24>] List type: <class 'sqlalchemy.orm.collections.InstrumentedList'>
2024-12-21 14:41:18,499 - application.list_utils - DEBUG - get_userlists_by_parent [list_utils.py:271] - get_userlists_by_parent: lists found (parent_entry_id)2: [<UserList 3>]
2024-12-21 14:41:18,499 - application.list_utils - DEBUG - get_userlist [list_utils.py:370] - List: test2 Floors, Order: 0
2024-12-21 14:41:18,499 - application.list_utils - DEBUG - get_userlist [list_utils.py:370] - List: test2 2nd Floor Rooms, Order: 0
2024-12-21 14:41:18,500 - application.list_utils - DEBUG - get_userlist [list_utils.py:370] - List: test2 Floors, Order: 2
2024-12-21 14:41:18,500 - application.list_utils - DEBUG - get_userlists_by_parent [list_utils.py:271] - get_userlists_by_parent: lists found (parent_entry_id)3: [<UserList 4>]
2024-12-21 14:41:18,503 - application.list_utils - DEBUG - get_userlists_by_parent [list_utils.py:271] - get_userlists_by_parent: lists found (parent_entry_id)24: [<UserList 9>]
2024-12-21 14:41:18,504 - application.list_utils - DEBUG - get_userlists_by_parent [list_utils.py:271] - get_userlists_by_parent: lists found (parent_entry_id)2: [<UserList 3>]
2024-12-21 14:41:18,504 - application.list_utils - DEBUG - get_userlists_by_parent [list_utils.py:271] - get_userlists_by_parent: lists found (parent_entry_id)4: [<UserList 5>]
2024-12-21 14:41:18,505 - application.list_utils - DEBUG - get_userlists_by_parent [list_utils.py:271] - get_userlists_by_parent: lists found (parent_entry_id)3: [<UserList 4>]
2024-12-21 14:41:18,534 - application.list_utils - DEBUG - get_userlists_by_parent [list_utils.py:271] - get_userlists_by_parent: lists found (parent_entry_id)22: [<UserList 7>]
2024-12-21 14:41:18,543 - application.list_utils - DEBUG - get_userlists_by_parent [list_utils.py:271] - get_userlists_by_parent: lists found (parent_entry_id)4: [<UserList 5>]
2024-12-21 14:41:18,545 - application.list_utils - DEBUG - get_userlists_by_parent [list_utils.py:271] - get_userlists_by_parent: lists found (parent_entry_id)24: [<UserList 9>]
2024-12-21 14:41:18,569 - application.list_utils - DEBUG - get_userlists_by_parent [list_utils.py:271] - get_userlists_by_parent: lists found (parent_entry_id)26: [<UserList 11>]
2024-12-21 14:41:18,604 - application.list_utils - DEBUG - get_userlists_by_parent [list_utils.py:271] - get_userlists_by_parent: lists found (parent_entry_id)21: [<UserList 8>]
2024-12-21 14:41:18,605 - application.list_utils - DEBUG - get_userlists_by_parent [list_utils.py:271] - get_userlists_by_parent: lists found (parent_entry_id)23: [<UserList 10>]
2024-12-21 14:41:18,608 - application - DEBUG - after_request_time [__init__.py:42] - Request to /show_list/ took 0.13669300079345703 seconds
2024-12-21 14:41:18,609 - application.list_utils - DEBUG - get_userlists_by_parent [list_utils.py:271] - get_userlists_by_parent: lists found (parent_entry_id)25: [<UserList 12>]
2024-12-21 14:41:18,609 - application.list_utils - DEBUG - get_top_userlists_by_root_parent [list_utils.py:294] - get_top_userlists_by_root_parent: No Task lists found for root_parent_entry_id 1
2024-12-21 14:41:18,609 - application - DEBUG - after_request_time [__init__.py:44] - view (after_request): map
2024-12-21 14:41:18,620 - application - DEBUG - after_request_time [__init__.py:42] - Request to /show_list/ took 0.14623212814331055 seconds
2024-12-21 14:41:18,633 - application - DEBUG - after_request_time [__init__.py:46] - template (after_request): lists/list.html.jinja
2024-12-21 14:41:18,633 - application - DEBUG - after_request_time [__init__.py:44] - view (after_request): map
2024-12-21 14:41:18,639 - application - DEBUG - after_request_time [__init__.py:42] - Request to /show_list/ took 0.1690518856048584 seconds
2024-12-21 14:41:18,641 - application - DEBUG - after_request_time [__init__.py:46] - template (after_request): None
2024-12-21 14:41:18,641 - application - DEBUG - after_request_time [__init__.py:44] - view (after_request): map
2024-12-21 14:41:18,644 - application - DEBUG - after_request_time [__init__.py:46] - template (after_request): lists/list.html.jinja
2024-12-21 14:41:18,690 - application.list_utils - DEBUG - get_list_entries_for_item [list_utils.py:428] - found_entries for <Photo 2>: [<UserListEntry 23>]
2024-12-21 14:41:18,691 - application.list_utils - DEBUG - get_list_entries_for_item [list_utils.py:436] - Entry: <UserListEntry 23>
2024-12-21 14:41:18,691 - application.list_utils - DEBUG - get_list_entries_for_item [list_utils.py:437] - Item Model: Photo, Item ID: 2
2024-12-21 14:41:18,691 - application.list_utils - DEBUG - get_list_entries_for_item [list_utils.py:438] - User List ID: 9 User List Name: Garage 1 Photos
2024-12-21 14:41:18,691 - application.list_utils - DEBUG - get_list_entries_for_item [list_utils.py:439] - user: 1
2024-12-21 14:41:18,725 - application - DEBUG - after_request_time [__init__.py:42] - Request to /show_photo_entry/2 took 0.03864598274230957 seconds
2024-12-21 14:41:18,725 - application - DEBUG - after_request_time [__init__.py:44] - view (after_request): map
2024-12-21 14:41:18,725 - application - DEBUG - after_request_time [__init__.py:46] - template (after_request): lists/model/photo.html.jinja
2024-12-21 14:41:18,741 - application - DEBUG - after_request_time [__init__.py:42] - Request to /static/defaults/generic_room.jpg took 0.0007379055023193359 seconds
2024-12-21 14:41:18,741 - application - DEBUG - after_request_time [__init__.py:44] - view (after_request): map
2024-12-21 14:41:18,741 - application - DEBUG - after_request_time [__init__.py:46] - template (after_request): None
2024-12-21 14:41:18,805 - application - DEBUG - after_request_time [__init__.py:42] - Request to /show_list/10 took 0.043543100357055664 seconds
2024-12-21 14:41:18,806 - application - DEBUG - after_request_time [__init__.py:44] - view (after_request): map
2024-12-21 14:41:18,806 - application - DEBUG - after_request_time [__init__.py:46] - template (after_request): lists/list.html.jinja
2024-12-21 14:41:20,781 - application.map - DEBUG - home_map [map.py:24] - map called with floor_id: 1
2024-12-21 14:41:20,782 - application.rooms - DEBUG - floor_room_check [rooms.py:165] - inside floor_room_check A: floor_id: 1, has_rooms: True
2024-12-21 14:41:20,785 - application.rooms - DEBUG - check_each_floor_for_rooms [rooms.py:172] - floor.rooms.count() <Floor 1> = 1
2024-12-21 14:41:20,787 - application.rooms - DEBUG - check_each_floor_for_rooms [rooms.py:172] - floor.rooms.count() <Floor 2> = 1
2024-12-21 14:41:20,789 - application.rooms - DEBUG - check_each_floor_for_rooms [rooms.py:172] - floor.rooms.count() <Floor 3> = 1
2024-12-21 14:41:20,791 - application.rooms - DEBUG - floor_room_check [rooms.py:167] - inside floor_room_check B: floor_id: 1, has_rooms: True
2024-12-21 14:41:20,791 - application.map - DEBUG - home_map [map.py:27] - room check: floor_id: 1, has_rooms: True
2024-12-21 14:41:20,791 - application.floors - DEBUG - set_active_floor [floors.py:41] - set_active_floor called with floor_id: 1
2024-12-21 14:41:20,797 - application.floors - DEBUG - set_active_floor [floors.py:52] - current_user.active_home.active_floor: <Floor 2>
2024-12-21 14:41:20,799 - application.list_utils - DEBUG - get_list_entries_for_item [list_utils.py:428] - found_entries for <Home 1>: [<UserListEntry 1>]
2024-12-21 14:41:20,800 - application.list_utils - DEBUG - get_list_entries_for_item [list_utils.py:436] - Entry: <UserListEntry 1>
2024-12-21 14:41:20,800 - application.list_utils - DEBUG - get_list_entries_for_item [list_utils.py:437] - Item Model: Home, Item ID: 1
2024-12-21 14:41:20,800 - application.list_utils - DEBUG - get_list_entries_for_item [list_utils.py:438] - User List ID: 1 User List Name: bob Homes
2024-12-21 14:41:20,800 - application.list_utils - DEBUG - get_list_entries_for_item [list_utils.py:439] - user: 1
2024-12-21 14:41:20,800 - application.list_utils - DEBUG - get_userlist [list_utils.py:308] - get_userlist(): item_model: Floor, list_name: None, parent_entry_id: 1
2024-12-21 14:41:20,802 - application.list_utils - DEBUG - get_userlist [list_utils.py:322] - lists found (model, parent): [<UserList 2>]
2024-12-21 14:41:20,802 - application.list_utils - DEBUG - get_userlist [list_utils.py:349] - len(lists) == 1: None Floor 1
2024-12-21 14:41:20,802 - application.list_utils - DEBUG - get_userlist [list_utils.py:368] - userlist.entries: [<UserListEntry 2>, <UserListEntry 3>, <UserListEntry 4>] List type: <class 'sqlalchemy.orm.collections.InstrumentedList'>
2024-12-21 14:41:20,802 - application.list_utils - DEBUG - get_userlist [list_utils.py:370] - List: test2 Floors, Order: 1
2024-12-21 14:41:20,803 - application.list_utils - DEBUG - get_userlist [list_utils.py:370] - List: test2 Floors, Order: 0
2024-12-21 14:41:20,803 - application.list_utils - DEBUG - get_userlist [list_utils.py:370] - List: test2 Floors, Order: 2
2024-12-21 14:41:20,803 - application.rooms - DEBUG - get_room_list [rooms.py:42] - floor_list: <UserList 2> (type: <class 'application.database.models.UserList'>)
2024-12-21 14:41:20,804 - application.rooms - DEBUG - get_room_list [rooms.py:43] - floor_list entries count: 3
2024-12-21 14:41:20,804 - application.rooms - DEBUG - get_room_list [rooms.py:50] - floor list get floor_entry.id: 2
2024-12-21 14:41:20,805 - application.rooms - DEBUG - get_room_list [rooms.py:51] - floor list get floor_entry.get_item().name: Main Floor
2024-12-21 14:41:20,806 - application.rooms - DEBUG - get_room_list [rooms.py:56] - room_list: <UserList 3> (type: <class 'application.database.models.UserList'>) parent: Main Floor
2024-12-21 14:41:20,806 - application.rooms - DEBUG - get_room_list [rooms.py:50] - floor list get floor_entry.id: 3
2024-12-21 14:41:20,807 - application.rooms - DEBUG - get_room_list [rooms.py:51] - floor list get floor_entry.get_item().name: 2nd Floor
2024-12-21 14:41:20,808 - application.rooms - DEBUG - get_room_list [rooms.py:56] - room_list: <UserList 4> (type: <class 'application.database.models.UserList'>) parent: 2nd Floor
2024-12-21 14:41:20,809 - application.rooms - DEBUG - get_room_list [rooms.py:50] - floor list get floor_entry.id: 4
2024-12-21 14:41:20,810 - application.rooms - DEBUG - get_room_list [rooms.py:51] - floor list get floor_entry.get_item().name: Basement 1
2024-12-21 14:41:20,813 - application.rooms - DEBUG - get_room_list [rooms.py:56] - room_list: <UserList 5> (type: <class 'application.database.models.UserList'>) parent: Basement 1
2024-12-21 14:41:20,814 - application.list_utils - DEBUG - get_list_entries_for_item [list_utils.py:428] - found_entries for <Home 1>: [<UserListEntry 1>]
2024-12-21 14:41:20,815 - application.list_utils - DEBUG - get_list_entries_for_item [list_utils.py:436] - Entry: <UserListEntry 1>
2024-12-21 14:41:20,815 - application.list_utils - DEBUG - get_list_entries_for_item [list_utils.py:437] - Item Model: Home, Item ID: 1
2024-12-21 14:41:20,815 - application.list_utils - DEBUG - get_list_entries_for_item [list_utils.py:438] - User List ID: 1 User List Name: bob Homes
2024-12-21 14:41:20,815 - application.list_utils - DEBUG - get_list_entries_for_item [list_utils.py:439] - user: 1
2024-12-21 14:41:20,816 - application.rooms - DEBUG - get_room_list [rooms.py:57] - get_userlist(Room, current_user.active_home.name:test2 current_user.active_home.active_floor.name:2nd Floor Rooms, get_list_entries_for_item(current_user.active_home)[0].id:1
2024-12-21 14:41:20,816 - application.list_utils - DEBUG - get_list_entries_for_item [list_utils.py:428] - found_entries for <Floor 2>: [<UserListEntry 3>]
2024-12-21 14:41:20,817 - application.list_utils - DEBUG - get_list_entries_for_item [list_utils.py:436] - Entry: <UserListEntry 3>
2024-12-21 14:41:20,817 - application.list_utils - DEBUG - get_list_entries_for_item [list_utils.py:437] - Item Model: Floor, Item ID: 2
2024-12-21 14:41:20,817 - application.list_utils - DEBUG - get_list_entries_for_item [list_utils.py:438] - User List ID: 2 User List Name: test2 Floors
2024-12-21 14:41:20,817 - application.list_utils - DEBUG - get_list_entries_for_item [list_utils.py:439] - user: 1
2024-12-21 14:41:20,818 - application.list_utils - DEBUG - get_userlist [list_utils.py:308] - get_userlist(): item_model: Room, list_name: None, parent_entry_id: 3
2024-12-21 14:41:20,819 - application.list_utils - DEBUG - get_userlist [list_utils.py:322] - lists found (model, parent): [<UserList 4>]
2024-12-21 14:41:20,821 - application.list_utils - DEBUG - get_userlist [list_utils.py:349] - len(lists) == 1: None Room 3
2024-12-21 14:41:20,822 - application.list_utils - DEBUG - get_userlist [list_utils.py:368] - userlist.entries: [<UserListEntry 24>] List type: <class 'sqlalchemy.orm.collections.InstrumentedList'>
2024-12-21 14:41:20,822 - application.list_utils - DEBUG - get_userlist [list_utils.py:370] - List: test2 2nd Floor Rooms, Order: 0
2024-12-21 14:41:20,823 - application.map - DEBUG - home_map [map.py:34] - floor_list MAP: <UserList 2>
2024-12-21 14:41:20,825 - application - DEBUG - after_request_time [__init__.py:42] - Request to /map/Floor/1 took 0.04434323310852051 seconds
2024-12-21 14:41:20,825 - application - DEBUG - after_request_time [__init__.py:44] - view (after_request): map
2024-12-21 14:41:20,825 - application - DEBUG - after_request_time [__init__.py:46] - template (after_request): map/index.html.jinja
2024-12-21 14:41:20,943 - application.list_utils - DEBUG - get_list_entries_for_item [list_utils.py:415] - input_string: <Home 1>, item_model: Home, item_id: 1
2024-12-21 14:41:20,950 - application.list_utils - DEBUG - get_list_entries_for_item [list_utils.py:428] - found_entries for <Home 1>: [<UserListEntry 1>]
2024-12-21 14:41:20,951 - application.list_utils - DEBUG - get_list_entries_for_item [list_utils.py:428] - found_entries for <Home 1>: [<UserListEntry 1>]
2024-12-21 14:41:20,953 - application.list_utils - DEBUG - get_list_entries_for_item [list_utils.py:428] - found_entries for <Floor 2>: [<UserListEntry 3>]
2024-12-21 14:41:20,954 - application.list_utils - DEBUG - get_list_entries_for_item [list_utils.py:436] - Entry: <UserListEntry 1>
2024-12-21 14:41:20,955 - application.list_utils - DEBUG - get_list_entries_for_item [list_utils.py:436] - Entry: <UserListEntry 1>
2024-12-21 14:41:20,955 - application.list_utils - DEBUG - get_list_entries_for_item [list_utils.py:436] - Entry: <UserListEntry 3>
2024-12-21 14:41:20,955 - application.list_utils - DEBUG - get_list_entries_for_item [list_utils.py:437] - Item Model: Home, Item ID: 1
2024-12-21 14:41:20,956 - application.list_utils - DEBUG - get_list_entries_for_item [list_utils.py:437] - Item Model: Home, Item ID: 1
2024-12-21 14:41:20,956 - application.list_utils - DEBUG - get_list_entries_for_item [list_utils.py:437] - Item Model: Floor, Item ID: 2
2024-12-21 14:41:20,956 - application.list_utils - DEBUG - get_list_entries_for_item [list_utils.py:438] - User List ID: 1 User List Name: bob Homes
2024-12-21 14:41:20,957 - application.list_utils - DEBUG - get_list_entries_for_item [list_utils.py:438] - User List ID: 1 User List Name: bob Homes
2024-12-21 14:41:20,957 - application.list_utils - DEBUG - get_list_entries_for_item [list_utils.py:438] - User List ID: 2 User List Name: test2 Floors
2024-12-21 14:41:20,957 - application.list_utils - DEBUG - get_list_entries_for_item [list_utils.py:439] - user: 1
2024-12-21 14:41:20,957 - application.list_utils - DEBUG - get_list_entries_for_item [list_utils.py:439] - user: 1
2024-12-21 14:41:20,957 - application.list_utils - DEBUG - get_list_entries_for_item [list_utils.py:439] - user: 1
2024-12-21 14:41:20,958 - application.list_utils - DEBUG - get_top_userlists_by_root_parent [list_utils.py:279] - input root_parent_entry_id: 1 model: Task
2024-12-21 14:41:20,958 - application.list_utils - DEBUG - get_userlist [list_utils.py:308] - get_userlist(): item_model: Floor, list_name: None, parent_entry_id: 1
2024-12-21 14:41:20,958 - application.list_utils - DEBUG - get_userlist [list_utils.py:308] - get_userlist(): item_model: Room, list_name: None, parent_entry_id: 3
2024-12-21 14:41:20,960 - application.list_utils - DEBUG - get_userlists_by_parent [list_utils.py:271] - get_userlists_by_parent: lists found (parent_entry_id)1: [<UserList 2>]
2024-12-21 14:41:20,961 - application.list_utils - DEBUG - get_userlist [list_utils.py:322] - lists found (model, parent): [<UserList 2>]
2024-12-21 14:41:20,962 - application.list_utils - DEBUG - get_userlist [list_utils.py:322] - lists found (model, parent): [<UserList 4>]
2024-12-21 14:41:20,963 - application.list_utils - DEBUG - get_userlist [list_utils.py:349] - len(lists) == 1: None Floor 1
2024-12-21 14:41:20,963 - application.list_utils - DEBUG - get_userlists_by_parent [list_utils.py:271] - get_userlists_by_parent: lists found (parent_entry_id)2: [<UserList 3>]
2024-12-21 14:41:20,963 - application.list_utils - DEBUG - get_userlist [list_utils.py:349] - len(lists) == 1: None Room 3
2024-12-21 14:41:20,963 - application.list_utils - DEBUG - get_userlist [list_utils.py:368] - userlist.entries: [<UserListEntry 2>, <UserListEntry 3>, <UserListEntry 4>] List type: <class 'sqlalchemy.orm.collections.InstrumentedList'>
2024-12-21 14:41:20,964 - application.list_utils - DEBUG - get_userlists_by_parent [list_utils.py:271] - get_userlists_by_parent: lists found (parent_entry_id)3: [<UserList 4>]
2024-12-21 14:41:20,965 - application.list_utils - DEBUG - get_userlist [list_utils.py:368] - userlist.entries: [<UserListEntry 24>] List type: <class 'sqlalchemy.orm.collections.InstrumentedList'>
2024-12-21 14:41:20,965 - application.list_utils - DEBUG - get_userlist [list_utils.py:370] - List: test2 Floors, Order: 1
2024-12-21 14:41:20,966 - application.list_utils - DEBUG - get_userlist [list_utils.py:370] - List: test2 2nd Floor Rooms, Order: 0
2024-12-21 14:41:20,966 - application.list_utils - DEBUG - get_userlists_by_parent [list_utils.py:271] - get_userlists_by_parent: lists found (parent_entry_id)4: [<UserList 5>]
2024-12-21 14:41:20,966 - application.list_utils - DEBUG - get_userlist [list_utils.py:370] - List: test2 Floors, Order: 0
2024-12-21 14:41:20,969 - application.list_utils - DEBUG - get_userlists_by_parent [list_utils.py:271] - get_userlists_by_parent: lists found (parent_entry_id)24: [<UserList 9>]
2024-12-21 14:41:20,969 - application.list_utils - DEBUG - get_userlists_by_parent [list_utils.py:271] - get_userlists_by_parent: lists found (parent_entry_id)22: [<UserList 7>]
2024-12-21 14:41:20,969 - application.list_utils - DEBUG - get_userlist [list_utils.py:370] - List: test2 Floors, Order: 2
2024-12-21 14:41:20,972 - application.list_utils - DEBUG - get_userlists_by_parent [list_utils.py:271] - get_userlists_by_parent: lists found (parent_entry_id)24: [<UserList 9>]
2024-12-21 14:41:20,973 - application.list_utils - DEBUG - get_userlists_by_parent [list_utils.py:271] - get_userlists_by_parent: lists found (parent_entry_id)2: [<UserList 3>]
2024-12-21 14:41:20,974 - application - DEBUG - after_request_time [__init__.py:42] - Request to /show_list/ took 0.030331134796142578 seconds
2024-12-21 14:41:20,974 - application - DEBUG - after_request_time [__init__.py:44] - view (after_request): map
2024-12-21 14:41:20,975 - application.list_utils - DEBUG - get_userlists_by_parent [list_utils.py:271] - get_userlists_by_parent: lists found (parent_entry_id)26: [<UserList 11>]
2024-12-21 14:41:20,975 - application.list_utils - DEBUG - get_userlists_by_parent [list_utils.py:271] - get_userlists_by_parent: lists found (parent_entry_id)3: [<UserList 4>]
2024-12-21 14:41:20,976 - application - DEBUG - after_request_time [__init__.py:46] - template (after_request): lists/list.html.jinja
2024-12-21 14:41:20,976 - application.list_utils - DEBUG - get_userlists_by_parent [list_utils.py:271] - get_userlists_by_parent: lists found (parent_entry_id)21: [<UserList 8>]
2024-12-21 14:41:20,979 - application.list_utils - DEBUG - get_userlists_by_parent [list_utils.py:271] - get_userlists_by_parent: lists found (parent_entry_id)4: [<UserList 5>]
2024-12-21 14:41:20,979 - application.list_utils - DEBUG - get_userlists_by_parent [list_utils.py:271] - get_userlists_by_parent: lists found (parent_entry_id)23: [<UserList 10>]
2024-12-21 14:41:20,983 - application.list_utils - DEBUG - get_userlists_by_parent [list_utils.py:271] - get_userlists_by_parent: lists found (parent_entry_id)25: [<UserList 12>]
2024-12-21 14:41:20,985 - application.list_utils - DEBUG - get_top_userlists_by_root_parent [list_utils.py:294] - get_top_userlists_by_root_parent: No Task lists found for root_parent_entry_id 1
2024-12-21 14:41:20,985 - application - DEBUG - after_request_time [__init__.py:42] - Request to /show_list/ took 0.041680097579956055 seconds
2024-12-21 14:41:20,986 - application - DEBUG - after_request_time [__init__.py:44] - view (after_request): map
2024-12-21 14:41:20,986 - application - DEBUG - after_request_time [__init__.py:42] - Request to /show_list/ took 0.0477907657623291 seconds
2024-12-21 14:41:20,988 - application - DEBUG - after_request_time [__init__.py:46] - template (after_request): lists/list.html.jinja
2024-12-21 14:41:20,988 - application - DEBUG - after_request_time [__init__.py:44] - view (after_request): map
2024-12-21 14:41:20,989 - application - DEBUG - after_request_time [__init__.py:46] - template (after_request): None
2024-12-21 14:41:21,023 - application.list_utils - DEBUG - get_list_entries_for_item [list_utils.py:428] - found_entries for <Photo 2>: [<UserListEntry 23>]
2024-12-21 14:41:21,023 - application.list_utils - DEBUG - get_list_entries_for_item [list_utils.py:436] - Entry: <UserListEntry 23>
2024-12-21 14:41:21,024 - application.list_utils - DEBUG - get_list_entries_for_item [list_utils.py:437] - Item Model: Photo, Item ID: 2
2024-12-21 14:41:21,024 - application.list_utils - DEBUG - get_list_entries_for_item [list_utils.py:438] - User List ID: 9 User List Name: Garage 1 Photos
2024-12-21 14:41:21,024 - application.list_utils - DEBUG - get_list_entries_for_item [list_utils.py:439] - user: 1
2024-12-21 14:41:21,026 - application - DEBUG - after_request_time [__init__.py:42] - Request to /show_photo_entry/2 took 0.005187034606933594 seconds
2024-12-21 14:41:21,026 - application - DEBUG - after_request_time [__init__.py:44] - view (after_request): map
2024-12-21 14:41:21,026 - application - DEBUG - after_request_time [__init__.py:46] - template (after_request): lists/model/photo.html.jinja
2024-12-21 14:41:21,075 - application - DEBUG - after_request_time [__init__.py:42] - Request to /show_list/10 took 0.012237787246704102 seconds
2024-12-21 14:41:21,076 - application - DEBUG - after_request_time [__init__.py:44] - view (after_request): map
2024-12-21 14:41:21,076 - application - DEBUG - after_request_time [__init__.py:46] - template (after_request): lists/list.html.jinja
2024-12-21 14:41:21,897 - application.map - DEBUG - home_map [map.py:24] - map called with floor_id: 3
2024-12-21 14:41:21,899 - application.rooms - DEBUG - floor_room_check [rooms.py:165] - inside floor_room_check A: floor_id: 3, has_rooms: True
2024-12-21 14:41:21,900 - application.rooms - DEBUG - check_each_floor_for_rooms [rooms.py:172] - floor.rooms.count() <Floor 1> = 1
2024-12-21 14:41:21,901 - application.rooms - DEBUG - check_each_floor_for_rooms [rooms.py:172] - floor.rooms.count() <Floor 2> = 1
2024-12-21 14:41:21,905 - application.rooms - DEBUG - check_each_floor_for_rooms [rooms.py:172] - floor.rooms.count() <Floor 3> = 1
2024-12-21 14:41:21,906 - application.rooms - DEBUG - floor_room_check [rooms.py:167] - inside floor_room_check B: floor_id: 3, has_rooms: True
2024-12-21 14:41:21,906 - application.map - DEBUG - home_map [map.py:27] - room check: floor_id: 3, has_rooms: True
2024-12-21 14:41:21,906 - application.floors - DEBUG - set_active_floor [floors.py:41] - set_active_floor called with floor_id: 3
2024-12-21 14:41:21,910 - application.floors - DEBUG - set_active_floor [floors.py:52] - current_user.active_home.active_floor: <Floor 2>
2024-12-21 14:41:21,911 - application.list_utils - DEBUG - get_list_entries_for_item [list_utils.py:428] - found_entries for <Home 1>: [<UserListEntry 1>]
2024-12-21 14:41:21,912 - application.list_utils - DEBUG - get_list_entries_for_item [list_utils.py:436] - Entry: <UserListEntry 1>
2024-12-21 14:41:21,912 - application.list_utils - DEBUG - get_list_entries_for_item [list_utils.py:437] - Item Model: Home, Item ID: 1
2024-12-21 14:41:21,912 - application.list_utils - DEBUG - get_list_entries_for_item [list_utils.py:438] - User List ID: 1 User List Name: bob Homes
2024-12-21 14:41:21,912 - application.list_utils - DEBUG - get_list_entries_for_item [list_utils.py:439] - user: 1
2024-12-21 14:41:21,913 - application.list_utils - DEBUG - get_userlist [list_utils.py:308] - get_userlist(): item_model: Floor, list_name: None, parent_entry_id: 1
2024-12-21 14:41:21,914 - application.list_utils - DEBUG - get_userlist [list_utils.py:322] - lists found (model, parent): [<UserList 2>]
2024-12-21 14:41:21,914 - application.list_utils - DEBUG - get_userlist [list_utils.py:349] - len(lists) == 1: None Floor 1
2024-12-21 14:41:21,914 - application.list_utils - DEBUG - get_userlist [list_utils.py:368] - userlist.entries: [<UserListEntry 2>, <UserListEntry 3>, <UserListEntry 4>] List type: <class 'sqlalchemy.orm.collections.InstrumentedList'>
2024-12-21 14:41:21,914 - application.list_utils - DEBUG - get_userlist [list_utils.py:370] - List: test2 Floors, Order: 1
2024-12-21 14:41:21,914 - application.list_utils - DEBUG - get_userlist [list_utils.py:370] - List: test2 Floors, Order: 0
2024-12-21 14:41:21,914 - application.list_utils - DEBUG - get_userlist [list_utils.py:370] - List: test2 Floors, Order: 2
2024-12-21 14:41:21,915 - application.rooms - DEBUG - get_room_list [rooms.py:42] - floor_list: <UserList 2> (type: <class 'application.database.models.UserList'>)
2024-12-21 14:41:21,915 - application.rooms - DEBUG - get_room_list [rooms.py:43] - floor_list entries count: 3
2024-12-21 14:41:21,915 - application.rooms - DEBUG - get_room_list [rooms.py:50] - floor list get floor_entry.id: 2
2024-12-21 14:41:21,915 - application.rooms - DEBUG - get_room_list [rooms.py:51] - floor list get floor_entry.get_item().name: Main Floor
2024-12-21 14:41:21,917 - application.rooms - DEBUG - get_room_list [rooms.py:56] - room_list: <UserList 3> (type: <class 'application.database.models.UserList'>) parent: Main Floor
2024-12-21 14:41:21,917 - application.rooms - DEBUG - get_room_list [rooms.py:50] - floor list get floor_entry.id: 3
2024-12-21 14:41:21,917 - application.rooms - DEBUG - get_room_list [rooms.py:51] - floor list get floor_entry.get_item().name: 2nd Floor
2024-12-21 14:41:21,918 - application.rooms - DEBUG - get_room_list [rooms.py:56] - room_list: <UserList 4> (type: <class 'application.database.models.UserList'>) parent: 2nd Floor
2024-12-21 14:41:21,919 - application.rooms - DEBUG - get_room_list [rooms.py:50] - floor list get floor_entry.id: 4
2024-12-21 14:41:21,920 - application.rooms - DEBUG - get_room_list [rooms.py:51] - floor list get floor_entry.get_item().name: Basement 1
2024-12-21 14:41:21,921 - application.rooms - DEBUG - get_room_list [rooms.py:56] - room_list: <UserList 5> (type: <class 'application.database.models.UserList'>) parent: Basement 1
2024-12-21 14:41:21,922 - application.list_utils - DEBUG - get_list_entries_for_item [list_utils.py:428] - found_entries for <Home 1>: [<UserListEntry 1>]
2024-12-21 14:41:21,922 - application.list_utils - DEBUG - get_list_entries_for_item [list_utils.py:436] - Entry: <UserListEntry 1>
2024-12-21 14:41:21,923 - application.list_utils - DEBUG - get_list_entries_for_item [list_utils.py:437] - Item Model: Home, Item ID: 1
2024-12-21 14:41:21,923 - application.list_utils - DEBUG - get_list_entries_for_item [list_utils.py:438] - User List ID: 1 User List Name: bob Homes
2024-12-21 14:41:21,923 - application.list_utils - DEBUG - get_list_entries_for_item [list_utils.py:439] - user: 1
2024-12-21 14:41:21,923 - application.rooms - DEBUG - get_room_list [rooms.py:57] - get_userlist(Room, current_user.active_home.name:test2 current_user.active_home.active_floor.name:2nd Floor Rooms, get_list_entries_for_item(current_user.active_home)[0].id:1
2024-12-21 14:41:21,924 - application.list_utils - DEBUG - get_list_entries_for_item [list_utils.py:428] - found_entries for <Floor 2>: [<UserListEntry 3>]
2024-12-21 14:41:21,924 - application.list_utils - DEBUG - get_list_entries_for_item [list_utils.py:436] - Entry: <UserListEntry 3>
2024-12-21 14:41:21,924 - application.list_utils - DEBUG - get_list_entries_for_item [list_utils.py:437] - Item Model: Floor, Item ID: 2
2024-12-21 14:41:21,924 - application.list_utils - DEBUG - get_list_entries_for_item [list_utils.py:438] - User List ID: 2 User List Name: test2 Floors
2024-12-21 14:41:21,924 - application.list_utils - DEBUG - get_list_entries_for_item [list_utils.py:439] - user: 1
2024-12-21 14:41:21,924 - application.list_utils - DEBUG - get_userlist [list_utils.py:308] - get_userlist(): item_model: Room, list_name: None, parent_entry_id: 3
2024-12-21 14:41:21,925 - application.list_utils - DEBUG - get_userlist [list_utils.py:322] - lists found (model, parent): [<UserList 4>]
2024-12-21 14:41:21,925 - application.list_utils - DEBUG - get_userlist [list_utils.py:349] - len(lists) == 1: None Room 3
2024-12-21 14:41:21,925 - application.list_utils - DEBUG - get_userlist [list_utils.py:368] - userlist.entries: [<UserListEntry 24>] List type: <class 'sqlalchemy.orm.collections.InstrumentedList'>
2024-12-21 14:41:21,926 - application.list_utils - DEBUG - get_userlist [list_utils.py:370] - List: test2 2nd Floor Rooms, Order: 0
2024-12-21 14:41:21,926 - application.map - DEBUG - home_map [map.py:34] - floor_list MAP: <UserList 2>
2024-12-21 14:41:21,927 - application - DEBUG - after_request_time [__init__.py:42] - Request to /map/Floor/3 took 0.0305788516998291 seconds
2024-12-21 14:41:21,927 - application - DEBUG - after_request_time [__init__.py:44] - view (after_request): map
2024-12-21 14:41:21,927 - application - DEBUG - after_request_time [__init__.py:46] - template (after_request): map/index.html.jinja
2024-12-21 14:41:21,986 - application.list_utils - DEBUG - get_list_entries_for_item [list_utils.py:428] - found_entries for <Home 1>: [<UserListEntry 1>]
2024-12-21 14:41:21,992 - application.list_utils - DEBUG - get_list_entries_for_item [list_utils.py:436] - Entry: <UserListEntry 1>
2024-12-21 14:41:21,994 - application.list_utils - DEBUG - get_list_entries_for_item [list_utils.py:415] - input_string: <Home 1>, item_model: Home, item_id: 1
2024-12-21 14:41:21,995 - application.list_utils - DEBUG - get_list_entries_for_item [list_utils.py:437] - Item Model: Home, Item ID: 1
2024-12-21 14:41:21,995 - application.list_utils - DEBUG - get_list_entries_for_item [list_utils.py:428] - found_entries for <Floor 2>: [<UserListEntry 3>]
2024-12-21 14:41:21,996 - application.list_utils - DEBUG - get_list_entries_for_item [list_utils.py:438] - User List ID: 1 User List Name: bob Homes
2024-12-21 14:41:21,997 - application.list_utils - DEBUG - get_list_entries_for_item [list_utils.py:428] - found_entries for <Home 1>: [<UserListEntry 1>]
2024-12-21 14:41:21,997 - application.list_utils - DEBUG - get_list_entries_for_item [list_utils.py:439] - user: 1
2024-12-21 14:41:21,998 - application.list_utils - DEBUG - get_list_entries_for_item [list_utils.py:436] - Entry: <UserListEntry 3>
2024-12-21 14:41:21,998 - application.list_utils - DEBUG - get_userlist [list_utils.py:308] - get_userlist(): item_model: Floor, list_name: None, parent_entry_id: 1
2024-12-21 14:41:21,999 - application.list_utils - DEBUG - get_list_entries_for_item [list_utils.py:436] - Entry: <UserListEntry 1>
2024-12-21 14:41:21,999 - application.list_utils - DEBUG - get_list_entries_for_item [list_utils.py:437] - Item Model: Floor, Item ID: 2
2024-12-21 14:41:22,000 - application.list_utils - DEBUG - get_list_entries_for_item [list_utils.py:437] - Item Model: Home, Item ID: 1
2024-12-21 14:41:22,001 - application.list_utils - DEBUG - get_userlist [list_utils.py:322] - lists found (model, parent): [<UserList 2>]
2024-12-21 14:41:22,001 - application.list_utils - DEBUG - get_list_entries_for_item [list_utils.py:438] - User List ID: 2 User List Name: test2 Floors
2024-12-21 14:41:22,001 - application.list_utils - DEBUG - get_list_entries_for_item [list_utils.py:438] - User List ID: 1 User List Name: bob Homes
2024-12-21 14:41:22,001 - application.list_utils - DEBUG - get_userlist [list_utils.py:349] - len(lists) == 1: None Floor 1
2024-12-21 14:41:22,002 - application.list_utils - DEBUG - get_list_entries_for_item [list_utils.py:439] - user: 1
2024-12-21 14:41:22,002 - application.list_utils - DEBUG - get_list_entries_for_item [list_utils.py:439] - user: 1
2024-12-21 14:41:22,002 - application.list_utils - DEBUG - get_userlist [list_utils.py:368] - userlist.entries: [<UserListEntry 2>, <UserListEntry 3>, <UserListEntry 4>] List type: <class 'sqlalchemy.orm.collections.InstrumentedList'>
2024-12-21 14:41:22,003 - application.list_utils - DEBUG - get_userlist [list_utils.py:308] - get_userlist(): item_model: Room, list_name: None, parent_entry_id: 3
2024-12-21 14:41:22,003 - application.list_utils - DEBUG - get_top_userlists_by_root_parent [list_utils.py:279] - input root_parent_entry_id: 1 model: Task
2024-12-21 14:41:22,003 - application.list_utils - DEBUG - get_userlist [list_utils.py:370] - List: test2 Floors, Order: 1
2024-12-21 14:41:22,005 - application.list_utils - DEBUG - get_userlist [list_utils.py:322] - lists found (model, parent): [<UserList 4>]
2024-12-21 14:41:22,005 - application.list_utils - DEBUG - get_userlist [list_utils.py:370] - List: test2 Floors, Order: 0
2024-12-21 14:41:22,005 - application.list_utils - DEBUG - get_userlists_by_parent [list_utils.py:271] - get_userlists_by_parent: lists found (parent_entry_id)1: [<UserList 2>]
2024-12-21 14:41:22,006 - application.list_utils - DEBUG - get_userlist [list_utils.py:349] - len(lists) == 1: None Room 3
2024-12-21 14:41:22,006 - application.list_utils - DEBUG - get_userlist [list_utils.py:370] - List: test2 Floors, Order: 2
2024-12-21 14:41:22,007 - application.list_utils - DEBUG - get_userlist [list_utils.py:368] - userlist.entries: [<UserListEntry 24>] List type: <class 'sqlalchemy.orm.collections.InstrumentedList'>
2024-12-21 14:41:22,007 - application.list_utils - DEBUG - get_userlists_by_parent [list_utils.py:271] - get_userlists_by_parent: lists found (parent_entry_id)2: [<UserList 3>]
2024-12-21 14:41:22,008 - application.list_utils - DEBUG - get_userlist [list_utils.py:370] - List: test2 2nd Floor Rooms, Order: 0
2024-12-21 14:41:22,008 - application.list_utils - DEBUG - get_userlists_by_parent [list_utils.py:271] - get_userlists_by_parent: lists found (parent_entry_id)2: [<UserList 3>]
2024-12-21 14:41:22,009 - application.list_utils - DEBUG - get_userlists_by_parent [list_utils.py:271] - get_userlists_by_parent: lists found (parent_entry_id)3: [<UserList 4>]
2024-12-21 14:41:22,010 - application.list_utils - DEBUG - get_userlists_by_parent [list_utils.py:271] - get_userlists_by_parent: lists found (parent_entry_id)24: [<UserList 9>]
2024-12-21 14:41:22,011 - application.list_utils - DEBUG - get_userlists_by_parent [list_utils.py:271] - get_userlists_by_parent: lists found (parent_entry_id)3: [<UserList 4>]
2024-12-21 14:41:22,012 - application.list_utils - DEBUG - get_userlists_by_parent [list_utils.py:271] - get_userlists_by_parent: lists found (parent_entry_id)4: [<UserList 5>]
2024-12-21 14:41:22,014 - application.list_utils - DEBUG - get_userlists_by_parent [list_utils.py:271] - get_userlists_by_parent: lists found (parent_entry_id)4: [<UserList 5>]
2024-12-21 14:41:22,016 - application.list_utils - DEBUG - get_userlists_by_parent [list_utils.py:271] - get_userlists_by_parent: lists found (parent_entry_id)22: [<UserList 7>]
2024-12-21 14:41:22,018 - application - DEBUG - after_request_time [__init__.py:42] - Request to /show_list/ took 0.03115105628967285 seconds
2024-12-21 14:41:22,020 - application - DEBUG - after_request_time [__init__.py:44] - view (after_request): map
2024-12-21 14:41:22,021 - application - DEBUG - after_request_time [__init__.py:46] - template (after_request): lists/list.html.jinja
2024-12-21 14:41:22,022 - application.list_utils - DEBUG - get_userlists_by_parent [list_utils.py:271] - get_userlists_by_parent: lists found (parent_entry_id)24: [<UserList 9>]
2024-12-21 14:41:22,023 - application - DEBUG - after_request_time [__init__.py:42] - Request to /show_list/ took 0.04226398468017578 seconds
2024-12-21 14:41:22,025 - application.list_utils - DEBUG - get_userlists_by_parent [list_utils.py:271] - get_userlists_by_parent: lists found (parent_entry_id)26: [<UserList 11>]
2024-12-21 14:41:22,024 - application - DEBUG - after_request_time [__init__.py:44] - view (after_request): map
2024-12-21 14:41:22,025 - application - DEBUG - after_request_time [__init__.py:46] - template (after_request): lists/list.html.jinja
2024-12-21 14:41:22,027 - application.list_utils - DEBUG - get_userlists_by_parent [list_utils.py:271] - get_userlists_by_parent: lists found (parent_entry_id)21: [<UserList 8>]
2024-12-21 14:41:22,029 - application.list_utils - DEBUG - get_userlists_by_parent [list_utils.py:271] - get_userlists_by_parent: lists found (parent_entry_id)23: [<UserList 10>]
2024-12-21 14:41:22,033 - application.list_utils - DEBUG - get_userlists_by_parent [list_utils.py:271] - get_userlists_by_parent: lists found (parent_entry_id)25: [<UserList 12>]
2024-12-21 14:41:22,034 - application.list_utils - DEBUG - get_top_userlists_by_root_parent [list_utils.py:294] - get_top_userlists_by_root_parent: No Task lists found for root_parent_entry_id 1
2024-12-21 14:41:22,034 - application - DEBUG - after_request_time [__init__.py:42] - Request to /show_list/ took 0.04133415222167969 seconds
2024-12-21 14:41:22,035 - application - DEBUG - after_request_time [__init__.py:44] - view (after_request): map
2024-12-21 14:41:22,035 - application - DEBUG - after_request_time [__init__.py:46] - template (after_request): None
2024-12-21 14:41:22,063 - application.list_utils - DEBUG - get_list_entries_for_item [list_utils.py:428] - found_entries for <Photo 2>: [<UserListEntry 23>]
2024-12-21 14:41:22,064 - application.list_utils - DEBUG - get_list_entries_for_item [list_utils.py:436] - Entry: <UserListEntry 23>
2024-12-21 14:41:22,064 - application.list_utils - DEBUG - get_list_entries_for_item [list_utils.py:437] - Item Model: Photo, Item ID: 2
2024-12-21 14:41:22,064 - application.list_utils - DEBUG - get_list_entries_for_item [list_utils.py:438] - User List ID: 9 User List Name: Garage 1 Photos
2024-12-21 14:41:22,064 - application.list_utils - DEBUG - get_list_entries_for_item [list_utils.py:439] - user: 1
2024-12-21 14:41:22,066 - application - DEBUG - after_request_time [__init__.py:42] - Request to /show_photo_entry/2 took 0.005207061767578125 seconds
2024-12-21 14:41:22,066 - application - DEBUG - after_request_time [__init__.py:44] - view (after_request): map
2024-12-21 14:41:22,066 - application - DEBUG - after_request_time [__init__.py:46] - template (after_request): lists/model/photo.html.jinja
2024-12-21 14:41:22,113 - application - DEBUG - after_request_time [__init__.py:42] - Request to /show_list/10 took 0.013270854949951172 seconds
2024-12-21 14:41:22,114 - application - DEBUG - after_request_time [__init__.py:44] - view (after_request): map
2024-12-21 14:41:22,114 - application - DEBUG - after_request_time [__init__.py:46] - template (after_request): lists/list.html.jinja
2024-12-21 14:41:22,798 - application.map - DEBUG - home_map [map.py:24] - map called with floor_id: 1
2024-12-21 14:41:22,799 - application.rooms - DEBUG - floor_room_check [rooms.py:165] - inside floor_room_check A: floor_id: 1, has_rooms: True
2024-12-21 14:41:22,801 - application.rooms - DEBUG - check_each_floor_for_rooms [rooms.py:172] - floor.rooms.count() <Floor 1> = 1
2024-12-21 14:41:22,802 - application.rooms - DEBUG - check_each_floor_for_rooms [rooms.py:172] - floor.rooms.count() <Floor 2> = 1
2024-12-21 14:41:22,804 - application.rooms - DEBUG - check_each_floor_for_rooms [rooms.py:172] - floor.rooms.count() <Floor 3> = 1
2024-12-21 14:41:22,805 - application.rooms - DEBUG - floor_room_check [rooms.py:167] - inside floor_room_check B: floor_id: 1, has_rooms: True
2024-12-21 14:41:22,805 - application.map - DEBUG - home_map [map.py:27] - room check: floor_id: 1, has_rooms: True
2024-12-21 14:41:22,805 - application.floors - DEBUG - set_active_floor [floors.py:41] - set_active_floor called with floor_id: 1
2024-12-21 14:41:22,810 - application.floors - DEBUG - set_active_floor [floors.py:52] - current_user.active_home.active_floor: <Floor 2>
2024-12-21 14:41:22,811 - application.list_utils - DEBUG - get_list_entries_for_item [list_utils.py:428] - found_entries for <Home 1>: [<UserListEntry 1>]
2024-12-21 14:41:22,811 - application.list_utils - DEBUG - get_list_entries_for_item [list_utils.py:436] - Entry: <UserListEntry 1>
2024-12-21 14:41:22,812 - application.list_utils - DEBUG - get_list_entries_for_item [list_utils.py:437] - Item Model: Home, Item ID: 1
2024-12-21 14:41:22,812 - application.list_utils - DEBUG - get_list_entries_for_item [list_utils.py:438] - User List ID: 1 User List Name: bob Homes
2024-12-21 14:41:22,812 - application.list_utils - DEBUG - get_list_entries_for_item [list_utils.py:439] - user: 1
2024-12-21 14:41:22,812 - application.list_utils - DEBUG - get_userlist [list_utils.py:308] - get_userlist(): item_model: Floor, list_name: None, parent_entry_id: 1
2024-12-21 14:41:22,813 - application.list_utils - DEBUG - get_userlist [list_utils.py:322] - lists found (model, parent): [<UserList 2>]
2024-12-21 14:41:22,813 - application.list_utils - DEBUG - get_userlist [list_utils.py:349] - len(lists) == 1: None Floor 1
2024-12-21 14:41:22,814 - application.list_utils - DEBUG - get_userlist [list_utils.py:368] - userlist.entries: [<UserListEntry 2>, <UserListEntry 3>, <UserListEntry 4>] List type: <class 'sqlalchemy.orm.collections.InstrumentedList'>
2024-12-21 14:41:22,814 - application.list_utils - DEBUG - get_userlist [list_utils.py:370] - List: test2 Floors, Order: 1
2024-12-21 14:41:22,814 - application.list_utils - DEBUG - get_userlist [list_utils.py:370] - List: test2 Floors, Order: 0
2024-12-21 14:41:22,814 - application.list_utils - DEBUG - get_userlist [list_utils.py:370] - List: test2 Floors, Order: 2
2024-12-21 14:41:22,814 - application.rooms - DEBUG - get_room_list [rooms.py:42] - floor_list: <UserList 2> (type: <class 'application.database.models.UserList'>)
2024-12-21 14:41:22,814 - application.rooms - DEBUG - get_room_list [rooms.py:43] - floor_list entries count: 3
2024-12-21 14:41:22,815 - application.rooms - DEBUG - get_room_list [rooms.py:50] - floor list get floor_entry.id: 2
2024-12-21 14:41:22,816 - application.rooms - DEBUG - get_room_list [rooms.py:51] - floor list get floor_entry.get_item().name: Main Floor
2024-12-21 14:41:22,817 - application.rooms - DEBUG - get_room_list [rooms.py:56] - room_list: <UserList 3> (type: <class 'application.database.models.UserList'>) parent: Main Floor
2024-12-21 14:41:22,817 - application.rooms - DEBUG - get_room_list [rooms.py:50] - floor list get floor_entry.id: 3
2024-12-21 14:41:22,817 - application.rooms - DEBUG - get_room_list [rooms.py:51] - floor list get floor_entry.get_item().name: 2nd Floor
2024-12-21 14:41:22,818 - application.rooms - DEBUG - get_room_list [rooms.py:56] - room_list: <UserList 4> (type: <class 'application.database.models.UserList'>) parent: 2nd Floor
2024-12-21 14:41:22,818 - application.rooms - DEBUG - get_room_list [rooms.py:50] - floor list get floor_entry.id: 4
2024-12-21 14:41:22,819 - application.rooms - DEBUG - get_room_list [rooms.py:51] - floor list get floor_entry.get_item().name: Basement 1
2024-12-21 14:41:22,822 - application.rooms - DEBUG - get_room_list [rooms.py:56] - room_list: <UserList 5> (type: <class 'application.database.models.UserList'>) parent: Basement 1
2024-12-21 14:41:22,822 - application.list_utils - DEBUG - get_list_entries_for_item [list_utils.py:428] - found_entries for <Home 1>: [<UserListEntry 1>]
2024-12-21 14:41:22,823 - application.list_utils - DEBUG - get_list_entries_for_item [list_utils.py:436] - Entry: <UserListEntry 1>
2024-12-21 14:41:22,823 - application.list_utils - DEBUG - get_list_entries_for_item [list_utils.py:437] - Item Model: Home, Item ID: 1
2024-12-21 14:41:22,823 - application.list_utils - DEBUG - get_list_entries_for_item [list_utils.py:438] - User List ID: 1 User List Name: bob Homes
2024-12-21 14:41:22,824 - application.list_utils - DEBUG - get_list_entries_for_item [list_utils.py:439] - user: 1
2024-12-21 14:41:22,824 - application.rooms - DEBUG - get_room_list [rooms.py:57] - get_userlist(Room, current_user.active_home.name:test2 current_user.active_home.active_floor.name:2nd Floor Rooms, get_list_entries_for_item(current_user.active_home)[0].id:1
2024-12-21 14:41:22,824 - application.list_utils - DEBUG - get_list_entries_for_item [list_utils.py:428] - found_entries for <Floor 2>: [<UserListEntry 3>]
2024-12-21 14:41:22,824 - application.list_utils - DEBUG - get_list_entries_for_item [list_utils.py:436] - Entry: <UserListEntry 3>
2024-12-21 14:41:22,825 - application.list_utils - DEBUG - get_list_entries_for_item [list_utils.py:437] - Item Model: Floor, Item ID: 2
2024-12-21 14:41:22,825 - application.list_utils - DEBUG - get_list_entries_for_item [list_utils.py:438] - User List ID: 2 User List Name: test2 Floors
2024-12-21 14:41:22,825 - application.list_utils - DEBUG - get_list_entries_for_item [list_utils.py:439] - user: 1
2024-12-21 14:41:22,825 - application.list_utils - DEBUG - get_userlist [list_utils.py:308] - get_userlist(): item_model: Room, list_name: None, parent_entry_id: 3
2024-12-21 14:41:22,826 - application.list_utils - DEBUG - get_userlist [list_utils.py:322] - lists found (model, parent): [<UserList 4>]
2024-12-21 14:41:22,826 - application.list_utils - DEBUG - get_userlist [list_utils.py:349] - len(lists) == 1: None Room 3
2024-12-21 14:41:22,826 - application.list_utils - DEBUG - get_userlist [list_utils.py:368] - userlist.entries: [<UserListEntry 24>] List type: <class 'sqlalchemy.orm.collections.InstrumentedList'>
2024-12-21 14:41:22,826 - application.list_utils - DEBUG - get_userlist [list_utils.py:370] - List: test2 2nd Floor Rooms, Order: 0
2024-12-21 14:41:22,827 - application.map - DEBUG - home_map [map.py:34] - floor_list MAP: <UserList 2>
2024-12-21 14:41:22,827 - application - DEBUG - after_request_time [__init__.py:42] - Request to /map/Floor/1 took 0.030592918395996094 seconds
2024-12-21 14:41:22,828 - application - DEBUG - after_request_time [__init__.py:44] - view (after_request): map
2024-12-21 14:41:22,828 - application - DEBUG - after_request_time [__init__.py:46] - template (after_request): map/index.html.jinja
2024-12-21 14:41:22,894 - application.list_utils - DEBUG - get_list_entries_for_item [list_utils.py:415] - input_string: <Home 1>, item_model: Home, item_id: 1
2024-12-21 14:41:22,895 - application.list_utils - DEBUG - get_list_entries_for_item [list_utils.py:428] - found_entries for <Home 1>: [<UserListEntry 1>]
2024-12-21 14:41:22,897 - application.list_utils - DEBUG - get_list_entries_for_item [list_utils.py:428] - found_entries for <Floor 2>: [<UserListEntry 3>]
2024-12-21 14:41:22,898 - application.list_utils - DEBUG - get_list_entries_for_item [list_utils.py:428] - found_entries for <Home 1>: [<UserListEntry 1>]
2024-12-21 14:41:22,898 - application.list_utils - DEBUG - get_list_entries_for_item [list_utils.py:436] - Entry: <UserListEntry 1>
2024-12-21 14:41:22,900 - application.list_utils - DEBUG - get_list_entries_for_item [list_utils.py:436] - Entry: <UserListEntry 1>
2024-12-21 14:41:22,900 - application.list_utils - DEBUG - get_list_entries_for_item [list_utils.py:437] - Item Model: Home, Item ID: 1
2024-12-21 14:41:22,901 - application.list_utils - DEBUG - get_list_entries_for_item [list_utils.py:436] - Entry: <UserListEntry 3>
2024-12-21 14:41:22,901 - application.list_utils - DEBUG - get_list_entries_for_item [list_utils.py:437] - Item Model: Home, Item ID: 1
2024-12-21 14:41:22,901 - application.list_utils - DEBUG - get_list_entries_for_item [list_utils.py:438] - User List ID: 1 User List Name: bob Homes
2024-12-21 14:41:22,901 - application.list_utils - DEBUG - get_list_entries_for_item [list_utils.py:437] - Item Model: Floor, Item ID: 2
2024-12-21 14:41:22,902 - application.list_utils - DEBUG - get_list_entries_for_item [list_utils.py:438] - User List ID: 1 User List Name: bob Homes
2024-12-21 14:41:22,902 - application.list_utils - DEBUG - get_list_entries_for_item [list_utils.py:439] - user: 1
2024-12-21 14:41:22,902 - application.list_utils - DEBUG - get_list_entries_for_item [list_utils.py:438] - User List ID: 2 User List Name: test2 Floors
2024-12-21 14:41:22,903 - application.list_utils - DEBUG - get_list_entries_for_item [list_utils.py:439] - user: 1
2024-12-21 14:41:22,903 - application.list_utils - DEBUG - get_userlist [list_utils.py:308] - get_userlist(): item_model: Floor, list_name: None, parent_entry_id: 1
2024-12-21 14:41:22,903 - application.list_utils - DEBUG - get_list_entries_for_item [list_utils.py:439] - user: 1
2024-12-21 14:41:22,904 - application.list_utils - DEBUG - get_top_userlists_by_root_parent [list_utils.py:279] - input root_parent_entry_id: 1 model: Task
2024-12-21 14:41:22,905 - application.list_utils - DEBUG - get_userlist [list_utils.py:308] - get_userlist(): item_model: Room, list_name: None, parent_entry_id: 3
2024-12-21 14:41:22,905 - application.list_utils - DEBUG - get_userlist [list_utils.py:322] - lists found (model, parent): [<UserList 2>]
2024-12-21 14:41:22,907 - application.list_utils - DEBUG - get_userlists_by_parent [list_utils.py:271] - get_userlists_by_parent: lists found (parent_entry_id)1: [<UserList 2>]
2024-12-21 14:41:22,908 - application.list_utils - DEBUG - get_userlist [list_utils.py:322] - lists found (model, parent): [<UserList 4>]
2024-12-21 14:41:22,908 - application.list_utils - DEBUG - get_userlist [list_utils.py:349] - len(lists) == 1: None Floor 1
2024-12-21 14:41:22,908 - application.list_utils - DEBUG - get_userlist [list_utils.py:349] - len(lists) == 1: None Room 3
2024-12-21 14:41:22,909 - application.list_utils - DEBUG - get_userlists_by_parent [list_utils.py:271] - get_userlists_by_parent: lists found (parent_entry_id)2: [<UserList 3>]
2024-12-21 14:41:22,909 - application.list_utils - DEBUG - get_userlist [list_utils.py:368] - userlist.entries: [<UserListEntry 2>, <UserListEntry 3>, <UserListEntry 4>] List type: <class 'sqlalchemy.orm.collections.InstrumentedList'>
2024-12-21 14:41:22,909 - application.list_utils - DEBUG - get_userlist [list_utils.py:368] - userlist.entries: [<UserListEntry 24>] List type: <class 'sqlalchemy.orm.collections.InstrumentedList'>
2024-12-21 14:41:22,910 - application.list_utils - DEBUG - get_userlists_by_parent [list_utils.py:271] - get_userlists_by_parent: lists found (parent_entry_id)3: [<UserList 4>]
2024-12-21 14:41:22,910 - application.list_utils - DEBUG - get_userlist [list_utils.py:370] - List: test2 Floors, Order: 1
2024-12-21 14:41:22,910 - application.list_utils - DEBUG - get_userlist [list_utils.py:370] - List: test2 2nd Floor Rooms, Order: 0
2024-12-21 14:41:22,911 - application.list_utils - DEBUG - get_userlist [list_utils.py:370] - List: test2 Floors, Order: 0
2024-12-21 14:41:22,911 - application.list_utils - DEBUG - get_userlists_by_parent [list_utils.py:271] - get_userlists_by_parent: lists found (parent_entry_id)4: [<UserList 5>]
2024-12-21 14:41:22,912 - application.list_utils - DEBUG - get_userlist [list_utils.py:370] - List: test2 Floors, Order: 2
2024-12-21 14:41:22,912 - application.list_utils - DEBUG - get_userlists_by_parent [list_utils.py:271] - get_userlists_by_parent: lists found (parent_entry_id)24: [<UserList 9>]
2024-12-21 14:41:22,913 - application.list_utils - DEBUG - get_userlists_by_parent [list_utils.py:271] - get_userlists_by_parent: lists found (parent_entry_id)22: [<UserList 7>]
2024-12-21 14:41:22,914 - application.list_utils - DEBUG - get_userlists_by_parent [list_utils.py:271] - get_userlists_by_parent: lists found (parent_entry_id)2: [<UserList 3>]
2024-12-21 14:41:22,916 - application.list_utils - DEBUG - get_userlists_by_parent [list_utils.py:271] - get_userlists_by_parent: lists found (parent_entry_id)24: [<UserList 9>]
2024-12-21 14:41:22,918 - application - DEBUG - after_request_time [__init__.py:42] - Request to /show_list/ took 0.028500080108642578 seconds
2024-12-21 14:41:22,919 - application.list_utils - DEBUG - get_userlists_by_parent [list_utils.py:271] - get_userlists_by_parent: lists found (parent_entry_id)3: [<UserList 4>]
2024-12-21 14:41:22,920 - application.list_utils - DEBUG - get_userlists_by_parent [list_utils.py:271] - get_userlists_by_parent: lists found (parent_entry_id)26: [<UserList 11>]
2024-12-21 14:41:22,919 - application - DEBUG - after_request_time [__init__.py:44] - view (after_request): map
2024-12-21 14:41:22,922 - application - DEBUG - after_request_time [__init__.py:46] - template (after_request): lists/list.html.jinja
2024-12-21 14:41:22,923 - application.list_utils - DEBUG - get_userlists_by_parent [list_utils.py:271] - get_userlists_by_parent: lists found (parent_entry_id)21: [<UserList 8>]
2024-12-21 14:41:22,924 - application.list_utils - DEBUG - get_userlists_by_parent [list_utils.py:271] - get_userlists_by_parent: lists found (parent_entry_id)4: [<UserList 5>]
2024-12-21 14:41:22,926 - application.list_utils - DEBUG - get_userlists_by_parent [list_utils.py:271] - get_userlists_by_parent: lists found (parent_entry_id)23: [<UserList 10>]
2024-12-21 14:41:22,929 - application.list_utils - DEBUG - get_userlists_by_parent [list_utils.py:271] - get_userlists_by_parent: lists found (parent_entry_id)25: [<UserList 12>]
2024-12-21 14:41:22,931 - application.list_utils - DEBUG - get_top_userlists_by_root_parent [list_utils.py:294] - get_top_userlists_by_root_parent: No Task lists found for root_parent_entry_id 1
2024-12-21 14:41:22,931 - application - DEBUG - after_request_time [__init__.py:42] - Request to /show_list/ took 0.040654659271240234 seconds
2024-12-21 14:41:22,932 - application - DEBUG - after_request_time [__init__.py:42] - Request to /show_list/ took 0.04792308807373047 seconds
2024-12-21 14:41:22,932 - application - DEBUG - after_request_time [__init__.py:44] - view (after_request): map
2024-12-21 14:41:22,933 - application - DEBUG - after_request_time [__init__.py:44] - view (after_request): map
2024-12-21 14:41:22,933 - application - DEBUG - after_request_time [__init__.py:46] - template (after_request): None
2024-12-21 14:41:22,933 - application - DEBUG - after_request_time [__init__.py:46] - template (after_request): lists/list.html.jinja
2024-12-21 14:41:22,960 - application.list_utils - DEBUG - get_list_entries_for_item [list_utils.py:428] - found_entries for <Photo 2>: [<UserListEntry 23>]
2024-12-21 14:41:22,961 - application.list_utils - DEBUG - get_list_entries_for_item [list_utils.py:436] - Entry: <UserListEntry 23>
2024-12-21 14:41:22,962 - application.list_utils - DEBUG - get_list_entries_for_item [list_utils.py:437] - Item Model: Photo, Item ID: 2
2024-12-21 14:41:22,962 - application.list_utils - DEBUG - get_list_entries_for_item [list_utils.py:438] - User List ID: 9 User List Name: Garage 1 Photos
2024-12-21 14:41:22,962 - application.list_utils - DEBUG - get_list_entries_for_item [list_utils.py:439] - user: 1
2024-12-21 14:41:22,965 - application - DEBUG - after_request_time [__init__.py:42] - Request to /show_photo_entry/2 took 0.007539987564086914 seconds
2024-12-21 14:41:22,965 - application - DEBUG - after_request_time [__init__.py:44] - view (after_request): map
2024-12-21 14:41:22,965 - application - DEBUG - after_request_time [__init__.py:46] - template (after_request): lists/model/photo.html.jinja
2024-12-21 14:41:23,012 - application - DEBUG - after_request_time [__init__.py:42] - Request to /show_list/10 took 0.011963844299316406 seconds
2024-12-21 14:41:23,012 - application - DEBUG - after_request_time [__init__.py:44] - view (after_request): map
2024-12-21 14:41:23,012 - application - DEBUG - after_request_time [__init__.py:46] - template (after_request): lists/list.html.jinja
