2024-12-23 10:32:21,729 - application.map - DEBUG - home_map [map.py:26] - map called with floor_id: 3
2024-12-23 10:32:21,741 - application.rooms - DEBUG - floor_room_check [rooms.py:169] - inside floor_room_check A: floor_id: 3, has_rooms: True
2024-12-23 10:32:21,743 - application.rooms - DEBUG - check_each_floor_for_rooms [rooms.py:176] - floor.rooms.count() <Floor 1> = 1
2024-12-23 10:32:21,745 - application.rooms - DEBUG - check_each_floor_for_rooms [rooms.py:176] - floor.rooms.count() <Floor 2> = 1
2024-12-23 10:32:21,746 - application.rooms - DEBUG - check_each_floor_for_rooms [rooms.py:176] - floor.rooms.count() <Floor 3> = 1
2024-12-23 10:32:21,748 - application.rooms - DEBUG - check_each_floor_for_rooms [rooms.py:176] - floor.rooms.count() <Floor 4> = 1
2024-12-23 10:32:21,749 - application.rooms - DEBUG - floor_room_check [rooms.py:171] - inside floor_room_check B: floor_id: 3, has_rooms: True
2024-12-23 10:32:21,750 - application.map - DEBUG - home_map [map.py:29] - room check: floor_id: 3, has_rooms: True
2024-12-23 10:32:21,750 - application.floors - DEBUG - set_active_floor [floors.py:43] - set_active_floor called with floor_id: 3
2024-12-23 10:32:21,756 - application.floors - DEBUG - set_active_floor [floors.py:54] - current_user.active_home.active_floor: <Floor 3>
2024-12-23 10:32:21,759 - application.list_utils - DEBUG - get_list_entries_for_item [list_utils.py:428] - found_entries for <Home 1>: [<UserListEntry 1>]
2024-12-23 10:32:21,763 - application.list_utils - DEBUG - get_list_entries_for_item [list_utils.py:436] - Entry: <UserListEntry 1>
2024-12-23 10:32:21,763 - application.list_utils - DEBUG - get_list_entries_for_item [list_utils.py:437] - Item Model: Home, Item ID: 1
2024-12-23 10:32:21,763 - application.list_utils - DEBUG - get_list_entries_for_item [list_utils.py:438] - User List ID: 1 User List Name: bob Homes
2024-12-23 10:32:21,764 - application.list_utils - DEBUG - get_list_entries_for_item [list_utils.py:439] - user: 1
2024-12-23 10:32:21,764 - application.list_utils - DEBUG - get_userlist [list_utils.py:308] - get_userlist(): item_model: Floor, list_name: None, parent_entry_id: 1
2024-12-23 10:32:21,769 - application.list_utils - DEBUG - get_userlist [list_utils.py:322] - lists found (model, parent): [<UserList 2>]
2024-12-23 10:32:21,770 - application.list_utils - DEBUG - get_userlist [list_utils.py:349] - len(lists) == 1: None Floor 1
2024-12-23 10:32:21,770 - application.list_utils - DEBUG - get_userlist [list_utils.py:368] - userlist.entries: [<UserListEntry 2>, <UserListEntry 3>, <UserListEntry 4>, <UserListEntry 21>] List type: <class 'sqlalchemy.orm.collections.InstrumentedList'>
2024-12-23 10:32:21,770 - application.list_utils - DEBUG - get_userlist [list_utils.py:370] - List: iotsmstmi Floors, Order: 5
2024-12-23 10:32:21,771 - application.list_utils - DEBUG - get_userlist [list_utils.py:370] - List: iotsmstmi Floors, Order: 7
2024-12-23 10:32:21,771 - application.list_utils - DEBUG - get_userlist [list_utils.py:370] - List: iotsmstmi Floors, Order: 3
2024-12-23 10:32:21,771 - application.list_utils - DEBUG - get_userlist [list_utils.py:370] - List: iotsmstmi Floors, Order: 1
2024-12-23 10:32:21,771 - application.rooms - DEBUG - get_room_list [rooms.py:44] - floor_list: <UserList 2> (type: <class 'application.database.models.UserList'>)
2024-12-23 10:32:21,771 - application.rooms - DEBUG - get_room_list [rooms.py:45] - floor_list entries count: 4
2024-12-23 10:32:21,771 - application.rooms - DEBUG - get_room_list [rooms.py:52] - floor list get floor_entry.id: 2
2024-12-23 10:32:21,772 - application.rooms - DEBUG - get_room_list [rooms.py:53] - floor list get floor_entry.get_item().name: Main Floor
2024-12-23 10:32:21,810 - application.rooms - DEBUG - get_room_list [rooms.py:58] - room_list: <UserList 3> (type: <class 'application.database.models.UserList'>) parent: Main Floor
2024-12-23 10:32:21,810 - application.rooms - DEBUG - get_room_list [rooms.py:52] - floor list get floor_entry.id: 3
2024-12-23 10:32:21,810 - application.rooms - DEBUG - get_room_list [rooms.py:53] - floor list get floor_entry.get_item().name: Basement 1
2024-12-23 10:32:21,812 - application.rooms - DEBUG - get_room_list [rooms.py:58] - room_list: <UserList 4> (type: <class 'application.database.models.UserList'>) parent: Basement 1
2024-12-23 10:32:21,812 - application.rooms - DEBUG - get_room_list [rooms.py:52] - floor list get floor_entry.id: 4
2024-12-23 10:32:21,812 - application.rooms - DEBUG - get_room_list [rooms.py:53] - floor list get floor_entry.get_item().name: 3rd Floor
2024-12-23 10:32:21,813 - application.rooms - DEBUG - get_room_list [rooms.py:58] - room_list: <UserList 5> (type: <class 'application.database.models.UserList'>) parent: 3rd Floor
2024-12-23 10:32:21,813 - application.rooms - DEBUG - get_room_list [rooms.py:52] - floor list get floor_entry.id: 21
2024-12-23 10:32:21,814 - application.rooms - DEBUG - get_room_list [rooms.py:53] - floor list get floor_entry.get_item().name: 4th Floor
2024-12-23 10:32:21,816 - application.rooms - DEBUG - get_room_list [rooms.py:58] - room_list: <UserList 7> (type: <class 'application.database.models.UserList'>) parent: 4th Floor
2024-12-23 10:32:21,817 - application.list_utils - DEBUG - get_list_entries_for_item [list_utils.py:428] - found_entries for <Home 1>: [<UserListEntry 1>]
2024-12-23 10:32:21,817 - application.list_utils - DEBUG - get_list_entries_for_item [list_utils.py:436] - Entry: <UserListEntry 1>
2024-12-23 10:32:21,817 - application.list_utils - DEBUG - get_list_entries_for_item [list_utils.py:437] - Item Model: Home, Item ID: 1
2024-12-23 10:32:21,818 - application.list_utils - DEBUG - get_list_entries_for_item [list_utils.py:438] - User List ID: 1 User List Name: bob Homes
2024-12-23 10:32:21,818 - application.list_utils - DEBUG - get_list_entries_for_item [list_utils.py:439] - user: 1
2024-12-23 10:32:21,818 - application.rooms - DEBUG - get_room_list [rooms.py:59] - get_userlist(Room, current_user.active_home.name:iotsmstmi current_user.active_home.active_floor.name:3rd Floor Rooms, get_list_entries_for_item(current_user.active_home)[0].id:1
2024-12-23 10:32:21,819 - application.list_utils - DEBUG - get_list_entries_for_item [list_utils.py:428] - found_entries for <Floor 3>: [<UserListEntry 4>]
2024-12-23 10:32:21,819 - application.list_utils - DEBUG - get_list_entries_for_item [list_utils.py:436] - Entry: <UserListEntry 4>
2024-12-23 10:32:21,819 - application.list_utils - DEBUG - get_list_entries_for_item [list_utils.py:437] - Item Model: Floor, Item ID: 3
2024-12-23 10:32:21,819 - application.list_utils - DEBUG - get_list_entries_for_item [list_utils.py:438] - User List ID: 2 User List Name: iotsmstmi Floors
2024-12-23 10:32:21,819 - application.list_utils - DEBUG - get_list_entries_for_item [list_utils.py:439] - user: 1
2024-12-23 10:32:21,819 - application.list_utils - DEBUG - get_userlist [list_utils.py:308] - get_userlist(): item_model: Room, list_name: None, parent_entry_id: 4
2024-12-23 10:32:21,820 - application.list_utils - DEBUG - get_userlist [list_utils.py:322] - lists found (model, parent): [<UserList 5>]
2024-12-23 10:32:21,821 - application.list_utils - DEBUG - get_userlist [list_utils.py:349] - len(lists) == 1: None Room 4
2024-12-23 10:32:21,821 - application.list_utils - DEBUG - get_userlist [list_utils.py:368] - userlist.entries: [<UserListEntry 37>] List type: <class 'sqlalchemy.orm.collections.InstrumentedList'>
2024-12-23 10:32:21,821 - application.list_utils - DEBUG - get_userlist [list_utils.py:370] - List: iotsmstmi 3rd Floor Rooms, Order: 0
2024-12-23 10:32:21,821 - application.map - DEBUG - home_map [map.py:36] - floor_list MAP: <UserList 2>
2024-12-23 10:32:22,184 - application.list_utils - DEBUG - get_list_entries_for_item [list_utils.py:415] - input_string: <Home 1>, item_model: Home, item_id: 1
2024-12-23 10:32:22,185 - application.list_utils - DEBUG - get_list_entries_for_item [list_utils.py:428] - found_entries for <Floor 3>: [<UserListEntry 4>]
2024-12-23 10:32:22,189 - application.list_utils - DEBUG - get_list_entries_for_item [list_utils.py:428] - found_entries for <Home 1>: [<UserListEntry 1>]
2024-12-23 10:32:22,189 - application.list_utils - DEBUG - get_list_entries_for_item [list_utils.py:428] - found_entries for <Home 1>: [<UserListEntry 1>]
2024-12-23 10:32:22,189 - application.list_utils - DEBUG - get_list_entries_for_item [list_utils.py:436] - Entry: <UserListEntry 4>
2024-12-23 10:32:22,190 - application.list_utils - DEBUG - get_list_entries_for_item [list_utils.py:436] - Entry: <UserListEntry 1>
2024-12-23 10:32:22,191 - application.list_utils - DEBUG - get_list_entries_for_item [list_utils.py:436] - Entry: <UserListEntry 1>
2024-12-23 10:32:22,191 - application.list_utils - DEBUG - get_list_entries_for_item [list_utils.py:437] - Item Model: Floor, Item ID: 3
2024-12-23 10:32:22,191 - application.list_utils - DEBUG - get_list_entries_for_item [list_utils.py:437] - Item Model: Home, Item ID: 1
2024-12-23 10:32:22,191 - application.list_utils - DEBUG - get_list_entries_for_item [list_utils.py:437] - Item Model: Home, Item ID: 1
2024-12-23 10:32:22,192 - application.list_utils - DEBUG - get_list_entries_for_item [list_utils.py:438] - User List ID: 2 User List Name: iotsmstmi Floors
2024-12-23 10:32:22,192 - application.list_utils - DEBUG - get_list_entries_for_item [list_utils.py:438] - User List ID: 1 User List Name: bob Homes
2024-12-23 10:32:22,192 - application.list_utils - DEBUG - get_list_entries_for_item [list_utils.py:438] - User List ID: 1 User List Name: bob Homes
2024-12-23 10:32:22,192 - application.list_utils - DEBUG - get_list_entries_for_item [list_utils.py:439] - user: 1
2024-12-23 10:32:22,192 - application.list_utils - DEBUG - get_list_entries_for_item [list_utils.py:439] - user: 1
2024-12-23 10:32:22,193 - application.list_utils - DEBUG - get_list_entries_for_item [list_utils.py:439] - user: 1
2024-12-23 10:32:22,193 - application.list_utils - DEBUG - get_userlist [list_utils.py:308] - get_userlist(): item_model: Room, list_name: None, parent_entry_id: 4
2024-12-23 10:32:22,193 - application.list_utils - DEBUG - get_userlist [list_utils.py:308] - get_userlist(): item_model: Floor, list_name: None, parent_entry_id: 1
2024-12-23 10:32:22,193 - application.list_utils - DEBUG - get_top_userlists_by_root_parent [list_utils.py:279] - input root_parent_entry_id: 1 model: Task
2024-12-23 10:32:22,194 - application.list_utils - DEBUG - get_userlist [list_utils.py:322] - lists found (model, parent): [<UserList 5>]
2024-12-23 10:32:22,199 - application.list_utils - DEBUG - get_userlist [list_utils.py:322] - lists found (model, parent): [<UserList 2>]
2024-12-23 10:32:22,199 - application.list_utils - DEBUG - get_userlists_by_parent [list_utils.py:271] - get_userlists_by_parent: lists found (parent_entry_id)1: [<UserList 2>]
2024-12-23 10:32:22,200 - application.list_utils - DEBUG - get_userlist [list_utils.py:349] - len(lists) == 1: None Room 4
2024-12-23 10:32:22,200 - application.list_utils - DEBUG - get_userlist [list_utils.py:349] - len(lists) == 1: None Floor 1
2024-12-23 10:32:22,202 - application.list_utils - DEBUG - get_userlists_by_parent [list_utils.py:271] - get_userlists_by_parent: lists found (parent_entry_id)2: [<UserList 3>]
2024-12-23 10:32:22,202 - application.list_utils - DEBUG - get_userlist [list_utils.py:368] - userlist.entries: [<UserListEntry 37>] List type: <class 'sqlalchemy.orm.collections.InstrumentedList'>
2024-12-23 10:32:22,203 - application.list_utils - DEBUG - get_userlist [list_utils.py:368] - userlist.entries: [<UserListEntry 2>, <UserListEntry 3>, <UserListEntry 4>, <UserListEntry 21>] List type: <class 'sqlalchemy.orm.collections.InstrumentedList'>
2024-12-23 10:32:22,204 - application.list_utils - DEBUG - get_userlists_by_parent [list_utils.py:271] - get_userlists_by_parent: lists found (parent_entry_id)3: [<UserList 4>]
2024-12-23 10:32:22,204 - application.list_utils - DEBUG - get_userlist [list_utils.py:370] - List: iotsmstmi 3rd Floor Rooms, Order: 0
2024-12-23 10:32:22,204 - application.list_utils - DEBUG - get_userlist [list_utils.py:370] - List: iotsmstmi Floors, Order: 5
2024-12-23 10:32:22,205 - application.list_utils - DEBUG - get_userlists_by_parent [list_utils.py:271] - get_userlists_by_parent: lists found (parent_entry_id)4: [<UserList 5>]
2024-12-23 10:32:22,206 - application.list_utils - DEBUG - get_userlist [list_utils.py:370] - List: iotsmstmi Floors, Order: 7
2024-12-23 10:32:22,207 - application.list_utils - DEBUG - get_userlists_by_parent [list_utils.py:271] - get_userlists_by_parent: lists found (parent_entry_id)37: [<UserList 22>, <UserList 40>]
2024-12-23 10:32:22,207 - application.list_utils - DEBUG - get_userlists_by_parent [list_utils.py:271] - get_userlists_by_parent: lists found (parent_entry_id)21: [<UserList 7>]
2024-12-23 10:32:22,208 - application.list_utils - DEBUG - get_userlist [list_utils.py:370] - List: iotsmstmi Floors, Order: 3
2024-12-23 10:32:22,209 - application.list_utils - DEBUG - get_userlists_by_parent [list_utils.py:271] - get_userlists_by_parent: lists found (parent_entry_id)35: [<UserList 20>]
2024-12-23 10:32:22,227 - application.list_utils - DEBUG - get_userlist [list_utils.py:370] - List: iotsmstmi Floors, Order: 1
2024-12-23 10:32:22,245 - application.list_utils - DEBUG - get_userlists_by_parent [list_utils.py:271] - get_userlists_by_parent: lists found (parent_entry_id)31: [<UserList 14>]
2024-12-23 10:32:22,248 - application.list_utils - DEBUG - get_userlists_by_parent [list_utils.py:271] - get_userlists_by_parent: lists found (parent_entry_id)2: [<UserList 3>]
2024-12-23 10:32:22,249 - application.list_utils - DEBUG - get_userlists_by_parent [list_utils.py:271] - get_userlists_by_parent: lists found (parent_entry_id)37: [<UserList 22>, <UserList 40>]
2024-12-23 10:32:22,251 - application.list_utils - DEBUG - get_userlists_by_parent [list_utils.py:271] - get_userlists_by_parent: lists found (parent_entry_id)3: [<UserList 4>]
2024-12-23 10:32:22,257 - application.list_utils - DEBUG - get_userlists_by_parent [list_utils.py:271] - get_userlists_by_parent: lists found (parent_entry_id)23: [<UserList 8>]
2024-12-23 10:32:22,280 - application.list_utils - DEBUG - get_userlists_by_parent [list_utils.py:271] - get_userlists_by_parent: lists found (parent_entry_id)4: [<UserList 5>]
2024-12-23 10:32:22,280 - application.list_utils - DEBUG - get_top_userlists_by_root_parent [list_utils.py:292] - get_top_userlists_by_root_parent: lists found (parent_entry_id)1: [<UserList 40>]
2024-12-23 10:32:22,282 - application.list_utils - DEBUG - get_userlists_by_parent [list_utils.py:271] - get_userlists_by_parent: lists found (parent_entry_id)21: [<UserList 7>]
2024-12-23 10:32:22,284 - application.list_utils - DEBUG - get_userlists_by_parent [list_utils.py:273] - get_userlists_by_parent: No lists found for parent_entry_id 61
2024-12-23 10:32:22,285 - application.list_utils - DEBUG - get_userlists_by_parent [list_utils.py:273] - get_userlists_by_parent: No lists found for parent_entry_id 62
2024-12-23 10:32:22,340 - application.list_utils - DEBUG - get_userlists_by_parent [list_utils.py:273] - get_userlists_by_parent: No lists found for parent_entry_id 63
2024-12-23 10:32:22,485 - application.list_utils - DEBUG - get_list_entries_for_item [list_utils.py:428] - found_entries for <Photo 9>: [<UserListEntry 36>]
2024-12-23 10:32:22,488 - application.list_utils - DEBUG - get_list_entries_for_item [list_utils.py:436] - Entry: <UserListEntry 36>
2024-12-23 10:32:22,489 - application.list_utils - DEBUG - get_list_entries_for_item [list_utils.py:437] - Item Model: Photo, Item ID: 9
2024-12-23 10:32:22,490 - application.list_utils - DEBUG - get_list_entries_for_item [list_utils.py:438] - User List ID: 22 User List Name: Dining Room 2 Photos
2024-12-23 10:32:22,490 - application.list_utils - DEBUG - get_list_entries_for_item [list_utils.py:439] - user: 1
2024-12-23 10:32:22,586 - application.list_utils - DEBUG - get_userlists_by_parent [list_utils.py:273] - get_userlists_by_parent: No lists found for parent_entry_id 64
2024-12-23 10:32:22,587 - application.list_utils - DEBUG - get_userlists_by_parent [list_utils.py:273] - get_userlists_by_parent: No lists found for parent_entry_id 65
2024-12-23 10:32:22,588 - application.list_utils - DEBUG - get_userlists_by_parent [list_utils.py:273] - get_userlists_by_parent: No lists found for parent_entry_id 66
2024-12-23 10:32:26,679 - application.map - DEBUG - home_map [map.py:26] - map called with floor_id: 1
2024-12-23 10:32:26,680 - application.rooms - DEBUG - floor_room_check [rooms.py:169] - inside floor_room_check A: floor_id: 1, has_rooms: True
2024-12-23 10:32:26,682 - application.rooms - DEBUG - check_each_floor_for_rooms [rooms.py:176] - floor.rooms.count() <Floor 1> = 1
2024-12-23 10:32:26,684 - application.rooms - DEBUG - check_each_floor_for_rooms [rooms.py:176] - floor.rooms.count() <Floor 2> = 1
2024-12-23 10:32:26,687 - application.rooms - DEBUG - check_each_floor_for_rooms [rooms.py:176] - floor.rooms.count() <Floor 3> = 1
2024-12-23 10:32:26,689 - application.rooms - DEBUG - check_each_floor_for_rooms [rooms.py:176] - floor.rooms.count() <Floor 4> = 1
2024-12-23 10:32:26,690 - application.rooms - DEBUG - floor_room_check [rooms.py:171] - inside floor_room_check B: floor_id: 1, has_rooms: True
2024-12-23 10:32:26,690 - application.map - DEBUG - home_map [map.py:29] - room check: floor_id: 1, has_rooms: True
2024-12-23 10:32:26,690 - application.floors - DEBUG - set_active_floor [floors.py:43] - set_active_floor called with floor_id: 1
2024-12-23 10:32:26,696 - application.floors - DEBUG - set_active_floor [floors.py:54] - current_user.active_home.active_floor: <Floor 1>
2024-12-23 10:32:26,697 - application.list_utils - DEBUG - get_list_entries_for_item [list_utils.py:428] - found_entries for <Home 1>: [<UserListEntry 1>]
2024-12-23 10:32:26,697 - application.list_utils - DEBUG - get_list_entries_for_item [list_utils.py:436] - Entry: <UserListEntry 1>
2024-12-23 10:32:26,698 - application.list_utils - DEBUG - get_list_entries_for_item [list_utils.py:437] - Item Model: Home, Item ID: 1
2024-12-23 10:32:26,698 - application.list_utils - DEBUG - get_list_entries_for_item [list_utils.py:438] - User List ID: 1 User List Name: bob Homes
2024-12-23 10:32:26,698 - application.list_utils - DEBUG - get_list_entries_for_item [list_utils.py:439] - user: 1
2024-12-23 10:32:26,698 - application.list_utils - DEBUG - get_userlist [list_utils.py:308] - get_userlist(): item_model: Floor, list_name: None, parent_entry_id: 1
2024-12-23 10:32:26,699 - application.list_utils - DEBUG - get_userlist [list_utils.py:322] - lists found (model, parent): [<UserList 2>]
2024-12-23 10:32:26,699 - application.list_utils - DEBUG - get_userlist [list_utils.py:349] - len(lists) == 1: None Floor 1
2024-12-23 10:32:26,699 - application.list_utils - DEBUG - get_userlist [list_utils.py:368] - userlist.entries: [<UserListEntry 2>, <UserListEntry 3>, <UserListEntry 4>, <UserListEntry 21>] List type: <class 'sqlalchemy.orm.collections.InstrumentedList'>
2024-12-23 10:32:26,700 - application.list_utils - DEBUG - get_userlist [list_utils.py:370] - List: iotsmstmi Floors, Order: 5
2024-12-23 10:32:26,700 - application.list_utils - DEBUG - get_userlist [list_utils.py:370] - List: iotsmstmi Floors, Order: 7
2024-12-23 10:32:26,700 - application.list_utils - DEBUG - get_userlist [list_utils.py:370] - List: iotsmstmi Floors, Order: 3
2024-12-23 10:32:26,700 - application.list_utils - DEBUG - get_userlist [list_utils.py:370] - List: iotsmstmi Floors, Order: 1
2024-12-23 10:32:26,700 - application.rooms - DEBUG - get_room_list [rooms.py:44] - floor_list: <UserList 2> (type: <class 'application.database.models.UserList'>)
2024-12-23 10:32:26,700 - application.rooms - DEBUG - get_room_list [rooms.py:45] - floor_list entries count: 4
2024-12-23 10:32:26,700 - application.rooms - DEBUG - get_room_list [rooms.py:52] - floor list get floor_entry.id: 2
2024-12-23 10:32:26,701 - application.rooms - DEBUG - get_room_list [rooms.py:53] - floor list get floor_entry.get_item().name: Main Floor
2024-12-23 10:32:26,703 - application.rooms - DEBUG - get_room_list [rooms.py:58] - room_list: <UserList 3> (type: <class 'application.database.models.UserList'>) parent: Main Floor
2024-12-23 10:32:26,703 - application.rooms - DEBUG - get_room_list [rooms.py:52] - floor list get floor_entry.id: 3
2024-12-23 10:32:26,703 - application.rooms - DEBUG - get_room_list [rooms.py:53] - floor list get floor_entry.get_item().name: Basement 1
2024-12-23 10:32:26,705 - application.rooms - DEBUG - get_room_list [rooms.py:58] - room_list: <UserList 4> (type: <class 'application.database.models.UserList'>) parent: Basement 1
2024-12-23 10:32:26,705 - application.rooms - DEBUG - get_room_list [rooms.py:52] - floor list get floor_entry.id: 4
2024-12-23 10:32:26,706 - application.rooms - DEBUG - get_room_list [rooms.py:53] - floor list get floor_entry.get_item().name: 3rd Floor
2024-12-23 10:32:26,708 - application.rooms - DEBUG - get_room_list [rooms.py:58] - room_list: <UserList 5> (type: <class 'application.database.models.UserList'>) parent: 3rd Floor
2024-12-23 10:32:26,708 - application.rooms - DEBUG - get_room_list [rooms.py:52] - floor list get floor_entry.id: 21
2024-12-23 10:32:26,709 - application.rooms - DEBUG - get_room_list [rooms.py:53] - floor list get floor_entry.get_item().name: 4th Floor
2024-12-23 10:32:26,711 - application.rooms - DEBUG - get_room_list [rooms.py:58] - room_list: <UserList 7> (type: <class 'application.database.models.UserList'>) parent: 4th Floor
2024-12-23 10:32:26,712 - application.list_utils - DEBUG - get_list_entries_for_item [list_utils.py:428] - found_entries for <Home 1>: [<UserListEntry 1>]
2024-12-23 10:32:26,712 - application.list_utils - DEBUG - get_list_entries_for_item [list_utils.py:436] - Entry: <UserListEntry 1>
2024-12-23 10:32:26,712 - application.list_utils - DEBUG - get_list_entries_for_item [list_utils.py:437] - Item Model: Home, Item ID: 1
2024-12-23 10:32:26,712 - application.list_utils - DEBUG - get_list_entries_for_item [list_utils.py:438] - User List ID: 1 User List Name: bob Homes
2024-12-23 10:32:26,712 - application.list_utils - DEBUG - get_list_entries_for_item [list_utils.py:439] - user: 1
2024-12-23 10:32:26,712 - application.rooms - DEBUG - get_room_list [rooms.py:59] - get_userlist(Room, current_user.active_home.name:iotsmstmi current_user.active_home.active_floor.name:Main Floor Rooms, get_list_entries_for_item(current_user.active_home)[0].id:1
2024-12-23 10:32:26,713 - application.list_utils - DEBUG - get_list_entries_for_item [list_utils.py:428] - found_entries for <Floor 1>: [<UserListEntry 2>]
2024-12-23 10:32:26,714 - application.list_utils - DEBUG - get_list_entries_for_item [list_utils.py:436] - Entry: <UserListEntry 2>
2024-12-23 10:32:26,714 - application.list_utils - DEBUG - get_list_entries_for_item [list_utils.py:437] - Item Model: Floor, Item ID: 1
2024-12-23 10:32:26,714 - application.list_utils - DEBUG - get_list_entries_for_item [list_utils.py:438] - User List ID: 2 User List Name: iotsmstmi Floors
2024-12-23 10:32:26,714 - application.list_utils - DEBUG - get_list_entries_for_item [list_utils.py:439] - user: 1
2024-12-23 10:32:26,714 - application.list_utils - DEBUG - get_userlist [list_utils.py:308] - get_userlist(): item_model: Room, list_name: None, parent_entry_id: 2
2024-12-23 10:32:26,715 - application.list_utils - DEBUG - get_userlist [list_utils.py:322] - lists found (model, parent): [<UserList 3>]
2024-12-23 10:32:26,715 - application.list_utils - DEBUG - get_userlist [list_utils.py:349] - len(lists) == 1: None Room 2
2024-12-23 10:32:26,716 - application.list_utils - DEBUG - get_userlist [list_utils.py:368] - userlist.entries: [<UserListEntry 35>] List type: <class 'sqlalchemy.orm.collections.InstrumentedList'>
2024-12-23 10:32:26,716 - application.list_utils - DEBUG - get_userlist [list_utils.py:370] - List: iotsmstmi Main Floor Rooms, Order: 0
2024-12-23 10:32:26,716 - application.map - DEBUG - home_map [map.py:36] - floor_list MAP: <UserList 2>
2024-12-23 10:32:26,800 - application.list_utils - DEBUG - get_list_entries_for_item [list_utils.py:428] - found_entries for <Home 1>: [<UserListEntry 1>]
2024-12-23 10:32:26,805 - application.list_utils - DEBUG - get_list_entries_for_item [list_utils.py:415] - input_string: <Home 1>, item_model: Home, item_id: 1
2024-12-23 10:32:26,806 - application.list_utils - DEBUG - get_list_entries_for_item [list_utils.py:436] - Entry: <UserListEntry 1>
2024-12-23 10:32:26,807 - application.list_utils - DEBUG - get_list_entries_for_item [list_utils.py:428] - found_entries for <Floor 1>: [<UserListEntry 2>]
2024-12-23 10:32:26,808 - application.list_utils - DEBUG - get_list_entries_for_item [list_utils.py:428] - found_entries for <Home 1>: [<UserListEntry 1>]
2024-12-23 10:32:26,808 - application.list_utils - DEBUG - get_list_entries_for_item [list_utils.py:437] - Item Model: Home, Item ID: 1
2024-12-23 10:32:26,810 - application.list_utils - DEBUG - get_list_entries_for_item [list_utils.py:436] - Entry: <UserListEntry 2>
2024-12-23 10:32:26,810 - application.list_utils - DEBUG - get_list_entries_for_item [list_utils.py:438] - User List ID: 1 User List Name: bob Homes
2024-12-23 10:32:26,810 - application.list_utils - DEBUG - get_list_entries_for_item [list_utils.py:436] - Entry: <UserListEntry 1>
2024-12-23 10:32:26,810 - application.list_utils - DEBUG - get_list_entries_for_item [list_utils.py:437] - Item Model: Floor, Item ID: 1
2024-12-23 10:32:26,811 - application.list_utils - DEBUG - get_list_entries_for_item [list_utils.py:439] - user: 1
2024-12-23 10:32:26,811 - application.list_utils - DEBUG - get_list_entries_for_item [list_utils.py:437] - Item Model: Home, Item ID: 1
2024-12-23 10:32:26,811 - application.list_utils - DEBUG - get_list_entries_for_item [list_utils.py:438] - User List ID: 2 User List Name: iotsmstmi Floors
2024-12-23 10:32:26,811 - application.list_utils - DEBUG - get_userlist [list_utils.py:308] - get_userlist(): item_model: Floor, list_name: None, parent_entry_id: 1
2024-12-23 10:32:26,811 - application.list_utils - DEBUG - get_list_entries_for_item [list_utils.py:438] - User List ID: 1 User List Name: bob Homes
2024-12-23 10:32:26,812 - application.list_utils - DEBUG - get_list_entries_for_item [list_utils.py:439] - user: 1
2024-12-23 10:32:26,813 - application.list_utils - DEBUG - get_list_entries_for_item [list_utils.py:439] - user: 1
2024-12-23 10:32:26,813 - application.list_utils - DEBUG - get_userlist [list_utils.py:322] - lists found (model, parent): [<UserList 2>]
2024-12-23 10:32:26,813 - application.list_utils - DEBUG - get_userlist [list_utils.py:308] - get_userlist(): item_model: Room, list_name: None, parent_entry_id: 2
2024-12-23 10:32:26,813 - application.list_utils - DEBUG - get_top_userlists_by_root_parent [list_utils.py:279] - input root_parent_entry_id: 1 model: Task
2024-12-23 10:32:26,814 - application.list_utils - DEBUG - get_userlist [list_utils.py:349] - len(lists) == 1: None Floor 1
2024-12-23 10:32:26,815 - application.list_utils - DEBUG - get_userlist [list_utils.py:322] - lists found (model, parent): [<UserList 3>]
2024-12-23 10:32:26,815 - application.list_utils - DEBUG - get_userlist [list_utils.py:368] - userlist.entries: [<UserListEntry 2>, <UserListEntry 3>, <UserListEntry 4>, <UserListEntry 21>] List type: <class 'sqlalchemy.orm.collections.InstrumentedList'>
2024-12-23 10:32:26,816 - application.list_utils - DEBUG - get_userlists_by_parent [list_utils.py:271] - get_userlists_by_parent: lists found (parent_entry_id)1: [<UserList 2>]
2024-12-23 10:32:26,816 - application.list_utils - DEBUG - get_userlist [list_utils.py:349] - len(lists) == 1: None Room 2
2024-12-23 10:32:26,816 - application.list_utils - DEBUG - get_userlist [list_utils.py:370] - List: iotsmstmi Floors, Order: 5
2024-12-23 10:32:26,817 - application.list_utils - DEBUG - get_userlist [list_utils.py:368] - userlist.entries: [<UserListEntry 35>] List type: <class 'sqlalchemy.orm.collections.InstrumentedList'>
2024-12-23 10:32:26,818 - application.list_utils - DEBUG - get_userlists_by_parent [list_utils.py:271] - get_userlists_by_parent: lists found (parent_entry_id)2: [<UserList 3>]
2024-12-23 10:32:26,818 - application.list_utils - DEBUG - get_userlist [list_utils.py:370] - List: iotsmstmi Floors, Order: 7
2024-12-23 10:32:26,818 - application.list_utils - DEBUG - get_userlist [list_utils.py:370] - List: iotsmstmi Main Floor Rooms, Order: 0
2024-12-23 10:32:26,819 - application.list_utils - DEBUG - get_userlist [list_utils.py:370] - List: iotsmstmi Floors, Order: 3
2024-12-23 10:32:26,819 - application.list_utils - DEBUG - get_userlists_by_parent [list_utils.py:271] - get_userlists_by_parent: lists found (parent_entry_id)3: [<UserList 4>]
2024-12-23 10:32:26,820 - application.list_utils - DEBUG - get_userlist [list_utils.py:370] - List: iotsmstmi Floors, Order: 1
2024-12-23 10:32:26,820 - application.list_utils - DEBUG - get_userlists_by_parent [list_utils.py:271] - get_userlists_by_parent: lists found (parent_entry_id)35: [<UserList 20>]
2024-12-23 10:32:26,821 - application.list_utils - DEBUG - get_userlists_by_parent [list_utils.py:271] - get_userlists_by_parent: lists found (parent_entry_id)4: [<UserList 5>]
2024-12-23 10:32:26,822 - application.list_utils - DEBUG - get_userlists_by_parent [list_utils.py:271] - get_userlists_by_parent: lists found (parent_entry_id)2: [<UserList 3>]
2024-12-23 10:32:26,824 - application.list_utils - DEBUG - get_userlists_by_parent [list_utils.py:271] - get_userlists_by_parent: lists found (parent_entry_id)21: [<UserList 7>]
2024-12-23 10:32:26,826 - application.list_utils - DEBUG - get_userlists_by_parent [list_utils.py:271] - get_userlists_by_parent: lists found (parent_entry_id)3: [<UserList 4>]
2024-12-23 10:32:26,828 - application.list_utils - DEBUG - get_userlists_by_parent [list_utils.py:271] - get_userlists_by_parent: lists found (parent_entry_id)35: [<UserList 20>]
2024-12-23 10:32:26,829 - application.list_utils - DEBUG - get_userlists_by_parent [list_utils.py:271] - get_userlists_by_parent: lists found (parent_entry_id)4: [<UserList 5>]
2024-12-23 10:32:26,829 - application.list_utils - DEBUG - get_userlists_by_parent [list_utils.py:271] - get_userlists_by_parent: lists found (parent_entry_id)31: [<UserList 14>]
2024-12-23 10:32:26,831 - application.list_utils - DEBUG - get_userlists_by_parent [list_utils.py:271] - get_userlists_by_parent: lists found (parent_entry_id)21: [<UserList 7>]
2024-12-23 10:32:26,834 - application.list_utils - DEBUG - get_userlists_by_parent [list_utils.py:271] - get_userlists_by_parent: lists found (parent_entry_id)37: [<UserList 22>, <UserList 40>]
2024-12-23 10:32:26,837 - application.list_utils - DEBUG - get_userlists_by_parent [list_utils.py:271] - get_userlists_by_parent: lists found (parent_entry_id)23: [<UserList 8>]
2024-12-23 10:32:26,838 - application.list_utils - DEBUG - get_top_userlists_by_root_parent [list_utils.py:292] - get_top_userlists_by_root_parent: lists found (parent_entry_id)1: [<UserList 40>]
2024-12-23 10:32:26,840 - application.list_utils - DEBUG - get_userlists_by_parent [list_utils.py:273] - get_userlists_by_parent: No lists found for parent_entry_id 61
2024-12-23 10:32:26,844 - application.list_utils - DEBUG - get_userlists_by_parent [list_utils.py:273] - get_userlists_by_parent: No lists found for parent_entry_id 62
2024-12-23 10:32:26,845 - application.list_utils - DEBUG - get_userlists_by_parent [list_utils.py:273] - get_userlists_by_parent: No lists found for parent_entry_id 63
2024-12-23 10:32:26,873 - application.list_utils - DEBUG - get_list_entries_for_item [list_utils.py:428] - found_entries for <Photo 8>: [<UserListEntry 34>]
2024-12-23 10:32:26,875 - application.list_utils - DEBUG - get_list_entries_for_item [list_utils.py:436] - Entry: <UserListEntry 34>
2024-12-23 10:32:26,875 - application.list_utils - DEBUG - get_list_entries_for_item [list_utils.py:437] - Item Model: Photo, Item ID: 8
2024-12-23 10:32:26,875 - application.list_utils - DEBUG - get_list_entries_for_item [list_utils.py:438] - User List ID: 20 User List Name: Bedroom 1 Photos
2024-12-23 10:32:26,876 - application.list_utils - DEBUG - get_list_entries_for_item [list_utils.py:439] - user: 1
2024-12-23 10:32:38,482 - application.rooms - DEBUG - set_active_room [rooms.py:120] - current_user.active_home.active_room: <Room 6>
2024-12-23 10:32:38,482 - application.walkthrough - DEBUG - walk_start [walkthrough.py:34] - get room_name: None
2024-12-23 10:32:38,482 - application.walkthrough - DEBUG - walk_start [walkthrough.py:35] - get view: None
2024-12-23 10:32:38,483 - application.walkthrough - DEBUG - walk_start [walkthrough.py:52] - view: None
2024-12-23 10:32:38,502 - application.walkthrough - DEBUG - views [walkthrough.py:70] - view?: None
2024-12-23 10:32:38,503 - application.walkthrough - DEBUG - views [walkthrough.py:76] - File not found! None.html.jinja
2024-12-23 10:32:38,929 - application.walkthrough - DEBUG - views [walkthrough.py:70] - view?: None
2024-12-23 10:32:38,934 - application.list_utils - DEBUG - get_list_entries_for_item [list_utils.py:428] - found_entries for <Home 1>: [<UserListEntry 1>]
2024-12-23 10:32:38,933 - application.walkthrough - DEBUG - views [walkthrough.py:76] - File not found! None.html.jinja
2024-12-23 10:32:38,939 - application.list_utils - DEBUG - get_list_entries_for_item [list_utils.py:436] - Entry: <UserListEntry 1>
2024-12-23 10:32:38,941 - application.list_utils - DEBUG - get_list_entries_for_item [list_utils.py:437] - Item Model: Home, Item ID: 1
2024-12-23 10:32:38,941 - application.list_utils - DEBUG - get_list_entries_for_item [list_utils.py:438] - User List ID: 1 User List Name: bob Homes
2024-12-23 10:32:38,941 - application.list_utils - DEBUG - get_list_entries_for_item [list_utils.py:439] - user: 1
2024-12-23 10:32:38,947 - application.list_utils - DEBUG - get_userlist [list_utils.py:308] - get_userlist(): item_model: Floor, list_name: None, parent_entry_id: 1
2024-12-23 10:32:38,965 - application.list_utils - DEBUG - get_userlist [list_utils.py:322] - lists found (model, parent): [<UserList 2>]
2024-12-23 10:32:38,965 - application.list_utils - DEBUG - get_list_entries_for_item [list_utils.py:428] - found_entries for <Floor 1>: [<UserListEntry 2>]
2024-12-23 10:32:38,970 - application.list_utils - DEBUG - get_userlist [list_utils.py:349] - len(lists) == 1: None Floor 1
2024-12-23 10:32:38,972 - application.list_utils - DEBUG - get_userlist [list_utils.py:368] - userlist.entries: [<UserListEntry 2>, <UserListEntry 3>, <UserListEntry 4>, <UserListEntry 21>] List type: <class 'sqlalchemy.orm.collections.InstrumentedList'>
2024-12-23 10:32:38,972 - application.list_utils - DEBUG - get_list_entries_for_item [list_utils.py:436] - Entry: <UserListEntry 2>
2024-12-23 10:32:38,973 - application.list_utils - DEBUG - get_userlist [list_utils.py:370] - List: iotsmstmi Floors, Order: 5
2024-12-23 10:32:38,973 - application.list_utils - DEBUG - get_list_entries_for_item [list_utils.py:437] - Item Model: Floor, Item ID: 1
2024-12-23 10:32:38,973 - application.list_utils - DEBUG - get_userlist [list_utils.py:370] - List: iotsmstmi Floors, Order: 7
2024-12-23 10:32:38,974 - application.list_utils - DEBUG - get_list_entries_for_item [list_utils.py:438] - User List ID: 2 User List Name: iotsmstmi Floors
2024-12-23 10:32:38,975 - application.list_utils - DEBUG - get_userlist [list_utils.py:370] - List: iotsmstmi Floors, Order: 3
2024-12-23 10:32:38,983 - application.list_utils - DEBUG - get_list_entries_for_item [list_utils.py:439] - user: 1
2024-12-23 10:32:38,984 - application.list_utils - DEBUG - get_userlist [list_utils.py:370] - List: iotsmstmi Floors, Order: 1
2024-12-23 10:32:38,985 - application.list_utils - DEBUG - get_userlist [list_utils.py:308] - get_userlist(): item_model: Room, list_name: None, parent_entry_id: 2
2024-12-23 10:32:38,988 - application.list_utils - DEBUG - get_userlists_by_parent [list_utils.py:271] - get_userlists_by_parent: lists found (parent_entry_id)2: [<UserList 3>]
2024-12-23 10:32:38,992 - application.list_utils - DEBUG - get_userlist [list_utils.py:322] - lists found (model, parent): [<UserList 3>]
2024-12-23 10:32:38,992 - application.list_utils - DEBUG - get_userlists_by_parent [list_utils.py:271] - get_userlists_by_parent: lists found (parent_entry_id)3: [<UserList 4>]
2024-12-23 10:32:38,993 - application.list_utils - DEBUG - get_userlist [list_utils.py:349] - len(lists) == 1: None Room 2
2024-12-23 10:32:38,995 - application.list_utils - DEBUG - get_userlists_by_parent [list_utils.py:271] - get_userlists_by_parent: lists found (parent_entry_id)4: [<UserList 5>]
2024-12-23 10:32:38,995 - application.list_utils - DEBUG - get_userlist [list_utils.py:368] - userlist.entries: [<UserListEntry 35>] List type: <class 'sqlalchemy.orm.collections.InstrumentedList'>
2024-12-23 10:32:38,997 - application.list_utils - DEBUG - get_userlists_by_parent [list_utils.py:271] - get_userlists_by_parent: lists found (parent_entry_id)21: [<UserList 7>]
2024-12-23 10:32:38,997 - application.list_utils - DEBUG - get_userlist [list_utils.py:370] - List: iotsmstmi Main Floor Rooms, Order: 0
2024-12-23 10:32:39,000 - application.list_utils - DEBUG - get_userlists_by_parent [list_utils.py:271] - get_userlists_by_parent: lists found (parent_entry_id)35: [<UserList 20>]
2024-12-23 10:32:46,982 - application.walkthrough - DEBUG - views [walkthrough.py:68] - view: room
2024-12-23 10:32:46,982 - application.walkthrough - DEBUG - views [walkthrough.py:70] - view?: room
2024-12-23 10:32:46,982 - application.walkthrough - DEBUG - views [walkthrough.py:73] - File exists!: walkthrough/parts/room.html.jinja
2024-12-23 10:32:47,099 - application.list_utils - DEBUG - get_list_entries_for_item [list_utils.py:428] - found_entries for <Photo 8>: [<UserListEntry 34>]
2024-12-23 10:32:47,099 - application.list_utils - DEBUG - get_list_entries_for_item [list_utils.py:428] - found_entries for <Room 6>: [<UserListEntry 35>]
2024-12-23 10:32:47,100 - application.list_utils - DEBUG - get_list_entries_for_item [list_utils.py:436] - Entry: <UserListEntry 34>
2024-12-23 10:32:47,101 - application.list_utils - DEBUG - get_list_entries_for_item [list_utils.py:436] - Entry: <UserListEntry 35>
2024-12-23 10:32:47,101 - application.list_utils - DEBUG - get_list_entries_for_item [list_utils.py:437] - Item Model: Photo, Item ID: 8
2024-12-23 10:32:47,101 - application.list_utils - DEBUG - get_list_entries_for_item [list_utils.py:437] - Item Model: Room, Item ID: 6
2024-12-23 10:32:47,102 - application.list_utils - DEBUG - get_list_entries_for_item [list_utils.py:438] - User List ID: 20 User List Name: Bedroom 1 Photos
2024-12-23 10:32:47,102 - application.list_utils - DEBUG - get_list_entries_for_item [list_utils.py:438] - User List ID: 3 User List Name: iotsmstmi Main Floor Rooms
2024-12-23 10:32:47,102 - application.list_utils - DEBUG - get_list_entries_for_item [list_utils.py:439] - user: 1
2024-12-23 10:32:47,103 - application.list_utils - DEBUG - get_list_entries_for_item [list_utils.py:439] - user: 1
2024-12-23 10:32:47,104 - application.list_utils - DEBUG - get_userlist [list_utils.py:308] - get_userlist(): item_model: Task, list_name: None, parent_entry_id: 35
2024-12-23 10:32:47,107 - application.list_utils - DEBUG - get_userlist [list_utils.py:322] - lists found (model, parent): []
2024-12-23 10:32:47,108 - application.list_utils - DEBUG - get_userlist [list_utils.py:333] - No lists of type Task found for user 1
2024-12-23 10:32:51,136 - application.walkthrough - DEBUG - views [walkthrough.py:68] - view: quicknote
2024-12-23 10:32:51,136 - application.walkthrough - DEBUG - views [walkthrough.py:70] - view?: quicknote
2024-12-23 10:32:51,136 - application.walkthrough - DEBUG - views [walkthrough.py:73] - File exists!: walkthrough/parts/quicknote.html.jinja
2024-12-23 10:32:51,263 - application.list_utils - DEBUG - get_list_entries_for_item [list_utils.py:428] - found_entries for <Room 6>: [<UserListEntry 35>]
2024-12-23 10:32:51,264 - application.list_utils - DEBUG - get_list_entries_for_item [list_utils.py:436] - Entry: <UserListEntry 35>
2024-12-23 10:32:51,264 - application.list_utils - DEBUG - get_list_entries_for_item [list_utils.py:437] - Item Model: Room, Item ID: 6
2024-12-23 10:32:51,264 - application.list_utils - DEBUG - get_list_entries_for_item [list_utils.py:438] - User List ID: 3 User List Name: iotsmstmi Main Floor Rooms
2024-12-23 10:32:51,264 - application.list_utils - DEBUG - get_list_entries_for_item [list_utils.py:439] - user: 1
2024-12-23 10:32:51,264 - application.list_utils - DEBUG - get_userlist [list_utils.py:308] - get_userlist(): item_model: Task, list_name: None, parent_entry_id: 35
2024-12-23 10:32:51,266 - application.list_utils - DEBUG - get_userlist [list_utils.py:322] - lists found (model, parent): []
2024-12-23 10:32:51,266 - application.list_utils - DEBUG - get_userlist [list_utils.py:333] - No lists of type Task found for user 1
2024-12-23 10:32:51,267 - application.list_utils - DEBUG - default_list_name [list_utils.py:40] - default_list_name() A: item_model: Task, parent_entry_id: None
2024-12-23 10:32:51,267 - application.list_utils - DEBUG - default_list_name [list_utils.py:46] - room_id: 6
2024-12-23 10:32:51,267 - application.list_utils - DEBUG - get_list_entries_for_item [list_utils.py:428] - found_entries for <Room 6>: [<UserListEntry 35>]
2024-12-23 10:32:51,268 - application.list_utils - DEBUG - get_list_entries_for_item [list_utils.py:436] - Entry: <UserListEntry 35>
2024-12-23 10:32:51,268 - application.list_utils - DEBUG - get_list_entries_for_item [list_utils.py:437] - Item Model: Room, Item ID: 6
2024-12-23 10:32:51,268 - application.list_utils - DEBUG - get_list_entries_for_item [list_utils.py:438] - User List ID: 3 User List Name: iotsmstmi Main Floor Rooms
2024-12-23 10:32:51,268 - application.list_utils - DEBUG - get_list_entries_for_item [list_utils.py:439] - user: 1
2024-12-23 10:32:51,268 - application.list_utils - DEBUG - default_list_name [list_utils.py:55] - default_list_name() B: list_name: Bedroom 1 Tasks parent_entry_id: 35
2024-12-23 10:32:51,269 - application.list_utils - DEBUG - get_userlist [list_utils.py:308] - get_userlist(): item_model: Task, list_name: Bedroom 1 Tasks, parent_entry_id: 35
2024-12-23 10:32:51,274 - application.list_utils - DEBUG - get_userlist [list_utils.py:314] - lists found (All args): []
2024-12-23 10:32:51,275 - application.list_utils - DEBUG - get_userlist [list_utils.py:333] - No lists of type Task found for user 1
2024-12-23 10:32:51,276 - application.list_utils - DEBUG - create_user_list [list_utils.py:33] - create_user_list: new_list: <UserList (transient 4469952144)>
2024-12-23 10:32:51,283 - application.list_routes - DEBUG - create_item_and_entry [list_routes.py:78] - create_item_and_entry(): item_model: Task, list_id: 41, item_id: None, order: None, name: None
2024-12-23 10:32:51,284 - application.list_utils - DEBUG - add_item_to_list [list_utils.py:59] - add_item_to_list(): user_list_id: 41, item_model: Task, item_id: None, order: None, name: None
2024-12-23 10:32:51,284 - application.list_utils - DEBUG - create_new_default [list_utils.py:96] - create_new_default(): item_model: Task, name: None
2024-12-23 10:32:51,284 - application.list_utils - DEBUG - create_new_default [list_utils.py:178] - room_task_count: 0
2024-12-23 10:32:51,285 - application.list_utils - DEBUG - create_new_default [list_utils.py:180] - name (create_new_default): Bedroom 1 Task 1
2024-12-23 10:32:51,298 - application.list_routes - DEBUG - create_item_and_entry [list_routes.py:85] - retrieve: list
2024-12-23 10:32:51,299 - application.list_utils - DEBUG - get_userlists_by_parent [list_utils.py:273] - get_userlists_by_parent: No lists found for parent_entry_id 67
2024-12-23 10:32:53,086 - application.list_utils - DEBUG - default_list_name [list_utils.py:40] - default_list_name() A: item_model: Task, parent_entry_id: None
2024-12-23 10:32:53,087 - application.list_utils - DEBUG - default_list_name [list_utils.py:46] - room_id: 6
2024-12-23 10:32:53,089 - application.list_utils - DEBUG - get_list_entries_for_item [list_utils.py:428] - found_entries for <Room 6>: [<UserListEntry 35>]
2024-12-23 10:32:53,090 - application.list_utils - DEBUG - get_list_entries_for_item [list_utils.py:436] - Entry: <UserListEntry 35>
2024-12-23 10:32:53,090 - application.list_utils - DEBUG - get_list_entries_for_item [list_utils.py:437] - Item Model: Room, Item ID: 6
2024-12-23 10:32:53,090 - application.list_utils - DEBUG - get_list_entries_for_item [list_utils.py:438] - User List ID: 3 User List Name: iotsmstmi Main Floor Rooms
2024-12-23 10:32:53,090 - application.list_utils - DEBUG - get_list_entries_for_item [list_utils.py:439] - user: 1
2024-12-23 10:32:53,090 - application.list_utils - DEBUG - default_list_name [list_utils.py:55] - default_list_name() B: list_name: Bedroom 1 Tasks parent_entry_id: 35
2024-12-23 10:32:53,090 - application.list_utils - DEBUG - get_userlist [list_utils.py:308] - get_userlist(): item_model: Task, list_name: Bedroom 1 Tasks, parent_entry_id: 35
2024-12-23 10:32:53,091 - application.list_utils - DEBUG - get_userlist [list_utils.py:314] - lists found (All args): [<UserList 41>]
2024-12-23 10:32:53,091 - application.list_utils - DEBUG - get_userlist [list_utils.py:349] - len(lists) == 1: Bedroom 1 Tasks Task 35
2024-12-23 10:32:53,092 - application.list_utils - DEBUG - get_userlist [list_utils.py:368] - userlist.entries: [<UserListEntry 67>] List type: <class 'sqlalchemy.orm.collections.InstrumentedList'>
2024-12-23 10:32:53,092 - application.list_utils - DEBUG - get_userlist [list_utils.py:370] - List: Bedroom 1 Tasks, Order: 0
2024-12-23 10:32:53,093 - application.list_routes - DEBUG - create_item_and_entry [list_routes.py:78] - create_item_and_entry(): item_model: Task, list_id: 41, item_id: None, order: None, name: 
2024-12-23 10:32:53,093 - application.list_utils - DEBUG - add_item_to_list [list_utils.py:59] - add_item_to_list(): user_list_id: 41, item_model: Task, item_id: None, order: None, name: 
2024-12-23 10:32:53,093 - application.list_utils - DEBUG - create_new_default [list_utils.py:96] - create_new_default(): item_model: Task, name: 
2024-12-23 10:32:53,093 - application.list_utils - DEBUG - create_new_default [list_utils.py:178] - room_task_count: 1
2024-12-23 10:32:53,094 - application.list_utils - DEBUG - create_new_default [list_utils.py:180] - name (create_new_default): Bedroom 1 Task 2
2024-12-23 10:32:53,101 - application.list_routes - DEBUG - create_item_and_entry [list_routes.py:90] - Item added to list: Task entry 9
2024-12-23 10:32:55,444 - application.list_utils - DEBUG - default_list_name [list_utils.py:40] - default_list_name() A: item_model: Task, parent_entry_id: None
2024-12-23 10:32:55,444 - application.list_utils - DEBUG - default_list_name [list_utils.py:46] - room_id: 6
2024-12-23 10:32:55,445 - application.list_utils - DEBUG - get_list_entries_for_item [list_utils.py:428] - found_entries for <Room 6>: [<UserListEntry 35>]
2024-12-23 10:32:55,446 - application.list_utils - DEBUG - get_list_entries_for_item [list_utils.py:436] - Entry: <UserListEntry 35>
2024-12-23 10:32:55,446 - application.list_utils - DEBUG - get_list_entries_for_item [list_utils.py:437] - Item Model: Room, Item ID: 6
2024-12-23 10:32:55,446 - application.list_utils - DEBUG - get_list_entries_for_item [list_utils.py:438] - User List ID: 3 User List Name: iotsmstmi Main Floor Rooms
2024-12-23 10:32:55,447 - application.list_utils - DEBUG - get_list_entries_for_item [list_utils.py:439] - user: 1
2024-12-23 10:32:55,447 - application.list_utils - DEBUG - default_list_name [list_utils.py:55] - default_list_name() B: list_name: Bedroom 1 Tasks parent_entry_id: 35
2024-12-23 10:32:55,447 - application.list_utils - DEBUG - get_userlist [list_utils.py:308] - get_userlist(): item_model: Task, list_name: Bedroom 1 Tasks, parent_entry_id: 35
2024-12-23 10:32:55,448 - application.list_utils - DEBUG - get_userlist [list_utils.py:314] - lists found (All args): [<UserList 41>]
2024-12-23 10:32:55,448 - application.list_utils - DEBUG - get_userlist [list_utils.py:349] - len(lists) == 1: Bedroom 1 Tasks Task 35
2024-12-23 10:32:55,448 - application.list_utils - DEBUG - get_userlist [list_utils.py:368] - userlist.entries: [<UserListEntry 67>, <UserListEntry 68>] List type: <class 'sqlalchemy.orm.collections.InstrumentedList'>
2024-12-23 10:32:55,448 - application.list_utils - DEBUG - get_userlist [list_utils.py:370] - List: Bedroom 1 Tasks, Order: 0
2024-12-23 10:32:55,448 - application.list_utils - DEBUG - get_userlist [list_utils.py:370] - List: Bedroom 1 Tasks, Order: 1
2024-12-23 10:32:55,449 - application.list_routes - DEBUG - create_item_and_entry [list_routes.py:78] - create_item_and_entry(): item_model: Task, list_id: 41, item_id: None, order: None, name: 
2024-12-23 10:32:55,449 - application.list_utils - DEBUG - add_item_to_list [list_utils.py:59] - add_item_to_list(): user_list_id: 41, item_model: Task, item_id: None, order: None, name: 
2024-12-23 10:32:55,449 - application.list_utils - DEBUG - create_new_default [list_utils.py:96] - create_new_default(): item_model: Task, name: 
2024-12-23 10:32:55,449 - application.list_utils - DEBUG - create_new_default [list_utils.py:178] - room_task_count: 2
2024-12-23 10:32:55,451 - application.list_utils - DEBUG - create_new_default [list_utils.py:180] - name (create_new_default): Bedroom 1 Task 3
2024-12-23 10:32:55,457 - application.list_routes - DEBUG - create_item_and_entry [list_routes.py:90] - Item added to list: Task entry 10
2024-12-23 10:32:57,408 - application.walkthrough - DEBUG - views [walkthrough.py:68] - view: room
2024-12-23 10:32:57,408 - application.walkthrough - DEBUG - views [walkthrough.py:70] - view?: room
2024-12-23 10:32:57,408 - application.walkthrough - DEBUG - views [walkthrough.py:73] - File exists!: walkthrough/parts/room.html.jinja
2024-12-23 10:32:57,499 - application.list_utils - DEBUG - get_list_entries_for_item [list_utils.py:428] - found_entries for <Photo 8>: [<UserListEntry 34>]
2024-12-23 10:32:57,500 - application.list_utils - DEBUG - get_list_entries_for_item [list_utils.py:428] - found_entries for <Room 6>: [<UserListEntry 35>]
2024-12-23 10:32:57,501 - application.list_utils - DEBUG - get_list_entries_for_item [list_utils.py:436] - Entry: <UserListEntry 34>
2024-12-23 10:32:57,502 - application.list_utils - DEBUG - get_list_entries_for_item [list_utils.py:436] - Entry: <UserListEntry 35>
2024-12-23 10:32:57,502 - application.list_utils - DEBUG - get_list_entries_for_item [list_utils.py:437] - Item Model: Photo, Item ID: 8
2024-12-23 10:32:57,502 - application.list_utils - DEBUG - get_list_entries_for_item [list_utils.py:437] - Item Model: Room, Item ID: 6
2024-12-23 10:32:57,503 - application.list_utils - DEBUG - get_list_entries_for_item [list_utils.py:438] - User List ID: 20 User List Name: Bedroom 1 Photos
2024-12-23 10:32:57,503 - application.list_utils - DEBUG - get_list_entries_for_item [list_utils.py:438] - User List ID: 3 User List Name: iotsmstmi Main Floor Rooms
2024-12-23 10:32:57,503 - application.list_utils - DEBUG - get_list_entries_for_item [list_utils.py:439] - user: 1
2024-12-23 10:32:57,504 - application.list_utils - DEBUG - get_list_entries_for_item [list_utils.py:439] - user: 1
2024-12-23 10:32:57,505 - application.list_utils - DEBUG - get_userlist [list_utils.py:308] - get_userlist(): item_model: Task, list_name: None, parent_entry_id: 35
2024-12-23 10:32:57,508 - application.list_utils - DEBUG - get_userlist [list_utils.py:322] - lists found (model, parent): [<UserList 41>]
2024-12-23 10:32:57,509 - application.list_utils - DEBUG - get_userlist [list_utils.py:349] - len(lists) == 1: None Task 35
2024-12-23 10:32:57,510 - application.list_utils - DEBUG - get_userlist [list_utils.py:368] - userlist.entries: [<UserListEntry 67>, <UserListEntry 68>, <UserListEntry 69>] List type: <class 'sqlalchemy.orm.collections.InstrumentedList'>
2024-12-23 10:32:57,510 - application.list_utils - DEBUG - get_userlist [list_utils.py:370] - List: Bedroom 1 Tasks, Order: 0
2024-12-23 10:32:57,511 - application.list_utils - DEBUG - get_userlist [list_utils.py:370] - List: Bedroom 1 Tasks, Order: 1
2024-12-23 10:32:57,511 - application.list_utils - DEBUG - get_userlist [list_utils.py:370] - List: Bedroom 1 Tasks, Order: 2
2024-12-23 10:32:57,517 - application.list_utils - DEBUG - get_userlists_by_parent [list_utils.py:273] - get_userlists_by_parent: No lists found for parent_entry_id 67
2024-12-23 10:32:57,518 - application.list_utils - DEBUG - get_userlists_by_parent [list_utils.py:273] - get_userlists_by_parent: No lists found for parent_entry_id 68
2024-12-23 10:32:57,519 - application.list_utils - DEBUG - get_userlists_by_parent [list_utils.py:273] - get_userlists_by_parent: No lists found for parent_entry_id 69
2024-12-23 10:33:09,671 - application.walkthrough - DEBUG - views [walkthrough.py:68] - view: room
2024-12-23 10:33:09,671 - application.walkthrough - DEBUG - views [walkthrough.py:70] - view?: room
2024-12-23 10:33:09,671 - application.walkthrough - DEBUG - views [walkthrough.py:73] - File exists!: walkthrough/parts/room.html.jinja
2024-12-23 10:33:09,795 - application.list_utils - DEBUG - get_list_entries_for_item [list_utils.py:428] - found_entries for <Photo 8>: [<UserListEntry 34>]
2024-12-23 10:33:09,795 - application.list_utils - DEBUG - get_list_entries_for_item [list_utils.py:428] - found_entries for <Room 6>: [<UserListEntry 35>]
2024-12-23 10:33:09,796 - application.list_utils - DEBUG - get_list_entries_for_item [list_utils.py:436] - Entry: <UserListEntry 34>
2024-12-23 10:33:09,797 - application.list_utils - DEBUG - get_list_entries_for_item [list_utils.py:436] - Entry: <UserListEntry 35>
2024-12-23 10:33:09,797 - application.list_utils - DEBUG - get_list_entries_for_item [list_utils.py:437] - Item Model: Photo, Item ID: 8
2024-12-23 10:33:09,797 - application.list_utils - DEBUG - get_list_entries_for_item [list_utils.py:437] - Item Model: Room, Item ID: 6
2024-12-23 10:33:09,798 - application.list_utils - DEBUG - get_list_entries_for_item [list_utils.py:438] - User List ID: 20 User List Name: Bedroom 1 Photos
2024-12-23 10:33:09,798 - application.list_utils - DEBUG - get_list_entries_for_item [list_utils.py:438] - User List ID: 3 User List Name: iotsmstmi Main Floor Rooms
2024-12-23 10:33:09,798 - application.list_utils - DEBUG - get_list_entries_for_item [list_utils.py:439] - user: 1
2024-12-23 10:33:09,798 - application.list_utils - DEBUG - get_list_entries_for_item [list_utils.py:439] - user: 1
2024-12-23 10:33:09,800 - application.list_utils - DEBUG - get_userlist [list_utils.py:308] - get_userlist(): item_model: Task, list_name: None, parent_entry_id: 35
2024-12-23 10:33:09,804 - application.list_utils - DEBUG - get_userlist [list_utils.py:322] - lists found (model, parent): [<UserList 41>]
2024-12-23 10:33:09,804 - application.list_utils - DEBUG - get_userlist [list_utils.py:349] - len(lists) == 1: None Task 35
2024-12-23 10:33:09,805 - application.list_utils - DEBUG - get_userlist [list_utils.py:368] - userlist.entries: [<UserListEntry 67>, <UserListEntry 68>, <UserListEntry 69>] List type: <class 'sqlalchemy.orm.collections.InstrumentedList'>
2024-12-23 10:33:09,806 - application.list_utils - DEBUG - get_userlist [list_utils.py:370] - List: Bedroom 1 Tasks, Order: 145
2024-12-23 10:33:09,807 - application.list_utils - DEBUG - get_userlist [list_utils.py:370] - List: Bedroom 1 Tasks, Order: 146
2024-12-23 10:33:09,808 - application.list_utils - DEBUG - get_userlist [list_utils.py:370] - List: Bedroom 1 Tasks, Order: 147
2024-12-23 10:33:09,810 - application.list_utils - DEBUG - get_userlists_by_parent [list_utils.py:273] - get_userlists_by_parent: No lists found for parent_entry_id 67
2024-12-23 10:33:09,812 - application.list_utils - DEBUG - get_userlists_by_parent [list_utils.py:273] - get_userlists_by_parent: No lists found for parent_entry_id 68
2024-12-23 10:33:09,813 - application.list_utils - DEBUG - get_userlists_by_parent [list_utils.py:273] - get_userlists_by_parent: No lists found for parent_entry_id 69
2024-12-23 10:39:44,640 - application.walkthrough - DEBUG - walk_start [walkthrough.py:34] - get room_name: Bedroom 1
2024-12-23 10:39:44,640 - application.walkthrough - DEBUG - walk_start [walkthrough.py:35] - get view: room
2024-12-23 10:39:44,642 - application.walkthrough - DEBUG - walk_start [walkthrough.py:39] - room: (<Room 6>,) room_name: Bedroom 1 room name name: Bedroom 1
2024-12-23 10:39:44,646 - application.rooms - DEBUG - set_active_room [rooms.py:120] - current_user.active_home.active_room: <Room 6>
2024-12-23 10:39:44,646 - application.walkthrough - DEBUG - walk_start [walkthrough.py:52] - view: room
2024-12-23 10:39:44,675 - application.walkthrough - DEBUG - views [walkthrough.py:70] - view?: room
2024-12-23 10:39:44,675 - application.walkthrough - DEBUG - views [walkthrough.py:73] - File exists!: walkthrough/parts/room.html.jinja
2024-12-23 10:39:45,012 - application.walkthrough - DEBUG - views [walkthrough.py:70] - view?: room
2024-12-23 10:39:45,018 - application.walkthrough - DEBUG - views [walkthrough.py:73] - File exists!: walkthrough/parts/room.html.jinja
2024-12-23 10:39:45,019 - application.list_utils - DEBUG - get_list_entries_for_item [list_utils.py:428] - found_entries for <Home 1>: [<UserListEntry 1>]
2024-12-23 10:39:45,028 - application.list_utils - DEBUG - get_list_entries_for_item [list_utils.py:436] - Entry: <UserListEntry 1>
2024-12-23 10:39:45,028 - application.list_utils - DEBUG - get_list_entries_for_item [list_utils.py:428] - found_entries for <Floor 1>: [<UserListEntry 2>]
2024-12-23 10:39:45,028 - application.list_utils - DEBUG - get_list_entries_for_item [list_utils.py:437] - Item Model: Home, Item ID: 1
2024-12-23 10:39:45,031 - application.list_utils - DEBUG - get_list_entries_for_item [list_utils.py:436] - Entry: <UserListEntry 2>
2024-12-23 10:39:45,032 - application.list_utils - DEBUG - get_list_entries_for_item [list_utils.py:438] - User List ID: 1 User List Name: bob Homes
2024-12-23 10:39:45,033 - application.list_utils - DEBUG - get_list_entries_for_item [list_utils.py:437] - Item Model: Floor, Item ID: 1
2024-12-23 10:39:45,033 - application.list_utils - DEBUG - get_list_entries_for_item [list_utils.py:439] - user: 1
2024-12-23 10:39:45,034 - application.list_utils - DEBUG - get_list_entries_for_item [list_utils.py:438] - User List ID: 2 User List Name: iotsmstmi Floors
2024-12-23 10:39:45,035 - application.list_utils - DEBUG - get_userlist [list_utils.py:308] - get_userlist(): item_model: Floor, list_name: None, parent_entry_id: 1
2024-12-23 10:39:45,036 - application.list_utils - DEBUG - get_list_entries_for_item [list_utils.py:439] - user: 1
2024-12-23 10:39:45,037 - application.list_utils - DEBUG - get_userlist [list_utils.py:308] - get_userlist(): item_model: Room, list_name: None, parent_entry_id: 2
2024-12-23 10:39:45,038 - application.list_utils - DEBUG - get_userlist [list_utils.py:322] - lists found (model, parent): [<UserList 2>]
2024-12-23 10:39:45,040 - application.list_utils - DEBUG - get_userlist [list_utils.py:322] - lists found (model, parent): [<UserList 3>]
2024-12-23 10:39:45,040 - application.list_utils - DEBUG - get_userlist [list_utils.py:349] - len(lists) == 1: None Floor 1
2024-12-23 10:39:45,040 - application.list_utils - DEBUG - get_userlist [list_utils.py:349] - len(lists) == 1: None Room 2
2024-12-23 10:39:45,040 - application.list_utils - DEBUG - get_userlist [list_utils.py:368] - userlist.entries: [<UserListEntry 2>, <UserListEntry 3>, <UserListEntry 4>, <UserListEntry 21>] List type: <class 'sqlalchemy.orm.collections.InstrumentedList'>
2024-12-23 10:39:45,041 - application.list_utils - DEBUG - get_userlist [list_utils.py:368] - userlist.entries: [<UserListEntry 35>] List type: <class 'sqlalchemy.orm.collections.InstrumentedList'>
2024-12-23 10:39:45,041 - application.list_utils - DEBUG - get_userlist [list_utils.py:370] - List: iotsmstmi Main Floor Rooms, Order: 0
2024-12-23 10:39:45,041 - application.list_utils - DEBUG - get_userlist [list_utils.py:370] - List: iotsmstmi Floors, Order: 5
2024-12-23 10:39:45,043 - application.list_utils - DEBUG - get_userlist [list_utils.py:370] - List: iotsmstmi Floors, Order: 7
2024-12-23 10:39:45,044 - application.list_utils - DEBUG - get_userlist [list_utils.py:370] - List: iotsmstmi Floors, Order: 3
2024-12-23 10:39:45,045 - application.list_utils - DEBUG - get_userlist [list_utils.py:370] - List: iotsmstmi Floors, Order: 1
2024-12-23 10:39:45,043 - application.list_utils - DEBUG - get_userlists_by_parent [list_utils.py:271] - get_userlists_by_parent: lists found (parent_entry_id)35: [<UserList 20>, <UserList 41>]
2024-12-23 10:39:45,047 - application.list_utils - DEBUG - get_userlists_by_parent [list_utils.py:271] - get_userlists_by_parent: lists found (parent_entry_id)2: [<UserList 3>]
2024-12-23 10:39:45,051 - application.list_utils - DEBUG - get_userlists_by_parent [list_utils.py:271] - get_userlists_by_parent: lists found (parent_entry_id)3: [<UserList 4>]
2024-12-23 10:39:45,054 - application.list_utils - DEBUG - get_userlists_by_parent [list_utils.py:271] - get_userlists_by_parent: lists found (parent_entry_id)4: [<UserList 5>]
2024-12-23 10:39:45,056 - application.list_utils - DEBUG - get_userlists_by_parent [list_utils.py:271] - get_userlists_by_parent: lists found (parent_entry_id)21: [<UserList 7>]
2024-12-23 10:39:45,309 - application.list_utils - DEBUG - get_list_entries_for_item [list_utils.py:428] - found_entries for <Photo 8>: [<UserListEntry 34>]
2024-12-23 10:39:45,313 - application.list_utils - DEBUG - get_list_entries_for_item [list_utils.py:436] - Entry: <UserListEntry 34>
2024-12-23 10:39:45,313 - application.list_utils - DEBUG - get_list_entries_for_item [list_utils.py:428] - found_entries for <Room 6>: [<UserListEntry 35>]
2024-12-23 10:39:45,313 - application.list_utils - DEBUG - get_list_entries_for_item [list_utils.py:437] - Item Model: Photo, Item ID: 8
2024-12-23 10:39:45,314 - application.list_utils - DEBUG - get_list_entries_for_item [list_utils.py:436] - Entry: <UserListEntry 35>
2024-12-23 10:39:45,314 - application.list_utils - DEBUG - get_list_entries_for_item [list_utils.py:438] - User List ID: 20 User List Name: Bedroom 1 Photos
2024-12-23 10:39:45,314 - application.list_utils - DEBUG - get_list_entries_for_item [list_utils.py:437] - Item Model: Room, Item ID: 6
2024-12-23 10:39:45,315 - application.list_utils - DEBUG - get_list_entries_for_item [list_utils.py:439] - user: 1
2024-12-23 10:39:45,315 - application.list_utils - DEBUG - get_list_entries_for_item [list_utils.py:438] - User List ID: 3 User List Name: iotsmstmi Main Floor Rooms
2024-12-23 10:39:45,316 - application.list_utils - DEBUG - get_list_entries_for_item [list_utils.py:439] - user: 1
2024-12-23 10:39:45,317 - application.list_utils - DEBUG - get_userlist [list_utils.py:308] - get_userlist(): item_model: Task, list_name: None, parent_entry_id: 35
2024-12-23 10:39:45,321 - application.list_utils - DEBUG - get_userlist [list_utils.py:322] - lists found (model, parent): [<UserList 41>]
2024-12-23 10:39:45,322 - application.list_utils - DEBUG - get_userlist [list_utils.py:349] - len(lists) == 1: None Task 35
2024-12-23 10:39:45,323 - application.list_utils - DEBUG - get_userlist [list_utils.py:368] - userlist.entries: [<UserListEntry 67>, <UserListEntry 68>, <UserListEntry 69>] List type: <class 'sqlalchemy.orm.collections.InstrumentedList'>
2024-12-23 10:39:45,324 - application.list_utils - DEBUG - get_userlist [list_utils.py:370] - List: Bedroom 1 Tasks, Order: 145
2024-12-23 10:39:45,324 - application.list_utils - DEBUG - get_userlist [list_utils.py:370] - List: Bedroom 1 Tasks, Order: 146
2024-12-23 10:39:45,324 - application.list_utils - DEBUG - get_userlist [list_utils.py:370] - List: Bedroom 1 Tasks, Order: 147
2024-12-23 10:39:45,327 - application.list_utils - DEBUG - get_userlists_by_parent [list_utils.py:273] - get_userlists_by_parent: No lists found for parent_entry_id 67
2024-12-23 10:39:45,328 - application.list_utils - DEBUG - get_userlists_by_parent [list_utils.py:273] - get_userlists_by_parent: No lists found for parent_entry_id 68
2024-12-23 10:39:45,329 - application.list_utils - DEBUG - get_userlists_by_parent [list_utils.py:273] - get_userlists_by_parent: No lists found for parent_entry_id 69
2024-12-23 10:39:48,522 - application.walkthrough - DEBUG - views [walkthrough.py:68] - view: pingridtest
2024-12-23 10:39:48,523 - application.walkthrough - DEBUG - views [walkthrough.py:70] - view?: pingridtest
2024-12-23 10:39:48,523 - application.walkthrough - DEBUG - views [walkthrough.py:73] - File exists!: walkthrough/parts/pingridtest.html.jinja
2024-12-23 10:39:48,607 - application.list_utils - DEBUG - get_list_entries_for_item [list_utils.py:428] - found_entries for <Photo 8>: [<UserListEntry 34>]
2024-12-23 10:39:48,608 - application.list_utils - DEBUG - get_list_entries_for_item [list_utils.py:428] - found_entries for <Room 6>: [<UserListEntry 35>]
2024-12-23 10:39:48,609 - application.list_utils - DEBUG - get_list_entries_for_item [list_utils.py:436] - Entry: <UserListEntry 34>
2024-12-23 10:39:48,609 - application.list_utils - DEBUG - get_list_entries_for_item [list_utils.py:436] - Entry: <UserListEntry 35>
2024-12-23 10:39:48,610 - application.list_utils - DEBUG - get_list_entries_for_item [list_utils.py:437] - Item Model: Photo, Item ID: 8
2024-12-23 10:39:48,610 - application.list_utils - DEBUG - get_list_entries_for_item [list_utils.py:437] - Item Model: Room, Item ID: 6
2024-12-23 10:39:48,610 - application.list_utils - DEBUG - get_list_entries_for_item [list_utils.py:438] - User List ID: 20 User List Name: Bedroom 1 Photos
2024-12-23 10:39:48,610 - application.list_utils - DEBUG - get_list_entries_for_item [list_utils.py:438] - User List ID: 3 User List Name: iotsmstmi Main Floor Rooms
2024-12-23 10:39:48,611 - application.list_utils - DEBUG - get_list_entries_for_item [list_utils.py:439] - user: 1
2024-12-23 10:39:48,611 - application.list_utils - DEBUG - get_list_entries_for_item [list_utils.py:439] - user: 1
2024-12-23 10:39:48,614 - application.list_utils - DEBUG - get_userlist [list_utils.py:308] - get_userlist(): item_model: Task, list_name: None, parent_entry_id: 35
2024-12-23 10:39:48,615 - application.list_utils - DEBUG - get_userlist [list_utils.py:322] - lists found (model, parent): [<UserList 41>]
2024-12-23 10:39:48,616 - application.list_utils - DEBUG - get_userlist [list_utils.py:349] - len(lists) == 1: None Task 35
2024-12-23 10:39:48,618 - application.list_utils - DEBUG - get_userlist [list_utils.py:368] - userlist.entries: [<UserListEntry 67>, <UserListEntry 68>, <UserListEntry 69>] List type: <class 'sqlalchemy.orm.collections.InstrumentedList'>
2024-12-23 10:39:48,619 - application.list_utils - DEBUG - get_userlist [list_utils.py:370] - List: Bedroom 1 Tasks, Order: 145
2024-12-23 10:39:48,620 - application.list_utils - DEBUG - get_userlist [list_utils.py:370] - List: Bedroom 1 Tasks, Order: 146
2024-12-23 10:39:48,621 - application.list_utils - DEBUG - get_userlist [list_utils.py:370] - List: Bedroom 1 Tasks, Order: 147
2024-12-23 10:39:48,623 - application.list_utils - DEBUG - get_userlists_by_parent [list_utils.py:273] - get_userlists_by_parent: No lists found for parent_entry_id 67
2024-12-23 10:39:48,625 - application.list_utils - DEBUG - get_userlists_by_parent [list_utils.py:273] - get_userlists_by_parent: No lists found for parent_entry_id 68
2024-12-23 10:39:48,628 - application.list_utils - DEBUG - get_userlists_by_parent [list_utils.py:273] - get_userlists_by_parent: No lists found for parent_entry_id 69
2024-12-23 10:39:51,870 - application.list_routes - DEBUG - create_item_and_entry [list_routes.py:78] - create_item_and_entry(): item_model: Pin, list_id: 21, item_id: None, order: 65, name: Bedroom 1 Task 1
2024-12-23 10:39:51,872 - application.list_utils - DEBUG - add_item_to_list [list_utils.py:59] - add_item_to_list(): user_list_id: 21, item_model: Pin, item_id: None, order: 65, name: Bedroom 1 Task 1
2024-12-23 10:39:51,872 - application.list_utils - DEBUG - create_new_default [list_utils.py:96] - create_new_default(): item_model: Pin, name: Bedroom 1 Task 1
2024-12-23 10:39:51,878 - application.database.events - DEBUG - remove_old_pin_and_entry_if_duplicate_task_on_photo [events.py:72] - remove_old_pin_and_entry_if_duplicate_task_on_photo called for pin: <Pin (pending 4471275792)>
2024-12-23 10:39:51,878 - application.database.events - DEBUG - remove_old_pin_and_entry_if_duplicate_task_on_photo [events.py:73] - old_pin1: None
2024-12-23 10:39:51,878 - application.database.events - DEBUG - remove_old_pin_and_entry_if_duplicate_task_on_photo [events.py:83] - No matching pin found, nothing to delete.
2024-12-23 10:39:51,881 - application.list_utils - DEBUG - create_new_default [list_utils.py:241] - new default pin new_item: <Pin 8> photo_id: 8 task_id: 8 pinlist_obj: <UserList 21>
2024-12-23 10:39:51,886 - application.list_routes - DEBUG - create_item_and_entry [list_routes.py:90] - Item added to list: Pin entry 8
2024-12-23 10:49:36,850 - application.walkthrough - DEBUG - views [walkthrough.py:68] - view: sortphotos
2024-12-23 10:49:36,850 - application.walkthrough - DEBUG - views [walkthrough.py:70] - view?: sortphotos
2024-12-23 10:49:36,850 - application.walkthrough - DEBUG - views [walkthrough.py:73] - File exists!: walkthrough/parts/sortphotos.html.jinja
2024-12-23 10:49:36,988 - application.list_utils - DEBUG - get_list_entries_for_item [list_utils.py:428] - found_entries for <Photo 8>: [<UserListEntry 34>]
2024-12-23 10:49:36,988 - application.list_utils - DEBUG - get_list_entries_for_item [list_utils.py:428] - found_entries for <Room 6>: [<UserListEntry 35>]
2024-12-23 10:49:36,989 - application.list_utils - DEBUG - get_list_entries_for_item [list_utils.py:436] - Entry: <UserListEntry 34>
2024-12-23 10:49:36,990 - application.list_utils - DEBUG - get_list_entries_for_item [list_utils.py:436] - Entry: <UserListEntry 35>
2024-12-23 10:49:36,990 - application.list_utils - DEBUG - get_list_entries_for_item [list_utils.py:437] - Item Model: Photo, Item ID: 8
2024-12-23 10:49:36,990 - application.list_utils - DEBUG - get_list_entries_for_item [list_utils.py:437] - Item Model: Room, Item ID: 6
2024-12-23 10:49:36,990 - application.list_utils - DEBUG - get_list_entries_for_item [list_utils.py:438] - User List ID: 20 User List Name: Bedroom 1 Photos
2024-12-23 10:49:36,991 - application.list_utils - DEBUG - get_list_entries_for_item [list_utils.py:438] - User List ID: 3 User List Name: iotsmstmi Main Floor Rooms
2024-12-23 10:49:36,991 - application.list_utils - DEBUG - get_list_entries_for_item [list_utils.py:439] - user: 1
2024-12-23 10:49:36,991 - application.list_utils - DEBUG - get_list_entries_for_item [list_utils.py:439] - user: 1
2024-12-23 10:49:36,992 - application.list_utils - DEBUG - get_userlist [list_utils.py:308] - get_userlist(): item_model: Photo, list_name: None, parent_entry_id: 35
2024-12-23 10:49:36,994 - application.list_utils - DEBUG - get_userlist [list_utils.py:322] - lists found (model, parent): [<UserList 20>]
2024-12-23 10:49:36,995 - application.list_utils - DEBUG - get_userlist [list_utils.py:349] - len(lists) == 1: None Photo 35
2024-12-23 10:49:36,995 - application.list_utils - DEBUG - get_userlist [list_utils.py:368] - userlist.entries: [<UserListEntry 34>] List type: <class 'sqlalchemy.orm.collections.InstrumentedList'>
2024-12-23 10:49:36,996 - application.list_utils - DEBUG - get_userlist [list_utils.py:370] - List: Bedroom 1 Photos, Order: 0
2024-12-23 10:49:36,998 - application.list_utils - DEBUG - get_userlists_by_parent [list_utils.py:271] - get_userlists_by_parent: lists found (parent_entry_id)34: [<UserList 21>]
2024-12-23 10:49:37,073 - application.list_utils - DEBUG - get_userlists_by_parent [list_utils.py:273] - get_userlists_by_parent: No lists found for parent_entry_id 70
2024-12-23 10:49:37,077 - application.list_utils - DEBUG - get_userlists_by_parent [list_utils.py:273] - get_userlists_by_parent: No lists found for parent_entry_id 70
2024-12-23 10:50:09,945 - application.walkthrough - DEBUG - walk_start [walkthrough.py:34] - get room_name: Bedroom 1
2024-12-23 10:50:09,945 - application.walkthrough - DEBUG - walk_start [walkthrough.py:35] - get view: sortphotos
2024-12-23 10:50:09,946 - application.walkthrough - DEBUG - walk_start [walkthrough.py:39] - room: (<Room 6>,) room_name: Bedroom 1 room name name: Bedroom 1
2024-12-23 10:50:09,949 - application.rooms - DEBUG - set_active_room [rooms.py:120] - current_user.active_home.active_room: <Room 6>
2024-12-23 10:50:09,950 - application.walkthrough - DEBUG - walk_start [walkthrough.py:52] - view: sortphotos
2024-12-23 10:50:09,966 - application.walkthrough - DEBUG - views [walkthrough.py:70] - view?: sortphotos
2024-12-23 10:50:09,967 - application.walkthrough - DEBUG - views [walkthrough.py:73] - File exists!: walkthrough/parts/sortphotos.html.jinja
2024-12-23 10:50:10,279 - application.walkthrough - DEBUG - views [walkthrough.py:70] - view?: sortphotos
2024-12-23 10:50:10,281 - application.walkthrough - DEBUG - views [walkthrough.py:73] - File exists!: walkthrough/parts/sortphotos.html.jinja
2024-12-23 10:50:10,282 - application.list_utils - DEBUG - get_list_entries_for_item [list_utils.py:428] - found_entries for <Home 1>: [<UserListEntry 1>]
2024-12-23 10:50:10,285 - application.list_utils - DEBUG - get_list_entries_for_item [list_utils.py:436] - Entry: <UserListEntry 1>
2024-12-23 10:50:10,286 - application.list_utils - DEBUG - get_list_entries_for_item [list_utils.py:437] - Item Model: Home, Item ID: 1
2024-12-23 10:50:10,287 - application.list_utils - DEBUG - get_list_entries_for_item [list_utils.py:428] - found_entries for <Floor 1>: [<UserListEntry 2>]
2024-12-23 10:50:10,288 - application.list_utils - DEBUG - get_list_entries_for_item [list_utils.py:438] - User List ID: 1 User List Name: bob Homes
2024-12-23 10:50:10,305 - application.list_utils - DEBUG - get_list_entries_for_item [list_utils.py:439] - user: 1
2024-12-23 10:50:10,307 - application.list_utils - DEBUG - get_list_entries_for_item [list_utils.py:436] - Entry: <UserListEntry 2>
2024-12-23 10:50:10,308 - application.list_utils - DEBUG - get_userlist [list_utils.py:308] - get_userlist(): item_model: Floor, list_name: None, parent_entry_id: 1
2024-12-23 10:50:10,309 - application.list_utils - DEBUG - get_list_entries_for_item [list_utils.py:437] - Item Model: Floor, Item ID: 1
2024-12-23 10:50:10,311 - application.list_utils - DEBUG - get_list_entries_for_item [list_utils.py:438] - User List ID: 2 User List Name: iotsmstmi Floors
2024-12-23 10:50:10,312 - application.list_utils - DEBUG - get_list_entries_for_item [list_utils.py:439] - user: 1
2024-12-23 10:50:10,313 - application.list_utils - DEBUG - get_userlist [list_utils.py:322] - lists found (model, parent): [<UserList 2>]
2024-12-23 10:50:10,313 - application.list_utils - DEBUG - get_userlist [list_utils.py:308] - get_userlist(): item_model: Room, list_name: None, parent_entry_id: 2
2024-12-23 10:50:10,313 - application.list_utils - DEBUG - get_userlist [list_utils.py:349] - len(lists) == 1: None Floor 1
2024-12-23 10:50:10,316 - application.list_utils - DEBUG - get_userlist [list_utils.py:322] - lists found (model, parent): [<UserList 3>]
2024-12-23 10:50:10,317 - application.list_utils - DEBUG - get_userlist [list_utils.py:368] - userlist.entries: [<UserListEntry 2>, <UserListEntry 3>, <UserListEntry 4>, <UserListEntry 21>] List type: <class 'sqlalchemy.orm.collections.InstrumentedList'>
2024-12-23 10:50:10,318 - application.list_utils - DEBUG - get_userlist [list_utils.py:349] - len(lists) == 1: None Room 2
2024-12-23 10:50:10,318 - application.list_utils - DEBUG - get_userlist [list_utils.py:370] - List: iotsmstmi Floors, Order: 5
2024-12-23 10:50:10,319 - application.list_utils - DEBUG - get_userlist [list_utils.py:368] - userlist.entries: [<UserListEntry 35>] List type: <class 'sqlalchemy.orm.collections.InstrumentedList'>
2024-12-23 10:50:10,319 - application.list_utils - DEBUG - get_userlist [list_utils.py:370] - List: iotsmstmi Floors, Order: 7
2024-12-23 10:50:10,320 - application.list_utils - DEBUG - get_userlist [list_utils.py:370] - List: iotsmstmi Main Floor Rooms, Order: 0
2024-12-23 10:50:10,320 - application.list_utils - DEBUG - get_userlist [list_utils.py:370] - List: iotsmstmi Floors, Order: 3
2024-12-23 10:50:10,322 - application.list_utils - DEBUG - get_userlists_by_parent [list_utils.py:271] - get_userlists_by_parent: lists found (parent_entry_id)35: [<UserList 20>, <UserList 41>]
2024-12-23 10:50:10,322 - application.list_utils - DEBUG - get_userlist [list_utils.py:370] - List: iotsmstmi Floors, Order: 1
2024-12-23 10:50:10,325 - application.list_utils - DEBUG - get_userlists_by_parent [list_utils.py:271] - get_userlists_by_parent: lists found (parent_entry_id)2: [<UserList 3>]
2024-12-23 10:50:10,330 - application.list_utils - DEBUG - get_userlists_by_parent [list_utils.py:271] - get_userlists_by_parent: lists found (parent_entry_id)3: [<UserList 4>]
2024-12-23 10:50:10,333 - application.list_utils - DEBUG - get_userlists_by_parent [list_utils.py:271] - get_userlists_by_parent: lists found (parent_entry_id)4: [<UserList 5>]
2024-12-23 10:50:10,335 - application.list_utils - DEBUG - get_userlists_by_parent [list_utils.py:271] - get_userlists_by_parent: lists found (parent_entry_id)21: [<UserList 7>]
2024-12-23 10:50:10,564 - application.list_utils - DEBUG - get_list_entries_for_item [list_utils.py:428] - found_entries for <Room 6>: [<UserListEntry 35>]
2024-12-23 10:50:10,565 - application.list_utils - DEBUG - get_list_entries_for_item [list_utils.py:428] - found_entries for <Photo 8>: [<UserListEntry 34>]
2024-12-23 10:50:10,566 - application.list_utils - DEBUG - get_list_entries_for_item [list_utils.py:436] - Entry: <UserListEntry 35>
2024-12-23 10:50:10,566 - application.list_utils - DEBUG - get_list_entries_for_item [list_utils.py:436] - Entry: <UserListEntry 34>
2024-12-23 10:50:10,567 - application.list_utils - DEBUG - get_list_entries_for_item [list_utils.py:437] - Item Model: Room, Item ID: 6
2024-12-23 10:50:10,567 - application.list_utils - DEBUG - get_list_entries_for_item [list_utils.py:437] - Item Model: Photo, Item ID: 8
2024-12-23 10:50:10,567 - application.list_utils - DEBUG - get_list_entries_for_item [list_utils.py:438] - User List ID: 3 User List Name: iotsmstmi Main Floor Rooms
2024-12-23 10:50:10,568 - application.list_utils - DEBUG - get_list_entries_for_item [list_utils.py:438] - User List ID: 20 User List Name: Bedroom 1 Photos
2024-12-23 10:50:10,568 - application.list_utils - DEBUG - get_list_entries_for_item [list_utils.py:439] - user: 1
2024-12-23 10:50:10,568 - application.list_utils - DEBUG - get_list_entries_for_item [list_utils.py:439] - user: 1
2024-12-23 10:50:10,568 - application.list_utils - DEBUG - get_userlist [list_utils.py:308] - get_userlist(): item_model: Photo, list_name: None, parent_entry_id: 35
2024-12-23 10:50:10,573 - application.list_utils - DEBUG - get_userlist [list_utils.py:322] - lists found (model, parent): [<UserList 20>]
2024-12-23 10:50:10,576 - application.list_utils - DEBUG - get_userlist [list_utils.py:349] - len(lists) == 1: None Photo 35
2024-12-23 10:50:10,576 - application.list_utils - DEBUG - get_userlist [list_utils.py:368] - userlist.entries: [<UserListEntry 34>] List type: <class 'sqlalchemy.orm.collections.InstrumentedList'>
2024-12-23 10:50:10,577 - application.list_utils - DEBUG - get_userlist [list_utils.py:370] - List: Bedroom 1 Photos, Order: 0
2024-12-23 10:50:10,580 - application.list_utils - DEBUG - get_userlists_by_parent [list_utils.py:271] - get_userlists_by_parent: lists found (parent_entry_id)34: [<UserList 21>]
2024-12-23 10:50:10,767 - application.list_utils - DEBUG - get_userlists_by_parent [list_utils.py:273] - get_userlists_by_parent: No lists found for parent_entry_id 70
2024-12-23 10:50:10,771 - application.list_utils - DEBUG - get_userlists_by_parent [list_utils.py:273] - get_userlists_by_parent: No lists found for parent_entry_id 70
2024-12-23 10:50:39,366 - application.walkthrough - DEBUG - walk_start [walkthrough.py:34] - get room_name: Bedroom 1
2024-12-23 10:50:39,367 - application.walkthrough - DEBUG - walk_start [walkthrough.py:35] - get view: sortphotos
2024-12-23 10:50:39,368 - application.walkthrough - DEBUG - walk_start [walkthrough.py:39] - room: (<Room 6>,) room_name: Bedroom 1 room name name: Bedroom 1
2024-12-23 10:50:39,371 - application.rooms - DEBUG - set_active_room [rooms.py:120] - current_user.active_home.active_room: <Room 6>
2024-12-23 10:50:39,371 - application.walkthrough - DEBUG - walk_start [walkthrough.py:52] - view: sortphotos
2024-12-23 10:50:39,393 - application.walkthrough - DEBUG - views [walkthrough.py:70] - view?: sortphotos
2024-12-23 10:50:39,393 - application.walkthrough - DEBUG - views [walkthrough.py:73] - File exists!: walkthrough/parts/sortphotos.html.jinja
2024-12-23 10:50:39,807 - application.list_utils - DEBUG - get_list_entries_for_item [list_utils.py:428] - found_entries for <Home 1>: [<UserListEntry 1>]
2024-12-23 10:50:39,808 - application.list_utils - DEBUG - get_list_entries_for_item [list_utils.py:428] - found_entries for <Floor 1>: [<UserListEntry 2>]
2024-12-23 10:50:39,809 - application.list_utils - DEBUG - get_list_entries_for_item [list_utils.py:436] - Entry: <UserListEntry 1>
2024-12-23 10:50:39,809 - application.list_utils - DEBUG - get_list_entries_for_item [list_utils.py:437] - Item Model: Home, Item ID: 1
2024-12-23 10:50:39,810 - application.list_utils - DEBUG - get_list_entries_for_item [list_utils.py:438] - User List ID: 1 User List Name: bob Homes
2024-12-23 10:50:39,810 - application.list_utils - DEBUG - get_list_entries_for_item [list_utils.py:436] - Entry: <UserListEntry 2>
2024-12-23 10:50:39,810 - application.list_utils - DEBUG - get_list_entries_for_item [list_utils.py:439] - user: 1
2024-12-23 10:50:39,810 - application.list_utils - DEBUG - get_list_entries_for_item [list_utils.py:437] - Item Model: Floor, Item ID: 1
2024-12-23 10:50:39,811 - application.list_utils - DEBUG - get_userlist [list_utils.py:308] - get_userlist(): item_model: Floor, list_name: None, parent_entry_id: 1
2024-12-23 10:50:39,811 - application.list_utils - DEBUG - get_list_entries_for_item [list_utils.py:438] - User List ID: 2 User List Name: iotsmstmi Floors
2024-12-23 10:50:39,812 - application.list_utils - DEBUG - get_list_entries_for_item [list_utils.py:439] - user: 1
2024-12-23 10:50:39,813 - application.list_utils - DEBUG - get_userlist [list_utils.py:308] - get_userlist(): item_model: Room, list_name: None, parent_entry_id: 2
2024-12-23 10:50:39,812 - application.list_utils - DEBUG - get_userlist [list_utils.py:322] - lists found (model, parent): [<UserList 2>]
2024-12-23 10:50:39,814 - application.list_utils - DEBUG - get_userlist [list_utils.py:349] - len(lists) == 1: None Floor 1
2024-12-23 10:50:39,815 - application.list_utils - DEBUG - get_userlist [list_utils.py:322] - lists found (model, parent): [<UserList 3>]
2024-12-23 10:50:39,816 - application.list_utils - DEBUG - get_userlist [list_utils.py:368] - userlist.entries: [<UserListEntry 2>, <UserListEntry 3>, <UserListEntry 4>, <UserListEntry 21>] List type: <class 'sqlalchemy.orm.collections.InstrumentedList'>
2024-12-23 10:50:39,816 - application.list_utils - DEBUG - get_userlist [list_utils.py:349] - len(lists) == 1: None Room 2
2024-12-23 10:50:39,817 - application.list_utils - DEBUG - get_userlist [list_utils.py:370] - List: iotsmstmi Floors, Order: 5
2024-12-23 10:50:39,817 - application.list_utils - DEBUG - get_userlist [list_utils.py:368] - userlist.entries: [<UserListEntry 35>] List type: <class 'sqlalchemy.orm.collections.InstrumentedList'>
2024-12-23 10:50:39,817 - application.list_utils - DEBUG - get_userlist [list_utils.py:370] - List: iotsmstmi Floors, Order: 7
2024-12-23 10:50:39,817 - application.list_utils - DEBUG - get_userlist [list_utils.py:370] - List: iotsmstmi Main Floor Rooms, Order: 0
2024-12-23 10:50:39,818 - application.list_utils - DEBUG - get_userlist [list_utils.py:370] - List: iotsmstmi Floors, Order: 3
2024-12-23 10:50:39,819 - application.list_utils - DEBUG - get_userlist [list_utils.py:370] - List: iotsmstmi Floors, Order: 1
2024-12-23 10:50:39,819 - application.list_utils - DEBUG - get_userlists_by_parent [list_utils.py:271] - get_userlists_by_parent: lists found (parent_entry_id)35: [<UserList 20>, <UserList 41>]
2024-12-23 10:50:39,821 - application.list_utils - DEBUG - get_userlists_by_parent [list_utils.py:271] - get_userlists_by_parent: lists found (parent_entry_id)2: [<UserList 3>]
2024-12-23 10:50:39,823 - application.list_utils - DEBUG - get_userlists_by_parent [list_utils.py:271] - get_userlists_by_parent: lists found (parent_entry_id)3: [<UserList 4>]
2024-12-23 10:50:39,825 - application.list_utils - DEBUG - get_userlists_by_parent [list_utils.py:271] - get_userlists_by_parent: lists found (parent_entry_id)4: [<UserList 5>]
2024-12-23 10:50:39,826 - application.list_utils - DEBUG - get_userlists_by_parent [list_utils.py:271] - get_userlists_by_parent: lists found (parent_entry_id)21: [<UserList 7>]
2024-12-23 10:50:39,843 - application.walkthrough - DEBUG - views [walkthrough.py:70] - view?: sortphotos
2024-12-23 10:50:39,843 - application.walkthrough - DEBUG - views [walkthrough.py:73] - File exists!: walkthrough/parts/sortphotos.html.jinja
2024-12-23 10:50:40,052 - application.list_utils - DEBUG - get_list_entries_for_item [list_utils.py:428] - found_entries for <Photo 8>: [<UserListEntry 34>]
2024-12-23 10:50:40,052 - application.list_utils - DEBUG - get_list_entries_for_item [list_utils.py:428] - found_entries for <Room 6>: [<UserListEntry 35>]
2024-12-23 10:50:40,054 - application.list_utils - DEBUG - get_list_entries_for_item [list_utils.py:436] - Entry: <UserListEntry 34>
2024-12-23 10:50:40,054 - application.list_utils - DEBUG - get_list_entries_for_item [list_utils.py:436] - Entry: <UserListEntry 35>
2024-12-23 10:50:40,054 - application.list_utils - DEBUG - get_list_entries_for_item [list_utils.py:437] - Item Model: Photo, Item ID: 8
2024-12-23 10:50:40,055 - application.list_utils - DEBUG - get_list_entries_for_item [list_utils.py:437] - Item Model: Room, Item ID: 6
2024-12-23 10:50:40,055 - application.list_utils - DEBUG - get_list_entries_for_item [list_utils.py:438] - User List ID: 20 User List Name: Bedroom 1 Photos
2024-12-23 10:50:40,055 - application.list_utils - DEBUG - get_list_entries_for_item [list_utils.py:438] - User List ID: 3 User List Name: iotsmstmi Main Floor Rooms
2024-12-23 10:50:40,055 - application.list_utils - DEBUG - get_list_entries_for_item [list_utils.py:439] - user: 1
2024-12-23 10:50:40,055 - application.list_utils - DEBUG - get_list_entries_for_item [list_utils.py:439] - user: 1
2024-12-23 10:50:40,056 - application.list_utils - DEBUG - get_userlist [list_utils.py:308] - get_userlist(): item_model: Photo, list_name: None, parent_entry_id: 35
2024-12-23 10:50:40,090 - application.list_utils - DEBUG - get_userlist [list_utils.py:322] - lists found (model, parent): [<UserList 20>]
2024-12-23 10:50:40,096 - application.list_utils - DEBUG - get_userlist [list_utils.py:349] - len(lists) == 1: None Photo 35
2024-12-23 10:50:40,096 - application.list_utils - DEBUG - get_userlist [list_utils.py:368] - userlist.entries: [<UserListEntry 34>] List type: <class 'sqlalchemy.orm.collections.InstrumentedList'>
2024-12-23 10:50:40,097 - application.list_utils - DEBUG - get_userlist [list_utils.py:370] - List: Bedroom 1 Photos, Order: 0
2024-12-23 10:50:40,100 - application.list_utils - DEBUG - get_userlists_by_parent [list_utils.py:271] - get_userlists_by_parent: lists found (parent_entry_id)34: [<UserList 21>]
2024-12-23 10:50:40,303 - application.list_utils - DEBUG - get_userlists_by_parent [list_utils.py:273] - get_userlists_by_parent: No lists found for parent_entry_id 70
2024-12-23 10:50:40,303 - application.list_utils - DEBUG - get_userlists_by_parent [list_utils.py:273] - get_userlists_by_parent: No lists found for parent_entry_id 70
