2024-12-21 16:29:15,577 - application.list_utils - DEBUG - get_list_entries_for_item [list_utils.py:428] - found_entries for <Home 1>: [<UserListEntry 1>]
2024-12-21 16:29:15,582 - application.list_utils - DEBUG - get_list_entries_for_item [list_utils.py:436] - Entry: <UserListEntry 1>
2024-12-21 16:29:15,583 - application.list_utils - DEBUG - get_list_entries_for_item [list_utils.py:437] - Item Model: Home, Item ID: 1
2024-12-21 16:29:15,583 - application.list_utils - DEBUG - get_list_entries_for_item [list_utils.py:438] - User List ID: 1 User List Name: bob Homes
2024-12-21 16:29:15,583 - application.list_utils - DEBUG - get_list_entries_for_item [list_utils.py:439] - user: 1
2024-12-21 16:29:15,583 - application.list_utils - DEBUG - get_userlist [list_utils.py:308] - get_userlist(): item_model: Floor, list_name: None, parent_entry_id: 1
2024-12-21 16:29:15,591 - application.list_utils - DEBUG - get_userlist [list_utils.py:322] - lists found (model, parent): []
2024-12-21 16:29:15,591 - application.list_utils - DEBUG - get_userlist [list_utils.py:333] - No lists of type Floor found for user 1
2024-12-21 16:29:15,592 - application.list_utils - DEBUG - get_list_entries_for_item [list_utils.py:428] - found_entries for <Home 1>: [<UserListEntry 1>]
2024-12-21 16:29:15,592 - application.list_utils - DEBUG - get_list_entries_for_item [list_utils.py:436] - Entry: <UserListEntry 1>
2024-12-21 16:29:15,593 - application.list_utils - DEBUG - get_list_entries_for_item [list_utils.py:437] - Item Model: Home, Item ID: 1
2024-12-21 16:29:15,593 - application.list_utils - DEBUG - get_list_entries_for_item [list_utils.py:438] - User List ID: 1 User List Name: bob Homes
2024-12-21 16:29:15,593 - application.list_utils - DEBUG - get_list_entries_for_item [list_utils.py:439] - user: 1
2024-12-21 16:29:15,594 - application.list_utils - DEBUG - get_userlist [list_utils.py:308] - get_userlist(): item_model: Floor, list_name: test Floors, parent_entry_id: 1
2024-12-21 16:29:15,599 - application.list_utils - DEBUG - get_userlist [list_utils.py:314] - lists found (All args): []
2024-12-21 16:29:15,599 - application.list_utils - DEBUG - get_userlist [list_utils.py:333] - No lists of type Floor found for user 1
2024-12-21 16:29:15,602 - application.list_utils - DEBUG - create_user_list [list_utils.py:33] - create_user_list: new_list: <UserList (transient 4580535152)>
2024-12-21 16:29:15,647 - application.list_utils - DEBUG - add_item_to_list [list_utils.py:59] - add_item_to_list(): user_list_id: 2, item_model: Floor, item_id: None, order: None, name: None
2024-12-21 16:29:15,647 - application.list_utils - DEBUG - create_new_default [list_utils.py:96] - create_new_default(): item_model: Floor, name: None
2024-12-21 16:29:15,648 - application.list_utils - DEBUG - create_new_default [list_utils.py:106] - name (create_new_default):  None
2024-12-21 16:29:15,654 - application.list_utils - DEBUG - set_default_floor_name [list_utils.py:555] - floor_count: 0
