2024-12-27 21:54:38,952 - logs.logging_config - DEBUG - configure_logging [logging_config.py:178] - Application logging configured
2024-12-27 21:54:38,954 - logs.logging_config - INFO - configure_logging [logging_config.py:187] - Application started in production environment
2024-12-27 21:54:38,955 - application - DEBUG - create_app [__init__.py:28] - test2
2024-12-27 21:54:39,782 - application - DEBUG - after_request_time [__init__.py:42] - Request to / took 0.010046005249023438 seconds
2024-12-27 21:54:39,782 - application - DEBUG - after_request_time [__init__.py:44] - view (after_request): room
2024-12-27 21:54:39,783 - application - DEBUG - after_request_time [__init__.py:46] - template (after_request): None
2024-12-27 21:54:39,953 - application - DEBUG - after_request_time [__init__.py:42] - Request to /map/ took 0.11399984359741211 seconds
2024-12-27 21:54:39,953 - application - DEBUG - after_request_time [__init__.py:44] - view (after_request): map
2024-12-27 21:54:39,954 - application - DEBUG - after_request_time [__init__.py:46] - template (after_request): map/index.html.jinja
2024-12-27 21:54:40,049 - application - DEBUG - after_request_time [__init__.py:42] - Request to /static/js/bundle.js took 0.004755973815917969 seconds
2024-12-27 21:54:40,049 - application - DEBUG - after_request_time [__init__.py:44] - view (after_request): map
2024-12-27 21:54:40,049 - application - DEBUG - after_request_time [__init__.py:46] - template (after_request): None
2024-12-27 21:54:40,187 - application - DEBUG - after_request_time [__init__.py:42] - Request to /nav took 0.014872074127197266 seconds
2024-12-27 21:54:40,188 - application - DEBUG - after_request_time [__init__.py:44] - view (after_request): map
2024-12-27 21:54:40,191 - application - DEBUG - after_request_time [__init__.py:46] - template (after_request): base/parts/nav/constructor.jinja
2024-12-27 21:54:40,293 - application - DEBUG - after_request_time [__init__.py:42] - Request to /show_list/ took 0.1319599151611328 seconds
2024-12-27 21:54:40,294 - application - DEBUG - after_request_time [__init__.py:44] - view (after_request): map
2024-12-27 21:54:40,295 - application - DEBUG - after_request_time [__init__.py:46] - template (after_request): lists/list.html.jinja
2024-12-27 21:54:40,315 - application - DEBUG - after_request_time [__init__.py:42] - Request to /nav took 0.0017621517181396484 seconds
2024-12-27 21:54:40,316 - application - DEBUG - after_request_time [__init__.py:44] - view (after_request): map
2024-12-27 21:54:40,317 - application - DEBUG - after_request_time [__init__.py:46] - template (after_request): base/parts/nav/constructor.jinja
2024-12-27 21:54:40,424 - application - DEBUG - after_request_time [__init__.py:42] - Request to /show_list/ took 0.25641298294067383 seconds
2024-12-27 21:54:40,424 - application - DEBUG - after_request_time [__init__.py:44] - view (after_request): map
2024-12-27 21:54:40,426 - application - DEBUG - after_request_time [__init__.py:46] - template (after_request): lists/list.html.jinja
2024-12-27 21:54:40,444 - application - DEBUG - after_request_time [__init__.py:42] - Request to /nav took 0.003526926040649414 seconds
2024-12-27 21:54:40,446 - application - DEBUG - after_request_time [__init__.py:44] - view (after_request): map
2024-12-27 21:54:40,447 - application - DEBUG - after_request_time [__init__.py:46] - template (after_request): base/parts/nav/constructor.jinja
2024-12-27 21:54:40,471 - application - DEBUG - after_request_time [__init__.py:42] - Request to /nav took 0.002682924270629883 seconds
2024-12-27 21:54:40,472 - application - DEBUG - after_request_time [__init__.py:44] - view (after_request): map
2024-12-27 21:54:40,472 - application - DEBUG - after_request_time [__init__.py:46] - template (after_request): base/parts/nav/constructor.jinja
2024-12-27 21:54:40,719 - application - DEBUG - after_request_time [__init__.py:42] - Request to /show_photo_entry/37 took 0.17571187019348145 seconds
2024-12-27 21:54:40,720 - application - DEBUG - after_request_time [__init__.py:44] - view (after_request): map
2024-12-27 21:54:40,727 - application - DEBUG - after_request_time [__init__.py:42] - Request to /show_photo_entry/6 took 0.17580103874206543 seconds
2024-12-27 21:54:40,729 - application - DEBUG - after_request_time [__init__.py:42] - Request to /show_photo_entry/1 took 0.1859591007232666 seconds
2024-12-27 21:54:40,730 - application - DEBUG - after_request_time [__init__.py:46] - template (after_request): lists/model/photo.html.jinja
2024-12-27 21:54:40,732 - application - DEBUG - after_request_time [__init__.py:44] - view (after_request): map
2024-12-27 21:54:40,733 - application - DEBUG - after_request_time [__init__.py:42] - Request to /show_photo_entry/5 took 0.17372393608093262 seconds
2024-12-27 21:54:40,734 - application - DEBUG - after_request_time [__init__.py:44] - view (after_request): map
2024-12-27 21:54:40,736 - application - DEBUG - after_request_time [__init__.py:46] - template (after_request): lists/model/photo.html.jinja
2024-12-27 21:54:40,738 - application - DEBUG - after_request_time [__init__.py:42] - Request to /show_photo_entry/7 took 0.17809796333312988 seconds
2024-12-27 21:54:40,750 - application - DEBUG - after_request_time [__init__.py:44] - view (after_request): map
2024-12-27 21:54:40,750 - application - DEBUG - after_request_time [__init__.py:46] - template (after_request): lists/model/photo.html.jinja
2024-12-27 21:54:40,739 - application - DEBUG - after_request_time [__init__.py:44] - view (after_request): map
2024-12-27 21:54:40,759 - application - DEBUG - after_request_time [__init__.py:46] - template (after_request): lists/model/photo.html.jinja
2024-12-27 21:54:40,744 - application - DEBUG - after_request_time [__init__.py:46] - template (after_request): lists/model/photo.html.jinja
2024-12-27 21:54:40,794 - application - DEBUG - after_request_time [__init__.py:42] - Request to /show_photo_entry/24 took 0.023070096969604492 seconds
2024-12-27 21:54:40,801 - application - DEBUG - after_request_time [__init__.py:44] - view (after_request): map
2024-12-27 21:54:40,801 - application - DEBUG - after_request_time [__init__.py:46] - template (after_request): lists/model/photo.html.jinja
2024-12-27 21:54:40,841 - application - DEBUG - after_request_time [__init__.py:42] - Request to /nav took 0.005931854248046875 seconds
2024-12-27 21:54:40,841 - application - DEBUG - after_request_time [__init__.py:44] - view (after_request): map
2024-12-27 21:54:40,841 - application - DEBUG - after_request_time [__init__.py:46] - template (after_request): base/parts/nav/constructor.jinja
2024-12-27 21:54:40,849 - application - DEBUG - after_request_time [__init__.py:42] - Request to /show_photo_entry/8 took 0.03667783737182617 seconds
2024-12-27 21:54:40,850 - application - DEBUG - after_request_time [__init__.py:44] - view (after_request): map
2024-12-27 21:54:40,850 - application - DEBUG - after_request_time [__init__.py:46] - template (after_request): lists/model/photo.html.jinja
2024-12-27 21:54:40,876 - application - DEBUG - after_request_time [__init__.py:42] - Request to /show_photo_entry/4 took 0.07838106155395508 seconds
2024-12-27 21:54:40,879 - application - DEBUG - after_request_time [__init__.py:44] - view (after_request): map
2024-12-27 21:54:40,881 - application - DEBUG - after_request_time [__init__.py:46] - template (after_request): lists/model/photo.html.jinja
2024-12-27 21:54:40,885 - application - DEBUG - after_request_time [__init__.py:42] - Request to /show_photo_entry/2 took 0.07997584342956543 seconds
2024-12-27 21:54:40,890 - application - DEBUG - after_request_time [__init__.py:44] - view (after_request): map
2024-12-27 21:54:40,891 - application - DEBUG - after_request_time [__init__.py:46] - template (after_request): lists/model/photo.html.jinja
2024-12-27 21:54:40,904 - application - DEBUG - after_request_time [__init__.py:42] - Request to /static/defaults/generic_room.webp took 0.014079093933105469 seconds
2024-12-27 21:54:40,925 - application - DEBUG - after_request_time [__init__.py:44] - view (after_request): map
2024-12-27 21:54:40,926 - application - DEBUG - after_request_time [__init__.py:46] - template (after_request): None
2024-12-27 21:54:40,934 - application - DEBUG - after_request_time [__init__.py:42] - Request to /show_photo_entry/3 took 0.08760428428649902 seconds
2024-12-27 21:54:40,935 - application - DEBUG - after_request_time [__init__.py:44] - view (after_request): map
2024-12-27 21:54:40,936 - application - DEBUG - after_request_time [__init__.py:46] - template (after_request): lists/model/photo.html.jinja
2024-12-27 21:54:40,984 - application - DEBUG - after_request_time [__init__.py:42] - Request to /nav took 0.009768962860107422 seconds
2024-12-27 21:54:40,987 - application - DEBUG - after_request_time [__init__.py:44] - view (after_request): map
2024-12-27 21:54:40,988 - application - DEBUG - after_request_time [__init__.py:46] - template (after_request): base/parts/nav/constructor.jinja
2024-12-27 21:54:41,077 - application - DEBUG - after_request_time [__init__.py:42] - Request to /show_list/16 took 0.10307717323303223 seconds
2024-12-27 21:54:41,078 - application - DEBUG - after_request_time [__init__.py:42] - Request to /show_list/18 took 0.09185409545898438 seconds
2024-12-27 21:54:41,079 - application - DEBUG - after_request_time [__init__.py:44] - view (after_request): map
2024-12-27 21:54:41,082 - application - DEBUG - after_request_time [__init__.py:44] - view (after_request): map
2024-12-27 21:54:41,088 - application - DEBUG - after_request_time [__init__.py:46] - template (after_request): lists/list.html.jinja
2024-12-27 21:54:41,093 - application - DEBUG - after_request_time [__init__.py:46] - template (after_request): lists/list.html.jinja
2024-12-27 21:54:41,099 - application - DEBUG - after_request_time [__init__.py:42] - Request to /show_list/14 took 0.08951497077941895 seconds
2024-12-27 21:54:41,111 - application - DEBUG - after_request_time [__init__.py:44] - view (after_request): map
2024-12-27 21:54:41,112 - application - DEBUG - after_request_time [__init__.py:46] - template (after_request): lists/list.html.jinja
2024-12-27 21:54:41,114 - application - DEBUG - after_request_time [__init__.py:42] - Request to /show_list/6 took 0.18577814102172852 seconds
2024-12-27 21:54:41,115 - application - DEBUG - after_request_time [__init__.py:44] - view (after_request): map
2024-12-27 21:54:41,115 - application - DEBUG - after_request_time [__init__.py:46] - template (after_request): lists/list.html.jinja
2024-12-27 21:54:41,129 - application - DEBUG - after_request_time [__init__.py:42] - Request to /nav took 0.0060710906982421875 seconds
2024-12-27 21:54:41,132 - application - DEBUG - after_request_time [__init__.py:44] - view (after_request): map
2024-12-27 21:54:41,137 - application - DEBUG - after_request_time [__init__.py:46] - template (after_request): base/parts/nav/constructor.jinja
2024-12-27 21:54:41,183 - application - DEBUG - after_request_time [__init__.py:42] - Request to /show_list/91 took 0.3244600296020508 seconds
2024-12-27 21:54:41,185 - application - DEBUG - after_request_time [__init__.py:44] - view (after_request): map
2024-12-27 21:54:41,189 - application - DEBUG - after_request_time [__init__.py:46] - template (after_request): lists/list.html.jinja
2024-12-27 21:54:41,275 - application - DEBUG - after_request_time [__init__.py:42] - Request to /show_list/63 took 0.1664719581604004 seconds
2024-12-27 21:54:41,295 - application - DEBUG - after_request_time [__init__.py:44] - view (after_request): map
2024-12-27 21:54:41,297 - application - DEBUG - after_request_time [__init__.py:46] - template (after_request): lists/list.html.jinja
2024-12-27 21:54:41,306 - application - DEBUG - after_request_time [__init__.py:42] - Request to /show_list/12 took 0.14210724830627441 seconds
2024-12-27 21:54:41,307 - application - DEBUG - after_request_time [__init__.py:44] - view (after_request): map
2024-12-27 21:54:41,310 - application - DEBUG - after_request_time [__init__.py:46] - template (after_request): lists/list.html.jinja
2024-12-27 21:54:41,330 - application - DEBUG - after_request_time [__init__.py:42] - Request to /nav took 0.00628209114074707 seconds
2024-12-27 21:54:41,332 - application - DEBUG - after_request_time [__init__.py:44] - view (after_request): map
2024-12-27 21:54:41,333 - application - DEBUG - after_request_time [__init__.py:42] - Request to /show_list/20 took 0.19540905952453613 seconds
2024-12-27 21:54:41,334 - application - DEBUG - after_request_time [__init__.py:46] - template (after_request): base/parts/nav/constructor.jinja
2024-12-27 21:54:41,335 - application - DEBUG - after_request_time [__init__.py:44] - view (after_request): map
2024-12-27 21:54:41,341 - application - DEBUG - after_request_time [__init__.py:46] - template (after_request): lists/list.html.jinja
2024-12-27 21:54:41,344 - application - DEBUG - after_request_time [__init__.py:42] - Request to /show_list/8 took 0.1715841293334961 seconds
2024-12-27 21:54:41,349 - application - DEBUG - after_request_time [__init__.py:44] - view (after_request): map
2024-12-27 21:54:41,351 - application - DEBUG - after_request_time [__init__.py:42] - Request to /media/uploads/1_1735325243_image.jpg took 0.018505096435546875 seconds
2024-12-27 21:54:41,352 - application - DEBUG - after_request_time [__init__.py:46] - template (after_request): lists/list.html.jinja
2024-12-27 21:54:41,354 - application - DEBUG - after_request_time [__init__.py:44] - view (after_request): map
2024-12-27 21:54:41,357 - application - DEBUG - after_request_time [__init__.py:46] - template (after_request): None
2024-12-27 21:54:41,368 - application - DEBUG - after_request_time [__init__.py:42] - Request to /show_list/10 took 0.1296372413635254 seconds
2024-12-27 21:54:41,369 - application - DEBUG - after_request_time [__init__.py:44] - view (after_request): map
2024-12-27 21:54:41,371 - application - DEBUG - after_request_time [__init__.py:46] - template (after_request): lists/list.html.jinja
2024-12-27 21:54:41,508 - application - DEBUG - after_request_time [__init__.py:42] - Request to /show_list/ took 1.3379058837890625 seconds
2024-12-27 21:54:41,508 - application - DEBUG - after_request_time [__init__.py:44] - view (after_request): map
2024-12-27 21:54:41,508 - application - DEBUG - after_request_time [__init__.py:46] - template (after_request): lists/list.html.jinja
2024-12-27 21:54:41,791 - application - DEBUG - after_request_time [__init__.py:42] - Request to /nav took 0.002543210983276367 seconds
2024-12-27 21:54:41,791 - application - DEBUG - after_request_time [__init__.py:44] - view (after_request): map
2024-12-27 21:54:41,791 - application - DEBUG - after_request_time [__init__.py:46] - template (after_request): base/parts/nav/constructor.jinja
2024-12-27 21:54:41,863 - application - DEBUG - after_request_time [__init__.py:42] - Request to /nav took 0.0015270709991455078 seconds
2024-12-27 21:54:41,863 - application - DEBUG - after_request_time [__init__.py:44] - view (after_request): map
2024-12-27 21:54:41,863 - application - DEBUG - after_request_time [__init__.py:46] - template (after_request): base/parts/nav/constructor.jinja
2024-12-27 21:54:46,053 - application - DEBUG - after_request_time [__init__.py:42] - Request to /walkthrough/Laundry Room 1/room took 0.010740041732788086 seconds
2024-12-27 21:54:46,053 - application - DEBUG - after_request_time [__init__.py:44] - view (after_request): room
2024-12-27 21:54:46,053 - application - DEBUG - after_request_time [__init__.py:46] - template (after_request): None
2024-12-27 21:54:46,077 - application - DEBUG - after_request_time [__init__.py:42] - Request to /walkthrough/steps took 0.005251884460449219 seconds
2024-12-27 21:54:46,077 - application - DEBUG - after_request_time [__init__.py:44] - view (after_request): room
2024-12-27 21:54:46,077 - application - DEBUG - after_request_time [__init__.py:46] - template (after_request): walkthrough/index.html.jinja
2024-12-27 21:54:46,266 - application - DEBUG - after_request_time [__init__.py:42] - Request to /static/js/bundle.js took 0.0007848739624023438 seconds
2024-12-27 21:54:46,266 - application - DEBUG - after_request_time [__init__.py:44] - view (after_request): room
2024-12-27 21:54:46,266 - application - DEBUG - after_request_time [__init__.py:46] - template (after_request): None
2024-12-27 21:54:46,460 - application - DEBUG - after_request_time [__init__.py:42] - Request to /static/js/bundle.js.map took 0.001336812973022461 seconds
2024-12-27 21:54:46,460 - application - DEBUG - after_request_time [__init__.py:44] - view (after_request): room
2024-12-27 21:54:46,460 - application - DEBUG - after_request_time [__init__.py:46] - template (after_request): None
2024-12-27 21:54:46,495 - application - DEBUG - after_request_time [__init__.py:42] - Request to /static/js/bundle.js.map took 0.0008940696716308594 seconds
2024-12-27 21:54:46,496 - application - DEBUG - after_request_time [__init__.py:44] - view (after_request): room
2024-12-27 21:54:46,496 - application - DEBUG - after_request_time [__init__.py:46] - template (after_request): None
2024-12-27 21:54:46,637 - application - DEBUG - after_request_time [__init__.py:42] - Request to /show_list/ took 0.03128409385681152 seconds
2024-12-27 21:54:46,639 - application - DEBUG - after_request_time [__init__.py:42] - Request to /nav took 0.009551763534545898 seconds
2024-12-27 21:54:46,639 - application - DEBUG - after_request_time [__init__.py:44] - view (after_request): room
2024-12-27 21:54:46,640 - application - DEBUG - after_request_time [__init__.py:44] - view (after_request): room
2024-12-27 21:54:46,642 - application - DEBUG - after_request_time [__init__.py:46] - template (after_request): base/parts/nav/constructor.jinja
2024-12-27 21:54:46,640 - application - DEBUG - after_request_time [__init__.py:46] - template (after_request): lists/list.html.jinja
2024-12-27 21:54:46,680 - application - DEBUG - after_request_time [__init__.py:42] - Request to /show_list/ took 0.07169818878173828 seconds
2024-12-27 21:54:46,680 - application - DEBUG - after_request_time [__init__.py:44] - view (after_request): room
2024-12-27 21:54:46,680 - application - DEBUG - after_request_time [__init__.py:46] - template (after_request): lists/list.html.jinja
2024-12-27 21:54:46,704 - application - DEBUG - after_request_time [__init__.py:42] - Request to /walkthrough/steps took 0.01715373992919922 seconds
2024-12-27 21:54:46,704 - application - DEBUG - after_request_time [__init__.py:44] - view (after_request): room
2024-12-27 21:54:46,704 - application - DEBUG - after_request_time [__init__.py:46] - template (after_request): walkthrough/parts/room.html.jinja
2024-12-27 21:54:46,728 - application - DEBUG - after_request_time [__init__.py:42] - Request to /nav took 0.002174854278564453 seconds
2024-12-27 21:54:46,729 - application - DEBUG - after_request_time [__init__.py:44] - view (after_request): room
2024-12-27 21:54:46,729 - application - DEBUG - after_request_time [__init__.py:46] - template (after_request): base/parts/nav/constructor.jinja
2024-12-27 21:54:46,850 - application - DEBUG - after_request_time [__init__.py:42] - Request to /nav took 0.011291980743408203 seconds
2024-12-27 21:54:46,852 - application - DEBUG - after_request_time [__init__.py:44] - view (after_request): room
2024-12-27 21:54:46,856 - application - DEBUG - after_request_time [__init__.py:42] - Request to /tutorial/pingrid took 0.007596015930175781 seconds
2024-12-27 21:54:46,856 - application - DEBUG - after_request_time [__init__.py:46] - template (after_request): base/parts/nav/constructor.jinja
2024-12-27 21:54:46,857 - application - DEBUG - after_request_time [__init__.py:44] - view (after_request): room
2024-12-27 21:54:46,861 - application - DEBUG - after_request_time [__init__.py:46] - template (after_request): onboarding/modal/modal_roompingrid.jinja
2024-12-27 21:54:46,875 - application - DEBUG - after_request_time [__init__.py:42] - Request to /show_photo_entry/3 took 0.04236793518066406 seconds
2024-12-27 21:54:46,876 - application - DEBUG - after_request_time [__init__.py:44] - view (after_request): room
2024-12-27 21:54:46,876 - application - DEBUG - after_request_time [__init__.py:46] - template (after_request): lists/model/photo.html.jinja
2024-12-27 21:54:46,940 - application - DEBUG - after_request_time [__init__.py:42] - Request to /nav took 0.001889944076538086 seconds
2024-12-27 21:54:46,941 - application - DEBUG - after_request_time [__init__.py:44] - view (after_request): room
2024-12-27 21:54:46,943 - application - DEBUG - after_request_time [__init__.py:46] - template (after_request): base/parts/nav/constructor.jinja
2024-12-27 21:54:46,966 - application - DEBUG - after_request_time [__init__.py:42] - Request to /static/defaults/generic_room.webp took 0.001992940902709961 seconds
2024-12-27 21:54:46,967 - application - DEBUG - after_request_time [__init__.py:44] - view (after_request): room
2024-12-27 21:54:46,968 - application - DEBUG - after_request_time [__init__.py:46] - template (after_request): None
2024-12-27 21:54:46,996 - application - DEBUG - after_request_time [__init__.py:42] - Request to /show_list/ took 0.1555171012878418 seconds
2024-12-27 21:54:46,996 - application - DEBUG - after_request_time [__init__.py:44] - view (after_request): room
2024-12-27 21:54:46,997 - application - DEBUG - after_request_time [__init__.py:46] - template (after_request): lists/list.html.jinja
2024-12-27 21:54:47,031 - application - DEBUG - after_request_time [__init__.py:42] - Request to /nav took 0.002156972885131836 seconds
2024-12-27 21:54:47,031 - application - DEBUG - after_request_time [__init__.py:44] - view (after_request): room
2024-12-27 21:54:47,032 - application - DEBUG - after_request_time [__init__.py:46] - template (after_request): base/parts/nav/constructor.jinja
2024-12-27 21:54:47,050 - application - DEBUG - after_request_time [__init__.py:42] - Request to /show_list/10 took 0.028907060623168945 seconds
2024-12-27 21:54:47,051 - application - DEBUG - after_request_time [__init__.py:44] - view (after_request): room
2024-12-27 21:54:47,051 - application - DEBUG - after_request_time [__init__.py:46] - template (after_request): lists/list.html.jinja
2024-12-27 21:54:47,093 - application - DEBUG - after_request_time [__init__.py:42] - Request to /nav took 0.002196073532104492 seconds
2024-12-27 21:54:47,094 - application - DEBUG - after_request_time [__init__.py:44] - view (after_request): room
2024-12-27 21:54:47,094 - application - DEBUG - after_request_time [__init__.py:46] - template (after_request): base/parts/nav/constructor.jinja
2024-12-27 21:54:47,120 - application - DEBUG - after_request_time [__init__.py:42] - Request to /nav took 0.001646280288696289 seconds
2024-12-27 21:54:47,120 - application - DEBUG - after_request_time [__init__.py:44] - view (after_request): room
2024-12-27 21:54:47,120 - application - DEBUG - after_request_time [__init__.py:46] - template (after_request): base/parts/nav/constructor.jinja
2024-12-27 21:54:51,347 - application - DEBUG - after_request_time [__init__.py:42] - Request to /update/161 took 0.008990049362182617 seconds
2024-12-27 21:54:51,348 - application - DEBUG - after_request_time [__init__.py:44] - view (after_request): room
2024-12-27 21:54:51,348 - application - DEBUG - after_request_time [__init__.py:46] - template (after_request): None
