2024-12-23 10:32:20,843 - logs.logging_config - DEBUG - configure_logging [logging_config.py:178] - Application logging configured
2024-12-23 10:32:20,845 - logs.logging_config - INFO - configure_logging [logging_config.py:187] - Application started in production environment
2024-12-23 10:32:20,846 - application - DEBUG - create_app [__init__.py:28] - test2
2024-12-23 10:32:21,679 - application - DEBUG - after_request_time [__init__.py:42] - Request to / took 0.008537054061889648 seconds
2024-12-23 10:32:21,680 - application - DEBUG - after_request_time [__init__.py:44] - view (after_request): room
2024-12-23 10:32:21,681 - application - DEBUG - after_request_time [__init__.py:46] - template (after_request): None
2024-12-23 10:32:21,858 - application - DEBUG - after_request_time [__init__.py:42] - Request to /map/ took 0.1307210922241211 seconds
2024-12-23 10:32:21,858 - application - DEBUG - after_request_time [__init__.py:44] - view (after_request): map
2024-12-23 10:32:21,858 - application - DEBUG - after_request_time [__init__.py:46] - template (after_request): map/index.html.jinja
2024-12-23 10:32:22,041 - application - DEBUG - after_request_time [__init__.py:42] - Request to /static/css/main.css took 0.006197929382324219 seconds
2024-12-23 10:32:22,041 - application - DEBUG - after_request_time [__init__.py:44] - view (after_request): map
2024-12-23 10:32:22,044 - application - DEBUG - after_request_time [__init__.py:46] - template (after_request): None
2024-12-23 10:32:22,045 - application - DEBUG - after_request_time [__init__.py:42] - Request to /static/js/bundle.js took 0.007253170013427734 seconds
2024-12-23 10:32:22,047 - application - DEBUG - after_request_time [__init__.py:44] - view (after_request): map
2024-12-23 10:32:22,047 - application - DEBUG - after_request_time [__init__.py:46] - template (after_request): None
2024-12-23 10:32:22,099 - application - DEBUG - after_request_time [__init__.py:42] - Request to /static/css/flash-message.css took 0.006910085678100586 seconds
2024-12-23 10:32:22,101 - application - DEBUG - after_request_time [__init__.py:42] - Request to /static/css/color-mode.css took 0.006829977035522461 seconds
2024-12-23 10:32:22,102 - application - DEBUG - after_request_time [__init__.py:44] - view (after_request): map
2024-12-23 10:32:22,103 - application - DEBUG - after_request_time [__init__.py:42] - Request to /static/css/sortables.css took 0.0015938282012939453 seconds
2024-12-23 10:32:22,104 - application - DEBUG - after_request_time [__init__.py:42] - Request to /static/css/typography.css took 0.0018129348754882812 seconds
2024-12-23 10:32:22,104 - application - DEBUG - after_request_time [__init__.py:44] - view (after_request): map
2024-12-23 10:32:22,105 - application - DEBUG - after_request_time [__init__.py:46] - template (after_request): None
2024-12-23 10:32:22,105 - application - DEBUG - after_request_time [__init__.py:44] - view (after_request): map
2024-12-23 10:32:22,105 - application - DEBUG - after_request_time [__init__.py:44] - view (after_request): map
2024-12-23 10:32:22,106 - application - DEBUG - after_request_time [__init__.py:46] - template (after_request): None
2024-12-23 10:32:22,108 - application - DEBUG - after_request_time [__init__.py:46] - template (after_request): None
2024-12-23 10:32:22,108 - application - DEBUG - after_request_time [__init__.py:46] - template (after_request): None
2024-12-23 10:32:22,348 - application - DEBUG - after_request_time [__init__.py:42] - Request to /show_list/ took 0.1717822551727295 seconds
2024-12-23 10:32:22,350 - application - DEBUG - after_request_time [__init__.py:42] - Request to /show_list/ took 0.1765141487121582 seconds
2024-12-23 10:32:22,350 - application - DEBUG - after_request_time [__init__.py:44] - view (after_request): map
2024-12-23 10:32:22,367 - application - DEBUG - after_request_time [__init__.py:44] - view (after_request): map
2024-12-23 10:32:22,391 - application - DEBUG - after_request_time [__init__.py:46] - template (after_request): lists/list.html.jinja
2024-12-23 10:32:22,407 - application - DEBUG - after_request_time [__init__.py:46] - template (after_request): lists/list.html.jinja
2024-12-23 10:32:22,489 - application - DEBUG - after_request_time [__init__.py:42] - Request to /show_list/ took 0.3117210865020752 seconds
2024-12-23 10:32:22,490 - application - DEBUG - after_request_time [__init__.py:44] - view (after_request): map
2024-12-23 10:32:22,490 - application - DEBUG - after_request_time [__init__.py:46] - template (after_request): lists/list.html.jinja
2024-12-23 10:32:22,531 - application - DEBUG - after_request_time [__init__.py:42] - Request to /show_photo_entry/9 took 0.052221059799194336 seconds
2024-12-23 10:32:22,531 - application - DEBUG - after_request_time [__init__.py:44] - view (after_request): map
2024-12-23 10:32:22,532 - application - DEBUG - after_request_time [__init__.py:46] - template (after_request): lists/model/photo.html.jinja
2024-12-23 10:32:22,545 - application - DEBUG - after_request_time [__init__.py:42] - Request to /static/defaults/generic_room.jpg took 0.0007810592651367188 seconds
2024-12-23 10:32:22,545 - application - DEBUG - after_request_time [__init__.py:44] - view (after_request): map
2024-12-23 10:32:22,546 - application - DEBUG - after_request_time [__init__.py:46] - template (after_request): None
2024-12-23 10:32:22,664 - application - DEBUG - after_request_time [__init__.py:42] - Request to /show_list/23 took 0.08562588691711426 seconds
2024-12-23 10:32:22,665 - application - DEBUG - after_request_time [__init__.py:44] - view (after_request): map
2024-12-23 10:32:22,665 - application - DEBUG - after_request_time [__init__.py:46] - template (after_request): lists/list.html.jinja
2024-12-23 10:32:26,717 - application - DEBUG - after_request_time [__init__.py:42] - Request to /map/Floor/1 took 0.038738250732421875 seconds
2024-12-23 10:32:26,718 - application - DEBUG - after_request_time [__init__.py:44] - view (after_request): map
2024-12-23 10:32:26,718 - application - DEBUG - after_request_time [__init__.py:46] - template (after_request): map/index.html.jinja
2024-12-23 10:32:26,827 - application - DEBUG - after_request_time [__init__.py:42] - Request to /show_list/ took 0.02800893783569336 seconds
2024-12-23 10:32:26,829 - application - DEBUG - after_request_time [__init__.py:44] - view (after_request): map
2024-12-23 10:32:26,830 - application - DEBUG - after_request_time [__init__.py:46] - template (after_request): lists/list.html.jinja
2024-12-23 10:32:26,843 - application - DEBUG - after_request_time [__init__.py:42] - Request to /show_list/ took 0.0505831241607666 seconds
2024-12-23 10:32:26,845 - application - DEBUG - after_request_time [__init__.py:44] - view (after_request): map
2024-12-23 10:32:26,846 - application - DEBUG - after_request_time [__init__.py:46] - template (after_request): lists/list.html.jinja
2024-12-23 10:32:26,865 - application - DEBUG - after_request_time [__init__.py:42] - Request to /show_list/ took 0.06325197219848633 seconds
2024-12-23 10:32:26,865 - application - DEBUG - after_request_time [__init__.py:44] - view (after_request): map
2024-12-23 10:32:26,865 - application - DEBUG - after_request_time [__init__.py:46] - template (after_request): lists/list.html.jinja
2024-12-23 10:32:26,878 - application - DEBUG - after_request_time [__init__.py:42] - Request to /show_photo_entry/8 took 0.00830078125 seconds
2024-12-23 10:32:26,879 - application - DEBUG - after_request_time [__init__.py:44] - view (after_request): map
2024-12-23 10:32:26,879 - application - DEBUG - after_request_time [__init__.py:46] - template (after_request): lists/model/photo.html.jinja
2024-12-23 10:32:26,924 - application - DEBUG - after_request_time [__init__.py:42] - Request to /show_list/21 took 0.012350082397460938 seconds
2024-12-23 10:32:26,925 - application - DEBUG - after_request_time [__init__.py:44] - view (after_request): map
2024-12-23 10:32:26,925 - application - DEBUG - after_request_time [__init__.py:46] - template (after_request): lists/list.html.jinja
2024-12-23 10:32:38,483 - application - DEBUG - after_request_time [__init__.py:42] - Request to /walkthrough/6 took 0.00904083251953125 seconds
2024-12-23 10:32:38,484 - application - DEBUG - after_request_time [__init__.py:44] - view (after_request): None
2024-12-23 10:32:38,484 - application - DEBUG - after_request_time [__init__.py:46] - template (after_request): None
2024-12-23 10:32:38,508 - application - DEBUG - after_request_time [__init__.py:42] - Request to /walkthrough/steps took 0.007523298263549805 seconds
2024-12-23 10:32:38,508 - application - DEBUG - after_request_time [__init__.py:44] - view (after_request): None
2024-12-23 10:32:38,508 - application - DEBUG - after_request_time [__init__.py:46] - template (after_request): walkthrough/index.html.jinja
2024-12-23 10:32:38,603 - application - DEBUG - after_request_time [__init__.py:42] - Request to /static/css/main.css took 0.0012679100036621094 seconds
2024-12-23 10:32:38,603 - application - DEBUG - after_request_time [__init__.py:44] - view (after_request): None
2024-12-23 10:32:38,604 - application - DEBUG - after_request_time [__init__.py:46] - template (after_request): None
2024-12-23 10:32:38,611 - application - DEBUG - after_request_time [__init__.py:42] - Request to /static/js/bundle.js took 0.004306793212890625 seconds
2024-12-23 10:32:38,612 - application - DEBUG - after_request_time [__init__.py:44] - view (after_request): None
2024-12-23 10:32:38,613 - application - DEBUG - after_request_time [__init__.py:46] - template (after_request): None
2024-12-23 10:32:38,730 - application - DEBUG - after_request_time [__init__.py:42] - Request to /static/css/flash-message.css took 0.0023779869079589844 seconds
2024-12-23 10:32:38,733 - application - DEBUG - after_request_time [__init__.py:42] - Request to /static/css/typography.css took 0.005695819854736328 seconds
2024-12-23 10:32:38,734 - application - DEBUG - after_request_time [__init__.py:42] - Request to /static/css/color-mode.css took 0.00485992431640625 seconds
2024-12-23 10:32:38,734 - application - DEBUG - after_request_time [__init__.py:44] - view (after_request): None
2024-12-23 10:32:38,735 - application - DEBUG - after_request_time [__init__.py:42] - Request to /static/css/sortables.css took 0.0008988380432128906 seconds
2024-12-23 10:32:38,735 - application - DEBUG - after_request_time [__init__.py:44] - view (after_request): None
2024-12-23 10:32:38,736 - application - DEBUG - after_request_time [__init__.py:44] - view (after_request): None
2024-12-23 10:32:38,737 - application - DEBUG - after_request_time [__init__.py:46] - template (after_request): None
2024-12-23 10:32:38,738 - application - DEBUG - after_request_time [__init__.py:44] - view (after_request): None
2024-12-23 10:32:38,739 - application - DEBUG - after_request_time [__init__.py:46] - template (after_request): None
2024-12-23 10:32:38,739 - application - DEBUG - after_request_time [__init__.py:46] - template (after_request): None
2024-12-23 10:32:38,743 - application - DEBUG - after_request_time [__init__.py:46] - template (after_request): None
2024-12-23 10:32:38,983 - application - DEBUG - after_request_time [__init__.py:42] - Request to /walkthrough/steps took 0.058008670806884766 seconds
2024-12-23 10:32:38,983 - application - DEBUG - after_request_time [__init__.py:44] - view (after_request): None
2024-12-23 10:32:38,984 - application - DEBUG - after_request_time [__init__.py:46] - template (after_request): walkthrough/parts/rename.html.jinja
2024-12-23 10:32:39,004 - application - DEBUG - after_request_time [__init__.py:42] - Request to /show_list/ took 0.07480692863464355 seconds
2024-12-23 10:32:39,005 - application - DEBUG - after_request_time [__init__.py:42] - Request to /show_list/ took 0.07456469535827637 seconds
2024-12-23 10:32:39,005 - application - DEBUG - after_request_time [__init__.py:44] - view (after_request): None
2024-12-23 10:32:39,005 - application - DEBUG - after_request_time [__init__.py:44] - view (after_request): None
2024-12-23 10:32:39,006 - application - DEBUG - after_request_time [__init__.py:46] - template (after_request): lists/list.html.jinja
2024-12-23 10:32:39,006 - application - DEBUG - after_request_time [__init__.py:46] - template (after_request): lists/list.html.jinja
2024-12-23 10:32:46,991 - application - DEBUG - after_request_time [__init__.py:42] - Request to /walkthrough/steps took 0.011445760726928711 seconds
2024-12-23 10:32:46,991 - application - DEBUG - after_request_time [__init__.py:44] - view (after_request): room
2024-12-23 10:32:46,991 - application - DEBUG - after_request_time [__init__.py:46] - template (after_request): walkthrough/parts/room.html.jinja
2024-12-23 10:32:47,107 - application - DEBUG - after_request_time [__init__.py:42] - Request to /show_photo_entry/8 took 0.015971899032592773 seconds
2024-12-23 10:32:47,108 - application - DEBUG - after_request_time [__init__.py:44] - view (after_request): room
2024-12-23 10:32:47,108 - application - DEBUG - after_request_time [__init__.py:46] - template (after_request): lists/model/photo.html.jinja
2024-12-23 10:32:47,109 - application - DEBUG - after_request_time [__init__.py:42] - Request to /show_list/ took 0.01309967041015625 seconds
2024-12-23 10:32:47,110 - application - DEBUG - after_request_time [__init__.py:44] - view (after_request): room
2024-12-23 10:32:47,110 - application - DEBUG - after_request_time [__init__.py:46] - template (after_request): None
2024-12-23 10:32:47,162 - application - DEBUG - after_request_time [__init__.py:42] - Request to /static/defaults/generic_room.jpg took 0.0036208629608154297 seconds
2024-12-23 10:32:47,163 - application - DEBUG - after_request_time [__init__.py:44] - view (after_request): room
2024-12-23 10:32:47,163 - application - DEBUG - after_request_time [__init__.py:46] - template (after_request): None
2024-12-23 10:32:47,178 - application - DEBUG - after_request_time [__init__.py:42] - Request to /show_list/21 took 0.018871068954467773 seconds
2024-12-23 10:32:47,178 - application - DEBUG - after_request_time [__init__.py:44] - view (after_request): room
2024-12-23 10:32:47,179 - application - DEBUG - after_request_time [__init__.py:46] - template (after_request): lists/list.html.jinja
2024-12-23 10:32:51,140 - application - DEBUG - after_request_time [__init__.py:42] - Request to /walkthrough/steps took 0.0059719085693359375 seconds
2024-12-23 10:32:51,141 - application - DEBUG - after_request_time [__init__.py:44] - view (after_request): quicknote
2024-12-23 10:32:51,141 - application - DEBUG - after_request_time [__init__.py:46] - template (after_request): walkthrough/parts/quicknote.html.jinja
2024-12-23 10:32:51,308 - application - DEBUG - after_request_time [__init__.py:42] - Request to /show_list/ took 0.048975229263305664 seconds
2024-12-23 10:32:51,308 - application - DEBUG - after_request_time [__init__.py:44] - view (after_request): quicknote
2024-12-23 10:32:51,308 - application - DEBUG - after_request_time [__init__.py:46] - template (after_request): lists/list.html.jinja
2024-12-23 10:32:53,108 - application - DEBUG - after_request_time [__init__.py:42] - Request to /create/Task took 0.022927284240722656 seconds
2024-12-23 10:32:53,108 - application - DEBUG - after_request_time [__init__.py:44] - view (after_request): quicknote
2024-12-23 10:32:53,108 - application - DEBUG - after_request_time [__init__.py:46] - template (after_request): lists/model/task.html.jinja
2024-12-23 10:32:55,463 - application - DEBUG - after_request_time [__init__.py:42] - Request to /create/Task took 0.019575834274291992 seconds
2024-12-23 10:32:55,463 - application - DEBUG - after_request_time [__init__.py:44] - view (after_request): quicknote
2024-12-23 10:32:55,463 - application - DEBUG - after_request_time [__init__.py:46] - template (after_request): lists/model/task.html.jinja
2024-12-23 10:32:57,410 - application - DEBUG - after_request_time [__init__.py:42] - Request to /walkthrough/steps took 0.002882242202758789 seconds
2024-12-23 10:32:57,410 - application - DEBUG - after_request_time [__init__.py:44] - view (after_request): room
2024-12-23 10:32:57,410 - application - DEBUG - after_request_time [__init__.py:46] - template (after_request): walkthrough/parts/room.html.jinja
2024-12-23 10:32:57,508 - application - DEBUG - after_request_time [__init__.py:42] - Request to /show_photo_entry/8 took 0.012548685073852539 seconds
2024-12-23 10:32:57,509 - application - DEBUG - after_request_time [__init__.py:44] - view (after_request): room
2024-12-23 10:32:57,510 - application - DEBUG - after_request_time [__init__.py:46] - template (after_request): lists/model/photo.html.jinja
2024-12-23 10:32:57,534 - application - DEBUG - after_request_time [__init__.py:42] - Request to /show_list/ took 0.03684568405151367 seconds
2024-12-23 10:32:57,534 - application - DEBUG - after_request_time [__init__.py:44] - view (after_request): room
2024-12-23 10:32:57,535 - application - DEBUG - after_request_time [__init__.py:46] - template (after_request): lists/list.html.jinja
2024-12-23 10:32:57,591 - application - DEBUG - after_request_time [__init__.py:42] - Request to /show_list/21 took 0.013992071151733398 seconds
2024-12-23 10:32:57,591 - application - DEBUG - after_request_time [__init__.py:44] - view (after_request): room
2024-12-23 10:32:57,591 - application - DEBUG - after_request_time [__init__.py:46] - template (after_request): lists/list.html.jinja
2024-12-23 10:33:02,356 - application - DEBUG - after_request_time [__init__.py:42] - Request to /update_list_order/41 took 0.05345892906188965 seconds
2024-12-23 10:33:02,356 - application - DEBUG - after_request_time [__init__.py:44] - view (after_request): room
2024-12-23 10:33:02,357 - application - DEBUG - after_request_time [__init__.py:46] - template (after_request): None
2024-12-23 10:33:05,716 - application - DEBUG - after_request_time [__init__.py:42] - Request to /update_list_order/41 took 0.04625701904296875 seconds
2024-12-23 10:33:05,716 - application - DEBUG - after_request_time [__init__.py:44] - view (after_request): room
2024-12-23 10:33:05,716 - application - DEBUG - after_request_time [__init__.py:46] - template (after_request): None
2024-12-23 10:33:09,673 - application - DEBUG - after_request_time [__init__.py:42] - Request to /walkthrough/steps took 0.0032622814178466797 seconds
2024-12-23 10:33:09,673 - application - DEBUG - after_request_time [__init__.py:44] - view (after_request): room
2024-12-23 10:33:09,673 - application - DEBUG - after_request_time [__init__.py:46] - template (after_request): walkthrough/parts/room.html.jinja
2024-12-23 10:33:09,802 - application - DEBUG - after_request_time [__init__.py:42] - Request to /show_photo_entry/8 took 0.014034271240234375 seconds
2024-12-23 10:33:09,803 - application - DEBUG - after_request_time [__init__.py:44] - view (after_request): room
2024-12-23 10:33:09,804 - application - DEBUG - after_request_time [__init__.py:46] - template (after_request): lists/model/photo.html.jinja
2024-12-23 10:33:09,831 - application - DEBUG - after_request_time [__init__.py:42] - Request to /show_list/ took 0.041278839111328125 seconds
2024-12-23 10:33:09,831 - application - DEBUG - after_request_time [__init__.py:44] - view (after_request): room
2024-12-23 10:33:09,831 - application - DEBUG - after_request_time [__init__.py:46] - template (after_request): lists/list.html.jinja
2024-12-23 10:33:09,875 - application - DEBUG - after_request_time [__init__.py:42] - Request to /show_list/21 took 0.015491008758544922 seconds
2024-12-23 10:33:09,875 - application - DEBUG - after_request_time [__init__.py:44] - view (after_request): room
2024-12-23 10:33:09,875 - application - DEBUG - after_request_time [__init__.py:46] - template (after_request): lists/list.html.jinja
2024-12-23 10:33:14,764 - application - DEBUG - after_request_time [__init__.py:42] - Request to /update_list_order/41 took 0.04389333724975586 seconds
2024-12-23 10:33:14,765 - application - DEBUG - after_request_time [__init__.py:44] - view (after_request): room
2024-12-23 10:33:14,765 - application - DEBUG - after_request_time [__init__.py:46] - template (after_request): None
2024-12-23 10:39:44,647 - application - DEBUG - after_request_time [__init__.py:42] - Request to /walkthrough/Bedroom 1/room took 0.008301973342895508 seconds
2024-12-23 10:39:44,647 - application - DEBUG - after_request_time [__init__.py:44] - view (after_request): room
2024-12-23 10:39:44,648 - application - DEBUG - after_request_time [__init__.py:46] - template (after_request): None
2024-12-23 10:39:44,677 - application - DEBUG - after_request_time [__init__.py:42] - Request to /walkthrough/steps took 0.0032358169555664062 seconds
2024-12-23 10:39:44,677 - application - DEBUG - after_request_time [__init__.py:44] - view (after_request): room
2024-12-23 10:39:44,677 - application - DEBUG - after_request_time [__init__.py:46] - template (after_request): walkthrough/index.html.jinja
2024-12-23 10:39:44,812 - application - DEBUG - after_request_time [__init__.py:42] - Request to /static/css/main.css took 0.0009562969207763672 seconds
2024-12-23 10:39:44,812 - application - DEBUG - after_request_time [__init__.py:44] - view (after_request): room
2024-12-23 10:39:44,812 - application - DEBUG - after_request_time [__init__.py:46] - template (after_request): None
2024-12-23 10:39:44,832 - application - DEBUG - after_request_time [__init__.py:42] - Request to /static/js/bundle.js took 0.0011439323425292969 seconds
2024-12-23 10:39:44,832 - application - DEBUG - after_request_time [__init__.py:44] - view (after_request): room
2024-12-23 10:39:44,832 - application - DEBUG - after_request_time [__init__.py:46] - template (after_request): None
2024-12-23 10:39:44,909 - application - DEBUG - after_request_time [__init__.py:42] - Request to /static/css/color-mode.css took 0.005301952362060547 seconds
2024-12-23 10:39:44,910 - application - DEBUG - after_request_time [__init__.py:44] - view (after_request): room
2024-12-23 10:39:44,910 - application - DEBUG - after_request_time [__init__.py:46] - template (after_request): None
2024-12-23 10:39:44,914 - application - DEBUG - after_request_time [__init__.py:42] - Request to /static/css/flash-message.css took 0.006438255310058594 seconds
2024-12-23 10:39:44,915 - application - DEBUG - after_request_time [__init__.py:44] - view (after_request): room
2024-12-23 10:39:44,916 - application - DEBUG - after_request_time [__init__.py:42] - Request to /static/css/typography.css took 0.003688335418701172 seconds
2024-12-23 10:39:44,917 - application - DEBUG - after_request_time [__init__.py:42] - Request to /static/css/sortables.css took 0.0032329559326171875 seconds
2024-12-23 10:39:44,918 - application - DEBUG - after_request_time [__init__.py:46] - template (after_request): None
2024-12-23 10:39:44,920 - application - DEBUG - after_request_time [__init__.py:44] - view (after_request): room
2024-12-23 10:39:44,921 - application - DEBUG - after_request_time [__init__.py:44] - view (after_request): room
2024-12-23 10:39:44,923 - application - DEBUG - after_request_time [__init__.py:46] - template (after_request): None
2024-12-23 10:39:44,923 - application - DEBUG - after_request_time [__init__.py:46] - template (after_request): None
2024-12-23 10:39:45,027 - application - DEBUG - after_request_time [__init__.py:42] - Request to /walkthrough/steps took 0.016714096069335938 seconds
2024-12-23 10:39:45,028 - application - DEBUG - after_request_time [__init__.py:44] - view (after_request): room
2024-12-23 10:39:45,029 - application - DEBUG - after_request_time [__init__.py:46] - template (after_request): walkthrough/parts/room.html.jinja
2024-12-23 10:39:45,051 - application - DEBUG - after_request_time [__init__.py:42] - Request to /show_list/ took 0.03381705284118652 seconds
2024-12-23 10:39:45,053 - application - DEBUG - after_request_time [__init__.py:44] - view (after_request): room
2024-12-23 10:39:45,054 - application - DEBUG - after_request_time [__init__.py:46] - template (after_request): lists/list.html.jinja
2024-12-23 10:39:45,063 - application - DEBUG - after_request_time [__init__.py:42] - Request to /show_list/ took 0.05472087860107422 seconds
2024-12-23 10:39:45,064 - application - DEBUG - after_request_time [__init__.py:44] - view (after_request): room
2024-12-23 10:39:45,064 - application - DEBUG - after_request_time [__init__.py:46] - template (after_request): lists/list.html.jinja
2024-12-23 10:39:45,320 - application - DEBUG - after_request_time [__init__.py:42] - Request to /show_photo_entry/8 took 0.017817020416259766 seconds
2024-12-23 10:39:45,321 - application - DEBUG - after_request_time [__init__.py:44] - view (after_request): room
2024-12-23 10:39:45,322 - application - DEBUG - after_request_time [__init__.py:46] - template (after_request): lists/model/photo.html.jinja
2024-12-23 10:39:45,350 - application - DEBUG - after_request_time [__init__.py:42] - Request to /show_list/ took 0.04264712333679199 seconds
2024-12-23 10:39:45,350 - application - DEBUG - after_request_time [__init__.py:44] - view (after_request): room
2024-12-23 10:39:45,351 - application - DEBUG - after_request_time [__init__.py:46] - template (after_request): lists/list.html.jinja
2024-12-23 10:39:45,511 - application - DEBUG - after_request_time [__init__.py:42] - Request to /static/defaults/generic_room.jpg took 0.001439809799194336 seconds
2024-12-23 10:39:45,511 - application - DEBUG - after_request_time [__init__.py:44] - view (after_request): room
2024-12-23 10:39:45,511 - application - DEBUG - after_request_time [__init__.py:46] - template (after_request): None
2024-12-23 10:39:45,556 - application - DEBUG - after_request_time [__init__.py:42] - Request to /show_list/21 took 0.03977394104003906 seconds
2024-12-23 10:39:45,556 - application - DEBUG - after_request_time [__init__.py:44] - view (after_request): room
2024-12-23 10:39:45,556 - application - DEBUG - after_request_time [__init__.py:46] - template (after_request): lists/list.html.jinja
2024-12-23 10:39:48,530 - application - DEBUG - after_request_time [__init__.py:42] - Request to /walkthrough/steps took 0.008330821990966797 seconds
2024-12-23 10:39:48,530 - application - DEBUG - after_request_time [__init__.py:44] - view (after_request): pingridtest
2024-12-23 10:39:48,530 - application - DEBUG - after_request_time [__init__.py:46] - template (after_request): walkthrough/parts/pingridtest.html.jinja
2024-12-23 10:39:48,613 - application - DEBUG - after_request_time [__init__.py:42] - Request to /show_photo_entry/8 took 0.010716915130615234 seconds
2024-12-23 10:39:48,614 - application - DEBUG - after_request_time [__init__.py:44] - view (after_request): pingridtest
2024-12-23 10:39:48,615 - application - DEBUG - after_request_time [__init__.py:46] - template (after_request): lists/model/photo.html.jinja
2024-12-23 10:39:48,641 - application - DEBUG - after_request_time [__init__.py:42] - Request to /show_list/ took 0.04025769233703613 seconds
2024-12-23 10:39:48,642 - application - DEBUG - after_request_time [__init__.py:44] - view (after_request): pingridtest
2024-12-23 10:39:48,642 - application - DEBUG - after_request_time [__init__.py:46] - template (after_request): lists/list.html.jinja
2024-12-23 10:39:48,685 - application - DEBUG - after_request_time [__init__.py:42] - Request to /show_list/21 took 0.01355600357055664 seconds
2024-12-23 10:39:48,685 - application - DEBUG - after_request_time [__init__.py:44] - view (after_request): pingridtest
2024-12-23 10:39:48,685 - application - DEBUG - after_request_time [__init__.py:46] - template (after_request): lists/list.html.jinja
2024-12-23 10:39:51,890 - application - DEBUG - after_request_time [__init__.py:42] - Request to /create/Pin/21 took 0.022774934768676758 seconds
2024-12-23 10:39:51,891 - application - DEBUG - after_request_time [__init__.py:44] - view (after_request): pingridtest
2024-12-23 10:39:51,891 - application - DEBUG - after_request_time [__init__.py:46] - template (after_request): lists/model/pin.html.jinja
2024-12-23 10:39:52,977 - application - DEBUG - after_request_time [__init__.py:42] - Request to /update_list_order/21 took 0.1019899845123291 seconds
2024-12-23 10:39:52,979 - application - DEBUG - after_request_time [__init__.py:42] - Request to /update_list_order/41 took 0.09864497184753418 seconds
2024-12-23 10:39:52,979 - application - DEBUG - after_request_time [__init__.py:44] - view (after_request): pingridtest
2024-12-23 10:39:52,979 - application - DEBUG - after_request_time [__init__.py:44] - view (after_request): pingridtest
2024-12-23 10:39:52,979 - application - DEBUG - after_request_time [__init__.py:46] - template (after_request): None
2024-12-23 10:39:52,980 - application - DEBUG - after_request_time [__init__.py:46] - template (after_request): None
2024-12-23 10:49:36,863 - application - DEBUG - after_request_time [__init__.py:42] - Request to /walkthrough/steps took 0.014021158218383789 seconds
2024-12-23 10:49:36,863 - application - DEBUG - after_request_time [__init__.py:44] - view (after_request): sortphotos
2024-12-23 10:49:36,863 - application - DEBUG - after_request_time [__init__.py:46] - template (after_request): walkthrough/parts/sortphotos.html.jinja
2024-12-23 10:49:36,994 - application - DEBUG - after_request_time [__init__.py:42] - Request to /show_photo_entry/8 took 0.009124040603637695 seconds
2024-12-23 10:49:36,994 - application - DEBUG - after_request_time [__init__.py:44] - view (after_request): sortphotos
2024-12-23 10:49:36,995 - application - DEBUG - after_request_time [__init__.py:46] - template (after_request): lists/model/photo.html.jinja
2024-12-23 10:49:37,009 - application - DEBUG - after_request_time [__init__.py:42] - Request to /show_list/ took 0.02950119972229004 seconds
2024-12-23 10:49:37,009 - application - DEBUG - after_request_time [__init__.py:44] - view (after_request): sortphotos
2024-12-23 10:49:37,010 - application - DEBUG - after_request_time [__init__.py:46] - template (after_request): lists/list.html.jinja
2024-12-23 10:49:37,115 - application - DEBUG - after_request_time [__init__.py:42] - Request to /show_list/21 took 0.04158926010131836 seconds
2024-12-23 10:49:37,116 - application - DEBUG - after_request_time [__init__.py:44] - view (after_request): sortphotos
2024-12-23 10:49:37,116 - application - DEBUG - after_request_time [__init__.py:42] - Request to /show_list/21 took 0.04892110824584961 seconds
2024-12-23 10:49:37,116 - application - DEBUG - after_request_time [__init__.py:46] - template (after_request): lists/list.html.jinja
2024-12-23 10:49:37,117 - application - DEBUG - after_request_time [__init__.py:44] - view (after_request): sortphotos
2024-12-23 10:49:37,118 - application - DEBUG - after_request_time [__init__.py:46] - template (after_request): lists/list.html.jinja
2024-12-23 10:50:09,951 - application - DEBUG - after_request_time [__init__.py:42] - Request to /walkthrough/Bedroom 1/sortphotos took 0.00741887092590332 seconds
2024-12-23 10:50:09,951 - application - DEBUG - after_request_time [__init__.py:44] - view (after_request): sortphotos
2024-12-23 10:50:09,951 - application - DEBUG - after_request_time [__init__.py:46] - template (after_request): None
2024-12-23 10:50:09,969 - application - DEBUG - after_request_time [__init__.py:42] - Request to /walkthrough/steps took 0.004055023193359375 seconds
2024-12-23 10:50:09,969 - application - DEBUG - after_request_time [__init__.py:44] - view (after_request): sortphotos
2024-12-23 10:50:09,969 - application - DEBUG - after_request_time [__init__.py:46] - template (after_request): walkthrough/index.html.jinja
2024-12-23 10:50:10,111 - application - DEBUG - after_request_time [__init__.py:42] - Request to /static/css/main.css took 0.0027549266815185547 seconds
2024-12-23 10:50:10,112 - application - DEBUG - after_request_time [__init__.py:44] - view (after_request): sortphotos
2024-12-23 10:50:10,113 - application - DEBUG - after_request_time [__init__.py:42] - Request to /static/js/bundle.js took 0.0013518333435058594 seconds
2024-12-23 10:50:10,113 - application - DEBUG - after_request_time [__init__.py:46] - template (after_request): None
2024-12-23 10:50:10,114 - application - DEBUG - after_request_time [__init__.py:44] - view (after_request): sortphotos
2024-12-23 10:50:10,115 - application - DEBUG - after_request_time [__init__.py:46] - template (after_request): None
2024-12-23 10:50:10,158 - application - DEBUG - after_request_time [__init__.py:42] - Request to /static/css/color-mode.css took 0.0023622512817382812 seconds
2024-12-23 10:50:10,160 - application - DEBUG - after_request_time [__init__.py:44] - view (after_request): sortphotos
2024-12-23 10:50:10,162 - application - DEBUG - after_request_time [__init__.py:42] - Request to /static/css/flash-message.css took 0.0038530826568603516 seconds
2024-12-23 10:50:10,165 - application - DEBUG - after_request_time [__init__.py:46] - template (after_request): None
2024-12-23 10:50:10,166 - application - DEBUG - after_request_time [__init__.py:42] - Request to /static/css/sortables.css took 0.001405954360961914 seconds
2024-12-23 10:50:10,166 - application - DEBUG - after_request_time [__init__.py:44] - view (after_request): sortphotos
2024-12-23 10:50:10,167 - application - DEBUG - after_request_time [__init__.py:42] - Request to /static/css/typography.css took 0.002149820327758789 seconds
2024-12-23 10:50:10,169 - application - DEBUG - after_request_time [__init__.py:44] - view (after_request): sortphotos
2024-12-23 10:50:10,169 - application - DEBUG - after_request_time [__init__.py:46] - template (after_request): None
2024-12-23 10:50:10,170 - application - DEBUG - after_request_time [__init__.py:44] - view (after_request): sortphotos
2024-12-23 10:50:10,171 - application - DEBUG - after_request_time [__init__.py:46] - template (after_request): None
2024-12-23 10:50:10,173 - application - DEBUG - after_request_time [__init__.py:46] - template (after_request): None
2024-12-23 10:50:10,306 - application - DEBUG - after_request_time [__init__.py:42] - Request to /walkthrough/steps took 0.030011892318725586 seconds
2024-12-23 10:50:10,309 - application - DEBUG - after_request_time [__init__.py:44] - view (after_request): sortphotos
2024-12-23 10:50:10,310 - application - DEBUG - after_request_time [__init__.py:46] - template (after_request): walkthrough/parts/sortphotos.html.jinja
2024-12-23 10:50:10,326 - application - DEBUG - after_request_time [__init__.py:42] - Request to /show_list/ took 0.04563307762145996 seconds
2024-12-23 10:50:10,327 - application - DEBUG - after_request_time [__init__.py:44] - view (after_request): sortphotos
2024-12-23 10:50:10,329 - application - DEBUG - after_request_time [__init__.py:46] - template (after_request): lists/list.html.jinja
2024-12-23 10:50:10,341 - application - DEBUG - after_request_time [__init__.py:42] - Request to /show_list/ took 0.06365013122558594 seconds
2024-12-23 10:50:10,342 - application - DEBUG - after_request_time [__init__.py:44] - view (after_request): sortphotos
2024-12-23 10:50:10,342 - application - DEBUG - after_request_time [__init__.py:46] - template (after_request): lists/list.html.jinja
2024-12-23 10:50:10,574 - application - DEBUG - after_request_time [__init__.py:42] - Request to /show_photo_entry/8 took 0.014640092849731445 seconds
2024-12-23 10:50:10,576 - application - DEBUG - after_request_time [__init__.py:44] - view (after_request): sortphotos
2024-12-23 10:50:10,577 - application - DEBUG - after_request_time [__init__.py:46] - template (after_request): lists/model/photo.html.jinja
2024-12-23 10:50:10,586 - application - DEBUG - after_request_time [__init__.py:42] - Request to /show_list/ took 0.030562877655029297 seconds
2024-12-23 10:50:10,586 - application - DEBUG - after_request_time [__init__.py:44] - view (after_request): sortphotos
2024-12-23 10:50:10,586 - application - DEBUG - after_request_time [__init__.py:46] - template (after_request): lists/list.html.jinja
2024-12-23 10:50:10,759 - application - DEBUG - after_request_time [__init__.py:42] - Request to /static/defaults/generic_room.jpg took 0.0024199485778808594 seconds
2024-12-23 10:50:10,763 - application - DEBUG - after_request_time [__init__.py:44] - view (after_request): sortphotos
2024-12-23 10:50:10,770 - application - DEBUG - after_request_time [__init__.py:46] - template (after_request): None
2024-12-23 10:50:10,825 - application - DEBUG - after_request_time [__init__.py:42] - Request to /show_list/21 took 0.06311392784118652 seconds
2024-12-23 10:50:10,825 - application - DEBUG - after_request_time [__init__.py:44] - view (after_request): sortphotos
2024-12-23 10:50:10,826 - application - DEBUG - after_request_time [__init__.py:42] - Request to /show_list/21 took 0.06359481811523438 seconds
2024-12-23 10:50:10,826 - application - DEBUG - after_request_time [__init__.py:46] - template (after_request): lists/list.html.jinja
2024-12-23 10:50:10,827 - application - DEBUG - after_request_time [__init__.py:44] - view (after_request): sortphotos
2024-12-23 10:50:10,828 - application - DEBUG - after_request_time [__init__.py:46] - template (after_request): lists/list.html.jinja
2024-12-23 10:50:39,372 - application - DEBUG - after_request_time [__init__.py:42] - Request to /walkthrough/Bedroom 1/sortphotos took 0.006702899932861328 seconds
2024-12-23 10:50:39,373 - application - DEBUG - after_request_time [__init__.py:44] - view (after_request): sortphotos
2024-12-23 10:50:39,373 - application - DEBUG - after_request_time [__init__.py:46] - template (after_request): None
2024-12-23 10:50:39,395 - application - DEBUG - after_request_time [__init__.py:42] - Request to /walkthrough/steps took 0.002585887908935547 seconds
2024-12-23 10:50:39,395 - application - DEBUG - after_request_time [__init__.py:44] - view (after_request): sortphotos
2024-12-23 10:50:39,395 - application - DEBUG - after_request_time [__init__.py:46] - template (after_request): walkthrough/index.html.jinja
2024-12-23 10:50:39,518 - application - DEBUG - after_request_time [__init__.py:42] - Request to /static/css/main.css took 0.0008571147918701172 seconds
2024-12-23 10:50:39,519 - application - DEBUG - after_request_time [__init__.py:44] - view (after_request): sortphotos
2024-12-23 10:50:39,519 - application - DEBUG - after_request_time [__init__.py:46] - template (after_request): None
2024-12-23 10:50:39,523 - application - DEBUG - after_request_time [__init__.py:42] - Request to /static/js/bundle.js took 0.0011692047119140625 seconds
2024-12-23 10:50:39,524 - application - DEBUG - after_request_time [__init__.py:44] - view (after_request): sortphotos
2024-12-23 10:50:39,525 - application - DEBUG - after_request_time [__init__.py:46] - template (after_request): None
2024-12-23 10:50:39,638 - application - DEBUG - after_request_time [__init__.py:42] - Request to /static/css/flash-message.css took 0.0006978511810302734 seconds
2024-12-23 10:50:39,638 - application - DEBUG - after_request_time [__init__.py:44] - view (after_request): sortphotos
2024-12-23 10:50:39,653 - application - DEBUG - after_request_time [__init__.py:46] - template (after_request): None
2024-12-23 10:50:39,691 - application - DEBUG - after_request_time [__init__.py:42] - Request to /static/css/color-mode.css took 0.09943389892578125 seconds
2024-12-23 10:50:39,691 - application - DEBUG - after_request_time [__init__.py:44] - view (after_request): sortphotos
2024-12-23 10:50:39,701 - application - DEBUG - after_request_time [__init__.py:46] - template (after_request): None
2024-12-23 10:50:39,705 - application - DEBUG - after_request_time [__init__.py:42] - Request to /static/css/typography.css took 0.006151914596557617 seconds
2024-12-23 10:50:39,706 - application - DEBUG - after_request_time [__init__.py:44] - view (after_request): sortphotos
2024-12-23 10:50:39,708 - application - DEBUG - after_request_time [__init__.py:42] - Request to /static/css/sortables.css took 0.0043468475341796875 seconds
2024-12-23 10:50:39,709 - application - DEBUG - after_request_time [__init__.py:46] - template (after_request): None
2024-12-23 10:50:39,709 - application - DEBUG - after_request_time [__init__.py:44] - view (after_request): sortphotos
2024-12-23 10:50:39,715 - application - DEBUG - after_request_time [__init__.py:46] - template (after_request): None
2024-12-23 10:50:39,824 - application - DEBUG - after_request_time [__init__.py:42] - Request to /show_list/ took 0.02078390121459961 seconds
2024-12-23 10:50:39,824 - application - DEBUG - after_request_time [__init__.py:44] - view (after_request): sortphotos
2024-12-23 10:50:39,825 - application - DEBUG - after_request_time [__init__.py:46] - template (after_request): lists/list.html.jinja
2024-12-23 10:50:39,834 - application - DEBUG - after_request_time [__init__.py:42] - Request to /show_list/ took 0.03469204902648926 seconds
2024-12-23 10:50:39,834 - application - DEBUG - after_request_time [__init__.py:44] - view (after_request): sortphotos
2024-12-23 10:50:39,835 - application - DEBUG - after_request_time [__init__.py:46] - template (after_request): lists/list.html.jinja
2024-12-23 10:50:39,845 - application - DEBUG - after_request_time [__init__.py:42] - Request to /walkthrough/steps took 0.004263877868652344 seconds
2024-12-23 10:50:39,846 - application - DEBUG - after_request_time [__init__.py:44] - view (after_request): sortphotos
2024-12-23 10:50:39,846 - application - DEBUG - after_request_time [__init__.py:46] - template (after_request): walkthrough/parts/sortphotos.html.jinja
2024-12-23 10:50:40,095 - application - DEBUG - after_request_time [__init__.py:42] - Request to /show_photo_entry/8 took 0.048957109451293945 seconds
2024-12-23 10:50:40,095 - application - DEBUG - after_request_time [__init__.py:44] - view (after_request): sortphotos
2024-12-23 10:50:40,097 - application - DEBUG - after_request_time [__init__.py:46] - template (after_request): lists/model/photo.html.jinja
2024-12-23 10:50:40,107 - application - DEBUG - after_request_time [__init__.py:42] - Request to /show_list/ took 0.06156802177429199 seconds
2024-12-23 10:50:40,107 - application - DEBUG - after_request_time [__init__.py:44] - view (after_request): sortphotos
2024-12-23 10:50:40,108 - application - DEBUG - after_request_time [__init__.py:46] - template (after_request): lists/list.html.jinja
2024-12-23 10:50:40,284 - application - DEBUG - after_request_time [__init__.py:42] - Request to /static/defaults/generic_room.jpg took 0.0016260147094726562 seconds
2024-12-23 10:50:40,284 - application - DEBUG - after_request_time [__init__.py:44] - view (after_request): sortphotos
2024-12-23 10:50:40,284 - application - DEBUG - after_request_time [__init__.py:46] - template (after_request): None
2024-12-23 10:50:40,354 - application - DEBUG - after_request_time [__init__.py:42] - Request to /show_list/21 took 0.05860185623168945 seconds
2024-12-23 10:50:40,355 - application - DEBUG - after_request_time [__init__.py:44] - view (after_request): sortphotos
2024-12-23 10:50:40,356 - application - DEBUG - after_request_time [__init__.py:46] - template (after_request): lists/list.html.jinja
2024-12-23 10:50:40,359 - application - DEBUG - after_request_time [__init__.py:42] - Request to /show_list/21 took 0.0659940242767334 seconds
2024-12-23 10:50:40,360 - application - DEBUG - after_request_time [__init__.py:44] - view (after_request): sortphotos
2024-12-23 10:50:40,360 - application - DEBUG - after_request_time [__init__.py:46] - template (after_request): lists/list.html.jinja
