2024-12-20 11:57:03,763 - application.map - DEBUG - home_map [map.py:24] - map called with floor_id: 1
2024-12-20 11:57:03,773 - application.rooms - DEBUG - floor_room_check [rooms.py:165] - inside floor_room_check A: floor_id: 1, has_rooms: True
2024-12-20 11:57:03,775 - application.rooms - DEBUG - check_each_floor_for_rooms [rooms.py:172] - floor.rooms.count() <Floor 1> = 4
2024-12-20 11:57:03,776 - application.rooms - DEBUG - check_each_floor_for_rooms [rooms.py:172] - floor.rooms.count() <Floor 2> = 1
2024-12-20 11:57:03,777 - application.rooms - DEBUG - floor_room_check [rooms.py:167] - inside floor_room_check B: floor_id: 1, has_rooms: True
2024-12-20 11:57:03,778 - application.map - DEBUG - home_map [map.py:27] - room check: floor_id: 1, has_rooms: True
2024-12-20 11:57:03,778 - application.floors - DEBUG - set_active_floor [floors.py:41] - set_active_floor called with floor_id: 1
2024-12-20 11:57:03,783 - application.floors - DEBUG - set_active_floor [floors.py:52] - current_user.active_home.active_floor: <Floor 1>
2024-12-20 11:57:03,787 - application.list_utils - DEBUG - get_list_entries_for_item [list_utils.py:428] - found_entries for <Home 1>: [<UserListEntry 1>]
2024-12-20 11:57:03,791 - application.list_utils - DEBUG - get_list_entries_for_item [list_utils.py:436] - Entry: <UserListEntry 1>
2024-12-20 11:57:03,791 - application.list_utils - DEBUG - get_list_entries_for_item [list_utils.py:437] - Item Model: Home, Item ID: 1
2024-12-20 11:57:03,791 - application.list_utils - DEBUG - get_list_entries_for_item [list_utils.py:438] - User List ID: 1 User List Name: bob Homes
2024-12-20 11:57:03,792 - application.list_utils - DEBUG - get_list_entries_for_item [list_utils.py:439] - user: 1
2024-12-20 11:57:03,792 - application.list_utils - DEBUG - get_userlist [list_utils.py:308] - get_userlist(): item_model: Floor, list_name: None, parent_entry_id: 1
2024-12-20 11:57:03,796 - application.list_utils - DEBUG - get_userlist [list_utils.py:322] - lists found (model, parent): [<UserList 2>]
2024-12-20 11:57:03,796 - application.list_utils - DEBUG - get_userlist [list_utils.py:349] - len(lists) == 1: None Floor 1
2024-12-20 11:57:03,796 - application.list_utils - DEBUG - get_userlist [list_utils.py:368] - userlist.entries: [<UserListEntry 2>, <UserListEntry 29>] List type: <class 'sqlalchemy.orm.collections.InstrumentedList'>
2024-12-20 11:57:03,796 - application.list_utils - DEBUG - get_userlist [list_utils.py:370] - List: layout test Floors, Order: 1
2024-12-20 11:57:03,796 - application.list_utils - DEBUG - get_userlist [list_utils.py:370] - List: layout test Floors, Order: 0
2024-12-20 11:57:03,797 - application.rooms - DEBUG - get_room_list [rooms.py:42] - floor_list: <UserList 2> (type: <class 'application.database.models.UserList'>)
2024-12-20 11:57:03,797 - application.rooms - DEBUG - get_room_list [rooms.py:43] - floor_list entries count: 2
2024-12-20 11:57:03,797 - application.rooms - DEBUG - get_room_list [rooms.py:50] - floor list get floor_entry.id: 2
2024-12-20 11:57:03,797 - application.rooms - DEBUG - get_room_list [rooms.py:51] - floor list get floor_entry.get_item().name: Main Floor
2024-12-20 11:57:03,803 - application.rooms - DEBUG - get_room_list [rooms.py:56] - room_list: <UserList 19> (type: <class 'application.database.models.UserList'>) parent: Main Floor
2024-12-20 11:57:03,803 - application.rooms - DEBUG - get_room_list [rooms.py:50] - floor list get floor_entry.id: 29
2024-12-20 11:57:03,804 - application.rooms - DEBUG - get_room_list [rooms.py:51] - floor list get floor_entry.get_item().name: 2nd Floor
2024-12-20 11:57:03,805 - application.rooms - DEBUG - get_room_list [rooms.py:56] - room_list: <UserList 20> (type: <class 'application.database.models.UserList'>) parent: 2nd Floor
2024-12-20 11:57:03,806 - application.list_utils - DEBUG - get_list_entries_for_item [list_utils.py:428] - found_entries for <Home 1>: [<UserListEntry 1>]
2024-12-20 11:57:03,807 - application.list_utils - DEBUG - get_list_entries_for_item [list_utils.py:436] - Entry: <UserListEntry 1>
2024-12-20 11:57:03,807 - application.list_utils - DEBUG - get_list_entries_for_item [list_utils.py:437] - Item Model: Home, Item ID: 1
2024-12-20 11:57:03,807 - application.list_utils - DEBUG - get_list_entries_for_item [list_utils.py:438] - User List ID: 1 User List Name: bob Homes
2024-12-20 11:57:03,807 - application.list_utils - DEBUG - get_list_entries_for_item [list_utils.py:439] - user: 1
2024-12-20 11:57:03,807 - application.rooms - DEBUG - get_room_list [rooms.py:57] - get_userlist(Room, current_user.active_home.name:tiesteirstlayout test current_user.active_home.active_floor.name:Main Floor Rooms, get_list_entries_for_item(current_user.active_home)[0].id:1
2024-12-20 11:57:03,808 - application.list_utils - DEBUG - get_list_entries_for_item [list_utils.py:428] - found_entries for <Floor 1>: [<UserListEntry 2>]
2024-12-20 11:57:03,808 - application.list_utils - DEBUG - get_list_entries_for_item [list_utils.py:436] - Entry: <UserListEntry 2>
2024-12-20 11:57:03,809 - application.list_utils - DEBUG - get_list_entries_for_item [list_utils.py:437] - Item Model: Floor, Item ID: 1
2024-12-20 11:57:03,809 - application.list_utils - DEBUG - get_list_entries_for_item [list_utils.py:438] - User List ID: 2 User List Name: layout test Floors
2024-12-20 11:57:03,809 - application.list_utils - DEBUG - get_list_entries_for_item [list_utils.py:439] - user: 1
2024-12-20 11:57:03,809 - application.list_utils - DEBUG - get_userlist [list_utils.py:308] - get_userlist(): item_model: Room, list_name: None, parent_entry_id: 2
2024-12-20 11:57:03,810 - application.list_utils - DEBUG - get_userlist [list_utils.py:322] - lists found (model, parent): [<UserList 3>, <UserList 15>, <UserList 19>]
2024-12-20 11:57:03,810 - application.list_utils - DEBUG - get_userlist [list_utils.py:340] - len(lists) > 1: [<UserList 3>, <UserList 15>, <UserList 19>]
2024-12-20 11:57:03,810 - application.list_utils - DEBUG - get_userlist [list_utils.py:341] - combine: False
2024-12-20 11:57:03,810 - application.map - DEBUG - home_map [map.py:34] - floor_list MAP: <UserList 2>
2024-12-20 11:57:04,063 - application.list_utils - DEBUG - get_list_entries_for_item [list_utils.py:415] - input_string: <Home 1>, item_model: Home, item_id: 1
2024-12-20 11:57:04,064 - application.list_utils - DEBUG - get_list_entries_for_item [list_utils.py:428] - found_entries for <Home 1>: [<UserListEntry 1>]
2024-12-20 11:57:04,068 - application.list_utils - DEBUG - get_list_entries_for_item [list_utils.py:436] - Entry: <UserListEntry 1>
2024-12-20 11:57:04,070 - application.list_utils - DEBUG - get_list_entries_for_item [list_utils.py:428] - found_entries for <Home 1>: [<UserListEntry 1>]
2024-12-20 11:57:04,070 - application.list_utils - DEBUG - get_list_entries_for_item [list_utils.py:437] - Item Model: Home, Item ID: 1
2024-12-20 11:57:04,070 - application.list_utils - DEBUG - get_list_entries_for_item [list_utils.py:428] - found_entries for <Floor 1>: [<UserListEntry 2>]
2024-12-20 11:57:04,072 - application.list_utils - DEBUG - get_list_entries_for_item [list_utils.py:438] - User List ID: 1 User List Name: bob Homes
2024-12-20 11:57:04,072 - application.list_utils - DEBUG - get_list_entries_for_item [list_utils.py:436] - Entry: <UserListEntry 1>
2024-12-20 11:57:04,073 - application.list_utils - DEBUG - get_list_entries_for_item [list_utils.py:439] - user: 1
2024-12-20 11:57:04,073 - application.list_utils - DEBUG - get_list_entries_for_item [list_utils.py:436] - Entry: <UserListEntry 2>
2024-12-20 11:57:04,073 - application.list_utils - DEBUG - get_list_entries_for_item [list_utils.py:437] - Item Model: Home, Item ID: 1
2024-12-20 11:57:04,074 - application.list_utils - DEBUG - get_userlist [list_utils.py:308] - get_userlist(): item_model: Floor, list_name: None, parent_entry_id: 1
2024-12-20 11:57:04,074 - application.list_utils - DEBUG - get_list_entries_for_item [list_utils.py:437] - Item Model: Floor, Item ID: 1
2024-12-20 11:57:04,074 - application.list_utils - DEBUG - get_list_entries_for_item [list_utils.py:438] - User List ID: 1 User List Name: bob Homes
2024-12-20 11:57:04,075 - application.list_utils - DEBUG - get_list_entries_for_item [list_utils.py:438] - User List ID: 2 User List Name: layout test Floors
2024-12-20 11:57:04,076 - application.list_utils - DEBUG - get_userlist [list_utils.py:322] - lists found (model, parent): [<UserList 2>]
2024-12-20 11:57:04,076 - application.list_utils - DEBUG - get_list_entries_for_item [list_utils.py:439] - user: 1
2024-12-20 11:57:04,076 - application.list_utils - DEBUG - get_list_entries_for_item [list_utils.py:439] - user: 1
2024-12-20 11:57:04,077 - application.list_utils - DEBUG - get_userlist [list_utils.py:349] - len(lists) == 1: None Floor 1
2024-12-20 11:57:04,077 - application.list_utils - DEBUG - get_top_userlists_by_root_parent [list_utils.py:279] - input root_parent_entry_id: 1 model: Task
2024-12-20 11:57:04,077 - application.list_utils - DEBUG - get_userlist [list_utils.py:308] - get_userlist(): item_model: Room, list_name: None, parent_entry_id: 2
2024-12-20 11:57:04,077 - application.list_utils - DEBUG - get_userlist [list_utils.py:368] - userlist.entries: [<UserListEntry 2>, <UserListEntry 29>] List type: <class 'sqlalchemy.orm.collections.InstrumentedList'>
2024-12-20 11:57:04,081 - application.list_utils - DEBUG - get_userlists_by_parent [list_utils.py:271] - get_userlists_by_parent: lists found (parent_entry_id)1: [<UserList 2>]
2024-12-20 11:57:04,081 - application.list_utils - DEBUG - get_userlist [list_utils.py:370] - List: layout test Floors, Order: 1
2024-12-20 11:57:04,082 - application.list_utils - DEBUG - get_userlist [list_utils.py:322] - lists found (model, parent): [<UserList 3>, <UserList 15>, <UserList 19>]
2024-12-20 11:57:04,083 - application.list_utils - DEBUG - get_userlist [list_utils.py:370] - List: layout test Floors, Order: 0
2024-12-20 11:57:04,083 - application.list_utils - DEBUG - get_userlists_by_parent [list_utils.py:271] - get_userlists_by_parent: lists found (parent_entry_id)2: [<UserList 3>, <UserList 15>, <UserList 19>]
2024-12-20 11:57:04,084 - application.list_utils - DEBUG - get_userlist [list_utils.py:340] - len(lists) > 1: [<UserList 3>, <UserList 15>, <UserList 19>]
2024-12-20 11:57:04,088 - application.list_utils - DEBUG - get_userlists_by_parent [list_utils.py:271] - get_userlists_by_parent: lists found (parent_entry_id)2: [<UserList 3>, <UserList 15>, <UserList 19>]
2024-12-20 11:57:04,088 - application.list_utils - DEBUG - get_userlists_by_parent [list_utils.py:271] - get_userlists_by_parent: lists found (parent_entry_id)29: [<UserList 16>, <UserList 20>]
2024-12-20 11:57:04,089 - application.list_utils - DEBUG - get_userlist [list_utils.py:341] - combine: False
2024-12-20 11:57:04,090 - application.list_utils - DEBUG - get_userlists_by_parent [list_utils.py:271] - get_userlists_by_parent: lists found (parent_entry_id)29: [<UserList 16>, <UserList 20>]
2024-12-20 11:57:04,091 - application.list_utils - DEBUG - get_userlists_by_parent [list_utils.py:271] - get_userlists_by_parent: lists found (parent_entry_id)20: [<UserList 5>]
2024-12-20 11:57:04,092 - application.list_utils - DEBUG - get_userlists_by_parent [list_utils.py:271] - get_userlists_by_parent: lists found (parent_entry_id)20: [<UserList 5>]
2024-12-20 11:57:04,099 - application.list_utils - DEBUG - get_userlists_by_parent [list_utils.py:271] - get_userlists_by_parent: lists found (parent_entry_id)22: [<UserList 7>]
2024-12-20 11:57:04,112 - application.list_utils - DEBUG - get_userlists_by_parent [list_utils.py:271] - get_userlists_by_parent: lists found (parent_entry_id)22: [<UserList 7>]
2024-12-20 11:57:04,130 - application.list_utils - DEBUG - get_userlists_by_parent [list_utils.py:271] - get_userlists_by_parent: lists found (parent_entry_id)24: [<UserList 9>]
2024-12-20 11:57:04,131 - application.list_utils - DEBUG - get_userlists_by_parent [list_utils.py:271] - get_userlists_by_parent: lists found (parent_entry_id)24: [<UserList 9>]
2024-12-20 11:57:04,132 - application.list_utils - DEBUG - get_userlists_by_parent [list_utils.py:271] - get_userlists_by_parent: lists found (parent_entry_id)28: [<UserList 13>]
2024-12-20 11:57:04,136 - application.list_utils - DEBUG - get_userlists_by_parent [list_utils.py:271] - get_userlists_by_parent: lists found (parent_entry_id)28: [<UserList 13>]
2024-12-20 11:57:04,148 - application.list_utils - DEBUG - get_userlists_by_parent [list_utils.py:271] - get_userlists_by_parent: lists found (parent_entry_id)31: [<UserList 17>]
2024-12-20 11:57:04,152 - application.list_utils - DEBUG - get_userlists_by_parent [list_utils.py:271] - get_userlists_by_parent: lists found (parent_entry_id)19: [<UserList 6>]
2024-12-20 11:57:04,159 - application.list_utils - DEBUG - get_userlists_by_parent [list_utils.py:271] - get_userlists_by_parent: lists found (parent_entry_id)21: [<UserList 8>]
2024-12-20 11:57:04,177 - application.list_utils - DEBUG - get_userlists_by_parent [list_utils.py:271] - get_userlists_by_parent: lists found (parent_entry_id)23: [<UserList 10>]
2024-12-20 11:57:04,187 - application.list_utils - DEBUG - get_userlists_by_parent [list_utils.py:271] - get_userlists_by_parent: lists found (parent_entry_id)27: [<UserList 14>]
2024-12-20 11:57:04,212 - application.list_utils - DEBUG - get_userlists_by_parent [list_utils.py:271] - get_userlists_by_parent: lists found (parent_entry_id)30: [<UserList 18>]
2024-12-20 11:57:04,213 - application.list_utils - DEBUG - get_top_userlists_by_root_parent [list_utils.py:294] - get_top_userlists_by_root_parent: No Task lists found for root_parent_entry_id 1
2024-12-20 11:57:04,281 - application.list_utils - DEBUG - get_list_entries_for_item [list_utils.py:428] - found_entries for <Photo 1>: [<UserListEntry 19>]
2024-12-20 11:57:04,281 - application.list_utils - DEBUG - get_list_entries_for_item [list_utils.py:428] - found_entries for <Photo 3>: [<UserListEntry 23>]
2024-12-20 11:57:04,281 - application.list_utils - DEBUG - get_list_entries_for_item [list_utils.py:428] - found_entries for <Photo 5>: [<UserListEntry 27>]
2024-12-20 11:57:04,284 - application.list_utils - DEBUG - get_list_entries_for_item [list_utils.py:436] - Entry: <UserListEntry 19>
2024-12-20 11:57:04,285 - application.list_utils - DEBUG - get_list_entries_for_item [list_utils.py:436] - Entry: <UserListEntry 23>
2024-12-20 11:57:04,286 - application.list_utils - DEBUG - get_list_entries_for_item [list_utils.py:428] - found_entries for <Photo 2>: [<UserListEntry 21>]
2024-12-20 11:57:04,286 - application.list_utils - DEBUG - get_list_entries_for_item [list_utils.py:436] - Entry: <UserListEntry 27>
2024-12-20 11:57:04,286 - application.list_utils - DEBUG - get_list_entries_for_item [list_utils.py:437] - Item Model: Photo, Item ID: 1
2024-12-20 11:57:04,286 - application.list_utils - DEBUG - get_list_entries_for_item [list_utils.py:437] - Item Model: Photo, Item ID: 3
2024-12-20 11:57:04,287 - application.list_utils - DEBUG - get_list_entries_for_item [list_utils.py:436] - Entry: <UserListEntry 21>
2024-12-20 11:57:04,287 - application.list_utils - DEBUG - get_list_entries_for_item [list_utils.py:437] - Item Model: Photo, Item ID: 5
2024-12-20 11:57:04,287 - application.list_utils - DEBUG - get_list_entries_for_item [list_utils.py:438] - User List ID: 5 User List Name: Office 1 Photos
2024-12-20 11:57:04,288 - application.list_utils - DEBUG - get_list_entries_for_item [list_utils.py:438] - User List ID: 9 User List Name: Hallway 1 Photos
2024-12-20 11:57:04,288 - application.list_utils - DEBUG - get_list_entries_for_item [list_utils.py:437] - Item Model: Photo, Item ID: 2
2024-12-20 11:57:04,288 - application.list_utils - DEBUG - get_list_entries_for_item [list_utils.py:438] - User List ID: 13 User List Name: Laundry Room 1 Photos
2024-12-20 11:57:04,288 - application.list_utils - DEBUG - get_list_entries_for_item [list_utils.py:439] - user: 1
2024-12-20 11:57:04,289 - application.list_utils - DEBUG - get_list_entries_for_item [list_utils.py:439] - user: 1
2024-12-20 11:57:04,289 - application.list_utils - DEBUG - get_list_entries_for_item [list_utils.py:438] - User List ID: 7 User List Name: Gym 1 Photos
2024-12-20 11:57:04,289 - application.list_utils - DEBUG - get_list_entries_for_item [list_utils.py:439] - user: 1
2024-12-20 11:57:04,290 - application.list_utils - DEBUG - get_list_entries_for_item [list_utils.py:439] - user: 1
2024-12-20 11:57:06,256 - application.rooms - DEBUG - set_active_room [rooms.py:118] - current_user.active_home.active_room: <Room 1>
2024-12-20 11:57:06,256 - application.walkthrough - DEBUG - walk_start [walkthrough.py:33] - get room_name: None
2024-12-20 11:57:06,256 - application.walkthrough - DEBUG - walk_start [walkthrough.py:34] - get view: None
2024-12-20 11:57:06,257 - application.walkthrough - DEBUG - walk_start [walkthrough.py:51] - view: None
2024-12-20 11:57:06,274 - application.walkthrough - DEBUG - views [walkthrough.py:69] - view?: None
2024-12-20 11:57:06,274 - application.walkthrough - DEBUG - views [walkthrough.py:75] - File not found! None.html.jinja
2024-12-20 11:57:06,534 - application.walkthrough - DEBUG - views [walkthrough.py:69] - view?: None
2024-12-20 11:57:06,536 - application.walkthrough - DEBUG - views [walkthrough.py:75] - File not found! None.html.jinja
2024-12-20 11:57:06,536 - application.list_utils - DEBUG - get_list_entries_for_item [list_utils.py:428] - found_entries for <Floor 1>: [<UserListEntry 2>]
2024-12-20 11:57:06,537 - application.list_utils - DEBUG - get_list_entries_for_item [list_utils.py:436] - Entry: <UserListEntry 2>
2024-12-20 11:57:06,554 - application.list_utils - DEBUG - get_list_entries_for_item [list_utils.py:437] - Item Model: Floor, Item ID: 1
2024-12-20 11:57:06,556 - application.list_utils - DEBUG - get_list_entries_for_item [list_utils.py:438] - User List ID: 2 User List Name: layout test Floors
2024-12-20 11:57:06,559 - application.list_utils - DEBUG - get_list_entries_for_item [list_utils.py:439] - user: 1
2024-12-20 11:57:06,560 - application.list_utils - DEBUG - get_userlist [list_utils.py:308] - get_userlist(): item_model: Room, list_name: None, parent_entry_id: 2
2024-12-20 11:57:06,563 - application.list_utils - DEBUG - get_userlist [list_utils.py:322] - lists found (model, parent): [<UserList 3>, <UserList 15>, <UserList 19>]
2024-12-20 11:57:06,563 - application.list_utils - DEBUG - get_userlist [list_utils.py:340] - len(lists) > 1: [<UserList 3>, <UserList 15>, <UserList 19>]
2024-12-20 11:57:06,568 - application.list_utils - DEBUG - get_userlist [list_utils.py:341] - combine: False
2024-12-20 11:57:06,572 - application.list_utils - DEBUG - get_userlists_by_parent [list_utils.py:271] - get_userlists_by_parent: lists found (parent_entry_id)20: [<UserList 5>]
2024-12-20 11:57:06,574 - application.list_utils - DEBUG - get_userlists_by_parent [list_utils.py:271] - get_userlists_by_parent: lists found (parent_entry_id)22: [<UserList 7>]
2024-12-20 11:57:06,576 - application.list_utils - DEBUG - get_userlists_by_parent [list_utils.py:271] - get_userlists_by_parent: lists found (parent_entry_id)24: [<UserList 9>]
2024-12-20 11:57:06,579 - application.list_utils - DEBUG - get_userlists_by_parent [list_utils.py:271] - get_userlists_by_parent: lists found (parent_entry_id)28: [<UserList 13>]
2024-12-20 11:57:08,855 - application.rooms - DEBUG - set_active_room [rooms.py:118] - current_user.active_home.active_room: <Room 5>
2024-12-20 11:57:08,934 - application.walkthrough - DEBUG - views [walkthrough.py:69] - view?: None
2024-12-20 11:57:08,935 - application.list_utils - DEBUG - get_list_entries_for_item [list_utils.py:428] - found_entries for <Floor 1>: [<UserListEntry 2>]
2024-12-20 11:57:08,935 - application.walkthrough - DEBUG - views [walkthrough.py:75] - File not found! None.html.jinja
2024-12-20 11:57:08,936 - application.list_utils - DEBUG - get_list_entries_for_item [list_utils.py:436] - Entry: <UserListEntry 2>
2024-12-20 11:57:08,937 - application.list_utils - DEBUG - get_list_entries_for_item [list_utils.py:437] - Item Model: Floor, Item ID: 1
2024-12-20 11:57:08,938 - application.list_utils - DEBUG - get_list_entries_for_item [list_utils.py:438] - User List ID: 2 User List Name: layout test Floors
2024-12-20 11:57:08,938 - application.list_utils - DEBUG - get_list_entries_for_item [list_utils.py:439] - user: 1
2024-12-20 11:57:08,938 - application.list_utils - DEBUG - get_userlist [list_utils.py:308] - get_userlist(): item_model: Room, list_name: None, parent_entry_id: 2
2024-12-20 11:57:08,941 - application.list_utils - DEBUG - get_userlist [list_utils.py:322] - lists found (model, parent): [<UserList 3>, <UserList 15>, <UserList 19>]
2024-12-20 11:57:08,942 - application.list_utils - DEBUG - get_userlist [list_utils.py:340] - len(lists) > 1: [<UserList 3>, <UserList 15>, <UserList 19>]
2024-12-20 11:57:08,944 - application.list_utils - DEBUG - get_userlist [list_utils.py:341] - combine: False
2024-12-20 11:57:08,946 - application.list_utils - DEBUG - get_userlists_by_parent [list_utils.py:271] - get_userlists_by_parent: lists found (parent_entry_id)20: [<UserList 5>]
2024-12-20 11:57:08,948 - application.list_utils - DEBUG - get_userlists_by_parent [list_utils.py:271] - get_userlists_by_parent: lists found (parent_entry_id)22: [<UserList 7>]
2024-12-20 11:57:08,950 - application.list_utils - DEBUG - get_userlists_by_parent [list_utils.py:271] - get_userlists_by_parent: lists found (parent_entry_id)24: [<UserList 9>]
2024-12-20 11:57:08,952 - application.list_utils - DEBUG - get_userlists_by_parent [list_utils.py:271] - get_userlists_by_parent: lists found (parent_entry_id)28: [<UserList 13>]
2024-12-20 11:57:10,628 - application.rooms - DEBUG - set_active_room [rooms.py:118] - current_user.active_home.active_room: <Room 5>
2024-12-20 11:57:10,694 - application.walkthrough - DEBUG - views [walkthrough.py:69] - view?: None
2024-12-20 11:57:10,695 - application.walkthrough - DEBUG - views [walkthrough.py:75] - File not found! None.html.jinja
2024-12-20 11:57:10,694 - application.list_utils - DEBUG - get_list_entries_for_item [list_utils.py:428] - found_entries for <Floor 1>: [<UserListEntry 2>]
2024-12-20 11:57:10,696 - application.list_utils - DEBUG - get_list_entries_for_item [list_utils.py:436] - Entry: <UserListEntry 2>
2024-12-20 11:57:10,697 - application.list_utils - DEBUG - get_list_entries_for_item [list_utils.py:437] - Item Model: Floor, Item ID: 1
2024-12-20 11:57:10,698 - application.list_utils - DEBUG - get_list_entries_for_item [list_utils.py:438] - User List ID: 2 User List Name: layout test Floors
2024-12-20 11:57:10,698 - application.list_utils - DEBUG - get_list_entries_for_item [list_utils.py:439] - user: 1
2024-12-20 11:57:10,698 - application.list_utils - DEBUG - get_userlist [list_utils.py:308] - get_userlist(): item_model: Room, list_name: None, parent_entry_id: 2
2024-12-20 11:57:10,701 - application.list_utils - DEBUG - get_userlist [list_utils.py:322] - lists found (model, parent): [<UserList 3>, <UserList 15>, <UserList 19>]
2024-12-20 11:57:10,702 - application.list_utils - DEBUG - get_userlist [list_utils.py:340] - len(lists) > 1: [<UserList 3>, <UserList 15>, <UserList 19>]
2024-12-20 11:57:10,703 - application.list_utils - DEBUG - get_userlist [list_utils.py:341] - combine: False
2024-12-20 11:57:10,704 - application.list_utils - DEBUG - get_userlists_by_parent [list_utils.py:271] - get_userlists_by_parent: lists found (parent_entry_id)20: [<UserList 5>]
2024-12-20 11:57:10,705 - application.list_utils - DEBUG - get_userlists_by_parent [list_utils.py:271] - get_userlists_by_parent: lists found (parent_entry_id)22: [<UserList 7>]
2024-12-20 11:57:10,708 - application.list_utils - DEBUG - get_userlists_by_parent [list_utils.py:271] - get_userlists_by_parent: lists found (parent_entry_id)24: [<UserList 9>]
2024-12-20 11:57:10,710 - application.list_utils - DEBUG - get_userlists_by_parent [list_utils.py:271] - get_userlists_by_parent: lists found (parent_entry_id)28: [<UserList 13>]
2024-12-20 11:57:12,708 - application.rooms - DEBUG - set_active_room [rooms.py:118] - current_user.active_home.active_room: <Room 3>
2024-12-20 11:57:12,782 - application.walkthrough - DEBUG - views [walkthrough.py:69] - view?: None
2024-12-20 11:57:12,784 - application.walkthrough - DEBUG - views [walkthrough.py:75] - File not found! None.html.jinja
2024-12-20 11:57:12,785 - application.list_utils - DEBUG - get_list_entries_for_item [list_utils.py:428] - found_entries for <Floor 1>: [<UserListEntry 2>]
2024-12-20 11:57:12,788 - application.list_utils - DEBUG - get_list_entries_for_item [list_utils.py:436] - Entry: <UserListEntry 2>
2024-12-20 11:57:12,789 - application.list_utils - DEBUG - get_list_entries_for_item [list_utils.py:437] - Item Model: Floor, Item ID: 1
2024-12-20 11:57:12,790 - application.list_utils - DEBUG - get_list_entries_for_item [list_utils.py:438] - User List ID: 2 User List Name: layout test Floors
2024-12-20 11:57:12,791 - application.list_utils - DEBUG - get_list_entries_for_item [list_utils.py:439] - user: 1
2024-12-20 11:57:12,792 - application.list_utils - DEBUG - get_userlist [list_utils.py:308] - get_userlist(): item_model: Room, list_name: None, parent_entry_id: 2
2024-12-20 11:57:12,795 - application.list_utils - DEBUG - get_userlist [list_utils.py:322] - lists found (model, parent): [<UserList 3>, <UserList 15>, <UserList 19>]
2024-12-20 11:57:12,796 - application.list_utils - DEBUG - get_userlist [list_utils.py:340] - len(lists) > 1: [<UserList 3>, <UserList 15>, <UserList 19>]
2024-12-20 11:57:12,796 - application.list_utils - DEBUG - get_userlist [list_utils.py:341] - combine: False
2024-12-20 11:57:12,798 - application.list_utils - DEBUG - get_userlists_by_parent [list_utils.py:271] - get_userlists_by_parent: lists found (parent_entry_id)20: [<UserList 5>]
2024-12-20 11:57:12,800 - application.list_utils - DEBUG - get_userlists_by_parent [list_utils.py:271] - get_userlists_by_parent: lists found (parent_entry_id)22: [<UserList 7>]
2024-12-20 11:57:12,803 - application.list_utils - DEBUG - get_userlists_by_parent [list_utils.py:271] - get_userlists_by_parent: lists found (parent_entry_id)24: [<UserList 9>]
2024-12-20 11:57:12,804 - application.list_utils - DEBUG - get_userlists_by_parent [list_utils.py:271] - get_userlists_by_parent: lists found (parent_entry_id)28: [<UserList 13>]
2024-12-20 11:57:17,520 - application.walkthrough - DEBUG - walk_start [walkthrough.py:33] - get room_name: Hallway 1
2024-12-20 11:57:17,521 - application.walkthrough - DEBUG - walk_start [walkthrough.py:34] - get view: rename
2024-12-20 11:57:17,523 - application.walkthrough - DEBUG - walk_start [walkthrough.py:38] - room: (<Room 3>,) room_name: Hallway 1 room name name: Hallway 1
2024-12-20 11:57:17,527 - application.rooms - DEBUG - set_active_room [rooms.py:118] - current_user.active_home.active_room: <Room 3>
2024-12-20 11:57:17,527 - application.walkthrough - DEBUG - walk_start [walkthrough.py:51] - view: rename
2024-12-20 11:57:17,543 - application.walkthrough - DEBUG - views [walkthrough.py:69] - view?: rename
2024-12-20 11:57:17,543 - application.walkthrough - DEBUG - views [walkthrough.py:72] - File exists!: walkthrough/parts/rename.html.jinja
2024-12-20 11:57:17,724 - application.walkthrough - DEBUG - views [walkthrough.py:69] - view?: rename
2024-12-20 11:57:17,724 - application.list_utils - DEBUG - get_list_entries_for_item [list_utils.py:428] - found_entries for <Floor 1>: [<UserListEntry 2>]
2024-12-20 11:57:17,724 - application.walkthrough - DEBUG - views [walkthrough.py:72] - File exists!: walkthrough/parts/rename.html.jinja
2024-12-20 11:57:17,725 - application.list_utils - DEBUG - get_list_entries_for_item [list_utils.py:436] - Entry: <UserListEntry 2>
2024-12-20 11:57:17,727 - application.list_utils - DEBUG - get_list_entries_for_item [list_utils.py:437] - Item Model: Floor, Item ID: 1
2024-12-20 11:57:17,728 - application.list_utils - DEBUG - get_list_entries_for_item [list_utils.py:438] - User List ID: 2 User List Name: layout test Floors
2024-12-20 11:57:17,728 - application.list_utils - DEBUG - get_list_entries_for_item [list_utils.py:439] - user: 1
2024-12-20 11:57:17,728 - application.list_utils - DEBUG - get_userlist [list_utils.py:308] - get_userlist(): item_model: Room, list_name: None, parent_entry_id: 2
2024-12-20 11:57:17,732 - application.list_utils - DEBUG - get_userlist [list_utils.py:322] - lists found (model, parent): [<UserList 3>, <UserList 15>, <UserList 19>]
2024-12-20 11:57:17,732 - application.list_utils - DEBUG - get_userlist [list_utils.py:340] - len(lists) > 1: [<UserList 3>, <UserList 15>, <UserList 19>]
2024-12-20 11:57:17,733 - application.list_utils - DEBUG - get_userlist [list_utils.py:341] - combine: False
2024-12-20 11:57:17,735 - application.list_utils - DEBUG - get_userlists_by_parent [list_utils.py:271] - get_userlists_by_parent: lists found (parent_entry_id)20: [<UserList 5>]
2024-12-20 11:57:17,738 - application.list_utils - DEBUG - get_userlists_by_parent [list_utils.py:271] - get_userlists_by_parent: lists found (parent_entry_id)22: [<UserList 7>]
2024-12-20 11:57:17,739 - application.list_utils - DEBUG - get_userlists_by_parent [list_utils.py:271] - get_userlists_by_parent: lists found (parent_entry_id)24: [<UserList 9>]
2024-12-20 11:57:17,741 - application.list_utils - DEBUG - get_userlists_by_parent [list_utils.py:271] - get_userlists_by_parent: lists found (parent_entry_id)28: [<UserList 13>]
2024-12-20 11:57:20,007 - application.rooms - DEBUG - set_active_room [rooms.py:118] - current_user.active_home.active_room: <Room 2>
2024-12-20 11:57:20,069 - application.walkthrough - DEBUG - views [walkthrough.py:69] - view?: rename
2024-12-20 11:57:20,071 - application.list_utils - DEBUG - get_list_entries_for_item [list_utils.py:428] - found_entries for <Floor 1>: [<UserListEntry 2>]
2024-12-20 11:57:20,071 - application.walkthrough - DEBUG - views [walkthrough.py:72] - File exists!: walkthrough/parts/rename.html.jinja
2024-12-20 11:57:20,073 - application.list_utils - DEBUG - get_list_entries_for_item [list_utils.py:436] - Entry: <UserListEntry 2>
2024-12-20 11:57:20,074 - application.list_utils - DEBUG - get_list_entries_for_item [list_utils.py:437] - Item Model: Floor, Item ID: 1
2024-12-20 11:57:20,074 - application.list_utils - DEBUG - get_list_entries_for_item [list_utils.py:438] - User List ID: 2 User List Name: layout test Floors
2024-12-20 11:57:20,075 - application.list_utils - DEBUG - get_list_entries_for_item [list_utils.py:439] - user: 1
2024-12-20 11:57:20,075 - application.list_utils - DEBUG - get_userlist [list_utils.py:308] - get_userlist(): item_model: Room, list_name: None, parent_entry_id: 2
2024-12-20 11:57:20,078 - application.list_utils - DEBUG - get_userlist [list_utils.py:322] - lists found (model, parent): [<UserList 3>, <UserList 15>, <UserList 19>]
2024-12-20 11:57:20,079 - application.list_utils - DEBUG - get_userlist [list_utils.py:340] - len(lists) > 1: [<UserList 3>, <UserList 15>, <UserList 19>]
2024-12-20 11:57:20,081 - application.list_utils - DEBUG - get_userlist [list_utils.py:341] - combine: False
2024-12-20 11:57:20,082 - application.list_utils - DEBUG - get_userlists_by_parent [list_utils.py:271] - get_userlists_by_parent: lists found (parent_entry_id)20: [<UserList 5>]
2024-12-20 11:57:20,087 - application.list_utils - DEBUG - get_userlists_by_parent [list_utils.py:271] - get_userlists_by_parent: lists found (parent_entry_id)22: [<UserList 7>]
2024-12-20 11:57:20,088 - application.list_utils - DEBUG - get_userlists_by_parent [list_utils.py:271] - get_userlists_by_parent: lists found (parent_entry_id)24: [<UserList 9>]
2024-12-20 11:57:20,090 - application.list_utils - DEBUG - get_userlists_by_parent [list_utils.py:271] - get_userlists_by_parent: lists found (parent_entry_id)28: [<UserList 13>]
2024-12-20 11:57:21,601 - application.walkthrough - DEBUG - walk_start [walkthrough.py:33] - get room_name: Gym 1
2024-12-20 11:57:21,601 - application.walkthrough - DEBUG - walk_start [walkthrough.py:34] - get view: rename
2024-12-20 11:57:21,602 - application.walkthrough - DEBUG - walk_start [walkthrough.py:38] - room: (<Room 2>,) room_name: Gym 1 room name name: Gym 1
2024-12-20 11:57:21,605 - application.rooms - DEBUG - set_active_room [rooms.py:118] - current_user.active_home.active_room: <Room 2>
2024-12-20 11:57:21,606 - application.walkthrough - DEBUG - walk_start [walkthrough.py:51] - view: rename
2024-12-20 11:57:21,621 - application.walkthrough - DEBUG - views [walkthrough.py:69] - view?: rename
2024-12-20 11:57:21,621 - application.walkthrough - DEBUG - views [walkthrough.py:72] - File exists!: walkthrough/parts/rename.html.jinja
2024-12-20 11:57:21,781 - application.walkthrough - DEBUG - views [walkthrough.py:69] - view?: rename
2024-12-20 11:57:21,781 - application.list_utils - DEBUG - get_list_entries_for_item [list_utils.py:428] - found_entries for <Floor 1>: [<UserListEntry 2>]
2024-12-20 11:57:21,781 - application.walkthrough - DEBUG - views [walkthrough.py:72] - File exists!: walkthrough/parts/rename.html.jinja
2024-12-20 11:57:21,783 - application.list_utils - DEBUG - get_list_entries_for_item [list_utils.py:436] - Entry: <UserListEntry 2>
2024-12-20 11:57:21,784 - application.list_utils - DEBUG - get_list_entries_for_item [list_utils.py:437] - Item Model: Floor, Item ID: 1
2024-12-20 11:57:21,784 - application.list_utils - DEBUG - get_list_entries_for_item [list_utils.py:438] - User List ID: 2 User List Name: layout test Floors
2024-12-20 11:57:21,787 - application.list_utils - DEBUG - get_list_entries_for_item [list_utils.py:439] - user: 1
2024-12-20 11:57:21,787 - application.list_utils - DEBUG - get_userlist [list_utils.py:308] - get_userlist(): item_model: Room, list_name: None, parent_entry_id: 2
2024-12-20 11:57:21,790 - application.list_utils - DEBUG - get_userlist [list_utils.py:322] - lists found (model, parent): [<UserList 3>, <UserList 15>, <UserList 19>]
2024-12-20 11:57:21,791 - application.list_utils - DEBUG - get_userlist [list_utils.py:340] - len(lists) > 1: [<UserList 3>, <UserList 15>, <UserList 19>]
2024-12-20 11:57:21,791 - application.list_utils - DEBUG - get_userlist [list_utils.py:341] - combine: False
2024-12-20 11:57:21,794 - application.list_utils - DEBUG - get_userlists_by_parent [list_utils.py:271] - get_userlists_by_parent: lists found (parent_entry_id)20: [<UserList 5>]
2024-12-20 11:57:21,796 - application.list_utils - DEBUG - get_userlists_by_parent [list_utils.py:271] - get_userlists_by_parent: lists found (parent_entry_id)22: [<UserList 7>]
2024-12-20 11:57:21,798 - application.list_utils - DEBUG - get_userlists_by_parent [list_utils.py:271] - get_userlists_by_parent: lists found (parent_entry_id)24: [<UserList 9>]
2024-12-20 11:57:21,799 - application.list_utils - DEBUG - get_userlists_by_parent [list_utils.py:271] - get_userlists_by_parent: lists found (parent_entry_id)28: [<UserList 13>]
2024-12-20 11:57:31,832 - application.rooms - DEBUG - set_active_room [rooms.py:118] - current_user.active_home.active_room: <Room 5>
2024-12-20 11:57:31,901 - application.walkthrough - DEBUG - views [walkthrough.py:69] - view?: rename
2024-12-20 11:57:31,901 - application.list_utils - DEBUG - get_list_entries_for_item [list_utils.py:428] - found_entries for <Floor 1>: [<UserListEntry 2>]
2024-12-20 11:57:31,902 - application.list_utils - DEBUG - get_list_entries_for_item [list_utils.py:436] - Entry: <UserListEntry 2>
2024-12-20 11:57:31,902 - application.walkthrough - DEBUG - views [walkthrough.py:72] - File exists!: walkthrough/parts/rename.html.jinja
2024-12-20 11:57:31,902 - application.list_utils - DEBUG - get_list_entries_for_item [list_utils.py:437] - Item Model: Floor, Item ID: 1
2024-12-20 11:57:31,903 - application.list_utils - DEBUG - get_list_entries_for_item [list_utils.py:438] - User List ID: 2 User List Name: layout test Floors
2024-12-20 11:57:31,904 - application.list_utils - DEBUG - get_list_entries_for_item [list_utils.py:439] - user: 1
2024-12-20 11:57:31,905 - application.list_utils - DEBUG - get_userlist [list_utils.py:308] - get_userlist(): item_model: Room, list_name: None, parent_entry_id: 2
2024-12-20 11:57:31,908 - application.list_utils - DEBUG - get_userlist [list_utils.py:322] - lists found (model, parent): [<UserList 3>, <UserList 15>, <UserList 19>]
2024-12-20 11:57:31,909 - application.list_utils - DEBUG - get_userlist [list_utils.py:340] - len(lists) > 1: [<UserList 3>, <UserList 15>, <UserList 19>]
2024-12-20 11:57:31,910 - application.list_utils - DEBUG - get_userlist [list_utils.py:341] - combine: False
2024-12-20 11:57:31,911 - application.list_utils - DEBUG - get_userlists_by_parent [list_utils.py:271] - get_userlists_by_parent: lists found (parent_entry_id)20: [<UserList 5>]
2024-12-20 11:57:31,914 - application.list_utils - DEBUG - get_userlists_by_parent [list_utils.py:271] - get_userlists_by_parent: lists found (parent_entry_id)22: [<UserList 7>]
2024-12-20 11:57:31,915 - application.list_utils - DEBUG - get_userlists_by_parent [list_utils.py:271] - get_userlists_by_parent: lists found (parent_entry_id)24: [<UserList 9>]
2024-12-20 11:57:31,917 - application.list_utils - DEBUG - get_userlists_by_parent [list_utils.py:271] - get_userlists_by_parent: lists found (parent_entry_id)28: [<UserList 13>]
2024-12-20 11:59:52,349 - application.walkthrough - DEBUG - walk_start [walkthrough.py:33] - get room_name: Laundry Room 1
2024-12-20 11:59:52,349 - application.walkthrough - DEBUG - walk_start [walkthrough.py:34] - get view: rename
2024-12-20 11:59:52,351 - application.walkthrough - DEBUG - walk_start [walkthrough.py:38] - room: (<Room 5>,) room_name: Laundry Room 1 room name name: Laundry Room 1
2024-12-20 11:59:52,355 - application.rooms - DEBUG - set_active_room [rooms.py:118] - current_user.active_home.active_room: <Room 5>
2024-12-20 11:59:52,355 - application.walkthrough - DEBUG - walk_start [walkthrough.py:51] - view: rename
2024-12-20 11:59:52,375 - application.walkthrough - DEBUG - views [walkthrough.py:69] - view?: rename
2024-12-20 11:59:52,375 - application.walkthrough - DEBUG - views [walkthrough.py:72] - File exists!: walkthrough/parts/rename.html.jinja
2024-12-20 11:59:53,190 - application.walkthrough - DEBUG - views [walkthrough.py:69] - view?: rename
2024-12-20 11:59:53,192 - application.walkthrough - DEBUG - views [walkthrough.py:72] - File exists!: walkthrough/parts/rename.html.jinja
2024-12-20 11:59:53,193 - application.list_utils - DEBUG - get_list_entries_for_item [list_utils.py:428] - found_entries for <Floor 1>: [<UserListEntry 2>]
2024-12-20 11:59:53,195 - application.list_utils - DEBUG - get_list_entries_for_item [list_utils.py:436] - Entry: <UserListEntry 2>
2024-12-20 11:59:53,196 - application.list_utils - DEBUG - get_list_entries_for_item [list_utils.py:437] - Item Model: Floor, Item ID: 1
2024-12-20 11:59:53,197 - application.list_utils - DEBUG - get_list_entries_for_item [list_utils.py:438] - User List ID: 2 User List Name: layout test Floors
2024-12-20 11:59:53,197 - application.list_utils - DEBUG - get_list_entries_for_item [list_utils.py:439] - user: 1
2024-12-20 11:59:53,199 - application.list_utils - DEBUG - get_userlist [list_utils.py:308] - get_userlist(): item_model: Room, list_name: None, parent_entry_id: 2
2024-12-20 11:59:53,201 - application.list_utils - DEBUG - get_userlist [list_utils.py:322] - lists found (model, parent): [<UserList 3>, <UserList 15>, <UserList 19>]
2024-12-20 11:59:53,202 - application.list_utils - DEBUG - get_userlist [list_utils.py:340] - len(lists) > 1: [<UserList 3>, <UserList 15>, <UserList 19>]
2024-12-20 11:59:53,203 - application.list_utils - DEBUG - get_userlist [list_utils.py:341] - combine: False
2024-12-20 11:59:53,205 - application.list_utils - DEBUG - get_userlists_by_parent [list_utils.py:271] - get_userlists_by_parent: lists found (parent_entry_id)20: [<UserList 5>]
2024-12-20 11:59:53,207 - application.list_utils - DEBUG - get_userlists_by_parent [list_utils.py:271] - get_userlists_by_parent: lists found (parent_entry_id)22: [<UserList 7>]
2024-12-20 11:59:53,209 - application.list_utils - DEBUG - get_userlists_by_parent [list_utils.py:271] - get_userlists_by_parent: lists found (parent_entry_id)24: [<UserList 9>]
2024-12-20 11:59:53,210 - application.list_utils - DEBUG - get_userlists_by_parent [list_utils.py:271] - get_userlists_by_parent: lists found (parent_entry_id)28: [<UserList 13>]
