2024-12-20 14:40:14,763 - application.map - DEBUG - home_map [map.py:24] - map called with floor_id: 1
2024-12-20 14:40:14,771 - application.rooms - DEBUG - floor_room_check [rooms.py:165] - inside floor_room_check A: floor_id: 1, has_rooms: True
2024-12-20 14:40:14,773 - application.rooms - DEBUG - check_each_floor_for_rooms [rooms.py:172] - floor.rooms.count() <Floor 1> = 10
2024-12-20 14:40:14,776 - application.rooms - DEBUG - check_each_floor_for_rooms [rooms.py:172] - floor.rooms.count() <Floor 2> = 1
2024-12-20 14:40:14,778 - application.rooms - DEBUG - check_each_floor_for_rooms [rooms.py:172] - floor.rooms.count() <Floor 3> = 1
2024-12-20 14:40:14,779 - application.rooms - DEBUG - floor_room_check [rooms.py:167] - inside floor_room_check B: floor_id: 1, has_rooms: True
2024-12-20 14:40:14,779 - application.map - DEBUG - home_map [map.py:27] - room check: floor_id: 1, has_rooms: True
2024-12-20 14:40:14,779 - application.floors - DEBUG - set_active_floor [floors.py:41] - set_active_floor called with floor_id: 1
2024-12-20 14:40:14,783 - application.floors - DEBUG - set_active_floor [floors.py:52] - current_user.active_home.active_floor: <Floor 1>
2024-12-20 14:40:14,787 - application.list_utils - DEBUG - get_list_entries_for_item [list_utils.py:428] - found_entries for <Home 1>: [<UserListEntry 1>]
2024-12-20 14:40:14,791 - application.list_utils - DEBUG - get_list_entries_for_item [list_utils.py:436] - Entry: <UserListEntry 1>
2024-12-20 14:40:14,791 - application.list_utils - DEBUG - get_list_entries_for_item [list_utils.py:437] - Item Model: Home, Item ID: 1
2024-12-20 14:40:14,792 - application.list_utils - DEBUG - get_list_entries_for_item [list_utils.py:438] - User List ID: 1 User List Name: bob Homes
2024-12-20 14:40:14,792 - application.list_utils - DEBUG - get_list_entries_for_item [list_utils.py:439] - user: 1
2024-12-20 14:40:14,792 - application.list_utils - DEBUG - get_userlist [list_utils.py:308] - get_userlist(): item_model: Floor, list_name: None, parent_entry_id: 1
2024-12-20 14:40:14,796 - application.list_utils - DEBUG - get_userlist [list_utils.py:322] - lists found (model, parent): [<UserList 2>]
2024-12-20 14:40:14,796 - application.list_utils - DEBUG - get_userlist [list_utils.py:349] - len(lists) == 1: None Floor 1
2024-12-20 14:40:14,796 - application.list_utils - DEBUG - get_userlist [list_utils.py:368] - userlist.entries: [<UserListEntry 2>, <UserListEntry 3>, <UserListEntry 4>] List type: <class 'sqlalchemy.orm.collections.InstrumentedList'>
2024-12-20 14:40:14,797 - application.list_utils - DEBUG - get_userlist [list_utils.py:370] - List: dcvvdcvcxzztzszs Floors, Order: 1
2024-12-20 14:40:14,797 - application.list_utils - DEBUG - get_userlist [list_utils.py:370] - List: dcvvdcvcxzztzszs Floors, Order: 0
2024-12-20 14:40:14,797 - application.list_utils - DEBUG - get_userlist [list_utils.py:370] - List: dcvvdcvcxzztzszs Floors, Order: 2
2024-12-20 14:40:14,797 - application.rooms - DEBUG - get_room_list [rooms.py:42] - floor_list: <UserList 2> (type: <class 'application.database.models.UserList'>)
2024-12-20 14:40:14,797 - application.rooms - DEBUG - get_room_list [rooms.py:43] - floor_list entries count: 3
2024-12-20 14:40:14,797 - application.rooms - DEBUG - get_room_list [rooms.py:50] - floor list get floor_entry.id: 2
2024-12-20 14:40:14,798 - application.rooms - DEBUG - get_room_list [rooms.py:51] - floor list get floor_entry.get_item().name: Main Floor
2024-12-20 14:40:14,804 - application.rooms - DEBUG - get_room_list [rooms.py:56] - room_list: <UserList 3> (type: <class 'application.database.models.UserList'>) parent: Main Floor
2024-12-20 14:40:14,804 - application.rooms - DEBUG - get_room_list [rooms.py:50] - floor list get floor_entry.id: 3
2024-12-20 14:40:14,805 - application.rooms - DEBUG - get_room_list [rooms.py:51] - floor list get floor_entry.get_item().name: 2nd Floor
2024-12-20 14:40:14,807 - application.rooms - DEBUG - get_room_list [rooms.py:56] - room_list: <UserList 4> (type: <class 'application.database.models.UserList'>) parent: 2nd Floor
2024-12-20 14:40:14,808 - application.rooms - DEBUG - get_room_list [rooms.py:50] - floor list get floor_entry.id: 4
2024-12-20 14:40:14,809 - application.rooms - DEBUG - get_room_list [rooms.py:51] - floor list get floor_entry.get_item().name: Basement 1
2024-12-20 14:40:14,812 - application.rooms - DEBUG - get_room_list [rooms.py:56] - room_list: <UserList 5> (type: <class 'application.database.models.UserList'>) parent: Basement 1
2024-12-20 14:40:14,813 - application.list_utils - DEBUG - get_list_entries_for_item [list_utils.py:428] - found_entries for <Home 1>: [<UserListEntry 1>]
2024-12-20 14:40:14,815 - application.list_utils - DEBUG - get_list_entries_for_item [list_utils.py:436] - Entry: <UserListEntry 1>
2024-12-20 14:40:14,815 - application.list_utils - DEBUG - get_list_entries_for_item [list_utils.py:437] - Item Model: Home, Item ID: 1
2024-12-20 14:40:14,815 - application.list_utils - DEBUG - get_list_entries_for_item [list_utils.py:438] - User List ID: 1 User List Name: bob Homes
2024-12-20 14:40:14,815 - application.list_utils - DEBUG - get_list_entries_for_item [list_utils.py:439] - user: 1
2024-12-20 14:40:14,816 - application.rooms - DEBUG - get_room_list [rooms.py:57] - get_userlist(Room, current_user.active_home.name:dcvvdcvcxzztzszs current_user.active_home.active_floor.name:Main Floor Rooms, get_list_entries_for_item(current_user.active_home)[0].id:1
2024-12-20 14:40:14,817 - application.list_utils - DEBUG - get_list_entries_for_item [list_utils.py:428] - found_entries for <Floor 1>: [<UserListEntry 2>]
2024-12-20 14:40:14,817 - application.list_utils - DEBUG - get_list_entries_for_item [list_utils.py:436] - Entry: <UserListEntry 2>
2024-12-20 14:40:14,818 - application.list_utils - DEBUG - get_list_entries_for_item [list_utils.py:437] - Item Model: Floor, Item ID: 1
2024-12-20 14:40:14,818 - application.list_utils - DEBUG - get_list_entries_for_item [list_utils.py:438] - User List ID: 2 User List Name: dcvvdcvcxzztzszs Floors
2024-12-20 14:40:14,818 - application.list_utils - DEBUG - get_list_entries_for_item [list_utils.py:439] - user: 1
2024-12-20 14:40:14,818 - application.list_utils - DEBUG - get_userlist [list_utils.py:308] - get_userlist(): item_model: Room, list_name: None, parent_entry_id: 2
2024-12-20 14:40:14,821 - application.list_utils - DEBUG - get_userlist [list_utils.py:322] - lists found (model, parent): [<UserList 3>]
2024-12-20 14:40:14,821 - application.list_utils - DEBUG - get_userlist [list_utils.py:349] - len(lists) == 1: None Room 2
2024-12-20 14:40:14,821 - application.list_utils - DEBUG - get_userlist [list_utils.py:368] - userlist.entries: [<UserListEntry 22>, <UserListEntry 24>, <UserListEntry 36>, <UserListEntry 38>, <UserListEntry 40>, <UserListEntry 42>, <UserListEntry 44>, <UserListEntry 46>, <UserListEntry 48>, <UserListEntry 50>] List type: <class 'sqlalchemy.orm.collections.InstrumentedList'>
2024-12-20 14:40:14,821 - application.list_utils - DEBUG - get_userlist [list_utils.py:370] - List: dcvvdcvcxzztzszs Main Floor Rooms, Order: 1022
2024-12-20 14:40:14,821 - application.list_utils - DEBUG - get_userlist [list_utils.py:370] - List: dcvvdcvcxzztzszs Main Floor Rooms, Order: 0
2024-12-20 14:40:14,822 - application.list_utils - DEBUG - get_userlist [list_utils.py:370] - List: dcvvdcvcxzztzszs Main Floor Rooms, Order: 730
2024-12-20 14:40:14,822 - application.list_utils - DEBUG - get_userlist [list_utils.py:370] - List: dcvvdcvcxzztzszs Main Floor Rooms, Order: 1168
2024-12-20 14:40:14,822 - application.list_utils - DEBUG - get_userlist [list_utils.py:370] - List: dcvvdcvcxzztzszs Main Floor Rooms, Order: 876
2024-12-20 14:40:14,822 - application.list_utils - DEBUG - get_userlist [list_utils.py:370] - List: dcvvdcvcxzztzszs Main Floor Rooms, Order: 1314
2024-12-20 14:40:14,822 - application.list_utils - DEBUG - get_userlist [list_utils.py:370] - List: dcvvdcvcxzztzszs Main Floor Rooms, Order: 584
2024-12-20 14:40:14,823 - application.list_utils - DEBUG - get_userlist [list_utils.py:370] - List: dcvvdcvcxzztzszs Main Floor Rooms, Order: 146
2024-12-20 14:40:14,823 - application.list_utils - DEBUG - get_userlist [list_utils.py:370] - List: dcvvdcvcxzztzszs Main Floor Rooms, Order: 438
2024-12-20 14:40:14,823 - application.list_utils - DEBUG - get_userlist [list_utils.py:370] - List: dcvvdcvcxzztzszs Main Floor Rooms, Order: 292
2024-12-20 14:40:14,823 - application.map - DEBUG - home_map [map.py:34] - floor_list MAP: <UserList 2>
2024-12-20 14:40:15,107 - application.list_utils - DEBUG - get_list_entries_for_item [list_utils.py:415] - input_string: <Home 1>, item_model: Home, item_id: 1
2024-12-20 14:40:15,110 - application.list_utils - DEBUG - get_list_entries_for_item [list_utils.py:428] - found_entries for <Home 1>: [<UserListEntry 1>]
2024-12-20 14:40:15,117 - application.list_utils - DEBUG - get_list_entries_for_item [list_utils.py:428] - found_entries for <Home 1>: [<UserListEntry 1>]
2024-12-20 14:40:15,120 - application.list_utils - DEBUG - get_list_entries_for_item [list_utils.py:436] - Entry: <UserListEntry 1>
2024-12-20 14:40:15,122 - application.list_utils - DEBUG - get_list_entries_for_item [list_utils.py:437] - Item Model: Home, Item ID: 1
2024-12-20 14:40:15,123 - application.list_utils - DEBUG - get_list_entries_for_item [list_utils.py:428] - found_entries for <Floor 1>: [<UserListEntry 2>]
2024-12-20 14:40:15,124 - application.list_utils - DEBUG - get_list_entries_for_item [list_utils.py:436] - Entry: <UserListEntry 1>
2024-12-20 14:40:15,124 - application.list_utils - DEBUG - get_list_entries_for_item [list_utils.py:438] - User List ID: 1 User List Name: bob Homes
2024-12-20 14:40:15,125 - application.list_utils - DEBUG - get_list_entries_for_item [list_utils.py:437] - Item Model: Home, Item ID: 1
2024-12-20 14:40:15,126 - application.list_utils - DEBUG - get_list_entries_for_item [list_utils.py:439] - user: 1
2024-12-20 14:40:15,126 - application.list_utils - DEBUG - get_list_entries_for_item [list_utils.py:436] - Entry: <UserListEntry 2>
2024-12-20 14:40:15,127 - application.list_utils - DEBUG - get_list_entries_for_item [list_utils.py:438] - User List ID: 1 User List Name: bob Homes
2024-12-20 14:40:15,127 - application.list_utils - DEBUG - get_top_userlists_by_root_parent [list_utils.py:279] - input root_parent_entry_id: 1 model: Task
2024-12-20 14:40:15,127 - application.list_utils - DEBUG - get_list_entries_for_item [list_utils.py:437] - Item Model: Floor, Item ID: 1
2024-12-20 14:40:15,128 - application.list_utils - DEBUG - get_list_entries_for_item [list_utils.py:439] - user: 1
2024-12-20 14:40:15,134 - application.list_utils - DEBUG - get_userlist [list_utils.py:308] - get_userlist(): item_model: Floor, list_name: None, parent_entry_id: 1
2024-12-20 14:40:15,132 - application.list_utils - DEBUG - get_list_entries_for_item [list_utils.py:438] - User List ID: 2 User List Name: dcvvdcvcxzztzszs Floors
2024-12-20 14:40:15,136 - application.list_utils - DEBUG - get_list_entries_for_item [list_utils.py:439] - user: 1
2024-12-20 14:40:15,137 - application.list_utils - DEBUG - get_userlist [list_utils.py:308] - get_userlist(): item_model: Room, list_name: None, parent_entry_id: 2
2024-12-20 14:40:15,134 - application.list_utils - DEBUG - get_userlists_by_parent [list_utils.py:271] - get_userlists_by_parent: lists found (parent_entry_id)1: [<UserList 2>]
2024-12-20 14:40:15,139 - application.list_utils - DEBUG - get_userlist [list_utils.py:322] - lists found (model, parent): [<UserList 2>]
2024-12-20 14:40:15,142 - application.list_utils - DEBUG - get_userlist [list_utils.py:349] - len(lists) == 1: None Floor 1
2024-12-20 14:40:15,143 - application.list_utils - DEBUG - get_userlists_by_parent [list_utils.py:271] - get_userlists_by_parent: lists found (parent_entry_id)2: [<UserList 3>]
2024-12-20 14:40:15,142 - application.list_utils - DEBUG - get_userlist [list_utils.py:322] - lists found (model, parent): [<UserList 3>]
2024-12-20 14:40:15,144 - application.list_utils - DEBUG - get_userlist [list_utils.py:368] - userlist.entries: [<UserListEntry 2>, <UserListEntry 3>, <UserListEntry 4>] List type: <class 'sqlalchemy.orm.collections.InstrumentedList'>
2024-12-20 14:40:15,147 - application.list_utils - DEBUG - get_userlists_by_parent [list_utils.py:271] - get_userlists_by_parent: lists found (parent_entry_id)3: [<UserList 4>]
2024-12-20 14:40:15,147 - application.list_utils - DEBUG - get_userlist [list_utils.py:349] - len(lists) == 1: None Room 2
2024-12-20 14:40:15,147 - application.list_utils - DEBUG - get_userlist [list_utils.py:370] - List: dcvvdcvcxzztzszs Floors, Order: 1
2024-12-20 14:40:15,149 - application.list_utils - DEBUG - get_userlists_by_parent [list_utils.py:271] - get_userlists_by_parent: lists found (parent_entry_id)4: [<UserList 5>]
2024-12-20 14:40:15,149 - application.list_utils - DEBUG - get_userlist [list_utils.py:368] - userlist.entries: [<UserListEntry 22>, <UserListEntry 24>, <UserListEntry 36>, <UserListEntry 38>, <UserListEntry 40>, <UserListEntry 42>, <UserListEntry 44>, <UserListEntry 46>, <UserListEntry 48>, <UserListEntry 50>] List type: <class 'sqlalchemy.orm.collections.InstrumentedList'>
2024-12-20 14:40:15,149 - application.list_utils - DEBUG - get_userlist [list_utils.py:370] - List: dcvvdcvcxzztzszs Floors, Order: 0
2024-12-20 14:40:15,151 - application.list_utils - DEBUG - get_userlist [list_utils.py:370] - List: dcvvdcvcxzztzszs Floors, Order: 2
2024-12-20 14:40:15,150 - application.list_utils - DEBUG - get_userlist [list_utils.py:370] - List: dcvvdcvcxzztzszs Main Floor Rooms, Order: 1022
2024-12-20 14:40:15,150 - application.list_utils - DEBUG - get_userlists_by_parent [list_utils.py:271] - get_userlists_by_parent: lists found (parent_entry_id)22: [<UserList 7>]
2024-12-20 14:40:15,155 - application.list_utils - DEBUG - get_userlist [list_utils.py:370] - List: dcvvdcvcxzztzszs Main Floor Rooms, Order: 0
2024-12-20 14:40:15,157 - application.list_utils - DEBUG - get_userlist [list_utils.py:370] - List: dcvvdcvcxzztzszs Main Floor Rooms, Order: 730
2024-12-20 14:40:15,158 - application.list_utils - DEBUG - get_userlist [list_utils.py:370] - List: dcvvdcvcxzztzszs Main Floor Rooms, Order: 1168
2024-12-20 14:40:15,157 - application.list_utils - DEBUG - get_userlists_by_parent [list_utils.py:271] - get_userlists_by_parent: lists found (parent_entry_id)24: [<UserList 9>, <UserList 15>]
2024-12-20 14:40:15,158 - application.list_utils - DEBUG - get_userlist [list_utils.py:370] - List: dcvvdcvcxzztzszs Main Floor Rooms, Order: 876
2024-12-20 14:40:15,159 - application.list_utils - DEBUG - get_userlists_by_parent [list_utils.py:271] - get_userlists_by_parent: lists found (parent_entry_id)2: [<UserList 3>]
2024-12-20 14:40:15,161 - application.list_utils - DEBUG - get_userlists_by_parent [list_utils.py:271] - get_userlists_by_parent: lists found (parent_entry_id)36: [<UserList 17>]
2024-12-20 14:40:15,162 - application.list_utils - DEBUG - get_userlist [list_utils.py:370] - List: dcvvdcvcxzztzszs Main Floor Rooms, Order: 1314
2024-12-20 14:40:15,164 - application.list_utils - DEBUG - get_userlists_by_parent [list_utils.py:271] - get_userlists_by_parent: lists found (parent_entry_id)3: [<UserList 4>]
2024-12-20 14:40:15,165 - application.list_utils - DEBUG - get_userlists_by_parent [list_utils.py:271] - get_userlists_by_parent: lists found (parent_entry_id)38: [<UserList 19>]
2024-12-20 14:40:15,165 - application.list_utils - DEBUG - get_userlist [list_utils.py:370] - List: dcvvdcvcxzztzszs Main Floor Rooms, Order: 584
2024-12-20 14:40:15,166 - application.list_utils - DEBUG - get_userlists_by_parent [list_utils.py:271] - get_userlists_by_parent: lists found (parent_entry_id)4: [<UserList 5>]
2024-12-20 14:40:15,167 - application.list_utils - DEBUG - get_userlists_by_parent [list_utils.py:271] - get_userlists_by_parent: lists found (parent_entry_id)40: [<UserList 21>]
2024-12-20 14:40:15,168 - application.list_utils - DEBUG - get_userlist [list_utils.py:370] - List: dcvvdcvcxzztzszs Main Floor Rooms, Order: 146
2024-12-20 14:40:15,172 - application.list_utils - DEBUG - get_userlist [list_utils.py:370] - List: dcvvdcvcxzztzszs Main Floor Rooms, Order: 438
2024-12-20 14:40:15,172 - application.list_utils - DEBUG - get_userlists_by_parent [list_utils.py:271] - get_userlists_by_parent: lists found (parent_entry_id)42: [<UserList 23>]
2024-12-20 14:40:15,185 - application.list_utils - DEBUG - get_userlist [list_utils.py:370] - List: dcvvdcvcxzztzszs Main Floor Rooms, Order: 292
2024-12-20 14:40:15,212 - application.list_utils - DEBUG - get_userlists_by_parent [list_utils.py:271] - get_userlists_by_parent: lists found (parent_entry_id)44: [<UserList 25>]
2024-12-20 14:40:15,215 - application.list_utils - DEBUG - get_userlists_by_parent [list_utils.py:271] - get_userlists_by_parent: lists found (parent_entry_id)22: [<UserList 7>]
2024-12-20 14:40:15,215 - application.list_utils - DEBUG - get_userlists_by_parent [list_utils.py:271] - get_userlists_by_parent: lists found (parent_entry_id)46: [<UserList 27>]
2024-12-20 14:40:15,249 - application.list_utils - DEBUG - get_userlists_by_parent [list_utils.py:271] - get_userlists_by_parent: lists found (parent_entry_id)24: [<UserList 9>, <UserList 15>]
2024-12-20 14:40:15,251 - application.list_utils - DEBUG - get_userlists_by_parent [list_utils.py:271] - get_userlists_by_parent: lists found (parent_entry_id)48: [<UserList 29>]
2024-12-20 14:40:15,252 - application.list_utils - DEBUG - get_userlists_by_parent [list_utils.py:271] - get_userlists_by_parent: lists found (parent_entry_id)36: [<UserList 17>]
2024-12-20 14:40:15,254 - application.list_utils - DEBUG - get_userlists_by_parent [list_utils.py:271] - get_userlists_by_parent: lists found (parent_entry_id)50: [<UserList 31>]
2024-12-20 14:40:15,255 - application.list_utils - DEBUG - get_userlists_by_parent [list_utils.py:271] - get_userlists_by_parent: lists found (parent_entry_id)38: [<UserList 19>]
2024-12-20 14:40:15,260 - application.list_utils - DEBUG - get_userlists_by_parent [list_utils.py:271] - get_userlists_by_parent: lists found (parent_entry_id)26: [<UserList 11>, <UserList 16>]
2024-12-20 14:40:15,261 - application.list_utils - DEBUG - get_userlists_by_parent [list_utils.py:271] - get_userlists_by_parent: lists found (parent_entry_id)40: [<UserList 21>]
2024-12-20 14:40:15,263 - application.list_utils - DEBUG - get_userlists_by_parent [list_utils.py:271] - get_userlists_by_parent: lists found (parent_entry_id)28: [<UserList 13>]
2024-12-20 14:40:15,266 - application.list_utils - DEBUG - get_userlists_by_parent [list_utils.py:271] - get_userlists_by_parent: lists found (parent_entry_id)42: [<UserList 23>]
2024-12-20 14:40:15,266 - application.list_utils - DEBUG - get_top_userlists_by_root_parent [list_utils.py:292] - get_top_userlists_by_root_parent: lists found (parent_entry_id)1: [<UserList 15>, <UserList 16>]
2024-12-20 14:40:15,271 - application.list_utils - DEBUG - get_userlists_by_parent [list_utils.py:273] - get_userlists_by_parent: No lists found for parent_entry_id 29
2024-12-20 14:40:15,271 - application.list_utils - DEBUG - get_userlists_by_parent [list_utils.py:271] - get_userlists_by_parent: lists found (parent_entry_id)44: [<UserList 25>]
2024-12-20 14:40:15,274 - application.list_utils - DEBUG - get_userlists_by_parent [list_utils.py:273] - get_userlists_by_parent: No lists found for parent_entry_id 30
2024-12-20 14:40:15,276 - application.list_utils - DEBUG - get_userlists_by_parent [list_utils.py:271] - get_userlists_by_parent: lists found (parent_entry_id)46: [<UserList 27>]
2024-12-20 14:40:15,277 - application.list_utils - DEBUG - get_userlists_by_parent [list_utils.py:273] - get_userlists_by_parent: No lists found for parent_entry_id 31
2024-12-20 14:40:15,279 - application.list_utils - DEBUG - get_userlists_by_parent [list_utils.py:271] - get_userlists_by_parent: lists found (parent_entry_id)48: [<UserList 29>]
2024-12-20 14:40:15,281 - application.list_utils - DEBUG - get_userlists_by_parent [list_utils.py:273] - get_userlists_by_parent: No lists found for parent_entry_id 32
2024-12-20 14:40:15,282 - application.list_utils - DEBUG - get_userlists_by_parent [list_utils.py:271] - get_userlists_by_parent: lists found (parent_entry_id)50: [<UserList 31>]
2024-12-20 14:40:15,614 - application.list_utils - DEBUG - get_list_entries_for_item [list_utils.py:428] - found_entries for <Photo 2>: [<UserListEntry 23>]
2024-12-20 14:40:15,617 - application.list_utils - DEBUG - get_list_entries_for_item [list_utils.py:436] - Entry: <UserListEntry 23>
2024-12-20 14:40:15,617 - application.list_utils - DEBUG - get_list_entries_for_item [list_utils.py:437] - Item Model: Photo, Item ID: 2
2024-12-20 14:40:15,617 - application.list_utils - DEBUG - get_list_entries_for_item [list_utils.py:438] - User List ID: 9 User List Name: Laundry Room 1 Photos
2024-12-20 14:40:15,617 - application.list_utils - DEBUG - get_list_entries_for_item [list_utils.py:439] - user: 1
2024-12-20 14:40:15,633 - application.list_utils - DEBUG - get_list_entries_for_item [list_utils.py:428] - found_entries for <Photo 10>: [<UserListEntry 45>]
2024-12-20 14:40:15,664 - application.list_utils - DEBUG - get_list_entries_for_item [list_utils.py:428] - found_entries for <Photo 12>: [<UserListEntry 49>]
2024-12-20 14:40:15,665 - application.list_utils - DEBUG - get_list_entries_for_item [list_utils.py:436] - Entry: <UserListEntry 49>
2024-12-20 14:40:15,680 - application.list_utils - DEBUG - get_list_entries_for_item [list_utils.py:437] - Item Model: Photo, Item ID: 12
2024-12-20 14:40:15,683 - application.list_utils - DEBUG - get_list_entries_for_item [list_utils.py:438] - User List ID: 31 User List Name: Gym 1 Photos
2024-12-20 14:40:15,687 - application.list_utils - DEBUG - get_list_entries_for_item [list_utils.py:436] - Entry: <UserListEntry 45>
2024-12-20 14:40:15,690 - application.list_utils - DEBUG - get_list_entries_for_item [list_utils.py:439] - user: 1
2024-12-20 14:40:15,691 - application.list_utils - DEBUG - get_list_entries_for_item [list_utils.py:437] - Item Model: Photo, Item ID: 10
2024-12-20 14:40:15,697 - application.list_utils - DEBUG - get_list_entries_for_item [list_utils.py:428] - found_entries for <Photo 9>: [<UserListEntry 43>]
2024-12-20 14:40:15,697 - application.list_utils - DEBUG - get_list_entries_for_item [list_utils.py:428] - found_entries for <Photo 11>: [<UserListEntry 47>]
2024-12-20 14:40:15,698 - application.list_utils - DEBUG - get_list_entries_for_item [list_utils.py:438] - User List ID: 27 User List Name: Attic 2 Photos
2024-12-20 14:40:15,700 - application.list_utils - DEBUG - get_list_entries_for_item [list_utils.py:436] - Entry: <UserListEntry 43>
2024-12-20 14:40:15,704 - application.list_utils - DEBUG - get_list_entries_for_item [list_utils.py:436] - Entry: <UserListEntry 47>
2024-12-20 14:40:15,712 - application.list_utils - DEBUG - get_list_entries_for_item [list_utils.py:439] - user: 1
2024-12-20 14:40:15,714 - application.list_utils - DEBUG - get_list_entries_for_item [list_utils.py:437] - Item Model: Photo, Item ID: 9
2024-12-20 14:40:15,715 - application.list_utils - DEBUG - get_list_entries_for_item [list_utils.py:437] - Item Model: Photo, Item ID: 11
2024-12-20 14:40:15,715 - application.list_utils - DEBUG - get_list_entries_for_item [list_utils.py:428] - found_entries for <Photo 7>: [<UserListEntry 39>]
2024-12-20 14:40:15,726 - application.list_utils - DEBUG - get_list_entries_for_item [list_utils.py:428] - found_entries for <Photo 5>: [<UserListEntry 35>]
2024-12-20 14:40:15,727 - application.list_utils - DEBUG - get_list_entries_for_item [list_utils.py:438] - User List ID: 25 User List Name: Dining Room 2 Photos
2024-12-20 14:40:15,739 - application.list_utils - DEBUG - get_list_entries_for_item [list_utils.py:438] - User List ID: 29 User List Name: Laundry Room 4 Photos
2024-12-20 14:40:15,741 - application.list_utils - DEBUG - get_list_entries_for_item [list_utils.py:428] - found_entries for <Photo 1>: [<UserListEntry 21>]
2024-12-20 14:40:15,744 - application.list_utils - DEBUG - get_list_entries_for_item [list_utils.py:436] - Entry: <UserListEntry 39>
2024-12-20 14:40:15,755 - application.list_utils - DEBUG - get_list_entries_for_item [list_utils.py:437] - Item Model: Photo, Item ID: 7
2024-12-20 14:40:15,749 - application.list_utils - DEBUG - get_list_entries_for_item [list_utils.py:439] - user: 1
2024-12-20 14:40:15,750 - application.list_utils - DEBUG - get_list_entries_for_item [list_utils.py:439] - user: 1
2024-12-20 14:40:15,751 - application.list_utils - DEBUG - get_list_entries_for_item [list_utils.py:428] - found_entries for <Photo 6>: [<UserListEntry 37>]
2024-12-20 14:40:15,755 - application.list_utils - DEBUG - get_list_entries_for_item [list_utils.py:436] - Entry: <UserListEntry 21>
2024-12-20 14:40:15,756 - application.list_utils - DEBUG - get_list_entries_for_item [list_utils.py:438] - User List ID: 21 User List Name: Laundry Room 3 Photos
2024-12-20 14:40:15,747 - application.list_utils - DEBUG - get_list_entries_for_item [list_utils.py:436] - Entry: <UserListEntry 35>
2024-12-20 14:40:15,766 - application.list_utils - DEBUG - get_list_entries_for_item [list_utils.py:436] - Entry: <UserListEntry 37>
2024-12-20 14:40:15,766 - application.list_utils - DEBUG - get_list_entries_for_item [list_utils.py:437] - Item Model: Photo, Item ID: 1
2024-12-20 14:40:15,767 - application.list_utils - DEBUG - get_list_entries_for_item [list_utils.py:439] - user: 1
2024-12-20 14:40:15,767 - application.list_utils - DEBUG - get_list_entries_for_item [list_utils.py:437] - Item Model: Photo, Item ID: 5
2024-12-20 14:40:15,770 - application.list_utils - DEBUG - get_list_entries_for_item [list_utils.py:437] - Item Model: Photo, Item ID: 6
2024-12-20 14:40:15,778 - application.list_utils - DEBUG - get_list_entries_for_item [list_utils.py:438] - User List ID: 19 User List Name: Laundry Room 2 Photos
2024-12-20 14:40:15,787 - application.list_utils - DEBUG - get_list_entries_for_item [list_utils.py:439] - user: 1
2024-12-20 14:40:15,775 - application.list_utils - DEBUG - get_list_entries_for_item [list_utils.py:438] - User List ID: 17 User List Name: Dining Room 1 Photos
2024-12-20 14:40:15,795 - application.list_utils - DEBUG - get_list_entries_for_item [list_utils.py:439] - user: 1
2024-12-20 14:40:15,772 - application.list_utils - DEBUG - get_list_entries_for_item [list_utils.py:438] - User List ID: 7 User List Name: Outdoor Space 1 Photos
2024-12-20 14:40:15,786 - application.list_utils - DEBUG - get_list_entries_for_item [list_utils.py:428] - found_entries for <Photo 8>: [<UserListEntry 41>]
2024-12-20 14:40:15,805 - application.list_utils - DEBUG - get_list_entries_for_item [list_utils.py:439] - user: 1
2024-12-20 14:40:15,814 - application.list_utils - DEBUG - get_list_entries_for_item [list_utils.py:436] - Entry: <UserListEntry 41>
2024-12-20 14:40:15,822 - application.list_utils - DEBUG - get_list_entries_for_item [list_utils.py:437] - Item Model: Photo, Item ID: 8
2024-12-20 14:40:15,826 - application.list_utils - DEBUG - get_list_entries_for_item [list_utils.py:438] - User List ID: 23 User List Name: Attic 1 Photos
2024-12-20 14:40:15,830 - application.list_utils - DEBUG - get_list_entries_for_item [list_utils.py:439] - user: 1
2024-12-20 14:40:18,851 - application.rooms - DEBUG - set_active_room [rooms.py:118] - current_user.active_home.active_room: <Room 10>
2024-12-20 14:40:18,852 - application.walkthrough - DEBUG - walk_start [walkthrough.py:33] - get room_name: None
2024-12-20 14:40:18,852 - application.walkthrough - DEBUG - walk_start [walkthrough.py:34] - get view: None
2024-12-20 14:40:18,852 - application.walkthrough - DEBUG - walk_start [walkthrough.py:51] - view: None
2024-12-20 14:40:18,867 - application.walkthrough - DEBUG - views [walkthrough.py:69] - view?: None
2024-12-20 14:40:18,867 - application.walkthrough - DEBUG - views [walkthrough.py:75] - File not found! None.html.jinja
2024-12-20 14:40:19,060 - application.walkthrough - DEBUG - views [walkthrough.py:69] - view?: None
2024-12-20 14:40:19,063 - application.list_utils - DEBUG - get_list_entries_for_item [list_utils.py:428] - found_entries for <Home 1>: [<UserListEntry 1>]
2024-12-20 14:40:19,064 - application.walkthrough - DEBUG - views [walkthrough.py:75] - File not found! None.html.jinja
2024-12-20 14:40:19,066 - application.list_utils - DEBUG - get_list_entries_for_item [list_utils.py:436] - Entry: <UserListEntry 1>
2024-12-20 14:40:19,067 - application.list_utils - DEBUG - get_list_entries_for_item [list_utils.py:437] - Item Model: Home, Item ID: 1
2024-12-20 14:40:19,067 - application.list_utils - DEBUG - get_list_entries_for_item [list_utils.py:428] - found_entries for <Floor 1>: [<UserListEntry 2>]
2024-12-20 14:40:19,073 - application.list_utils - DEBUG - get_list_entries_for_item [list_utils.py:438] - User List ID: 1 User List Name: bob Homes
2024-12-20 14:40:19,096 - application.list_utils - DEBUG - get_list_entries_for_item [list_utils.py:439] - user: 1
2024-12-20 14:40:19,096 - application.list_utils - DEBUG - get_list_entries_for_item [list_utils.py:436] - Entry: <UserListEntry 2>
2024-12-20 14:40:19,096 - application.list_utils - DEBUG - get_userlist [list_utils.py:308] - get_userlist(): item_model: Floor, list_name: None, parent_entry_id: 1
2024-12-20 14:40:19,096 - application.list_utils - DEBUG - get_list_entries_for_item [list_utils.py:437] - Item Model: Floor, Item ID: 1
2024-12-20 14:40:19,097 - application.list_utils - DEBUG - get_list_entries_for_item [list_utils.py:438] - User List ID: 2 User List Name: dcvvdcvcxzztzszs Floors
2024-12-20 14:40:19,098 - application.list_utils - DEBUG - get_userlist [list_utils.py:322] - lists found (model, parent): [<UserList 2>]
2024-12-20 14:40:19,098 - application.list_utils - DEBUG - get_list_entries_for_item [list_utils.py:439] - user: 1
2024-12-20 14:40:19,098 - application.list_utils - DEBUG - get_userlist [list_utils.py:349] - len(lists) == 1: None Floor 1
2024-12-20 14:40:19,100 - application.list_utils - DEBUG - get_userlist [list_utils.py:308] - get_userlist(): item_model: Room, list_name: None, parent_entry_id: 2
2024-12-20 14:40:19,100 - application.list_utils - DEBUG - get_userlist [list_utils.py:368] - userlist.entries: [<UserListEntry 2>, <UserListEntry 3>, <UserListEntry 4>] List type: <class 'sqlalchemy.orm.collections.InstrumentedList'>
2024-12-20 14:40:19,111 - application.list_utils - DEBUG - get_userlist [list_utils.py:370] - List: dcvvdcvcxzztzszs Floors, Order: 1
2024-12-20 14:40:19,111 - application.list_utils - DEBUG - get_userlist [list_utils.py:370] - List: dcvvdcvcxzztzszs Floors, Order: 0
2024-12-20 14:40:19,112 - application.list_utils - DEBUG - get_userlist [list_utils.py:322] - lists found (model, parent): [<UserList 3>]
2024-12-20 14:40:19,112 - application.list_utils - DEBUG - get_userlist [list_utils.py:370] - List: dcvvdcvcxzztzszs Floors, Order: 2
2024-12-20 14:40:19,112 - application.list_utils - DEBUG - get_userlist [list_utils.py:349] - len(lists) == 1: None Room 2
2024-12-20 14:40:19,114 - application.list_utils - DEBUG - get_userlist [list_utils.py:368] - userlist.entries: [<UserListEntry 22>, <UserListEntry 24>, <UserListEntry 36>, <UserListEntry 38>, <UserListEntry 40>, <UserListEntry 42>, <UserListEntry 44>, <UserListEntry 46>, <UserListEntry 48>, <UserListEntry 50>] List type: <class 'sqlalchemy.orm.collections.InstrumentedList'>
2024-12-20 14:40:19,115 - application.list_utils - DEBUG - get_userlist [list_utils.py:370] - List: dcvvdcvcxzztzszs Main Floor Rooms, Order: 1022
2024-12-20 14:40:19,115 - application.list_utils - DEBUG - get_userlists_by_parent [list_utils.py:271] - get_userlists_by_parent: lists found (parent_entry_id)2: [<UserList 3>]
2024-12-20 14:40:19,115 - application.list_utils - DEBUG - get_userlist [list_utils.py:370] - List: dcvvdcvcxzztzszs Main Floor Rooms, Order: 0
2024-12-20 14:40:19,116 - application.list_utils - DEBUG - get_userlist [list_utils.py:370] - List: dcvvdcvcxzztzszs Main Floor Rooms, Order: 730
2024-12-20 14:40:19,116 - application.list_utils - DEBUG - get_userlist [list_utils.py:370] - List: dcvvdcvcxzztzszs Main Floor Rooms, Order: 1168
2024-12-20 14:40:19,116 - application.list_utils - DEBUG - get_userlist [list_utils.py:370] - List: dcvvdcvcxzztzszs Main Floor Rooms, Order: 876
2024-12-20 14:40:19,117 - application.list_utils - DEBUG - get_userlist [list_utils.py:370] - List: dcvvdcvcxzztzszs Main Floor Rooms, Order: 1314
2024-12-20 14:40:19,118 - application.list_utils - DEBUG - get_userlist [list_utils.py:370] - List: dcvvdcvcxzztzszs Main Floor Rooms, Order: 584
2024-12-20 14:40:19,118 - application.list_utils - DEBUG - get_userlists_by_parent [list_utils.py:271] - get_userlists_by_parent: lists found (parent_entry_id)3: [<UserList 4>]
2024-12-20 14:40:19,119 - application.list_utils - DEBUG - get_userlist [list_utils.py:370] - List: dcvvdcvcxzztzszs Main Floor Rooms, Order: 146
2024-12-20 14:40:19,121 - application.list_utils - DEBUG - get_userlists_by_parent [list_utils.py:271] - get_userlists_by_parent: lists found (parent_entry_id)4: [<UserList 5>]
2024-12-20 14:40:19,122 - application.list_utils - DEBUG - get_userlist [list_utils.py:370] - List: dcvvdcvcxzztzszs Main Floor Rooms, Order: 438
2024-12-20 14:40:19,124 - application.list_utils - DEBUG - get_userlist [list_utils.py:370] - List: dcvvdcvcxzztzszs Main Floor Rooms, Order: 292
2024-12-20 14:40:19,125 - application.list_utils - DEBUG - get_userlists_by_parent [list_utils.py:271] - get_userlists_by_parent: lists found (parent_entry_id)22: [<UserList 7>]
2024-12-20 14:40:19,128 - application.list_utils - DEBUG - get_userlists_by_parent [list_utils.py:271] - get_userlists_by_parent: lists found (parent_entry_id)24: [<UserList 9>, <UserList 15>]
2024-12-20 14:40:19,130 - application.list_utils - DEBUG - get_userlists_by_parent [list_utils.py:271] - get_userlists_by_parent: lists found (parent_entry_id)36: [<UserList 17>]
2024-12-20 14:40:19,131 - application.list_utils - DEBUG - get_userlists_by_parent [list_utils.py:271] - get_userlists_by_parent: lists found (parent_entry_id)38: [<UserList 19>]
2024-12-20 14:40:19,132 - application.list_utils - DEBUG - get_userlists_by_parent [list_utils.py:271] - get_userlists_by_parent: lists found (parent_entry_id)40: [<UserList 21>]
2024-12-20 14:40:19,135 - application.list_utils - DEBUG - get_userlists_by_parent [list_utils.py:271] - get_userlists_by_parent: lists found (parent_entry_id)42: [<UserList 23>]
2024-12-20 14:40:19,138 - application.list_utils - DEBUG - get_userlists_by_parent [list_utils.py:271] - get_userlists_by_parent: lists found (parent_entry_id)44: [<UserList 25>]
2024-12-20 14:40:19,140 - application.list_utils - DEBUG - get_userlists_by_parent [list_utils.py:271] - get_userlists_by_parent: lists found (parent_entry_id)46: [<UserList 27>]
2024-12-20 14:40:19,141 - application.list_utils - DEBUG - get_userlists_by_parent [list_utils.py:271] - get_userlists_by_parent: lists found (parent_entry_id)48: [<UserList 29>]
2024-12-20 14:40:19,141 - application.list_utils - DEBUG - get_userlists_by_parent [list_utils.py:271] - get_userlists_by_parent: lists found (parent_entry_id)50: [<UserList 31>]
2024-12-20 14:40:21,283 - application.list_utils - DEBUG - get_list_entries_for_item [list_utils.py:428] - found_entries for <Room 10>: [<UserListEntry 46>]
2024-12-20 14:40:21,284 - application.list_utils - DEBUG - get_list_entries_for_item [list_utils.py:436] - Entry: <UserListEntry 46>
2024-12-20 14:40:21,285 - application.list_utils - DEBUG - get_list_entries_for_item [list_utils.py:437] - Item Model: Room, Item ID: 10
2024-12-20 14:40:21,285 - application.list_utils - DEBUG - get_list_entries_for_item [list_utils.py:438] - User List ID: 3 User List Name: dcvvdcvcxzztzszs Main Floor Rooms
2024-12-20 14:40:21,285 - application.list_utils - DEBUG - get_list_entries_for_item [list_utils.py:439] - user: 1
2024-12-20 14:40:21,286 - application.list_utils - DEBUG - get_list_entries_for_item [list_utils.py:428] - found_entries for <Home 1>: [<UserListEntry 1>]
2024-12-20 14:40:21,288 - application.list_utils - DEBUG - get_list_entries_for_item [list_utils.py:436] - Entry: <UserListEntry 1>
2024-12-20 14:40:21,288 - application.list_utils - DEBUG - get_list_entries_for_item [list_utils.py:437] - Item Model: Home, Item ID: 1
2024-12-20 14:40:21,289 - application.list_utils - DEBUG - get_list_entries_for_item [list_utils.py:438] - User List ID: 1 User List Name: bob Homes
2024-12-20 14:40:21,289 - application.list_utils - DEBUG - get_list_entries_for_item [list_utils.py:439] - user: 1
2024-12-20 14:40:21,289 - application.list_utils - DEBUG - get_userlist [list_utils.py:308] - get_userlist(): item_model: Room, list_name: None, parent_entry_id: 1
2024-12-20 14:40:21,291 - application.list_utils - DEBUG - get_userlist [list_utils.py:322] - lists found (model, parent): []
2024-12-20 14:40:21,292 - application.list_utils - DEBUG - get_userlist [list_utils.py:333] - No lists of type Room found for user 1
