2024-12-16 15:33:53,916 - logs.logging_config - DEBUG - configure_logging [logging_config.py:178] - Application logging configured
2024-12-16 15:33:53,917 - logs.logging_config - INFO - configure_logging [logging_config.py:187] - Application started in production environment
2024-12-16 15:33:53,917 - application - DEBUG - create_app [__init__.py:28] - test2
2024-12-16 15:33:54,733 - application - DEBUG - after_request_time [__init__.py:42] - Request to / took 0.007843017578125 seconds
2024-12-16 15:33:54,734 - application - DEBUG - after_request_time [__init__.py:44] - view (after_request): map
2024-12-16 15:33:54,735 - application - DEBUG - after_request_time [__init__.py:46] - template (after_request): None
2024-12-16 15:33:54,970 - application - DEBUG - after_request_time [__init__.py:42] - Request to /map/ took 0.1604628562927246 seconds
2024-12-16 15:33:54,971 - application - DEBUG - after_request_time [__init__.py:44] - view (after_request): map
2024-12-16 15:33:54,971 - application - DEBUG - after_request_time [__init__.py:46] - template (after_request): map/index.html.jinja
2024-12-16 15:33:55,056 - application - DEBUG - after_request_time [__init__.py:42] - Request to /static/style.css took 0.010978937149047852 seconds
2024-12-16 15:33:55,057 - application - DEBUG - after_request_time [__init__.py:42] - Request to /static/js/bundle.js took 0.00849294662475586 seconds
2024-12-16 15:33:55,057 - application - DEBUG - after_request_time [__init__.py:44] - view (after_request): map
2024-12-16 15:33:55,057 - application - DEBUG - after_request_time [__init__.py:44] - view (after_request): map
2024-12-16 15:33:55,058 - application - DEBUG - after_request_time [__init__.py:46] - template (after_request): None
2024-12-16 15:33:55,058 - application - DEBUG - after_request_time [__init__.py:46] - template (after_request): None
2024-12-16 15:33:55,069 - application - DEBUG - after_request_time [__init__.py:42] - Request to /static/person-circle.svg took 0.0015778541564941406 seconds
2024-12-16 15:33:55,070 - application - DEBUG - after_request_time [__init__.py:44] - view (after_request): map
2024-12-16 15:33:55,071 - application - DEBUG - after_request_time [__init__.py:46] - template (after_request): None
2024-12-16 15:33:55,313 - application - DEBUG - after_request_time [__init__.py:42] - Request to /show_list/ took 0.13221311569213867 seconds
2024-12-16 15:33:55,313 - application - DEBUG - after_request_time [__init__.py:44] - view (after_request): map
2024-12-16 15:33:55,313 - application - DEBUG - after_request_time [__init__.py:46] - template (after_request): lists/list.html.jinja
2024-12-16 15:33:55,411 - application - DEBUG - after_request_time [__init__.py:42] - Request to /show_photo_entry/24 took 0.0537722110748291 seconds
2024-12-16 15:33:55,411 - application - DEBUG - after_request_time [__init__.py:44] - view (after_request): map
2024-12-16 15:33:55,412 - application - DEBUG - after_request_time [__init__.py:46] - template (after_request): lists/model/photo.html.jinja
2024-12-16 15:33:55,414 - application - DEBUG - after_request_time [__init__.py:42] - Request to /show_photo_entry/22 took 0.0427088737487793 seconds
2024-12-16 15:33:55,415 - application - DEBUG - after_request_time [__init__.py:44] - view (after_request): map
2024-12-16 15:33:55,416 - application - DEBUG - after_request_time [__init__.py:46] - template (after_request): lists/model/photo.html.jinja
2024-12-16 15:33:55,419 - application - DEBUG - after_request_time [__init__.py:42] - Request to /show_photo_entry/21 took 0.04335379600524902 seconds
2024-12-16 15:33:55,426 - application - DEBUG - after_request_time [__init__.py:42] - Request to /show_photo_entry/20 took 0.04813885688781738 seconds
2024-12-16 15:33:55,427 - application - DEBUG - after_request_time [__init__.py:44] - view (after_request): map
2024-12-16 15:33:55,428 - application - DEBUG - after_request_time [__init__.py:44] - view (after_request): map
2024-12-16 15:33:55,429 - application - DEBUG - after_request_time [__init__.py:42] - Request to /show_photo_entry/12 took 0.04786109924316406 seconds
2024-12-16 15:33:55,430 - application - DEBUG - after_request_time [__init__.py:42] - Request to /show_photo_entry/19 took 0.04584217071533203 seconds
2024-12-16 15:33:55,431 - application - DEBUG - after_request_time [__init__.py:46] - template (after_request): lists/model/photo.html.jinja
2024-12-16 15:33:55,431 - application - DEBUG - after_request_time [__init__.py:46] - template (after_request): lists/model/photo.html.jinja
2024-12-16 15:33:55,436 - application - DEBUG - after_request_time [__init__.py:44] - view (after_request): map
2024-12-16 15:33:55,440 - application - DEBUG - after_request_time [__init__.py:44] - view (after_request): map
2024-12-16 15:33:55,447 - application - DEBUG - after_request_time [__init__.py:46] - template (after_request): lists/model/photo.html.jinja
2024-12-16 15:33:55,448 - application - DEBUG - after_request_time [__init__.py:46] - template (after_request): lists/model/photo.html.jinja
2024-12-16 15:33:55,449 - application - DEBUG - after_request_time [__init__.py:42] - Request to /show_photo_entry/18 took 0.025444984436035156 seconds
2024-12-16 15:33:55,458 - application - DEBUG - after_request_time [__init__.py:44] - view (after_request): map
2024-12-16 15:33:55,458 - application - DEBUG - after_request_time [__init__.py:46] - template (after_request): lists/model/photo.html.jinja
2024-12-16 15:33:55,470 - application - DEBUG - after_request_time [__init__.py:42] - Request to /show_photo_entry/17 took 0.030701875686645508 seconds
2024-12-16 15:33:55,476 - application - DEBUG - after_request_time [__init__.py:44] - view (after_request): map
2024-12-16 15:33:55,477 - application - DEBUG - after_request_time [__init__.py:46] - template (after_request): lists/model/photo.html.jinja
2024-12-16 15:33:55,492 - application - DEBUG - after_request_time [__init__.py:42] - Request to /show_photo_entry/16 took 0.02803206443786621 seconds
2024-12-16 15:33:55,494 - application - DEBUG - after_request_time [__init__.py:44] - view (after_request): map
2024-12-16 15:33:55,494 - application - DEBUG - after_request_time [__init__.py:46] - template (after_request): lists/model/photo.html.jinja
2024-12-16 15:33:55,507 - application - DEBUG - after_request_time [__init__.py:42] - Request to /static/defaults/generic_room.jpg took 0.004349946975708008 seconds
2024-12-16 15:33:55,511 - application - DEBUG - after_request_time [__init__.py:44] - view (after_request): map
2024-12-16 15:33:55,513 - application - DEBUG - after_request_time [__init__.py:46] - template (after_request): None
2024-12-16 15:33:55,515 - application - DEBUG - after_request_time [__init__.py:42] - Request to /show_photo_entry/14 took 0.0353090763092041 seconds
2024-12-16 15:33:55,518 - application - DEBUG - after_request_time [__init__.py:42] - Request to /show_photo_entry/15 took 0.04605269432067871 seconds
2024-12-16 15:33:55,519 - application - DEBUG - after_request_time [__init__.py:44] - view (after_request): map
2024-12-16 15:33:55,520 - application - DEBUG - after_request_time [__init__.py:44] - view (after_request): map
2024-12-16 15:33:55,521 - application - DEBUG - after_request_time [__init__.py:46] - template (after_request): lists/model/photo.html.jinja
2024-12-16 15:33:55,521 - application - DEBUG - after_request_time [__init__.py:46] - template (after_request): lists/model/photo.html.jinja
2024-12-16 15:33:55,522 - application - DEBUG - after_request_time [__init__.py:42] - Request to /show_photo_entry/13 took 0.03464221954345703 seconds
2024-12-16 15:33:55,527 - application - DEBUG - after_request_time [__init__.py:44] - view (after_request): map
2024-12-16 15:33:55,527 - application - DEBUG - after_request_time [__init__.py:46] - template (after_request): lists/model/photo.html.jinja
2024-12-16 15:35:16,194 - application - DEBUG - after_request_time [__init__.py:42] - Request to /map/ took 0.04866909980773926 seconds
2024-12-16 15:35:16,194 - application - DEBUG - after_request_time [__init__.py:44] - view (after_request): map
2024-12-16 15:35:16,194 - application - DEBUG - after_request_time [__init__.py:46] - template (after_request): map/index.html.jinja
2024-12-16 15:35:16,263 - application - DEBUG - after_request_time [__init__.py:42] - Request to /static/style.css took 0.0015840530395507812 seconds
2024-12-16 15:35:16,263 - application - DEBUG - after_request_time [__init__.py:44] - view (after_request): map
2024-12-16 15:35:16,264 - application - DEBUG - after_request_time [__init__.py:46] - template (after_request): None
2024-12-16 15:35:16,270 - application - DEBUG - after_request_time [__init__.py:42] - Request to /static/js/bundle.js took 0.003059864044189453 seconds
2024-12-16 15:35:16,271 - application - DEBUG - after_request_time [__init__.py:44] - view (after_request): map
2024-12-16 15:35:16,271 - application - DEBUG - after_request_time [__init__.py:46] - template (after_request): None
2024-12-16 15:35:16,286 - application - DEBUG - after_request_time [__init__.py:42] - Request to /static/person-circle.svg took 0.0017931461334228516 seconds
2024-12-16 15:35:16,287 - application - DEBUG - after_request_time [__init__.py:44] - view (after_request): map
2024-12-16 15:35:16,287 - application - DEBUG - after_request_time [__init__.py:46] - template (after_request): None
2024-12-16 15:35:16,401 - application - DEBUG - after_request_time [__init__.py:42] - Request to /show_list/ took 0.055084943771362305 seconds
2024-12-16 15:35:16,401 - application - DEBUG - after_request_time [__init__.py:44] - view (after_request): map
2024-12-16 15:35:16,402 - application - DEBUG - after_request_time [__init__.py:46] - template (after_request): lists/list.html.jinja
2024-12-16 15:35:16,497 - application - DEBUG - after_request_time [__init__.py:42] - Request to /show_photo_entry/22 took 0.038188934326171875 seconds
2024-12-16 15:35:16,498 - application - DEBUG - after_request_time [__init__.py:44] - view (after_request): map
2024-12-16 15:35:16,499 - application - DEBUG - after_request_time [__init__.py:46] - template (after_request): lists/model/photo.html.jinja
2024-12-16 15:35:16,501 - application - DEBUG - after_request_time [__init__.py:42] - Request to /show_photo_entry/21 took 0.03694486618041992 seconds
2024-12-16 15:35:16,502 - application - DEBUG - after_request_time [__init__.py:44] - view (after_request): map
2024-12-16 15:35:16,503 - application - DEBUG - after_request_time [__init__.py:42] - Request to /show_photo_entry/24 took 0.050147056579589844 seconds
2024-12-16 15:35:16,504 - application - DEBUG - after_request_time [__init__.py:46] - template (after_request): lists/model/photo.html.jinja
2024-12-16 15:35:16,505 - application - DEBUG - after_request_time [__init__.py:42] - Request to /show_photo_entry/20 took 0.03642988204956055 seconds
2024-12-16 15:35:16,506 - application - DEBUG - after_request_time [__init__.py:44] - view (after_request): map
2024-12-16 15:35:16,508 - application - DEBUG - after_request_time [__init__.py:42] - Request to /show_photo_entry/12 took 0.03445887565612793 seconds
2024-12-16 15:35:16,514 - application - DEBUG - after_request_time [__init__.py:42] - Request to /show_photo_entry/19 took 0.02958989143371582 seconds
2024-12-16 15:35:16,517 - application - DEBUG - after_request_time [__init__.py:44] - view (after_request): map
2024-12-16 15:35:16,518 - application - DEBUG - after_request_time [__init__.py:46] - template (after_request): lists/model/photo.html.jinja
2024-12-16 15:35:16,519 - application - DEBUG - after_request_time [__init__.py:44] - view (after_request): map
2024-12-16 15:35:16,519 - application - DEBUG - after_request_time [__init__.py:44] - view (after_request): map
2024-12-16 15:35:16,520 - application - DEBUG - after_request_time [__init__.py:46] - template (after_request): lists/model/photo.html.jinja
2024-12-16 15:35:16,522 - application - DEBUG - after_request_time [__init__.py:46] - template (after_request): lists/model/photo.html.jinja
2024-12-16 15:35:16,524 - application - DEBUG - after_request_time [__init__.py:46] - template (after_request): lists/model/photo.html.jinja
2024-12-16 15:35:16,539 - application - DEBUG - after_request_time [__init__.py:42] - Request to /show_photo_entry/18 took 0.023938655853271484 seconds
2024-12-16 15:35:16,544 - application - DEBUG - after_request_time [__init__.py:44] - view (after_request): map
2024-12-16 15:35:16,545 - application - DEBUG - after_request_time [__init__.py:46] - template (after_request): lists/model/photo.html.jinja
2024-12-16 15:35:16,573 - application - DEBUG - after_request_time [__init__.py:42] - Request to /show_photo_entry/17 took 0.04101395606994629 seconds
2024-12-16 15:35:16,573 - application - DEBUG - after_request_time [__init__.py:44] - view (after_request): map
2024-12-16 15:35:16,573 - application - DEBUG - after_request_time [__init__.py:46] - template (after_request): lists/model/photo.html.jinja
2024-12-16 15:35:16,588 - application - DEBUG - after_request_time [__init__.py:42] - Request to /static/defaults/generic_room.jpg took 0.002582073211669922 seconds
2024-12-16 15:35:16,588 - application - DEBUG - after_request_time [__init__.py:44] - view (after_request): map
2024-12-16 15:35:16,590 - application - DEBUG - after_request_time [__init__.py:46] - template (after_request): None
2024-12-16 15:35:16,601 - application - DEBUG - after_request_time [__init__.py:42] - Request to /show_photo_entry/16 took 0.05920720100402832 seconds
2024-12-16 15:35:16,602 - application - DEBUG - after_request_time [__init__.py:44] - view (after_request): map
2024-12-16 15:35:16,603 - application - DEBUG - after_request_time [__init__.py:46] - template (after_request): lists/model/photo.html.jinja
2024-12-16 15:35:16,610 - application - DEBUG - after_request_time [__init__.py:42] - Request to /show_photo_entry/13 took 0.031384944915771484 seconds
2024-12-16 15:35:16,610 - application - DEBUG - after_request_time [__init__.py:44] - view (after_request): map
2024-12-16 15:35:16,611 - application - DEBUG - after_request_time [__init__.py:46] - template (after_request): lists/model/photo.html.jinja
2024-12-16 15:35:16,615 - application - DEBUG - after_request_time [__init__.py:42] - Request to /show_photo_entry/14 took 0.0513460636138916 seconds
2024-12-16 15:35:16,616 - application - DEBUG - after_request_time [__init__.py:44] - view (after_request): map
2024-12-16 15:35:16,617 - application - DEBUG - after_request_time [__init__.py:42] - Request to /show_photo_entry/15 took 0.025414228439331055 seconds
2024-12-16 15:35:16,619 - application - DEBUG - after_request_time [__init__.py:46] - template (after_request): lists/model/photo.html.jinja
2024-12-16 15:35:16,620 - application - DEBUG - after_request_time [__init__.py:44] - view (after_request): map
2024-12-16 15:35:16,623 - application - DEBUG - after_request_time [__init__.py:46] - template (after_request): lists/model/photo.html.jinja
2024-12-16 15:36:06,099 - application - DEBUG - after_request_time [__init__.py:42] - Request to /map/ took 0.0470578670501709 seconds
2024-12-16 15:36:06,099 - application - DEBUG - after_request_time [__init__.py:44] - view (after_request): map
2024-12-16 15:36:06,099 - application - DEBUG - after_request_time [__init__.py:46] - template (after_request): map/index.html.jinja
2024-12-16 15:36:06,168 - application - DEBUG - after_request_time [__init__.py:42] - Request to /static/js/bundle.js took 0.0014350414276123047 seconds
2024-12-16 15:36:06,170 - application - DEBUG - after_request_time [__init__.py:44] - view (after_request): map
2024-12-16 15:36:06,171 - application - DEBUG - after_request_time [__init__.py:46] - template (after_request): None
2024-12-16 15:36:06,172 - application - DEBUG - after_request_time [__init__.py:42] - Request to /static/style.css took 0.0012359619140625 seconds
2024-12-16 15:36:06,174 - application - DEBUG - after_request_time [__init__.py:44] - view (after_request): map
2024-12-16 15:36:06,174 - application - DEBUG - after_request_time [__init__.py:46] - template (after_request): None
2024-12-16 15:36:06,190 - application - DEBUG - after_request_time [__init__.py:42] - Request to /static/person-circle.svg took 0.0008587837219238281 seconds
2024-12-16 15:36:06,190 - application - DEBUG - after_request_time [__init__.py:44] - view (after_request): map
2024-12-16 15:36:06,191 - application - DEBUG - after_request_time [__init__.py:46] - template (after_request): None
2024-12-16 15:36:06,288 - application - DEBUG - after_request_time [__init__.py:42] - Request to /show_list/ took 0.053865909576416016 seconds
2024-12-16 15:36:06,288 - application - DEBUG - after_request_time [__init__.py:44] - view (after_request): map
2024-12-16 15:36:06,288 - application - DEBUG - after_request_time [__init__.py:46] - template (after_request): lists/list.html.jinja
2024-12-16 15:36:06,379 - application - DEBUG - after_request_time [__init__.py:42] - Request to /show_photo_entry/24 took 0.031225204467773438 seconds
2024-12-16 15:36:06,379 - application - DEBUG - after_request_time [__init__.py:42] - Request to /show_photo_entry/21 took 0.025137901306152344 seconds
2024-12-16 15:36:06,380 - application - DEBUG - after_request_time [__init__.py:44] - view (after_request): map
2024-12-16 15:36:06,380 - application - DEBUG - after_request_time [__init__.py:42] - Request to /show_photo_entry/22 took 0.02907705307006836 seconds
2024-12-16 15:36:06,381 - application - DEBUG - after_request_time [__init__.py:44] - view (after_request): map
2024-12-16 15:36:06,382 - application - DEBUG - after_request_time [__init__.py:42] - Request to /show_photo_entry/20 took 0.023399829864501953 seconds
2024-12-16 15:36:06,382 - application - DEBUG - after_request_time [__init__.py:46] - template (after_request): lists/model/photo.html.jinja
2024-12-16 15:36:06,382 - application - DEBUG - after_request_time [__init__.py:44] - view (after_request): map
2024-12-16 15:36:06,383 - application - DEBUG - after_request_time [__init__.py:42] - Request to /show_photo_entry/12 took 0.020954132080078125 seconds
2024-12-16 15:36:06,384 - application - DEBUG - after_request_time [__init__.py:46] - template (after_request): lists/model/photo.html.jinja
2024-12-16 15:36:06,385 - application - DEBUG - after_request_time [__init__.py:42] - Request to /show_photo_entry/19 took 0.01771712303161621 seconds
2024-12-16 15:36:06,385 - application - DEBUG - after_request_time [__init__.py:44] - view (after_request): map
2024-12-16 15:36:06,387 - application - DEBUG - after_request_time [__init__.py:46] - template (after_request): lists/model/photo.html.jinja
2024-12-16 15:36:06,388 - application - DEBUG - after_request_time [__init__.py:44] - view (after_request): map
2024-12-16 15:36:06,390 - application - DEBUG - after_request_time [__init__.py:44] - view (after_request): map
2024-12-16 15:36:06,390 - application - DEBUG - after_request_time [__init__.py:46] - template (after_request): lists/model/photo.html.jinja
2024-12-16 15:36:06,391 - application - DEBUG - after_request_time [__init__.py:46] - template (after_request): lists/model/photo.html.jinja
2024-12-16 15:36:06,391 - application - DEBUG - after_request_time [__init__.py:46] - template (after_request): lists/model/photo.html.jinja
2024-12-16 15:36:06,429 - application - DEBUG - after_request_time [__init__.py:42] - Request to /show_photo_entry/17 took 0.0210568904876709 seconds
2024-12-16 15:36:06,430 - application - DEBUG - after_request_time [__init__.py:42] - Request to /show_photo_entry/18 took 0.031530141830444336 seconds
2024-12-16 15:36:06,430 - application - DEBUG - after_request_time [__init__.py:44] - view (after_request): map
2024-12-16 15:36:06,431 - application - DEBUG - after_request_time [__init__.py:44] - view (after_request): map
2024-12-16 15:36:06,431 - application - DEBUG - after_request_time [__init__.py:46] - template (after_request): lists/model/photo.html.jinja
2024-12-16 15:36:06,432 - application - DEBUG - after_request_time [__init__.py:46] - template (after_request): lists/model/photo.html.jinja
2024-12-16 15:36:06,460 - application - DEBUG - after_request_time [__init__.py:42] - Request to /show_photo_entry/15 took 0.025506973266601562 seconds
2024-12-16 15:36:06,461 - application - DEBUG - after_request_time [__init__.py:44] - view (after_request): map
2024-12-16 15:36:06,464 - application - DEBUG - after_request_time [__init__.py:42] - Request to /show_photo_entry/16 took 0.04352402687072754 seconds
2024-12-16 15:36:06,467 - application - DEBUG - after_request_time [__init__.py:46] - template (after_request): lists/model/photo.html.jinja
2024-12-16 15:36:06,468 - application - DEBUG - after_request_time [__init__.py:44] - view (after_request): map
2024-12-16 15:36:06,469 - application - DEBUG - after_request_time [__init__.py:42] - Request to /static/defaults/generic_room.jpg took 0.002151966094970703 seconds
2024-12-16 15:36:06,475 - application - DEBUG - after_request_time [__init__.py:46] - template (after_request): lists/model/photo.html.jinja
2024-12-16 15:36:06,476 - application - DEBUG - after_request_time [__init__.py:44] - view (after_request): map
2024-12-16 15:36:06,481 - application - DEBUG - after_request_time [__init__.py:46] - template (after_request): None
2024-12-16 15:36:06,491 - application - DEBUG - after_request_time [__init__.py:42] - Request to /show_photo_entry/13 took 0.03699517250061035 seconds
2024-12-16 15:36:06,491 - application - DEBUG - after_request_time [__init__.py:44] - view (after_request): map
2024-12-16 15:36:06,491 - application - DEBUG - after_request_time [__init__.py:46] - template (after_request): lists/model/photo.html.jinja
2024-12-16 15:36:06,496 - application - DEBUG - after_request_time [__init__.py:42] - Request to /show_photo_entry/14 took 0.05066180229187012 seconds
2024-12-16 15:36:06,498 - application - DEBUG - after_request_time [__init__.py:44] - view (after_request): map
2024-12-16 15:36:06,498 - application - DEBUG - after_request_time [__init__.py:46] - template (after_request): lists/model/photo.html.jinja
2024-12-16 15:36:13,975 - application - DEBUG - after_request_time [__init__.py:42] - Request to /map/4 took 0.04437088966369629 seconds
2024-12-16 15:36:13,975 - application - DEBUG - after_request_time [__init__.py:44] - view (after_request): map
2024-12-16 15:36:13,975 - application - DEBUG - after_request_time [__init__.py:46] - template (after_request): map/index.html.jinja
2024-12-16 15:36:14,055 - application - DEBUG - after_request_time [__init__.py:42] - Request to /show_list/ took 0.020424842834472656 seconds
2024-12-16 15:36:14,055 - application - DEBUG - after_request_time [__init__.py:44] - view (after_request): map
2024-12-16 15:36:14,056 - application - DEBUG - after_request_time [__init__.py:46] - template (after_request): lists/list.html.jinja
2024-12-16 15:36:14,116 - application - DEBUG - after_request_time [__init__.py:42] - Request to /show_photo_entry/34 took 0.011323928833007812 seconds
2024-12-16 15:36:14,116 - application - DEBUG - after_request_time [__init__.py:44] - view (after_request): map
2024-12-16 15:36:14,117 - application - DEBUG - after_request_time [__init__.py:42] - Request to /show_photo_entry/33 took 0.012229204177856445 seconds
2024-12-16 15:36:14,118 - application - DEBUG - after_request_time [__init__.py:46] - template (after_request): lists/model/photo.html.jinja
2024-12-16 15:36:14,119 - application - DEBUG - after_request_time [__init__.py:42] - Request to /show_photo_entry/32 took 0.020061016082763672 seconds
2024-12-16 15:36:14,120 - application - DEBUG - after_request_time [__init__.py:44] - view (after_request): map
2024-12-16 15:36:14,121 - application - DEBUG - after_request_time [__init__.py:42] - Request to /show_photo_entry/28 took 0.02274608612060547 seconds
2024-12-16 15:36:14,123 - application - DEBUG - after_request_time [__init__.py:44] - view (after_request): map
2024-12-16 15:36:14,123 - application - DEBUG - after_request_time [__init__.py:46] - template (after_request): lists/model/photo.html.jinja
2024-12-16 15:36:14,123 - application - DEBUG - after_request_time [__init__.py:44] - view (after_request): map
2024-12-16 15:36:14,124 - application - DEBUG - after_request_time [__init__.py:46] - template (after_request): lists/model/photo.html.jinja
2024-12-16 15:36:14,126 - application - DEBUG - after_request_time [__init__.py:46] - template (after_request): lists/model/photo.html.jinja
2024-12-16 15:36:14,153 - application - DEBUG - after_request_time [__init__.py:42] - Request to /media/uploads/1_1734387117_image.jpg took 0.016414880752563477 seconds
2024-12-16 15:36:14,155 - application - DEBUG - after_request_time [__init__.py:44] - view (after_request): map
2024-12-16 15:36:14,156 - application - DEBUG - after_request_time [__init__.py:46] - template (after_request): None
2024-12-16 15:36:14,158 - application - DEBUG - after_request_time [__init__.py:42] - Request to /media/uploads/1_1734387080_image.jpg took 0.011968851089477539 seconds
2024-12-16 15:36:14,159 - application - DEBUG - after_request_time [__init__.py:44] - view (after_request): map
2024-12-16 15:36:14,160 - application - DEBUG - after_request_time [__init__.py:42] - Request to /media/uploads/1_1734387023_image.jpg took 0.010559797286987305 seconds
2024-12-16 15:36:14,161 - application - DEBUG - after_request_time [__init__.py:46] - template (after_request): None
2024-12-16 15:36:14,162 - application - DEBUG - after_request_time [__init__.py:42] - Request to /media/uploads/1_1734385972_image.jpg took 0.008738040924072266 seconds
2024-12-16 15:36:14,162 - application - DEBUG - after_request_time [__init__.py:44] - view (after_request): map
2024-12-16 15:36:14,164 - application - DEBUG - after_request_time [__init__.py:44] - view (after_request): map
2024-12-16 15:36:14,164 - application - DEBUG - after_request_time [__init__.py:46] - template (after_request): None
2024-12-16 15:36:14,165 - application - DEBUG - after_request_time [__init__.py:46] - template (after_request): None
2024-12-16 15:36:59,678 - application - DEBUG - after_request_time [__init__.py:42] - Request to /map/ took 0.0006239414215087891 seconds
2024-12-16 15:36:59,678 - application - DEBUG - after_request_time [__init__.py:44] - view (after_request): None
2024-12-16 15:36:59,679 - application - DEBUG - after_request_time [__init__.py:46] - template (after_request): None
2024-12-16 15:36:59,692 - application - DEBUG - after_request_time [__init__.py:42] - Request to /login took 0.008228063583374023 seconds
2024-12-16 15:36:59,693 - application - DEBUG - after_request_time [__init__.py:44] - view (after_request): None
2024-12-16 15:36:59,693 - application - DEBUG - after_request_time [__init__.py:46] - template (after_request): auth/login.html
2024-12-16 15:37:01,663 - application - DEBUG - after_request_time [__init__.py:42] - Request to /home/room/26/active took 0.011247873306274414 seconds
2024-12-16 15:37:01,663 - application - DEBUG - after_request_time [__init__.py:44] - view (after_request): map
2024-12-16 15:37:01,663 - application - DEBUG - after_request_time [__init__.py:46] - template (after_request): None
2024-12-16 15:37:04,421 - application - DEBUG - after_request_time [__init__.py:42] - Request to /walkthrough/start took 0.011112213134765625 seconds
2024-12-16 15:37:04,421 - application - DEBUG - after_request_time [__init__.py:44] - view (after_request): rename
2024-12-16 15:37:04,422 - application - DEBUG - after_request_time [__init__.py:46] - template (after_request): None
2024-12-16 15:37:04,489 - application - DEBUG - after_request_time [__init__.py:42] - Request to /walkthrough/steps took 0.021258115768432617 seconds
2024-12-16 15:37:04,489 - application - DEBUG - after_request_time [__init__.py:44] - view (after_request): rename
2024-12-16 15:37:04,489 - application - DEBUG - after_request_time [__init__.py:46] - template (after_request): walkthrough/index.html.jinja
2024-12-16 15:37:04,629 - application - DEBUG - after_request_time [__init__.py:42] - Request to /static/style.css took 0.003732919692993164 seconds
2024-12-16 15:37:04,630 - application - DEBUG - after_request_time [__init__.py:42] - Request to /static/js/bundle.js took 0.002925872802734375 seconds
2024-12-16 15:37:04,630 - application - DEBUG - after_request_time [__init__.py:44] - view (after_request): rename
2024-12-16 15:37:04,631 - application - DEBUG - after_request_time [__init__.py:44] - view (after_request): rename
2024-12-16 15:37:04,631 - application - DEBUG - after_request_time [__init__.py:46] - template (after_request): None
2024-12-16 15:37:04,632 - application - DEBUG - after_request_time [__init__.py:46] - template (after_request): None
2024-12-16 15:37:04,704 - application - DEBUG - after_request_time [__init__.py:42] - Request to /static/person-circle.svg took 0.0008649826049804688 seconds
2024-12-16 15:37:04,704 - application - DEBUG - after_request_time [__init__.py:44] - view (after_request): rename
2024-12-16 15:37:04,705 - application - DEBUG - after_request_time [__init__.py:46] - template (after_request): None
2024-12-16 15:37:04,853 - application - DEBUG - after_request_time [__init__.py:42] - Request to /walkthrough/steps took 0.04615283012390137 seconds
2024-12-16 15:37:04,853 - application - DEBUG - after_request_time [__init__.py:44] - view (after_request): rename
2024-12-16 15:37:04,853 - application - DEBUG - after_request_time [__init__.py:46] - template (after_request): walkthrough/parts/rename.html.jinja
2024-12-16 15:37:07,118 - application - DEBUG - after_request_time [__init__.py:42] - Request to /walkthrough/steps took 0.015337228775024414 seconds
2024-12-16 15:37:07,118 - application - DEBUG - after_request_time [__init__.py:44] - view (after_request): sortphotos
2024-12-16 15:37:07,119 - application - DEBUG - after_request_time [__init__.py:46] - template (after_request): walkthrough/parts/sortphotos.html.jinja
2024-12-16 15:37:07,226 - application - DEBUG - after_request_time [__init__.py:42] - Request to /show_photo_entry/28 took 0.01143193244934082 seconds
2024-12-16 15:37:07,226 - application - DEBUG - after_request_time [__init__.py:44] - view (after_request): sortphotos
2024-12-16 15:37:07,227 - application - DEBUG - after_request_time [__init__.py:46] - template (after_request): lists/model/photo.html.jinja
2024-12-16 15:37:07,243 - application - DEBUG - after_request_time [__init__.py:42] - Request to /show_list/ took 0.03359794616699219 seconds
2024-12-16 15:37:07,243 - application - DEBUG - after_request_time [__init__.py:44] - view (after_request): sortphotos
2024-12-16 15:37:07,244 - application - DEBUG - after_request_time [__init__.py:46] - template (after_request): lists/list.html.jinja
2024-12-16 15:37:07,271 - application - DEBUG - after_request_time [__init__.py:42] - Request to /media/uploads/1_1734385972_image.jpg took 0.002238035202026367 seconds
2024-12-16 15:37:07,271 - application - DEBUG - after_request_time [__init__.py:44] - view (after_request): sortphotos
2024-12-16 15:37:07,272 - application - DEBUG - after_request_time [__init__.py:46] - template (after_request): None
2024-12-16 15:37:07,283 - application - DEBUG - after_request_time [__init__.py:42] - Request to /static/defaults/generic_room.jpg took 0.0017490386962890625 seconds
2024-12-16 15:37:07,285 - application - DEBUG - after_request_time [__init__.py:44] - view (after_request): sortphotos
2024-12-16 15:37:07,286 - application - DEBUG - after_request_time [__init__.py:46] - template (after_request): None
2024-12-16 15:37:07,288 - application - DEBUG - after_request_time [__init__.py:42] - Request to /media/uploads/1_1734385976_image.jpg took 0.0031881332397460938 seconds
2024-12-16 15:37:07,289 - application - DEBUG - after_request_time [__init__.py:44] - view (after_request): sortphotos
2024-12-16 15:37:07,289 - application - DEBUG - after_request_time [__init__.py:46] - template (after_request): None
2024-12-16 15:40:37,762 - application - DEBUG - after_request_time [__init__.py:42] - Request to /set_room_cover_photo/27 took 0.010256052017211914 seconds
2024-12-16 15:40:37,763 - application - DEBUG - after_request_time [__init__.py:44] - view (after_request): sortphotos
2024-12-16 15:40:37,763 - application - DEBUG - after_request_time [__init__.py:46] - template (after_request): None
2024-12-16 15:40:38,559 - application - DEBUG - after_request_time [__init__.py:42] - Request to /room_cover_photo_entry_id/272 took 0.0034568309783935547 seconds
2024-12-16 15:40:38,560 - application - DEBUG - after_request_time [__init__.py:44] - view (after_request): sortphotos
2024-12-16 15:40:38,561 - application - DEBUG - after_request_time [__init__.py:46] - template (after_request): None
2024-12-16 15:40:53,834 - application - DEBUG - after_request_time [__init__.py:42] - Request to /walkthrough/Kitchen 6/sortphotos took 0.008287906646728516 seconds
2024-12-16 15:40:53,834 - application - DEBUG - after_request_time [__init__.py:44] - view (after_request): sortphotos
2024-12-16 15:40:53,834 - application - DEBUG - after_request_time [__init__.py:46] - template (after_request): None
2024-12-16 15:40:53,855 - application - DEBUG - after_request_time [__init__.py:42] - Request to /walkthrough/steps took 0.005469083786010742 seconds
2024-12-16 15:40:53,855 - application - DEBUG - after_request_time [__init__.py:44] - view (after_request): sortphotos
2024-12-16 15:40:53,855 - application - DEBUG - after_request_time [__init__.py:46] - template (after_request): walkthrough/index.html.jinja
2024-12-16 15:40:53,969 - application - DEBUG - after_request_time [__init__.py:42] - Request to /static/style.css took 0.001394033432006836 seconds
2024-12-16 15:40:53,970 - application - DEBUG - after_request_time [__init__.py:44] - view (after_request): sortphotos
2024-12-16 15:40:53,970 - application - DEBUG - after_request_time [__init__.py:46] - template (after_request): None
2024-12-16 15:40:53,985 - application - DEBUG - after_request_time [__init__.py:42] - Request to /static/js/bundle.js took 0.001165628433227539 seconds
2024-12-16 15:40:53,985 - application - DEBUG - after_request_time [__init__.py:44] - view (after_request): sortphotos
2024-12-16 15:40:53,986 - application - DEBUG - after_request_time [__init__.py:46] - template (after_request): None
2024-12-16 15:40:54,026 - application - DEBUG - after_request_time [__init__.py:42] - Request to /static/person-circle.svg took 0.0010440349578857422 seconds
2024-12-16 15:40:54,027 - application - DEBUG - after_request_time [__init__.py:44] - view (after_request): sortphotos
2024-12-16 15:40:54,027 - application - DEBUG - after_request_time [__init__.py:46] - template (after_request): None
2024-12-16 15:40:54,111 - application - DEBUG - after_request_time [__init__.py:42] - Request to /walkthrough/steps took 0.004067182540893555 seconds
2024-12-16 15:40:54,111 - application - DEBUG - after_request_time [__init__.py:44] - view (after_request): sortphotos
2024-12-16 15:40:54,112 - application - DEBUG - after_request_time [__init__.py:46] - template (after_request): walkthrough/parts/sortphotos.html.jinja
2024-12-16 15:40:54,391 - application - DEBUG - after_request_time [__init__.py:42] - Request to /show_photo_entry/28 took 0.010558843612670898 seconds
2024-12-16 15:40:54,392 - application - DEBUG - after_request_time [__init__.py:44] - view (after_request): sortphotos
2024-12-16 15:40:54,392 - application - DEBUG - after_request_time [__init__.py:46] - template (after_request): lists/model/photo.html.jinja
2024-12-16 15:40:54,415 - application - DEBUG - after_request_time [__init__.py:42] - Request to /show_list/ took 0.03813290596008301 seconds
2024-12-16 15:40:54,415 - application - DEBUG - after_request_time [__init__.py:44] - view (after_request): sortphotos
2024-12-16 15:40:54,416 - application - DEBUG - after_request_time [__init__.py:46] - template (after_request): lists/list.html.jinja
2024-12-16 15:40:54,573 - application - DEBUG - after_request_time [__init__.py:42] - Request to /media/uploads/1_1734385972_image.jpg took 0.002386808395385742 seconds
2024-12-16 15:40:54,573 - application - DEBUG - after_request_time [__init__.py:44] - view (after_request): sortphotos
2024-12-16 15:40:54,574 - application - DEBUG - after_request_time [__init__.py:46] - template (after_request): None
2024-12-16 15:40:54,587 - application - DEBUG - after_request_time [__init__.py:42] - Request to /static/defaults/generic_room.jpg took 0.004341840744018555 seconds
2024-12-16 15:40:54,587 - application - DEBUG - after_request_time [__init__.py:44] - view (after_request): sortphotos
2024-12-16 15:40:54,589 - application - DEBUG - after_request_time [__init__.py:46] - template (after_request): None
2024-12-16 15:40:54,592 - application - DEBUG - after_request_time [__init__.py:42] - Request to /media/uploads/1_1734385976_image.jpg took 0.012933015823364258 seconds
2024-12-16 15:40:54,593 - application - DEBUG - after_request_time [__init__.py:44] - view (after_request): sortphotos
2024-12-16 15:40:54,596 - application - DEBUG - after_request_time [__init__.py:46] - template (after_request): None
2024-12-16 15:42:33,249 - application - DEBUG - after_request_time [__init__.py:42] - Request to /walkthrough/Kitchen 6/sortphotos took 0.0065228939056396484 seconds
2024-12-16 15:42:33,249 - application - DEBUG - after_request_time [__init__.py:44] - view (after_request): sortphotos
2024-12-16 15:42:33,250 - application - DEBUG - after_request_time [__init__.py:46] - template (after_request): None
2024-12-16 15:42:33,281 - application - DEBUG - after_request_time [__init__.py:42] - Request to /walkthrough/steps took 0.004368782043457031 seconds
2024-12-16 15:42:33,281 - application - DEBUG - after_request_time [__init__.py:44] - view (after_request): sortphotos
2024-12-16 15:42:33,282 - application - DEBUG - after_request_time [__init__.py:46] - template (after_request): walkthrough/index.html.jinja
2024-12-16 15:42:33,403 - application - DEBUG - after_request_time [__init__.py:42] - Request to /static/style.css took 0.00251007080078125 seconds
2024-12-16 15:42:33,404 - application - DEBUG - after_request_time [__init__.py:44] - view (after_request): sortphotos
2024-12-16 15:42:33,404 - application - DEBUG - after_request_time [__init__.py:46] - template (after_request): None
2024-12-16 15:42:33,405 - application - DEBUG - after_request_time [__init__.py:42] - Request to /static/js/bundle.js took 0.001989126205444336 seconds
2024-12-16 15:42:33,408 - application - DEBUG - after_request_time [__init__.py:44] - view (after_request): sortphotos
2024-12-16 15:42:33,408 - application - DEBUG - after_request_time [__init__.py:46] - template (after_request): None
2024-12-16 15:42:33,427 - application - DEBUG - after_request_time [__init__.py:42] - Request to /static/person-circle.svg took 0.001177072525024414 seconds
2024-12-16 15:42:33,427 - application - DEBUG - after_request_time [__init__.py:44] - view (after_request): sortphotos
2024-12-16 15:42:33,428 - application - DEBUG - after_request_time [__init__.py:46] - template (after_request): None
2024-12-16 15:42:33,545 - application - DEBUG - after_request_time [__init__.py:42] - Request to /walkthrough/steps took 0.003426074981689453 seconds
2024-12-16 15:42:33,545 - application - DEBUG - after_request_time [__init__.py:44] - view (after_request): sortphotos
2024-12-16 15:42:33,545 - application - DEBUG - after_request_time [__init__.py:46] - template (after_request): walkthrough/parts/sortphotos.html.jinja
2024-12-16 15:42:33,767 - application - DEBUG - after_request_time [__init__.py:42] - Request to /show_photo_entry/28 took 0.010903120040893555 seconds
2024-12-16 15:42:33,768 - application - DEBUG - after_request_time [__init__.py:44] - view (after_request): sortphotos
2024-12-16 15:42:33,769 - application - DEBUG - after_request_time [__init__.py:46] - template (after_request): lists/model/photo.html.jinja
2024-12-16 15:42:33,787 - application - DEBUG - after_request_time [__init__.py:42] - Request to /show_list/ took 0.032492876052856445 seconds
2024-12-16 15:42:33,787 - application - DEBUG - after_request_time [__init__.py:44] - view (after_request): sortphotos
2024-12-16 15:42:33,787 - application - DEBUG - after_request_time [__init__.py:46] - template (after_request): lists/list.html.jinja
2024-12-16 15:42:33,958 - application - DEBUG - after_request_time [__init__.py:42] - Request to /static/defaults/generic_room.jpg took 0.0013990402221679688 seconds
2024-12-16 15:42:33,959 - application - DEBUG - after_request_time [__init__.py:44] - view (after_request): sortphotos
2024-12-16 15:42:33,959 - application - DEBUG - after_request_time [__init__.py:42] - Request to /media/uploads/1_1734385976_image.jpg took 0.0052280426025390625 seconds
2024-12-16 15:42:33,960 - application - DEBUG - after_request_time [__init__.py:46] - template (after_request): None
2024-12-16 15:42:33,961 - application - DEBUG - after_request_time [__init__.py:42] - Request to /media/uploads/1_1734385972_image.jpg took 0.008769035339355469 seconds
2024-12-16 15:42:33,961 - application - DEBUG - after_request_time [__init__.py:44] - view (after_request): sortphotos
2024-12-16 15:42:33,963 - application - DEBUG - after_request_time [__init__.py:44] - view (after_request): sortphotos
2024-12-16 15:42:33,963 - application - DEBUG - after_request_time [__init__.py:46] - template (after_request): None
2024-12-16 15:42:33,964 - application - DEBUG - after_request_time [__init__.py:46] - template (after_request): None
