2024-12-21 16:44:04,127 - logs.logging_config - DEBUG - configure_logging [logging_config.py:178] - Application logging configured
2024-12-21 16:44:04,129 - logs.logging_config - INFO - configure_logging [logging_config.py:187] - Application started in production environment
2024-12-21 16:44:04,129 - application - DEBUG - create_app [__init__.py:28] - test2
2024-12-21 16:44:05,017 - application - DEBUG - after_request_time [__init__.py:42] - Request to / took 0.04360795021057129 seconds
2024-12-21 16:44:05,017 - application - DEBUG - after_request_time [__init__.py:44] - view (after_request): map
2024-12-21 16:44:05,017 - application - DEBUG - after_request_time [__init__.py:46] - template (after_request): homes/create_floors.html.jinja
2024-12-21 16:44:05,101 - application - DEBUG - after_request_time [__init__.py:42] - Request to /static/css/main.css took 0.00861811637878418 seconds
2024-12-21 16:44:05,102 - application - DEBUG - after_request_time [__init__.py:44] - view (after_request): map
2024-12-21 16:44:05,107 - application - DEBUG - after_request_time [__init__.py:42] - Request to /static/js/bundle.js took 0.006902217864990234 seconds
2024-12-21 16:44:05,108 - application - DEBUG - after_request_time [__init__.py:46] - template (after_request): None
2024-12-21 16:44:05,108 - application - DEBUG - after_request_time [__init__.py:44] - view (after_request): map
2024-12-21 16:44:05,111 - application - DEBUG - after_request_time [__init__.py:46] - template (after_request): None
2024-12-21 16:44:05,162 - application - DEBUG - after_request_time [__init__.py:42] - Request to /static/css/flash-message.css took 0.0010111331939697266 seconds
2024-12-21 16:44:05,162 - application - DEBUG - after_request_time [__init__.py:44] - view (after_request): map
2024-12-21 16:44:05,166 - application - DEBUG - after_request_time [__init__.py:42] - Request to /static/css/color-mode.css took 0.008516073226928711 seconds
2024-12-21 16:44:05,180 - application - DEBUG - after_request_time [__init__.py:44] - view (after_request): map
2024-12-21 16:44:05,180 - application - DEBUG - after_request_time [__init__.py:46] - template (after_request): None
2024-12-21 16:44:05,178 - application - DEBUG - after_request_time [__init__.py:42] - Request to /static/css/typography.css took 0.0024559497833251953 seconds
2024-12-21 16:44:05,169 - application - DEBUG - after_request_time [__init__.py:46] - template (after_request): None
2024-12-21 16:44:05,179 - application - DEBUG - after_request_time [__init__.py:42] - Request to /static/css/sortables.css took 0.004981040954589844 seconds
2024-12-21 16:44:05,183 - application - DEBUG - after_request_time [__init__.py:44] - view (after_request): map
2024-12-21 16:44:05,188 - application - DEBUG - after_request_time [__init__.py:44] - view (after_request): map
2024-12-21 16:44:05,191 - application - DEBUG - after_request_time [__init__.py:46] - template (after_request): None
2024-12-21 16:44:05,193 - application - DEBUG - after_request_time [__init__.py:46] - template (after_request): None
2024-12-21 16:44:05,237 - application - DEBUG - after_request_time [__init__.py:42] - Request to /favicon.ico took 0.0009260177612304688 seconds
2024-12-21 16:44:05,238 - application - DEBUG - after_request_time [__init__.py:44] - view (after_request): map
2024-12-21 16:44:05,239 - application - DEBUG - after_request_time [__init__.py:46] - template (after_request): None
2024-12-21 16:44:05,270 - application.list_utils - DEBUG - get_list_entries_for_item [list_utils.py:428] - found_entries for <Home 1>: [<UserListEntry 1>]
2024-12-21 16:44:05,275 - application.list_utils - DEBUG - get_list_entries_for_item [list_utils.py:436] - Entry: <UserListEntry 1>
2024-12-21 16:44:05,275 - application.list_utils - DEBUG - get_list_entries_for_item [list_utils.py:437] - Item Model: Home, Item ID: 1
2024-12-21 16:44:05,275 - application.list_utils - DEBUG - get_list_entries_for_item [list_utils.py:438] - User List ID: 1 User List Name: bob Homes
2024-12-21 16:44:05,275 - application.list_utils - DEBUG - get_list_entries_for_item [list_utils.py:439] - user: 1
2024-12-21 16:44:05,276 - application.list_utils - DEBUG - get_userlist [list_utils.py:308] - get_userlist(): item_model: Floor, list_name: None, parent_entry_id: 1
2024-12-21 16:44:05,280 - application.list_utils - DEBUG - get_userlist [list_utils.py:322] - lists found (model, parent): [<UserList 2>]
2024-12-21 16:44:05,281 - application.list_utils - DEBUG - get_userlist [list_utils.py:349] - len(lists) == 1: None Floor 1
2024-12-21 16:44:05,281 - application.list_utils - DEBUG - get_userlist [list_utils.py:368] - userlist.entries: [<UserListEntry 2>] List type: <class 'sqlalchemy.orm.collections.InstrumentedList'>
2024-12-21 16:44:05,281 - application.list_utils - DEBUG - get_userlist [list_utils.py:370] - List: test Floors, Order: 0
2024-12-21 16:44:05,327 - application.list_utils - DEBUG - get_userlists_by_parent [list_utils.py:273] - get_userlists_by_parent: No lists found for parent_entry_id 2
2024-12-21 16:44:05,481 - application - DEBUG - after_request_time [__init__.py:42] - Request to /show_list/ took 0.21920418739318848 seconds
2024-12-21 16:44:05,482 - application - DEBUG - after_request_time [__init__.py:44] - view (after_request): map
2024-12-21 16:44:05,482 - application - DEBUG - after_request_time [__init__.py:46] - template (after_request): lists/list.html.jinja
2024-12-21 16:44:12,560 - application.list_utils - DEBUG - get_list_entries_for_item [list_utils.py:428] - found_entries for <Home 1>: [<UserListEntry 1>]
2024-12-21 16:44:12,561 - application.list_utils - DEBUG - get_list_entries_for_item [list_utils.py:436] - Entry: <UserListEntry 1>
2024-12-21 16:44:12,562 - application.list_utils - DEBUG - get_list_entries_for_item [list_utils.py:437] - Item Model: Home, Item ID: 1
2024-12-21 16:44:12,562 - application.list_utils - DEBUG - get_list_entries_for_item [list_utils.py:438] - User List ID: 1 User List Name: bob Homes
2024-12-21 16:44:12,562 - application.list_utils - DEBUG - get_list_entries_for_item [list_utils.py:439] - user: 1
2024-12-21 16:44:12,562 - application.list_utils - DEBUG - get_userlist [list_utils.py:308] - get_userlist(): item_model: Floor, list_name: test Floors, parent_entry_id: 1
2024-12-21 16:44:12,567 - application.list_utils - DEBUG - get_userlist [list_utils.py:314] - lists found (All args): [<UserList 2>]
2024-12-21 16:44:12,567 - application.list_utils - DEBUG - get_userlist [list_utils.py:349] - len(lists) == 1: test Floors Floor 1
2024-12-21 16:44:12,567 - application.list_utils - DEBUG - get_userlist [list_utils.py:368] - userlist.entries: [<UserListEntry 2>] List type: <class 'sqlalchemy.orm.collections.InstrumentedList'>
2024-12-21 16:44:12,568 - application.list_utils - DEBUG - get_userlist [list_utils.py:370] - List: test Floors, Order: 0
2024-12-21 16:44:12,570 - application.list_utils - DEBUG - add_item_to_list [list_utils.py:59] - add_item_to_list(): user_list_id: 2, item_model: Floor, item_id: None, order: 0, name: None
2024-12-21 16:44:12,570 - application.list_utils - DEBUG - create_new_default [list_utils.py:96] - create_new_default(): item_model: Floor, name: None
2024-12-21 16:44:12,570 - application.list_utils - DEBUG - create_new_default [list_utils.py:106] - name (create_new_default):  None
2024-12-21 16:44:12,576 - application.list_utils - DEBUG - set_default_floor_name [list_utils.py:555] - floor_count: 1
2024-12-21 16:44:12,593 - application - DEBUG - after_request_time [__init__.py:42] - Request to /create/Floor took 0.03428912162780762 seconds
2024-12-21 16:44:12,593 - application - DEBUG - after_request_time [__init__.py:44] - view (after_request): map
2024-12-21 16:44:12,593 - application - DEBUG - after_request_time [__init__.py:46] - template (after_request): lists/model/floor.html.jinja
2024-12-21 16:44:14,098 - application.list_utils - DEBUG - get_list_entries_for_item [list_utils.py:428] - found_entries for <Home 1>: [<UserListEntry 1>]
2024-12-21 16:44:14,099 - application.list_utils - DEBUG - get_list_entries_for_item [list_utils.py:436] - Entry: <UserListEntry 1>
2024-12-21 16:44:14,099 - application.list_utils - DEBUG - get_list_entries_for_item [list_utils.py:437] - Item Model: Home, Item ID: 1
2024-12-21 16:44:14,099 - application.list_utils - DEBUG - get_list_entries_for_item [list_utils.py:438] - User List ID: 1 User List Name: bob Homes
2024-12-21 16:44:14,100 - application.list_utils - DEBUG - get_list_entries_for_item [list_utils.py:439] - user: 1
2024-12-21 16:44:14,100 - application.list_utils - DEBUG - get_userlist [list_utils.py:308] - get_userlist(): item_model: Floor, list_name: test Floors, parent_entry_id: 1
2024-12-21 16:44:14,101 - application.list_utils - DEBUG - get_userlist [list_utils.py:314] - lists found (All args): [<UserList 2>]
2024-12-21 16:44:14,101 - application.list_utils - DEBUG - get_userlist [list_utils.py:349] - len(lists) == 1: test Floors Floor 1
2024-12-21 16:44:14,101 - application.list_utils - DEBUG - get_userlist [list_utils.py:368] - userlist.entries: [<UserListEntry 2>, <UserListEntry 3>] List type: <class 'sqlalchemy.orm.collections.InstrumentedList'>
2024-12-21 16:44:14,101 - application.list_utils - DEBUG - get_userlist [list_utils.py:370] - List: test Floors, Order: 1
2024-12-21 16:44:14,102 - application.list_utils - DEBUG - get_userlist [list_utils.py:370] - List: test Floors, Order: 0
2024-12-21 16:44:14,102 - application.list_utils - DEBUG - add_item_to_list [list_utils.py:59] - add_item_to_list(): user_list_id: 2, item_model: Floor, item_id: None, order: None, name: Basement
2024-12-21 16:44:14,102 - application.list_utils - DEBUG - create_new_default [list_utils.py:96] - create_new_default(): item_model: Floor, name: Basement
2024-12-21 16:44:14,102 - application.list_utils - DEBUG - create_new_default [list_utils.py:106] - name (create_new_default):  Basement
2024-12-21 16:44:14,104 - application.list_utils - DEBUG - create_new_default [list_utils.py:121] - floor_name (create_new_default): Basement 1
2024-12-21 16:44:14,105 - application.list_utils - DEBUG - create_new_default [list_utils.py:121] - floor_name (create_new_default): Basement 1
2024-12-21 16:44:14,118 - application - DEBUG - after_request_time [__init__.py:42] - Request to /create/Floor took 0.02155900001525879 seconds
2024-12-21 16:44:14,118 - application - DEBUG - after_request_time [__init__.py:44] - view (after_request): map
2024-12-21 16:44:14,118 - application - DEBUG - after_request_time [__init__.py:46] - template (after_request): lists/model/floor.html.jinja
2024-12-21 16:44:15,043 - application.list_utils - DEBUG - get_list_entries_for_item [list_utils.py:428] - found_entries for <Home 1>: [<UserListEntry 1>]
2024-12-21 16:44:15,044 - application.list_utils - DEBUG - get_list_entries_for_item [list_utils.py:436] - Entry: <UserListEntry 1>
2024-12-21 16:44:15,044 - application.list_utils - DEBUG - get_list_entries_for_item [list_utils.py:437] - Item Model: Home, Item ID: 1
2024-12-21 16:44:15,044 - application.list_utils - DEBUG - get_list_entries_for_item [list_utils.py:438] - User List ID: 1 User List Name: bob Homes
2024-12-21 16:44:15,044 - application.list_utils - DEBUG - get_list_entries_for_item [list_utils.py:439] - user: 1
2024-12-21 16:44:15,045 - application.list_utils - DEBUG - get_userlist [list_utils.py:308] - get_userlist(): item_model: Floor, list_name: test Floors, parent_entry_id: 1
2024-12-21 16:44:15,046 - application.list_utils - DEBUG - get_userlist [list_utils.py:314] - lists found (All args): [<UserList 2>]
2024-12-21 16:44:15,046 - application.list_utils - DEBUG - get_userlist [list_utils.py:349] - len(lists) == 1: test Floors Floor 1
2024-12-21 16:44:15,046 - application.list_utils - DEBUG - get_userlist [list_utils.py:368] - userlist.entries: [<UserListEntry 2>, <UserListEntry 3>, <UserListEntry 4>] List type: <class 'sqlalchemy.orm.collections.InstrumentedList'>
2024-12-21 16:44:15,047 - application.list_utils - DEBUG - get_userlist [list_utils.py:370] - List: test Floors, Order: 1
2024-12-21 16:44:15,047 - application.list_utils - DEBUG - get_userlist [list_utils.py:370] - List: test Floors, Order: 0
2024-12-21 16:44:15,047 - application.list_utils - DEBUG - get_userlist [list_utils.py:370] - List: test Floors, Order: 2
2024-12-21 16:44:15,050 - application.list_utils - DEBUG - add_item_to_list [list_utils.py:59] - add_item_to_list(): user_list_id: 2, item_model: Floor, item_id: None, order: 0, name: None
2024-12-21 16:44:15,050 - application.list_utils - DEBUG - create_new_default [list_utils.py:96] - create_new_default(): item_model: Floor, name: None
2024-12-21 16:44:15,050 - application.list_utils - DEBUG - create_new_default [list_utils.py:106] - name (create_new_default):  None
2024-12-21 16:44:15,052 - application.list_utils - DEBUG - set_default_floor_name [list_utils.py:555] - floor_count: 3
2024-12-21 16:44:15,066 - application - DEBUG - after_request_time [__init__.py:42] - Request to /create/Floor took 0.025297880172729492 seconds
2024-12-21 16:44:15,066 - application - DEBUG - after_request_time [__init__.py:44] - view (after_request): map
2024-12-21 16:44:15,067 - application - DEBUG - after_request_time [__init__.py:46] - template (after_request): lists/model/floor.html.jinja
2024-12-21 16:44:23,716 - application - DEBUG - after_request_time [__init__.py:42] - Request to /update_list_order/2 took 0.007623910903930664 seconds
2024-12-21 16:44:23,717 - application - DEBUG - after_request_time [__init__.py:44] - view (after_request): map
2024-12-21 16:44:23,717 - application - DEBUG - after_request_time [__init__.py:46] - template (after_request): None
2024-12-21 16:44:26,073 - application - DEBUG - after_request_time [__init__.py:42] - Request to /update_list_order/2 took 0.007995843887329102 seconds
2024-12-21 16:44:26,073 - application - DEBUG - after_request_time [__init__.py:44] - view (after_request): map
2024-12-21 16:44:26,074 - application - DEBUG - after_request_time [__init__.py:46] - template (after_request): None
2024-12-21 16:44:36,336 - application.list_utils - DEBUG - get_userlist [list_utils.py:308] - get_userlist(): item_model: Floor, list_name: None, parent_entry_id: 3
2024-12-21 16:44:36,337 - application.list_utils - DEBUG - get_userlist [list_utils.py:322] - lists found (model, parent): []
2024-12-21 16:44:36,338 - application.list_utils - DEBUG - get_userlist [list_utils.py:333] - No lists of type Floor found for user 1
2024-12-21 16:44:36,341 - application.list_utils - DEBUG - create_user_list [list_utils.py:33] - create_user_list: new_list: <UserList (transient 4594872544)>
2024-12-21 16:44:36,353 - application - DEBUG - after_request_time [__init__.py:42] - Request to /move_entry/2 took 0.02035999298095703 seconds
2024-12-21 16:44:36,354 - application - DEBUG - after_request_time [__init__.py:44] - view (after_request): map
2024-12-21 16:44:36,354 - application - DEBUG - after_request_time [__init__.py:46] - template (after_request): None
2024-12-21 16:44:37,345 - application - DEBUG - after_request_time [__init__.py:42] - Request to /update_list_order/2 took 0.007241964340209961 seconds
2024-12-21 16:44:37,346 - application - DEBUG - after_request_time [__init__.py:44] - view (after_request): map
2024-12-21 16:44:37,346 - application - DEBUG - after_request_time [__init__.py:46] - template (after_request): None
