2024-12-23 11:50:34,959 - logs.logging_config - DEBUG - configure_logging [logging_config.py:178] - Application logging configured
2024-12-23 11:50:34,960 - logs.logging_config - INFO - configure_logging [logging_config.py:187] - Application started in production environment
2024-12-23 11:50:34,961 - application - DEBUG - create_app [__init__.py:28] - test2
2024-12-23 11:50:35,858 - application - DEBUG - after_request_time [__init__.py:42] - Request to / took 0.010213851928710938 seconds
2024-12-23 11:50:35,859 - application - DEBUG - after_request_time [__init__.py:44] - view (after_request): room
2024-12-23 11:50:35,860 - application - DEBUG - after_request_time [__init__.py:46] - template (after_request): None
2024-12-23 11:50:36,051 - application - DEBUG - after_request_time [__init__.py:42] - Request to /map/ took 0.14595484733581543 seconds
2024-12-23 11:50:36,051 - application - DEBUG - after_request_time [__init__.py:44] - view (after_request): map
2024-12-23 11:50:36,051 - application - DEBUG - after_request_time [__init__.py:46] - template (after_request): map/index.html.jinja
2024-12-23 11:50:36,145 - application - DEBUG - after_request_time [__init__.py:42] - Request to /static/css/main.css took 0.010179996490478516 seconds
2024-12-23 11:50:36,148 - application - DEBUG - after_request_time [__init__.py:44] - view (after_request): map
2024-12-23 11:50:36,149 - application - DEBUG - after_request_time [__init__.py:46] - template (after_request): None
2024-12-23 11:50:36,150 - application - DEBUG - after_request_time [__init__.py:42] - Request to /static/js/bundle.js took 0.0076580047607421875 seconds
2024-12-23 11:50:36,153 - application - DEBUG - after_request_time [__init__.py:44] - view (after_request): map
2024-12-23 11:50:36,153 - application - DEBUG - after_request_time [__init__.py:46] - template (after_request): None
2024-12-23 11:50:36,202 - application - DEBUG - after_request_time [__init__.py:42] - Request to /static/css/color-mode.css took 0.0062940120697021484 seconds
2024-12-23 11:50:36,205 - application - DEBUG - after_request_time [__init__.py:44] - view (after_request): map
2024-12-23 11:50:36,207 - application - DEBUG - after_request_time [__init__.py:42] - Request to /static/css/flash-message.css took 0.007351875305175781 seconds
2024-12-23 11:50:36,208 - application - DEBUG - after_request_time [__init__.py:46] - template (after_request): None
2024-12-23 11:50:36,209 - application - DEBUG - after_request_time [__init__.py:44] - view (after_request): map
2024-12-23 11:50:36,211 - application - DEBUG - after_request_time [__init__.py:42] - Request to /static/css/typography.css took 0.002043008804321289 seconds
2024-12-23 11:50:36,212 - application - DEBUG - after_request_time [__init__.py:42] - Request to /static/css/sortables.css took 0.0025551319122314453 seconds
2024-12-23 11:50:36,213 - application - DEBUG - after_request_time [__init__.py:46] - template (after_request): None
2024-12-23 11:50:36,214 - application - DEBUG - after_request_time [__init__.py:44] - view (after_request): map
2024-12-23 11:50:36,215 - application - DEBUG - after_request_time [__init__.py:44] - view (after_request): map
2024-12-23 11:50:36,218 - application - DEBUG - after_request_time [__init__.py:46] - template (after_request): None
2024-12-23 11:50:36,218 - application - DEBUG - after_request_time [__init__.py:46] - template (after_request): None
2024-12-23 11:50:36,481 - application - DEBUG - after_request_time [__init__.py:42] - Request to /show_list/ took 0.2026078701019287 seconds
2024-12-23 11:50:36,482 - application - DEBUG - after_request_time [__init__.py:44] - view (after_request): map
2024-12-23 11:50:36,483 - application - DEBUG - after_request_time [__init__.py:46] - template (after_request): lists/list.html.jinja
2024-12-23 11:50:36,492 - application - DEBUG - after_request_time [__init__.py:42] - Request to /show_list/ took 0.20840120315551758 seconds
2024-12-23 11:50:36,493 - application - DEBUG - after_request_time [__init__.py:44] - view (after_request): map
2024-12-23 11:50:36,495 - application - DEBUG - after_request_time [__init__.py:46] - template (after_request): lists/list.html.jinja
2024-12-23 11:50:36,695 - application - DEBUG - after_request_time [__init__.py:42] - Request to /show_photo_entry/8 took 0.11774778366088867 seconds
2024-12-23 11:50:36,696 - application - DEBUG - after_request_time [__init__.py:44] - view (after_request): map
2024-12-23 11:50:36,698 - application - DEBUG - after_request_time [__init__.py:46] - template (after_request): lists/model/photo.html.jinja
2024-12-23 11:50:36,718 - application - DEBUG - after_request_time [__init__.py:42] - Request to /static/defaults/generic_room.jpg took 0.0014469623565673828 seconds
2024-12-23 11:50:36,719 - application - DEBUG - after_request_time [__init__.py:44] - view (after_request): map
2024-12-23 11:50:36,720 - application - DEBUG - after_request_time [__init__.py:46] - template (after_request): None
2024-12-23 11:50:36,889 - application - DEBUG - after_request_time [__init__.py:42] - Request to /show_list/ took 0.6038901805877686 seconds
2024-12-23 11:50:36,890 - application - DEBUG - after_request_time [__init__.py:44] - view (after_request): map
2024-12-23 11:50:36,891 - application - DEBUG - after_request_time [__init__.py:46] - template (after_request): lists/list.html.jinja
2024-12-23 11:50:36,941 - application - DEBUG - after_request_time [__init__.py:42] - Request to /show_list/21 took 0.19425606727600098 seconds
2024-12-23 11:50:36,942 - application - DEBUG - after_request_time [__init__.py:44] - view (after_request): map
2024-12-23 11:50:36,942 - application - DEBUG - after_request_time [__init__.py:46] - template (after_request): lists/list.html.jinja
2024-12-23 11:50:39,085 - application - DEBUG - after_request_time [__init__.py:42] - Request to /walkthrough/Bedroom 1/room took 0.008901119232177734 seconds
2024-12-23 11:50:39,085 - application - DEBUG - after_request_time [__init__.py:44] - view (after_request): room
2024-12-23 11:50:39,086 - application - DEBUG - after_request_time [__init__.py:46] - template (after_request): None
2024-12-23 11:50:39,102 - application - DEBUG - after_request_time [__init__.py:42] - Request to /walkthrough/steps took 0.005326986312866211 seconds
2024-12-23 11:50:39,103 - application - DEBUG - after_request_time [__init__.py:44] - view (after_request): room
2024-12-23 11:50:39,103 - application - DEBUG - after_request_time [__init__.py:46] - template (after_request): walkthrough/index.html.jinja
2024-12-23 11:50:39,275 - application - DEBUG - after_request_time [__init__.py:42] - Request to /static/js/bundle.js took 0.0009047985076904297 seconds
2024-12-23 11:50:39,275 - application - DEBUG - after_request_time [__init__.py:44] - view (after_request): room
2024-12-23 11:50:39,275 - application - DEBUG - after_request_time [__init__.py:46] - template (after_request): None
2024-12-23 11:50:39,284 - application - DEBUG - after_request_time [__init__.py:42] - Request to /static/css/main.css took 0.0009920597076416016 seconds
2024-12-23 11:50:39,284 - application - DEBUG - after_request_time [__init__.py:44] - view (after_request): room
2024-12-23 11:50:39,285 - application - DEBUG - after_request_time [__init__.py:46] - template (after_request): None
2024-12-23 11:50:39,354 - application - DEBUG - after_request_time [__init__.py:42] - Request to /static/css/color-mode.css took 0.0026941299438476562 seconds
2024-12-23 11:50:39,357 - application - DEBUG - after_request_time [__init__.py:44] - view (after_request): room
2024-12-23 11:50:39,359 - application - DEBUG - after_request_time [__init__.py:42] - Request to /static/css/typography.css took 0.0022611618041992188 seconds
2024-12-23 11:50:39,359 - application - DEBUG - after_request_time [__init__.py:46] - template (after_request): None
2024-12-23 11:50:39,360 - application - DEBUG - after_request_time [__init__.py:42] - Request to /static/css/flash-message.css took 0.003927707672119141 seconds
2024-12-23 11:50:39,361 - application - DEBUG - after_request_time [__init__.py:44] - view (after_request): room
2024-12-23 11:50:39,361 - application - DEBUG - after_request_time [__init__.py:42] - Request to /static/css/sortables.css took 0.0008633136749267578 seconds
2024-12-23 11:50:39,362 - application - DEBUG - after_request_time [__init__.py:44] - view (after_request): room
2024-12-23 11:50:39,363 - application - DEBUG - after_request_time [__init__.py:46] - template (after_request): None
2024-12-23 11:50:39,364 - application - DEBUG - after_request_time [__init__.py:44] - view (after_request): room
2024-12-23 11:50:39,364 - application - DEBUG - after_request_time [__init__.py:46] - template (after_request): None
2024-12-23 11:50:39,367 - application - DEBUG - after_request_time [__init__.py:46] - template (after_request): None
2024-12-23 11:50:39,637 - application - DEBUG - after_request_time [__init__.py:42] - Request to /walkthrough/steps took 0.025391101837158203 seconds
2024-12-23 11:50:39,638 - application - DEBUG - after_request_time [__init__.py:44] - view (after_request): room
2024-12-23 11:50:39,639 - application - DEBUG - after_request_time [__init__.py:46] - template (after_request): walkthrough/parts/room.html.jinja
2024-12-23 11:50:39,661 - application - DEBUG - after_request_time [__init__.py:42] - Request to /show_list/ took 0.05723214149475098 seconds
2024-12-23 11:50:39,662 - application - DEBUG - after_request_time [__init__.py:44] - view (after_request): room
2024-12-23 11:50:39,664 - application - DEBUG - after_request_time [__init__.py:46] - template (after_request): lists/list.html.jinja
2024-12-23 11:50:39,670 - application - DEBUG - after_request_time [__init__.py:42] - Request to /show_list/ took 0.06791114807128906 seconds
2024-12-23 11:50:39,671 - application - DEBUG - after_request_time [__init__.py:44] - view (after_request): room
2024-12-23 11:50:39,672 - application - DEBUG - after_request_time [__init__.py:46] - template (after_request): lists/list.html.jinja
2024-12-23 11:50:39,697 - application - DEBUG - after_request_time [__init__.py:42] - Request to /favicon.ico took 0.0010318756103515625 seconds
2024-12-23 11:50:39,697 - application - DEBUG - after_request_time [__init__.py:44] - view (after_request): room
2024-12-23 11:50:39,698 - application - DEBUG - after_request_time [__init__.py:46] - template (after_request): None
2024-12-23 11:50:39,828 - application - DEBUG - after_request_time [__init__.py:42] - Request to /show_photo_entry/8 took 0.025346994400024414 seconds
2024-12-23 11:50:39,828 - application - DEBUG - after_request_time [__init__.py:44] - view (after_request): room
2024-12-23 11:50:39,829 - application - DEBUG - after_request_time [__init__.py:46] - template (after_request): lists/model/photo.html.jinja
2024-12-23 11:50:39,890 - application - DEBUG - after_request_time [__init__.py:42] - Request to /static/defaults/generic_room.jpg took 0.003902912139892578 seconds
2024-12-23 11:50:39,891 - application - DEBUG - after_request_time [__init__.py:44] - view (after_request): room
2024-12-23 11:50:39,894 - application - DEBUG - after_request_time [__init__.py:46] - template (after_request): None
2024-12-23 11:50:39,911 - application - DEBUG - after_request_time [__init__.py:42] - Request to /show_list/ took 0.10348701477050781 seconds
2024-12-23 11:50:39,912 - application - DEBUG - after_request_time [__init__.py:44] - view (after_request): room
2024-12-23 11:50:39,913 - application - DEBUG - after_request_time [__init__.py:46] - template (after_request): lists/list.html.jinja
2024-12-23 11:50:39,971 - application - DEBUG - after_request_time [__init__.py:42] - Request to /show_list/21 took 0.08590006828308105 seconds
2024-12-23 11:50:39,971 - application - DEBUG - after_request_time [__init__.py:44] - view (after_request): room
2024-12-23 11:50:39,972 - application - DEBUG - after_request_time [__init__.py:46] - template (after_request): lists/list.html.jinja
2024-12-23 11:51:06,499 - application - DEBUG - after_request_time [__init__.py:42] - Request to /walkthrough/Bedroom 1/room took 0.006223201751708984 seconds
2024-12-23 11:51:06,499 - application - DEBUG - after_request_time [__init__.py:44] - view (after_request): room
2024-12-23 11:51:06,499 - application - DEBUG - after_request_time [__init__.py:46] - template (after_request): None
2024-12-23 11:51:06,520 - application - DEBUG - after_request_time [__init__.py:42] - Request to /walkthrough/steps took 0.003690004348754883 seconds
2024-12-23 11:51:06,521 - application - DEBUG - after_request_time [__init__.py:44] - view (after_request): room
2024-12-23 11:51:06,521 - application - DEBUG - after_request_time [__init__.py:46] - template (after_request): walkthrough/index.html.jinja
2024-12-23 11:51:06,714 - application - DEBUG - after_request_time [__init__.py:42] - Request to /static/css/main.css took 0.001215219497680664 seconds
2024-12-23 11:51:06,714 - application - DEBUG - after_request_time [__init__.py:44] - view (after_request): room
2024-12-23 11:51:06,714 - application - DEBUG - after_request_time [__init__.py:46] - template (after_request): None
2024-12-23 11:51:06,727 - application - DEBUG - after_request_time [__init__.py:42] - Request to /static/js/bundle.js took 0.0006577968597412109 seconds
2024-12-23 11:51:06,728 - application - DEBUG - after_request_time [__init__.py:44] - view (after_request): room
2024-12-23 11:51:06,728 - application - DEBUG - after_request_time [__init__.py:46] - template (after_request): None
2024-12-23 11:51:06,805 - application - DEBUG - after_request_time [__init__.py:42] - Request to /static/css/color-mode.css took 0.0014679431915283203 seconds
2024-12-23 11:51:06,807 - application - DEBUG - after_request_time [__init__.py:44] - view (after_request): room
2024-12-23 11:51:06,810 - application - DEBUG - after_request_time [__init__.py:42] - Request to /static/css/flash-message.css took 0.005609989166259766 seconds
2024-12-23 11:51:06,812 - application - DEBUG - after_request_time [__init__.py:46] - template (after_request): None
2024-12-23 11:51:06,813 - application - DEBUG - after_request_time [__init__.py:42] - Request to /static/css/typography.css took 0.0023190975189208984 seconds
2024-12-23 11:51:06,815 - application - DEBUG - after_request_time [__init__.py:42] - Request to /static/css/sortables.css took 0.0035698413848876953 seconds
2024-12-23 11:51:06,815 - application - DEBUG - after_request_time [__init__.py:44] - view (after_request): room
2024-12-23 11:51:06,817 - application - DEBUG - after_request_time [__init__.py:44] - view (after_request): room
2024-12-23 11:51:06,819 - application - DEBUG - after_request_time [__init__.py:44] - view (after_request): room
2024-12-23 11:51:06,819 - application - DEBUG - after_request_time [__init__.py:46] - template (after_request): None
2024-12-23 11:51:06,820 - application - DEBUG - after_request_time [__init__.py:46] - template (after_request): None
2024-12-23 11:51:06,821 - application - DEBUG - after_request_time [__init__.py:46] - template (after_request): None
2024-12-23 11:51:07,071 - application - DEBUG - after_request_time [__init__.py:42] - Request to /walkthrough/steps took 0.015755891799926758 seconds
2024-12-23 11:51:07,075 - application - DEBUG - after_request_time [__init__.py:44] - view (after_request): room
2024-12-23 11:51:07,080 - application - DEBUG - after_request_time [__init__.py:46] - template (after_request): walkthrough/parts/room.html.jinja
2024-12-23 11:51:07,100 - application - DEBUG - after_request_time [__init__.py:42] - Request to /show_list/ took 0.06661510467529297 seconds
2024-12-23 11:51:07,102 - application - DEBUG - after_request_time [__init__.py:44] - view (after_request): room
2024-12-23 11:51:07,104 - application - DEBUG - after_request_time [__init__.py:42] - Request to /show_list/ took 0.04941415786743164 seconds
2024-12-23 11:51:07,104 - application - DEBUG - after_request_time [__init__.py:46] - template (after_request): lists/list.html.jinja
2024-12-23 11:51:07,104 - application - DEBUG - after_request_time [__init__.py:44] - view (after_request): room
2024-12-23 11:51:07,106 - application - DEBUG - after_request_time [__init__.py:46] - template (after_request): lists/list.html.jinja
2024-12-23 11:51:07,435 - application - DEBUG - after_request_time [__init__.py:42] - Request to /show_photo_entry/8 took 0.02554488182067871 seconds
2024-12-23 11:51:07,436 - application - DEBUG - after_request_time [__init__.py:44] - view (after_request): room
2024-12-23 11:51:07,437 - application - DEBUG - after_request_time [__init__.py:46] - template (after_request): lists/model/photo.html.jinja
2024-12-23 11:51:07,506 - application - DEBUG - after_request_time [__init__.py:42] - Request to /show_list/ took 0.09120821952819824 seconds
2024-12-23 11:51:07,506 - application - DEBUG - after_request_time [__init__.py:44] - view (after_request): room
2024-12-23 11:51:07,507 - application - DEBUG - after_request_time [__init__.py:46] - template (after_request): lists/list.html.jinja
2024-12-23 11:51:07,529 - application - DEBUG - after_request_time [__init__.py:42] - Request to /static/defaults/generic_room.jpg took 0.0024061203002929688 seconds
2024-12-23 11:51:07,530 - application - DEBUG - after_request_time [__init__.py:44] - view (after_request): room
2024-12-23 11:51:07,530 - application - DEBUG - after_request_time [__init__.py:46] - template (after_request): None
2024-12-23 11:51:07,623 - application - DEBUG - after_request_time [__init__.py:42] - Request to /show_list/21 took 0.0752570629119873 seconds
2024-12-23 11:51:07,623 - application - DEBUG - after_request_time [__init__.py:44] - view (after_request): room
2024-12-23 11:51:07,624 - application - DEBUG - after_request_time [__init__.py:46] - template (after_request): lists/list.html.jinja
2024-12-23 11:51:10,209 - application - DEBUG - after_request_time [__init__.py:42] - Request to /create/Pin/21 took 0.019330739974975586 seconds
2024-12-23 11:51:10,209 - application - DEBUG - after_request_time [__init__.py:44] - view (after_request): room
2024-12-23 11:51:10,210 - application - DEBUG - after_request_time [__init__.py:46] - template (after_request): lists/model/pin.html.jinja
2024-12-23 11:51:11,322 - application - DEBUG - after_request_time [__init__.py:42] - Request to /update_list_order/21 took 0.12830018997192383 seconds
2024-12-23 11:51:11,324 - application - DEBUG - after_request_time [__init__.py:44] - view (after_request): room
2024-12-23 11:51:11,325 - application - DEBUG - after_request_time [__init__.py:42] - Request to /update_list_order/41 took 0.12604713439941406 seconds
2024-12-23 11:51:11,326 - application - DEBUG - after_request_time [__init__.py:46] - template (after_request): None
2024-12-23 11:51:11,326 - application - DEBUG - after_request_time [__init__.py:44] - view (after_request): room
2024-12-23 11:51:11,329 - application - DEBUG - after_request_time [__init__.py:46] - template (after_request): None
2024-12-23 11:51:14,292 - application - DEBUG - after_request_time [__init__.py:42] - Request to /update_list_order/21 took 0.05911684036254883 seconds
2024-12-23 11:51:14,292 - application - DEBUG - after_request_time [__init__.py:44] - view (after_request): room
2024-12-23 11:51:14,293 - application - DEBUG - after_request_time [__init__.py:46] - template (after_request): None
2024-12-23 11:51:16,558 - application - DEBUG - after_request_time [__init__.py:42] - Request to /walkthrough/Bedroom 1/room took 0.0062999725341796875 seconds
2024-12-23 11:51:16,558 - application - DEBUG - after_request_time [__init__.py:44] - view (after_request): room
2024-12-23 11:51:16,558 - application - DEBUG - after_request_time [__init__.py:46] - template (after_request): None
2024-12-23 11:51:16,572 - application - DEBUG - after_request_time [__init__.py:42] - Request to /walkthrough/steps took 0.0028460025787353516 seconds
2024-12-23 11:51:16,572 - application - DEBUG - after_request_time [__init__.py:44] - view (after_request): room
2024-12-23 11:51:16,573 - application - DEBUG - after_request_time [__init__.py:46] - template (after_request): walkthrough/index.html.jinja
2024-12-23 11:51:16,724 - application - DEBUG - after_request_time [__init__.py:42] - Request to /static/css/main.css took 0.0009129047393798828 seconds
2024-12-23 11:51:16,724 - application - DEBUG - after_request_time [__init__.py:44] - view (after_request): room
2024-12-23 11:51:16,724 - application - DEBUG - after_request_time [__init__.py:46] - template (after_request): None
2024-12-23 11:51:16,731 - application - DEBUG - after_request_time [__init__.py:42] - Request to /static/js/bundle.js took 0.002402782440185547 seconds
2024-12-23 11:51:16,732 - application - DEBUG - after_request_time [__init__.py:44] - view (after_request): room
2024-12-23 11:51:16,733 - application - DEBUG - after_request_time [__init__.py:46] - template (after_request): None
2024-12-23 11:51:16,798 - application - DEBUG - after_request_time [__init__.py:42] - Request to /static/css/flash-message.css took 0.0046329498291015625 seconds
2024-12-23 11:51:16,799 - application - DEBUG - after_request_time [__init__.py:42] - Request to /static/css/typography.css took 0.004347085952758789 seconds
2024-12-23 11:51:16,800 - application - DEBUG - after_request_time [__init__.py:42] - Request to /static/css/color-mode.css took 0.008588075637817383 seconds
2024-12-23 11:51:16,801 - application - DEBUG - after_request_time [__init__.py:42] - Request to /static/css/sortables.css took 0.0034341812133789062 seconds
2024-12-23 11:51:16,801 - application - DEBUG - after_request_time [__init__.py:44] - view (after_request): room
2024-12-23 11:51:16,801 - application - DEBUG - after_request_time [__init__.py:44] - view (after_request): room
2024-12-23 11:51:16,801 - application - DEBUG - after_request_time [__init__.py:44] - view (after_request): room
2024-12-23 11:51:16,801 - application - DEBUG - after_request_time [__init__.py:44] - view (after_request): room
2024-12-23 11:51:16,802 - application - DEBUG - after_request_time [__init__.py:46] - template (after_request): None
2024-12-23 11:51:16,802 - application - DEBUG - after_request_time [__init__.py:46] - template (after_request): None
2024-12-23 11:51:16,802 - application - DEBUG - after_request_time [__init__.py:46] - template (after_request): None
2024-12-23 11:51:16,803 - application - DEBUG - after_request_time [__init__.py:46] - template (after_request): None
2024-12-23 11:51:16,971 - application - DEBUG - after_request_time [__init__.py:42] - Request to /walkthrough/steps took 0.010454893112182617 seconds
2024-12-23 11:51:16,973 - application - DEBUG - after_request_time [__init__.py:44] - view (after_request): room
2024-12-23 11:51:16,974 - application - DEBUG - after_request_time [__init__.py:46] - template (after_request): walkthrough/parts/room.html.jinja
2024-12-23 11:51:16,993 - application - DEBUG - after_request_time [__init__.py:42] - Request to /show_list/ took 0.03452587127685547 seconds
2024-12-23 11:51:16,995 - application - DEBUG - after_request_time [__init__.py:44] - view (after_request): room
2024-12-23 11:51:16,997 - application - DEBUG - after_request_time [__init__.py:42] - Request to /show_list/ took 0.050084829330444336 seconds
2024-12-23 11:51:16,998 - application - DEBUG - after_request_time [__init__.py:46] - template (after_request): lists/list.html.jinja
2024-12-23 11:51:16,998 - application - DEBUG - after_request_time [__init__.py:44] - view (after_request): room
2024-12-23 11:51:17,000 - application - DEBUG - after_request_time [__init__.py:46] - template (after_request): lists/list.html.jinja
2024-12-23 11:51:17,287 - application - DEBUG - after_request_time [__init__.py:42] - Request to /show_photo_entry/8 took 0.01864910125732422 seconds
2024-12-23 11:51:17,288 - application - DEBUG - after_request_time [__init__.py:44] - view (after_request): room
2024-12-23 11:51:17,289 - application - DEBUG - after_request_time [__init__.py:46] - template (after_request): lists/model/photo.html.jinja
2024-12-23 11:51:17,342 - application - DEBUG - after_request_time [__init__.py:42] - Request to /static/defaults/generic_room.jpg took 0.0018489360809326172 seconds
2024-12-23 11:51:17,344 - application - DEBUG - after_request_time [__init__.py:44] - view (after_request): room
2024-12-23 11:51:17,346 - application - DEBUG - after_request_time [__init__.py:46] - template (after_request): None
2024-12-23 11:51:17,368 - application - DEBUG - after_request_time [__init__.py:42] - Request to /show_list/ took 0.09337115287780762 seconds
2024-12-23 11:51:17,369 - application - DEBUG - after_request_time [__init__.py:44] - view (after_request): room
2024-12-23 11:51:17,370 - application - DEBUG - after_request_time [__init__.py:46] - template (after_request): lists/list.html.jinja
2024-12-23 11:51:17,429 - application - DEBUG - after_request_time [__init__.py:42] - Request to /show_list/21 took 0.07251214981079102 seconds
2024-12-23 11:51:17,430 - application - DEBUG - after_request_time [__init__.py:44] - view (after_request): room
2024-12-23 11:51:17,430 - application - DEBUG - after_request_time [__init__.py:46] - template (after_request): lists/list.html.jinja
2024-12-23 11:51:34,627 - application - DEBUG - after_request_time [__init__.py:42] - Request to /walkthrough/Bedroom 1/room took 0.008732080459594727 seconds
2024-12-23 11:51:34,627 - application - DEBUG - after_request_time [__init__.py:44] - view (after_request): room
2024-12-23 11:51:34,628 - application - DEBUG - after_request_time [__init__.py:46] - template (after_request): None
2024-12-23 11:51:34,651 - application - DEBUG - after_request_time [__init__.py:42] - Request to /walkthrough/steps took 0.005982160568237305 seconds
2024-12-23 11:51:34,651 - application - DEBUG - after_request_time [__init__.py:44] - view (after_request): room
2024-12-23 11:51:34,652 - application - DEBUG - after_request_time [__init__.py:46] - template (after_request): walkthrough/index.html.jinja
2024-12-23 11:51:34,876 - application - DEBUG - after_request_time [__init__.py:42] - Request to /static/css/main.css took 0.001428842544555664 seconds
2024-12-23 11:51:34,877 - application - DEBUG - after_request_time [__init__.py:44] - view (after_request): room
2024-12-23 11:51:34,877 - application - DEBUG - after_request_time [__init__.py:46] - template (after_request): None
2024-12-23 11:51:34,890 - application - DEBUG - after_request_time [__init__.py:42] - Request to /static/js/bundle.js took 0.0008780956268310547 seconds
2024-12-23 11:51:34,892 - application - DEBUG - after_request_time [__init__.py:44] - view (after_request): room
2024-12-23 11:51:34,892 - application - DEBUG - after_request_time [__init__.py:46] - template (after_request): None
2024-12-23 11:51:35,024 - application - DEBUG - after_request_time [__init__.py:42] - Request to /static/css/color-mode.css took 0.0020859241485595703 seconds
2024-12-23 11:51:35,030 - application - DEBUG - after_request_time [__init__.py:44] - view (after_request): room
2024-12-23 11:51:35,032 - application - DEBUG - after_request_time [__init__.py:42] - Request to /static/css/flash-message.css took 0.0022118091583251953 seconds
2024-12-23 11:51:35,038 - application - DEBUG - after_request_time [__init__.py:46] - template (after_request): None
2024-12-23 11:51:35,039 - application - DEBUG - after_request_time [__init__.py:42] - Request to /static/css/typography.css took 0.006903171539306641 seconds
2024-12-23 11:51:35,042 - application - DEBUG - after_request_time [__init__.py:42] - Request to /static/css/sortables.css took 0.004849910736083984 seconds
2024-12-23 11:51:35,043 - application - DEBUG - after_request_time [__init__.py:44] - view (after_request): room
2024-12-23 11:51:35,044 - application - DEBUG - after_request_time [__init__.py:44] - view (after_request): room
2024-12-23 11:51:35,045 - application - DEBUG - after_request_time [__init__.py:44] - view (after_request): room
2024-12-23 11:51:35,045 - application - DEBUG - after_request_time [__init__.py:46] - template (after_request): None
2024-12-23 11:51:35,046 - application - DEBUG - after_request_time [__init__.py:46] - template (after_request): None
2024-12-23 11:51:35,046 - application - DEBUG - after_request_time [__init__.py:46] - template (after_request): None
2024-12-23 11:51:35,279 - application - DEBUG - after_request_time [__init__.py:42] - Request to /walkthrough/steps took 0.012996196746826172 seconds
2024-12-23 11:51:35,280 - application - DEBUG - after_request_time [__init__.py:44] - view (after_request): room
2024-12-23 11:51:35,283 - application - DEBUG - after_request_time [__init__.py:46] - template (after_request): walkthrough/parts/room.html.jinja
2024-12-23 11:51:35,305 - application - DEBUG - after_request_time [__init__.py:42] - Request to /show_list/ took 0.0453639030456543 seconds
2024-12-23 11:51:35,306 - application - DEBUG - after_request_time [__init__.py:44] - view (after_request): room
2024-12-23 11:51:35,307 - application - DEBUG - after_request_time [__init__.py:42] - Request to /show_list/ took 0.05737185478210449 seconds
2024-12-23 11:51:35,307 - application - DEBUG - after_request_time [__init__.py:46] - template (after_request): lists/list.html.jinja
2024-12-23 11:51:35,308 - application - DEBUG - after_request_time [__init__.py:44] - view (after_request): room
2024-12-23 11:51:35,309 - application - DEBUG - after_request_time [__init__.py:46] - template (after_request): lists/list.html.jinja
2024-12-23 11:51:35,635 - application - DEBUG - after_request_time [__init__.py:42] - Request to /show_photo_entry/8 took 0.01371908187866211 seconds
2024-12-23 11:51:35,636 - application - DEBUG - after_request_time [__init__.py:44] - view (after_request): room
2024-12-23 11:51:35,650 - application - DEBUG - after_request_time [__init__.py:46] - template (after_request): lists/model/photo.html.jinja
2024-12-23 11:51:35,730 - application - DEBUG - after_request_time [__init__.py:42] - Request to /show_list/ took 0.09363293647766113 seconds
2024-12-23 11:51:35,731 - application - DEBUG - after_request_time [__init__.py:44] - view (after_request): room
2024-12-23 11:51:35,732 - application - DEBUG - after_request_time [__init__.py:46] - template (after_request): lists/list.html.jinja
2024-12-23 11:51:35,818 - application - DEBUG - after_request_time [__init__.py:42] - Request to /static/defaults/generic_room.jpg took 0.004855155944824219 seconds
2024-12-23 11:51:35,819 - application - DEBUG - after_request_time [__init__.py:44] - view (after_request): room
2024-12-23 11:51:35,820 - application - DEBUG - after_request_time [__init__.py:46] - template (after_request): None
2024-12-23 11:51:35,889 - application - DEBUG - after_request_time [__init__.py:42] - Request to /show_list/21 took 0.07347369194030762 seconds
2024-12-23 11:51:35,890 - application - DEBUG - after_request_time [__init__.py:44] - view (after_request): room
2024-12-23 11:51:35,891 - application - DEBUG - after_request_time [__init__.py:46] - template (after_request): lists/list.html.jinja
2024-12-23 11:51:41,975 - application - DEBUG - after_request_time [__init__.py:42] - Request to /create/Pin/21 took 0.015459775924682617 seconds
2024-12-23 11:51:41,975 - application - DEBUG - after_request_time [__init__.py:44] - view (after_request): room
2024-12-23 11:51:41,975 - application - DEBUG - after_request_time [__init__.py:46] - template (after_request): lists/model/pin.html.jinja
2024-12-23 11:51:43,110 - application - DEBUG - after_request_time [__init__.py:42] - Request to /update_list_order/41 took 0.14334893226623535 seconds
2024-12-23 11:51:43,111 - application - DEBUG - after_request_time [__init__.py:44] - view (after_request): room
2024-12-23 11:51:43,111 - application - DEBUG - after_request_time [__init__.py:46] - template (after_request): None
2024-12-23 11:51:43,117 - application - DEBUG - after_request_time [__init__.py:42] - Request to /update_list_order/21 took 0.15480399131774902 seconds
2024-12-23 11:51:43,118 - application - DEBUG - after_request_time [__init__.py:44] - view (after_request): room
2024-12-23 11:51:43,118 - application - DEBUG - after_request_time [__init__.py:46] - template (after_request): None
2024-12-23 11:51:44,763 - application - DEBUG - after_request_time [__init__.py:42] - Request to /update_list_order/21 took 0.07188105583190918 seconds
2024-12-23 11:51:44,763 - application - DEBUG - after_request_time [__init__.py:44] - view (after_request): room
2024-12-23 11:51:44,763 - application - DEBUG - after_request_time [__init__.py:46] - template (after_request): None
2024-12-23 11:51:49,377 - application - DEBUG - after_request_time [__init__.py:42] - Request to /create/Pin/21 took 0.014653921127319336 seconds
2024-12-23 11:51:49,377 - application - DEBUG - after_request_time [__init__.py:44] - view (after_request): room
2024-12-23 11:51:49,377 - application - DEBUG - after_request_time [__init__.py:46] - template (after_request): lists/model/pin.html.jinja
2024-12-23 11:51:50,493 - application - DEBUG - after_request_time [__init__.py:42] - Request to /update_list_order/41 took 0.12496089935302734 seconds
2024-12-23 11:51:50,494 - application - DEBUG - after_request_time [__init__.py:42] - Request to /update_list_order/21 took 0.13188409805297852 seconds
2024-12-23 11:51:50,494 - application - DEBUG - after_request_time [__init__.py:44] - view (after_request): room
2024-12-23 11:51:50,494 - application - DEBUG - after_request_time [__init__.py:44] - view (after_request): room
2024-12-23 11:51:50,494 - application - DEBUG - after_request_time [__init__.py:46] - template (after_request): None
2024-12-23 11:51:50,495 - application - DEBUG - after_request_time [__init__.py:46] - template (after_request): None
2024-12-23 11:51:52,514 - application - DEBUG - after_request_time [__init__.py:42] - Request to /create/Pin/21 took 0.013077020645141602 seconds
2024-12-23 11:51:52,514 - application - DEBUG - after_request_time [__init__.py:44] - view (after_request): room
2024-12-23 11:51:52,515 - application - DEBUG - after_request_time [__init__.py:46] - template (after_request): lists/model/pin.html.jinja
2024-12-23 11:51:53,661 - application - DEBUG - after_request_time [__init__.py:42] - Request to /update_list_order/21 took 0.11436796188354492 seconds
2024-12-23 11:51:53,662 - application - DEBUG - after_request_time [__init__.py:42] - Request to /update_list_order/41 took 0.11059784889221191 seconds
2024-12-23 11:51:53,662 - application - DEBUG - after_request_time [__init__.py:44] - view (after_request): room
2024-12-23 11:51:53,662 - application - DEBUG - after_request_time [__init__.py:44] - view (after_request): room
2024-12-23 11:51:53,662 - application - DEBUG - after_request_time [__init__.py:46] - template (after_request): None
2024-12-23 11:51:53,662 - application - DEBUG - after_request_time [__init__.py:46] - template (after_request): None
2024-12-23 11:52:21,393 - application - DEBUG - after_request_time [__init__.py:42] - Request to /walkthrough/Bedroom 1/room took 0.00580286979675293 seconds
2024-12-23 11:52:21,393 - application - DEBUG - after_request_time [__init__.py:44] - view (after_request): room
2024-12-23 11:52:21,393 - application - DEBUG - after_request_time [__init__.py:46] - template (after_request): None
2024-12-23 11:52:21,422 - application - DEBUG - after_request_time [__init__.py:42] - Request to /walkthrough/steps took 0.004253864288330078 seconds
2024-12-23 11:52:21,422 - application - DEBUG - after_request_time [__init__.py:44] - view (after_request): room
2024-12-23 11:52:21,423 - application - DEBUG - after_request_time [__init__.py:46] - template (after_request): walkthrough/index.html.jinja
2024-12-23 11:52:21,624 - application - DEBUG - after_request_time [__init__.py:42] - Request to /static/css/main.css took 0.00074005126953125 seconds
2024-12-23 11:52:21,625 - application - DEBUG - after_request_time [__init__.py:44] - view (after_request): room
2024-12-23 11:52:21,625 - application - DEBUG - after_request_time [__init__.py:46] - template (after_request): None
2024-12-23 11:52:21,630 - application - DEBUG - after_request_time [__init__.py:42] - Request to /static/js/bundle.js took 0.0009989738464355469 seconds
2024-12-23 11:52:21,632 - application - DEBUG - after_request_time [__init__.py:44] - view (after_request): room
2024-12-23 11:52:21,633 - application - DEBUG - after_request_time [__init__.py:46] - template (after_request): None
2024-12-23 11:52:21,718 - application - DEBUG - after_request_time [__init__.py:42] - Request to /static/css/color-mode.css took 0.0009438991546630859 seconds
2024-12-23 11:52:21,718 - application - DEBUG - after_request_time [__init__.py:44] - view (after_request): room
2024-12-23 11:52:21,719 - application - DEBUG - after_request_time [__init__.py:46] - template (after_request): None
2024-12-23 11:52:21,728 - application - DEBUG - after_request_time [__init__.py:42] - Request to /static/css/flash-message.css took 0.005330085754394531 seconds
2024-12-23 11:52:21,732 - application - DEBUG - after_request_time [__init__.py:44] - view (after_request): room
2024-12-23 11:52:21,734 - application - DEBUG - after_request_time [__init__.py:42] - Request to /static/css/typography.css took 0.0016329288482666016 seconds
2024-12-23 11:52:21,734 - application - DEBUG - after_request_time [__init__.py:46] - template (after_request): None
2024-12-23 11:52:21,735 - application - DEBUG - after_request_time [__init__.py:42] - Request to /static/css/sortables.css took 0.0015747547149658203 seconds
2024-12-23 11:52:21,735 - application - DEBUG - after_request_time [__init__.py:44] - view (after_request): room
2024-12-23 11:52:21,736 - application - DEBUG - after_request_time [__init__.py:44] - view (after_request): room
2024-12-23 11:52:21,736 - application - DEBUG - after_request_time [__init__.py:46] - template (after_request): None
2024-12-23 11:52:21,737 - application - DEBUG - after_request_time [__init__.py:46] - template (after_request): None
2024-12-23 11:52:21,935 - application - DEBUG - after_request_time [__init__.py:42] - Request to /walkthrough/steps took 0.011588096618652344 seconds
2024-12-23 11:52:21,936 - application - DEBUG - after_request_time [__init__.py:44] - view (after_request): room
2024-12-23 11:52:21,936 - application - DEBUG - after_request_time [__init__.py:46] - template (after_request): walkthrough/parts/room.html.jinja
2024-12-23 11:52:21,959 - application - DEBUG - after_request_time [__init__.py:42] - Request to /show_list/ took 0.03726005554199219 seconds
2024-12-23 11:52:21,960 - application - DEBUG - after_request_time [__init__.py:44] - view (after_request): room
2024-12-23 11:52:21,961 - application - DEBUG - after_request_time [__init__.py:46] - template (after_request): lists/list.html.jinja
2024-12-23 11:52:21,974 - application - DEBUG - after_request_time [__init__.py:42] - Request to /show_list/ took 0.05657792091369629 seconds
2024-12-23 11:52:21,974 - application - DEBUG - after_request_time [__init__.py:44] - view (after_request): room
2024-12-23 11:52:21,975 - application - DEBUG - after_request_time [__init__.py:46] - template (after_request): lists/list.html.jinja
2024-12-23 11:52:22,271 - application - DEBUG - after_request_time [__init__.py:42] - Request to /show_photo_entry/8 took 0.016321182250976562 seconds
2024-12-23 11:52:22,271 - application - DEBUG - after_request_time [__init__.py:44] - view (after_request): room
2024-12-23 11:52:22,273 - application - DEBUG - after_request_time [__init__.py:46] - template (after_request): lists/model/photo.html.jinja
2024-12-23 11:52:22,331 - application - DEBUG - after_request_time [__init__.py:42] - Request to /show_list/ took 0.07529497146606445 seconds
2024-12-23 11:52:22,331 - application - DEBUG - after_request_time [__init__.py:44] - view (after_request): room
2024-12-23 11:52:22,332 - application - DEBUG - after_request_time [__init__.py:46] - template (after_request): lists/list.html.jinja
2024-12-23 11:52:22,341 - application - DEBUG - after_request_time [__init__.py:42] - Request to /static/defaults/generic_room.jpg took 0.0014069080352783203 seconds
2024-12-23 11:52:22,341 - application - DEBUG - after_request_time [__init__.py:44] - view (after_request): room
2024-12-23 11:52:22,342 - application - DEBUG - after_request_time [__init__.py:46] - template (after_request): None
2024-12-23 11:52:22,417 - application - DEBUG - after_request_time [__init__.py:42] - Request to /show_list/21 took 0.0686960220336914 seconds
2024-12-23 11:52:22,417 - application - DEBUG - after_request_time [__init__.py:44] - view (after_request): room
2024-12-23 11:52:22,418 - application - DEBUG - after_request_time [__init__.py:46] - template (after_request): lists/list.html.jinja
2024-12-23 11:52:25,348 - application - DEBUG - after_request_time [__init__.py:42] - Request to /create/Pin/21 took 0.012489080429077148 seconds
2024-12-23 11:52:25,348 - application - DEBUG - after_request_time [__init__.py:44] - view (after_request): room
2024-12-23 11:52:25,349 - application - DEBUG - after_request_time [__init__.py:46] - template (after_request): lists/model/pin.html.jinja
2024-12-23 11:52:26,461 - application - DEBUG - after_request_time [__init__.py:42] - Request to /update_list_order/41 took 0.12344503402709961 seconds
2024-12-23 11:52:26,462 - application - DEBUG - after_request_time [__init__.py:42] - Request to /update_list_order/21 took 0.1282799243927002 seconds
2024-12-23 11:52:26,462 - application - DEBUG - after_request_time [__init__.py:44] - view (after_request): room
2024-12-23 11:52:26,462 - application - DEBUG - after_request_time [__init__.py:44] - view (after_request): room
2024-12-23 11:52:26,462 - application - DEBUG - after_request_time [__init__.py:46] - template (after_request): None
2024-12-23 11:52:26,463 - application - DEBUG - after_request_time [__init__.py:46] - template (after_request): None
2024-12-23 11:53:06,817 - application - DEBUG - after_request_time [__init__.py:42] - Request to /walkthrough/Bedroom 1/room took 0.009353876113891602 seconds
2024-12-23 11:53:06,818 - application - DEBUG - after_request_time [__init__.py:44] - view (after_request): room
2024-12-23 11:53:06,818 - application - DEBUG - after_request_time [__init__.py:46] - template (after_request): None
2024-12-23 11:53:06,846 - application - DEBUG - after_request_time [__init__.py:42] - Request to /walkthrough/steps took 0.0033969879150390625 seconds
2024-12-23 11:53:06,847 - application - DEBUG - after_request_time [__init__.py:44] - view (after_request): room
2024-12-23 11:53:06,847 - application - DEBUG - after_request_time [__init__.py:46] - template (after_request): walkthrough/index.html.jinja
2024-12-23 11:53:07,083 - application - DEBUG - after_request_time [__init__.py:42] - Request to /static/css/main.css took 0.0008218288421630859 seconds
2024-12-23 11:53:07,083 - application - DEBUG - after_request_time [__init__.py:44] - view (after_request): room
2024-12-23 11:53:07,084 - application - DEBUG - after_request_time [__init__.py:46] - template (after_request): None
2024-12-23 11:53:07,089 - application - DEBUG - after_request_time [__init__.py:42] - Request to /static/js/bundle.js took 0.001249074935913086 seconds
2024-12-23 11:53:07,089 - application - DEBUG - after_request_time [__init__.py:44] - view (after_request): room
2024-12-23 11:53:07,091 - application - DEBUG - after_request_time [__init__.py:46] - template (after_request): None
2024-12-23 11:53:07,193 - application - DEBUG - after_request_time [__init__.py:42] - Request to /static/css/flash-message.css took 0.0025262832641601562 seconds
2024-12-23 11:53:07,194 - application - DEBUG - after_request_time [__init__.py:42] - Request to /static/css/color-mode.css took 0.005244255065917969 seconds
2024-12-23 11:53:07,197 - application - DEBUG - after_request_time [__init__.py:42] - Request to /static/css/typography.css took 0.005850791931152344 seconds
2024-12-23 11:53:07,197 - application - DEBUG - after_request_time [__init__.py:44] - view (after_request): room
2024-12-23 11:53:07,199 - application - DEBUG - after_request_time [__init__.py:42] - Request to /static/css/sortables.css took 0.002544879913330078 seconds
2024-12-23 11:53:07,199 - application - DEBUG - after_request_time [__init__.py:44] - view (after_request): room
2024-12-23 11:53:07,199 - application - DEBUG - after_request_time [__init__.py:44] - view (after_request): room
2024-12-23 11:53:07,199 - application - DEBUG - after_request_time [__init__.py:46] - template (after_request): None
2024-12-23 11:53:07,200 - application - DEBUG - after_request_time [__init__.py:44] - view (after_request): room
2024-12-23 11:53:07,200 - application - DEBUG - after_request_time [__init__.py:46] - template (after_request): None
2024-12-23 11:53:07,201 - application - DEBUG - after_request_time [__init__.py:46] - template (after_request): None
2024-12-23 11:53:07,203 - application - DEBUG - after_request_time [__init__.py:46] - template (after_request): None
2024-12-23 11:53:07,400 - application - DEBUG - after_request_time [__init__.py:42] - Request to /walkthrough/steps took 0.009629011154174805 seconds
2024-12-23 11:53:07,401 - application - DEBUG - after_request_time [__init__.py:44] - view (after_request): room
2024-12-23 11:53:07,402 - application - DEBUG - after_request_time [__init__.py:46] - template (after_request): walkthrough/parts/room.html.jinja
2024-12-23 11:53:07,414 - application - DEBUG - after_request_time [__init__.py:42] - Request to /show_list/ took 0.041544198989868164 seconds
2024-12-23 11:53:07,416 - application - DEBUG - after_request_time [__init__.py:44] - view (after_request): room
2024-12-23 11:53:07,416 - application - DEBUG - after_request_time [__init__.py:46] - template (after_request): lists/list.html.jinja
2024-12-23 11:53:07,425 - application - DEBUG - after_request_time [__init__.py:42] - Request to /show_list/ took 0.05626392364501953 seconds
2024-12-23 11:53:07,426 - application - DEBUG - after_request_time [__init__.py:44] - view (after_request): room
2024-12-23 11:53:07,426 - application - DEBUG - after_request_time [__init__.py:46] - template (after_request): lists/list.html.jinja
2024-12-23 11:53:07,705 - application - DEBUG - after_request_time [__init__.py:42] - Request to /show_photo_entry/8 took 0.013070821762084961 seconds
2024-12-23 11:53:07,706 - application - DEBUG - after_request_time [__init__.py:44] - view (after_request): room
2024-12-23 11:53:07,707 - application - DEBUG - after_request_time [__init__.py:46] - template (after_request): lists/model/photo.html.jinja
2024-12-23 11:53:07,764 - application - DEBUG - after_request_time [__init__.py:42] - Request to /show_list/ took 0.07033300399780273 seconds
2024-12-23 11:53:07,765 - application - DEBUG - after_request_time [__init__.py:42] - Request to /static/defaults/generic_room.jpg took 0.006217002868652344 seconds
2024-12-23 11:53:07,766 - application - DEBUG - after_request_time [__init__.py:44] - view (after_request): room
2024-12-23 11:53:07,767 - application - DEBUG - after_request_time [__init__.py:44] - view (after_request): room
2024-12-23 11:53:07,769 - application - DEBUG - after_request_time [__init__.py:46] - template (after_request): lists/list.html.jinja
2024-12-23 11:53:07,770 - application - DEBUG - after_request_time [__init__.py:46] - template (after_request): None
2024-12-23 11:53:07,831 - application - DEBUG - after_request_time [__init__.py:42] - Request to /show_list/21 took 0.06612110137939453 seconds
2024-12-23 11:53:07,832 - application - DEBUG - after_request_time [__init__.py:44] - view (after_request): room
2024-12-23 11:53:07,832 - application - DEBUG - after_request_time [__init__.py:46] - template (after_request): lists/list.html.jinja
2024-12-23 11:53:11,696 - application - DEBUG - after_request_time [__init__.py:42] - Request to /create/Pin/21 took 0.012706995010375977 seconds
2024-12-23 11:53:11,696 - application - DEBUG - after_request_time [__init__.py:44] - view (after_request): room
2024-12-23 11:53:11,696 - application - DEBUG - after_request_time [__init__.py:46] - template (after_request): lists/model/pin.html.jinja
2024-12-23 11:53:12,800 - application - DEBUG - after_request_time [__init__.py:42] - Request to /update_list_order/21 took 0.11852312088012695 seconds
2024-12-23 11:53:12,801 - application - DEBUG - after_request_time [__init__.py:44] - view (after_request): room
2024-12-23 11:53:12,803 - application - DEBUG - after_request_time [__init__.py:46] - template (after_request): None
2024-12-23 11:53:12,807 - application - DEBUG - after_request_time [__init__.py:42] - Request to /update_list_order/41 took 0.11971306800842285 seconds
2024-12-23 11:53:12,808 - application - DEBUG - after_request_time [__init__.py:44] - view (after_request): room
2024-12-23 11:53:12,808 - application - DEBUG - after_request_time [__init__.py:46] - template (after_request): None
2024-12-23 11:53:26,088 - application - DEBUG - after_request_time [__init__.py:42] - Request to /walkthrough/Bedroom 1/room took 0.0071620941162109375 seconds
2024-12-23 11:53:26,088 - application - DEBUG - after_request_time [__init__.py:44] - view (after_request): room
2024-12-23 11:53:26,089 - application - DEBUG - after_request_time [__init__.py:46] - template (after_request): None
2024-12-23 11:53:26,107 - application - DEBUG - after_request_time [__init__.py:42] - Request to /walkthrough/steps took 0.003490924835205078 seconds
2024-12-23 11:53:26,108 - application - DEBUG - after_request_time [__init__.py:44] - view (after_request): room
2024-12-23 11:53:26,108 - application - DEBUG - after_request_time [__init__.py:46] - template (after_request): walkthrough/index.html.jinja
2024-12-23 11:53:26,302 - application - DEBUG - after_request_time [__init__.py:42] - Request to /static/css/main.css took 0.0009720325469970703 seconds
2024-12-23 11:53:26,302 - application - DEBUG - after_request_time [__init__.py:44] - view (after_request): room
2024-12-23 11:53:26,302 - application - DEBUG - after_request_time [__init__.py:46] - template (after_request): None
2024-12-23 11:53:26,315 - application - DEBUG - after_request_time [__init__.py:42] - Request to /static/js/bundle.js took 0.0010848045349121094 seconds
2024-12-23 11:53:26,315 - application - DEBUG - after_request_time [__init__.py:44] - view (after_request): room
2024-12-23 11:53:26,316 - application - DEBUG - after_request_time [__init__.py:46] - template (after_request): None
2024-12-23 11:53:26,368 - application - DEBUG - after_request_time [__init__.py:42] - Request to /static/css/color-mode.css took 0.0029430389404296875 seconds
2024-12-23 11:53:26,369 - application - DEBUG - after_request_time [__init__.py:44] - view (after_request): room
2024-12-23 11:53:26,370 - application - DEBUG - after_request_time [__init__.py:46] - template (after_request): None
2024-12-23 11:53:26,372 - application - DEBUG - after_request_time [__init__.py:42] - Request to /static/css/flash-message.css took 0.006272077560424805 seconds
2024-12-23 11:53:26,373 - application - DEBUG - after_request_time [__init__.py:42] - Request to /static/css/sortables.css took 0.0027511119842529297 seconds
2024-12-23 11:53:26,375 - application - DEBUG - after_request_time [__init__.py:42] - Request to /static/css/typography.css took 0.0033648014068603516 seconds
2024-12-23 11:53:26,375 - application - DEBUG - after_request_time [__init__.py:44] - view (after_request): room
2024-12-23 11:53:26,376 - application - DEBUG - after_request_time [__init__.py:44] - view (after_request): room
2024-12-23 11:53:26,377 - application - DEBUG - after_request_time [__init__.py:44] - view (after_request): room
2024-12-23 11:53:26,377 - application - DEBUG - after_request_time [__init__.py:46] - template (after_request): None
2024-12-23 11:53:26,379 - application - DEBUG - after_request_time [__init__.py:46] - template (after_request): None
2024-12-23 11:53:26,380 - application - DEBUG - after_request_time [__init__.py:46] - template (after_request): None
2024-12-23 11:53:26,569 - application - DEBUG - after_request_time [__init__.py:42] - Request to /show_list/ took 0.020199298858642578 seconds
2024-12-23 11:53:26,569 - application - DEBUG - after_request_time [__init__.py:44] - view (after_request): room
2024-12-23 11:53:26,569 - application - DEBUG - after_request_time [__init__.py:46] - template (after_request): lists/list.html.jinja
2024-12-23 11:53:26,620 - application - DEBUG - after_request_time [__init__.py:42] - Request to /walkthrough/steps took 0.009412765502929688 seconds
2024-12-23 11:53:26,621 - application - DEBUG - after_request_time [__init__.py:44] - view (after_request): room
2024-12-23 11:53:26,622 - application - DEBUG - after_request_time [__init__.py:46] - template (after_request): walkthrough/parts/room.html.jinja
2024-12-23 11:53:26,633 - application - DEBUG - after_request_time [__init__.py:42] - Request to /show_list/ took 0.02433919906616211 seconds
2024-12-23 11:53:26,634 - application - DEBUG - after_request_time [__init__.py:44] - view (after_request): room
2024-12-23 11:53:26,634 - application - DEBUG - after_request_time [__init__.py:46] - template (after_request): lists/list.html.jinja
2024-12-23 11:53:26,884 - application - DEBUG - after_request_time [__init__.py:42] - Request to /show_photo_entry/8 took 0.017451047897338867 seconds
2024-12-23 11:53:26,884 - application - DEBUG - after_request_time [__init__.py:44] - view (after_request): room
2024-12-23 11:53:26,885 - application - DEBUG - after_request_time [__init__.py:46] - template (after_request): lists/model/photo.html.jinja
2024-12-23 11:53:26,927 - application - DEBUG - after_request_time [__init__.py:42] - Request to /static/defaults/generic_room.jpg took 0.0018260478973388672 seconds
2024-12-23 11:53:26,928 - application - DEBUG - after_request_time [__init__.py:44] - view (after_request): room
2024-12-23 11:53:26,931 - application - DEBUG - after_request_time [__init__.py:46] - template (after_request): None
2024-12-23 11:53:26,943 - application - DEBUG - after_request_time [__init__.py:42] - Request to /show_list/ took 0.0751039981842041 seconds
2024-12-23 11:53:26,943 - application - DEBUG - after_request_time [__init__.py:44] - view (after_request): room
2024-12-23 11:53:26,943 - application - DEBUG - after_request_time [__init__.py:46] - template (after_request): lists/list.html.jinja
2024-12-23 11:53:27,037 - application - DEBUG - after_request_time [__init__.py:42] - Request to /show_list/21 took 0.07879900932312012 seconds
2024-12-23 11:53:27,037 - application - DEBUG - after_request_time [__init__.py:44] - view (after_request): room
2024-12-23 11:53:27,037 - application - DEBUG - after_request_time [__init__.py:46] - template (after_request): lists/list.html.jinja
2024-12-23 11:53:30,207 - application - DEBUG - after_request_time [__init__.py:42] - Request to /create/Pin/21 took 0.015705108642578125 seconds
2024-12-23 11:53:30,208 - application - DEBUG - after_request_time [__init__.py:44] - view (after_request): room
2024-12-23 11:53:30,208 - application - DEBUG - after_request_time [__init__.py:46] - template (after_request): lists/model/pin.html.jinja
2024-12-23 11:53:31,308 - application - DEBUG - after_request_time [__init__.py:42] - Request to /update_list_order/21 took 0.11730098724365234 seconds
2024-12-23 11:53:31,309 - application - DEBUG - after_request_time [__init__.py:44] - view (after_request): room
2024-12-23 11:53:31,310 - application - DEBUG - after_request_time [__init__.py:42] - Request to /update_list_order/41 took 0.113555908203125 seconds
2024-12-23 11:53:31,310 - application - DEBUG - after_request_time [__init__.py:46] - template (after_request): None
2024-12-23 11:53:31,311 - application - DEBUG - after_request_time [__init__.py:44] - view (after_request): room
2024-12-23 11:53:31,312 - application - DEBUG - after_request_time [__init__.py:46] - template (after_request): None
2024-12-23 11:56:47,318 - application - DEBUG - after_request_time [__init__.py:42] - Request to /create/Pin/21 took 0.012235879898071289 seconds
2024-12-23 11:56:47,318 - application - DEBUG - after_request_time [__init__.py:44] - view (after_request): room
2024-12-23 11:56:47,319 - application - DEBUG - after_request_time [__init__.py:46] - template (after_request): lists/model/pin.html.jinja
2024-12-23 11:56:48,423 - application - DEBUG - after_request_time [__init__.py:42] - Request to /update_list_order/41 took 0.11520004272460938 seconds
2024-12-23 11:56:48,424 - application - DEBUG - after_request_time [__init__.py:44] - view (after_request): room
2024-12-23 11:56:48,426 - application - DEBUG - after_request_time [__init__.py:46] - template (after_request): None
2024-12-23 11:56:48,428 - application - DEBUG - after_request_time [__init__.py:42] - Request to /update_list_order/21 took 0.1252908706665039 seconds
2024-12-23 11:56:48,429 - application - DEBUG - after_request_time [__init__.py:44] - view (after_request): room
2024-12-23 11:56:48,430 - application - DEBUG - after_request_time [__init__.py:46] - template (after_request): None
2024-12-23 11:58:12,976 - application - DEBUG - after_request_time [__init__.py:42] - Request to /walkthrough/Bedroom 1/room took 0.008353948593139648 seconds
2024-12-23 11:58:12,977 - application - DEBUG - after_request_time [__init__.py:44] - view (after_request): room
2024-12-23 11:58:12,977 - application - DEBUG - after_request_time [__init__.py:46] - template (after_request): None
2024-12-23 11:58:12,995 - application - DEBUG - after_request_time [__init__.py:42] - Request to /walkthrough/steps took 0.00292205810546875 seconds
2024-12-23 11:58:12,995 - application - DEBUG - after_request_time [__init__.py:44] - view (after_request): room
2024-12-23 11:58:12,995 - application - DEBUG - after_request_time [__init__.py:46] - template (after_request): walkthrough/index.html.jinja
2024-12-23 11:58:13,214 - application - DEBUG - after_request_time [__init__.py:42] - Request to /static/css/main.css took 0.0008921623229980469 seconds
2024-12-23 11:58:13,214 - application - DEBUG - after_request_time [__init__.py:44] - view (after_request): room
2024-12-23 11:58:13,215 - application - DEBUG - after_request_time [__init__.py:46] - template (after_request): None
2024-12-23 11:58:13,226 - application - DEBUG - after_request_time [__init__.py:42] - Request to /static/js/bundle.js took 0.004467964172363281 seconds
2024-12-23 11:58:13,226 - application - DEBUG - after_request_time [__init__.py:44] - view (after_request): room
2024-12-23 11:58:13,227 - application - DEBUG - after_request_time [__init__.py:46] - template (after_request): None
2024-12-23 11:58:13,307 - application - DEBUG - after_request_time [__init__.py:42] - Request to /static/css/color-mode.css took 0.003615140914916992 seconds
2024-12-23 11:58:13,309 - application - DEBUG - after_request_time [__init__.py:44] - view (after_request): room
2024-12-23 11:58:13,310 - application - DEBUG - after_request_time [__init__.py:42] - Request to /static/css/flash-message.css took 0.004478931427001953 seconds
2024-12-23 11:58:13,311 - application - DEBUG - after_request_time [__init__.py:42] - Request to /static/css/typography.css took 0.0036110877990722656 seconds
2024-12-23 11:58:13,312 - application - DEBUG - after_request_time [__init__.py:46] - template (after_request): None
2024-12-23 11:58:13,314 - application - DEBUG - after_request_time [__init__.py:42] - Request to /static/css/sortables.css took 0.002353191375732422 seconds
2024-12-23 11:58:13,314 - application - DEBUG - after_request_time [__init__.py:44] - view (after_request): room
2024-12-23 11:58:13,315 - application - DEBUG - after_request_time [__init__.py:44] - view (after_request): room
2024-12-23 11:58:13,316 - application - DEBUG - after_request_time [__init__.py:44] - view (after_request): room
2024-12-23 11:58:13,318 - application - DEBUG - after_request_time [__init__.py:46] - template (after_request): None
2024-12-23 11:58:13,320 - application - DEBUG - after_request_time [__init__.py:46] - template (after_request): None
2024-12-23 11:58:13,321 - application - DEBUG - after_request_time [__init__.py:46] - template (after_request): None
2024-12-23 11:58:13,547 - application - DEBUG - after_request_time [__init__.py:42] - Request to /show_list/ took 0.026915788650512695 seconds
2024-12-23 11:58:13,548 - application - DEBUG - after_request_time [__init__.py:44] - view (after_request): room
2024-12-23 11:58:13,550 - application - DEBUG - after_request_time [__init__.py:46] - template (after_request): lists/list.html.jinja
2024-12-23 11:58:13,553 - application - DEBUG - after_request_time [__init__.py:42] - Request to /show_list/ took 0.03505206108093262 seconds
2024-12-23 11:58:13,555 - application - DEBUG - after_request_time [__init__.py:44] - view (after_request): room
2024-12-23 11:58:13,555 - application - DEBUG - after_request_time [__init__.py:46] - template (after_request): lists/list.html.jinja
2024-12-23 11:58:13,675 - application - DEBUG - after_request_time [__init__.py:42] - Request to /walkthrough/steps took 0.0075647830963134766 seconds
2024-12-23 11:58:13,675 - application - DEBUG - after_request_time [__init__.py:44] - view (after_request): room
2024-12-23 11:58:13,676 - application - DEBUG - after_request_time [__init__.py:46] - template (after_request): walkthrough/parts/room.html.jinja
2024-12-23 11:58:14,263 - application - DEBUG - after_request_time [__init__.py:42] - Request to /show_photo_entry/8 took 0.022816896438598633 seconds
2024-12-23 11:58:14,264 - application - DEBUG - after_request_time [__init__.py:44] - view (after_request): room
2024-12-23 11:58:14,264 - application - DEBUG - after_request_time [__init__.py:46] - template (after_request): lists/model/photo.html.jinja
2024-12-23 11:58:14,337 - application - DEBUG - after_request_time [__init__.py:42] - Request to /static/defaults/generic_room.jpg took 0.001844167709350586 seconds
2024-12-23 11:58:14,339 - application - DEBUG - after_request_time [__init__.py:44] - view (after_request): room
2024-12-23 11:58:14,341 - application - DEBUG - after_request_time [__init__.py:46] - template (after_request): None
2024-12-23 11:58:14,357 - application - DEBUG - after_request_time [__init__.py:42] - Request to /show_list/ took 0.11793780326843262 seconds
2024-12-23 11:58:14,357 - application - DEBUG - after_request_time [__init__.py:44] - view (after_request): room
2024-12-23 11:58:14,358 - application - DEBUG - after_request_time [__init__.py:46] - template (after_request): lists/list.html.jinja
2024-12-23 11:58:14,450 - application - DEBUG - after_request_time [__init__.py:42] - Request to /show_list/21 took 0.08455300331115723 seconds
2024-12-23 11:58:14,450 - application - DEBUG - after_request_time [__init__.py:44] - view (after_request): room
2024-12-23 11:58:14,450 - application - DEBUG - after_request_time [__init__.py:46] - template (after_request): lists/list.html.jinja
2024-12-23 11:58:22,406 - application - DEBUG - after_request_time [__init__.py:42] - Request to /update_list_order/41 took 0.06184792518615723 seconds
2024-12-23 11:58:22,406 - application - DEBUG - after_request_time [__init__.py:44] - view (after_request): room
2024-12-23 11:58:22,407 - application - DEBUG - after_request_time [__init__.py:46] - template (after_request): None
2024-12-23 11:59:45,908 - application - DEBUG - after_request_time [__init__.py:42] - Request to /walkthrough/Bedroom 1/room took 0.006191253662109375 seconds
2024-12-23 11:59:45,909 - application - DEBUG - after_request_time [__init__.py:44] - view (after_request): room
2024-12-23 11:59:45,910 - application - DEBUG - after_request_time [__init__.py:46] - template (after_request): None
2024-12-23 11:59:45,935 - application - DEBUG - after_request_time [__init__.py:42] - Request to /walkthrough/steps took 0.0032720565795898438 seconds
2024-12-23 11:59:45,935 - application - DEBUG - after_request_time [__init__.py:44] - view (after_request): room
2024-12-23 11:59:45,935 - application - DEBUG - after_request_time [__init__.py:46] - template (after_request): walkthrough/index.html.jinja
2024-12-23 11:59:46,142 - application - DEBUG - after_request_time [__init__.py:42] - Request to /static/js/bundle.js took 0.0009868144989013672 seconds
2024-12-23 11:59:46,143 - application - DEBUG - after_request_time [__init__.py:44] - view (after_request): room
2024-12-23 11:59:46,143 - application - DEBUG - after_request_time [__init__.py:46] - template (after_request): None
2024-12-23 11:59:46,158 - application - DEBUG - after_request_time [__init__.py:42] - Request to /static/css/main.css took 0.0012180805206298828 seconds
2024-12-23 11:59:46,158 - application - DEBUG - after_request_time [__init__.py:44] - view (after_request): room
2024-12-23 11:59:46,158 - application - DEBUG - after_request_time [__init__.py:46] - template (after_request): None
2024-12-23 11:59:46,289 - application - DEBUG - after_request_time [__init__.py:42] - Request to /static/css/color-mode.css took 0.003282785415649414 seconds
2024-12-23 11:59:46,293 - application - DEBUG - after_request_time [__init__.py:42] - Request to /static/css/flash-message.css took 0.004465818405151367 seconds
2024-12-23 11:59:46,294 - application - DEBUG - after_request_time [__init__.py:44] - view (after_request): room
2024-12-23 11:59:46,296 - application - DEBUG - after_request_time [__init__.py:42] - Request to /static/css/typography.css took 0.002789020538330078 seconds
2024-12-23 11:59:46,297 - application - DEBUG - after_request_time [__init__.py:44] - view (after_request): room
2024-12-23 11:59:46,298 - application - DEBUG - after_request_time [__init__.py:42] - Request to /static/css/sortables.css took 0.000942230224609375 seconds
2024-12-23 11:59:46,298 - application - DEBUG - after_request_time [__init__.py:46] - template (after_request): None
2024-12-23 11:59:46,298 - application - DEBUG - after_request_time [__init__.py:44] - view (after_request): room
2024-12-23 11:59:46,299 - application - DEBUG - after_request_time [__init__.py:46] - template (after_request): None
2024-12-23 11:59:46,299 - application - DEBUG - after_request_time [__init__.py:44] - view (after_request): room
2024-12-23 11:59:46,301 - application - DEBUG - after_request_time [__init__.py:46] - template (after_request): None
2024-12-23 11:59:46,304 - application - DEBUG - after_request_time [__init__.py:46] - template (after_request): None
2024-12-23 11:59:46,625 - application - DEBUG - after_request_time [__init__.py:42] - Request to /walkthrough/steps took 0.012827157974243164 seconds
2024-12-23 11:59:46,625 - application - DEBUG - after_request_time [__init__.py:44] - view (after_request): room
2024-12-23 11:59:46,626 - application - DEBUG - after_request_time [__init__.py:46] - template (after_request): walkthrough/parts/room.html.jinja
2024-12-23 11:59:46,645 - application - DEBUG - after_request_time [__init__.py:42] - Request to /show_list/ took 0.034674882888793945 seconds
2024-12-23 11:59:46,646 - application - DEBUG - after_request_time [__init__.py:44] - view (after_request): room
2024-12-23 11:59:46,646 - application - DEBUG - after_request_time [__init__.py:46] - template (after_request): lists/list.html.jinja
2024-12-23 11:59:46,654 - application - DEBUG - after_request_time [__init__.py:42] - Request to /show_list/ took 0.04687690734863281 seconds
2024-12-23 11:59:46,654 - application - DEBUG - after_request_time [__init__.py:44] - view (after_request): room
2024-12-23 11:59:46,655 - application - DEBUG - after_request_time [__init__.py:46] - template (after_request): lists/list.html.jinja
2024-12-23 11:59:46,894 - application - DEBUG - after_request_time [__init__.py:42] - Request to /show_photo_entry/8 took 0.021214962005615234 seconds
2024-12-23 11:59:46,895 - application - DEBUG - after_request_time [__init__.py:44] - view (after_request): room
2024-12-23 11:59:46,895 - application - DEBUG - after_request_time [__init__.py:46] - template (after_request): lists/model/photo.html.jinja
2024-12-23 11:59:46,931 - application - DEBUG - after_request_time [__init__.py:42] - Request to /static/defaults/generic_room.jpg took 0.0026569366455078125 seconds
2024-12-23 11:59:46,932 - application - DEBUG - after_request_time [__init__.py:44] - view (after_request): room
2024-12-23 11:59:46,933 - application - DEBUG - after_request_time [__init__.py:46] - template (after_request): None
2024-12-23 11:59:46,999 - application - DEBUG - after_request_time [__init__.py:42] - Request to /show_list/ took 0.1199178695678711 seconds
2024-12-23 11:59:47,000 - application - DEBUG - after_request_time [__init__.py:44] - view (after_request): room
2024-12-23 11:59:47,001 - application - DEBUG - after_request_time [__init__.py:46] - template (after_request): lists/list.html.jinja
2024-12-23 11:59:47,055 - application - DEBUG - after_request_time [__init__.py:42] - Request to /show_list/21 took 0.10283422470092773 seconds
2024-12-23 11:59:47,055 - application - DEBUG - after_request_time [__init__.py:44] - view (after_request): room
2024-12-23 11:59:47,055 - application - DEBUG - after_request_time [__init__.py:46] - template (after_request): lists/list.html.jinja
2024-12-23 12:00:05,091 - application - DEBUG - after_request_time [__init__.py:42] - Request to /update_list_order/41 took 0.05988669395446777 seconds
2024-12-23 12:00:05,091 - application - DEBUG - after_request_time [__init__.py:44] - view (after_request): room
2024-12-23 12:00:05,091 - application - DEBUG - after_request_time [__init__.py:46] - template (after_request): None
2024-12-23 12:00:26,574 - application - DEBUG - after_request_time [__init__.py:42] - Request to /update_list_order/41 took 0.055674076080322266 seconds
2024-12-23 12:00:26,574 - application - DEBUG - after_request_time [__init__.py:44] - view (after_request): room
2024-12-23 12:00:26,575 - application - DEBUG - after_request_time [__init__.py:46] - template (after_request): None
2024-12-23 12:01:08,610 - application - DEBUG - after_request_time [__init__.py:42] - Request to /walkthrough/Bedroom 1/room took 0.008124828338623047 seconds
2024-12-23 12:01:08,610 - application - DEBUG - after_request_time [__init__.py:44] - view (after_request): room
2024-12-23 12:01:08,612 - application - DEBUG - after_request_time [__init__.py:46] - template (after_request): None
2024-12-23 12:01:08,644 - application - DEBUG - after_request_time [__init__.py:42] - Request to /walkthrough/steps took 0.004690885543823242 seconds
2024-12-23 12:01:08,644 - application - DEBUG - after_request_time [__init__.py:44] - view (after_request): room
2024-12-23 12:01:08,644 - application - DEBUG - after_request_time [__init__.py:46] - template (after_request): walkthrough/index.html.jinja
2024-12-23 12:01:08,840 - application - DEBUG - after_request_time [__init__.py:42] - Request to /static/css/main.css took 0.0010328292846679688 seconds
2024-12-23 12:01:08,841 - application - DEBUG - after_request_time [__init__.py:44] - view (after_request): room
2024-12-23 12:01:08,841 - application - DEBUG - after_request_time [__init__.py:46] - template (after_request): None
2024-12-23 12:01:08,845 - application - DEBUG - after_request_time [__init__.py:42] - Request to /static/js/bundle.js took 0.0016069412231445312 seconds
2024-12-23 12:01:08,846 - application - DEBUG - after_request_time [__init__.py:44] - view (after_request): room
2024-12-23 12:01:08,846 - application - DEBUG - after_request_time [__init__.py:46] - template (after_request): None
2024-12-23 12:01:08,898 - application - DEBUG - after_request_time [__init__.py:42] - Request to /static/css/color-mode.css took 0.001773834228515625 seconds
2024-12-23 12:01:08,899 - application - DEBUG - after_request_time [__init__.py:42] - Request to /static/css/flash-message.css took 0.0019948482513427734 seconds
2024-12-23 12:01:08,903 - application - DEBUG - after_request_time [__init__.py:44] - view (after_request): room
2024-12-23 12:01:08,904 - application - DEBUG - after_request_time [__init__.py:44] - view (after_request): room
2024-12-23 12:01:08,905 - application - DEBUG - after_request_time [__init__.py:42] - Request to /static/css/sortables.css took 0.0017557144165039062 seconds
2024-12-23 12:01:08,905 - application - DEBUG - after_request_time [__init__.py:46] - template (after_request): None
2024-12-23 12:01:08,906 - application - DEBUG - after_request_time [__init__.py:42] - Request to /static/css/typography.css took 0.001856088638305664 seconds
2024-12-23 12:01:08,907 - application - DEBUG - after_request_time [__init__.py:46] - template (after_request): None
2024-12-23 12:01:08,907 - application - DEBUG - after_request_time [__init__.py:44] - view (after_request): room
2024-12-23 12:01:08,909 - application - DEBUG - after_request_time [__init__.py:44] - view (after_request): room
2024-12-23 12:01:08,911 - application - DEBUG - after_request_time [__init__.py:46] - template (after_request): None
2024-12-23 12:01:08,912 - application - DEBUG - after_request_time [__init__.py:46] - template (after_request): None
2024-12-23 12:01:09,097 - application - DEBUG - after_request_time [__init__.py:42] - Request to /walkthrough/steps took 0.01166987419128418 seconds
2024-12-23 12:01:09,098 - application - DEBUG - after_request_time [__init__.py:44] - view (after_request): room
2024-12-23 12:01:09,098 - application - DEBUG - after_request_time [__init__.py:46] - template (after_request): walkthrough/parts/room.html.jinja
2024-12-23 12:01:09,116 - application - DEBUG - after_request_time [__init__.py:42] - Request to /show_list/ took 0.041792869567871094 seconds
2024-12-23 12:01:09,120 - application - DEBUG - after_request_time [__init__.py:44] - view (after_request): room
2024-12-23 12:01:09,121 - application - DEBUG - after_request_time [__init__.py:46] - template (after_request): lists/list.html.jinja
2024-12-23 12:01:09,135 - application - DEBUG - after_request_time [__init__.py:42] - Request to /show_list/ took 0.06951498985290527 seconds
2024-12-23 12:01:09,136 - application - DEBUG - after_request_time [__init__.py:44] - view (after_request): room
2024-12-23 12:01:09,136 - application - DEBUG - after_request_time [__init__.py:46] - template (after_request): lists/list.html.jinja
2024-12-23 12:01:09,330 - application - DEBUG - after_request_time [__init__.py:42] - Request to /show_photo_entry/8 took 0.013920783996582031 seconds
2024-12-23 12:01:09,330 - application - DEBUG - after_request_time [__init__.py:44] - view (after_request): room
2024-12-23 12:01:09,331 - application - DEBUG - after_request_time [__init__.py:46] - template (after_request): lists/model/photo.html.jinja
2024-12-23 12:01:09,352 - application - DEBUG - after_request_time [__init__.py:42] - Request to /static/defaults/generic_room.jpg took 0.0025560855865478516 seconds
2024-12-23 12:01:09,355 - application - DEBUG - after_request_time [__init__.py:44] - view (after_request): room
2024-12-23 12:01:09,355 - application - DEBUG - after_request_time [__init__.py:46] - template (after_request): None
2024-12-23 12:01:09,411 - application - DEBUG - after_request_time [__init__.py:42] - Request to /show_list/ took 0.0908811092376709 seconds
2024-12-23 12:01:09,412 - application - DEBUG - after_request_time [__init__.py:44] - view (after_request): room
2024-12-23 12:01:09,413 - application - DEBUG - after_request_time [__init__.py:46] - template (after_request): lists/list.html.jinja
2024-12-23 12:01:09,462 - application - DEBUG - after_request_time [__init__.py:42] - Request to /show_list/21 took 0.08188199996948242 seconds
2024-12-23 12:01:09,463 - application - DEBUG - after_request_time [__init__.py:44] - view (after_request): room
2024-12-23 12:01:09,463 - application - DEBUG - after_request_time [__init__.py:46] - template (after_request): lists/list.html.jinja
2024-12-23 12:01:20,007 - application - DEBUG - after_request_time [__init__.py:42] - Request to /create/Pin/21 took 0.013683080673217773 seconds
2024-12-23 12:01:20,007 - application - DEBUG - after_request_time [__init__.py:44] - view (after_request): room
2024-12-23 12:01:20,008 - application - DEBUG - after_request_time [__init__.py:46] - template (after_request): lists/model/pin.html.jinja
2024-12-23 12:01:21,040 - application - DEBUG - after_request_time [__init__.py:42] - Request to /update_list_order/21 took 0.11693811416625977 seconds
2024-12-23 12:01:21,042 - application - DEBUG - after_request_time [__init__.py:42] - Request to /update_list_order/41 took 0.11661887168884277 seconds
2024-12-23 12:01:21,042 - application - DEBUG - after_request_time [__init__.py:44] - view (after_request): room
2024-12-23 12:01:21,042 - application - DEBUG - after_request_time [__init__.py:44] - view (after_request): room
2024-12-23 12:01:21,043 - application - DEBUG - after_request_time [__init__.py:46] - template (after_request): None
2024-12-23 12:01:21,043 - application - DEBUG - after_request_time [__init__.py:46] - template (after_request): None
2024-12-23 12:01:53,108 - application - DEBUG - after_request_time [__init__.py:42] - Request to /walkthrough/Bedroom 1/room took 0.007315158843994141 seconds
2024-12-23 12:01:53,109 - application - DEBUG - after_request_time [__init__.py:44] - view (after_request): room
2024-12-23 12:01:53,109 - application - DEBUG - after_request_time [__init__.py:46] - template (after_request): None
2024-12-23 12:01:53,145 - application - DEBUG - after_request_time [__init__.py:42] - Request to /walkthrough/steps took 0.004827976226806641 seconds
2024-12-23 12:01:53,145 - application - DEBUG - after_request_time [__init__.py:44] - view (after_request): room
2024-12-23 12:01:53,145 - application - DEBUG - after_request_time [__init__.py:46] - template (after_request): walkthrough/index.html.jinja
2024-12-23 12:01:53,335 - application - DEBUG - after_request_time [__init__.py:42] - Request to /static/css/main.css took 0.0016720294952392578 seconds
2024-12-23 12:01:53,335 - application - DEBUG - after_request_time [__init__.py:44] - view (after_request): room
2024-12-23 12:01:53,337 - application - DEBUG - after_request_time [__init__.py:46] - template (after_request): None
2024-12-23 12:01:53,339 - application - DEBUG - after_request_time [__init__.py:42] - Request to /static/js/bundle.js took 0.0007560253143310547 seconds
2024-12-23 12:01:53,340 - application - DEBUG - after_request_time [__init__.py:44] - view (after_request): room
2024-12-23 12:01:53,340 - application - DEBUG - after_request_time [__init__.py:46] - template (after_request): None
2024-12-23 12:01:53,415 - application - DEBUG - after_request_time [__init__.py:42] - Request to /static/css/color-mode.css took 0.0040018558502197266 seconds
2024-12-23 12:01:53,416 - application - DEBUG - after_request_time [__init__.py:42] - Request to /static/css/typography.css took 0.002415180206298828 seconds
2024-12-23 12:01:53,417 - application - DEBUG - after_request_time [__init__.py:44] - view (after_request): room
2024-12-23 12:01:53,419 - application - DEBUG - after_request_time [__init__.py:42] - Request to /static/css/flash-message.css took 0.00310516357421875 seconds
2024-12-23 12:01:53,419 - application - DEBUG - after_request_time [__init__.py:42] - Request to /static/css/sortables.css took 0.0013339519500732422 seconds
2024-12-23 12:01:53,420 - application - DEBUG - after_request_time [__init__.py:44] - view (after_request): room
2024-12-23 12:01:53,420 - application - DEBUG - after_request_time [__init__.py:46] - template (after_request): None
2024-12-23 12:01:53,420 - application - DEBUG - after_request_time [__init__.py:44] - view (after_request): room
2024-12-23 12:01:53,420 - application - DEBUG - after_request_time [__init__.py:44] - view (after_request): room
2024-12-23 12:01:53,421 - application - DEBUG - after_request_time [__init__.py:46] - template (after_request): None
2024-12-23 12:01:53,422 - application - DEBUG - after_request_time [__init__.py:46] - template (after_request): None
2024-12-23 12:01:53,423 - application - DEBUG - after_request_time [__init__.py:46] - template (after_request): None
2024-12-23 12:01:53,617 - application - DEBUG - after_request_time [__init__.py:42] - Request to /walkthrough/steps took 0.007055044174194336 seconds
2024-12-23 12:01:53,617 - application - DEBUG - after_request_time [__init__.py:44] - view (after_request): room
2024-12-23 12:01:53,618 - application - DEBUG - after_request_time [__init__.py:46] - template (after_request): walkthrough/parts/room.html.jinja
2024-12-23 12:01:53,636 - application - DEBUG - after_request_time [__init__.py:42] - Request to /show_list/ took 0.03916597366333008 seconds
2024-12-23 12:01:53,637 - application - DEBUG - after_request_time [__init__.py:44] - view (after_request): room
2024-12-23 12:01:53,638 - application - DEBUG - after_request_time [__init__.py:46] - template (after_request): lists/list.html.jinja
2024-12-23 12:01:53,644 - application - DEBUG - after_request_time [__init__.py:42] - Request to /show_list/ took 0.04898691177368164 seconds
2024-12-23 12:01:53,645 - application - DEBUG - after_request_time [__init__.py:44] - view (after_request): room
2024-12-23 12:01:53,645 - application - DEBUG - after_request_time [__init__.py:46] - template (after_request): lists/list.html.jinja
2024-12-23 12:01:53,871 - application - DEBUG - after_request_time [__init__.py:42] - Request to /show_photo_entry/8 took 0.015674829483032227 seconds
2024-12-23 12:01:53,872 - application - DEBUG - after_request_time [__init__.py:44] - view (after_request): room
2024-12-23 12:01:53,874 - application - DEBUG - after_request_time [__init__.py:46] - template (after_request): lists/model/photo.html.jinja
2024-12-23 12:01:53,928 - application - DEBUG - after_request_time [__init__.py:42] - Request to /show_list/ took 0.06993603706359863 seconds
2024-12-23 12:01:53,928 - application - DEBUG - after_request_time [__init__.py:44] - view (after_request): room
2024-12-23 12:01:53,929 - application - DEBUG - after_request_time [__init__.py:46] - template (after_request): lists/list.html.jinja
2024-12-23 12:01:53,935 - application - DEBUG - after_request_time [__init__.py:42] - Request to /static/defaults/generic_room.jpg took 0.0033769607543945312 seconds
2024-12-23 12:01:53,938 - application - DEBUG - after_request_time [__init__.py:44] - view (after_request): room
2024-12-23 12:01:53,941 - application - DEBUG - after_request_time [__init__.py:46] - template (after_request): None
2024-12-23 12:01:54,004 - application - DEBUG - after_request_time [__init__.py:42] - Request to /show_list/21 took 0.0678567886352539 seconds
2024-12-23 12:01:54,004 - application - DEBUG - after_request_time [__init__.py:44] - view (after_request): room
2024-12-23 12:01:54,004 - application - DEBUG - after_request_time [__init__.py:46] - template (after_request): lists/list.html.jinja
2024-12-23 12:02:00,585 - application - DEBUG - after_request_time [__init__.py:42] - Request to /create/Pin/21 took 0.016130924224853516 seconds
2024-12-23 12:02:00,586 - application - DEBUG - after_request_time [__init__.py:44] - view (after_request): room
2024-12-23 12:02:00,586 - application - DEBUG - after_request_time [__init__.py:46] - template (after_request): lists/model/pin.html.jinja
2024-12-23 12:02:01,701 - application - DEBUG - after_request_time [__init__.py:42] - Request to /update_list_order/21 took 0.12389397621154785 seconds
2024-12-23 12:02:01,703 - application - DEBUG - after_request_time [__init__.py:42] - Request to /update_list_order/41 took 0.12062597274780273 seconds
2024-12-23 12:02:01,703 - application - DEBUG - after_request_time [__init__.py:44] - view (after_request): room
2024-12-23 12:02:01,703 - application - DEBUG - after_request_time [__init__.py:44] - view (after_request): room
2024-12-23 12:02:01,704 - application - DEBUG - after_request_time [__init__.py:46] - template (after_request): None
2024-12-23 12:02:01,704 - application - DEBUG - after_request_time [__init__.py:46] - template (after_request): None
