2024-12-24 11:48:18,494 - logs.logging_config - DEBUG - configure_logging [logging_config.py:178] - Application logging configured
2024-12-24 11:48:18,496 - logs.logging_config - INFO - configure_logging [logging_config.py:187] - Application started in production environment
2024-12-24 11:48:18,497 - application - DEBUG - create_app [__init__.py:28] - test2
2024-12-24 11:48:19,195 - application - DEBUG - after_request_time [__init__.py:42] - Request to / took 0.01618480682373047 seconds
2024-12-24 11:48:19,195 - application - DEBUG - after_request_time [__init__.py:44] - view (after_request): map
2024-12-24 11:48:19,196 - application - DEBUG - after_request_time [__init__.py:46] - template (after_request): None
2024-12-24 11:48:19,241 - application.map - DEBUG - home_map [map.py:26] - map called with floor_id: 1
2024-12-24 11:48:19,255 - application.rooms - DEBUG - floor_room_check [rooms.py:169] - inside floor_room_check A: floor_id: 1, has_rooms: True
2024-12-24 11:48:19,258 - application.rooms - DEBUG - check_each_floor_for_rooms [rooms.py:176] - floor.rooms.count() <Floor 1> = 1
2024-12-24 11:48:19,260 - application.rooms - DEBUG - check_each_floor_for_rooms [rooms.py:176] - floor.rooms.count() <Floor 2> = 1
2024-12-24 11:48:19,263 - application.rooms - DEBUG - check_each_floor_for_rooms [rooms.py:176] - floor.rooms.count() <Floor 3> = 1
2024-12-24 11:48:19,264 - application.rooms - DEBUG - floor_room_check [rooms.py:171] - inside floor_room_check B: floor_id: 1, has_rooms: True
2024-12-24 11:48:19,265 - application.map - DEBUG - home_map [map.py:29] - room check: floor_id: 1, has_rooms: True
2024-12-24 11:48:19,265 - application.floors - DEBUG - set_active_floor [floors.py:43] - set_active_floor called with floor_id: 1
2024-12-24 11:48:19,272 - application.floors - DEBUG - set_active_floor [floors.py:54] - current_user.active_home.active_floor: <Floor 1>
2024-12-24 11:48:19,276 - application.list_utils - DEBUG - get_list_entries_for_item [list_utils.py:428] - found_entries for <Home 1>: [<UserListEntry 1>]
2024-12-24 11:48:19,284 - application.list_utils - DEBUG - get_list_entries_for_item [list_utils.py:436] - Entry: <UserListEntry 1>
2024-12-24 11:48:19,285 - application.list_utils - DEBUG - get_list_entries_for_item [list_utils.py:437] - Item Model: Home, Item ID: 1
2024-12-24 11:48:19,286 - application.list_utils - DEBUG - get_list_entries_for_item [list_utils.py:438] - User List ID: 1 User List Name: bob Homes
2024-12-24 11:48:19,287 - application.list_utils - DEBUG - get_list_entries_for_item [list_utils.py:439] - user: 1
2024-12-24 11:48:19,288 - application.list_utils - DEBUG - get_userlist [list_utils.py:308] - get_userlist(): item_model: Floor, list_name: None, parent_entry_id: 1
2024-12-24 11:48:19,295 - application.list_utils - DEBUG - get_userlist [list_utils.py:322] - lists found (model, parent): [<UserList 2>]
2024-12-24 11:48:19,295 - application.list_utils - DEBUG - get_userlist [list_utils.py:349] - len(lists) == 1: None Floor 1
2024-12-24 11:48:19,296 - application.list_utils - DEBUG - get_userlist [list_utils.py:368] - userlist.entries: [<UserListEntry 2>, <UserListEntry 3>, <UserListEntry 26>] List type: <class 'sqlalchemy.orm.collections.InstrumentedList'>
2024-12-24 11:48:19,296 - application.list_utils - DEBUG - get_userlist [list_utils.py:370] - List: test Floors, Order: 5
2024-12-24 11:48:19,296 - application.list_utils - DEBUG - get_userlist [list_utils.py:370] - List: test Floors, Order: 3
2024-12-24 11:48:19,297 - application.list_utils - DEBUG - get_userlist [list_utils.py:370] - List: test Floors, Order: 1
2024-12-24 11:48:19,297 - application.rooms - DEBUG - get_room_list [rooms.py:44] - floor_list: <UserList 2> (type: <class 'application.database.models.UserList'>)
2024-12-24 11:48:19,297 - application.rooms - DEBUG - get_room_list [rooms.py:45] - floor_list entries count: 3
2024-12-24 11:48:19,298 - application.rooms - DEBUG - get_room_list [rooms.py:52] - floor list get floor_entry.id: 2
2024-12-24 11:48:19,298 - application.rooms - DEBUG - get_room_list [rooms.py:53] - floor list get floor_entry.get_item().name: Main Floor
2024-12-24 11:48:19,342 - application.rooms - DEBUG - get_room_list [rooms.py:58] - room_list: <UserList 3> (type: <class 'application.database.models.UserList'>) parent: Main Floor
2024-12-24 11:48:19,342 - application.rooms - DEBUG - get_room_list [rooms.py:52] - floor list get floor_entry.id: 3
2024-12-24 11:48:19,343 - application.rooms - DEBUG - get_room_list [rooms.py:53] - floor list get floor_entry.get_item().name: 2nd Floor
2024-12-24 11:48:19,345 - application.rooms - DEBUG - get_room_list [rooms.py:58] - room_list: <UserList 4> (type: <class 'application.database.models.UserList'>) parent: 2nd Floor
2024-12-24 11:48:19,345 - application.rooms - DEBUG - get_room_list [rooms.py:52] - floor list get floor_entry.id: 26
2024-12-24 11:48:19,346 - application.rooms - DEBUG - get_room_list [rooms.py:53] - floor list get floor_entry.get_item().name: 3rd Floor
2024-12-24 11:48:19,347 - application.rooms - DEBUG - get_room_list [rooms.py:58] - room_list: <UserList 12> (type: <class 'application.database.models.UserList'>) parent: 3rd Floor
2024-12-24 11:48:19,348 - application.list_utils - DEBUG - get_list_entries_for_item [list_utils.py:428] - found_entries for <Home 1>: [<UserListEntry 1>]
2024-12-24 11:48:19,348 - application.list_utils - DEBUG - get_list_entries_for_item [list_utils.py:436] - Entry: <UserListEntry 1>
2024-12-24 11:48:19,349 - application.list_utils - DEBUG - get_list_entries_for_item [list_utils.py:437] - Item Model: Home, Item ID: 1
2024-12-24 11:48:19,349 - application.list_utils - DEBUG - get_list_entries_for_item [list_utils.py:438] - User List ID: 1 User List Name: bob Homes
2024-12-24 11:48:19,350 - application.list_utils - DEBUG - get_list_entries_for_item [list_utils.py:439] - user: 1
2024-12-24 11:48:19,350 - application.rooms - DEBUG - get_room_list [rooms.py:59] - get_userlist(Room, current_user.active_home.name:test current_user.active_home.active_floor.name:Main Floor Rooms, get_list_entries_for_item(current_user.active_home)[0].id:1
2024-12-24 11:48:19,351 - application.list_utils - DEBUG - get_list_entries_for_item [list_utils.py:428] - found_entries for <Floor 1>: [<UserListEntry 2>]
2024-12-24 11:48:19,352 - application.list_utils - DEBUG - get_list_entries_for_item [list_utils.py:436] - Entry: <UserListEntry 2>
2024-12-24 11:48:19,352 - application.list_utils - DEBUG - get_list_entries_for_item [list_utils.py:437] - Item Model: Floor, Item ID: 1
2024-12-24 11:48:19,352 - application.list_utils - DEBUG - get_list_entries_for_item [list_utils.py:438] - User List ID: 2 User List Name: test Floors
2024-12-24 11:48:19,353 - application.list_utils - DEBUG - get_list_entries_for_item [list_utils.py:439] - user: 1
2024-12-24 11:48:19,353 - application.list_utils - DEBUG - get_userlist [list_utils.py:308] - get_userlist(): item_model: Room, list_name: None, parent_entry_id: 2
2024-12-24 11:48:19,354 - application.list_utils - DEBUG - get_userlist [list_utils.py:322] - lists found (model, parent): [<UserList 3>]
2024-12-24 11:48:19,354 - application.list_utils - DEBUG - get_userlist [list_utils.py:349] - len(lists) == 1: None Room 2
2024-12-24 11:48:19,354 - application.list_utils - DEBUG - get_userlist [list_utils.py:368] - userlist.entries: [<UserListEntry 21>] List type: <class 'sqlalchemy.orm.collections.InstrumentedList'>
2024-12-24 11:48:19,355 - application.list_utils - DEBUG - get_userlist [list_utils.py:370] - List: test Main Floor Rooms, Order: 0
2024-12-24 11:48:19,355 - application.map - DEBUG - home_map [map.py:36] - floor_list MAP: <UserList 2>
2024-12-24 11:48:19,393 - application - DEBUG - after_request_time [__init__.py:42] - Request to /map/ took 0.154649019241333 seconds
2024-12-24 11:48:19,393 - application - DEBUG - after_request_time [__init__.py:44] - view (after_request): map
2024-12-24 11:48:19,393 - application - DEBUG - after_request_time [__init__.py:46] - template (after_request): map/index.html.jinja
2024-12-24 11:48:19,468 - application - DEBUG - after_request_time [__init__.py:42] - Request to /static/js/bundle.js took 0.006124734878540039 seconds
2024-12-24 11:48:19,468 - application - DEBUG - after_request_time [__init__.py:44] - view (after_request): map
2024-12-24 11:48:19,468 - application - DEBUG - after_request_time [__init__.py:46] - template (after_request): None
2024-12-24 11:48:19,591 - application - DEBUG - after_request_time [__init__.py:42] - Request to /favicon.ico took 0.0005140304565429688 seconds
2024-12-24 11:48:19,592 - application - DEBUG - after_request_time [__init__.py:44] - view (after_request): map
2024-12-24 11:48:19,592 - application - DEBUG - after_request_time [__init__.py:46] - template (after_request): None
2024-12-24 11:48:19,621 - application.list_routes - DEBUG - show_list [list_routes.py:219] - view: horiz-scroll
2024-12-24 11:48:19,622 - application.list_routes - DEBUG - show_list [list_routes.py:219] - view: map
2024-12-24 11:48:19,623 - application.list_utils - DEBUG - get_list_entries_for_item [list_utils.py:428] - found_entries for <Home 1>: [<UserListEntry 1>]
2024-12-24 11:48:19,625 - application.list_routes - DEBUG - show_list [list_routes.py:219] - view: map
2024-12-24 11:48:19,628 - application.list_utils - DEBUG - get_list_entries_for_item [list_utils.py:415] - input_string: <Home 1>, item_model: Home, item_id: 1
2024-12-24 11:48:19,628 - application.list_utils - DEBUG - get_list_entries_for_item [list_utils.py:436] - Entry: <UserListEntry 1>
2024-12-24 11:48:19,631 - application.list_utils - DEBUG - get_list_entries_for_item [list_utils.py:428] - found_entries for <Floor 1>: [<UserListEntry 2>]
2024-12-24 11:48:19,631 - application.list_utils - DEBUG - get_list_entries_for_item [list_utils.py:437] - Item Model: Home, Item ID: 1
2024-12-24 11:48:19,633 - application.list_utils - DEBUG - get_list_entries_for_item [list_utils.py:428] - found_entries for <Home 1>: [<UserListEntry 1>]
2024-12-24 11:48:19,633 - application.list_utils - DEBUG - get_list_entries_for_item [list_utils.py:438] - User List ID: 1 User List Name: bob Homes
2024-12-24 11:48:19,637 - application.list_utils - DEBUG - get_list_entries_for_item [list_utils.py:439] - user: 1
2024-12-24 11:48:19,636 - application.list_utils - DEBUG - get_list_entries_for_item [list_utils.py:436] - Entry: <UserListEntry 1>
2024-12-24 11:48:19,634 - application.list_utils - DEBUG - get_list_entries_for_item [list_utils.py:436] - Entry: <UserListEntry 2>
2024-12-24 11:48:19,637 - application.list_utils - DEBUG - get_userlist [list_utils.py:308] - get_userlist(): item_model: Floor, list_name: None, parent_entry_id: 1
2024-12-24 11:48:19,637 - application.list_utils - DEBUG - get_list_entries_for_item [list_utils.py:437] - Item Model: Home, Item ID: 1
2024-12-24 11:48:19,638 - application.list_utils - DEBUG - get_list_entries_for_item [list_utils.py:437] - Item Model: Floor, Item ID: 1
2024-12-24 11:48:19,639 - application.list_utils - DEBUG - get_list_entries_for_item [list_utils.py:438] - User List ID: 1 User List Name: bob Homes
2024-12-24 11:48:19,639 - application.list_utils - DEBUG - get_userlist [list_utils.py:322] - lists found (model, parent): [<UserList 2>]
2024-12-24 11:48:19,639 - application.list_utils - DEBUG - get_list_entries_for_item [list_utils.py:438] - User List ID: 2 User List Name: test Floors
2024-12-24 11:48:19,640 - application.list_utils - DEBUG - get_list_entries_for_item [list_utils.py:439] - user: 1
2024-12-24 11:48:19,640 - application.list_utils - DEBUG - get_userlist [list_utils.py:349] - len(lists) == 1: None Floor 1
2024-12-24 11:48:19,640 - application.list_utils - DEBUG - get_list_entries_for_item [list_utils.py:439] - user: 1
2024-12-24 11:48:19,640 - application.list_utils - DEBUG - get_top_userlists_by_root_parent [list_utils.py:279] - input root_parent_entry_id: 1 model: Task
2024-12-24 11:48:19,641 - application.list_utils - DEBUG - get_userlist [list_utils.py:368] - userlist.entries: [<UserListEntry 2>, <UserListEntry 3>, <UserListEntry 26>] List type: <class 'sqlalchemy.orm.collections.InstrumentedList'>
2024-12-24 11:48:19,641 - application.list_utils - DEBUG - get_userlist [list_utils.py:308] - get_userlist(): item_model: Room, list_name: None, parent_entry_id: 2
2024-12-24 11:48:19,645 - application.list_utils - DEBUG - get_userlist [list_utils.py:370] - List: test Floors, Order: 5
2024-12-24 11:48:19,645 - application.list_utils - DEBUG - get_userlists_by_parent [list_utils.py:271] - get_userlists_by_parent: lists found (parent_entry_id)1: [<UserList 2>]
2024-12-24 11:48:19,646 - application.list_utils - DEBUG - get_userlist [list_utils.py:370] - List: test Floors, Order: 3
2024-12-24 11:48:19,647 - application.list_utils - DEBUG - get_userlist [list_utils.py:322] - lists found (model, parent): [<UserList 3>]
2024-12-24 11:48:19,648 - application.list_utils - DEBUG - get_userlists_by_parent [list_utils.py:271] - get_userlists_by_parent: lists found (parent_entry_id)2: [<UserList 3>]
2024-12-24 11:48:19,648 - application.list_utils - DEBUG - get_userlist [list_utils.py:370] - List: test Floors, Order: 1
2024-12-24 11:48:19,648 - application.list_utils - DEBUG - get_userlist [list_utils.py:349] - len(lists) == 1: None Room 2
2024-12-24 11:48:19,649 - application.list_utils - DEBUG - get_userlists_by_parent [list_utils.py:271] - get_userlists_by_parent: lists found (parent_entry_id)3: [<UserList 4>]
2024-12-24 11:48:19,650 - application.list_utils - DEBUG - get_userlist [list_utils.py:368] - userlist.entries: [<UserListEntry 21>] List type: <class 'sqlalchemy.orm.collections.InstrumentedList'>
2024-12-24 11:48:19,651 - application.list_utils - DEBUG - get_userlists_by_parent [list_utils.py:271] - get_userlists_by_parent: lists found (parent_entry_id)2: [<UserList 3>]
2024-12-24 11:48:19,654 - application.list_utils - DEBUG - get_userlists_by_parent [list_utils.py:271] - get_userlists_by_parent: lists found (parent_entry_id)26: [<UserList 12>]
2024-12-24 11:48:19,654 - application.list_utils - DEBUG - get_userlist [list_utils.py:370] - List: test Main Floor Rooms, Order: 0
2024-12-24 11:48:19,655 - application.list_utils - DEBUG - get_userlists_by_parent [list_utils.py:271] - get_userlists_by_parent: lists found (parent_entry_id)3: [<UserList 4>]
2024-12-24 11:48:19,656 - application.list_utils - DEBUG - get_userlists_by_parent [list_utils.py:271] - get_userlists_by_parent: lists found (parent_entry_id)21: [<UserList 6>, <UserList 8>]
2024-12-24 11:48:19,658 - application.list_utils - DEBUG - get_userlists_by_parent [list_utils.py:271] - get_userlists_by_parent: lists found (parent_entry_id)26: [<UserList 12>]
2024-12-24 11:48:19,659 - application.list_utils - DEBUG - get_userlists_by_parent [list_utils.py:271] - get_userlists_by_parent: lists found (parent_entry_id)21: [<UserList 6>, <UserList 8>]
2024-12-24 11:48:19,660 - application.list_utils - DEBUG - get_userlists_by_parent [list_utils.py:271] - get_userlists_by_parent: lists found (parent_entry_id)24: [<UserList 9>, <UserList 11>]
2024-12-24 11:48:19,662 - application.list_utils - DEBUG - get_userlists_by_parent [list_utils.py:271] - get_userlists_by_parent: lists found (parent_entry_id)28: [<UserList 13>, <UserList 15>]
2024-12-24 11:48:19,675 - application.list_utils - DEBUG - get_top_userlists_by_root_parent [list_utils.py:292] - get_top_userlists_by_root_parent: lists found (parent_entry_id)1: [<UserList 8>, <UserList 11>, <UserList 15>]
2024-12-24 11:48:19,721 - application.list_utils - DEBUG - get_userlists_by_parent [list_utils.py:273] - get_userlists_by_parent: No lists found for parent_entry_id 22
2024-12-24 11:48:19,738 - application.list_utils - DEBUG - get_userlists_by_parent [list_utils.py:273] - get_userlists_by_parent: No lists found for parent_entry_id 25
2024-12-24 11:48:19,742 - application.list_utils - DEBUG - get_userlists_by_parent [list_utils.py:273] - get_userlists_by_parent: No lists found for parent_entry_id 29
2024-12-24 11:48:19,843 - application - DEBUG - after_request_time [__init__.py:42] - Request to /show_list/ took 0.22834205627441406 seconds
2024-12-24 11:48:19,844 - application - DEBUG - after_request_time [__init__.py:44] - view (after_request): map
2024-12-24 11:48:19,845 - application - DEBUG - after_request_time [__init__.py:46] - template (after_request): lists/list.html.jinja
2024-12-24 11:48:19,937 - application - DEBUG - after_request_time [__init__.py:42] - Request to /show_list/ took 0.318983793258667 seconds
2024-12-24 11:48:19,939 - application - DEBUG - after_request_time [__init__.py:44] - view (after_request): map
2024-12-24 11:48:19,940 - application - DEBUG - after_request_time [__init__.py:46] - template (after_request): lists/list.html.jinja
2024-12-24 11:48:20,013 - application - DEBUG - after_request_time [__init__.py:42] - Request to /show_list/ took 0.3938429355621338 seconds
2024-12-24 11:48:20,015 - application - DEBUG - after_request_time [__init__.py:44] - view (after_request): map
2024-12-24 11:48:20,015 - application.list_utils - DEBUG - get_list_entries_for_item [list_utils.py:428] - found_entries for <Photo 1>: [<UserListEntry 20>]
2024-12-24 11:48:20,015 - application - DEBUG - after_request_time [__init__.py:46] - template (after_request): lists/list.html.jinja
2024-12-24 11:48:20,017 - application.list_utils - DEBUG - get_list_entries_for_item [list_utils.py:436] - Entry: <UserListEntry 20>
2024-12-24 11:48:20,018 - application.list_utils - DEBUG - get_list_entries_for_item [list_utils.py:437] - Item Model: Photo, Item ID: 1
2024-12-24 11:48:20,018 - application.list_utils - DEBUG - get_list_entries_for_item [list_utils.py:438] - User List ID: 6 User List Name: Living Room 1 Photos
2024-12-24 11:48:20,019 - application.list_utils - DEBUG - get_list_entries_for_item [list_utils.py:439] - user: 1
2024-12-24 11:48:20,020 - application.list_routes - DEBUG - show_photo_entry [list_routes.py:312] - view_override: None
2024-12-24 11:48:20,021 - application.list_routes - DEBUG - show_photo_entry [list_routes.py:317] - view: map
2024-12-24 11:48:20,062 - application - DEBUG - after_request_time [__init__.py:42] - Request to /show_photo_entry/1 took 0.05238604545593262 seconds
2024-12-24 11:48:20,062 - application - DEBUG - after_request_time [__init__.py:44] - view (after_request): map
2024-12-24 11:48:20,062 - application - DEBUG - after_request_time [__init__.py:46] - template (after_request): lists/model/photo.html.jinja
2024-12-24 11:48:20,076 - application - DEBUG - after_request_time [__init__.py:42] - Request to /static/defaults/generic_room.webp took 0.0008132457733154297 seconds
2024-12-24 11:48:20,076 - application - DEBUG - after_request_time [__init__.py:44] - view (after_request): map
2024-12-24 11:48:20,076 - application - DEBUG - after_request_time [__init__.py:46] - template (after_request): None
2024-12-24 11:48:20,142 - application.list_routes - DEBUG - show_list [list_routes.py:219] - view: map
2024-12-24 11:48:20,222 - application - DEBUG - after_request_time [__init__.py:42] - Request to /show_list/7 took 0.08252096176147461 seconds
2024-12-24 11:48:20,222 - application - DEBUG - after_request_time [__init__.py:44] - view (after_request): map
2024-12-24 11:48:20,222 - application - DEBUG - after_request_time [__init__.py:46] - template (after_request): lists/list.html.jinja
2024-12-24 11:48:22,669 - application.list_utils - DEBUG - get_userlist [list_utils.py:308] - get_userlist(): item_model: Floor, list_name: None, parent_entry_id: None
2024-12-24 11:48:22,673 - application.list_utils - DEBUG - get_userlist [list_utils.py:318] - lists found (model): [<UserList 2>]
2024-12-24 11:48:22,673 - application.list_utils - DEBUG - get_userlist [list_utils.py:349] - len(lists) == 1: None Floor None
2024-12-24 11:48:22,674 - application.list_utils - DEBUG - get_userlist [list_utils.py:368] - userlist.entries: [<UserListEntry 2>, <UserListEntry 3>, <UserListEntry 26>] List type: <class 'sqlalchemy.orm.collections.InstrumentedList'>
2024-12-24 11:48:22,674 - application.list_utils - DEBUG - get_userlist [list_utils.py:370] - List: test Floors, Order: 5
2024-12-24 11:48:22,674 - application.list_utils - DEBUG - get_userlist [list_utils.py:370] - List: test Floors, Order: 3
2024-12-24 11:48:22,674 - application.list_utils - DEBUG - get_userlist [list_utils.py:370] - List: test Floors, Order: 1
2024-12-24 11:48:22,678 - application - DEBUG - after_request_time [__init__.py:42] - Request to /home/floors/setup took 0.012905359268188477 seconds
2024-12-24 11:48:22,679 - application - DEBUG - after_request_time [__init__.py:44] - view (after_request): map
2024-12-24 11:48:22,679 - application - DEBUG - after_request_time [__init__.py:46] - template (after_request): homes/create_floors.html.jinja
2024-12-24 11:48:22,755 - application.list_routes - DEBUG - show_list [list_routes.py:219] - view: map
2024-12-24 11:48:22,759 - application - DEBUG - after_request_time [__init__.py:42] - Request to /tutorial/pingrid took 0.006947994232177734 seconds
2024-12-24 11:48:22,759 - application.list_utils - DEBUG - get_list_entries_for_item [list_utils.py:428] - found_entries for <Home 1>: [<UserListEntry 1>]
2024-12-24 11:48:22,760 - application - DEBUG - after_request_time [__init__.py:44] - view (after_request): map
2024-12-24 11:48:22,760 - application - DEBUG - after_request_time [__init__.py:46] - template (after_request): walkthrough/parts/modal_room.jinja
2024-12-24 11:48:22,761 - application.list_utils - DEBUG - get_list_entries_for_item [list_utils.py:436] - Entry: <UserListEntry 1>
2024-12-24 11:48:22,762 - application.list_utils - DEBUG - get_list_entries_for_item [list_utils.py:437] - Item Model: Home, Item ID: 1
2024-12-24 11:48:22,762 - application.list_utils - DEBUG - get_list_entries_for_item [list_utils.py:438] - User List ID: 1 User List Name: bob Homes
2024-12-24 11:48:22,763 - application.list_utils - DEBUG - get_list_entries_for_item [list_utils.py:439] - user: 1
2024-12-24 11:48:22,763 - application.list_utils - DEBUG - get_userlist [list_utils.py:308] - get_userlist(): item_model: Floor, list_name: None, parent_entry_id: 1
2024-12-24 11:48:22,766 - application.list_utils - DEBUG - get_userlist [list_utils.py:322] - lists found (model, parent): [<UserList 2>]
2024-12-24 11:48:22,766 - application.list_utils - DEBUG - get_userlist [list_utils.py:349] - len(lists) == 1: None Floor 1
2024-12-24 11:48:22,767 - application.list_utils - DEBUG - get_userlist [list_utils.py:368] - userlist.entries: [<UserListEntry 2>, <UserListEntry 3>, <UserListEntry 26>] List type: <class 'sqlalchemy.orm.collections.InstrumentedList'>
2024-12-24 11:48:22,767 - application.list_utils - DEBUG - get_userlist [list_utils.py:370] - List: test Floors, Order: 5
2024-12-24 11:48:22,767 - application.list_utils - DEBUG - get_userlist [list_utils.py:370] - List: test Floors, Order: 3
2024-12-24 11:48:22,768 - application.list_utils - DEBUG - get_userlist [list_utils.py:370] - List: test Floors, Order: 1
2024-12-24 11:48:22,770 - application.list_utils - DEBUG - get_userlists_by_parent [list_utils.py:271] - get_userlists_by_parent: lists found (parent_entry_id)2: [<UserList 3>]
2024-12-24 11:48:22,772 - application.list_utils - DEBUG - get_userlists_by_parent [list_utils.py:271] - get_userlists_by_parent: lists found (parent_entry_id)3: [<UserList 4>]
2024-12-24 11:48:22,773 - application.list_utils - DEBUG - get_userlists_by_parent [list_utils.py:271] - get_userlists_by_parent: lists found (parent_entry_id)26: [<UserList 12>]
2024-12-24 11:48:22,800 - application - DEBUG - after_request_time [__init__.py:42] - Request to /show_list/ took 0.0465390682220459 seconds
2024-12-24 11:48:22,800 - application - DEBUG - after_request_time [__init__.py:44] - view (after_request): map
2024-12-24 11:48:22,800 - application - DEBUG - after_request_time [__init__.py:46] - template (after_request): lists/list.html.jinja
2024-12-24 11:48:26,218 - application - DEBUG - after_request_time [__init__.py:42] - Request to /go_define_rooms_button took 0.006693124771118164 seconds
2024-12-24 11:48:26,218 - application - DEBUG - after_request_time [__init__.py:44] - view (after_request): map
2024-12-24 11:48:26,218 - application - DEBUG - after_request_time [__init__.py:46] - template (after_request): homes/go_define_rooms_button.html.jinja
2024-12-24 11:48:37,222 - application.list_utils - DEBUG - get_userlist [list_utils.py:308] - get_userlist(): item_model: Floor, list_name: None, parent_entry_id: None
2024-12-24 11:48:37,223 - application.list_utils - DEBUG - get_userlist [list_utils.py:318] - lists found (model): [<UserList 2>]
2024-12-24 11:48:37,224 - application.list_utils - DEBUG - get_userlist [list_utils.py:349] - len(lists) == 1: None Floor None
2024-12-24 11:48:37,224 - application.list_utils - DEBUG - get_userlist [list_utils.py:368] - userlist.entries: [<UserListEntry 2>, <UserListEntry 3>, <UserListEntry 26>] List type: <class 'sqlalchemy.orm.collections.InstrumentedList'>
2024-12-24 11:48:37,224 - application.list_utils - DEBUG - get_userlist [list_utils.py:370] - List: test Floors, Order: 5
2024-12-24 11:48:37,225 - application.list_utils - DEBUG - get_userlist [list_utils.py:370] - List: test Floors, Order: 3
2024-12-24 11:48:37,225 - application.list_utils - DEBUG - get_userlist [list_utils.py:370] - List: test Floors, Order: 1
2024-12-24 11:48:37,226 - application - DEBUG - after_request_time [__init__.py:42] - Request to /home/floors/setup took 0.006518125534057617 seconds
2024-12-24 11:48:37,226 - application - DEBUG - after_request_time [__init__.py:44] - view (after_request): map
2024-12-24 11:48:37,226 - application - DEBUG - after_request_time [__init__.py:46] - template (after_request): homes/create_floors.html.jinja
2024-12-24 11:48:37,282 - application - DEBUG - after_request_time [__init__.py:42] - Request to /static/js/bundle.js took 0.001497030258178711 seconds
2024-12-24 11:48:37,283 - application - DEBUG - after_request_time [__init__.py:44] - view (after_request): map
2024-12-24 11:48:37,283 - application - DEBUG - after_request_time [__init__.py:46] - template (after_request): None
2024-12-24 11:48:37,393 - application.list_routes - DEBUG - show_list [list_routes.py:219] - view: map
2024-12-24 11:48:37,394 - application - DEBUG - after_request_time [__init__.py:42] - Request to /tutorial/pingrid took 0.0020029544830322266 seconds
2024-12-24 11:48:37,395 - application - DEBUG - after_request_time [__init__.py:44] - view (after_request): map
2024-12-24 11:48:37,396 - application.list_utils - DEBUG - get_list_entries_for_item [list_utils.py:428] - found_entries for <Home 1>: [<UserListEntry 1>]
2024-12-24 11:48:37,396 - application - DEBUG - after_request_time [__init__.py:46] - template (after_request): walkthrough/parts/modal_room.jinja
2024-12-24 11:48:37,397 - application.list_utils - DEBUG - get_list_entries_for_item [list_utils.py:436] - Entry: <UserListEntry 1>
2024-12-24 11:48:37,398 - application.list_utils - DEBUG - get_list_entries_for_item [list_utils.py:437] - Item Model: Home, Item ID: 1
2024-12-24 11:48:37,398 - application.list_utils - DEBUG - get_list_entries_for_item [list_utils.py:438] - User List ID: 1 User List Name: bob Homes
2024-12-24 11:48:37,399 - application.list_utils - DEBUG - get_list_entries_for_item [list_utils.py:439] - user: 1
2024-12-24 11:48:37,399 - application.list_utils - DEBUG - get_userlist [list_utils.py:308] - get_userlist(): item_model: Floor, list_name: None, parent_entry_id: 1
2024-12-24 11:48:37,401 - application.list_utils - DEBUG - get_userlist [list_utils.py:322] - lists found (model, parent): [<UserList 2>]
2024-12-24 11:48:37,402 - application.list_utils - DEBUG - get_userlist [list_utils.py:349] - len(lists) == 1: None Floor 1
2024-12-24 11:48:37,403 - application.list_utils - DEBUG - get_userlist [list_utils.py:368] - userlist.entries: [<UserListEntry 2>, <UserListEntry 3>, <UserListEntry 26>] List type: <class 'sqlalchemy.orm.collections.InstrumentedList'>
2024-12-24 11:48:37,403 - application.list_utils - DEBUG - get_userlist [list_utils.py:370] - List: test Floors, Order: 5
2024-12-24 11:48:37,404 - application.list_utils - DEBUG - get_userlist [list_utils.py:370] - List: test Floors, Order: 3
2024-12-24 11:48:37,404 - application.list_utils - DEBUG - get_userlist [list_utils.py:370] - List: test Floors, Order: 1
2024-12-24 11:48:37,406 - application.list_utils - DEBUG - get_userlists_by_parent [list_utils.py:271] - get_userlists_by_parent: lists found (parent_entry_id)2: [<UserList 3>]
2024-12-24 11:48:37,408 - application.list_utils - DEBUG - get_userlists_by_parent [list_utils.py:271] - get_userlists_by_parent: lists found (parent_entry_id)3: [<UserList 4>]
2024-12-24 11:48:37,409 - application.list_utils - DEBUG - get_userlists_by_parent [list_utils.py:271] - get_userlists_by_parent: lists found (parent_entry_id)26: [<UserList 12>]
2024-12-24 11:48:37,415 - application - DEBUG - after_request_time [__init__.py:42] - Request to /show_list/ took 0.024745941162109375 seconds
2024-12-24 11:48:37,415 - application - DEBUG - after_request_time [__init__.py:44] - view (after_request): map
2024-12-24 11:48:37,416 - application - DEBUG - after_request_time [__init__.py:46] - template (after_request): lists/list.html.jinja
2024-12-24 11:48:39,936 - application - DEBUG - after_request_time [__init__.py:42] - Request to /go_define_rooms_button took 0.0017600059509277344 seconds
2024-12-24 11:48:39,936 - application - DEBUG - after_request_time [__init__.py:44] - view (after_request): map
2024-12-24 11:48:39,936 - application - DEBUG - after_request_time [__init__.py:46] - template (after_request): homes/go_define_rooms_button.html.jinja
2024-12-24 11:48:42,781 - application.floors - DEBUG - set_active_floor [floors.py:43] - set_active_floor called with floor_id: 2
2024-12-24 11:48:42,788 - application.floors - DEBUG - set_active_floor [floors.py:54] - current_user.active_home.active_floor: <Floor 2>
2024-12-24 11:48:42,792 - application.floors - DEBUG - set_ground_floor [floors.py:73] - current_user.active_home.ground_floor: <Floor 2>
2024-12-24 11:48:44,178 - application.list_utils - DEBUG - get_userlist [list_utils.py:308] - get_userlist(): item_model: Floor, list_name: None, parent_entry_id: None
2024-12-24 11:48:44,179 - application.list_utils - DEBUG - get_userlist [list_utils.py:318] - lists found (model): [<UserList 2>]
2024-12-24 11:48:44,179 - application.list_utils - DEBUG - get_userlist [list_utils.py:349] - len(lists) == 1: None Floor None
2024-12-24 11:48:44,179 - application.list_utils - DEBUG - get_userlist [list_utils.py:368] - userlist.entries: [<UserListEntry 2>, <UserListEntry 3>, <UserListEntry 26>] List type: <class 'sqlalchemy.orm.collections.InstrumentedList'>
2024-12-24 11:48:44,180 - application.list_utils - DEBUG - get_userlist [list_utils.py:370] - List: test Floors, Order: 5
2024-12-24 11:48:44,180 - application.list_utils - DEBUG - get_userlist [list_utils.py:370] - List: test Floors, Order: 3
2024-12-24 11:48:44,180 - application.list_utils - DEBUG - get_userlist [list_utils.py:370] - List: test Floors, Order: 1
2024-12-24 11:48:44,181 - application - DEBUG - after_request_time [__init__.py:42] - Request to /home/floors/setup took 0.007876873016357422 seconds
2024-12-24 11:48:44,181 - application - DEBUG - after_request_time [__init__.py:44] - view (after_request): map
2024-12-24 11:48:44,182 - application - DEBUG - after_request_time [__init__.py:46] - template (after_request): homes/create_floors.html.jinja
2024-12-24 11:48:44,239 - application - DEBUG - after_request_time [__init__.py:42] - Request to /static/js/bundle.js took 0.00102996826171875 seconds
2024-12-24 11:48:44,239 - application - DEBUG - after_request_time [__init__.py:44] - view (after_request): map
2024-12-24 11:48:44,240 - application - DEBUG - after_request_time [__init__.py:46] - template (after_request): None
2024-12-24 11:48:44,354 - application.list_routes - DEBUG - show_list [list_routes.py:219] - view: map
2024-12-24 11:48:44,358 - application - DEBUG - after_request_time [__init__.py:42] - Request to /tutorial/pingrid took 0.0028269290924072266 seconds
2024-12-24 11:48:44,358 - application.list_utils - DEBUG - get_list_entries_for_item [list_utils.py:428] - found_entries for <Home 1>: [<UserListEntry 1>]
2024-12-24 11:48:44,358 - application - DEBUG - after_request_time [__init__.py:44] - view (after_request): map
2024-12-24 11:48:44,360 - application.list_utils - DEBUG - get_list_entries_for_item [list_utils.py:436] - Entry: <UserListEntry 1>
2024-12-24 11:48:44,359 - application - DEBUG - after_request_time [__init__.py:46] - template (after_request): walkthrough/parts/modal_room.jinja
2024-12-24 11:48:44,360 - application.list_utils - DEBUG - get_list_entries_for_item [list_utils.py:437] - Item Model: Home, Item ID: 1
2024-12-24 11:48:44,362 - application.list_utils - DEBUG - get_list_entries_for_item [list_utils.py:438] - User List ID: 1 User List Name: bob Homes
2024-12-24 11:48:44,362 - application.list_utils - DEBUG - get_list_entries_for_item [list_utils.py:439] - user: 1
2024-12-24 11:48:44,363 - application.list_utils - DEBUG - get_userlist [list_utils.py:308] - get_userlist(): item_model: Floor, list_name: None, parent_entry_id: 1
2024-12-24 11:48:44,364 - application.list_utils - DEBUG - get_userlist [list_utils.py:322] - lists found (model, parent): [<UserList 2>]
2024-12-24 11:48:44,365 - application.list_utils - DEBUG - get_userlist [list_utils.py:349] - len(lists) == 1: None Floor 1
2024-12-24 11:48:44,366 - application.list_utils - DEBUG - get_userlist [list_utils.py:368] - userlist.entries: [<UserListEntry 2>, <UserListEntry 3>, <UserListEntry 26>] List type: <class 'sqlalchemy.orm.collections.InstrumentedList'>
2024-12-24 11:48:44,367 - application.list_utils - DEBUG - get_userlist [list_utils.py:370] - List: test Floors, Order: 5
2024-12-24 11:48:44,367 - application.list_utils - DEBUG - get_userlist [list_utils.py:370] - List: test Floors, Order: 3
2024-12-24 11:48:44,367 - application.list_utils - DEBUG - get_userlist [list_utils.py:370] - List: test Floors, Order: 1
2024-12-24 11:48:44,369 - application.list_utils - DEBUG - get_userlists_by_parent [list_utils.py:271] - get_userlists_by_parent: lists found (parent_entry_id)2: [<UserList 3>]
2024-12-24 11:48:44,370 - application.list_utils - DEBUG - get_userlists_by_parent [list_utils.py:271] - get_userlists_by_parent: lists found (parent_entry_id)3: [<UserList 4>]
2024-12-24 11:48:44,371 - application.list_utils - DEBUG - get_userlists_by_parent [list_utils.py:271] - get_userlists_by_parent: lists found (parent_entry_id)26: [<UserList 12>]
2024-12-24 11:48:44,378 - application - DEBUG - after_request_time [__init__.py:42] - Request to /show_list/ took 0.026208877563476562 seconds
2024-12-24 11:48:44,379 - application - DEBUG - after_request_time [__init__.py:44] - view (after_request): map
2024-12-24 11:48:44,379 - application - DEBUG - after_request_time [__init__.py:46] - template (after_request): lists/list.html.jinja
2024-12-24 11:48:46,881 - application - DEBUG - after_request_time [__init__.py:42] - Request to /go_define_rooms_button took 0.0016140937805175781 seconds
2024-12-24 11:48:46,882 - application - DEBUG - after_request_time [__init__.py:44] - view (after_request): map
2024-12-24 11:48:46,882 - application - DEBUG - after_request_time [__init__.py:46] - template (after_request): homes/go_define_rooms_button.html.jinja
2024-12-24 11:49:40,440 - application.list_utils - DEBUG - get_userlist [list_utils.py:308] - get_userlist(): item_model: Floor, list_name: None, parent_entry_id: None
2024-12-24 11:49:40,441 - application.list_utils - DEBUG - get_userlist [list_utils.py:318] - lists found (model): [<UserList 2>]
2024-12-24 11:49:40,442 - application.list_utils - DEBUG - get_userlist [list_utils.py:349] - len(lists) == 1: None Floor None
2024-12-24 11:49:40,442 - application.list_utils - DEBUG - get_userlist [list_utils.py:368] - userlist.entries: [<UserListEntry 2>, <UserListEntry 3>, <UserListEntry 26>] List type: <class 'sqlalchemy.orm.collections.InstrumentedList'>
2024-12-24 11:49:40,443 - application.list_utils - DEBUG - get_userlist [list_utils.py:370] - List: test Floors, Order: 5
2024-12-24 11:49:40,443 - application.list_utils - DEBUG - get_userlist [list_utils.py:370] - List: test Floors, Order: 3
2024-12-24 11:49:40,443 - application.list_utils - DEBUG - get_userlist [list_utils.py:370] - List: test Floors, Order: 1
2024-12-24 11:49:40,444 - application - DEBUG - after_request_time [__init__.py:42] - Request to /home/floors/setup took 0.0069580078125 seconds
2024-12-24 11:49:40,444 - application - DEBUG - after_request_time [__init__.py:44] - view (after_request): map
2024-12-24 11:49:40,445 - application - DEBUG - after_request_time [__init__.py:46] - template (after_request): homes/create_floors.html.jinja
2024-12-24 11:49:40,501 - application - DEBUG - after_request_time [__init__.py:42] - Request to /static/js/bundle.js took 0.0012726783752441406 seconds
2024-12-24 11:49:40,501 - application - DEBUG - after_request_time [__init__.py:44] - view (after_request): map
2024-12-24 11:49:40,502 - application - DEBUG - after_request_time [__init__.py:46] - template (after_request): None
2024-12-24 11:49:40,598 - application - DEBUG - after_request_time [__init__.py:42] - Request to /favicon.ico took 0.00023412704467773438 seconds
2024-12-24 11:49:40,598 - application - DEBUG - after_request_time [__init__.py:44] - view (after_request): map
2024-12-24 11:49:40,598 - application - DEBUG - after_request_time [__init__.py:46] - template (after_request): None
2024-12-24 11:49:40,618 - application.list_routes - DEBUG - show_list [list_routes.py:219] - view: map
2024-12-24 11:49:40,619 - application - DEBUG - after_request_time [__init__.py:42] - Request to /tutorial/pingrid took 0.001840353012084961 seconds
2024-12-24 11:49:40,620 - application.list_utils - DEBUG - get_list_entries_for_item [list_utils.py:428] - found_entries for <Home 1>: [<UserListEntry 1>]
2024-12-24 11:49:40,621 - application - DEBUG - after_request_time [__init__.py:44] - view (after_request): map
2024-12-24 11:49:40,621 - application - DEBUG - after_request_time [__init__.py:46] - template (after_request): walkthrough/parts/modal_room.jinja
2024-12-24 11:49:40,622 - application.list_utils - DEBUG - get_list_entries_for_item [list_utils.py:436] - Entry: <UserListEntry 1>
2024-12-24 11:49:40,623 - application.list_utils - DEBUG - get_list_entries_for_item [list_utils.py:437] - Item Model: Home, Item ID: 1
2024-12-24 11:49:40,623 - application.list_utils - DEBUG - get_list_entries_for_item [list_utils.py:438] - User List ID: 1 User List Name: bob Homes
2024-12-24 11:49:40,623 - application.list_utils - DEBUG - get_list_entries_for_item [list_utils.py:439] - user: 1
2024-12-24 11:49:40,623 - application.list_utils - DEBUG - get_userlist [list_utils.py:308] - get_userlist(): item_model: Floor, list_name: None, parent_entry_id: 1
2024-12-24 11:49:40,626 - application.list_utils - DEBUG - get_userlist [list_utils.py:322] - lists found (model, parent): [<UserList 2>]
2024-12-24 11:49:40,626 - application.list_utils - DEBUG - get_userlist [list_utils.py:349] - len(lists) == 1: None Floor 1
2024-12-24 11:49:40,627 - application.list_utils - DEBUG - get_userlist [list_utils.py:368] - userlist.entries: [<UserListEntry 2>, <UserListEntry 3>, <UserListEntry 26>] List type: <class 'sqlalchemy.orm.collections.InstrumentedList'>
2024-12-24 11:49:40,627 - application.list_utils - DEBUG - get_userlist [list_utils.py:370] - List: test Floors, Order: 5
2024-12-24 11:49:40,628 - application.list_utils - DEBUG - get_userlist [list_utils.py:370] - List: test Floors, Order: 3
2024-12-24 11:49:40,629 - application.list_utils - DEBUG - get_userlist [list_utils.py:370] - List: test Floors, Order: 1
2024-12-24 11:49:40,630 - application.list_utils - DEBUG - get_userlists_by_parent [list_utils.py:271] - get_userlists_by_parent: lists found (parent_entry_id)2: [<UserList 3>]
2024-12-24 11:49:40,631 - application.list_utils - DEBUG - get_userlists_by_parent [list_utils.py:271] - get_userlists_by_parent: lists found (parent_entry_id)3: [<UserList 4>]
2024-12-24 11:49:40,632 - application.list_utils - DEBUG - get_userlists_by_parent [list_utils.py:271] - get_userlists_by_parent: lists found (parent_entry_id)26: [<UserList 12>]
2024-12-24 11:49:40,639 - application - DEBUG - after_request_time [__init__.py:42] - Request to /show_list/ took 0.02556610107421875 seconds
2024-12-24 11:49:40,639 - application - DEBUG - after_request_time [__init__.py:44] - view (after_request): map
2024-12-24 11:49:40,640 - application - DEBUG - after_request_time [__init__.py:46] - template (after_request): lists/list.html.jinja
2024-12-24 11:49:43,331 - application - DEBUG - after_request_time [__init__.py:42] - Request to /go_define_rooms_button took 0.0019156932830810547 seconds
2024-12-24 11:49:43,331 - application - DEBUG - after_request_time [__init__.py:44] - view (after_request): map
2024-12-24 11:49:43,332 - application - DEBUG - after_request_time [__init__.py:46] - template (after_request): homes/go_define_rooms_button.html.jinja
2024-12-24 11:49:46,395 - application.floors - DEBUG - set_active_floor [floors.py:43] - set_active_floor called with floor_id: 1
2024-12-24 11:49:46,402 - application.list_utils - DEBUG - get_list_entries_for_item [list_utils.py:428] - found_entries for <Floor 2>: [<UserListEntry 3>]
2024-12-24 11:49:46,405 - application.list_utils - DEBUG - get_list_entries_for_item [list_utils.py:436] - Entry: <UserListEntry 3>
2024-12-24 11:49:46,406 - application.floors - DEBUG - set_active_floor [floors.py:54] - current_user.active_home.active_floor: <Floor 1>
2024-12-24 11:49:46,406 - application.list_utils - DEBUG - get_list_entries_for_item [list_utils.py:437] - Item Model: Floor, Item ID: 2
2024-12-24 11:49:46,407 - application.list_utils - DEBUG - get_list_entries_for_item [list_utils.py:438] - User List ID: 2 User List Name: test Floors
2024-12-24 11:49:46,407 - application.list_utils - DEBUG - get_list_entries_for_item [list_utils.py:439] - user: 1
2024-12-24 11:49:46,408 - application.floors - DEBUG - get_ground_floor_entry_id [floors.py:90] - get_ground_floor_entry_id called 3
2024-12-24 11:49:46,409 - application - DEBUG - after_request_time [__init__.py:42] - Request to /get_ground_floor_entry_id took 0.011654138565063477 seconds
2024-12-24 11:49:46,410 - application - DEBUG - after_request_time [__init__.py:44] - view (after_request): map
2024-12-24 11:49:46,411 - application.floors - DEBUG - set_ground_floor [floors.py:73] - current_user.active_home.ground_floor: <Floor 1>
2024-12-24 11:49:46,411 - application - DEBUG - after_request_time [__init__.py:46] - template (after_request): None
2024-12-24 11:49:48,582 - application.list_utils - DEBUG - get_userlist [list_utils.py:308] - get_userlist(): item_model: Floor, list_name: None, parent_entry_id: None
2024-12-24 11:49:48,584 - application.list_utils - DEBUG - get_userlist [list_utils.py:318] - lists found (model): [<UserList 2>]
2024-12-24 11:49:48,585 - application.list_utils - DEBUG - get_userlist [list_utils.py:349] - len(lists) == 1: None Floor None
2024-12-24 11:49:48,586 - application.list_utils - DEBUG - get_userlist [list_utils.py:368] - userlist.entries: [<UserListEntry 2>, <UserListEntry 3>, <UserListEntry 26>] List type: <class 'sqlalchemy.orm.collections.InstrumentedList'>
2024-12-24 11:49:48,586 - application.list_utils - DEBUG - get_userlist [list_utils.py:370] - List: test Floors, Order: 5
2024-12-24 11:49:48,587 - application.list_utils - DEBUG - get_userlist [list_utils.py:370] - List: test Floors, Order: 3
2024-12-24 11:49:48,587 - application.list_utils - DEBUG - get_userlist [list_utils.py:370] - List: test Floors, Order: 1
2024-12-24 11:49:48,589 - application - DEBUG - after_request_time [__init__.py:42] - Request to /home/floors/setup took 0.009782075881958008 seconds
2024-12-24 11:49:48,590 - application - DEBUG - after_request_time [__init__.py:44] - view (after_request): map
2024-12-24 11:49:48,590 - application - DEBUG - after_request_time [__init__.py:46] - template (after_request): homes/create_floors.html.jinja
2024-12-24 11:49:48,644 - application - DEBUG - after_request_time [__init__.py:42] - Request to /static/js/bundle.js took 0.0008838176727294922 seconds
2024-12-24 11:49:48,645 - application - DEBUG - after_request_time [__init__.py:44] - view (after_request): map
2024-12-24 11:49:48,645 - application - DEBUG - after_request_time [__init__.py:46] - template (after_request): None
2024-12-24 11:49:48,769 - application.list_routes - DEBUG - show_list [list_routes.py:219] - view: map
2024-12-24 11:49:48,770 - application - DEBUG - after_request_time [__init__.py:42] - Request to /tutorial/pingrid took 0.0012359619140625 seconds
2024-12-24 11:49:48,772 - application.list_utils - DEBUG - get_list_entries_for_item [list_utils.py:428] - found_entries for <Home 1>: [<UserListEntry 1>]
2024-12-24 11:49:48,772 - application - DEBUG - after_request_time [__init__.py:44] - view (after_request): map
2024-12-24 11:49:48,772 - application - DEBUG - after_request_time [__init__.py:46] - template (after_request): walkthrough/parts/modal_room.jinja
2024-12-24 11:49:48,773 - application.list_utils - DEBUG - get_list_entries_for_item [list_utils.py:436] - Entry: <UserListEntry 1>
2024-12-24 11:49:48,774 - application.list_utils - DEBUG - get_list_entries_for_item [list_utils.py:437] - Item Model: Home, Item ID: 1
2024-12-24 11:49:48,774 - application.list_utils - DEBUG - get_list_entries_for_item [list_utils.py:438] - User List ID: 1 User List Name: bob Homes
2024-12-24 11:49:48,775 - application.list_utils - DEBUG - get_list_entries_for_item [list_utils.py:439] - user: 1
2024-12-24 11:49:48,775 - application.list_utils - DEBUG - get_userlist [list_utils.py:308] - get_userlist(): item_model: Floor, list_name: None, parent_entry_id: 1
2024-12-24 11:49:48,778 - application.list_utils - DEBUG - get_userlist [list_utils.py:322] - lists found (model, parent): [<UserList 2>]
2024-12-24 11:49:48,778 - application.list_utils - DEBUG - get_userlist [list_utils.py:349] - len(lists) == 1: None Floor 1
2024-12-24 11:49:48,779 - application.list_utils - DEBUG - get_userlist [list_utils.py:368] - userlist.entries: [<UserListEntry 2>, <UserListEntry 3>, <UserListEntry 26>] List type: <class 'sqlalchemy.orm.collections.InstrumentedList'>
2024-12-24 11:49:48,780 - application.list_utils - DEBUG - get_userlist [list_utils.py:370] - List: test Floors, Order: 5
2024-12-24 11:49:48,780 - application.list_utils - DEBUG - get_userlist [list_utils.py:370] - List: test Floors, Order: 3
2024-12-24 11:49:48,781 - application.list_utils - DEBUG - get_userlist [list_utils.py:370] - List: test Floors, Order: 1
2024-12-24 11:49:48,782 - application.list_utils - DEBUG - get_userlists_by_parent [list_utils.py:271] - get_userlists_by_parent: lists found (parent_entry_id)2: [<UserList 3>]
2024-12-24 11:49:48,783 - application.list_utils - DEBUG - get_userlists_by_parent [list_utils.py:271] - get_userlists_by_parent: lists found (parent_entry_id)3: [<UserList 4>]
2024-12-24 11:49:48,785 - application.list_utils - DEBUG - get_userlists_by_parent [list_utils.py:271] - get_userlists_by_parent: lists found (parent_entry_id)26: [<UserList 12>]
2024-12-24 11:49:48,795 - application - DEBUG - after_request_time [__init__.py:42] - Request to /show_list/ took 0.029219865798950195 seconds
2024-12-24 11:49:48,796 - application - DEBUG - after_request_time [__init__.py:44] - view (after_request): map
2024-12-24 11:49:48,796 - application - DEBUG - after_request_time [__init__.py:46] - template (after_request): lists/list.html.jinja
2024-12-24 11:49:51,327 - application - DEBUG - after_request_time [__init__.py:42] - Request to /go_define_rooms_button took 0.0020248889923095703 seconds
2024-12-24 11:49:51,327 - application - DEBUG - after_request_time [__init__.py:44] - view (after_request): map
2024-12-24 11:49:51,327 - application - DEBUG - after_request_time [__init__.py:46] - template (after_request): homes/go_define_rooms_button.html.jinja
2024-12-24 11:49:53,396 - application.floors - DEBUG - set_active_floor [floors.py:43] - set_active_floor called with floor_id: 2
2024-12-24 11:49:53,400 - application.list_utils - DEBUG - get_list_entries_for_item [list_utils.py:428] - found_entries for <Floor 1>: [<UserListEntry 2>]
2024-12-24 11:49:53,402 - application.list_utils - DEBUG - get_list_entries_for_item [list_utils.py:436] - Entry: <UserListEntry 2>
2024-12-24 11:49:53,403 - application.floors - DEBUG - set_active_floor [floors.py:54] - current_user.active_home.active_floor: <Floor 2>
2024-12-24 11:49:53,404 - application.list_utils - DEBUG - get_list_entries_for_item [list_utils.py:437] - Item Model: Floor, Item ID: 1
2024-12-24 11:49:53,405 - application.list_utils - DEBUG - get_list_entries_for_item [list_utils.py:438] - User List ID: 2 User List Name: test Floors
2024-12-24 11:49:53,405 - application.list_utils - DEBUG - get_list_entries_for_item [list_utils.py:439] - user: 1
2024-12-24 11:49:53,405 - application.floors - DEBUG - get_ground_floor_entry_id [floors.py:90] - get_ground_floor_entry_id called 2
2024-12-24 11:49:53,406 - application - DEBUG - after_request_time [__init__.py:42] - Request to /get_ground_floor_entry_id took 0.009322881698608398 seconds
2024-12-24 11:49:53,406 - application - DEBUG - after_request_time [__init__.py:44] - view (after_request): map
2024-12-24 11:49:53,408 - application - DEBUG - after_request_time [__init__.py:46] - template (after_request): None
2024-12-24 11:49:53,409 - application.floors - DEBUG - set_ground_floor [floors.py:73] - current_user.active_home.ground_floor: <Floor 2>
2024-12-24 11:49:55,334 - application.list_utils - DEBUG - get_userlist [list_utils.py:308] - get_userlist(): item_model: Floor, list_name: None, parent_entry_id: None
2024-12-24 11:49:55,336 - application.list_utils - DEBUG - get_userlist [list_utils.py:318] - lists found (model): [<UserList 2>]
2024-12-24 11:49:55,337 - application.list_utils - DEBUG - get_userlist [list_utils.py:349] - len(lists) == 1: None Floor None
2024-12-24 11:49:55,337 - application.list_utils - DEBUG - get_userlist [list_utils.py:368] - userlist.entries: [<UserListEntry 2>, <UserListEntry 3>, <UserListEntry 26>] List type: <class 'sqlalchemy.orm.collections.InstrumentedList'>
2024-12-24 11:49:55,338 - application.list_utils - DEBUG - get_userlist [list_utils.py:370] - List: test Floors, Order: 5
2024-12-24 11:49:55,338 - application.list_utils - DEBUG - get_userlist [list_utils.py:370] - List: test Floors, Order: 3
2024-12-24 11:49:55,338 - application.list_utils - DEBUG - get_userlist [list_utils.py:370] - List: test Floors, Order: 1
2024-12-24 11:49:55,340 - application - DEBUG - after_request_time [__init__.py:42] - Request to /home/floors/setup took 0.007909059524536133 seconds
2024-12-24 11:49:55,340 - application - DEBUG - after_request_time [__init__.py:44] - view (after_request): map
2024-12-24 11:49:55,340 - application - DEBUG - after_request_time [__init__.py:46] - template (after_request): homes/create_floors.html.jinja
2024-12-24 11:49:55,395 - application - DEBUG - after_request_time [__init__.py:42] - Request to /static/js/bundle.js took 0.0008609294891357422 seconds
2024-12-24 11:49:55,395 - application - DEBUG - after_request_time [__init__.py:44] - view (after_request): map
2024-12-24 11:49:55,396 - application - DEBUG - after_request_time [__init__.py:46] - template (after_request): None
2024-12-24 11:49:55,505 - application.list_routes - DEBUG - show_list [list_routes.py:219] - view: map
2024-12-24 11:49:55,505 - application - DEBUG - after_request_time [__init__.py:42] - Request to /tutorial/pingrid took 0.0016281604766845703 seconds
2024-12-24 11:49:55,507 - application - DEBUG - after_request_time [__init__.py:44] - view (after_request): map
2024-12-24 11:49:55,507 - application.list_utils - DEBUG - get_list_entries_for_item [list_utils.py:428] - found_entries for <Home 1>: [<UserListEntry 1>]
2024-12-24 11:49:55,507 - application - DEBUG - after_request_time [__init__.py:46] - template (after_request): walkthrough/parts/modal_room.jinja
2024-12-24 11:49:55,509 - application.list_utils - DEBUG - get_list_entries_for_item [list_utils.py:436] - Entry: <UserListEntry 1>
2024-12-24 11:49:55,509 - application.list_utils - DEBUG - get_list_entries_for_item [list_utils.py:437] - Item Model: Home, Item ID: 1
2024-12-24 11:49:55,509 - application.list_utils - DEBUG - get_list_entries_for_item [list_utils.py:438] - User List ID: 1 User List Name: bob Homes
2024-12-24 11:49:55,510 - application.list_utils - DEBUG - get_list_entries_for_item [list_utils.py:439] - user: 1
2024-12-24 11:49:55,510 - application.list_utils - DEBUG - get_userlist [list_utils.py:308] - get_userlist(): item_model: Floor, list_name: None, parent_entry_id: 1
2024-12-24 11:49:55,512 - application.list_utils - DEBUG - get_userlist [list_utils.py:322] - lists found (model, parent): [<UserList 2>]
2024-12-24 11:49:55,513 - application.list_utils - DEBUG - get_userlist [list_utils.py:349] - len(lists) == 1: None Floor 1
2024-12-24 11:49:55,513 - application.list_utils - DEBUG - get_userlist [list_utils.py:368] - userlist.entries: [<UserListEntry 2>, <UserListEntry 3>, <UserListEntry 26>] List type: <class 'sqlalchemy.orm.collections.InstrumentedList'>
2024-12-24 11:49:55,514 - application.list_utils - DEBUG - get_userlist [list_utils.py:370] - List: test Floors, Order: 5
2024-12-24 11:49:55,514 - application.list_utils - DEBUG - get_userlist [list_utils.py:370] - List: test Floors, Order: 3
2024-12-24 11:49:55,515 - application.list_utils - DEBUG - get_userlist [list_utils.py:370] - List: test Floors, Order: 1
2024-12-24 11:49:55,516 - application.list_utils - DEBUG - get_userlists_by_parent [list_utils.py:271] - get_userlists_by_parent: lists found (parent_entry_id)2: [<UserList 3>]
2024-12-24 11:49:55,517 - application.list_utils - DEBUG - get_userlists_by_parent [list_utils.py:271] - get_userlists_by_parent: lists found (parent_entry_id)3: [<UserList 4>]
2024-12-24 11:49:55,520 - application.list_utils - DEBUG - get_userlists_by_parent [list_utils.py:271] - get_userlists_by_parent: lists found (parent_entry_id)26: [<UserList 12>]
2024-12-24 11:49:55,529 - application - DEBUG - after_request_time [__init__.py:42] - Request to /show_list/ took 0.02576589584350586 seconds
2024-12-24 11:49:55,529 - application - DEBUG - after_request_time [__init__.py:44] - view (after_request): map
2024-12-24 11:49:55,529 - application - DEBUG - after_request_time [__init__.py:46] - template (after_request): lists/list.html.jinja
2024-12-24 11:49:57,999 - application - DEBUG - after_request_time [__init__.py:42] - Request to /go_define_rooms_button took 0.0016140937805175781 seconds
2024-12-24 11:49:57,999 - application - DEBUG - after_request_time [__init__.py:44] - view (after_request): map
2024-12-24 11:49:57,999 - application - DEBUG - after_request_time [__init__.py:46] - template (after_request): homes/go_define_rooms_button.html.jinja
2024-12-24 11:50:14,453 - application.list_utils - DEBUG - get_userlist [list_utils.py:308] - get_userlist(): item_model: Floor, list_name: None, parent_entry_id: None
2024-12-24 11:50:14,455 - application.list_utils - DEBUG - get_userlist [list_utils.py:318] - lists found (model): [<UserList 2>]
2024-12-24 11:50:14,456 - application.list_utils - DEBUG - get_userlist [list_utils.py:349] - len(lists) == 1: None Floor None
2024-12-24 11:50:14,456 - application.list_utils - DEBUG - get_userlist [list_utils.py:368] - userlist.entries: [<UserListEntry 2>, <UserListEntry 3>, <UserListEntry 26>] List type: <class 'sqlalchemy.orm.collections.InstrumentedList'>
2024-12-24 11:50:14,457 - application.list_utils - DEBUG - get_userlist [list_utils.py:370] - List: test Floors, Order: 5
2024-12-24 11:50:14,457 - application.list_utils - DEBUG - get_userlist [list_utils.py:370] - List: test Floors, Order: 3
2024-12-24 11:50:14,458 - application.list_utils - DEBUG - get_userlist [list_utils.py:370] - List: test Floors, Order: 1
2024-12-24 11:50:14,459 - application - DEBUG - after_request_time [__init__.py:42] - Request to /home/floors/setup took 0.009167671203613281 seconds
2024-12-24 11:50:14,459 - application - DEBUG - after_request_time [__init__.py:44] - view (after_request): map
2024-12-24 11:50:14,460 - application - DEBUG - after_request_time [__init__.py:46] - template (after_request): homes/create_floors.html.jinja
2024-12-24 11:50:14,517 - application - DEBUG - after_request_time [__init__.py:42] - Request to /static/js/bundle.js took 0.0010149478912353516 seconds
2024-12-24 11:50:14,517 - application - DEBUG - after_request_time [__init__.py:44] - view (after_request): map
2024-12-24 11:50:14,518 - application - DEBUG - after_request_time [__init__.py:46] - template (after_request): None
2024-12-24 11:50:14,690 - application.list_routes - DEBUG - show_list [list_routes.py:219] - view: map
2024-12-24 11:50:14,696 - application.list_utils - DEBUG - get_list_entries_for_item [list_utils.py:428] - found_entries for <Home 1>: [<UserListEntry 1>]
2024-12-24 11:50:14,696 - application - DEBUG - after_request_time [__init__.py:42] - Request to /tutorial/pingrid took 0.002537965774536133 seconds
2024-12-24 11:50:14,698 - application.list_utils - DEBUG - get_list_entries_for_item [list_utils.py:436] - Entry: <UserListEntry 1>
2024-12-24 11:50:14,699 - application.list_utils - DEBUG - get_list_entries_for_item [list_utils.py:437] - Item Model: Home, Item ID: 1
2024-12-24 11:50:14,698 - application - DEBUG - after_request_time [__init__.py:44] - view (after_request): map
2024-12-24 11:50:14,699 - application.list_utils - DEBUG - get_list_entries_for_item [list_utils.py:438] - User List ID: 1 User List Name: bob Homes
2024-12-24 11:50:14,700 - application - DEBUG - after_request_time [__init__.py:46] - template (after_request): walkthrough/parts/modal_room.jinja
2024-12-24 11:50:14,700 - application.list_utils - DEBUG - get_list_entries_for_item [list_utils.py:439] - user: 1
2024-12-24 11:50:14,702 - application.list_utils - DEBUG - get_userlist [list_utils.py:308] - get_userlist(): item_model: Floor, list_name: None, parent_entry_id: 1
2024-12-24 11:50:14,703 - application.list_utils - DEBUG - get_userlist [list_utils.py:322] - lists found (model, parent): [<UserList 2>]
2024-12-24 11:50:14,704 - application.list_utils - DEBUG - get_userlist [list_utils.py:349] - len(lists) == 1: None Floor 1
2024-12-24 11:50:14,704 - application.list_utils - DEBUG - get_userlist [list_utils.py:368] - userlist.entries: [<UserListEntry 2>, <UserListEntry 3>, <UserListEntry 26>] List type: <class 'sqlalchemy.orm.collections.InstrumentedList'>
2024-12-24 11:50:14,704 - application.list_utils - DEBUG - get_userlist [list_utils.py:370] - List: test Floors, Order: 5
2024-12-24 11:50:14,706 - application.list_utils - DEBUG - get_userlist [list_utils.py:370] - List: test Floors, Order: 3
2024-12-24 11:50:14,707 - application.list_utils - DEBUG - get_userlist [list_utils.py:370] - List: test Floors, Order: 1
2024-12-24 11:50:14,710 - application.list_utils - DEBUG - get_userlists_by_parent [list_utils.py:271] - get_userlists_by_parent: lists found (parent_entry_id)2: [<UserList 3>]
2024-12-24 11:50:14,712 - application.list_utils - DEBUG - get_userlists_by_parent [list_utils.py:271] - get_userlists_by_parent: lists found (parent_entry_id)3: [<UserList 4>]
2024-12-24 11:50:14,714 - application.list_utils - DEBUG - get_userlists_by_parent [list_utils.py:271] - get_userlists_by_parent: lists found (parent_entry_id)26: [<UserList 12>]
2024-12-24 11:50:14,725 - application - DEBUG - after_request_time [__init__.py:42] - Request to /show_list/ took 0.03714132308959961 seconds
2024-12-24 11:50:14,725 - application - DEBUG - after_request_time [__init__.py:44] - view (after_request): map
2024-12-24 11:50:14,725 - application - DEBUG - after_request_time [__init__.py:46] - template (after_request): lists/list.html.jinja
2024-12-24 11:50:17,281 - application - DEBUG - after_request_time [__init__.py:42] - Request to /go_define_rooms_button took 0.001936197280883789 seconds
2024-12-24 11:50:17,281 - application - DEBUG - after_request_time [__init__.py:44] - view (after_request): map
2024-12-24 11:50:17,281 - application - DEBUG - after_request_time [__init__.py:46] - template (after_request): homes/go_define_rooms_button.html.jinja
2024-12-24 11:50:20,799 - application.list_utils - DEBUG - get_list_entries_for_item [list_utils.py:428] - found_entries for <Floor 2>: [<UserListEntry 3>]
2024-12-24 11:50:20,800 - application.list_utils - DEBUG - get_list_entries_for_item [list_utils.py:436] - Entry: <UserListEntry 3>
2024-12-24 11:50:20,800 - application.list_utils - DEBUG - get_list_entries_for_item [list_utils.py:437] - Item Model: Floor, Item ID: 2
2024-12-24 11:50:20,801 - application.list_utils - DEBUG - get_list_entries_for_item [list_utils.py:438] - User List ID: 2 User List Name: test Floors
2024-12-24 11:50:20,801 - application.list_utils - DEBUG - get_list_entries_for_item [list_utils.py:439] - user: 1
2024-12-24 11:50:20,801 - application.floors - DEBUG - get_ground_floor_entry_id [floors.py:90] - get_ground_floor_entry_id called 3
2024-12-24 11:50:20,801 - application - DEBUG - after_request_time [__init__.py:42] - Request to /get_ground_floor_entry_id took 0.003905773162841797 seconds
2024-12-24 11:50:20,801 - application - DEBUG - after_request_time [__init__.py:44] - view (after_request): map
2024-12-24 11:50:20,802 - application - DEBUG - after_request_time [__init__.py:46] - template (after_request): None
2024-12-24 11:50:21,802 - application.list_utils - DEBUG - get_list_entries_for_item [list_utils.py:428] - found_entries for <Floor 2>: [<UserListEntry 3>]
2024-12-24 11:50:21,803 - application.list_utils - DEBUG - get_list_entries_for_item [list_utils.py:436] - Entry: <UserListEntry 3>
2024-12-24 11:50:21,803 - application.list_utils - DEBUG - get_list_entries_for_item [list_utils.py:437] - Item Model: Floor, Item ID: 2
2024-12-24 11:50:21,803 - application.list_utils - DEBUG - get_list_entries_for_item [list_utils.py:438] - User List ID: 2 User List Name: test Floors
2024-12-24 11:50:21,804 - application.list_utils - DEBUG - get_list_entries_for_item [list_utils.py:439] - user: 1
2024-12-24 11:50:21,804 - application.floors - DEBUG - get_ground_floor_entry_id [floors.py:90] - get_ground_floor_entry_id called 3
2024-12-24 11:50:21,804 - application - DEBUG - after_request_time [__init__.py:42] - Request to /get_ground_floor_entry_id took 0.0044820308685302734 seconds
2024-12-24 11:50:21,805 - application - DEBUG - after_request_time [__init__.py:44] - view (after_request): map
2024-12-24 11:50:21,805 - application - DEBUG - after_request_time [__init__.py:46] - template (after_request): None
2024-12-24 11:50:23,708 - application.list_utils - DEBUG - get_userlist [list_utils.py:308] - get_userlist(): item_model: Floor, list_name: None, parent_entry_id: None
2024-12-24 11:50:23,710 - application.list_utils - DEBUG - get_userlist [list_utils.py:318] - lists found (model): [<UserList 2>]
2024-12-24 11:50:23,710 - application.list_utils - DEBUG - get_userlist [list_utils.py:349] - len(lists) == 1: None Floor None
2024-12-24 11:50:23,710 - application.list_utils - DEBUG - get_userlist [list_utils.py:368] - userlist.entries: [<UserListEntry 2>, <UserListEntry 3>, <UserListEntry 26>] List type: <class 'sqlalchemy.orm.collections.InstrumentedList'>
2024-12-24 11:50:23,711 - application.list_utils - DEBUG - get_userlist [list_utils.py:370] - List: test Floors, Order: 5
2024-12-24 11:50:23,711 - application.list_utils - DEBUG - get_userlist [list_utils.py:370] - List: test Floors, Order: 3
2024-12-24 11:50:23,711 - application.list_utils - DEBUG - get_userlist [list_utils.py:370] - List: test Floors, Order: 1
2024-12-24 11:50:23,713 - application - DEBUG - after_request_time [__init__.py:42] - Request to /home/floors/setup took 0.006803989410400391 seconds
2024-12-24 11:50:23,713 - application - DEBUG - after_request_time [__init__.py:44] - view (after_request): map
2024-12-24 11:50:23,713 - application - DEBUG - after_request_time [__init__.py:46] - template (after_request): homes/create_floors.html.jinja
2024-12-24 11:50:23,758 - application - DEBUG - after_request_time [__init__.py:42] - Request to /static/js/bundle.js took 0.0012760162353515625 seconds
2024-12-24 11:50:23,758 - application - DEBUG - after_request_time [__init__.py:44] - view (after_request): map
2024-12-24 11:50:23,758 - application - DEBUG - after_request_time [__init__.py:46] - template (after_request): None
2024-12-24 11:50:23,874 - application.list_routes - DEBUG - show_list [list_routes.py:219] - view: map
2024-12-24 11:50:23,875 - application - DEBUG - after_request_time [__init__.py:42] - Request to /tutorial/pingrid took 0.0017299652099609375 seconds
2024-12-24 11:50:23,876 - application.list_utils - DEBUG - get_list_entries_for_item [list_utils.py:428] - found_entries for <Home 1>: [<UserListEntry 1>]
2024-12-24 11:50:23,876 - application - DEBUG - after_request_time [__init__.py:44] - view (after_request): map
2024-12-24 11:50:23,877 - application.list_utils - DEBUG - get_list_entries_for_item [list_utils.py:436] - Entry: <UserListEntry 1>
2024-12-24 11:50:23,877 - application - DEBUG - after_request_time [__init__.py:46] - template (after_request): walkthrough/parts/modal_room.jinja
2024-12-24 11:50:23,877 - application.list_utils - DEBUG - get_list_entries_for_item [list_utils.py:437] - Item Model: Home, Item ID: 1
2024-12-24 11:50:23,878 - application.list_utils - DEBUG - get_list_entries_for_item [list_utils.py:438] - User List ID: 1 User List Name: bob Homes
2024-12-24 11:50:23,879 - application.list_utils - DEBUG - get_list_entries_for_item [list_utils.py:439] - user: 1
2024-12-24 11:50:23,879 - application.list_utils - DEBUG - get_userlist [list_utils.py:308] - get_userlist(): item_model: Floor, list_name: None, parent_entry_id: 1
2024-12-24 11:50:23,881 - application.list_utils - DEBUG - get_userlist [list_utils.py:322] - lists found (model, parent): [<UserList 2>]
2024-12-24 11:50:23,882 - application.list_utils - DEBUG - get_userlist [list_utils.py:349] - len(lists) == 1: None Floor 1
2024-12-24 11:50:23,882 - application.list_utils - DEBUG - get_userlist [list_utils.py:368] - userlist.entries: [<UserListEntry 2>, <UserListEntry 3>, <UserListEntry 26>] List type: <class 'sqlalchemy.orm.collections.InstrumentedList'>
2024-12-24 11:50:23,883 - application.list_utils - DEBUG - get_userlist [list_utils.py:370] - List: test Floors, Order: 5
2024-12-24 11:50:23,883 - application.list_utils - DEBUG - get_userlist [list_utils.py:370] - List: test Floors, Order: 3
2024-12-24 11:50:23,883 - application.list_utils - DEBUG - get_userlist [list_utils.py:370] - List: test Floors, Order: 1
2024-12-24 11:50:23,885 - application.list_utils - DEBUG - get_userlists_by_parent [list_utils.py:271] - get_userlists_by_parent: lists found (parent_entry_id)2: [<UserList 3>]
2024-12-24 11:50:23,886 - application.list_utils - DEBUG - get_userlists_by_parent [list_utils.py:271] - get_userlists_by_parent: lists found (parent_entry_id)3: [<UserList 4>]
2024-12-24 11:50:23,887 - application.list_utils - DEBUG - get_userlists_by_parent [list_utils.py:271] - get_userlists_by_parent: lists found (parent_entry_id)26: [<UserList 12>]
2024-12-24 11:50:23,896 - application - DEBUG - after_request_time [__init__.py:42] - Request to /show_list/ took 0.02379894256591797 seconds
2024-12-24 11:50:23,896 - application - DEBUG - after_request_time [__init__.py:44] - view (after_request): map
2024-12-24 11:50:23,896 - application - DEBUG - after_request_time [__init__.py:46] - template (after_request): lists/list.html.jinja
2024-12-24 11:50:27,219 - application.floors - DEBUG - set_active_floor [floors.py:43] - set_active_floor called with floor_id: 1
2024-12-24 11:50:27,223 - application - DEBUG - after_request_time [__init__.py:42] - Request to /go_define_rooms_button took 0.004785060882568359 seconds
2024-12-24 11:50:27,224 - application - DEBUG - after_request_time [__init__.py:44] - view (after_request): map
2024-12-24 11:50:27,224 - application.list_utils - DEBUG - get_list_entries_for_item [list_utils.py:428] - found_entries for <Floor 2>: [<UserListEntry 3>]
2024-12-24 11:50:27,225 - application - DEBUG - after_request_time [__init__.py:46] - template (after_request): homes/go_define_rooms_button.html.jinja
2024-12-24 11:50:27,230 - application.list_utils - DEBUG - get_list_entries_for_item [list_utils.py:436] - Entry: <UserListEntry 3>
2024-12-24 11:50:27,231 - application.floors - DEBUG - set_active_floor [floors.py:54] - current_user.active_home.active_floor: <Floor 1>
2024-12-24 11:50:27,231 - application.list_utils - DEBUG - get_list_entries_for_item [list_utils.py:437] - Item Model: Floor, Item ID: 2
2024-12-24 11:50:27,233 - application.list_utils - DEBUG - get_list_entries_for_item [list_utils.py:438] - User List ID: 2 User List Name: test Floors
2024-12-24 11:50:27,234 - application.list_utils - DEBUG - get_list_entries_for_item [list_utils.py:439] - user: 1
2024-12-24 11:50:27,237 - application.floors - DEBUG - set_ground_floor [floors.py:73] - current_user.active_home.ground_floor: <Floor 1>
2024-12-24 11:50:27,237 - application.floors - DEBUG - get_ground_floor_entry_id [floors.py:90] - get_ground_floor_entry_id called 3
2024-12-24 11:50:27,242 - application - DEBUG - after_request_time [__init__.py:42] - Request to /get_ground_floor_entry_id took 0.024906635284423828 seconds
2024-12-24 11:50:27,242 - application - DEBUG - after_request_time [__init__.py:44] - view (after_request): map
2024-12-24 11:50:27,242 - application - DEBUG - after_request_time [__init__.py:46] - template (after_request): None
2024-12-24 11:50:28,249 - application.list_utils - DEBUG - get_list_entries_for_item [list_utils.py:428] - found_entries for <Floor 1>: [<UserListEntry 2>]
2024-12-24 11:50:28,250 - application.list_utils - DEBUG - get_list_entries_for_item [list_utils.py:436] - Entry: <UserListEntry 2>
2024-12-24 11:50:28,251 - application.list_utils - DEBUG - get_list_entries_for_item [list_utils.py:437] - Item Model: Floor, Item ID: 1
2024-12-24 11:50:28,251 - application.list_utils - DEBUG - get_list_entries_for_item [list_utils.py:438] - User List ID: 2 User List Name: test Floors
2024-12-24 11:50:28,251 - application.list_utils - DEBUG - get_list_entries_for_item [list_utils.py:439] - user: 1
2024-12-24 11:50:28,251 - application.floors - DEBUG - get_ground_floor_entry_id [floors.py:90] - get_ground_floor_entry_id called 2
2024-12-24 11:50:28,251 - application - DEBUG - after_request_time [__init__.py:42] - Request to /get_ground_floor_entry_id took 0.004248142242431641 seconds
2024-12-24 11:50:28,251 - application - DEBUG - after_request_time [__init__.py:44] - view (after_request): map
2024-12-24 11:50:28,252 - application - DEBUG - after_request_time [__init__.py:46] - template (after_request): None
2024-12-24 11:50:30,335 - application.list_utils - DEBUG - get_userlist [list_utils.py:308] - get_userlist(): item_model: Floor, list_name: None, parent_entry_id: None
2024-12-24 11:50:30,336 - application.list_utils - DEBUG - get_userlist [list_utils.py:318] - lists found (model): [<UserList 2>]
2024-12-24 11:50:30,337 - application.list_utils - DEBUG - get_userlist [list_utils.py:349] - len(lists) == 1: None Floor None
2024-12-24 11:50:30,337 - application.list_utils - DEBUG - get_userlist [list_utils.py:368] - userlist.entries: [<UserListEntry 2>, <UserListEntry 3>, <UserListEntry 26>] List type: <class 'sqlalchemy.orm.collections.InstrumentedList'>
2024-12-24 11:50:30,337 - application.list_utils - DEBUG - get_userlist [list_utils.py:370] - List: test Floors, Order: 5
2024-12-24 11:50:30,337 - application.list_utils - DEBUG - get_userlist [list_utils.py:370] - List: test Floors, Order: 3
2024-12-24 11:50:30,338 - application.list_utils - DEBUG - get_userlist [list_utils.py:370] - List: test Floors, Order: 1
2024-12-24 11:50:30,339 - application - DEBUG - after_request_time [__init__.py:42] - Request to /home/floors/setup took 0.007112979888916016 seconds
2024-12-24 11:50:30,339 - application - DEBUG - after_request_time [__init__.py:44] - view (after_request): map
2024-12-24 11:50:30,339 - application - DEBUG - after_request_time [__init__.py:46] - template (after_request): homes/create_floors.html.jinja
2024-12-24 11:50:30,398 - application - DEBUG - after_request_time [__init__.py:42] - Request to /static/js/bundle.js took 0.0015590190887451172 seconds
2024-12-24 11:50:30,398 - application - DEBUG - after_request_time [__init__.py:44] - view (after_request): map
2024-12-24 11:50:30,399 - application - DEBUG - after_request_time [__init__.py:46] - template (after_request): None
2024-12-24 11:50:30,512 - application.list_routes - DEBUG - show_list [list_routes.py:219] - view: map
2024-12-24 11:50:30,513 - application - DEBUG - after_request_time [__init__.py:42] - Request to /tutorial/pingrid took 0.001728057861328125 seconds
2024-12-24 11:50:30,514 - application - DEBUG - after_request_time [__init__.py:44] - view (after_request): map
2024-12-24 11:50:30,515 - application.list_utils - DEBUG - get_list_entries_for_item [list_utils.py:428] - found_entries for <Home 1>: [<UserListEntry 1>]
2024-12-24 11:50:30,515 - application - DEBUG - after_request_time [__init__.py:46] - template (after_request): walkthrough/parts/modal_room.jinja
2024-12-24 11:50:30,517 - application.list_utils - DEBUG - get_list_entries_for_item [list_utils.py:436] - Entry: <UserListEntry 1>
2024-12-24 11:50:30,518 - application.list_utils - DEBUG - get_list_entries_for_item [list_utils.py:437] - Item Model: Home, Item ID: 1
2024-12-24 11:50:30,518 - application.list_utils - DEBUG - get_list_entries_for_item [list_utils.py:438] - User List ID: 1 User List Name: bob Homes
2024-12-24 11:50:30,519 - application.list_utils - DEBUG - get_list_entries_for_item [list_utils.py:439] - user: 1
2024-12-24 11:50:30,519 - application.list_utils - DEBUG - get_userlist [list_utils.py:308] - get_userlist(): item_model: Floor, list_name: None, parent_entry_id: 1
2024-12-24 11:50:30,521 - application.list_utils - DEBUG - get_userlist [list_utils.py:322] - lists found (model, parent): [<UserList 2>]
2024-12-24 11:50:30,522 - application.list_utils - DEBUG - get_userlist [list_utils.py:349] - len(lists) == 1: None Floor 1
2024-12-24 11:50:30,522 - application.list_utils - DEBUG - get_userlist [list_utils.py:368] - userlist.entries: [<UserListEntry 2>, <UserListEntry 3>, <UserListEntry 26>] List type: <class 'sqlalchemy.orm.collections.InstrumentedList'>
2024-12-24 11:50:30,523 - application.list_utils - DEBUG - get_userlist [list_utils.py:370] - List: test Floors, Order: 5
2024-12-24 11:50:30,523 - application.list_utils - DEBUG - get_userlist [list_utils.py:370] - List: test Floors, Order: 3
2024-12-24 11:50:30,524 - application.list_utils - DEBUG - get_userlist [list_utils.py:370] - List: test Floors, Order: 1
2024-12-24 11:50:30,526 - application.list_utils - DEBUG - get_userlists_by_parent [list_utils.py:271] - get_userlists_by_parent: lists found (parent_entry_id)2: [<UserList 3>]
2024-12-24 11:50:30,527 - application.list_utils - DEBUG - get_userlists_by_parent [list_utils.py:271] - get_userlists_by_parent: lists found (parent_entry_id)3: [<UserList 4>]
2024-12-24 11:50:30,529 - application.list_utils - DEBUG - get_userlists_by_parent [list_utils.py:271] - get_userlists_by_parent: lists found (parent_entry_id)26: [<UserList 12>]
2024-12-24 11:50:30,537 - application - DEBUG - after_request_time [__init__.py:42] - Request to /show_list/ took 0.02731800079345703 seconds
2024-12-24 11:50:30,537 - application - DEBUG - after_request_time [__init__.py:44] - view (after_request): map
2024-12-24 11:50:30,537 - application - DEBUG - after_request_time [__init__.py:46] - template (after_request): lists/list.html.jinja
2024-12-24 11:50:33,071 - application - DEBUG - after_request_time [__init__.py:42] - Request to /go_define_rooms_button took 0.0027310848236083984 seconds
2024-12-24 11:50:33,071 - application - DEBUG - after_request_time [__init__.py:44] - view (after_request): map
2024-12-24 11:50:33,072 - application - DEBUG - after_request_time [__init__.py:46] - template (after_request): homes/go_define_rooms_button.html.jinja
2024-12-24 11:50:41,444 - application.list_utils - DEBUG - get_userlist [list_utils.py:308] - get_userlist(): item_model: Floor, list_name: None, parent_entry_id: None
2024-12-24 11:50:41,445 - application.list_utils - DEBUG - get_userlist [list_utils.py:318] - lists found (model): [<UserList 2>]
2024-12-24 11:50:41,445 - application.list_utils - DEBUG - get_userlist [list_utils.py:349] - len(lists) == 1: None Floor None
2024-12-24 11:50:41,445 - application.list_utils - DEBUG - get_userlist [list_utils.py:368] - userlist.entries: [<UserListEntry 2>, <UserListEntry 3>, <UserListEntry 26>] List type: <class 'sqlalchemy.orm.collections.InstrumentedList'>
2024-12-24 11:50:41,446 - application.list_utils - DEBUG - get_userlist [list_utils.py:370] - List: test Floors, Order: 5
2024-12-24 11:50:41,446 - application.list_utils - DEBUG - get_userlist [list_utils.py:370] - List: test Floors, Order: 3
2024-12-24 11:50:41,446 - application.list_utils - DEBUG - get_userlist [list_utils.py:370] - List: test Floors, Order: 1
2024-12-24 11:50:41,447 - application - DEBUG - after_request_time [__init__.py:42] - Request to /home/floors/setup took 0.005260944366455078 seconds
2024-12-24 11:50:41,447 - application - DEBUG - after_request_time [__init__.py:44] - view (after_request): map
2024-12-24 11:50:41,447 - application - DEBUG - after_request_time [__init__.py:46] - template (after_request): homes/create_floors.html.jinja
2024-12-24 11:50:41,502 - application - DEBUG - after_request_time [__init__.py:42] - Request to /static/js/bundle.js took 0.0010821819305419922 seconds
2024-12-24 11:50:41,503 - application - DEBUG - after_request_time [__init__.py:44] - view (after_request): map
2024-12-24 11:50:41,503 - application - DEBUG - after_request_time [__init__.py:46] - template (after_request): None
2024-12-24 11:50:41,648 - application.list_routes - DEBUG - show_list [list_routes.py:219] - view: map
2024-12-24 11:50:41,650 - application - DEBUG - after_request_time [__init__.py:42] - Request to /tutorial/pingrid took 0.0018301010131835938 seconds
2024-12-24 11:50:41,650 - application - DEBUG - after_request_time [__init__.py:44] - view (after_request): map
2024-12-24 11:50:41,651 - application - DEBUG - after_request_time [__init__.py:46] - template (after_request): walkthrough/parts/modal_room.jinja
2024-12-24 11:50:41,656 - application.list_utils - DEBUG - get_list_entries_for_item [list_utils.py:428] - found_entries for <Home 1>: [<UserListEntry 1>]
2024-12-24 11:50:41,660 - application.list_utils - DEBUG - get_list_entries_for_item [list_utils.py:436] - Entry: <UserListEntry 1>
2024-12-24 11:50:41,660 - application.list_utils - DEBUG - get_list_entries_for_item [list_utils.py:437] - Item Model: Home, Item ID: 1
2024-12-24 11:50:41,661 - application.list_utils - DEBUG - get_list_entries_for_item [list_utils.py:438] - User List ID: 1 User List Name: bob Homes
2024-12-24 11:50:41,661 - application.list_utils - DEBUG - get_list_entries_for_item [list_utils.py:439] - user: 1
2024-12-24 11:50:41,662 - application.list_utils - DEBUG - get_userlist [list_utils.py:308] - get_userlist(): item_model: Floor, list_name: None, parent_entry_id: 1
2024-12-24 11:50:41,664 - application.list_utils - DEBUG - get_userlist [list_utils.py:322] - lists found (model, parent): [<UserList 2>]
2024-12-24 11:50:41,664 - application.list_utils - DEBUG - get_userlist [list_utils.py:349] - len(lists) == 1: None Floor 1
2024-12-24 11:50:41,665 - application.list_utils - DEBUG - get_userlist [list_utils.py:368] - userlist.entries: [<UserListEntry 2>, <UserListEntry 3>, <UserListEntry 26>] List type: <class 'sqlalchemy.orm.collections.InstrumentedList'>
2024-12-24 11:50:41,665 - application.list_utils - DEBUG - get_userlist [list_utils.py:370] - List: test Floors, Order: 5
2024-12-24 11:50:41,665 - application.list_utils - DEBUG - get_userlist [list_utils.py:370] - List: test Floors, Order: 3
2024-12-24 11:50:41,666 - application.list_utils - DEBUG - get_userlist [list_utils.py:370] - List: test Floors, Order: 1
2024-12-24 11:50:41,667 - application.list_utils - DEBUG - get_userlists_by_parent [list_utils.py:271] - get_userlists_by_parent: lists found (parent_entry_id)2: [<UserList 3>]
2024-12-24 11:50:41,669 - application.list_utils - DEBUG - get_userlists_by_parent [list_utils.py:271] - get_userlists_by_parent: lists found (parent_entry_id)3: [<UserList 4>]
2024-12-24 11:50:41,670 - application.list_utils - DEBUG - get_userlists_by_parent [list_utils.py:271] - get_userlists_by_parent: lists found (parent_entry_id)26: [<UserList 12>]
2024-12-24 11:50:41,679 - application - DEBUG - after_request_time [__init__.py:42] - Request to /show_list/ took 0.03342008590698242 seconds
2024-12-24 11:50:41,679 - application - DEBUG - after_request_time [__init__.py:44] - view (after_request): map
2024-12-24 11:50:41,679 - application - DEBUG - after_request_time [__init__.py:46] - template (after_request): lists/list.html.jinja
2024-12-24 11:50:44,117 - application - DEBUG - after_request_time [__init__.py:42] - Request to /go_define_rooms_button took 0.0016508102416992188 seconds
2024-12-24 11:50:44,117 - application - DEBUG - after_request_time [__init__.py:44] - view (after_request): map
2024-12-24 11:50:44,118 - application - DEBUG - after_request_time [__init__.py:46] - template (after_request): homes/go_define_rooms_button.html.jinja
2024-12-24 11:50:46,865 - application.floors - DEBUG - set_active_floor [floors.py:43] - set_active_floor called with floor_id: 2
2024-12-24 11:50:46,869 - application.list_utils - DEBUG - get_list_entries_for_item [list_utils.py:428] - found_entries for <Floor 1>: [<UserListEntry 2>]
2024-12-24 11:50:46,871 - application.list_utils - DEBUG - get_list_entries_for_item [list_utils.py:436] - Entry: <UserListEntry 2>
2024-12-24 11:50:46,871 - application.list_utils - DEBUG - get_list_entries_for_item [list_utils.py:437] - Item Model: Floor, Item ID: 1
2024-12-24 11:50:46,871 - application.list_utils - DEBUG - get_list_entries_for_item [list_utils.py:438] - User List ID: 2 User List Name: test Floors
2024-12-24 11:50:46,872 - application.list_utils - DEBUG - get_list_entries_for_item [list_utils.py:439] - user: 1
2024-12-24 11:50:46,872 - application.floors - DEBUG - get_ground_floor_entry_id [floors.py:90] - get_ground_floor_entry_id called 2
2024-12-24 11:50:46,872 - application - DEBUG - after_request_time [__init__.py:42] - Request to /get_ground_floor_entry_id took 0.006551980972290039 seconds
2024-12-24 11:50:46,872 - application - DEBUG - after_request_time [__init__.py:44] - view (after_request): map
2024-12-24 11:50:46,873 - application - DEBUG - after_request_time [__init__.py:46] - template (after_request): None
2024-12-24 11:50:46,876 - application.floors - DEBUG - set_active_floor [floors.py:54] - current_user.active_home.active_floor: <Floor 2>
2024-12-24 11:50:46,883 - application.floors - DEBUG - set_ground_floor [floors.py:73] - current_user.active_home.ground_floor: <Floor 2>
2024-12-24 11:51:20,212 - application.list_utils - DEBUG - get_userlist [list_utils.py:308] - get_userlist(): item_model: Floor, list_name: None, parent_entry_id: None
2024-12-24 11:51:20,213 - application.list_utils - DEBUG - get_userlist [list_utils.py:318] - lists found (model): [<UserList 2>]
2024-12-24 11:51:20,214 - application.list_utils - DEBUG - get_userlist [list_utils.py:349] - len(lists) == 1: None Floor None
2024-12-24 11:51:20,214 - application.list_utils - DEBUG - get_userlist [list_utils.py:368] - userlist.entries: [<UserListEntry 2>, <UserListEntry 3>, <UserListEntry 26>] List type: <class 'sqlalchemy.orm.collections.InstrumentedList'>
2024-12-24 11:51:20,214 - application.list_utils - DEBUG - get_userlist [list_utils.py:370] - List: test Floors, Order: 5
2024-12-24 11:51:20,215 - application.list_utils - DEBUG - get_userlist [list_utils.py:370] - List: test Floors, Order: 3
2024-12-24 11:51:20,215 - application.list_utils - DEBUG - get_userlist [list_utils.py:370] - List: test Floors, Order: 1
2024-12-24 11:51:20,216 - application - DEBUG - after_request_time [__init__.py:42] - Request to /home/floors/setup took 0.007812023162841797 seconds
2024-12-24 11:51:20,216 - application - DEBUG - after_request_time [__init__.py:44] - view (after_request): map
2024-12-24 11:51:20,217 - application - DEBUG - after_request_time [__init__.py:46] - template (after_request): homes/create_floors.html.jinja
2024-12-24 11:51:20,304 - application - DEBUG - after_request_time [__init__.py:42] - Request to /static/js/bundle.js took 0.001806020736694336 seconds
2024-12-24 11:51:20,306 - application - DEBUG - after_request_time [__init__.py:44] - view (after_request): map
2024-12-24 11:51:20,307 - application - DEBUG - after_request_time [__init__.py:46] - template (after_request): None
2024-12-24 11:51:20,408 - application - DEBUG - after_request_time [__init__.py:42] - Request to /favicon.ico took 0.0002429485321044922 seconds
2024-12-24 11:51:20,408 - application - DEBUG - after_request_time [__init__.py:44] - view (after_request): map
2024-12-24 11:51:20,409 - application - DEBUG - after_request_time [__init__.py:46] - template (after_request): None
2024-12-24 11:51:20,433 - application.list_routes - DEBUG - show_list [list_routes.py:219] - view: map
2024-12-24 11:51:20,436 - application - DEBUG - after_request_time [__init__.py:42] - Request to /tutorial/pingrid took 0.002216815948486328 seconds
2024-12-24 11:51:20,437 - application - DEBUG - after_request_time [__init__.py:44] - view (after_request): map
2024-12-24 11:51:20,437 - application.list_utils - DEBUG - get_list_entries_for_item [list_utils.py:428] - found_entries for <Home 1>: [<UserListEntry 1>]
2024-12-24 11:51:20,437 - application - DEBUG - after_request_time [__init__.py:46] - template (after_request): walkthrough/parts/modal_room.jinja
2024-12-24 11:51:20,438 - application.list_utils - DEBUG - get_list_entries_for_item [list_utils.py:436] - Entry: <UserListEntry 1>
2024-12-24 11:51:20,439 - application.list_utils - DEBUG - get_list_entries_for_item [list_utils.py:437] - Item Model: Home, Item ID: 1
2024-12-24 11:51:20,440 - application.list_utils - DEBUG - get_list_entries_for_item [list_utils.py:438] - User List ID: 1 User List Name: bob Homes
2024-12-24 11:51:20,440 - application.list_utils - DEBUG - get_list_entries_for_item [list_utils.py:439] - user: 1
2024-12-24 11:51:20,440 - application.list_utils - DEBUG - get_userlist [list_utils.py:308] - get_userlist(): item_model: Floor, list_name: None, parent_entry_id: 1
2024-12-24 11:51:20,442 - application.list_utils - DEBUG - get_userlist [list_utils.py:322] - lists found (model, parent): [<UserList 2>]
2024-12-24 11:51:20,443 - application.list_utils - DEBUG - get_userlist [list_utils.py:349] - len(lists) == 1: None Floor 1
2024-12-24 11:51:20,443 - application.list_utils - DEBUG - get_userlist [list_utils.py:368] - userlist.entries: [<UserListEntry 2>, <UserListEntry 3>, <UserListEntry 26>] List type: <class 'sqlalchemy.orm.collections.InstrumentedList'>
2024-12-24 11:51:20,444 - application.list_utils - DEBUG - get_userlist [list_utils.py:370] - List: test Floors, Order: 5
2024-12-24 11:51:20,444 - application.list_utils - DEBUG - get_userlist [list_utils.py:370] - List: test Floors, Order: 3
2024-12-24 11:51:20,444 - application.list_utils - DEBUG - get_userlist [list_utils.py:370] - List: test Floors, Order: 1
2024-12-24 11:51:20,446 - application.list_utils - DEBUG - get_userlists_by_parent [list_utils.py:271] - get_userlists_by_parent: lists found (parent_entry_id)2: [<UserList 3>]
2024-12-24 11:51:20,447 - application.list_utils - DEBUG - get_userlists_by_parent [list_utils.py:271] - get_userlists_by_parent: lists found (parent_entry_id)3: [<UserList 4>]
2024-12-24 11:51:20,448 - application.list_utils - DEBUG - get_userlists_by_parent [list_utils.py:271] - get_userlists_by_parent: lists found (parent_entry_id)26: [<UserList 12>]
2024-12-24 11:51:20,456 - application - DEBUG - after_request_time [__init__.py:42] - Request to /show_list/ took 0.02548813819885254 seconds
2024-12-24 11:51:20,456 - application - DEBUG - after_request_time [__init__.py:44] - view (after_request): map
2024-12-24 11:51:20,456 - application - DEBUG - after_request_time [__init__.py:46] - template (after_request): lists/list.html.jinja
2024-12-24 11:51:23,011 - application - DEBUG - after_request_time [__init__.py:42] - Request to /go_define_rooms_button took 0.0026018619537353516 seconds
2024-12-24 11:51:23,011 - application - DEBUG - after_request_time [__init__.py:44] - view (after_request): map
2024-12-24 11:51:23,011 - application - DEBUG - after_request_time [__init__.py:46] - template (after_request): homes/go_define_rooms_button.html.jinja
2024-12-24 11:51:25,582 - application.floors - DEBUG - set_active_floor [floors.py:43] - set_active_floor called with floor_id: 1
2024-12-24 11:51:25,584 - application.list_utils - DEBUG - get_list_entries_for_item [list_utils.py:428] - found_entries for <Floor 2>: [<UserListEntry 3>]
2024-12-24 11:51:25,586 - application.list_utils - DEBUG - get_list_entries_for_item [list_utils.py:436] - Entry: <UserListEntry 3>
2024-12-24 11:51:25,586 - application.list_utils - DEBUG - get_list_entries_for_item [list_utils.py:437] - Item Model: Floor, Item ID: 2
2024-12-24 11:51:25,586 - application.list_utils - DEBUG - get_list_entries_for_item [list_utils.py:438] - User List ID: 2 User List Name: test Floors
2024-12-24 11:51:25,586 - application.list_utils - DEBUG - get_list_entries_for_item [list_utils.py:439] - user: 1
2024-12-24 11:51:25,587 - application.floors - DEBUG - get_ground_floor_entry_id [floors.py:90] - get_ground_floor_entry_id called 3
2024-12-24 11:51:25,587 - application - DEBUG - after_request_time [__init__.py:42] - Request to /get_ground_floor_entry_id took 0.006139039993286133 seconds
2024-12-24 11:51:25,588 - application - DEBUG - after_request_time [__init__.py:44] - view (after_request): map
2024-12-24 11:51:25,589 - application - DEBUG - after_request_time [__init__.py:46] - template (after_request): None
2024-12-24 11:51:25,593 - application.floors - DEBUG - set_active_floor [floors.py:54] - current_user.active_home.active_floor: <Floor 1>
2024-12-24 11:51:25,600 - application.floors - DEBUG - set_ground_floor [floors.py:73] - current_user.active_home.ground_floor: <Floor 1>
2024-12-24 11:51:26,581 - application.list_utils - DEBUG - get_list_entries_for_item [list_utils.py:428] - found_entries for <Floor 1>: [<UserListEntry 2>]
2024-12-24 11:51:26,582 - application.list_utils - DEBUG - get_list_entries_for_item [list_utils.py:436] - Entry: <UserListEntry 2>
2024-12-24 11:51:26,582 - application.list_utils - DEBUG - get_list_entries_for_item [list_utils.py:437] - Item Model: Floor, Item ID: 1
2024-12-24 11:51:26,582 - application.list_utils - DEBUG - get_list_entries_for_item [list_utils.py:438] - User List ID: 2 User List Name: test Floors
2024-12-24 11:51:26,582 - application.list_utils - DEBUG - get_list_entries_for_item [list_utils.py:439] - user: 1
2024-12-24 11:51:26,583 - application.floors - DEBUG - get_ground_floor_entry_id [floors.py:90] - get_ground_floor_entry_id called 2
2024-12-24 11:51:26,583 - application - DEBUG - after_request_time [__init__.py:42] - Request to /get_ground_floor_entry_id took 0.004359006881713867 seconds
2024-12-24 11:51:26,583 - application - DEBUG - after_request_time [__init__.py:44] - view (after_request): map
2024-12-24 11:51:26,583 - application - DEBUG - after_request_time [__init__.py:46] - template (after_request): None
