2024-12-21 16:29:14,779 - logs.logging_config - DEBUG - configure_logging [logging_config.py:178] - Application logging configured
2024-12-21 16:29:14,781 - logs.logging_config - INFO - configure_logging [logging_config.py:187] - Application started in production environment
2024-12-21 16:29:14,781 - application - DEBUG - create_app [__init__.py:28] - test2
2024-12-21 16:29:15,352 - application - DEBUG - after_request_time [__init__.py:42] - Request to / took 0.06278705596923828 seconds
2024-12-21 16:29:15,353 - application - DEBUG - after_request_time [__init__.py:44] - view (after_request): map
2024-12-21 16:29:15,353 - application - DEBUG - after_request_time [__init__.py:46] - template (after_request): homes/create_floors.html.jinja
2024-12-21 16:29:15,436 - application - DEBUG - after_request_time [__init__.py:42] - Request to /static/css/main.css took 0.007523059844970703 seconds
2024-12-21 16:29:15,437 - application - DEBUG - after_request_time [__init__.py:44] - view (after_request): map
2024-12-21 16:29:15,439 - application - DEBUG - after_request_time [__init__.py:42] - Request to /static/js/bundle.js took 0.0016787052154541016 seconds
2024-12-21 16:29:15,440 - application - DEBUG - after_request_time [__init__.py:44] - view (after_request): map
2024-12-21 16:29:15,440 - application - DEBUG - after_request_time [__init__.py:46] - template (after_request): None
2024-12-21 16:29:15,441 - application - DEBUG - after_request_time [__init__.py:46] - template (after_request): None
2024-12-21 16:29:15,485 - application - DEBUG - after_request_time [__init__.py:42] - Request to /static/css/color-mode.css took 0.0013318061828613281 seconds
2024-12-21 16:29:15,489 - application - DEBUG - after_request_time [__init__.py:44] - view (after_request): map
2024-12-21 16:29:15,492 - application - DEBUG - after_request_time [__init__.py:46] - template (after_request): None
2024-12-21 16:29:15,501 - application - DEBUG - after_request_time [__init__.py:42] - Request to /static/css/typography.css took 0.004912137985229492 seconds
2024-12-21 16:29:15,501 - application - DEBUG - after_request_time [__init__.py:44] - view (after_request): map
2024-12-21 16:29:15,503 - application - DEBUG - after_request_time [__init__.py:42] - Request to /static/css/flash-message.css took 0.012215137481689453 seconds
2024-12-21 16:29:15,506 - application - DEBUG - after_request_time [__init__.py:46] - template (after_request): None
2024-12-21 16:29:15,509 - application - DEBUG - after_request_time [__init__.py:42] - Request to /static/css/sortables.css took 0.003469228744506836 seconds
2024-12-21 16:29:15,509 - application - DEBUG - after_request_time [__init__.py:44] - view (after_request): map
2024-12-21 16:29:15,511 - application - DEBUG - after_request_time [__init__.py:44] - view (after_request): map
2024-12-21 16:29:15,511 - application - DEBUG - after_request_time [__init__.py:46] - template (after_request): None
2024-12-21 16:29:15,512 - application - DEBUG - after_request_time [__init__.py:46] - template (after_request): None
