2024-12-27 21:54:39,841 - application.map - DEBUG - home_map [map.py:26] - map called with floor_id: 1
2024-12-27 21:54:39,850 - application.rooms - DEBUG - floor_room_check [rooms.py:169] - inside floor_room_check A: floor_id: 1, has_rooms: True
2024-12-27 21:54:39,852 - application.rooms - DEBUG - check_each_floor_for_rooms [rooms.py:176] - floor.rooms.count() <Floor 1> = 10
2024-12-27 21:54:39,853 - application.rooms - DEBUG - floor_room_check [rooms.py:171] - inside floor_room_check B: floor_id: 1, has_rooms: True
2024-12-27 21:54:39,853 - application.map - DEBUG - home_map [map.py:29] - room check: floor_id: 1, has_rooms: True
2024-12-27 21:54:39,853 - application.floors - DEBUG - set_active_floor [floors.py:43] - set_active_floor called with floor_id: 1
2024-12-27 21:54:39,858 - application.floors - DEBUG - set_active_floor [floors.py:54] - current_user.active_home.active_floor: <Floor 1>
2024-12-27 21:54:39,862 - application.list_utils - DEBUG - get_list_entries_for_item [list_utils.py:428] - found_entries for <Home 1>: [<UserListEntry 1>]
2024-12-27 21:54:39,866 - application.list_utils - DEBUG - get_list_entries_for_item [list_utils.py:436] - Entry: <UserListEntry 1>
2024-12-27 21:54:39,867 - application.list_utils - DEBUG - get_list_entries_for_item [list_utils.py:437] - Item Model: Home, Item ID: 1
2024-12-27 21:54:39,867 - application.list_utils - DEBUG - get_list_entries_for_item [list_utils.py:438] - User List ID: 1 User List Name: bob Homes
2024-12-27 21:54:39,867 - application.list_utils - DEBUG - get_list_entries_for_item [list_utils.py:439] - user: 1
2024-12-27 21:54:39,867 - application.list_utils - DEBUG - get_userlist [list_utils.py:308] - get_userlist(): item_model: Floor, list_name: None, parent_entry_id: 1
2024-12-27 21:54:39,872 - application.list_utils - DEBUG - get_userlist [list_utils.py:322] - lists found (model, parent): [<UserList 2>]
2024-12-27 21:54:39,872 - application.list_utils - DEBUG - get_userlist [list_utils.py:349] - len(lists) == 1: None Floor 1
2024-12-27 21:54:39,872 - application.list_utils - DEBUG - get_userlist [list_utils.py:368] - userlist.entries: [<UserListEntry 2>] List type: <class 'sqlalchemy.orm.collections.InstrumentedList'>
2024-12-27 21:54:39,873 - application.list_utils - DEBUG - get_userlist [list_utils.py:370] - List: photos tester Floors, Order: 0
2024-12-27 21:54:39,873 - application.rooms - DEBUG - get_room_list [rooms.py:44] - floor_list: <UserList 2> (type: <class 'application.database.models.UserList'>)
2024-12-27 21:54:39,873 - application.rooms - DEBUG - get_room_list [rooms.py:45] - floor_list entries count: 1
2024-12-27 21:54:39,875 - application.list_utils - DEBUG - get_list_entries_for_item [list_utils.py:428] - found_entries for <Floor 1>: [<UserListEntry 2>]
2024-12-27 21:54:39,875 - application.list_utils - DEBUG - get_list_entries_for_item [list_utils.py:436] - Entry: <UserListEntry 2>
2024-12-27 21:54:39,875 - application.list_utils - DEBUG - get_list_entries_for_item [list_utils.py:437] - Item Model: Floor, Item ID: 1
2024-12-27 21:54:39,876 - application.list_utils - DEBUG - get_list_entries_for_item [list_utils.py:438] - User List ID: 2 User List Name: photos tester Floors
2024-12-27 21:54:39,876 - application.list_utils - DEBUG - get_list_entries_for_item [list_utils.py:439] - user: 1
2024-12-27 21:54:39,916 - application.rooms - DEBUG - get_room_list [rooms.py:48] - room_list: <UserList 3> (type: <class 'application.database.models.UserList'>)
2024-12-27 21:54:39,917 - application.map - DEBUG - home_map [map.py:36] - floor_list MAP: <UserList 2>
2024-12-27 21:54:40,172 - application.list_routes - DEBUG - show_list [list_routes.py:221] - view: map
2024-12-27 21:54:40,174 - application.list_routes - DEBUG - show_list [list_routes.py:221] - view: horiz-scroll
2024-12-27 21:54:40,185 - application.list_routes - DEBUG - show_list [list_routes.py:221] - view: map
2024-12-27 21:54:40,187 - application.list_utils - DEBUG - get_list_entries_for_item [list_utils.py:415] - input_string: <Home 1>, item_model: Home, item_id: 1
2024-12-27 21:54:40,189 - application.list_utils - DEBUG - get_list_entries_for_item [list_utils.py:428] - found_entries for <Home 1>: [<UserListEntry 1>]
2024-12-27 21:54:40,192 - application.list_utils - DEBUG - get_list_entries_for_item [list_utils.py:428] - found_entries for <Home 1>: [<UserListEntry 1>]
2024-12-27 21:54:40,192 - application.list_utils - DEBUG - get_list_entries_for_item [list_utils.py:428] - found_entries for <Floor 1>: [<UserListEntry 2>]
2024-12-27 21:54:40,193 - application.list_utils - DEBUG - get_list_entries_for_item [list_utils.py:436] - Entry: <UserListEntry 1>
2024-12-27 21:54:40,194 - application.list_utils - DEBUG - get_list_entries_for_item [list_utils.py:436] - Entry: <UserListEntry 1>
2024-12-27 21:54:40,195 - application.list_utils - DEBUG - get_list_entries_for_item [list_utils.py:437] - Item Model: Home, Item ID: 1
2024-12-27 21:54:40,196 - application.list_utils - DEBUG - get_list_entries_for_item [list_utils.py:437] - Item Model: Home, Item ID: 1
2024-12-27 21:54:40,197 - application.list_utils - DEBUG - get_list_entries_for_item [list_utils.py:436] - Entry: <UserListEntry 2>
2024-12-27 21:54:40,197 - application.list_utils - DEBUG - get_list_entries_for_item [list_utils.py:438] - User List ID: 1 User List Name: bob Homes
2024-12-27 21:54:40,198 - application.list_utils - DEBUG - get_list_entries_for_item [list_utils.py:438] - User List ID: 1 User List Name: bob Homes
2024-12-27 21:54:40,198 - application.list_utils - DEBUG - get_list_entries_for_item [list_utils.py:437] - Item Model: Floor, Item ID: 1
2024-12-27 21:54:40,198 - application.list_utils - DEBUG - get_list_entries_for_item [list_utils.py:439] - user: 1
2024-12-27 21:54:40,199 - application.list_utils - DEBUG - get_list_entries_for_item [list_utils.py:439] - user: 1
2024-12-27 21:54:40,200 - application.list_utils - DEBUG - get_list_entries_for_item [list_utils.py:438] - User List ID: 2 User List Name: photos tester Floors
2024-12-27 21:54:40,200 - application.list_utils - DEBUG - get_userlist [list_utils.py:308] - get_userlist(): item_model: Floor, list_name: None, parent_entry_id: 1
2024-12-27 21:54:40,201 - application.list_utils - DEBUG - get_top_userlists_by_root_parent [list_utils.py:279] - input root_parent_entry_id: 1 model: Task
2024-12-27 21:54:40,201 - application.list_utils - DEBUG - get_list_entries_for_item [list_utils.py:439] - user: 1
2024-12-27 21:54:40,205 - application.list_utils - DEBUG - get_userlist [list_utils.py:322] - lists found (model, parent): [<UserList 2>]
2024-12-27 21:54:40,206 - application.list_utils - DEBUG - get_userlist [list_utils.py:308] - get_userlist(): item_model: Room, list_name: None, parent_entry_id: 2
2024-12-27 21:54:40,206 - application.list_utils - DEBUG - get_userlists_by_parent [list_utils.py:271] - get_userlists_by_parent: lists found (parent_entry_id)1: [<UserList 2>]
2024-12-27 21:54:40,206 - application.list_utils - DEBUG - get_userlist [list_utils.py:349] - len(lists) == 1: None Floor 1
2024-12-27 21:54:40,211 - application.list_utils - DEBUG - get_userlist [list_utils.py:368] - userlist.entries: [<UserListEntry 2>] List type: <class 'sqlalchemy.orm.collections.InstrumentedList'>
2024-12-27 21:54:40,211 - application.list_utils - DEBUG - get_userlist [list_utils.py:370] - List: photos tester Floors, Order: 0
2024-12-27 21:54:40,212 - application.list_utils - DEBUG - get_userlists_by_parent [list_utils.py:271] - get_userlists_by_parent: lists found (parent_entry_id)2: [<UserList 3>]
2024-12-27 21:54:40,212 - application.list_utils - DEBUG - get_userlist [list_utils.py:322] - lists found (model, parent): [<UserList 3>]
2024-12-27 21:54:40,214 - application.list_utils - DEBUG - get_userlist [list_utils.py:349] - len(lists) == 1: None Room 2
2024-12-27 21:54:40,215 - application.list_utils - DEBUG - get_userlist [list_utils.py:368] - userlist.entries: [<UserListEntry 20>, <UserListEntry 22>, <UserListEntry 24>, <UserListEntry 26>, <UserListEntry 28>, <UserListEntry 30>, <UserListEntry 32>, <UserListEntry 34>, <UserListEntry 36>, <UserListEntry 129>] List type: <class 'sqlalchemy.orm.collections.InstrumentedList'>
2024-12-27 21:54:40,215 - application.list_utils - DEBUG - get_userlists_by_parent [list_utils.py:271] - get_userlists_by_parent: lists found (parent_entry_id)20: [<UserList 5>, <UserList 23>]
2024-12-27 21:54:40,216 - application.list_utils - DEBUG - get_userlist [list_utils.py:370] - List: photos tester Rooms, Order: 0
2024-12-27 21:54:40,216 - application.list_utils - DEBUG - get_userlists_by_parent [list_utils.py:271] - get_userlists_by_parent: lists found (parent_entry_id)2: [<UserList 3>]
2024-12-27 21:54:40,217 - application.list_utils - DEBUG - get_userlists_by_parent [list_utils.py:271] - get_userlists_by_parent: lists found (parent_entry_id)22: [<UserList 7>, <UserList 26>]
2024-12-27 21:54:40,217 - application.list_utils - DEBUG - get_userlist [list_utils.py:370] - List: photos tester Rooms, Order: 1314
2024-12-27 21:54:40,237 - application.list_utils - DEBUG - get_userlist [list_utils.py:370] - List: photos tester Rooms, Order: 730
2024-12-27 21:54:40,248 - application.list_utils - DEBUG - get_userlist [list_utils.py:370] - List: photos tester Rooms, Order: 1168
2024-12-27 21:54:40,253 - application.list_utils - DEBUG - get_userlist [list_utils.py:370] - List: photos tester Rooms, Order: 584
2024-12-27 21:54:40,253 - application.list_utils - DEBUG - get_userlists_by_parent [list_utils.py:271] - get_userlists_by_parent: lists found (parent_entry_id)24: [<UserList 9>, <UserList 27>]
2024-12-27 21:54:40,254 - application.list_utils - DEBUG - get_userlist [list_utils.py:370] - List: photos tester Rooms, Order: 292
2024-12-27 21:54:40,257 - application.list_utils - DEBUG - get_userlists_by_parent [list_utils.py:271] - get_userlists_by_parent: lists found (parent_entry_id)26: [<UserList 11>, <UserList 29>]
2024-12-27 21:54:40,257 - application.list_utils - DEBUG - get_userlist [list_utils.py:370] - List: photos tester Rooms, Order: 438
2024-12-27 21:54:40,288 - application.list_utils - DEBUG - get_userlists_by_parent [list_utils.py:271] - get_userlists_by_parent: lists found (parent_entry_id)28: [<UserList 13>, <UserList 28>]
2024-12-27 21:54:40,290 - application.list_utils - DEBUG - get_userlist [list_utils.py:370] - List: photos tester Rooms, Order: 1022
2024-12-27 21:54:40,292 - application.list_utils - DEBUG - get_userlist [list_utils.py:370] - List: photos tester Rooms, Order: 876
2024-12-27 21:54:40,293 - application.list_utils - DEBUG - get_userlist [list_utils.py:370] - List: photos tester Rooms, Order: 146
2024-12-27 21:54:40,295 - application.list_utils - DEBUG - get_userlists_by_parent [list_utils.py:271] - get_userlists_by_parent: lists found (parent_entry_id)30: [<UserList 15>, <UserList 25>]
2024-12-27 21:54:40,295 - application.list_utils - DEBUG - get_userlists_by_parent [list_utils.py:271] - get_userlists_by_parent: lists found (parent_entry_id)20: [<UserList 5>, <UserList 23>]
2024-12-27 21:54:40,298 - application.list_utils - DEBUG - get_userlists_by_parent [list_utils.py:271] - get_userlists_by_parent: lists found (parent_entry_id)32: [<UserList 17>, <UserList 24>]
2024-12-27 21:54:40,298 - application.list_utils - DEBUG - get_userlists_by_parent [list_utils.py:271] - get_userlists_by_parent: lists found (parent_entry_id)22: [<UserList 7>, <UserList 26>]
2024-12-27 21:54:40,300 - application.list_utils - DEBUG - get_userlists_by_parent [list_utils.py:271] - get_userlists_by_parent: lists found (parent_entry_id)34: [<UserList 19>]
2024-12-27 21:54:40,304 - application.list_utils - DEBUG - get_userlists_by_parent [list_utils.py:271] - get_userlists_by_parent: lists found (parent_entry_id)24: [<UserList 9>, <UserList 27>]
2024-12-27 21:54:40,304 - application.list_utils - DEBUG - get_userlists_by_parent [list_utils.py:271] - get_userlists_by_parent: lists found (parent_entry_id)36: [<UserList 21>, <UserList 30>]
2024-12-27 21:54:40,306 - application.list_utils - DEBUG - get_userlists_by_parent [list_utils.py:271] - get_userlists_by_parent: lists found (parent_entry_id)26: [<UserList 11>, <UserList 29>]
2024-12-27 21:54:40,307 - application.list_utils - DEBUG - get_userlists_by_parent [list_utils.py:271] - get_userlists_by_parent: lists found (parent_entry_id)129: [<UserList 90>, <UserList 92>]
2024-12-27 21:54:40,310 - application.list_utils - DEBUG - get_userlists_by_parent [list_utils.py:271] - get_userlists_by_parent: lists found (parent_entry_id)28: [<UserList 13>, <UserList 28>]
2024-12-27 21:54:40,311 - application.list_utils - DEBUG - get_top_userlists_by_root_parent [list_utils.py:292] - get_top_userlists_by_root_parent: lists found (parent_entry_id)1: [<UserList 23>, <UserList 26>, <UserList 27>, <UserList 29>, <UserList 28>, <UserList 25>, <UserList 24>, <UserList 30>, <UserList 92>]
2024-12-27 21:54:40,316 - application.list_utils - DEBUG - get_userlists_by_parent [list_utils.py:273] - get_userlists_by_parent: No lists found for parent_entry_id 37
2024-12-27 21:54:40,317 - application.list_utils - DEBUG - get_userlists_by_parent [list_utils.py:273] - get_userlists_by_parent: No lists found for parent_entry_id 40
2024-12-27 21:54:40,317 - application.list_utils - DEBUG - get_userlists_by_parent [list_utils.py:271] - get_userlists_by_parent: lists found (parent_entry_id)30: [<UserList 15>, <UserList 25>]
2024-12-27 21:54:40,319 - application.list_utils - DEBUG - get_userlists_by_parent [list_utils.py:273] - get_userlists_by_parent: No lists found for parent_entry_id 41
2024-12-27 21:54:40,321 - application.list_utils - DEBUG - get_userlists_by_parent [list_utils.py:271] - get_userlists_by_parent: lists found (parent_entry_id)32: [<UserList 17>, <UserList 24>]
2024-12-27 21:54:40,323 - application.list_utils - DEBUG - get_userlists_by_parent [list_utils.py:271] - get_userlists_by_parent: lists found (parent_entry_id)34: [<UserList 19>]
2024-12-27 21:54:40,326 - application.list_utils - DEBUG - get_userlists_by_parent [list_utils.py:273] - get_userlists_by_parent: No lists found for parent_entry_id 135
2024-12-27 21:54:40,328 - application.list_utils - DEBUG - get_userlists_by_parent [list_utils.py:273] - get_userlists_by_parent: No lists found for parent_entry_id 136
2024-12-27 21:54:40,329 - application.list_utils - DEBUG - get_userlists_by_parent [list_utils.py:271] - get_userlists_by_parent: lists found (parent_entry_id)36: [<UserList 21>, <UserList 30>]
2024-12-27 21:54:40,329 - application.list_utils - DEBUG - get_userlists_by_parent [list_utils.py:273] - get_userlists_by_parent: No lists found for parent_entry_id 137
2024-12-27 21:54:40,330 - application.list_utils - DEBUG - get_userlists_by_parent [list_utils.py:271] - get_userlists_by_parent: lists found (parent_entry_id)129: [<UserList 90>, <UserList 92>]
2024-12-27 21:54:40,331 - application.list_utils - DEBUG - get_userlists_by_parent [list_utils.py:273] - get_userlists_by_parent: No lists found for parent_entry_id 157
2024-12-27 21:54:40,333 - application.list_utils - DEBUG - get_userlists_by_parent [list_utils.py:273] - get_userlists_by_parent: No lists found for parent_entry_id 158
2024-12-27 21:54:40,333 - application.list_utils - DEBUG - get_userlists_by_parent [list_utils.py:273] - get_userlists_by_parent: No lists found for parent_entry_id 159
2024-12-27 21:54:40,340 - application.list_utils - DEBUG - get_userlists_by_parent [list_utils.py:273] - get_userlists_by_parent: No lists found for parent_entry_id 160
2024-12-27 21:54:40,351 - application.list_utils - DEBUG - get_userlists_by_parent [list_utils.py:273] - get_userlists_by_parent: No lists found for parent_entry_id 161
2024-12-27 21:54:40,365 - application.list_utils - DEBUG - get_userlists_by_parent [list_utils.py:273] - get_userlists_by_parent: No lists found for parent_entry_id 162
2024-12-27 21:54:40,388 - application.list_utils - DEBUG - get_userlists_by_parent [list_utils.py:273] - get_userlists_by_parent: No lists found for parent_entry_id 163
2024-12-27 21:54:40,389 - application.list_utils - DEBUG - get_userlists_by_parent [list_utils.py:273] - get_userlists_by_parent: No lists found for parent_entry_id 164
2024-12-27 21:54:40,390 - application.list_utils - DEBUG - get_userlists_by_parent [list_utils.py:273] - get_userlists_by_parent: No lists found for parent_entry_id 165
2024-12-27 21:54:40,396 - application.list_utils - DEBUG - get_userlists_by_parent [list_utils.py:273] - get_userlists_by_parent: No lists found for parent_entry_id 166
2024-12-27 21:54:40,398 - application.list_utils - DEBUG - get_userlists_by_parent [list_utils.py:273] - get_userlists_by_parent: No lists found for parent_entry_id 167
2024-12-27 21:54:40,400 - application.list_utils - DEBUG - get_userlists_by_parent [list_utils.py:273] - get_userlists_by_parent: No lists found for parent_entry_id 43
2024-12-27 21:54:40,402 - application.list_utils - DEBUG - get_userlists_by_parent [list_utils.py:273] - get_userlists_by_parent: No lists found for parent_entry_id 42
2024-12-27 21:54:40,405 - application.list_utils - DEBUG - get_userlists_by_parent [list_utils.py:273] - get_userlists_by_parent: No lists found for parent_entry_id 130
2024-12-27 21:54:40,406 - application.list_utils - DEBUG - get_userlists_by_parent [list_utils.py:273] - get_userlists_by_parent: No lists found for parent_entry_id 131
2024-12-27 21:54:40,411 - application.list_utils - DEBUG - get_userlists_by_parent [list_utils.py:273] - get_userlists_by_parent: No lists found for parent_entry_id 132
2024-12-27 21:54:40,414 - application.list_utils - DEBUG - get_userlists_by_parent [list_utils.py:273] - get_userlists_by_parent: No lists found for parent_entry_id 133
2024-12-27 21:54:40,416 - application.list_utils - DEBUG - get_userlists_by_parent [list_utils.py:273] - get_userlists_by_parent: No lists found for parent_entry_id 39
2024-12-27 21:54:40,419 - application.list_utils - DEBUG - get_userlists_by_parent [list_utils.py:273] - get_userlists_by_parent: No lists found for parent_entry_id 134
2024-12-27 21:54:40,421 - application.list_utils - DEBUG - get_userlists_by_parent [list_utils.py:273] - get_userlists_by_parent: No lists found for parent_entry_id 138
2024-12-27 21:54:40,424 - application.list_utils - DEBUG - get_userlists_by_parent [list_utils.py:273] - get_userlists_by_parent: No lists found for parent_entry_id 139
2024-12-27 21:54:40,426 - application.list_utils - DEBUG - get_userlists_by_parent [list_utils.py:273] - get_userlists_by_parent: No lists found for parent_entry_id 140
2024-12-27 21:54:40,428 - application.list_utils - DEBUG - get_userlists_by_parent [list_utils.py:273] - get_userlists_by_parent: No lists found for parent_entry_id 141
2024-12-27 21:54:40,429 - application.list_utils - DEBUG - get_userlists_by_parent [list_utils.py:273] - get_userlists_by_parent: No lists found for parent_entry_id 142
2024-12-27 21:54:40,431 - application.list_utils - DEBUG - get_userlists_by_parent [list_utils.py:273] - get_userlists_by_parent: No lists found for parent_entry_id 143
2024-12-27 21:54:40,432 - application.list_utils - DEBUG - get_userlists_by_parent [list_utils.py:273] - get_userlists_by_parent: No lists found for parent_entry_id 144
2024-12-27 21:54:40,434 - application.list_utils - DEBUG - get_userlists_by_parent [list_utils.py:273] - get_userlists_by_parent: No lists found for parent_entry_id 145
2024-12-27 21:54:40,434 - application.list_utils - DEBUG - get_userlists_by_parent [list_utils.py:273] - get_userlists_by_parent: No lists found for parent_entry_id 146
2024-12-27 21:54:40,435 - application.list_utils - DEBUG - get_userlists_by_parent [list_utils.py:273] - get_userlists_by_parent: No lists found for parent_entry_id 147
2024-12-27 21:54:40,437 - application.list_utils - DEBUG - get_userlists_by_parent [list_utils.py:273] - get_userlists_by_parent: No lists found for parent_entry_id 148
2024-12-27 21:54:40,439 - application.list_utils - DEBUG - get_userlists_by_parent [list_utils.py:273] - get_userlists_by_parent: No lists found for parent_entry_id 149
2024-12-27 21:54:40,445 - application.list_utils - DEBUG - get_userlists_by_parent [list_utils.py:273] - get_userlists_by_parent: No lists found for parent_entry_id 38
2024-12-27 21:54:40,446 - application.list_utils - DEBUG - get_userlists_by_parent [list_utils.py:273] - get_userlists_by_parent: No lists found for parent_entry_id 44
2024-12-27 21:54:40,447 - application.list_utils - DEBUG - get_userlists_by_parent [list_utils.py:273] - get_userlists_by_parent: No lists found for parent_entry_id 45
2024-12-27 21:54:40,448 - application.list_utils - DEBUG - get_userlists_by_parent [list_utils.py:273] - get_userlists_by_parent: No lists found for parent_entry_id 46
2024-12-27 21:54:40,450 - application.list_utils - DEBUG - get_userlists_by_parent [list_utils.py:273] - get_userlists_by_parent: No lists found for parent_entry_id 93
2024-12-27 21:54:40,451 - application.list_utils - DEBUG - get_userlists_by_parent [list_utils.py:273] - get_userlists_by_parent: No lists found for parent_entry_id 94
2024-12-27 21:54:40,453 - application.list_utils - DEBUG - get_userlists_by_parent [list_utils.py:273] - get_userlists_by_parent: No lists found for parent_entry_id 150
2024-12-27 21:54:40,455 - application.list_utils - DEBUG - get_userlists_by_parent [list_utils.py:273] - get_userlists_by_parent: No lists found for parent_entry_id 151
2024-12-27 21:54:40,456 - application.list_utils - DEBUG - get_userlists_by_parent [list_utils.py:273] - get_userlists_by_parent: No lists found for parent_entry_id 152
2024-12-27 21:54:40,457 - application.list_utils - DEBUG - get_userlists_by_parent [list_utils.py:273] - get_userlists_by_parent: No lists found for parent_entry_id 153
2024-12-27 21:54:40,460 - application.list_utils - DEBUG - get_userlists_by_parent [list_utils.py:273] - get_userlists_by_parent: No lists found for parent_entry_id 154
2024-12-27 21:54:40,461 - application.list_utils - DEBUG - get_userlists_by_parent [list_utils.py:273] - get_userlists_by_parent: No lists found for parent_entry_id 155
2024-12-27 21:54:40,463 - application.list_utils - DEBUG - get_userlists_by_parent [list_utils.py:273] - get_userlists_by_parent: No lists found for parent_entry_id 156
2024-12-27 21:54:40,553 - application.list_utils - DEBUG - get_list_entries_for_item [list_utils.py:428] - found_entries for <Photo 37>: [<UserListEntry 128>]
2024-12-27 21:54:40,554 - application.list_utils - DEBUG - get_list_entries_for_item [list_utils.py:428] - found_entries for <Photo 1>: [<UserListEntry 19>]
2024-12-27 21:54:40,564 - application.list_utils - DEBUG - get_list_entries_for_item [list_utils.py:436] - Entry: <UserListEntry 128>
2024-12-27 21:54:40,564 - application.list_utils - DEBUG - get_list_entries_for_item [list_utils.py:428] - found_entries for <Photo 6>: [<UserListEntry 29>]
2024-12-27 21:54:40,567 - application.list_utils - DEBUG - get_list_entries_for_item [list_utils.py:436] - Entry: <UserListEntry 19>
2024-12-27 21:54:40,568 - application.list_utils - DEBUG - get_list_entries_for_item [list_utils.py:428] - found_entries for <Photo 5>: [<UserListEntry 27>]
2024-12-27 21:54:40,569 - application.list_utils - DEBUG - get_list_entries_for_item [list_utils.py:437] - Item Model: Photo, Item ID: 37
2024-12-27 21:54:40,569 - application.list_utils - DEBUG - get_list_entries_for_item [list_utils.py:428] - found_entries for <Photo 7>: [<UserListEntry 31>]
2024-12-27 21:54:40,587 - application.list_utils - DEBUG - get_list_entries_for_item [list_utils.py:436] - Entry: <UserListEntry 29>
2024-12-27 21:54:40,592 - application.list_utils - DEBUG - get_list_entries_for_item [list_utils.py:437] - Item Model: Photo, Item ID: 1
2024-12-27 21:54:40,598 - application.list_utils - DEBUG - get_list_entries_for_item [list_utils.py:436] - Entry: <UserListEntry 27>
2024-12-27 21:54:40,603 - application.list_utils - DEBUG - get_list_entries_for_item [list_utils.py:438] - User List ID: 90 User List Name: Balcony 3 Photos
2024-12-27 21:54:40,617 - application.list_utils - DEBUG - get_list_entries_for_item [list_utils.py:437] - Item Model: Photo, Item ID: 6
2024-12-27 21:54:40,618 - application.list_utils - DEBUG - get_list_entries_for_item [list_utils.py:436] - Entry: <UserListEntry 31>
2024-12-27 21:54:40,619 - application.list_utils - DEBUG - get_list_entries_for_item [list_utils.py:438] - User List ID: 5 User List Name: Bedroom 1 Photos
2024-12-27 21:54:40,620 - application.list_utils - DEBUG - get_list_entries_for_item [list_utils.py:437] - Item Model: Photo, Item ID: 5
2024-12-27 21:54:40,621 - application.list_utils - DEBUG - get_list_entries_for_item [list_utils.py:439] - user: 1
2024-12-27 21:54:40,622 - application.list_utils - DEBUG - get_list_entries_for_item [list_utils.py:438] - User List ID: 15 User List Name: Hallway 1 Photos
2024-12-27 21:54:40,627 - application.list_routes - DEBUG - show_photo_entry [list_routes.py:314] - view_override: None
2024-12-27 21:54:40,623 - application.list_utils - DEBUG - get_list_entries_for_item [list_utils.py:437] - Item Model: Photo, Item ID: 7
2024-12-27 21:54:40,629 - application.list_routes - DEBUG - show_photo_entry [list_routes.py:319] - view: map
2024-12-27 21:54:40,623 - application.list_utils - DEBUG - get_list_entries_for_item [list_utils.py:439] - user: 1
2024-12-27 21:54:40,631 - application.list_routes - DEBUG - show_photo_entry [list_routes.py:314] - view_override: None
2024-12-27 21:54:40,625 - application.list_utils - DEBUG - get_list_entries_for_item [list_utils.py:438] - User List ID: 13 User List Name: Gym 1 Photos
2024-12-27 21:54:40,628 - application.list_utils - DEBUG - get_list_entries_for_item [list_utils.py:439] - user: 1
2024-12-27 21:54:40,631 - application.list_routes - DEBUG - show_photo_entry [list_routes.py:319] - view: map
2024-12-27 21:54:40,629 - application.list_utils - DEBUG - get_list_entries_for_item [list_utils.py:438] - User List ID: 17 User List Name: Attic 1 Photos
2024-12-27 21:54:40,643 - application.list_routes - DEBUG - show_photo_entry [list_routes.py:314] - view_override: None
2024-12-27 21:54:40,671 - application.list_routes - DEBUG - show_photo_entry [list_routes.py:319] - view: map
2024-12-27 21:54:40,632 - application.list_utils - DEBUG - get_list_entries_for_item [list_utils.py:439] - user: 1
2024-12-27 21:54:40,670 - application.list_utils - DEBUG - get_list_entries_for_item [list_utils.py:439] - user: 1
2024-12-27 21:54:40,674 - application.list_routes - DEBUG - show_photo_entry [list_routes.py:314] - view_override: None
2024-12-27 21:54:40,718 - application.list_routes - DEBUG - show_photo_entry [list_routes.py:314] - view_override: None
2024-12-27 21:54:40,720 - application.list_routes - DEBUG - show_photo_entry [list_routes.py:319] - view: map
2024-12-27 21:54:40,726 - application.list_routes - DEBUG - show_photo_entry [list_routes.py:319] - view: map
2024-12-27 21:54:40,774 - application.list_utils - DEBUG - get_list_entries_for_item [list_utils.py:428] - found_entries for <Photo 24>: [<UserListEntry 90>]
2024-12-27 21:54:40,776 - application.list_utils - DEBUG - get_list_entries_for_item [list_utils.py:436] - Entry: <UserListEntry 90>
2024-12-27 21:54:40,781 - application.list_utils - DEBUG - get_list_entries_for_item [list_utils.py:437] - Item Model: Photo, Item ID: 24
2024-12-27 21:54:40,784 - application.list_utils - DEBUG - get_list_entries_for_item [list_utils.py:438] - User List ID: 21 User List Name: Hallway 2 Photos
2024-12-27 21:54:40,784 - application.list_utils - DEBUG - get_list_entries_for_item [list_utils.py:439] - user: 1
2024-12-27 21:54:40,785 - application.list_routes - DEBUG - show_photo_entry [list_routes.py:314] - view_override: None
2024-12-27 21:54:40,786 - application.list_routes - DEBUG - show_photo_entry [list_routes.py:319] - view: map
2024-12-27 21:54:40,819 - application.list_utils - DEBUG - get_list_entries_for_item [list_utils.py:428] - found_entries for <Photo 4>: [<UserListEntry 25>]
2024-12-27 21:54:40,824 - application.list_utils - DEBUG - get_list_entries_for_item [list_utils.py:428] - found_entries for <Photo 8>: [<UserListEntry 33>]
2024-12-27 21:54:40,827 - application.list_utils - DEBUG - get_list_entries_for_item [list_utils.py:436] - Entry: <UserListEntry 33>
2024-12-27 21:54:40,827 - application.list_utils - DEBUG - get_list_entries_for_item [list_utils.py:437] - Item Model: Photo, Item ID: 8
2024-12-27 21:54:40,828 - application.list_utils - DEBUG - get_list_entries_for_item [list_utils.py:438] - User List ID: 19 User List Name: Stairway 1 Photos
2024-12-27 21:54:40,828 - application.list_utils - DEBUG - get_list_entries_for_item [list_utils.py:439] - user: 1
2024-12-27 21:54:40,828 - application.list_utils - DEBUG - get_list_entries_for_item [list_utils.py:436] - Entry: <UserListEntry 25>
2024-12-27 21:54:40,829 - application.list_routes - DEBUG - show_photo_entry [list_routes.py:314] - view_override: None
2024-12-27 21:54:40,829 - application.list_utils - DEBUG - get_list_entries_for_item [list_utils.py:437] - Item Model: Photo, Item ID: 4
2024-12-27 21:54:40,830 - application.list_utils - DEBUG - get_list_entries_for_item [list_utils.py:428] - found_entries for <Photo 2>: [<UserListEntry 21>]
2024-12-27 21:54:40,831 - application.list_routes - DEBUG - show_photo_entry [list_routes.py:319] - view: map
2024-12-27 21:54:40,834 - application.list_utils - DEBUG - get_list_entries_for_item [list_utils.py:438] - User List ID: 11 User List Name: Balcony 2 Photos
2024-12-27 21:54:40,838 - application.list_utils - DEBUG - get_list_entries_for_item [list_utils.py:436] - Entry: <UserListEntry 21>
2024-12-27 21:54:40,843 - application.list_utils - DEBUG - get_list_entries_for_item [list_utils.py:439] - user: 1
2024-12-27 21:54:40,848 - application.list_utils - DEBUG - get_list_entries_for_item [list_utils.py:437] - Item Model: Photo, Item ID: 2
2024-12-27 21:54:40,850 - application.list_routes - DEBUG - show_photo_entry [list_routes.py:314] - view_override: None
2024-12-27 21:54:40,850 - application.list_utils - DEBUG - get_list_entries_for_item [list_utils.py:438] - User List ID: 7 User List Name: Balcony 1 Photos
2024-12-27 21:54:40,850 - application.list_routes - DEBUG - show_photo_entry [list_routes.py:319] - view: map
2024-12-27 21:54:40,852 - application.list_utils - DEBUG - get_list_entries_for_item [list_utils.py:439] - user: 1
2024-12-27 21:54:40,856 - application.list_routes - DEBUG - show_photo_entry [list_routes.py:314] - view_override: None
2024-12-27 21:54:40,861 - application.list_routes - DEBUG - show_list [list_routes.py:221] - view: map
2024-12-27 21:54:40,866 - application.list_utils - DEBUG - get_list_entries_for_item [list_utils.py:428] - found_entries for <Photo 3>: [<UserListEntry 23>]
2024-12-27 21:54:40,865 - application.list_routes - DEBUG - show_photo_entry [list_routes.py:319] - view: map
2024-12-27 21:54:40,882 - application.list_utils - DEBUG - get_list_entries_for_item [list_utils.py:436] - Entry: <UserListEntry 23>
2024-12-27 21:54:40,889 - application.list_utils - DEBUG - get_list_entries_for_item [list_utils.py:437] - Item Model: Photo, Item ID: 3
2024-12-27 21:54:40,891 - application.list_utils - DEBUG - get_list_entries_for_item [list_utils.py:438] - User List ID: 9 User List Name: Laundry Room 1 Photos
2024-12-27 21:54:40,916 - application.list_utils - DEBUG - get_list_entries_for_item [list_utils.py:439] - user: 1
2024-12-27 21:54:40,922 - application.list_routes - DEBUG - show_photo_entry [list_routes.py:314] - view_override: None
2024-12-27 21:54:40,927 - application.list_routes - DEBUG - show_photo_entry [list_routes.py:319] - view: map
2024-12-27 21:54:40,931 - application.list_routes - DEBUG - show_list [list_routes.py:221] - view: map
2024-12-27 21:54:40,978 - application.list_routes - DEBUG - show_list [list_routes.py:221] - view: map
2024-12-27 21:54:40,994 - application.list_routes - DEBUG - show_list [list_routes.py:221] - view: map
2024-12-27 21:54:41,012 - application.list_routes - DEBUG - show_list [list_routes.py:221] - view: map
2024-12-27 21:54:41,121 - application.list_routes - DEBUG - show_list [list_routes.py:221] - view: map
2024-12-27 21:54:41,148 - application.list_routes - DEBUG - show_list [list_routes.py:221] - view: map
2024-12-27 21:54:41,168 - application.list_routes - DEBUG - show_list [list_routes.py:221] - view: map
2024-12-27 21:54:41,175 - application.list_routes - DEBUG - show_list [list_routes.py:221] - view: map
2024-12-27 21:54:41,240 - application.list_routes - DEBUG - show_list [list_routes.py:221] - view: map
2024-12-27 21:54:41,343 - application.upload - DEBUG - uploaded_file [upload.py:97] - files in /Users/kyle/Documents/Repos/cs50/cs50x-final/media/uploads: ['1_1732676059_image.jpg', '2_1735273503_image.jpg', '2_1729876600_IMG_7979.jpeg', '3_1729880451_Screen_Shot_2024-10-15_at_8.49.55_PM.png', '2_1729793180_IMG_7939.jpeg', '2_1729876732_image.jpg', 'IMG_7540_3.jpeg', '1_1734385972_image.jpg', 'Screen_Shot_2024-06-17_at_9.19.26_PM_1.png', '1_1732593853_image.jpg', '1_1732676397_image.jpg', '3_1735338640_image.jpg', '1_1735325088_image.jpg', '3_1729880474_Screen_Shot_2024-06-17_at_9.19.26_PM.png', '3_1729880474_Screen_Shot_2023-05-13_at_4.10.32_PM.png', '2_1729793457_IMG_7927.jpeg', '.DS_Store', '1_1734387080_image.jpg', '2_1729878736_IMG_6398.jpeg', '2_1729793259_IMG_7971.jpeg', 'IMG_7540_2.jpeg', '3_1729880431_Screen_Shot_2024-10-15_at_8.49.55_PM.png', '2_1729788694_IMG_7978.jpeg', '2_1729793180_IMG_7938.jpeg', '1_1732676358_image.jpg', '1_1735078873_image.jpg', '2_1729806527_IMG_7971.jpeg', '3_1729880431_Screen_Shot_2024-06-17_at_9.19.26_PM.png', '2_1735273336_image.jpg', '2_1729878723_IMG_7979.jpeg', '1_1732313937_image.jpg', '1_1732571764_image.jpg', '1_1732308837_image.jpg', '2_1735273391_image.jpg', '1_1734387020_image.jpg', '2_1729806527_IMG_7940.png', '2_1729790952_IMG_7939.jpeg', '2_1729793457_IMG_7920.jpeg', '1_1734487460_image.jpg', '2_1734736057_image.jpg', '1_1732676382_image.jpg', '2_1729806423_IMG_7926.jpeg', 'IMG_7540_5.jpeg', '2_1729806390_image.jpg', '1_1732313904_image.jpg', '3_1729880431_Screen_Shot_2024-09-16_at_4.22.17_PM.png', '2_1729790270_image.jpg', '2_1729788660_IMG_7972.jpeg', '2_1729789401_IMG_7978.jpeg', 'IMG_7540_4.jpeg', '2_1734927984_image.jpg', '2_1729787915_image.jpg', '2_1729806527_IMG_7936.jpeg', '1_1732676354_image.jpg', '3_1735338624_image.jpg', '2_1729793457_IMG_7917.jpeg', '1_1732571776_image.jpg', '1_1735325243_image.jpg', '1_1732676066_image.jpg', '2_1729790297_IMG_7939.jpeg', '1_1732308852_image.jpg', '2_1734736231_image.jpg', '1_1734387117_image.jpg', '3_1729880474_Screen_Shot_2024-09-16_at_4.22.17_PM.png', '2_1729790967_image.jpg', 'image_2.jpg', '2_1729790846_IMG_7897.jpeg', '2_1735273185_image.jpg', '2_1729806527_IMG_7975.png', '1_1734389779_image.jpg', '1_1734387023_image.jpg', '2_1734736257_image.jpg', '2_1729787672_image.jpg', '2_1729806527_IMG_7974.png', '2_1729878723_IMG_7982.jpeg', '2_1729806527_IMG_7939.jpeg', 'image_3.jpg', '2_1734736075_image.jpg', '1_1735325064_image.jpg', '2_1729806500_image.jpg', 'image_1.jpg', '2_1729806527_IMG_7976.png', '1_1734371648_image.jpg', '2_1729876600_IMG_7984.jpeg', '2_1729806527_IMG_7977.png', '2_1729806527_IMG_7935.jpeg', '2_1729790259_image.jpg', '3_1735338704_image.jpg', '2_1729876586_image.jpg', '3_1729880431_Screen_Shot_2024-09-16_at_4.22.10_PM.png', '2_1729790568_IMG_7928.jpeg', 'image_4.jpg', '2_1729806527_IMG_7934.jpeg', '2_1729806527_IMG_7973.png', '1_1735326089_image.jpg', '1_1732571789_image.jpg', 'Screen_Shot_2024-06-17_at_9.19.26_PM.png', 'IMG_7540_6.jpeg', 'image_5.jpg', '1_1734385976_image.jpg', '2_1729789538_image.jpg', '2_1734735964_image.jpg', '2_1729789387_image.jpg', '1_1734389804_image.jpg', '2_1729806527_IMG_7938.jpeg', '1_1732676387_image.jpg', '2_1729790282_image.jpg', '2_1729806423_IMG_7913.jpeg', 'IMG_7540.jpeg', '1_1734999660_image.jpg', '2_1729793259_IMG_7973.png', 'IMG_7540_1.jpeg', '2_1729876600_IMG_7982.jpeg', '2_1729806527_IMG_7933.jpeg', '2_1729806527_IMG_7972.jpeg', '2_1729877408_image.jpg', '2_1729806423_IMG_7919.png', '3_1729880431_IMG_7540.jpeg', '2_1729788645_IMG_7977.png', '2_1729878714_image.jpg', '2_1729878744_image.jpg', '2_1729793180_IMG_7936.jpeg', '1_1735079625_image.jpg', '3_1729880451_IMG_7540.jpeg', '2_1729793259_IMG_7976.png', '1_1732676392_image.jpg', 'image.jpg', '1_1732636778_image.jpg', '1_1734371564_image.jpg', '2_1729876600_IMG_7983.jpeg', '2_1729793162_image.jpg', '1_1732636784_image.jpg']
2024-12-27 21:54:46,044 - application.walkthrough - DEBUG - walk_start [walkthrough.py:34] - get room_name: Laundry Room 1
2024-12-27 21:54:46,044 - application.walkthrough - DEBUG - walk_start [walkthrough.py:35] - get view: room
2024-12-27 21:54:46,046 - application.walkthrough - DEBUG - walk_start [walkthrough.py:39] - room: (<Room 3>,) room_name: Laundry Room 1 room name name: Laundry Room 1
2024-12-27 21:54:46,051 - application.rooms - DEBUG - set_active_room [rooms.py:120] - current_user.active_home.active_room: <Room 3>
2024-12-27 21:54:46,052 - application.walkthrough - DEBUG - walk_start [walkthrough.py:53] - view: room
2024-12-27 21:54:46,072 - application.walkthrough - DEBUG - views [walkthrough.py:71] - view?: room
2024-12-27 21:54:46,073 - application.walkthrough - DEBUG - views [walkthrough.py:74] - File exists!: walkthrough/parts/room.html.jinja
2024-12-27 21:54:46,609 - application.list_routes - DEBUG - show_list [list_routes.py:221] - view: horiz-scroll
2024-12-27 21:54:46,610 - application.list_routes - DEBUG - show_list [list_routes.py:221] - view: horiz-scroll
2024-12-27 21:54:46,613 - application.list_utils - DEBUG - get_list_entries_for_item [list_utils.py:428] - found_entries for <Home 1>: [<UserListEntry 1>]
2024-12-27 21:54:46,615 - application.list_utils - DEBUG - get_list_entries_for_item [list_utils.py:428] - found_entries for <Floor 1>: [<UserListEntry 2>]
2024-12-27 21:54:46,615 - application.list_utils - DEBUG - get_list_entries_for_item [list_utils.py:436] - Entry: <UserListEntry 1>
2024-12-27 21:54:46,617 - application.list_utils - DEBUG - get_list_entries_for_item [list_utils.py:437] - Item Model: Home, Item ID: 1
2024-12-27 21:54:46,617 - application.list_utils - DEBUG - get_list_entries_for_item [list_utils.py:436] - Entry: <UserListEntry 2>
2024-12-27 21:54:46,618 - application.list_utils - DEBUG - get_list_entries_for_item [list_utils.py:438] - User List ID: 1 User List Name: bob Homes
2024-12-27 21:54:46,618 - application.list_utils - DEBUG - get_list_entries_for_item [list_utils.py:437] - Item Model: Floor, Item ID: 1
2024-12-27 21:54:46,618 - application.list_utils - DEBUG - get_list_entries_for_item [list_utils.py:439] - user: 1
2024-12-27 21:54:46,619 - application.list_utils - DEBUG - get_list_entries_for_item [list_utils.py:438] - User List ID: 2 User List Name: photos tester Floors
2024-12-27 21:54:46,619 - application.list_utils - DEBUG - get_userlist [list_utils.py:308] - get_userlist(): item_model: Floor, list_name: None, parent_entry_id: 1
2024-12-27 21:54:46,619 - application.list_utils - DEBUG - get_list_entries_for_item [list_utils.py:439] - user: 1
2024-12-27 21:54:46,620 - application.list_utils - DEBUG - get_userlist [list_utils.py:308] - get_userlist(): item_model: Room, list_name: None, parent_entry_id: 2
2024-12-27 21:54:46,621 - application.list_utils - DEBUG - get_userlist [list_utils.py:322] - lists found (model, parent): [<UserList 2>]
2024-12-27 21:54:46,622 - application.list_utils - DEBUG - get_userlist [list_utils.py:349] - len(lists) == 1: None Floor 1
2024-12-27 21:54:46,623 - application.list_utils - DEBUG - get_userlist [list_utils.py:368] - userlist.entries: [<UserListEntry 2>] List type: <class 'sqlalchemy.orm.collections.InstrumentedList'>
2024-12-27 21:54:46,623 - application.list_utils - DEBUG - get_userlist [list_utils.py:370] - List: photos tester Floors, Order: 0
2024-12-27 21:54:46,624 - application.list_utils - DEBUG - get_userlist [list_utils.py:322] - lists found (model, parent): [<UserList 3>]
2024-12-27 21:54:46,631 - application.list_utils - DEBUG - get_userlist [list_utils.py:349] - len(lists) == 1: None Room 2
2024-12-27 21:54:46,632 - application.list_utils - DEBUG - get_userlists_by_parent [list_utils.py:271] - get_userlists_by_parent: lists found (parent_entry_id)2: [<UserList 3>]
2024-12-27 21:54:46,633 - application.list_utils - DEBUG - get_userlist [list_utils.py:368] - userlist.entries: [<UserListEntry 20>, <UserListEntry 22>, <UserListEntry 24>, <UserListEntry 26>, <UserListEntry 28>, <UserListEntry 30>, <UserListEntry 32>, <UserListEntry 34>, <UserListEntry 36>, <UserListEntry 129>] List type: <class 'sqlalchemy.orm.collections.InstrumentedList'>
2024-12-27 21:54:46,636 - application.list_utils - DEBUG - get_userlist [list_utils.py:370] - List: photos tester Rooms, Order: 0
2024-12-27 21:54:46,639 - application.list_utils - DEBUG - get_userlist [list_utils.py:370] - List: photos tester Rooms, Order: 1314
2024-12-27 21:54:46,639 - application.list_utils - DEBUG - get_userlist [list_utils.py:370] - List: photos tester Rooms, Order: 730
2024-12-27 21:54:46,640 - application.list_utils - DEBUG - get_userlist [list_utils.py:370] - List: photos tester Rooms, Order: 1168
2024-12-27 21:54:46,640 - application.list_utils - DEBUG - get_userlist [list_utils.py:370] - List: photos tester Rooms, Order: 584
2024-12-27 21:54:46,641 - application.list_utils - DEBUG - get_userlist [list_utils.py:370] - List: photos tester Rooms, Order: 292
2024-12-27 21:54:46,641 - application.list_utils - DEBUG - get_userlist [list_utils.py:370] - List: photos tester Rooms, Order: 438
2024-12-27 21:54:46,645 - application.list_utils - DEBUG - get_userlist [list_utils.py:370] - List: photos tester Rooms, Order: 1022
2024-12-27 21:54:46,647 - application.list_utils - DEBUG - get_userlist [list_utils.py:370] - List: photos tester Rooms, Order: 876
2024-12-27 21:54:46,648 - application.list_utils - DEBUG - get_userlist [list_utils.py:370] - List: photos tester Rooms, Order: 146
2024-12-27 21:54:46,651 - application.list_utils - DEBUG - get_userlists_by_parent [list_utils.py:271] - get_userlists_by_parent: lists found (parent_entry_id)20: [<UserList 5>, <UserList 23>]
2024-12-27 21:54:46,654 - application.list_utils - DEBUG - get_userlists_by_parent [list_utils.py:271] - get_userlists_by_parent: lists found (parent_entry_id)22: [<UserList 7>, <UserList 26>]
2024-12-27 21:54:46,657 - application.list_utils - DEBUG - get_userlists_by_parent [list_utils.py:271] - get_userlists_by_parent: lists found (parent_entry_id)24: [<UserList 9>, <UserList 27>]
2024-12-27 21:54:46,659 - application.list_utils - DEBUG - get_userlists_by_parent [list_utils.py:271] - get_userlists_by_parent: lists found (parent_entry_id)26: [<UserList 11>, <UserList 29>]
2024-12-27 21:54:46,662 - application.list_utils - DEBUG - get_userlists_by_parent [list_utils.py:271] - get_userlists_by_parent: lists found (parent_entry_id)28: [<UserList 13>, <UserList 28>]
2024-12-27 21:54:46,664 - application.list_utils - DEBUG - get_userlists_by_parent [list_utils.py:271] - get_userlists_by_parent: lists found (parent_entry_id)30: [<UserList 15>, <UserList 25>]
2024-12-27 21:54:46,665 - application.list_utils - DEBUG - get_userlists_by_parent [list_utils.py:271] - get_userlists_by_parent: lists found (parent_entry_id)32: [<UserList 17>, <UserList 24>]
2024-12-27 21:54:46,667 - application.list_utils - DEBUG - get_userlists_by_parent [list_utils.py:271] - get_userlists_by_parent: lists found (parent_entry_id)34: [<UserList 19>]
2024-12-27 21:54:46,669 - application.list_utils - DEBUG - get_userlists_by_parent [list_utils.py:271] - get_userlists_by_parent: lists found (parent_entry_id)36: [<UserList 21>, <UserList 30>]
2024-12-27 21:54:46,670 - application.list_utils - DEBUG - get_userlists_by_parent [list_utils.py:271] - get_userlists_by_parent: lists found (parent_entry_id)129: [<UserList 90>, <UserList 92>]
2024-12-27 21:54:46,688 - application.walkthrough - DEBUG - views [walkthrough.py:71] - view?: room
2024-12-27 21:54:46,689 - application.walkthrough - DEBUG - views [walkthrough.py:74] - File exists!: walkthrough/parts/room.html.jinja
2024-12-27 21:54:46,840 - application.list_utils - DEBUG - get_list_entries_for_item [list_utils.py:428] - found_entries for <Photo 3>: [<UserListEntry 23>]
2024-12-27 21:54:46,844 - application.list_routes - DEBUG - show_list [list_routes.py:221] - view: quicknote
2024-12-27 21:54:46,850 - application.list_utils - DEBUG - get_list_entries_for_item [list_utils.py:436] - Entry: <UserListEntry 23>
2024-12-27 21:54:46,851 - application.list_utils - DEBUG - get_list_entries_for_item [list_utils.py:437] - Item Model: Photo, Item ID: 3
2024-12-27 21:54:46,852 - application.list_utils - DEBUG - get_list_entries_for_item [list_utils.py:438] - User List ID: 9 User List Name: Laundry Room 1 Photos
2024-12-27 21:54:46,852 - application.list_utils - DEBUG - get_list_entries_for_item [list_utils.py:428] - found_entries for <Room 3>: [<UserListEntry 24>]
2024-12-27 21:54:46,857 - application.list_utils - DEBUG - get_list_entries_for_item [list_utils.py:439] - user: 1
2024-12-27 21:54:46,858 - application.list_routes - DEBUG - show_photo_entry [list_routes.py:314] - view_override: pingrid
2024-12-27 21:54:46,863 - application.list_utils - DEBUG - get_list_entries_for_item [list_utils.py:436] - Entry: <UserListEntry 24>
2024-12-27 21:54:46,861 - application.list_routes - DEBUG - show_photo_entry [list_routes.py:319] - view: pingrid
2024-12-27 21:54:46,864 - application.list_utils - DEBUG - get_list_entries_for_item [list_utils.py:437] - Item Model: Room, Item ID: 3
2024-12-27 21:54:46,866 - application.list_utils - DEBUG - get_list_entries_for_item [list_utils.py:438] - User List ID: 3 User List Name: photos tester Rooms
2024-12-27 21:54:46,866 - application.list_utils - DEBUG - get_list_entries_for_item [list_utils.py:439] - user: 1
2024-12-27 21:54:46,866 - application.list_utils - DEBUG - get_userlist [list_utils.py:308] - get_userlist(): item_model: Task, list_name: None, parent_entry_id: 24
2024-12-27 21:54:46,870 - application.list_utils - DEBUG - get_userlist [list_utils.py:322] - lists found (model, parent): [<UserList 27>]
2024-12-27 21:54:46,871 - application.list_utils - DEBUG - get_userlist [list_utils.py:349] - len(lists) == 1: None Task 24
2024-12-27 21:54:46,871 - application.list_utils - DEBUG - get_userlist [list_utils.py:368] - userlist.entries: [<UserListEntry 41>, <UserListEntry 135>, <UserListEntry 136>, <UserListEntry 137>, <UserListEntry 157>, <UserListEntry 158>, <UserListEntry 159>, <UserListEntry 160>, <UserListEntry 161>, <UserListEntry 162>, <UserListEntry 163>, <UserListEntry 164>, <UserListEntry 165>, <UserListEntry 166>, <UserListEntry 167>] List type: <class 'sqlalchemy.orm.collections.InstrumentedList'>
2024-12-27 21:54:46,872 - application.list_utils - DEBUG - get_userlist [list_utils.py:370] - List: Laundry Room 1 Tasks, Order: 1462
2024-12-27 21:54:46,872 - application.list_utils - DEBUG - get_userlist [list_utils.py:370] - List: Laundry Room 1 Tasks, Order: 1
2024-12-27 21:54:46,872 - application.list_utils - DEBUG - get_userlist [list_utils.py:370] - List: Laundry Room 1 Tasks, Order: 2
2024-12-27 21:54:46,872 - application.list_utils - DEBUG - get_userlist [list_utils.py:370] - List: Laundry Room 1 Tasks, Order: 3
2024-12-27 21:54:46,872 - application.list_utils - DEBUG - get_userlist [list_utils.py:370] - List: Laundry Room 1 Tasks, Order: 4
2024-12-27 21:54:46,873 - application.list_utils - DEBUG - get_userlist [list_utils.py:370] - List: Laundry Room 1 Tasks, Order: 5
2024-12-27 21:54:46,873 - application.list_utils - DEBUG - get_userlist [list_utils.py:370] - List: Laundry Room 1 Tasks, Order: 6
2024-12-27 21:54:46,879 - application.list_utils - DEBUG - get_userlist [list_utils.py:370] - List: Laundry Room 1 Tasks, Order: 7
2024-12-27 21:54:46,880 - application.list_utils - DEBUG - get_userlist [list_utils.py:370] - List: Laundry Room 1 Tasks, Order: 8
2024-12-27 21:54:46,881 - application.list_utils - DEBUG - get_userlist [list_utils.py:370] - List: Laundry Room 1 Tasks, Order: 9
2024-12-27 21:54:46,881 - application.list_utils - DEBUG - get_userlist [list_utils.py:370] - List: Laundry Room 1 Tasks, Order: 10
2024-12-27 21:54:46,882 - application.list_utils - DEBUG - get_userlist [list_utils.py:370] - List: Laundry Room 1 Tasks, Order: 11
2024-12-27 21:54:46,882 - application.list_utils - DEBUG - get_userlist [list_utils.py:370] - List: Laundry Room 1 Tasks, Order: 12
2024-12-27 21:54:46,883 - application.list_utils - DEBUG - get_userlist [list_utils.py:370] - List: Laundry Room 1 Tasks, Order: 13
2024-12-27 21:54:46,883 - application.list_utils - DEBUG - get_userlist [list_utils.py:370] - List: Laundry Room 1 Tasks, Order: 14
2024-12-27 21:54:46,885 - application.list_utils - DEBUG - get_userlists_by_parent [list_utils.py:273] - get_userlists_by_parent: No lists found for parent_entry_id 41
2024-12-27 21:54:46,886 - application.list_utils - DEBUG - get_userlists_by_parent [list_utils.py:273] - get_userlists_by_parent: No lists found for parent_entry_id 135
2024-12-27 21:54:46,887 - application.list_utils - DEBUG - get_userlists_by_parent [list_utils.py:273] - get_userlists_by_parent: No lists found for parent_entry_id 136
2024-12-27 21:54:46,888 - application.list_utils - DEBUG - get_userlists_by_parent [list_utils.py:273] - get_userlists_by_parent: No lists found for parent_entry_id 137
2024-12-27 21:54:46,889 - application.list_utils - DEBUG - get_userlists_by_parent [list_utils.py:273] - get_userlists_by_parent: No lists found for parent_entry_id 157
2024-12-27 21:54:46,890 - application.list_utils - DEBUG - get_userlists_by_parent [list_utils.py:273] - get_userlists_by_parent: No lists found for parent_entry_id 158
2024-12-27 21:54:46,891 - application.list_utils - DEBUG - get_userlists_by_parent [list_utils.py:273] - get_userlists_by_parent: No lists found for parent_entry_id 159
2024-12-27 21:54:46,893 - application.list_utils - DEBUG - get_userlists_by_parent [list_utils.py:273] - get_userlists_by_parent: No lists found for parent_entry_id 160
2024-12-27 21:54:46,895 - application.list_utils - DEBUG - get_userlists_by_parent [list_utils.py:273] - get_userlists_by_parent: No lists found for parent_entry_id 161
2024-12-27 21:54:46,896 - application.list_utils - DEBUG - get_userlists_by_parent [list_utils.py:273] - get_userlists_by_parent: No lists found for parent_entry_id 162
2024-12-27 21:54:46,897 - application.list_utils - DEBUG - get_userlists_by_parent [list_utils.py:273] - get_userlists_by_parent: No lists found for parent_entry_id 163
2024-12-27 21:54:46,897 - application.list_utils - DEBUG - get_userlists_by_parent [list_utils.py:273] - get_userlists_by_parent: No lists found for parent_entry_id 164
2024-12-27 21:54:46,898 - application.list_utils - DEBUG - get_userlists_by_parent [list_utils.py:273] - get_userlists_by_parent: No lists found for parent_entry_id 165
2024-12-27 21:54:46,899 - application.list_utils - DEBUG - get_userlists_by_parent [list_utils.py:273] - get_userlists_by_parent: No lists found for parent_entry_id 166
2024-12-27 21:54:46,900 - application.list_utils - DEBUG - get_userlists_by_parent [list_utils.py:273] - get_userlists_by_parent: No lists found for parent_entry_id 167
2024-12-27 21:54:47,023 - application.list_routes - DEBUG - show_list [list_routes.py:221] - view: pingrid
2024-12-27 21:54:51,342 - application.list_routes - DEBUG - update [list_routes.py:157] - is_checked: True
2024-12-27 21:54:51,343 - application.database.events - INFO - set_timestamp_on_completion [events.py:92] - set_timestamp_on_completion called for task: <Task 62>
