2024-12-24 21:01:27,424 - logs.logging_config - DEBUG - configure_logging [logging_config.py:178] - Application logging configured
2024-12-24 21:01:27,427 - logs.logging_config - INFO - configure_logging [logging_config.py:187] - Application started in production environment
2024-12-24 21:01:27,428 - application - DEBUG - create_app [__init__.py:28] - test2
2024-12-24 21:01:28,271 - application - DEBUG - after_request_time [__init__.py:42] - Request to / took 0.014015913009643555 seconds
2024-12-24 21:01:28,271 - application - DEBUG - after_request_time [__init__.py:44] - view (after_request): room
2024-12-24 21:01:28,272 - application - DEBUG - after_request_time [__init__.py:46] - template (after_request): None
2024-12-24 21:01:28,308 - application.map - DEBUG - home_map [map.py:26] - map called with floor_id: 1
2024-12-24 21:01:28,316 - application.rooms - DEBUG - floor_room_check [rooms.py:169] - inside floor_room_check A: floor_id: 1, has_rooms: True
2024-12-24 21:01:28,319 - application.rooms - DEBUG - check_each_floor_for_rooms [rooms.py:176] - floor.rooms.count() <Floor 1> = 5
2024-12-24 21:01:28,320 - application.rooms - DEBUG - check_each_floor_for_rooms [rooms.py:176] - floor.rooms.count() <Floor 2> = 1
2024-12-24 21:01:28,322 - application.rooms - DEBUG - check_each_floor_for_rooms [rooms.py:176] - floor.rooms.count() <Floor 3> = 1
2024-12-24 21:01:28,323 - application.rooms - DEBUG - floor_room_check [rooms.py:171] - inside floor_room_check B: floor_id: 1, has_rooms: True
2024-12-24 21:01:28,323 - application.map - DEBUG - home_map [map.py:29] - room check: floor_id: 1, has_rooms: True
2024-12-24 21:01:28,323 - application.floors - DEBUG - set_active_floor [floors.py:43] - set_active_floor called with floor_id: 1
2024-12-24 21:01:28,327 - application.floors - DEBUG - set_active_floor [floors.py:54] - current_user.active_home.active_floor: <Floor 1>
2024-12-24 21:01:28,331 - application.list_utils - DEBUG - get_list_entries_for_item [list_utils.py:428] - found_entries for <Home 1>: [<UserListEntry 1>]
2024-12-24 21:01:28,338 - application.list_utils - DEBUG - get_list_entries_for_item [list_utils.py:436] - Entry: <UserListEntry 1>
2024-12-24 21:01:28,338 - application.list_utils - DEBUG - get_list_entries_for_item [list_utils.py:437] - Item Model: Home, Item ID: 1
2024-12-24 21:01:28,339 - application.list_utils - DEBUG - get_list_entries_for_item [list_utils.py:438] - User List ID: 1 User List Name: bob Homes
2024-12-24 21:01:28,339 - application.list_utils - DEBUG - get_list_entries_for_item [list_utils.py:439] - user: 1
2024-12-24 21:01:28,339 - application.list_utils - DEBUG - get_userlist [list_utils.py:308] - get_userlist(): item_model: Floor, list_name: None, parent_entry_id: 1
2024-12-24 21:01:28,342 - application.list_utils - DEBUG - get_userlist [list_utils.py:322] - lists found (model, parent): [<UserList 2>]
2024-12-24 21:01:28,342 - application.list_utils - DEBUG - get_userlist [list_utils.py:349] - len(lists) == 1: None Floor 1
2024-12-24 21:01:28,342 - application.list_utils - DEBUG - get_userlist [list_utils.py:368] - userlist.entries: [<UserListEntry 2>, <UserListEntry 3>, <UserListEntry 26>] List type: <class 'sqlalchemy.orm.collections.InstrumentedList'>
2024-12-24 21:01:28,342 - application.list_utils - DEBUG - get_userlist [list_utils.py:370] - List: test Floors, Order: 5
2024-12-24 21:01:28,343 - application.list_utils - DEBUG - get_userlist [list_utils.py:370] - List: test Floors, Order: 3
2024-12-24 21:01:28,343 - application.list_utils - DEBUG - get_userlist [list_utils.py:370] - List: test Floors, Order: 1
2024-12-24 21:01:28,343 - application.rooms - DEBUG - get_room_list [rooms.py:44] - floor_list: <UserList 2> (type: <class 'application.database.models.UserList'>)
2024-12-24 21:01:28,343 - application.rooms - DEBUG - get_room_list [rooms.py:45] - floor_list entries count: 3
2024-12-24 21:01:28,344 - application.rooms - DEBUG - get_room_list [rooms.py:52] - floor list get floor_entry.id: 2
2024-12-24 21:01:28,344 - application.rooms - DEBUG - get_room_list [rooms.py:53] - floor list get floor_entry.get_item().name: Main Floor
2024-12-24 21:01:28,388 - application.rooms - DEBUG - get_room_list [rooms.py:58] - room_list: <UserList 3> (type: <class 'application.database.models.UserList'>) parent: Main Floor
2024-12-24 21:01:28,388 - application.rooms - DEBUG - get_room_list [rooms.py:52] - floor list get floor_entry.id: 3
2024-12-24 21:01:28,389 - application.rooms - DEBUG - get_room_list [rooms.py:53] - floor list get floor_entry.get_item().name: 2nd Floor
2024-12-24 21:01:28,391 - application.rooms - DEBUG - get_room_list [rooms.py:58] - room_list: <UserList 4> (type: <class 'application.database.models.UserList'>) parent: 2nd Floor
2024-12-24 21:01:28,391 - application.rooms - DEBUG - get_room_list [rooms.py:52] - floor list get floor_entry.id: 26
2024-12-24 21:01:28,392 - application.rooms - DEBUG - get_room_list [rooms.py:53] - floor list get floor_entry.get_item().name: 3rd Floor
2024-12-24 21:01:28,393 - application.rooms - DEBUG - get_room_list [rooms.py:58] - room_list: <UserList 12> (type: <class 'application.database.models.UserList'>) parent: 3rd Floor
2024-12-24 21:01:28,394 - application.list_utils - DEBUG - get_list_entries_for_item [list_utils.py:428] - found_entries for <Home 1>: [<UserListEntry 1>]
2024-12-24 21:01:28,395 - application.list_utils - DEBUG - get_list_entries_for_item [list_utils.py:436] - Entry: <UserListEntry 1>
2024-12-24 21:01:28,395 - application.list_utils - DEBUG - get_list_entries_for_item [list_utils.py:437] - Item Model: Home, Item ID: 1
2024-12-24 21:01:28,396 - application.list_utils - DEBUG - get_list_entries_for_item [list_utils.py:438] - User List ID: 1 User List Name: bob Homes
2024-12-24 21:01:28,396 - application.list_utils - DEBUG - get_list_entries_for_item [list_utils.py:439] - user: 1
2024-12-24 21:01:28,396 - application.rooms - DEBUG - get_room_list [rooms.py:59] - get_userlist(Room, current_user.active_home.name:test current_user.active_home.active_floor.name:Main Floor Rooms, get_list_entries_for_item(current_user.active_home)[0].id:1
2024-12-24 21:01:28,397 - application.list_utils - DEBUG - get_list_entries_for_item [list_utils.py:428] - found_entries for <Floor 1>: [<UserListEntry 2>]
2024-12-24 21:01:28,398 - application.list_utils - DEBUG - get_list_entries_for_item [list_utils.py:436] - Entry: <UserListEntry 2>
2024-12-24 21:01:28,398 - application.list_utils - DEBUG - get_list_entries_for_item [list_utils.py:437] - Item Model: Floor, Item ID: 1
2024-12-24 21:01:28,398 - application.list_utils - DEBUG - get_list_entries_for_item [list_utils.py:438] - User List ID: 2 User List Name: test Floors
2024-12-24 21:01:28,398 - application.list_utils - DEBUG - get_list_entries_for_item [list_utils.py:439] - user: 1
2024-12-24 21:01:28,399 - application.list_utils - DEBUG - get_userlist [list_utils.py:308] - get_userlist(): item_model: Room, list_name: None, parent_entry_id: 2
2024-12-24 21:01:28,400 - application.list_utils - DEBUG - get_userlist [list_utils.py:322] - lists found (model, parent): [<UserList 3>]
2024-12-24 21:01:28,400 - application.list_utils - DEBUG - get_userlist [list_utils.py:349] - len(lists) == 1: None Room 2
2024-12-24 21:01:28,400 - application.list_utils - DEBUG - get_userlist [list_utils.py:368] - userlist.entries: [<UserListEntry 21>, <UserListEntry 98>, <UserListEntry 100>, <UserListEntry 102>, <UserListEntry 104>] List type: <class 'sqlalchemy.orm.collections.InstrumentedList'>
2024-12-24 21:01:28,401 - application.list_utils - DEBUG - get_userlist [list_utils.py:370] - List: test Main Floor Rooms, Order: 146
2024-12-24 21:01:28,401 - application.list_utils - DEBUG - get_userlist [list_utils.py:370] - List: test Main Floor Rooms, Order: 0
2024-12-24 21:01:28,401 - application.list_utils - DEBUG - get_userlist [list_utils.py:370] - List: test Main Floor Rooms, Order: 438
2024-12-24 21:01:28,401 - application.list_utils - DEBUG - get_userlist [list_utils.py:370] - List: test Main Floor Rooms, Order: 584
2024-12-24 21:01:28,401 - application.list_utils - DEBUG - get_userlist [list_utils.py:370] - List: test Main Floor Rooms, Order: 292
2024-12-24 21:01:28,402 - application.map - DEBUG - home_map [map.py:36] - floor_list MAP: <UserList 2>
2024-12-24 21:01:28,437 - application - DEBUG - after_request_time [__init__.py:42] - Request to /map/ took 0.13058900833129883 seconds
2024-12-24 21:01:28,437 - application - DEBUG - after_request_time [__init__.py:44] - view (after_request): map
2024-12-24 21:01:28,438 - application - DEBUG - after_request_time [__init__.py:46] - template (after_request): map/index.html.jinja
2024-12-24 21:01:28,501 - application - DEBUG - after_request_time [__init__.py:42] - Request to /static/js/bundle.js took 0.00597691535949707 seconds
2024-12-24 21:01:28,501 - application - DEBUG - after_request_time [__init__.py:44] - view (after_request): map
2024-12-24 21:01:28,501 - application - DEBUG - after_request_time [__init__.py:46] - template (after_request): None
2024-12-24 21:01:28,647 - application.list_routes - DEBUG - show_list [list_routes.py:219] - view: horiz-scroll
2024-12-24 21:01:28,648 - application.list_routes - DEBUG - show_list [list_routes.py:219] - view: map
2024-12-24 21:01:28,651 - application.list_routes - DEBUG - show_list [list_routes.py:219] - view: map
2024-12-24 21:01:28,651 - application.list_utils - DEBUG - get_list_entries_for_item [list_utils.py:415] - input_string: <Home 1>, item_model: Home, item_id: 1
2024-12-24 21:01:28,651 - application.list_utils - DEBUG - get_list_entries_for_item [list_utils.py:428] - found_entries for <Home 1>: [<UserListEntry 1>]
2024-12-24 21:01:28,657 - application.list_utils - DEBUG - get_list_entries_for_item [list_utils.py:436] - Entry: <UserListEntry 1>
2024-12-24 21:01:28,658 - application.list_utils - DEBUG - get_list_entries_for_item [list_utils.py:428] - found_entries for <Home 1>: [<UserListEntry 1>]
2024-12-24 21:01:28,658 - application.list_utils - DEBUG - get_list_entries_for_item [list_utils.py:437] - Item Model: Home, Item ID: 1
2024-12-24 21:01:28,658 - application.list_utils - DEBUG - get_list_entries_for_item [list_utils.py:428] - found_entries for <Floor 1>: [<UserListEntry 2>]
2024-12-24 21:01:28,659 - application.list_utils - DEBUG - get_list_entries_for_item [list_utils.py:436] - Entry: <UserListEntry 1>
2024-12-24 21:01:28,659 - application.list_utils - DEBUG - get_list_entries_for_item [list_utils.py:438] - User List ID: 1 User List Name: bob Homes
2024-12-24 21:01:28,660 - application.list_utils - DEBUG - get_list_entries_for_item [list_utils.py:436] - Entry: <UserListEntry 2>
2024-12-24 21:01:28,660 - application.list_utils - DEBUG - get_list_entries_for_item [list_utils.py:437] - Item Model: Home, Item ID: 1
2024-12-24 21:01:28,661 - application.list_utils - DEBUG - get_list_entries_for_item [list_utils.py:439] - user: 1
2024-12-24 21:01:28,661 - application.list_utils - DEBUG - get_list_entries_for_item [list_utils.py:437] - Item Model: Floor, Item ID: 1
2024-12-24 21:01:28,661 - application.list_utils - DEBUG - get_list_entries_for_item [list_utils.py:438] - User List ID: 1 User List Name: bob Homes
2024-12-24 21:01:28,661 - application.list_utils - DEBUG - get_userlist [list_utils.py:308] - get_userlist(): item_model: Floor, list_name: None, parent_entry_id: 1
2024-12-24 21:01:28,661 - application.list_utils - DEBUG - get_list_entries_for_item [list_utils.py:438] - User List ID: 2 User List Name: test Floors
2024-12-24 21:01:28,662 - application.list_utils - DEBUG - get_list_entries_for_item [list_utils.py:439] - user: 1
2024-12-24 21:01:28,664 - application.list_utils - DEBUG - get_userlist [list_utils.py:322] - lists found (model, parent): [<UserList 2>]
2024-12-24 21:01:28,664 - application.list_utils - DEBUG - get_list_entries_for_item [list_utils.py:439] - user: 1
2024-12-24 21:01:28,664 - application.list_utils - DEBUG - get_top_userlists_by_root_parent [list_utils.py:279] - input root_parent_entry_id: 1 model: Task
2024-12-24 21:01:28,665 - application.list_utils - DEBUG - get_userlist [list_utils.py:349] - len(lists) == 1: None Floor 1
2024-12-24 21:01:28,665 - application.list_utils - DEBUG - get_userlist [list_utils.py:308] - get_userlist(): item_model: Room, list_name: None, parent_entry_id: 2
2024-12-24 21:01:28,668 - application.list_utils - DEBUG - get_userlist [list_utils.py:368] - userlist.entries: [<UserListEntry 2>, <UserListEntry 3>, <UserListEntry 26>] List type: <class 'sqlalchemy.orm.collections.InstrumentedList'>
2024-12-24 21:01:28,670 - application.list_utils - DEBUG - get_userlists_by_parent [list_utils.py:271] - get_userlists_by_parent: lists found (parent_entry_id)1: [<UserList 2>]
2024-12-24 21:01:28,670 - application.list_utils - DEBUG - get_userlist [list_utils.py:370] - List: test Floors, Order: 5
2024-12-24 21:01:28,670 - application.list_utils - DEBUG - get_userlist [list_utils.py:322] - lists found (model, parent): [<UserList 3>]
2024-12-24 21:01:28,671 - application.list_utils - DEBUG - get_userlists_by_parent [list_utils.py:271] - get_userlists_by_parent: lists found (parent_entry_id)2: [<UserList 3>]
2024-12-24 21:01:28,672 - application.list_utils - DEBUG - get_userlist [list_utils.py:370] - List: test Floors, Order: 3
2024-12-24 21:01:28,672 - application.list_utils - DEBUG - get_userlist [list_utils.py:349] - len(lists) == 1: None Room 2
2024-12-24 21:01:28,673 - application.list_utils - DEBUG - get_userlists_by_parent [list_utils.py:271] - get_userlists_by_parent: lists found (parent_entry_id)3: [<UserList 4>]
2024-12-24 21:01:28,673 - application.list_utils - DEBUG - get_userlist [list_utils.py:370] - List: test Floors, Order: 1
2024-12-24 21:01:28,673 - application.list_utils - DEBUG - get_userlist [list_utils.py:368] - userlist.entries: [<UserListEntry 21>, <UserListEntry 98>, <UserListEntry 100>, <UserListEntry 102>, <UserListEntry 104>] List type: <class 'sqlalchemy.orm.collections.InstrumentedList'>
2024-12-24 21:01:28,675 - application.list_utils - DEBUG - get_userlists_by_parent [list_utils.py:271] - get_userlists_by_parent: lists found (parent_entry_id)26: [<UserList 12>]
2024-12-24 21:01:28,675 - application.list_utils - DEBUG - get_userlist [list_utils.py:370] - List: test Main Floor Rooms, Order: 146
2024-12-24 21:01:28,676 - application.list_utils - DEBUG - get_userlists_by_parent [list_utils.py:271] - get_userlists_by_parent: lists found (parent_entry_id)2: [<UserList 3>]
2024-12-24 21:01:28,676 - application.list_utils - DEBUG - get_userlist [list_utils.py:370] - List: test Main Floor Rooms, Order: 0
2024-12-24 21:01:28,677 - application.list_utils - DEBUG - get_userlists_by_parent [list_utils.py:271] - get_userlists_by_parent: lists found (parent_entry_id)3: [<UserList 4>]
2024-12-24 21:01:28,678 - application.list_utils - DEBUG - get_userlist [list_utils.py:370] - List: test Main Floor Rooms, Order: 438
2024-12-24 21:01:28,678 - application.list_utils - DEBUG - get_userlists_by_parent [list_utils.py:271] - get_userlists_by_parent: lists found (parent_entry_id)21: [<UserList 6>, <UserList 8>]
2024-12-24 21:01:28,679 - application.list_utils - DEBUG - get_userlist [list_utils.py:370] - List: test Main Floor Rooms, Order: 584
2024-12-24 21:01:28,680 - application.list_utils - DEBUG - get_userlists_by_parent [list_utils.py:271] - get_userlists_by_parent: lists found (parent_entry_id)26: [<UserList 12>]
2024-12-24 21:01:28,682 - application.list_utils - DEBUG - get_userlists_by_parent [list_utils.py:271] - get_userlists_by_parent: lists found (parent_entry_id)98: [<UserList 18>]
2024-12-24 21:01:28,682 - application.list_utils - DEBUG - get_userlist [list_utils.py:370] - List: test Main Floor Rooms, Order: 292
2024-12-24 21:01:28,691 - application.list_utils - DEBUG - get_userlists_by_parent [list_utils.py:271] - get_userlists_by_parent: lists found (parent_entry_id)100: [<UserList 20>, <UserList 26>]
2024-12-24 21:01:28,723 - application.list_utils - DEBUG - get_userlists_by_parent [list_utils.py:271] - get_userlists_by_parent: lists found (parent_entry_id)102: [<UserList 22>]
2024-12-24 21:01:28,725 - application.list_utils - DEBUG - get_userlists_by_parent [list_utils.py:271] - get_userlists_by_parent: lists found (parent_entry_id)21: [<UserList 6>, <UserList 8>]
2024-12-24 21:01:28,726 - application.list_utils - DEBUG - get_userlists_by_parent [list_utils.py:271] - get_userlists_by_parent: lists found (parent_entry_id)104: [<UserList 24>]
2024-12-24 21:01:28,726 - application.list_utils - DEBUG - get_userlists_by_parent [list_utils.py:271] - get_userlists_by_parent: lists found (parent_entry_id)98: [<UserList 18>]
2024-12-24 21:01:28,763 - application.list_utils - DEBUG - get_userlists_by_parent [list_utils.py:271] - get_userlists_by_parent: lists found (parent_entry_id)24: [<UserList 9>, <UserList 11>]
2024-12-24 21:01:28,763 - application.list_utils - DEBUG - get_userlists_by_parent [list_utils.py:271] - get_userlists_by_parent: lists found (parent_entry_id)100: [<UserList 20>, <UserList 26>]
2024-12-24 21:01:28,767 - application.list_utils - DEBUG - get_userlists_by_parent [list_utils.py:271] - get_userlists_by_parent: lists found (parent_entry_id)102: [<UserList 22>]
2024-12-24 21:01:28,768 - application - DEBUG - after_request_time [__init__.py:42] - Request to /show_list/ took 0.12860608100891113 seconds
2024-12-24 21:01:28,769 - application.list_utils - DEBUG - get_userlists_by_parent [list_utils.py:271] - get_userlists_by_parent: lists found (parent_entry_id)104: [<UserList 24>]
2024-12-24 21:01:28,770 - application - DEBUG - after_request_time [__init__.py:44] - view (after_request): map
2024-12-24 21:01:28,771 - application.list_utils - DEBUG - get_userlists_by_parent [list_utils.py:271] - get_userlists_by_parent: lists found (parent_entry_id)28: [<UserList 13>, <UserList 15>]
2024-12-24 21:01:28,771 - application - DEBUG - after_request_time [__init__.py:46] - template (after_request): lists/list.html.jinja
2024-12-24 21:01:28,771 - application.list_utils - DEBUG - get_top_userlists_by_root_parent [list_utils.py:292] - get_top_userlists_by_root_parent: lists found (parent_entry_id)1: [<UserList 8>, <UserList 26>, <UserList 11>, <UserList 15>]
2024-12-24 21:01:28,779 - application.list_utils - DEBUG - get_userlists_by_parent [list_utils.py:273] - get_userlists_by_parent: No lists found for parent_entry_id 22
2024-12-24 21:01:28,792 - application.list_utils - DEBUG - get_userlists_by_parent [list_utils.py:273] - get_userlists_by_parent: No lists found for parent_entry_id 30
2024-12-24 21:01:28,807 - application.list_utils - DEBUG - get_userlists_by_parent [list_utils.py:273] - get_userlists_by_parent: No lists found for parent_entry_id 31
2024-12-24 21:01:28,808 - application.list_utils - DEBUG - get_userlists_by_parent [list_utils.py:273] - get_userlists_by_parent: No lists found for parent_entry_id 32
2024-12-24 21:01:28,831 - application.list_utils - DEBUG - get_userlists_by_parent [list_utils.py:273] - get_userlists_by_parent: No lists found for parent_entry_id 33
2024-12-24 21:01:28,837 - application.list_utils - DEBUG - get_userlists_by_parent [list_utils.py:273] - get_userlists_by_parent: No lists found for parent_entry_id 34
2024-12-24 21:01:28,841 - application.list_utils - DEBUG - get_userlists_by_parent [list_utils.py:273] - get_userlists_by_parent: No lists found for parent_entry_id 35
2024-12-24 21:01:28,844 - application.list_utils - DEBUG - get_userlists_by_parent [list_utils.py:273] - get_userlists_by_parent: No lists found for parent_entry_id 36
2024-12-24 21:01:28,847 - application.list_utils - DEBUG - get_userlists_by_parent [list_utils.py:273] - get_userlists_by_parent: No lists found for parent_entry_id 37
2024-12-24 21:01:28,850 - application.list_utils - DEBUG - get_userlists_by_parent [list_utils.py:273] - get_userlists_by_parent: No lists found for parent_entry_id 38
2024-12-24 21:01:28,852 - application.list_utils - DEBUG - get_userlists_by_parent [list_utils.py:273] - get_userlists_by_parent: No lists found for parent_entry_id 39
2024-12-24 21:01:28,853 - application - DEBUG - after_request_time [__init__.py:42] - Request to /show_list/ took 0.20827889442443848 seconds
2024-12-24 21:01:28,854 - application.list_utils - DEBUG - get_userlists_by_parent [list_utils.py:273] - get_userlists_by_parent: No lists found for parent_entry_id 40
2024-12-24 21:01:28,854 - application - DEBUG - after_request_time [__init__.py:44] - view (after_request): map
2024-12-24 21:01:28,855 - application - DEBUG - after_request_time [__init__.py:46] - template (after_request): lists/list.html.jinja
2024-12-24 21:01:28,855 - application.list_utils - DEBUG - get_userlists_by_parent [list_utils.py:273] - get_userlists_by_parent: No lists found for parent_entry_id 41
2024-12-24 21:01:28,859 - application.list_utils - DEBUG - get_userlists_by_parent [list_utils.py:273] - get_userlists_by_parent: No lists found for parent_entry_id 42
2024-12-24 21:01:28,861 - application.list_utils - DEBUG - get_userlists_by_parent [list_utils.py:273] - get_userlists_by_parent: No lists found for parent_entry_id 43
2024-12-24 21:01:28,863 - application.list_utils - DEBUG - get_userlists_by_parent [list_utils.py:273] - get_userlists_by_parent: No lists found for parent_entry_id 44
2024-12-24 21:01:28,866 - application.list_utils - DEBUG - get_userlists_by_parent [list_utils.py:273] - get_userlists_by_parent: No lists found for parent_entry_id 45
2024-12-24 21:01:28,870 - application.list_utils - DEBUG - get_userlists_by_parent [list_utils.py:273] - get_userlists_by_parent: No lists found for parent_entry_id 46
2024-12-24 21:01:28,872 - application.list_utils - DEBUG - get_userlists_by_parent [list_utils.py:273] - get_userlists_by_parent: No lists found for parent_entry_id 47
2024-12-24 21:01:28,873 - application.list_utils - DEBUG - get_userlists_by_parent [list_utils.py:273] - get_userlists_by_parent: No lists found for parent_entry_id 48
2024-12-24 21:01:28,875 - application.list_utils - DEBUG - get_userlists_by_parent [list_utils.py:273] - get_userlists_by_parent: No lists found for parent_entry_id 49
2024-12-24 21:01:28,876 - application.list_utils - DEBUG - get_userlists_by_parent [list_utils.py:273] - get_userlists_by_parent: No lists found for parent_entry_id 50
2024-12-24 21:01:28,877 - application.list_utils - DEBUG - get_userlists_by_parent [list_utils.py:273] - get_userlists_by_parent: No lists found for parent_entry_id 57
2024-12-24 21:01:28,878 - application.list_utils - DEBUG - get_userlists_by_parent [list_utils.py:273] - get_userlists_by_parent: No lists found for parent_entry_id 58
2024-12-24 21:01:28,880 - application.list_utils - DEBUG - get_userlists_by_parent [list_utils.py:273] - get_userlists_by_parent: No lists found for parent_entry_id 105
2024-12-24 21:01:28,882 - application.list_utils - DEBUG - get_userlists_by_parent [list_utils.py:273] - get_userlists_by_parent: No lists found for parent_entry_id 106
2024-12-24 21:01:28,883 - application.list_utils - DEBUG - get_userlists_by_parent [list_utils.py:273] - get_userlists_by_parent: No lists found for parent_entry_id 107
2024-12-24 21:01:28,884 - application.list_utils - DEBUG - get_userlists_by_parent [list_utils.py:273] - get_userlists_by_parent: No lists found for parent_entry_id 108
2024-12-24 21:01:28,885 - application.list_utils - DEBUG - get_userlists_by_parent [list_utils.py:273] - get_userlists_by_parent: No lists found for parent_entry_id 110
2024-12-24 21:01:28,886 - application.list_utils - DEBUG - get_userlists_by_parent [list_utils.py:273] - get_userlists_by_parent: No lists found for parent_entry_id 111
2024-12-24 21:01:28,886 - application.list_utils - DEBUG - get_userlists_by_parent [list_utils.py:273] - get_userlists_by_parent: No lists found for parent_entry_id 113
2024-12-24 21:01:28,887 - application.list_utils - DEBUG - get_userlists_by_parent [list_utils.py:273] - get_userlists_by_parent: No lists found for parent_entry_id 25
2024-12-24 21:01:28,889 - application.list_utils - DEBUG - get_userlists_by_parent [list_utils.py:273] - get_userlists_by_parent: No lists found for parent_entry_id 86
2024-12-24 21:01:28,890 - application.list_utils - DEBUG - get_userlists_by_parent [list_utils.py:273] - get_userlists_by_parent: No lists found for parent_entry_id 87
2024-12-24 21:01:28,891 - application.list_utils - DEBUG - get_userlists_by_parent [list_utils.py:273] - get_userlists_by_parent: No lists found for parent_entry_id 88
2024-12-24 21:01:28,892 - application.list_utils - DEBUG - get_userlists_by_parent [list_utils.py:273] - get_userlists_by_parent: No lists found for parent_entry_id 89
2024-12-24 21:01:28,893 - application.list_utils - DEBUG - get_userlists_by_parent [list_utils.py:273] - get_userlists_by_parent: No lists found for parent_entry_id 90
2024-12-24 21:01:28,893 - application.list_utils - DEBUG - get_userlists_by_parent [list_utils.py:273] - get_userlists_by_parent: No lists found for parent_entry_id 91
2024-12-24 21:01:28,894 - application.list_utils - DEBUG - get_userlists_by_parent [list_utils.py:273] - get_userlists_by_parent: No lists found for parent_entry_id 92
2024-12-24 21:01:28,895 - application.list_utils - DEBUG - get_userlists_by_parent [list_utils.py:273] - get_userlists_by_parent: No lists found for parent_entry_id 93
2024-12-24 21:01:28,897 - application.list_utils - DEBUG - get_userlists_by_parent [list_utils.py:273] - get_userlists_by_parent: No lists found for parent_entry_id 94
2024-12-24 21:01:28,899 - application.list_utils - DEBUG - get_userlists_by_parent [list_utils.py:273] - get_userlists_by_parent: No lists found for parent_entry_id 95
2024-12-24 21:01:28,900 - application.list_utils - DEBUG - get_userlists_by_parent [list_utils.py:273] - get_userlists_by_parent: No lists found for parent_entry_id 96
2024-12-24 21:01:28,902 - application.list_utils - DEBUG - get_userlists_by_parent [list_utils.py:273] - get_userlists_by_parent: No lists found for parent_entry_id 29
2024-12-24 21:01:28,903 - application.list_utils - DEBUG - get_userlists_by_parent [list_utils.py:273] - get_userlists_by_parent: No lists found for parent_entry_id 62
2024-12-24 21:01:28,904 - application.list_utils - DEBUG - get_userlists_by_parent [list_utils.py:273] - get_userlists_by_parent: No lists found for parent_entry_id 63
2024-12-24 21:01:28,906 - application.list_utils - DEBUG - get_userlists_by_parent [list_utils.py:273] - get_userlists_by_parent: No lists found for parent_entry_id 64
2024-12-24 21:01:28,908 - application.list_utils - DEBUG - get_userlists_by_parent [list_utils.py:273] - get_userlists_by_parent: No lists found for parent_entry_id 65
2024-12-24 21:01:28,910 - application.list_utils - DEBUG - get_userlists_by_parent [list_utils.py:273] - get_userlists_by_parent: No lists found for parent_entry_id 66
2024-12-24 21:01:28,911 - application.list_utils - DEBUG - get_userlists_by_parent [list_utils.py:273] - get_userlists_by_parent: No lists found for parent_entry_id 67
2024-12-24 21:01:28,914 - application.list_utils - DEBUG - get_userlists_by_parent [list_utils.py:273] - get_userlists_by_parent: No lists found for parent_entry_id 68
2024-12-24 21:01:28,916 - application.list_utils - DEBUG - get_userlists_by_parent [list_utils.py:273] - get_userlists_by_parent: No lists found for parent_entry_id 69
2024-12-24 21:01:28,926 - application.list_utils - DEBUG - get_userlists_by_parent [list_utils.py:273] - get_userlists_by_parent: No lists found for parent_entry_id 70
2024-12-24 21:01:29,022 - application.list_utils - DEBUG - get_userlists_by_parent [list_utils.py:273] - get_userlists_by_parent: No lists found for parent_entry_id 71
2024-12-24 21:01:29,004 - application.list_utils - DEBUG - get_list_entries_for_item [list_utils.py:428] - found_entries for <Photo 4>: [<UserListEntry 54>]
2024-12-24 21:01:29,026 - application.list_utils - DEBUG - get_userlists_by_parent [list_utils.py:273] - get_userlists_by_parent: No lists found for parent_entry_id 72
2024-12-24 21:01:29,018 - application.list_utils - DEBUG - get_list_entries_for_item [list_utils.py:428] - found_entries for <Photo 6>: [<UserListEntry 97>]
2024-12-24 21:01:29,039 - application.list_utils - DEBUG - get_list_entries_for_item [list_utils.py:428] - found_entries for <Photo 7>: [<UserListEntry 99>]
2024-12-24 21:01:29,042 - application.list_utils - DEBUG - get_list_entries_for_item [list_utils.py:436] - Entry: <UserListEntry 54>
2024-12-24 21:01:29,044 - application.list_utils - DEBUG - get_userlists_by_parent [list_utils.py:273] - get_userlists_by_parent: No lists found for parent_entry_id 73
2024-12-24 21:01:29,055 - application.list_utils - DEBUG - get_list_entries_for_item [list_utils.py:428] - found_entries for <Photo 8>: [<UserListEntry 101>]
2024-12-24 21:01:29,058 - application.list_utils - DEBUG - get_list_entries_for_item [list_utils.py:428] - found_entries for <Photo 9>: [<UserListEntry 103>]
2024-12-24 21:01:29,061 - application.list_utils - DEBUG - get_list_entries_for_item [list_utils.py:436] - Entry: <UserListEntry 97>
2024-12-24 21:01:29,062 - application.list_utils - DEBUG - get_list_entries_for_item [list_utils.py:436] - Entry: <UserListEntry 99>
2024-12-24 21:01:29,063 - application.list_utils - DEBUG - get_list_entries_for_item [list_utils.py:437] - Item Model: Photo, Item ID: 4
2024-12-24 21:01:29,066 - application.list_utils - DEBUG - get_userlists_by_parent [list_utils.py:273] - get_userlists_by_parent: No lists found for parent_entry_id 74
2024-12-24 21:01:29,067 - application.list_utils - DEBUG - get_list_entries_for_item [list_utils.py:436] - Entry: <UserListEntry 101>
2024-12-24 21:01:29,068 - application.list_utils - DEBUG - get_list_entries_for_item [list_utils.py:437] - Item Model: Photo, Item ID: 6
2024-12-24 21:01:29,068 - application.list_utils - DEBUG - get_list_entries_for_item [list_utils.py:436] - Entry: <UserListEntry 103>
2024-12-24 21:01:29,068 - application.list_utils - DEBUG - get_list_entries_for_item [list_utils.py:437] - Item Model: Photo, Item ID: 7
2024-12-24 21:01:29,068 - application.list_utils - DEBUG - get_list_entries_for_item [list_utils.py:438] - User List ID: 6 User List Name: Living Room 1 Photos
2024-12-24 21:01:29,069 - application.list_utils - DEBUG - get_userlists_by_parent [list_utils.py:273] - get_userlists_by_parent: No lists found for parent_entry_id 75
2024-12-24 21:01:29,069 - application.list_utils - DEBUG - get_list_entries_for_item [list_utils.py:437] - Item Model: Photo, Item ID: 8
2024-12-24 21:01:29,070 - application.list_utils - DEBUG - get_list_entries_for_item [list_utils.py:438] - User List ID: 18 User List Name: Attic 1 Photos
2024-12-24 21:01:29,070 - application.list_utils - DEBUG - get_list_entries_for_item [list_utils.py:437] - Item Model: Photo, Item ID: 9
2024-12-24 21:01:29,070 - application.list_utils - DEBUG - get_list_entries_for_item [list_utils.py:438] - User List ID: 20 User List Name: Dining Room 1 Photos
2024-12-24 21:01:29,070 - application.list_utils - DEBUG - get_list_entries_for_item [list_utils.py:439] - user: 1
2024-12-24 21:01:29,072 - application.list_utils - DEBUG - get_userlists_by_parent [list_utils.py:273] - get_userlists_by_parent: No lists found for parent_entry_id 76
2024-12-24 21:01:29,073 - application.list_routes - DEBUG - show_photo_entry [list_routes.py:312] - view_override: None
2024-12-24 21:01:29,072 - application.list_utils - DEBUG - get_list_entries_for_item [list_utils.py:438] - User List ID: 22 User List Name: Garage 1 Photos
2024-12-24 21:01:29,075 - application.list_routes - DEBUG - show_photo_entry [list_routes.py:317] - view: map
2024-12-24 21:01:29,072 - application.list_utils - DEBUG - get_list_entries_for_item [list_utils.py:439] - user: 1
2024-12-24 21:01:29,072 - application.list_utils - DEBUG - get_list_entries_for_item [list_utils.py:438] - User List ID: 24 User List Name: Patio 1 Photos
2024-12-24 21:01:29,076 - application.list_routes - DEBUG - show_photo_entry [list_routes.py:312] - view_override: None
2024-12-24 21:01:29,081 - application.list_routes - DEBUG - show_photo_entry [list_routes.py:317] - view: map
2024-12-24 21:01:29,073 - application.list_utils - DEBUG - get_list_entries_for_item [list_utils.py:439] - user: 1
2024-12-24 21:01:29,111 - application.list_routes - DEBUG - show_photo_entry [list_routes.py:312] - view_override: None
2024-12-24 21:01:29,074 - application.list_utils - DEBUG - get_userlists_by_parent [list_utils.py:273] - get_userlists_by_parent: No lists found for parent_entry_id 77
2024-12-24 21:01:29,113 - application.list_routes - DEBUG - show_photo_entry [list_routes.py:317] - view: map
2024-12-24 21:01:29,075 - application.list_utils - DEBUG - get_list_entries_for_item [list_utils.py:439] - user: 1
2024-12-24 21:01:29,116 - application - DEBUG - after_request_time [__init__.py:42] - Request to /show_photo_entry/4 took 0.191054105758667 seconds
2024-12-24 21:01:29,092 - application.list_utils - DEBUG - get_list_entries_for_item [list_utils.py:439] - user: 1
2024-12-24 21:01:29,134 - application.list_routes - DEBUG - show_photo_entry [list_routes.py:312] - view_override: None
2024-12-24 21:01:29,135 - application - DEBUG - after_request_time [__init__.py:44] - view (after_request): map
2024-12-24 21:01:29,116 - application.list_utils - DEBUG - get_userlists_by_parent [list_utils.py:273] - get_userlists_by_parent: No lists found for parent_entry_id 78
2024-12-24 21:01:29,147 - application - DEBUG - after_request_time [__init__.py:42] - Request to /show_photo_entry/7 took 0.11038494110107422 seconds
2024-12-24 21:01:29,155 - application.list_routes - DEBUG - show_photo_entry [list_routes.py:312] - view_override: None
2024-12-24 21:01:29,156 - application - DEBUG - after_request_time [__init__.py:46] - template (after_request): lists/model/photo.html.jinja
2024-12-24 21:01:29,158 - application - DEBUG - after_request_time [__init__.py:44] - view (after_request): map
2024-12-24 21:01:29,156 - application.list_routes - DEBUG - show_photo_entry [list_routes.py:317] - view: map
2024-12-24 21:01:29,172 - application - DEBUG - after_request_time [__init__.py:46] - template (after_request): lists/model/photo.html.jinja
2024-12-24 21:01:29,158 - application.list_routes - DEBUG - show_photo_entry [list_routes.py:317] - view: map
2024-12-24 21:01:29,187 - application - DEBUG - after_request_time [__init__.py:42] - Request to /show_photo_entry/6 took 0.26073193550109863 seconds
2024-12-24 21:01:29,207 - application - DEBUG - after_request_time [__init__.py:44] - view (after_request): map
2024-12-24 21:01:29,219 - application - DEBUG - after_request_time [__init__.py:46] - template (after_request): lists/model/photo.html.jinja
2024-12-24 21:01:29,220 - application - DEBUG - after_request_time [__init__.py:42] - Request to /show_photo_entry/8 took 0.17089223861694336 seconds
2024-12-24 21:01:29,229 - application - DEBUG - after_request_time [__init__.py:42] - Request to /show_photo_entry/9 took 0.18463826179504395 seconds
2024-12-24 21:01:29,265 - application.list_routes - DEBUG - show_list [list_routes.py:219] - view: map
2024-12-24 21:01:29,253 - application - DEBUG - after_request_time [__init__.py:44] - view (after_request): map
2024-12-24 21:01:29,259 - application.upload - DEBUG - uploaded_file [upload.py:97] - files in /Users/kyle/Documents/Repos/cs50/cs50x-final/media/uploads: ['1_1732676059_image.jpg', '2_1729876600_IMG_7979.jpeg', '3_1729880451_Screen_Shot_2024-10-15_at_8.49.55_PM.png', '2_1729793180_IMG_7939.jpeg', '2_1729876732_image.jpg', 'IMG_7540_3.jpeg', '1_1734385972_image.jpg', 'Screen_Shot_2024-06-17_at_9.19.26_PM_1.png', '1_1732593853_image.jpg', '1_1732676397_image.jpg', '3_1729880474_Screen_Shot_2024-06-17_at_9.19.26_PM.png', '3_1729880474_Screen_Shot_2023-05-13_at_4.10.32_PM.png', '2_1729793457_IMG_7927.jpeg', '.DS_Store', '1_1734387080_image.jpg', '2_1729878736_IMG_6398.jpeg', '2_1729793259_IMG_7971.jpeg', 'IMG_7540_2.jpeg', '3_1729880431_Screen_Shot_2024-10-15_at_8.49.55_PM.png', '2_1729788694_IMG_7978.jpeg', '2_1729793180_IMG_7938.jpeg', '1_1732676358_image.jpg', '1_1735078873_image.jpg', '2_1729806527_IMG_7971.jpeg', '3_1729880431_Screen_Shot_2024-06-17_at_9.19.26_PM.png', '2_1729878723_IMG_7979.jpeg', '1_1732313937_image.jpg', '1_1732571764_image.jpg', '1_1732308837_image.jpg', '1_1734387020_image.jpg', '2_1729806527_IMG_7940.png', '2_1729790952_IMG_7939.jpeg', '2_1729793457_IMG_7920.jpeg', '1_1734487460_image.jpg', '2_1734736057_image.jpg', '1_1732676382_image.jpg', '2_1729806423_IMG_7926.jpeg', 'IMG_7540_5.jpeg', '2_1729806390_image.jpg', '1_1732313904_image.jpg', '3_1729880431_Screen_Shot_2024-09-16_at_4.22.17_PM.png', '2_1729790270_image.jpg', '2_1729788660_IMG_7972.jpeg', '2_1729789401_IMG_7978.jpeg', 'IMG_7540_4.jpeg', '2_1734927984_image.jpg', '2_1729787915_image.jpg', '2_1729806527_IMG_7936.jpeg', '1_1732676354_image.jpg', '2_1729793457_IMG_7917.jpeg', '1_1732571776_image.jpg', '1_1732676066_image.jpg', '2_1729790297_IMG_7939.jpeg', '1_1732308852_image.jpg', '2_1734736231_image.jpg', '1_1734387117_image.jpg', '3_1729880474_Screen_Shot_2024-09-16_at_4.22.17_PM.png', '2_1729790967_image.jpg', 'image_2.jpg', '2_1729790846_IMG_7897.jpeg', '2_1729806527_IMG_7975.png', '1_1734389779_image.jpg', '1_1734387023_image.jpg', '2_1734736257_image.jpg', '2_1729787672_image.jpg', '2_1729806527_IMG_7974.png', '2_1729878723_IMG_7982.jpeg', '2_1729806527_IMG_7939.jpeg', 'image_3.jpg', '2_1734736075_image.jpg', '2_1729806500_image.jpg', 'image_1.jpg', '2_1729806527_IMG_7976.png', '1_1734371648_image.jpg', '2_1729876600_IMG_7984.jpeg', '2_1729806527_IMG_7977.png', '2_1729806527_IMG_7935.jpeg', '2_1729790259_image.jpg', '2_1729876586_image.jpg', '3_1729880431_Screen_Shot_2024-09-16_at_4.22.10_PM.png', '2_1729790568_IMG_7928.jpeg', 'image_4.jpg', '2_1729806527_IMG_7934.jpeg', '2_1729806527_IMG_7973.png', '1_1732571789_image.jpg', 'Screen_Shot_2024-06-17_at_9.19.26_PM.png', 'IMG_7540_6.jpeg', 'image_5.jpg', '1_1734385976_image.jpg', '2_1729789538_image.jpg', '2_1734735964_image.jpg', '2_1729789387_image.jpg', '1_1734389804_image.jpg', '2_1729806527_IMG_7938.jpeg', '1_1732676387_image.jpg', '2_1729790282_image.jpg', '2_1729806423_IMG_7913.jpeg', 'IMG_7540.jpeg', '1_1734999660_image.jpg', '2_1729793259_IMG_7973.png', 'IMG_7540_1.jpeg', '2_1729876600_IMG_7982.jpeg', '2_1729806527_IMG_7933.jpeg', '2_1729806527_IMG_7972.jpeg', '2_1729877408_image.jpg', '2_1729806423_IMG_7919.png', '3_1729880431_IMG_7540.jpeg', '2_1729788645_IMG_7977.png', '2_1729878714_image.jpg', '2_1729878744_image.jpg', '2_1729793180_IMG_7936.jpeg', '1_1735079625_image.jpg', '3_1729880451_IMG_7540.jpeg', '2_1729793259_IMG_7976.png', '1_1732676392_image.jpg', 'image.jpg', '1_1732636778_image.jpg', '1_1734371564_image.jpg', '2_1729876600_IMG_7983.jpeg', '2_1729793162_image.jpg', '1_1732636784_image.jpg']
2024-12-24 21:01:29,257 - application - DEBUG - after_request_time [__init__.py:44] - view (after_request): map
2024-12-24 21:01:29,270 - application - DEBUG - after_request_time [__init__.py:46] - template (after_request): lists/model/photo.html.jinja
2024-12-24 21:01:29,277 - application.list_utils - DEBUG - get_userlists_by_parent [list_utils.py:273] - get_userlists_by_parent: No lists found for parent_entry_id 55
2024-12-24 21:01:29,273 - application - DEBUG - after_request_time [__init__.py:46] - template (after_request): lists/model/photo.html.jinja
2024-12-24 21:01:29,277 - application - DEBUG - after_request_time [__init__.py:42] - Request to /media/uploads/1_1735078873_image.jpg took 0.029378890991210938 seconds
2024-12-24 21:01:29,284 - application.list_utils - DEBUG - get_userlists_by_parent [list_utils.py:273] - get_userlists_by_parent: No lists found for parent_entry_id 56
2024-12-24 21:01:29,279 - application - DEBUG - after_request_time [__init__.py:42] - Request to /static/defaults/generic_room.webp took 0.004990100860595703 seconds
2024-12-24 21:01:29,284 - application - DEBUG - after_request_time [__init__.py:44] - view (after_request): map
2024-12-24 21:01:29,285 - application - DEBUG - after_request_time [__init__.py:44] - view (after_request): map
2024-12-24 21:01:29,286 - application - DEBUG - after_request_time [__init__.py:46] - template (after_request): None
2024-12-24 21:01:29,333 - application - DEBUG - after_request_time [__init__.py:46] - template (after_request): None
2024-12-24 21:01:29,392 - application.list_routes - DEBUG - show_list [list_routes.py:219] - view: map
2024-12-24 21:01:29,403 - application.list_routes - DEBUG - show_list [list_routes.py:219] - view: map
2024-12-24 21:01:29,430 - application.list_routes - DEBUG - show_list [list_routes.py:219] - view: map
2024-12-24 21:01:29,437 - application.list_utils - DEBUG - get_userlists_by_parent [list_utils.py:273] - get_userlists_by_parent: No lists found for parent_entry_id 109
2024-12-24 21:01:29,443 - application.list_utils - DEBUG - get_userlists_by_parent [list_utils.py:273] - get_userlists_by_parent: No lists found for parent_entry_id 112
2024-12-24 21:01:29,447 - application.list_routes - DEBUG - show_list [list_routes.py:219] - view: map
2024-12-24 21:01:29,557 - application - DEBUG - after_request_time [__init__.py:42] - Request to /show_list/16 took 0.29471683502197266 seconds
2024-12-24 21:01:29,559 - application - DEBUG - after_request_time [__init__.py:44] - view (after_request): map
2024-12-24 21:01:29,560 - application - DEBUG - after_request_time [__init__.py:46] - template (after_request): lists/list.html.jinja
2024-12-24 21:01:29,581 - application - DEBUG - after_request_time [__init__.py:42] - Request to /show_list/19 took 0.19887685775756836 seconds
2024-12-24 21:01:29,581 - application - DEBUG - after_request_time [__init__.py:44] - view (after_request): map
2024-12-24 21:01:29,583 - application - DEBUG - after_request_time [__init__.py:46] - template (after_request): lists/list.html.jinja
2024-12-24 21:01:29,592 - application - DEBUG - after_request_time [__init__.py:42] - Request to /show_list/23 took 0.15279507637023926 seconds
2024-12-24 21:01:29,593 - application - DEBUG - after_request_time [__init__.py:44] - view (after_request): map
2024-12-24 21:01:29,595 - application - DEBUG - after_request_time [__init__.py:46] - template (after_request): lists/list.html.jinja
2024-12-24 21:01:29,606 - application - DEBUG - after_request_time [__init__.py:42] - Request to /show_list/25 took 0.177839994430542 seconds
2024-12-24 21:01:29,609 - application - DEBUG - after_request_time [__init__.py:44] - view (after_request): map
2024-12-24 21:01:29,611 - application - DEBUG - after_request_time [__init__.py:46] - template (after_request): lists/list.html.jinja
2024-12-24 21:01:29,636 - application - DEBUG - after_request_time [__init__.py:42] - Request to /show_list/21 took 0.27350687980651855 seconds
2024-12-24 21:01:29,637 - application - DEBUG - after_request_time [__init__.py:44] - view (after_request): map
2024-12-24 21:01:29,638 - application - DEBUG - after_request_time [__init__.py:46] - template (after_request): lists/list.html.jinja
2024-12-24 21:01:29,828 - application - DEBUG - after_request_time [__init__.py:42] - Request to /show_list/ took 1.181464672088623 seconds
2024-12-24 21:01:29,828 - application - DEBUG - after_request_time [__init__.py:44] - view (after_request): map
2024-12-24 21:01:29,828 - application - DEBUG - after_request_time [__init__.py:46] - template (after_request): lists/list.html.jinja
2024-12-24 21:01:36,548 - application.walkthrough - DEBUG - walk_start [walkthrough.py:34] - get room_name: Dining Room 1
2024-12-24 21:01:36,548 - application.walkthrough - DEBUG - walk_start [walkthrough.py:35] - get view: room
2024-12-24 21:01:36,550 - application.walkthrough - DEBUG - walk_start [walkthrough.py:39] - room: (<Room 5>,) room_name: Dining Room 1 room name name: Dining Room 1
2024-12-24 21:01:36,556 - application.rooms - DEBUG - set_active_room [rooms.py:120] - current_user.active_home.active_room: <Room 5>
2024-12-24 21:01:36,556 - application.walkthrough - DEBUG - walk_start [walkthrough.py:52] - view: room
2024-12-24 21:01:36,556 - application - DEBUG - after_request_time [__init__.py:42] - Request to /walkthrough/Dining Room 1/room took 0.010404109954833984 seconds
2024-12-24 21:01:36,557 - application - DEBUG - after_request_time [__init__.py:44] - view (after_request): room
2024-12-24 21:01:36,557 - application - DEBUG - after_request_time [__init__.py:46] - template (after_request): None
2024-12-24 21:01:36,570 - application.walkthrough - DEBUG - views [walkthrough.py:70] - view?: room
2024-12-24 21:01:36,571 - application.walkthrough - DEBUG - views [walkthrough.py:73] - File exists!: walkthrough/parts/room.html.jinja
2024-12-24 21:01:36,575 - application - DEBUG - after_request_time [__init__.py:42] - Request to /walkthrough/steps took 0.0056302547454833984 seconds
2024-12-24 21:01:36,575 - application - DEBUG - after_request_time [__init__.py:44] - view (after_request): room
2024-12-24 21:01:36,575 - application - DEBUG - after_request_time [__init__.py:46] - template (after_request): walkthrough/index.html.jinja
2024-12-24 21:01:36,687 - application - DEBUG - after_request_time [__init__.py:42] - Request to /static/js/bundle.js took 0.000881195068359375 seconds
2024-12-24 21:01:36,688 - application - DEBUG - after_request_time [__init__.py:44] - view (after_request): room
2024-12-24 21:01:36,688 - application - DEBUG - after_request_time [__init__.py:46] - template (after_request): None
2024-12-24 21:01:36,830 - application - DEBUG - after_request_time [__init__.py:42] - Request to /static/js/bundle.js.map took 0.0016200542449951172 seconds
2024-12-24 21:01:36,830 - application - DEBUG - after_request_time [__init__.py:44] - view (after_request): room
2024-12-24 21:01:36,831 - application - DEBUG - after_request_time [__init__.py:46] - template (after_request): None
2024-12-24 21:01:36,932 - application.list_routes - DEBUG - show_list [list_routes.py:219] - view: horiz-scroll
2024-12-24 21:01:36,935 - application.list_utils - DEBUG - get_list_entries_for_item [list_utils.py:428] - found_entries for <Home 1>: [<UserListEntry 1>]
2024-12-24 21:01:36,937 - application.list_utils - DEBUG - get_list_entries_for_item [list_utils.py:436] - Entry: <UserListEntry 1>
2024-12-24 21:01:36,937 - application.list_utils - DEBUG - get_list_entries_for_item [list_utils.py:437] - Item Model: Home, Item ID: 1
2024-12-24 21:01:36,938 - application.list_utils - DEBUG - get_list_entries_for_item [list_utils.py:438] - User List ID: 1 User List Name: bob Homes
2024-12-24 21:01:36,938 - application.list_utils - DEBUG - get_list_entries_for_item [list_utils.py:439] - user: 1
2024-12-24 21:01:36,939 - application.list_utils - DEBUG - get_userlist [list_utils.py:308] - get_userlist(): item_model: Floor, list_name: None, parent_entry_id: 1
2024-12-24 21:01:36,942 - application.list_utils - DEBUG - get_userlist [list_utils.py:322] - lists found (model, parent): [<UserList 2>]
2024-12-24 21:01:36,944 - application.list_utils - DEBUG - get_userlist [list_utils.py:349] - len(lists) == 1: None Floor 1
2024-12-24 21:01:36,946 - application.list_utils - DEBUG - get_userlist [list_utils.py:368] - userlist.entries: [<UserListEntry 2>, <UserListEntry 3>, <UserListEntry 26>] List type: <class 'sqlalchemy.orm.collections.InstrumentedList'>
2024-12-24 21:01:36,948 - application - DEBUG - after_request_time [__init__.py:42] - Request to /static/js/bundle.js.map took 0.0013070106506347656 seconds
2024-12-24 21:01:36,949 - application - DEBUG - after_request_time [__init__.py:44] - view (after_request): room
2024-12-24 21:01:36,950 - application.list_utils - DEBUG - get_userlist [list_utils.py:370] - List: test Floors, Order: 5
2024-12-24 21:01:36,950 - application.list_utils - DEBUG - get_userlist [list_utils.py:370] - List: test Floors, Order: 3
2024-12-24 21:01:36,950 - application - DEBUG - after_request_time [__init__.py:46] - template (after_request): None
2024-12-24 21:01:36,951 - application.list_utils - DEBUG - get_userlist [list_utils.py:370] - List: test Floors, Order: 1
2024-12-24 21:01:36,953 - application.list_utils - DEBUG - get_userlists_by_parent [list_utils.py:271] - get_userlists_by_parent: lists found (parent_entry_id)2: [<UserList 3>]
2024-12-24 21:01:36,959 - application.list_routes - DEBUG - show_list [list_routes.py:219] - view: horiz-scroll
2024-12-24 21:01:36,961 - application.list_utils - DEBUG - get_userlists_by_parent [list_utils.py:271] - get_userlists_by_parent: lists found (parent_entry_id)3: [<UserList 4>]
2024-12-24 21:01:36,963 - application.list_utils - DEBUG - get_userlists_by_parent [list_utils.py:271] - get_userlists_by_parent: lists found (parent_entry_id)26: [<UserList 12>]
2024-12-24 21:01:36,970 - application.list_utils - DEBUG - get_list_entries_for_item [list_utils.py:428] - found_entries for <Floor 1>: [<UserListEntry 2>]
2024-12-24 21:01:36,971 - application - DEBUG - after_request_time [__init__.py:42] - Request to /show_list/ took 0.04157209396362305 seconds
2024-12-24 21:01:36,972 - application.list_utils - DEBUG - get_list_entries_for_item [list_utils.py:436] - Entry: <UserListEntry 2>
2024-12-24 21:01:36,972 - application - DEBUG - after_request_time [__init__.py:44] - view (after_request): room
2024-12-24 21:01:36,973 - application - DEBUG - after_request_time [__init__.py:46] - template (after_request): lists/list.html.jinja
2024-12-24 21:01:36,973 - application.list_utils - DEBUG - get_list_entries_for_item [list_utils.py:437] - Item Model: Floor, Item ID: 1
2024-12-24 21:01:36,983 - application.list_utils - DEBUG - get_list_entries_for_item [list_utils.py:438] - User List ID: 2 User List Name: test Floors
2024-12-24 21:01:36,985 - application.walkthrough - DEBUG - views [walkthrough.py:70] - view?: room
2024-12-24 21:01:36,984 - application.list_utils - DEBUG - get_list_entries_for_item [list_utils.py:439] - user: 1
2024-12-24 21:01:36,985 - application.walkthrough - DEBUG - views [walkthrough.py:73] - File exists!: walkthrough/parts/room.html.jinja
2024-12-24 21:01:36,985 - application.list_utils - DEBUG - get_userlist [list_utils.py:308] - get_userlist(): item_model: Room, list_name: None, parent_entry_id: 2
2024-12-24 21:01:36,988 - application.list_utils - DEBUG - get_userlist [list_utils.py:322] - lists found (model, parent): [<UserList 3>]
2024-12-24 21:01:36,988 - application.list_utils - DEBUG - get_userlist [list_utils.py:349] - len(lists) == 1: None Room 2
2024-12-24 21:01:36,998 - application.list_utils - DEBUG - get_userlist [list_utils.py:368] - userlist.entries: [<UserListEntry 21>, <UserListEntry 98>, <UserListEntry 100>, <UserListEntry 102>, <UserListEntry 104>] List type: <class 'sqlalchemy.orm.collections.InstrumentedList'>
2024-12-24 21:01:36,999 - application.list_utils - DEBUG - get_userlist [list_utils.py:370] - List: test Main Floor Rooms, Order: 146
2024-12-24 21:01:36,999 - application.list_utils - DEBUG - get_userlist [list_utils.py:370] - List: test Main Floor Rooms, Order: 0
2024-12-24 21:01:37,004 - application - DEBUG - after_request_time [__init__.py:42] - Request to /walkthrough/steps took 0.023061037063598633 seconds
2024-12-24 21:01:37,004 - application.list_utils - DEBUG - get_userlist [list_utils.py:370] - List: test Main Floor Rooms, Order: 438
2024-12-24 21:01:37,004 - application - DEBUG - after_request_time [__init__.py:44] - view (after_request): room
2024-12-24 21:01:37,005 - application - DEBUG - after_request_time [__init__.py:46] - template (after_request): walkthrough/parts/room.html.jinja
2024-12-24 21:01:37,005 - application.list_utils - DEBUG - get_userlist [list_utils.py:370] - List: test Main Floor Rooms, Order: 584
2024-12-24 21:01:37,006 - application.list_utils - DEBUG - get_userlist [list_utils.py:370] - List: test Main Floor Rooms, Order: 292
2024-12-24 21:01:37,008 - application.list_utils - DEBUG - get_userlists_by_parent [list_utils.py:271] - get_userlists_by_parent: lists found (parent_entry_id)21: [<UserList 6>, <UserList 8>]
2024-12-24 21:01:37,012 - application.list_utils - DEBUG - get_userlists_by_parent [list_utils.py:271] - get_userlists_by_parent: lists found (parent_entry_id)98: [<UserList 18>]
2024-12-24 21:01:37,015 - application.list_utils - DEBUG - get_userlists_by_parent [list_utils.py:271] - get_userlists_by_parent: lists found (parent_entry_id)100: [<UserList 20>, <UserList 26>]
2024-12-24 21:01:37,017 - application.list_utils - DEBUG - get_userlists_by_parent [list_utils.py:271] - get_userlists_by_parent: lists found (parent_entry_id)102: [<UserList 22>]
2024-12-24 21:01:37,018 - application.list_utils - DEBUG - get_userlists_by_parent [list_utils.py:271] - get_userlists_by_parent: lists found (parent_entry_id)104: [<UserList 24>]
2024-12-24 21:01:37,024 - application - DEBUG - after_request_time [__init__.py:42] - Request to /show_list/ took 0.06584596633911133 seconds
2024-12-24 21:01:37,024 - application - DEBUG - after_request_time [__init__.py:44] - view (after_request): room
2024-12-24 21:01:37,024 - application - DEBUG - after_request_time [__init__.py:46] - template (after_request): lists/list.html.jinja
2024-12-24 21:01:37,200 - application.list_routes - DEBUG - show_list [list_routes.py:219] - view: quicknote
2024-12-24 21:01:37,200 - application.list_utils - DEBUG - get_list_entries_for_item [list_utils.py:428] - found_entries for <Photo 7>: [<UserListEntry 99>]
2024-12-24 21:01:37,202 - application.list_utils - DEBUG - get_list_entries_for_item [list_utils.py:436] - Entry: <UserListEntry 99>
2024-12-24 21:01:37,209 - application - DEBUG - after_request_time [__init__.py:42] - Request to /tutorial/pingrid took 0.012332916259765625 seconds
2024-12-24 21:01:37,203 - application.list_utils - DEBUG - get_list_entries_for_item [list_utils.py:437] - Item Model: Photo, Item ID: 7
2024-12-24 21:01:37,209 - application.list_utils - DEBUG - get_list_entries_for_item [list_utils.py:428] - found_entries for <Room 5>: [<UserListEntry 100>]
2024-12-24 21:01:37,210 - application - DEBUG - after_request_time [__init__.py:44] - view (after_request): room
2024-12-24 21:01:37,210 - application.list_utils - DEBUG - get_list_entries_for_item [list_utils.py:438] - User List ID: 20 User List Name: Dining Room 1 Photos
2024-12-24 21:01:37,211 - application - DEBUG - after_request_time [__init__.py:46] - template (after_request): onboarding/modal/modal_roompingrid.jinja
2024-12-24 21:01:37,211 - application.list_utils - DEBUG - get_list_entries_for_item [list_utils.py:439] - user: 1
2024-12-24 21:01:37,213 - application.list_routes - DEBUG - show_photo_entry [list_routes.py:312] - view_override: pingrid
2024-12-24 21:01:37,213 - application.list_routes - DEBUG - show_photo_entry [list_routes.py:317] - view: pingrid
2024-12-24 21:01:37,212 - application.list_utils - DEBUG - get_list_entries_for_item [list_utils.py:436] - Entry: <UserListEntry 100>
2024-12-24 21:01:37,214 - application.list_utils - DEBUG - get_list_entries_for_item [list_utils.py:437] - Item Model: Room, Item ID: 5
2024-12-24 21:01:37,217 - application.list_utils - DEBUG - get_list_entries_for_item [list_utils.py:438] - User List ID: 3 User List Name: test Main Floor Rooms
2024-12-24 21:01:37,218 - application.list_utils - DEBUG - get_list_entries_for_item [list_utils.py:439] - user: 1
2024-12-24 21:01:37,219 - application - DEBUG - after_request_time [__init__.py:42] - Request to /show_photo_entry/7 took 0.025203943252563477 seconds
2024-12-24 21:01:37,220 - application - DEBUG - after_request_time [__init__.py:44] - view (after_request): room
2024-12-24 21:01:37,220 - application.list_utils - DEBUG - get_userlist [list_utils.py:308] - get_userlist(): item_model: Task, list_name: None, parent_entry_id: 100
2024-12-24 21:01:37,221 - application - DEBUG - after_request_time [__init__.py:46] - template (after_request): lists/model/photo.html.jinja
2024-12-24 21:01:37,225 - application.list_utils - DEBUG - get_userlist [list_utils.py:322] - lists found (model, parent): [<UserList 26>]
2024-12-24 21:01:37,225 - application.list_utils - DEBUG - get_userlist [list_utils.py:349] - len(lists) == 1: None Task 100
2024-12-24 21:01:37,226 - application.list_utils - DEBUG - get_userlist [list_utils.py:368] - userlist.entries: [<UserListEntry 105>, <UserListEntry 106>, <UserListEntry 107>, <UserListEntry 108>, <UserListEntry 110>, <UserListEntry 111>, <UserListEntry 113>] List type: <class 'sqlalchemy.orm.collections.InstrumentedList'>
2024-12-24 21:01:37,226 - application.list_utils - DEBUG - get_userlist [list_utils.py:370] - List: Dining Room 1 Tasks, Order: 145
2024-12-24 21:01:37,227 - application.list_utils - DEBUG - get_userlist [list_utils.py:370] - List: Dining Room 1 Tasks, Order: 146
2024-12-24 21:01:37,228 - application.list_utils - DEBUG - get_userlist [list_utils.py:370] - List: Dining Room 1 Tasks, Order: 147
2024-12-24 21:01:37,228 - application.list_utils - DEBUG - get_userlist [list_utils.py:370] - List: Dining Room 1 Tasks, Order: 148
2024-12-24 21:01:37,229 - application.list_utils - DEBUG - get_userlist [list_utils.py:370] - List: Dining Room 1 Tasks, Order: 149
2024-12-24 21:01:37,229 - application.list_utils - DEBUG - get_userlist [list_utils.py:370] - List: Dining Room 1 Tasks, Order: 150
2024-12-24 21:01:37,229 - application.list_utils - DEBUG - get_userlist [list_utils.py:370] - List: Dining Room 1 Tasks, Order: 6
2024-12-24 21:01:37,231 - application.list_utils - DEBUG - get_userlists_by_parent [list_utils.py:273] - get_userlists_by_parent: No lists found for parent_entry_id 105
2024-12-24 21:01:37,233 - application.list_utils - DEBUG - get_userlists_by_parent [list_utils.py:273] - get_userlists_by_parent: No lists found for parent_entry_id 106
2024-12-24 21:01:37,235 - application.list_utils - DEBUG - get_userlists_by_parent [list_utils.py:273] - get_userlists_by_parent: No lists found for parent_entry_id 107
2024-12-24 21:01:37,237 - application.list_utils - DEBUG - get_userlists_by_parent [list_utils.py:273] - get_userlists_by_parent: No lists found for parent_entry_id 108
2024-12-24 21:01:37,238 - application.list_utils - DEBUG - get_userlists_by_parent [list_utils.py:273] - get_userlists_by_parent: No lists found for parent_entry_id 110
2024-12-24 21:01:37,239 - application.list_utils - DEBUG - get_userlists_by_parent [list_utils.py:273] - get_userlists_by_parent: No lists found for parent_entry_id 111
2024-12-24 21:01:37,241 - application.list_utils - DEBUG - get_userlists_by_parent [list_utils.py:273] - get_userlists_by_parent: No lists found for parent_entry_id 113
2024-12-24 21:01:37,244 - application - DEBUG - after_request_time [__init__.py:42] - Request to /static/defaults/generic_room.webp took 0.0012738704681396484 seconds
2024-12-24 21:01:37,245 - application - DEBUG - after_request_time [__init__.py:44] - view (after_request): room
2024-12-24 21:01:37,246 - application - DEBUG - after_request_time [__init__.py:46] - template (after_request): None
2024-12-24 21:01:37,272 - application.list_routes - DEBUG - show_list [list_routes.py:219] - view: pingrid
2024-12-24 21:01:37,279 - application.list_utils - DEBUG - get_userlists_by_parent [list_utils.py:273] - get_userlists_by_parent: No lists found for parent_entry_id 109
2024-12-24 21:01:37,281 - application.list_utils - DEBUG - get_userlists_by_parent [list_utils.py:273] - get_userlists_by_parent: No lists found for parent_entry_id 112
2024-12-24 21:01:37,300 - application - DEBUG - after_request_time [__init__.py:42] - Request to /show_list/ took 0.10243105888366699 seconds
2024-12-24 21:01:37,301 - application - DEBUG - after_request_time [__init__.py:44] - view (after_request): room
2024-12-24 21:01:37,302 - application - DEBUG - after_request_time [__init__.py:46] - template (after_request): lists/list.html.jinja
2024-12-24 21:01:37,329 - application - DEBUG - after_request_time [__init__.py:42] - Request to /show_list/21 took 0.05823683738708496 seconds
2024-12-24 21:01:37,329 - application - DEBUG - after_request_time [__init__.py:44] - view (after_request): room
2024-12-24 21:01:37,329 - application - DEBUG - after_request_time [__init__.py:46] - template (after_request): lists/list.html.jinja
2024-12-24 21:02:04,161 - application.walkthrough - DEBUG - walk_start [walkthrough.py:34] - get room_name: Dining Room 1
2024-12-24 21:02:04,162 - application.walkthrough - DEBUG - walk_start [walkthrough.py:35] - get view: room
2024-12-24 21:02:04,163 - application.walkthrough - DEBUG - walk_start [walkthrough.py:39] - room: (<Room 5>,) room_name: Dining Room 1 room name name: Dining Room 1
2024-12-24 21:02:04,166 - application.rooms - DEBUG - set_active_room [rooms.py:120] - current_user.active_home.active_room: <Room 5>
2024-12-24 21:02:04,167 - application.walkthrough - DEBUG - walk_start [walkthrough.py:52] - view: room
2024-12-24 21:02:04,167 - application - DEBUG - after_request_time [__init__.py:42] - Request to /walkthrough/Dining Room 1/room took 0.007200002670288086 seconds
2024-12-24 21:02:04,168 - application - DEBUG - after_request_time [__init__.py:44] - view (after_request): room
2024-12-24 21:02:04,168 - application - DEBUG - after_request_time [__init__.py:46] - template (after_request): None
2024-12-24 21:02:04,211 - application.walkthrough - DEBUG - views [walkthrough.py:70] - view?: room
2024-12-24 21:02:04,211 - application.walkthrough - DEBUG - views [walkthrough.py:73] - File exists!: walkthrough/parts/room.html.jinja
2024-12-24 21:02:04,213 - application - DEBUG - after_request_time [__init__.py:42] - Request to /walkthrough/steps took 0.0037360191345214844 seconds
2024-12-24 21:02:04,214 - application - DEBUG - after_request_time [__init__.py:44] - view (after_request): room
2024-12-24 21:02:04,214 - application - DEBUG - after_request_time [__init__.py:46] - template (after_request): walkthrough/index.html.jinja
2024-12-24 21:02:04,332 - application - DEBUG - after_request_time [__init__.py:42] - Request to /static/js/bundle.js took 0.000720977783203125 seconds
2024-12-24 21:02:04,332 - application - DEBUG - after_request_time [__init__.py:44] - view (after_request): room
2024-12-24 21:02:04,332 - application - DEBUG - after_request_time [__init__.py:46] - template (after_request): None
2024-12-24 21:02:04,422 - application.list_routes - DEBUG - show_list [list_routes.py:219] - view: horiz-scroll
2024-12-24 21:02:04,427 - application.list_utils - DEBUG - get_list_entries_for_item [list_utils.py:428] - found_entries for <Home 1>: [<UserListEntry 1>]
2024-12-24 21:02:04,432 - application.list_routes - DEBUG - show_list [list_routes.py:219] - view: horiz-scroll
2024-12-24 21:02:04,434 - application.list_utils - DEBUG - get_list_entries_for_item [list_utils.py:436] - Entry: <UserListEntry 1>
2024-12-24 21:02:04,434 - application.walkthrough - DEBUG - views [walkthrough.py:70] - view?: room
2024-12-24 21:02:04,436 - application.list_utils - DEBUG - get_list_entries_for_item [list_utils.py:428] - found_entries for <Floor 1>: [<UserListEntry 2>]
2024-12-24 21:02:04,436 - application.walkthrough - DEBUG - views [walkthrough.py:73] - File exists!: walkthrough/parts/room.html.jinja
2024-12-24 21:02:04,436 - application.list_utils - DEBUG - get_list_entries_for_item [list_utils.py:437] - Item Model: Home, Item ID: 1
2024-12-24 21:02:04,438 - application.list_utils - DEBUG - get_list_entries_for_item [list_utils.py:438] - User List ID: 1 User List Name: bob Homes
2024-12-24 21:02:04,438 - application.list_utils - DEBUG - get_list_entries_for_item [list_utils.py:436] - Entry: <UserListEntry 2>
2024-12-24 21:02:04,440 - application - DEBUG - after_request_time [__init__.py:42] - Request to /walkthrough/steps took 0.008896112442016602 seconds
2024-12-24 21:02:04,439 - application.list_utils - DEBUG - get_list_entries_for_item [list_utils.py:439] - user: 1
2024-12-24 21:02:04,440 - application - DEBUG - after_request_time [__init__.py:44] - view (after_request): room
2024-12-24 21:02:04,440 - application.list_utils - DEBUG - get_list_entries_for_item [list_utils.py:437] - Item Model: Floor, Item ID: 1
2024-12-24 21:02:04,440 - application - DEBUG - after_request_time [__init__.py:46] - template (after_request): walkthrough/parts/room.html.jinja
2024-12-24 21:02:04,440 - application.list_utils - DEBUG - get_userlist [list_utils.py:308] - get_userlist(): item_model: Floor, list_name: None, parent_entry_id: 1
2024-12-24 21:02:04,440 - application.list_utils - DEBUG - get_list_entries_for_item [list_utils.py:438] - User List ID: 2 User List Name: test Floors
2024-12-24 21:02:04,442 - application.list_utils - DEBUG - get_userlist [list_utils.py:322] - lists found (model, parent): [<UserList 2>]
2024-12-24 21:02:04,442 - application.list_utils - DEBUG - get_list_entries_for_item [list_utils.py:439] - user: 1
2024-12-24 21:02:04,443 - application.list_utils - DEBUG - get_userlist [list_utils.py:349] - len(lists) == 1: None Floor 1
2024-12-24 21:02:04,443 - application.list_utils - DEBUG - get_userlist [list_utils.py:308] - get_userlist(): item_model: Room, list_name: None, parent_entry_id: 2
2024-12-24 21:02:04,444 - application.list_utils - DEBUG - get_userlist [list_utils.py:368] - userlist.entries: [<UserListEntry 2>, <UserListEntry 3>, <UserListEntry 26>] List type: <class 'sqlalchemy.orm.collections.InstrumentedList'>
2024-12-24 21:02:04,445 - application.list_utils - DEBUG - get_userlist [list_utils.py:370] - List: test Floors, Order: 5
2024-12-24 21:02:04,446 - application.list_utils - DEBUG - get_userlist [list_utils.py:322] - lists found (model, parent): [<UserList 3>]
2024-12-24 21:02:04,446 - application.list_utils - DEBUG - get_userlist [list_utils.py:370] - List: test Floors, Order: 3
2024-12-24 21:02:04,446 - application.list_utils - DEBUG - get_userlist [list_utils.py:349] - len(lists) == 1: None Room 2
2024-12-24 21:02:04,446 - application.list_utils - DEBUG - get_userlist [list_utils.py:370] - List: test Floors, Order: 1
2024-12-24 21:02:04,446 - application.list_utils - DEBUG - get_userlist [list_utils.py:368] - userlist.entries: [<UserListEntry 21>, <UserListEntry 98>, <UserListEntry 100>, <UserListEntry 102>, <UserListEntry 104>] List type: <class 'sqlalchemy.orm.collections.InstrumentedList'>
2024-12-24 21:02:04,447 - application.list_utils - DEBUG - get_userlist [list_utils.py:370] - List: test Main Floor Rooms, Order: 146
2024-12-24 21:02:04,447 - application.list_utils - DEBUG - get_userlists_by_parent [list_utils.py:271] - get_userlists_by_parent: lists found (parent_entry_id)2: [<UserList 3>]
2024-12-24 21:02:04,447 - application.list_utils - DEBUG - get_userlist [list_utils.py:370] - List: test Main Floor Rooms, Order: 0
2024-12-24 21:02:04,448 - application.list_utils - DEBUG - get_userlist [list_utils.py:370] - List: test Main Floor Rooms, Order: 438
2024-12-24 21:02:04,448 - application.list_utils - DEBUG - get_userlists_by_parent [list_utils.py:271] - get_userlists_by_parent: lists found (parent_entry_id)3: [<UserList 4>]
2024-12-24 21:02:04,449 - application.list_utils - DEBUG - get_userlist [list_utils.py:370] - List: test Main Floor Rooms, Order: 584
2024-12-24 21:02:04,450 - application.list_utils - DEBUG - get_userlists_by_parent [list_utils.py:271] - get_userlists_by_parent: lists found (parent_entry_id)26: [<UserList 12>]
2024-12-24 21:02:04,450 - application.list_utils - DEBUG - get_userlist [list_utils.py:370] - List: test Main Floor Rooms, Order: 292
2024-12-24 21:02:04,455 - application.list_utils - DEBUG - get_userlists_by_parent [list_utils.py:271] - get_userlists_by_parent: lists found (parent_entry_id)21: [<UserList 6>, <UserList 8>]
2024-12-24 21:02:04,456 - application - DEBUG - after_request_time [__init__.py:42] - Request to /show_list/ took 0.035089969635009766 seconds
2024-12-24 21:02:04,457 - application.list_utils - DEBUG - get_userlists_by_parent [list_utils.py:271] - get_userlists_by_parent: lists found (parent_entry_id)98: [<UserList 18>]
2024-12-24 21:02:04,457 - application - DEBUG - after_request_time [__init__.py:44] - view (after_request): room
2024-12-24 21:02:04,458 - application - DEBUG - after_request_time [__init__.py:46] - template (after_request): lists/list.html.jinja
2024-12-24 21:02:04,459 - application.list_utils - DEBUG - get_userlists_by_parent [list_utils.py:271] - get_userlists_by_parent: lists found (parent_entry_id)100: [<UserList 20>, <UserList 26>]
2024-12-24 21:02:04,460 - application.list_utils - DEBUG - get_userlists_by_parent [list_utils.py:271] - get_userlists_by_parent: lists found (parent_entry_id)102: [<UserList 22>]
2024-12-24 21:02:04,463 - application.list_utils - DEBUG - get_userlists_by_parent [list_utils.py:271] - get_userlists_by_parent: lists found (parent_entry_id)104: [<UserList 24>]
2024-12-24 21:02:04,466 - application - DEBUG - after_request_time [__init__.py:42] - Request to /show_list/ took 0.04008889198303223 seconds
2024-12-24 21:02:04,466 - application - DEBUG - after_request_time [__init__.py:44] - view (after_request): room
2024-12-24 21:02:04,467 - application - DEBUG - after_request_time [__init__.py:46] - template (after_request): lists/list.html.jinja
2024-12-24 21:02:04,513 - application.list_utils - DEBUG - get_list_entries_for_item [list_utils.py:428] - found_entries for <Photo 7>: [<UserListEntry 99>]
2024-12-24 21:02:04,515 - application.list_utils - DEBUG - get_list_entries_for_item [list_utils.py:436] - Entry: <UserListEntry 99>
2024-12-24 21:02:04,515 - application.list_utils - DEBUG - get_list_entries_for_item [list_utils.py:437] - Item Model: Photo, Item ID: 7
2024-12-24 21:02:04,515 - application.list_utils - DEBUG - get_list_entries_for_item [list_utils.py:438] - User List ID: 20 User List Name: Dining Room 1 Photos
2024-12-24 21:02:04,515 - application.list_utils - DEBUG - get_list_entries_for_item [list_utils.py:439] - user: 1
2024-12-24 21:02:04,515 - application.list_routes - DEBUG - show_photo_entry [list_routes.py:312] - view_override: pingrid
2024-12-24 21:02:04,516 - application.list_routes - DEBUG - show_photo_entry [list_routes.py:317] - view: pingrid
2024-12-24 21:02:04,518 - application - DEBUG - after_request_time [__init__.py:42] - Request to /show_photo_entry/7 took 0.006745100021362305 seconds
2024-12-24 21:02:04,520 - application - DEBUG - after_request_time [__init__.py:44] - view (after_request): room
2024-12-24 21:02:04,523 - application - DEBUG - after_request_time [__init__.py:46] - template (after_request): lists/model/photo.html.jinja
2024-12-24 21:02:04,524 - application.list_routes - DEBUG - show_list [list_routes.py:219] - view: quicknote
2024-12-24 21:02:04,529 - application - DEBUG - after_request_time [__init__.py:42] - Request to /tutorial/pingrid took 0.004428863525390625 seconds
2024-12-24 21:02:04,530 - application - DEBUG - after_request_time [__init__.py:44] - view (after_request): room
2024-12-24 21:02:04,530 - application - DEBUG - after_request_time [__init__.py:46] - template (after_request): onboarding/modal/modal_roompingrid.jinja
2024-12-24 21:02:04,531 - application.list_utils - DEBUG - get_list_entries_for_item [list_utils.py:428] - found_entries for <Room 5>: [<UserListEntry 100>]
2024-12-24 21:02:04,534 - application.list_utils - DEBUG - get_list_entries_for_item [list_utils.py:436] - Entry: <UserListEntry 100>
2024-12-24 21:02:04,534 - application.list_utils - DEBUG - get_list_entries_for_item [list_utils.py:437] - Item Model: Room, Item ID: 5
2024-12-24 21:02:04,535 - application.list_utils - DEBUG - get_list_entries_for_item [list_utils.py:438] - User List ID: 3 User List Name: test Main Floor Rooms
2024-12-24 21:02:04,535 - application.list_utils - DEBUG - get_list_entries_for_item [list_utils.py:439] - user: 1
2024-12-24 21:02:04,535 - application.list_utils - DEBUG - get_userlist [list_utils.py:308] - get_userlist(): item_model: Task, list_name: None, parent_entry_id: 100
2024-12-24 21:02:04,537 - application.list_utils - DEBUG - get_userlist [list_utils.py:322] - lists found (model, parent): [<UserList 26>]
2024-12-24 21:02:04,537 - application.list_utils - DEBUG - get_userlist [list_utils.py:349] - len(lists) == 1: None Task 100
2024-12-24 21:02:04,537 - application.list_utils - DEBUG - get_userlist [list_utils.py:368] - userlist.entries: [<UserListEntry 105>, <UserListEntry 106>, <UserListEntry 107>, <UserListEntry 108>, <UserListEntry 110>, <UserListEntry 111>, <UserListEntry 113>] List type: <class 'sqlalchemy.orm.collections.InstrumentedList'>
2024-12-24 21:02:04,537 - application.list_utils - DEBUG - get_userlist [list_utils.py:370] - List: Dining Room 1 Tasks, Order: 145
2024-12-24 21:02:04,537 - application.list_utils - DEBUG - get_userlist [list_utils.py:370] - List: Dining Room 1 Tasks, Order: 146
2024-12-24 21:02:04,537 - application.list_utils - DEBUG - get_userlist [list_utils.py:370] - List: Dining Room 1 Tasks, Order: 147
2024-12-24 21:02:04,538 - application.list_utils - DEBUG - get_userlist [list_utils.py:370] - List: Dining Room 1 Tasks, Order: 148
2024-12-24 21:02:04,538 - application.list_utils - DEBUG - get_userlist [list_utils.py:370] - List: Dining Room 1 Tasks, Order: 149
2024-12-24 21:02:04,538 - application.list_utils - DEBUG - get_userlist [list_utils.py:370] - List: Dining Room 1 Tasks, Order: 150
2024-12-24 21:02:04,538 - application.list_utils - DEBUG - get_userlist [list_utils.py:370] - List: Dining Room 1 Tasks, Order: 6
2024-12-24 21:02:04,539 - application.list_utils - DEBUG - get_userlists_by_parent [list_utils.py:273] - get_userlists_by_parent: No lists found for parent_entry_id 105
2024-12-24 21:02:04,540 - application.list_utils - DEBUG - get_userlists_by_parent [list_utils.py:273] - get_userlists_by_parent: No lists found for parent_entry_id 106
2024-12-24 21:02:04,541 - application.list_utils - DEBUG - get_userlists_by_parent [list_utils.py:273] - get_userlists_by_parent: No lists found for parent_entry_id 107
2024-12-24 21:02:04,541 - application.list_utils - DEBUG - get_userlists_by_parent [list_utils.py:273] - get_userlists_by_parent: No lists found for parent_entry_id 108
2024-12-24 21:02:04,542 - application.list_utils - DEBUG - get_userlists_by_parent [list_utils.py:273] - get_userlists_by_parent: No lists found for parent_entry_id 110
2024-12-24 21:02:04,543 - application.list_utils - DEBUG - get_userlists_by_parent [list_utils.py:273] - get_userlists_by_parent: No lists found for parent_entry_id 111
2024-12-24 21:02:04,545 - application.list_utils - DEBUG - get_userlists_by_parent [list_utils.py:273] - get_userlists_by_parent: No lists found for parent_entry_id 113
2024-12-24 21:02:04,571 - application - DEBUG - after_request_time [__init__.py:42] - Request to /show_list/ took 0.05053901672363281 seconds
2024-12-24 21:02:04,571 - application - DEBUG - after_request_time [__init__.py:44] - view (after_request): room
2024-12-24 21:02:04,571 - application - DEBUG - after_request_time [__init__.py:46] - template (after_request): lists/list.html.jinja
2024-12-24 21:02:04,579 - application - DEBUG - after_request_time [__init__.py:42] - Request to /static/defaults/generic_room.webp took 0.000675201416015625 seconds
2024-12-24 21:02:04,579 - application - DEBUG - after_request_time [__init__.py:44] - view (after_request): room
2024-12-24 21:02:04,579 - application - DEBUG - after_request_time [__init__.py:46] - template (after_request): None
2024-12-24 21:02:04,588 - application.list_routes - DEBUG - show_list [list_routes.py:219] - view: pingrid
2024-12-24 21:02:04,591 - application.list_utils - DEBUG - get_userlists_by_parent [list_utils.py:273] - get_userlists_by_parent: No lists found for parent_entry_id 109
2024-12-24 21:02:04,592 - application.list_utils - DEBUG - get_userlists_by_parent [list_utils.py:273] - get_userlists_by_parent: No lists found for parent_entry_id 112
2024-12-24 21:02:04,611 - application - DEBUG - after_request_time [__init__.py:42] - Request to /show_list/21 took 0.02361011505126953 seconds
2024-12-24 21:02:04,611 - application - DEBUG - after_request_time [__init__.py:44] - view (after_request): room
2024-12-24 21:02:04,611 - application - DEBUG - after_request_time [__init__.py:46] - template (after_request): lists/list.html.jinja
2024-12-24 21:02:10,383 - application.list_routes - DEBUG - create_item_and_entry [list_routes.py:78] - create_item_and_entry(): item_model: Pin, list_id: 21, item_id: None, order: 76, name: Dining Room 1 Task 2
2024-12-24 21:02:10,384 - application.list_utils - DEBUG - add_item_to_list [list_utils.py:59] - add_item_to_list(): user_list_id: 21, item_model: Pin, item_id: None, order: 76, name: Dining Room 1 Task 2
2024-12-24 21:02:10,385 - application.list_utils - DEBUG - create_new_default [list_utils.py:96] - create_new_default(): item_model: Pin, name: Dining Room 1 Task 2
2024-12-24 21:02:10,389 - application.database.events - DEBUG - remove_old_pin_and_entry_if_duplicate_task_on_photo [events.py:72] - remove_old_pin_and_entry_if_duplicate_task_on_photo called for pin: <Pin (pending 4425063584)>
2024-12-24 21:02:10,389 - application.database.events - DEBUG - remove_old_pin_and_entry_if_duplicate_task_on_photo [events.py:73] - old_pin1: None
2024-12-24 21:02:10,390 - application.database.events - DEBUG - remove_old_pin_and_entry_if_duplicate_task_on_photo [events.py:83] - No matching pin found, nothing to delete.
2024-12-24 21:02:10,393 - application.list_utils - DEBUG - create_new_default [list_utils.py:241] - new default pin new_item: <Pin 17> photo_id: 7 task_id: 56 pinlist_obj: <UserList 21>
2024-12-24 21:02:10,400 - application.list_routes - DEBUG - create_item_and_entry [list_routes.py:90] - Item added to list: Pin entry 17
2024-12-24 21:02:10,405 - application - DEBUG - after_request_time [__init__.py:42] - Request to /create/Pin/21 took 0.02592921257019043 seconds
2024-12-24 21:02:10,405 - application - DEBUG - after_request_time [__init__.py:44] - view (after_request): room
2024-12-24 21:02:10,406 - application - DEBUG - after_request_time [__init__.py:46] - template (after_request): lists/model/pin.html.jinja
2024-12-24 21:02:11,194 - application - DEBUG - after_request_time [__init__.py:42] - Request to /update_list_order/21 took 0.11574292182922363 seconds
2024-12-24 21:02:11,194 - application - DEBUG - after_request_time [__init__.py:44] - view (after_request): room
2024-12-24 21:02:11,195 - application - DEBUG - after_request_time [__init__.py:46] - template (after_request): None
2024-12-24 21:02:11,204 - application - DEBUG - after_request_time [__init__.py:42] - Request to /update_list_order/26 took 0.1147468090057373 seconds
2024-12-24 21:02:11,204 - application - DEBUG - after_request_time [__init__.py:44] - view (after_request): room
2024-12-24 21:02:11,205 - application - DEBUG - after_request_time [__init__.py:46] - template (after_request): None
2024-12-24 21:02:13,222 - application.list_utils - DEBUG - get_userlist [list_utils.py:308] - get_userlist(): item_model: Task, list_name: None, parent_entry_id: 113
2024-12-24 21:02:13,223 - application.list_utils - DEBUG - get_userlist [list_utils.py:322] - lists found (model, parent): []
2024-12-24 21:02:13,223 - application.list_utils - DEBUG - get_userlist [list_utils.py:333] - No lists of type Task found for user 1
2024-12-24 21:02:13,225 - application.list_utils - DEBUG - create_user_list [list_utils.py:33] - create_user_list: new_list: <UserList (transient 4425055888)>
2024-12-24 21:02:13,236 - application - DEBUG - after_request_time [__init__.py:42] - Request to /move_entry/108 took 0.017713069915771484 seconds
2024-12-24 21:02:13,237 - application - DEBUG - after_request_time [__init__.py:44] - view (after_request): room
2024-12-24 21:02:13,237 - application - DEBUG - after_request_time [__init__.py:46] - template (after_request): None
2024-12-24 21:02:14,464 - application - DEBUG - after_request_time [__init__.py:42] - Request to /update_list_order/26 took 0.06087684631347656 seconds
2024-12-24 21:02:14,464 - application - DEBUG - after_request_time [__init__.py:44] - view (after_request): room
2024-12-24 21:02:14,465 - application - DEBUG - after_request_time [__init__.py:46] - template (after_request): None
2024-12-24 21:02:16,546 - application.list_routes - DEBUG - create_item_and_entry [list_routes.py:78] - create_item_and_entry(): item_model: Pin, list_id: 21, item_id: None, order: 40, name: Dining Room 1 Task 7
2024-12-24 21:02:16,548 - application.list_utils - DEBUG - add_item_to_list [list_utils.py:59] - add_item_to_list(): user_list_id: 21, item_model: Pin, item_id: None, order: 40, name: Dining Room 1 Task 7
2024-12-24 21:02:16,548 - application.list_utils - DEBUG - create_new_default [list_utils.py:96] - create_new_default(): item_model: Pin, name: Dining Room 1 Task 7
2024-12-24 21:02:16,550 - application.database.events - DEBUG - remove_old_pin_and_entry_if_duplicate_task_on_photo [events.py:72] - remove_old_pin_and_entry_if_duplicate_task_on_photo called for pin: <Pin (pending 4424952784)>
2024-12-24 21:02:16,550 - application.database.events - DEBUG - remove_old_pin_and_entry_if_duplicate_task_on_photo [events.py:73] - old_pin1: None
2024-12-24 21:02:16,551 - application.database.events - DEBUG - remove_old_pin_and_entry_if_duplicate_task_on_photo [events.py:83] - No matching pin found, nothing to delete.
2024-12-24 21:02:16,553 - application.list_utils - DEBUG - create_new_default [list_utils.py:241] - new default pin new_item: <Pin 18> photo_id: 7 task_id: 61 pinlist_obj: <UserList 21>
2024-12-24 21:02:16,558 - application.list_routes - DEBUG - create_item_and_entry [list_routes.py:90] - Item added to list: Pin entry 18
2024-12-24 21:02:16,561 - application - DEBUG - after_request_time [__init__.py:42] - Request to /create/Pin/21 took 0.016558170318603516 seconds
2024-12-24 21:02:16,561 - application - DEBUG - after_request_time [__init__.py:44] - view (after_request): room
2024-12-24 21:02:16,562 - application - DEBUG - after_request_time [__init__.py:46] - template (after_request): lists/model/pin.html.jinja
2024-12-24 21:02:17,353 - application - DEBUG - after_request_time [__init__.py:42] - Request to /update_list_order/21 took 0.10716986656188965 seconds
2024-12-24 21:02:17,355 - application - DEBUG - after_request_time [__init__.py:44] - view (after_request): room
2024-12-24 21:02:17,357 - application - DEBUG - after_request_time [__init__.py:46] - template (after_request): None
2024-12-24 21:02:17,359 - application - DEBUG - after_request_time [__init__.py:42] - Request to /update_list_order/26 took 0.10555791854858398 seconds
2024-12-24 21:02:17,360 - application - DEBUG - after_request_time [__init__.py:44] - view (after_request): room
2024-12-24 21:02:17,360 - application - DEBUG - after_request_time [__init__.py:46] - template (after_request): None
