2024-12-23 11:02:36,904 - logs.logging_config - DEBUG - configure_logging [logging_config.py:178] - Application logging configured
2024-12-23 11:02:36,906 - logs.logging_config - INFO - configure_logging [logging_config.py:187] - Application started in production environment
2024-12-23 11:02:36,906 - application - DEBUG - create_app [__init__.py:28] - test2
2024-12-23 11:02:37,746 - application - DEBUG - after_request_time [__init__.py:42] - Request to / took 0.01080322265625 seconds
2024-12-23 11:02:37,746 - application - DEBUG - after_request_time [__init__.py:44] - view (after_request): room
2024-12-23 11:02:37,747 - application - DEBUG - after_request_time [__init__.py:46] - template (after_request): None
2024-12-23 11:02:37,927 - application - DEBUG - after_request_time [__init__.py:42] - Request to /map/ took 0.1285998821258545 seconds
2024-12-23 11:02:37,927 - application - DEBUG - after_request_time [__init__.py:44] - view (after_request): map
2024-12-23 11:02:37,927 - application - DEBUG - after_request_time [__init__.py:46] - template (after_request): map/index.html.jinja
2024-12-23 11:02:37,997 - application - DEBUG - after_request_time [__init__.py:42] - Request to /static/css/main.css took 0.012506961822509766 seconds
2024-12-23 11:02:37,999 - application - DEBUG - after_request_time [__init__.py:44] - view (after_request): map
2024-12-23 11:02:38,000 - application - DEBUG - after_request_time [__init__.py:46] - template (after_request): None
2024-12-23 11:02:38,001 - application - DEBUG - after_request_time [__init__.py:42] - Request to /static/js/bundle.js took 0.006657838821411133 seconds
2024-12-23 11:02:38,003 - application - DEBUG - after_request_time [__init__.py:44] - view (after_request): map
2024-12-23 11:02:38,003 - application - DEBUG - after_request_time [__init__.py:46] - template (after_request): None
2024-12-23 11:02:38,045 - application - DEBUG - after_request_time [__init__.py:42] - Request to /static/css/color-mode.css took 0.0020008087158203125 seconds
2024-12-23 11:02:38,050 - application - DEBUG - after_request_time [__init__.py:42] - Request to /static/css/flash-message.css took 0.006594657897949219 seconds
2024-12-23 11:02:38,052 - application - DEBUG - after_request_time [__init__.py:44] - view (after_request): map
2024-12-23 11:02:38,053 - application - DEBUG - after_request_time [__init__.py:42] - Request to /static/css/typography.css took 0.0010581016540527344 seconds
2024-12-23 11:02:38,054 - application - DEBUG - after_request_time [__init__.py:44] - view (after_request): map
2024-12-23 11:02:38,055 - application - DEBUG - after_request_time [__init__.py:46] - template (after_request): None
2024-12-23 11:02:38,056 - application - DEBUG - after_request_time [__init__.py:42] - Request to /static/css/sortables.css took 0.0024650096893310547 seconds
2024-12-23 11:02:38,058 - application - DEBUG - after_request_time [__init__.py:44] - view (after_request): map
2024-12-23 11:02:38,059 - application - DEBUG - after_request_time [__init__.py:46] - template (after_request): None
2024-12-23 11:02:38,060 - application - DEBUG - after_request_time [__init__.py:44] - view (after_request): map
2024-12-23 11:02:38,061 - application - DEBUG - after_request_time [__init__.py:46] - template (after_request): None
2024-12-23 11:02:38,066 - application - DEBUG - after_request_time [__init__.py:46] - template (after_request): None
2024-12-23 11:02:38,419 - application - DEBUG - after_request_time [__init__.py:42] - Request to /show_list/ took 0.16405320167541504 seconds
2024-12-23 11:02:38,420 - application - DEBUG - after_request_time [__init__.py:44] - view (after_request): map
2024-12-23 11:02:38,421 - application - DEBUG - after_request_time [__init__.py:46] - template (after_request): lists/list.html.jinja
2024-12-23 11:02:38,462 - application - DEBUG - after_request_time [__init__.py:42] - Request to /show_list/ took 0.20511794090270996 seconds
2024-12-23 11:02:38,469 - application - DEBUG - after_request_time [__init__.py:44] - view (after_request): map
2024-12-23 11:02:38,493 - application - DEBUG - after_request_time [__init__.py:46] - template (after_request): lists/list.html.jinja
2024-12-23 11:02:38,657 - application - DEBUG - after_request_time [__init__.py:42] - Request to /show_list/ took 0.3976168632507324 seconds
2024-12-23 11:02:38,668 - application - DEBUG - after_request_time [__init__.py:44] - view (after_request): map
2024-12-23 11:02:38,669 - application - DEBUG - after_request_time [__init__.py:46] - template (after_request): lists/list.html.jinja
2024-12-23 11:02:38,671 - application - DEBUG - after_request_time [__init__.py:42] - Request to /show_photo_entry/8 took 0.0638279914855957 seconds
2024-12-23 11:02:38,673 - application - DEBUG - after_request_time [__init__.py:44] - view (after_request): map
2024-12-23 11:02:38,675 - application - DEBUG - after_request_time [__init__.py:46] - template (after_request): lists/model/photo.html.jinja
2024-12-23 11:02:40,447 - application - DEBUG - after_request_time [__init__.py:42] - Request to /walkthrough/Bedroom 1/room took 0.00842595100402832 seconds
2024-12-23 11:02:40,447 - application - DEBUG - after_request_time [__init__.py:44] - view (after_request): room
2024-12-23 11:02:40,447 - application - DEBUG - after_request_time [__init__.py:46] - template (after_request): None
2024-12-23 11:02:40,464 - application - DEBUG - after_request_time [__init__.py:42] - Request to /walkthrough/steps took 0.0049588680267333984 seconds
2024-12-23 11:02:40,464 - application - DEBUG - after_request_time [__init__.py:44] - view (after_request): room
2024-12-23 11:02:40,464 - application - DEBUG - after_request_time [__init__.py:46] - template (after_request): walkthrough/index.html.jinja
2024-12-23 11:02:40,577 - application - DEBUG - after_request_time [__init__.py:42] - Request to /static/css/main.css took 0.0016450881958007812 seconds
2024-12-23 11:02:40,578 - application - DEBUG - after_request_time [__init__.py:42] - Request to /static/js/bundle.js took 0.0018930435180664062 seconds
2024-12-23 11:02:40,578 - application - DEBUG - after_request_time [__init__.py:44] - view (after_request): room
2024-12-23 11:02:40,578 - application - DEBUG - after_request_time [__init__.py:44] - view (after_request): room
2024-12-23 11:02:40,579 - application - DEBUG - after_request_time [__init__.py:46] - template (after_request): None
2024-12-23 11:02:40,579 - application - DEBUG - after_request_time [__init__.py:46] - template (after_request): None
2024-12-23 11:02:40,637 - application - DEBUG - after_request_time [__init__.py:42] - Request to /static/css/color-mode.css took 0.004004955291748047 seconds
2024-12-23 11:02:40,638 - application - DEBUG - after_request_time [__init__.py:42] - Request to /static/css/flash-message.css took 0.005372047424316406 seconds
2024-12-23 11:02:40,639 - application - DEBUG - after_request_time [__init__.py:42] - Request to /static/css/typography.css took 0.002260923385620117 seconds
2024-12-23 11:02:40,639 - application - DEBUG - after_request_time [__init__.py:44] - view (after_request): room
2024-12-23 11:02:40,640 - application - DEBUG - after_request_time [__init__.py:42] - Request to /static/css/sortables.css took 0.0008380413055419922 seconds
2024-12-23 11:02:40,640 - application - DEBUG - after_request_time [__init__.py:44] - view (after_request): room
2024-12-23 11:02:40,640 - application - DEBUG - after_request_time [__init__.py:44] - view (after_request): room
2024-12-23 11:02:40,640 - application - DEBUG - after_request_time [__init__.py:46] - template (after_request): None
2024-12-23 11:02:40,640 - application - DEBUG - after_request_time [__init__.py:44] - view (after_request): room
2024-12-23 11:02:40,641 - application - DEBUG - after_request_time [__init__.py:46] - template (after_request): None
2024-12-23 11:02:40,641 - application - DEBUG - after_request_time [__init__.py:46] - template (after_request): None
2024-12-23 11:02:40,642 - application - DEBUG - after_request_time [__init__.py:46] - template (after_request): None
2024-12-23 11:02:40,757 - application - DEBUG - after_request_time [__init__.py:42] - Request to /walkthrough/steps took 0.02135014533996582 seconds
2024-12-23 11:02:40,760 - application - DEBUG - after_request_time [__init__.py:44] - view (after_request): room
2024-12-23 11:02:40,761 - application - DEBUG - after_request_time [__init__.py:46] - template (after_request): walkthrough/parts/room.html.jinja
2024-12-23 11:02:40,779 - application - DEBUG - after_request_time [__init__.py:42] - Request to /show_list/ took 0.04420304298400879 seconds
2024-12-23 11:02:40,781 - application - DEBUG - after_request_time [__init__.py:44] - view (after_request): room
2024-12-23 11:02:40,781 - application - DEBUG - after_request_time [__init__.py:46] - template (after_request): lists/list.html.jinja
2024-12-23 11:02:40,792 - application - DEBUG - after_request_time [__init__.py:42] - Request to /show_list/ took 0.06368064880371094 seconds
2024-12-23 11:02:40,794 - application - DEBUG - after_request_time [__init__.py:44] - view (after_request): room
2024-12-23 11:02:40,794 - application - DEBUG - after_request_time [__init__.py:46] - template (after_request): lists/list.html.jinja
2024-12-23 11:02:41,033 - application - DEBUG - after_request_time [__init__.py:42] - Request to /show_photo_entry/8 took 0.016170024871826172 seconds
2024-12-23 11:02:41,034 - application - DEBUG - after_request_time [__init__.py:44] - view (after_request): room
2024-12-23 11:02:41,034 - application - DEBUG - after_request_time [__init__.py:46] - template (after_request): lists/model/photo.html.jinja
2024-12-23 11:02:41,066 - application - DEBUG - after_request_time [__init__.py:42] - Request to /show_list/ took 0.04760408401489258 seconds
2024-12-23 11:02:41,066 - application - DEBUG - after_request_time [__init__.py:44] - view (after_request): room
2024-12-23 11:02:41,066 - application - DEBUG - after_request_time [__init__.py:46] - template (after_request): lists/list.html.jinja
2024-12-23 11:02:41,108 - application - DEBUG - after_request_time [__init__.py:42] - Request to /static/defaults/generic_room.jpg took 0.0013208389282226562 seconds
2024-12-23 11:02:41,108 - application - DEBUG - after_request_time [__init__.py:44] - view (after_request): room
2024-12-23 11:02:41,108 - application - DEBUG - after_request_time [__init__.py:46] - template (after_request): None
2024-12-23 11:02:41,344 - application - DEBUG - after_request_time [__init__.py:42] - Request to /show_list/21 took 0.09347295761108398 seconds
2024-12-23 11:02:41,345 - application - DEBUG - after_request_time [__init__.py:44] - view (after_request): room
2024-12-23 11:02:41,345 - application - DEBUG - after_request_time [__init__.py:46] - template (after_request): lists/list.html.jinja
2024-12-23 11:02:43,997 - application - DEBUG - after_request_time [__init__.py:42] - Request to /walkthrough/steps took 0.003782033920288086 seconds
2024-12-23 11:02:43,998 - application - DEBUG - after_request_time [__init__.py:44] - view (after_request): room
2024-12-23 11:02:43,998 - application - DEBUG - after_request_time [__init__.py:46] - template (after_request): walkthrough/parts/room.html.jinja
2024-12-23 11:02:44,084 - application - DEBUG - after_request_time [__init__.py:42] - Request to /show_photo_entry/8 took 0.01346588134765625 seconds
2024-12-23 11:02:44,084 - application - DEBUG - after_request_time [__init__.py:44] - view (after_request): room
2024-12-23 11:02:44,085 - application - DEBUG - after_request_time [__init__.py:46] - template (after_request): lists/model/photo.html.jinja
2024-12-23 11:02:44,111 - application - DEBUG - after_request_time [__init__.py:42] - Request to /show_list/ took 0.03926992416381836 seconds
2024-12-23 11:02:44,112 - application - DEBUG - after_request_time [__init__.py:44] - view (after_request): room
2024-12-23 11:02:44,112 - application - DEBUG - after_request_time [__init__.py:46] - template (after_request): lists/list.html.jinja
2024-12-23 11:02:44,154 - application - DEBUG - after_request_time [__init__.py:42] - Request to /show_list/21 took 0.017956972122192383 seconds
2024-12-23 11:02:44,154 - application - DEBUG - after_request_time [__init__.py:44] - view (after_request): room
2024-12-23 11:02:44,154 - application - DEBUG - after_request_time [__init__.py:46] - template (after_request): lists/list.html.jinja
2024-12-23 11:02:46,396 - application - DEBUG - after_request_time [__init__.py:42] - Request to /create/Pin/21 took 0.023348093032836914 seconds
2024-12-23 11:02:46,397 - application - DEBUG - after_request_time [__init__.py:44] - view (after_request): room
2024-12-23 11:02:46,397 - application - DEBUG - after_request_time [__init__.py:46] - template (after_request): lists/model/pin.html.jinja
2024-12-23 11:02:47,487 - application - DEBUG - after_request_time [__init__.py:42] - Request to /update_list_order/41 took 0.1043081283569336 seconds
2024-12-23 11:02:47,488 - application - DEBUG - after_request_time [__init__.py:42] - Request to /update_list_order/21 took 0.11088418960571289 seconds
2024-12-23 11:02:47,488 - application - DEBUG - after_request_time [__init__.py:44] - view (after_request): room
2024-12-23 11:02:47,488 - application - DEBUG - after_request_time [__init__.py:44] - view (after_request): room
2024-12-23 11:02:47,488 - application - DEBUG - after_request_time [__init__.py:46] - template (after_request): None
2024-12-23 11:02:47,488 - application - DEBUG - after_request_time [__init__.py:46] - template (after_request): None
2024-12-23 11:02:49,090 - application - DEBUG - after_request_time [__init__.py:42] - Request to /update_list_order/21 took 0.049394845962524414 seconds
2024-12-23 11:02:49,090 - application - DEBUG - after_request_time [__init__.py:44] - view (after_request): room
2024-12-23 11:02:49,091 - application - DEBUG - after_request_time [__init__.py:46] - template (after_request): None
2024-12-23 11:02:49,970 - application - DEBUG - after_request_time [__init__.py:42] - Request to /create/Pin/21 took 0.018074750900268555 seconds
2024-12-23 11:02:49,970 - application - DEBUG - after_request_time [__init__.py:44] - view (after_request): room
2024-12-23 11:02:49,970 - application - DEBUG - after_request_time [__init__.py:46] - template (after_request): lists/model/pin.html.jinja
2024-12-23 11:02:51,067 - application - DEBUG - after_request_time [__init__.py:42] - Request to /update_list_order/21 took 0.10054516792297363 seconds
2024-12-23 11:02:51,069 - application - DEBUG - after_request_time [__init__.py:44] - view (after_request): room
2024-12-23 11:02:51,070 - application - DEBUG - after_request_time [__init__.py:42] - Request to /update_list_order/41 took 0.10103106498718262 seconds
2024-12-23 11:02:51,070 - application - DEBUG - after_request_time [__init__.py:46] - template (after_request): None
2024-12-23 11:02:51,071 - application - DEBUG - after_request_time [__init__.py:44] - view (after_request): room
2024-12-23 11:02:51,072 - application - DEBUG - after_request_time [__init__.py:46] - template (after_request): None
2024-12-23 11:02:54,131 - application - DEBUG - after_request_time [__init__.py:42] - Request to /create/Pin/21 took 0.017730236053466797 seconds
2024-12-23 11:02:54,132 - application - DEBUG - after_request_time [__init__.py:44] - view (after_request): room
2024-12-23 11:02:54,133 - application - DEBUG - after_request_time [__init__.py:46] - template (after_request): lists/model/pin.html.jinja
2024-12-23 11:02:55,215 - application - DEBUG - after_request_time [__init__.py:42] - Request to /update_list_order/41 took 0.09167718887329102 seconds
2024-12-23 11:02:55,216 - application - DEBUG - after_request_time [__init__.py:44] - view (after_request): room
2024-12-23 11:02:55,218 - application - DEBUG - after_request_time [__init__.py:46] - template (after_request): None
2024-12-23 11:02:55,231 - application - DEBUG - after_request_time [__init__.py:42] - Request to /update_list_order/21 took 0.11099481582641602 seconds
2024-12-23 11:02:55,232 - application - DEBUG - after_request_time [__init__.py:44] - view (after_request): room
2024-12-23 11:02:55,232 - application - DEBUG - after_request_time [__init__.py:46] - template (after_request): None
