2024-12-18 19:45:55,522 - application.map - DEBUG - home_map [map.py:24] - map called with floor_id: 1
2024-12-18 19:45:55,532 - application.rooms - DEBUG - floor_room_check [rooms.py:165] - inside floor_room_check A: floor_id: 1, has_rooms: True
2024-12-18 19:45:55,535 - application.rooms - DEBUG - check_each_floor_for_rooms [rooms.py:172] - floor.rooms.count() <Floor 1> = 4
2024-12-18 19:45:55,536 - application.rooms - DEBUG - check_each_floor_for_rooms [rooms.py:172] - floor.rooms.count() <Floor 2> = 7
2024-12-18 19:45:55,538 - application.rooms - DEBUG - check_each_floor_for_rooms [rooms.py:172] - floor.rooms.count() <Floor 3> = 12
2024-12-18 19:45:55,540 - application.rooms - DEBUG - check_each_floor_for_rooms [rooms.py:172] - floor.rooms.count() <Floor 4> = 4
2024-12-18 19:45:55,542 - application.rooms - DEBUG - check_each_floor_for_rooms [rooms.py:172] - floor.rooms.count() <Floor 5> = 2
2024-12-18 19:45:55,546 - application.rooms - DEBUG - floor_room_check [rooms.py:167] - inside floor_room_check B: floor_id: 1, has_rooms: True
2024-12-18 19:45:55,546 - application.map - DEBUG - home_map [map.py:27] - room check: floor_id: 1, has_rooms: True
2024-12-18 19:45:55,547 - application.floors - DEBUG - set_active_floor [floors.py:41] - set_active_floor called with floor_id: 1
2024-12-18 19:45:55,555 - application.floors - DEBUG - set_active_floor [floors.py:52] - current_user.active_home.active_floor: <Floor 1>
2024-12-18 19:45:55,558 - application.list_utils - DEBUG - get_list_entries_for_item [list_utils.py:428] - found_entries for <Home 1>: [<UserListEntry 1>]
2024-12-18 19:45:55,564 - application.list_utils - DEBUG - get_list_entries_for_item [list_utils.py:436] - Entry: <UserListEntry 1>
2024-12-18 19:45:55,564 - application.list_utils - DEBUG - get_list_entries_for_item [list_utils.py:437] - Item Model: Home, Item ID: 1
2024-12-18 19:45:55,564 - application.list_utils - DEBUG - get_list_entries_for_item [list_utils.py:438] - User List ID: 1 User List Name: bob Homes
2024-12-18 19:45:55,565 - application.list_utils - DEBUG - get_list_entries_for_item [list_utils.py:439] - user: 1
2024-12-18 19:45:55,565 - application.list_utils - DEBUG - get_userlist [list_utils.py:308] - get_userlist(): item_model: Floor, list_name: testy Floors, parent_entry_id: 1
2024-12-18 19:45:55,571 - application.list_utils - DEBUG - get_userlist [list_utils.py:314] - lists found (All args): [<UserList 2>]
2024-12-18 19:45:55,571 - application.list_utils - DEBUG - get_userlist [list_utils.py:349] - len(lists) == 1: testy Floors Floor 1
2024-12-18 19:45:55,572 - application.list_utils - DEBUG - get_userlist [list_utils.py:368] - userlist.entries: [<UserListEntry 2>, <UserListEntry 3>, <UserListEntry 121>, <UserListEntry 256>, <UserListEntry 281>] List type: <class 'sqlalchemy.orm.collections.InstrumentedList'>
2024-12-18 19:45:55,572 - application.list_utils - DEBUG - get_userlist [list_utils.py:370] - List: testy Floors, Order: 4
2024-12-18 19:45:55,572 - application.list_utils - DEBUG - get_userlist [list_utils.py:370] - List: testy Floors, Order: 3
2024-12-18 19:45:55,572 - application.list_utils - DEBUG - get_userlist [list_utils.py:370] - List: testy Floors, Order: 2
2024-12-18 19:45:55,572 - application.list_utils - DEBUG - get_userlist [list_utils.py:370] - List: testy Floors, Order: 1
2024-12-18 19:45:55,573 - application.list_utils - DEBUG - get_userlist [list_utils.py:370] - List: testy Floors, Order: 0
2024-12-18 19:45:55,573 - application.rooms - DEBUG - get_room_list [rooms.py:42] - floor_list: <UserList 2> (type: <class 'application.database.models.UserList'>)
2024-12-18 19:45:55,573 - application.rooms - DEBUG - get_room_list [rooms.py:43] - floor_list entries count: 5
2024-12-18 19:45:55,573 - application.rooms - DEBUG - get_room_list [rooms.py:50] - floor list get floor_entry.id: 2
2024-12-18 19:45:55,574 - application.rooms - DEBUG - get_room_list [rooms.py:51] - floor list get floor_entry.get_item().name: Main Floor
2024-12-18 19:45:55,611 - application.rooms - DEBUG - get_room_list [rooms.py:56] - room_list: <UserList 3> (type: <class 'application.database.models.UserList'>) parent: Main Floor
2024-12-18 19:45:55,612 - application.rooms - DEBUG - get_room_list [rooms.py:50] - floor list get floor_entry.id: 3
2024-12-18 19:45:55,613 - application.rooms - DEBUG - get_room_list [rooms.py:51] - floor list get floor_entry.get_item().name: 2nd Floor
2024-12-18 19:45:55,615 - application.rooms - DEBUG - get_room_list [rooms.py:56] - room_list: <UserList 4> (type: <class 'application.database.models.UserList'>) parent: 2nd Floor
2024-12-18 19:45:55,615 - application.rooms - DEBUG - get_room_list [rooms.py:50] - floor list get floor_entry.id: 121
2024-12-18 19:45:55,616 - application.rooms - DEBUG - get_room_list [rooms.py:51] - floor list get floor_entry.get_item().name: 3rd Floor
2024-12-18 19:45:55,618 - application.rooms - DEBUG - get_room_list [rooms.py:56] - room_list: <UserList 39> (type: <class 'application.database.models.UserList'>) parent: 3rd Floor
2024-12-18 19:45:55,618 - application.rooms - DEBUG - get_room_list [rooms.py:50] - floor list get floor_entry.id: 256
2024-12-18 19:45:55,619 - application.rooms - DEBUG - get_room_list [rooms.py:51] - floor list get floor_entry.get_item().name: 4th Floor
2024-12-18 19:45:55,621 - application.rooms - DEBUG - get_room_list [rooms.py:56] - room_list: <UserList 76> (type: <class 'application.database.models.UserList'>) parent: 4th Floor
2024-12-18 19:45:55,621 - application.rooms - DEBUG - get_room_list [rooms.py:50] - floor list get floor_entry.id: 281
2024-12-18 19:45:55,621 - application.rooms - DEBUG - get_room_list [rooms.py:51] - floor list get floor_entry.get_item().name: 5th Floor
2024-12-18 19:45:55,623 - application.rooms - DEBUG - get_room_list [rooms.py:56] - room_list: <UserList 93> (type: <class 'application.database.models.UserList'>) parent: 5th Floor
2024-12-18 19:45:55,624 - application.list_utils - DEBUG - get_list_entries_for_item [list_utils.py:428] - found_entries for <Home 1>: [<UserListEntry 1>]
2024-12-18 19:45:55,625 - application.list_utils - DEBUG - get_list_entries_for_item [list_utils.py:436] - Entry: <UserListEntry 1>
2024-12-18 19:45:55,625 - application.list_utils - DEBUG - get_list_entries_for_item [list_utils.py:437] - Item Model: Home, Item ID: 1
2024-12-18 19:45:55,625 - application.list_utils - DEBUG - get_list_entries_for_item [list_utils.py:438] - User List ID: 1 User List Name: bob Homes
2024-12-18 19:45:55,625 - application.list_utils - DEBUG - get_list_entries_for_item [list_utils.py:439] - user: 1
2024-12-18 19:45:55,626 - application.rooms - DEBUG - get_room_list [rooms.py:57] - get_userlist(Room, current_user.active_home.name:testy current_user.active_home.active_floor.name:Main Floor Rooms, get_list_entries_for_item(current_user.active_home)[0].id:1
2024-12-18 19:45:55,627 - application.list_utils - DEBUG - get_list_entries_for_item [list_utils.py:428] - found_entries for <Floor 1>: [<UserListEntry 2>]
2024-12-18 19:45:55,627 - application.list_utils - DEBUG - get_list_entries_for_item [list_utils.py:436] - Entry: <UserListEntry 2>
2024-12-18 19:45:55,627 - application.list_utils - DEBUG - get_list_entries_for_item [list_utils.py:437] - Item Model: Floor, Item ID: 1
2024-12-18 19:45:55,627 - application.list_utils - DEBUG - get_list_entries_for_item [list_utils.py:438] - User List ID: 2 User List Name: testy Floors
2024-12-18 19:45:55,627 - application.list_utils - DEBUG - get_list_entries_for_item [list_utils.py:439] - user: 1
2024-12-18 19:45:55,628 - application.list_utils - DEBUG - get_userlist [list_utils.py:308] - get_userlist(): item_model: Room, list_name: None, parent_entry_id: 2
2024-12-18 19:45:55,631 - application.list_utils - DEBUG - get_userlist [list_utils.py:322] - lists found (model, parent): [<UserList 3>]
2024-12-18 19:45:55,631 - application.list_utils - DEBUG - get_userlist [list_utils.py:349] - len(lists) == 1: None Room 2
2024-12-18 19:45:55,631 - application.list_utils - DEBUG - get_userlist [list_utils.py:368] - userlist.entries: [<UserListEntry 21>, <UserListEntry 42>, <UserListEntry 52>, <UserListEntry 62>] List type: <class 'sqlalchemy.orm.collections.InstrumentedList'>
2024-12-18 19:45:55,631 - application.list_utils - DEBUG - get_userlist [list_utils.py:370] - List: testy Main Floor Rooms, Order: 292
2024-12-18 19:45:55,632 - application.list_utils - DEBUG - get_userlist [list_utils.py:370] - List: testy Main Floor Rooms, Order: 146
2024-12-18 19:45:55,632 - application.list_utils - DEBUG - get_userlist [list_utils.py:370] - List: testy Main Floor Rooms, Order: 0
2024-12-18 19:45:55,632 - application.list_utils - DEBUG - get_userlist [list_utils.py:370] - List: testy Main Floor Rooms, Order: 438
2024-12-18 19:45:55,632 - application.map - DEBUG - home_map [map.py:34] - floor_list MAP: <UserList 2>
2024-12-18 19:45:55,893 - application.list_utils - DEBUG - get_list_entries_for_item [list_utils.py:415] - input_string: <Home 1>, item_model: Home, item_id: 1
2024-12-18 19:45:55,894 - application.list_utils - DEBUG - get_list_entries_for_item [list_utils.py:428] - found_entries for <Floor 1>: [<UserListEntry 2>]
2024-12-18 19:45:55,897 - application.list_utils - DEBUG - get_list_entries_for_item [list_utils.py:436] - Entry: <UserListEntry 2>
2024-12-18 19:45:55,897 - application.list_utils - DEBUG - get_list_entries_for_item [list_utils.py:428] - found_entries for <Home 1>: [<UserListEntry 1>]
2024-12-18 19:45:55,897 - application.list_utils - DEBUG - get_list_entries_for_item [list_utils.py:437] - Item Model: Floor, Item ID: 1
2024-12-18 19:45:55,898 - application.list_utils - DEBUG - get_list_entries_for_item [list_utils.py:436] - Entry: <UserListEntry 1>
2024-12-18 19:45:55,898 - application.list_utils - DEBUG - get_list_entries_for_item [list_utils.py:438] - User List ID: 2 User List Name: testy Floors
2024-12-18 19:45:55,898 - application.list_utils - DEBUG - get_list_entries_for_item [list_utils.py:437] - Item Model: Home, Item ID: 1
2024-12-18 19:45:55,899 - application.list_utils - DEBUG - get_list_entries_for_item [list_utils.py:439] - user: 1
2024-12-18 19:45:55,899 - application.list_utils - DEBUG - get_list_entries_for_item [list_utils.py:438] - User List ID: 1 User List Name: bob Homes
2024-12-18 19:45:55,899 - application.list_utils - DEBUG - get_userlist [list_utils.py:308] - get_userlist(): item_model: Room, list_name: None, parent_entry_id: 2
2024-12-18 19:45:55,899 - application.list_utils - DEBUG - get_list_entries_for_item [list_utils.py:439] - user: 1
2024-12-18 19:45:55,902 - application.list_utils - DEBUG - get_top_userlists_by_root_parent [list_utils.py:279] - input root_parent_entry_id: 1 model: Task
2024-12-18 19:45:55,902 - application.list_utils - DEBUG - get_userlist [list_utils.py:322] - lists found (model, parent): [<UserList 3>]
2024-12-18 19:45:55,905 - application.list_utils - DEBUG - get_userlist [list_utils.py:349] - len(lists) == 1: None Room 2
2024-12-18 19:45:55,906 - application.list_utils - DEBUG - get_userlist [list_utils.py:368] - userlist.entries: [<UserListEntry 21>, <UserListEntry 42>, <UserListEntry 52>, <UserListEntry 62>] List type: <class 'sqlalchemy.orm.collections.InstrumentedList'>
2024-12-18 19:45:55,906 - application.list_utils - DEBUG - get_userlists_by_parent [list_utils.py:271] - get_userlists_by_parent: lists found (parent_entry_id)1: [<UserList 2>]
2024-12-18 19:45:55,906 - application.list_utils - DEBUG - get_userlist [list_utils.py:370] - List: testy Main Floor Rooms, Order: 292
2024-12-18 19:45:55,907 - application.list_utils - DEBUG - get_userlists_by_parent [list_utils.py:271] - get_userlists_by_parent: lists found (parent_entry_id)2: [<UserList 3>]
2024-12-18 19:45:55,908 - application.list_utils - DEBUG - get_userlist [list_utils.py:370] - List: testy Main Floor Rooms, Order: 146
2024-12-18 19:45:55,909 - application.list_utils - DEBUG - get_userlists_by_parent [list_utils.py:271] - get_userlists_by_parent: lists found (parent_entry_id)3: [<UserList 4>]
2024-12-18 19:45:55,910 - application.list_utils - DEBUG - get_userlist [list_utils.py:370] - List: testy Main Floor Rooms, Order: 0
2024-12-18 19:45:55,912 - application.list_utils - DEBUG - get_userlist [list_utils.py:370] - List: testy Main Floor Rooms, Order: 438
2024-12-18 19:45:55,913 - application.list_utils - DEBUG - get_userlists_by_parent [list_utils.py:271] - get_userlists_by_parent: lists found (parent_entry_id)121: [<UserList 39>]
2024-12-18 19:45:55,914 - application.list_utils - DEBUG - get_userlists_by_parent [list_utils.py:271] - get_userlists_by_parent: lists found (parent_entry_id)21: [<UserList 6>, <UserList 10>]
2024-12-18 19:45:55,915 - application.list_utils - DEBUG - get_userlists_by_parent [list_utils.py:271] - get_userlists_by_parent: lists found (parent_entry_id)256: [<UserList 76>]
2024-12-18 19:45:55,917 - application.list_utils - DEBUG - get_userlists_by_parent [list_utils.py:271] - get_userlists_by_parent: lists found (parent_entry_id)42: [<UserList 15>, <UserList 17>]
2024-12-18 19:45:55,918 - application.list_utils - DEBUG - get_userlists_by_parent [list_utils.py:271] - get_userlists_by_parent: lists found (parent_entry_id)281: [<UserList 93>]
2024-12-18 19:45:55,919 - application.list_utils - DEBUG - get_userlists_by_parent [list_utils.py:271] - get_userlists_by_parent: lists found (parent_entry_id)52: [<UserList 18>, <UserList 20>]
2024-12-18 19:45:55,920 - application.list_utils - DEBUG - get_userlists_by_parent [list_utils.py:271] - get_userlists_by_parent: lists found (parent_entry_id)21: [<UserList 6>, <UserList 10>]
2024-12-18 19:45:55,921 - application.list_utils - DEBUG - get_userlists_by_parent [list_utils.py:271] - get_userlists_by_parent: lists found (parent_entry_id)62: [<UserList 21>, <UserList 23>]
2024-12-18 19:45:55,922 - application.list_utils - DEBUG - get_userlists_by_parent [list_utils.py:271] - get_userlists_by_parent: lists found (parent_entry_id)42: [<UserList 15>, <UserList 17>]
2024-12-18 19:45:55,923 - application.list_utils - DEBUG - get_userlists_by_parent [list_utils.py:271] - get_userlists_by_parent: lists found (parent_entry_id)52: [<UserList 18>, <UserList 20>]
2024-12-18 19:45:55,942 - application.list_utils - DEBUG - get_userlists_by_parent [list_utils.py:271] - get_userlists_by_parent: lists found (parent_entry_id)62: [<UserList 21>, <UserList 23>]
2024-12-18 19:45:55,957 - application.list_utils - DEBUG - get_userlists_by_parent [list_utils.py:271] - get_userlists_by_parent: lists found (parent_entry_id)23: [<UserList 8>, <UserList 11>]
2024-12-18 19:45:55,961 - application.list_utils - DEBUG - get_userlists_by_parent [list_utils.py:271] - get_userlists_by_parent: lists found (parent_entry_id)31: [<UserList 12>, <UserList 14>]
2024-12-18 19:45:55,967 - application.list_utils - DEBUG - get_userlists_by_parent [list_utils.py:271] - get_userlists_by_parent: lists found (parent_entry_id)69: [<UserList 24>, <UserList 26>]
2024-12-18 19:45:55,993 - application.list_utils - DEBUG - get_userlists_by_parent [list_utils.py:271] - get_userlists_by_parent: lists found (parent_entry_id)81: [<UserList 27>, <UserList 29>]
2024-12-18 19:45:55,995 - application.list_utils - DEBUG - get_userlists_by_parent [list_utils.py:271] - get_userlists_by_parent: lists found (parent_entry_id)93: [<UserList 30>, <UserList 32>]
2024-12-18 19:45:56,008 - application.list_utils - DEBUG - get_userlists_by_parent [list_utils.py:271] - get_userlists_by_parent: lists found (parent_entry_id)100: [<UserList 33>, <UserList 35>]
2024-12-18 19:45:56,021 - application.list_utils - DEBUG - get_userlists_by_parent [list_utils.py:271] - get_userlists_by_parent: lists found (parent_entry_id)110: [<UserList 36>, <UserList 38>]
2024-12-18 19:45:56,022 - application.list_utils - DEBUG - get_userlists_by_parent [list_utils.py:271] - get_userlists_by_parent: lists found (parent_entry_id)123: [<UserList 40>, <UserList 42>]
2024-12-18 19:45:56,029 - application.list_utils - DEBUG - get_userlists_by_parent [list_utils.py:271] - get_userlists_by_parent: lists found (parent_entry_id)133: [<UserList 43>, <UserList 45>]
2024-12-18 19:45:56,032 - application.list_utils - DEBUG - get_userlists_by_parent [list_utils.py:271] - get_userlists_by_parent: lists found (parent_entry_id)145: [<UserList 46>, <UserList 48>]
2024-12-18 19:45:56,035 - application.list_utils - DEBUG - get_userlists_by_parent [list_utils.py:271] - get_userlists_by_parent: lists found (parent_entry_id)155: [<UserList 49>, <UserList 51>]
2024-12-18 19:45:56,037 - application.list_utils - DEBUG - get_userlists_by_parent [list_utils.py:271] - get_userlists_by_parent: lists found (parent_entry_id)165: [<UserList 52>, <UserList 54>]
2024-12-18 19:45:56,039 - application.list_utils - DEBUG - get_userlists_by_parent [list_utils.py:271] - get_userlists_by_parent: lists found (parent_entry_id)175: [<UserList 55>, <UserList 57>]
2024-12-18 19:45:56,040 - application.list_utils - DEBUG - get_userlists_by_parent [list_utils.py:271] - get_userlists_by_parent: lists found (parent_entry_id)187: [<UserList 58>, <UserList 60>]
2024-12-18 19:45:56,045 - application.list_utils - DEBUG - get_userlists_by_parent [list_utils.py:271] - get_userlists_by_parent: lists found (parent_entry_id)199: [<UserList 61>, <UserList 63>]
2024-12-18 19:45:56,047 - application.list_utils - DEBUG - get_userlists_by_parent [list_utils.py:271] - get_userlists_by_parent: lists found (parent_entry_id)211: [<UserList 64>, <UserList 66>]
2024-12-18 19:45:56,048 - application.list_utils - DEBUG - get_userlists_by_parent [list_utils.py:271] - get_userlists_by_parent: lists found (parent_entry_id)221: [<UserList 67>, <UserList 69>]
2024-12-18 19:45:56,049 - application.list_utils - DEBUG - get_userlists_by_parent [list_utils.py:271] - get_userlists_by_parent: lists found (parent_entry_id)233: [<UserList 70>, <UserList 72>]
2024-12-18 19:45:56,051 - application.list_utils - DEBUG - get_userlists_by_parent [list_utils.py:271] - get_userlists_by_parent: lists found (parent_entry_id)245: [<UserList 73>, <UserList 75>]
2024-12-18 19:45:56,052 - application.list_utils - DEBUG - get_userlists_by_parent [list_utils.py:271] - get_userlists_by_parent: lists found (parent_entry_id)258: [<UserList 77>, <UserList 80>]
2024-12-18 19:45:56,053 - application.list_utils - DEBUG - get_userlists_by_parent [list_utils.py:271] - get_userlists_by_parent: lists found (parent_entry_id)270: [<UserList 81>]
2024-12-18 19:45:56,054 - application.list_utils - DEBUG - get_userlists_by_parent [list_utils.py:271] - get_userlists_by_parent: lists found (parent_entry_id)272: [<UserList 83>, <UserList 100>]
2024-12-18 19:45:56,054 - application.list_utils - DEBUG - get_userlists_by_parent [list_utils.py:271] - get_userlists_by_parent: lists found (parent_entry_id)276: [<UserList 87>]
2024-12-18 19:45:56,055 - application.list_utils - DEBUG - get_userlists_by_parent [list_utils.py:271] - get_userlists_by_parent: lists found (parent_entry_id)283: [<UserList 94>, <UserList 101>]
2024-12-18 19:45:56,056 - application.list_utils - DEBUG - get_userlists_by_parent [list_utils.py:271] - get_userlists_by_parent: lists found (parent_entry_id)285: [<UserList 96>]
2024-12-18 19:45:56,057 - application.list_utils - DEBUG - get_top_userlists_by_root_parent [list_utils.py:292] - get_top_userlists_by_root_parent: lists found (parent_entry_id)1: [<UserList 10>, <UserList 17>, <UserList 20>, <UserList 23>, <UserList 11>, <UserList 14>, <UserList 26>, <UserList 29>, <UserList 32>, <UserList 35>, <UserList 38>, <UserList 42>, <UserList 45>, <UserList 48>, <UserList 51>, <UserList 54>, <UserList 57>, <UserList 60>, <UserList 63>, <UserList 66>, <UserList 69>, <UserList 72>, <UserList 75>, <UserList 80>, <UserList 100>, <UserList 101>]
2024-12-18 19:45:56,058 - application.list_utils - DEBUG - get_userlists_by_parent [list_utils.py:273] - get_userlists_by_parent: No lists found for parent_entry_id 43
2024-12-18 19:45:56,059 - application.list_utils - DEBUG - get_userlists_by_parent [list_utils.py:273] - get_userlists_by_parent: No lists found for parent_entry_id 54
2024-12-18 19:45:56,060 - application.list_utils - DEBUG - get_userlists_by_parent [list_utils.py:273] - get_userlists_by_parent: No lists found for parent_entry_id 55
2024-12-18 19:45:56,061 - application.list_utils - DEBUG - get_userlists_by_parent [list_utils.py:271] - get_userlists_by_parent: lists found (parent_entry_id)56: [<UserList 103>]
2024-12-18 19:45:56,062 - application.list_utils - DEBUG - get_userlists_by_parent [list_utils.py:271] - get_userlists_by_parent: lists found (parent_entry_id)314: [<UserList 104>]
2024-12-18 19:45:56,063 - application.list_utils - DEBUG - get_userlists_by_parent [list_utils.py:273] - get_userlists_by_parent: No lists found for parent_entry_id 315
2024-12-18 19:45:56,064 - application.list_utils - DEBUG - get_userlists_by_parent [list_utils.py:273] - get_userlists_by_parent: No lists found for parent_entry_id 45
2024-12-18 19:45:56,065 - application.list_utils - DEBUG - get_userlists_by_parent [list_utils.py:273] - get_userlists_by_parent: No lists found for parent_entry_id 46
2024-12-18 19:45:56,065 - application.list_utils - DEBUG - get_userlists_by_parent [list_utils.py:273] - get_userlists_by_parent: No lists found for parent_entry_id 53
2024-12-18 19:45:56,066 - application.list_utils - DEBUG - get_userlists_by_parent [list_utils.py:273] - get_userlists_by_parent: No lists found for parent_entry_id 63
2024-12-18 19:45:56,067 - application.list_utils - DEBUG - get_userlists_by_parent [list_utils.py:273] - get_userlists_by_parent: No lists found for parent_entry_id 64
2024-12-18 19:45:56,068 - application.list_utils - DEBUG - get_userlists_by_parent [list_utils.py:273] - get_userlists_by_parent: No lists found for parent_entry_id 65
2024-12-18 19:45:56,069 - application.list_utils - DEBUG - get_userlists_by_parent [list_utils.py:273] - get_userlists_by_parent: No lists found for parent_entry_id 66
2024-12-18 19:45:56,069 - application.list_utils - DEBUG - get_userlists_by_parent [list_utils.py:273] - get_userlists_by_parent: No lists found for parent_entry_id 24
2024-12-18 19:45:56,070 - application.list_utils - DEBUG - get_userlists_by_parent [list_utils.py:273] - get_userlists_by_parent: No lists found for parent_entry_id 25
2024-12-18 19:45:56,071 - application.list_utils - DEBUG - get_userlists_by_parent [list_utils.py:273] - get_userlists_by_parent: No lists found for parent_entry_id 26
2024-12-18 19:45:56,071 - application.list_utils - DEBUG - get_userlists_by_parent [list_utils.py:273] - get_userlists_by_parent: No lists found for parent_entry_id 32
2024-12-18 19:45:56,072 - application.list_utils - DEBUG - get_userlists_by_parent [list_utils.py:273] - get_userlists_by_parent: No lists found for parent_entry_id 33
2024-12-18 19:45:56,073 - application.list_utils - DEBUG - get_userlists_by_parent [list_utils.py:273] - get_userlists_by_parent: No lists found for parent_entry_id 34
2024-12-18 19:45:56,073 - application.list_utils - DEBUG - get_userlists_by_parent [list_utils.py:273] - get_userlists_by_parent: No lists found for parent_entry_id 35
2024-12-18 19:45:56,074 - application.list_utils - DEBUG - get_userlists_by_parent [list_utils.py:273] - get_userlists_by_parent: No lists found for parent_entry_id 36
2024-12-18 19:45:56,076 - application.list_utils - DEBUG - get_userlists_by_parent [list_utils.py:273] - get_userlists_by_parent: No lists found for parent_entry_id 70
2024-12-18 19:45:56,079 - application.list_utils - DEBUG - get_userlists_by_parent [list_utils.py:273] - get_userlists_by_parent: No lists found for parent_entry_id 71
2024-12-18 19:45:56,081 - application.list_utils - DEBUG - get_userlists_by_parent [list_utils.py:273] - get_userlists_by_parent: No lists found for parent_entry_id 72
2024-12-18 19:45:56,082 - application.list_utils - DEBUG - get_userlists_by_parent [list_utils.py:273] - get_userlists_by_parent: No lists found for parent_entry_id 73
2024-12-18 19:45:56,084 - application.list_utils - DEBUG - get_userlists_by_parent [list_utils.py:273] - get_userlists_by_parent: No lists found for parent_entry_id 74
2024-12-18 19:45:56,085 - application.list_utils - DEBUG - get_userlists_by_parent [list_utils.py:273] - get_userlists_by_parent: No lists found for parent_entry_id 82
2024-12-18 19:45:56,087 - application.list_utils - DEBUG - get_userlists_by_parent [list_utils.py:273] - get_userlists_by_parent: No lists found for parent_entry_id 83
2024-12-18 19:45:56,093 - application.list_utils - DEBUG - get_userlists_by_parent [list_utils.py:273] - get_userlists_by_parent: No lists found for parent_entry_id 84
2024-12-18 19:45:56,097 - application.list_utils - DEBUG - get_userlists_by_parent [list_utils.py:273] - get_userlists_by_parent: No lists found for parent_entry_id 85
2024-12-18 19:45:56,105 - application.list_utils - DEBUG - get_userlists_by_parent [list_utils.py:273] - get_userlists_by_parent: No lists found for parent_entry_id 86
2024-12-18 19:45:56,107 - application.list_utils - DEBUG - get_list_entries_for_item [list_utils.py:428] - found_entries for <Photo 5>: [<UserListEntry 51>]
2024-12-18 19:45:56,110 - application.list_utils - DEBUG - get_list_entries_for_item [list_utils.py:428] - found_entries for <Photo 39>: [<UserListEntry 305>]
2024-12-18 19:45:56,110 - application.list_utils - DEBUG - get_userlists_by_parent [list_utils.py:273] - get_userlists_by_parent: No lists found for parent_entry_id 94
2024-12-18 19:45:56,110 - application.list_utils - DEBUG - get_list_entries_for_item [list_utils.py:428] - found_entries for <Photo 1>: [<UserListEntry 20>]
2024-12-18 19:45:56,112 - application.list_utils - DEBUG - get_list_entries_for_item [list_utils.py:436] - Entry: <UserListEntry 51>
2024-12-18 19:45:56,113 - application.list_utils - DEBUG - get_list_entries_for_item [list_utils.py:428] - found_entries for <Photo 6>: [<UserListEntry 61>]
2024-12-18 19:45:56,113 - application.list_utils - DEBUG - get_list_entries_for_item [list_utils.py:436] - Entry: <UserListEntry 305>
2024-12-18 19:45:56,114 - application.list_utils - DEBUG - get_userlists_by_parent [list_utils.py:273] - get_userlists_by_parent: No lists found for parent_entry_id 95
2024-12-18 19:45:56,114 - application.list_utils - DEBUG - get_list_entries_for_item [list_utils.py:436] - Entry: <UserListEntry 20>
2024-12-18 19:45:56,115 - application.list_utils - DEBUG - get_list_entries_for_item [list_utils.py:437] - Item Model: Photo, Item ID: 5
2024-12-18 19:45:56,115 - application.list_utils - DEBUG - get_list_entries_for_item [list_utils.py:436] - Entry: <UserListEntry 61>
2024-12-18 19:45:56,115 - application.list_utils - DEBUG - get_list_entries_for_item [list_utils.py:437] - Item Model: Photo, Item ID: 39
2024-12-18 19:45:56,116 - application.list_utils - DEBUG - get_userlists_by_parent [list_utils.py:273] - get_userlists_by_parent: No lists found for parent_entry_id 96
2024-12-18 19:45:56,116 - application.list_utils - DEBUG - get_list_entries_for_item [list_utils.py:437] - Item Model: Photo, Item ID: 1
2024-12-18 19:45:56,117 - application.list_utils - DEBUG - get_list_entries_for_item [list_utils.py:438] - User List ID: 18 User List Name: Bathroom 1 Photos
2024-12-18 19:45:56,117 - application.list_utils - DEBUG - get_list_entries_for_item [list_utils.py:437] - Item Model: Photo, Item ID: 6
2024-12-18 19:45:56,117 - application.list_utils - DEBUG - get_list_entries_for_item [list_utils.py:438] - User List ID: 15 User List Name: Kitchen 1 Photos
2024-12-18 19:45:56,118 - application.list_utils - DEBUG - get_userlists_by_parent [list_utils.py:273] - get_userlists_by_parent: No lists found for parent_entry_id 97
2024-12-18 19:45:56,118 - application.list_utils - DEBUG - get_list_entries_for_item [list_utils.py:438] - User List ID: 6 User List Name: Bedroom 1 Photos
2024-12-18 19:45:56,119 - application.list_utils - DEBUG - get_list_entries_for_item [list_utils.py:439] - user: 1
2024-12-18 19:45:56,119 - application.list_utils - DEBUG - get_list_entries_for_item [list_utils.py:438] - User List ID: 21 User List Name: Dining Room 1 Photos
2024-12-18 19:45:56,119 - application.list_utils - DEBUG - get_list_entries_for_item [list_utils.py:439] - user: 1
2024-12-18 19:45:56,120 - application.list_utils - DEBUG - get_userlists_by_parent [list_utils.py:273] - get_userlists_by_parent: No lists found for parent_entry_id 98
2024-12-18 19:45:56,120 - application.list_utils - DEBUG - get_list_entries_for_item [list_utils.py:439] - user: 1
2024-12-18 19:45:56,120 - application.list_utils - DEBUG - get_list_entries_for_item [list_utils.py:439] - user: 1
2024-12-18 19:45:56,132 - application.list_utils - DEBUG - get_userlists_by_parent [list_utils.py:273] - get_userlists_by_parent: No lists found for parent_entry_id 101
2024-12-18 19:45:56,206 - application.list_utils - DEBUG - get_userlists_by_parent [list_utils.py:273] - get_userlists_by_parent: No lists found for parent_entry_id 102
2024-12-18 19:45:56,223 - application.list_utils - DEBUG - get_userlists_by_parent [list_utils.py:273] - get_userlists_by_parent: No lists found for parent_entry_id 103
2024-12-18 19:45:56,229 - application.list_utils - DEBUG - get_userlists_by_parent [list_utils.py:273] - get_userlists_by_parent: No lists found for parent_entry_id 104
2024-12-18 19:45:56,231 - application.list_utils - DEBUG - get_userlists_by_parent [list_utils.py:273] - get_userlists_by_parent: No lists found for parent_entry_id 111
2024-12-18 19:45:56,234 - application.list_utils - DEBUG - get_userlists_by_parent [list_utils.py:273] - get_userlists_by_parent: No lists found for parent_entry_id 112
2024-12-18 19:45:56,237 - application.list_utils - DEBUG - get_userlists_by_parent [list_utils.py:273] - get_userlists_by_parent: No lists found for parent_entry_id 113
2024-12-18 19:45:56,245 - application.list_utils - DEBUG - get_userlists_by_parent [list_utils.py:273] - get_userlists_by_parent: No lists found for parent_entry_id 114
2024-12-18 19:45:56,248 - application.list_utils - DEBUG - get_userlists_by_parent [list_utils.py:273] - get_userlists_by_parent: No lists found for parent_entry_id 115
2024-12-18 19:45:56,255 - application.list_utils - DEBUG - get_userlists_by_parent [list_utils.py:273] - get_userlists_by_parent: No lists found for parent_entry_id 124
2024-12-18 19:45:56,257 - application.list_utils - DEBUG - get_userlists_by_parent [list_utils.py:273] - get_userlists_by_parent: No lists found for parent_entry_id 125
2024-12-18 19:45:56,260 - application.list_utils - DEBUG - get_userlists_by_parent [list_utils.py:273] - get_userlists_by_parent: No lists found for parent_entry_id 126
2024-12-18 19:45:56,263 - application.list_utils - DEBUG - get_userlists_by_parent [list_utils.py:273] - get_userlists_by_parent: No lists found for parent_entry_id 127
2024-12-18 19:45:56,269 - application.list_utils - DEBUG - get_userlists_by_parent [list_utils.py:273] - get_userlists_by_parent: No lists found for parent_entry_id 134
2024-12-18 19:45:56,269 - application.upload - DEBUG - uploaded_file [upload.py:97] - files in /Users/kyle/Documents/Repos/cs50/cs50x-final/media/uploads: ['1_1732676059_image.jpg', '2_1729876600_IMG_7979.jpeg', '3_1729880451_Screen_Shot_2024-10-15_at_8.49.55_PM.png', '2_1729793180_IMG_7939.jpeg', '2_1729876732_image.jpg', 'IMG_7540_3.jpeg', '1_1734385972_image.jpg', 'Screen_Shot_2024-06-17_at_9.19.26_PM_1.png', '1_1732593853_image.jpg', '1_1732676397_image.jpg', '3_1729880474_Screen_Shot_2024-06-17_at_9.19.26_PM.png', '3_1729880474_Screen_Shot_2023-05-13_at_4.10.32_PM.png', '2_1729793457_IMG_7927.jpeg', '.DS_Store', '1_1734387080_image.jpg', '2_1729878736_IMG_6398.jpeg', '2_1729793259_IMG_7971.jpeg', 'IMG_7540_2.jpeg', '3_1729880431_Screen_Shot_2024-10-15_at_8.49.55_PM.png', '2_1729788694_IMG_7978.jpeg', '2_1729793180_IMG_7938.jpeg', '1_1732676358_image.jpg', '2_1729806527_IMG_7971.jpeg', '3_1729880431_Screen_Shot_2024-06-17_at_9.19.26_PM.png', '2_1729878723_IMG_7979.jpeg', '1_1732313937_image.jpg', '1_1732571764_image.jpg', '1_1732308837_image.jpg', '1_1734387020_image.jpg', '2_1729806527_IMG_7940.png', '2_1729790952_IMG_7939.jpeg', '2_1729793457_IMG_7920.jpeg', '1_1734487460_image.jpg', '1_1732676382_image.jpg', '2_1729806423_IMG_7926.jpeg', 'IMG_7540_5.jpeg', '2_1729806390_image.jpg', '1_1732313904_image.jpg', '3_1729880431_Screen_Shot_2024-09-16_at_4.22.17_PM.png', '2_1729790270_image.jpg', '2_1729788660_IMG_7972.jpeg', '2_1729789401_IMG_7978.jpeg', 'IMG_7540_4.jpeg', '2_1729787915_image.jpg', '2_1729806527_IMG_7936.jpeg', '1_1732676354_image.jpg', '2_1729793457_IMG_7917.jpeg', '1_1732571776_image.jpg', '1_1732676066_image.jpg', '2_1729790297_IMG_7939.jpeg', '1_1732308852_image.jpg', '1_1734387117_image.jpg', '3_1729880474_Screen_Shot_2024-09-16_at_4.22.17_PM.png', '2_1729790967_image.jpg', 'image_2.jpg', '2_1729790846_IMG_7897.jpeg', '2_1729806527_IMG_7975.png', '1_1734389779_image.jpg', '1_1734387023_image.jpg', '2_1729787672_image.jpg', '2_1729806527_IMG_7974.png', '2_1729878723_IMG_7982.jpeg', '2_1729806527_IMG_7939.jpeg', 'image_3.jpg', '2_1729806500_image.jpg', 'image_1.jpg', '2_1729806527_IMG_7976.png', '1_1734371648_image.jpg', '2_1729876600_IMG_7984.jpeg', '2_1729806527_IMG_7977.png', '2_1729806527_IMG_7935.jpeg', '2_1729790259_image.jpg', '2_1729876586_image.jpg', '3_1729880431_Screen_Shot_2024-09-16_at_4.22.10_PM.png', '2_1729790568_IMG_7928.jpeg', 'image_4.jpg', '2_1729806527_IMG_7934.jpeg', '2_1729806527_IMG_7973.png', '1_1732571789_image.jpg', 'Screen_Shot_2024-06-17_at_9.19.26_PM.png', 'IMG_7540_6.jpeg', 'image_5.jpg', '1_1734385976_image.jpg', '2_1729789538_image.jpg', '2_1729789387_image.jpg', '1_1734389804_image.jpg', '2_1729806527_IMG_7938.jpeg', '1_1732676387_image.jpg', '2_1729790282_image.jpg', '2_1729806423_IMG_7913.jpeg', 'IMG_7540.jpeg', '2_1729793259_IMG_7973.png', 'IMG_7540_1.jpeg', '2_1729876600_IMG_7982.jpeg', '2_1729806527_IMG_7933.jpeg', '2_1729806527_IMG_7972.jpeg', '2_1729877408_image.jpg', '2_1729806423_IMG_7919.png', '3_1729880431_IMG_7540.jpeg', '2_1729788645_IMG_7977.png', '2_1729878714_image.jpg', '2_1729878744_image.jpg', '2_1729793180_IMG_7936.jpeg', '3_1729880451_IMG_7540.jpeg', '2_1729793259_IMG_7976.png', '1_1732676392_image.jpg', 'image.jpg', '1_1732636778_image.jpg', '1_1734371564_image.jpg', '2_1729876600_IMG_7983.jpeg', '2_1729793162_image.jpg', '1_1732636784_image.jpg']
2024-12-18 19:45:56,271 - application.list_utils - DEBUG - get_userlists_by_parent [list_utils.py:273] - get_userlists_by_parent: No lists found for parent_entry_id 135
2024-12-18 19:45:56,273 - application.list_utils - DEBUG - get_userlists_by_parent [list_utils.py:273] - get_userlists_by_parent: No lists found for parent_entry_id 136
2024-12-18 19:45:56,274 - application.list_utils - DEBUG - get_userlists_by_parent [list_utils.py:273] - get_userlists_by_parent: No lists found for parent_entry_id 137
2024-12-18 19:45:56,278 - application.list_utils - DEBUG - get_userlists_by_parent [list_utils.py:273] - get_userlists_by_parent: No lists found for parent_entry_id 138
2024-12-18 19:45:56,279 - application.list_utils - DEBUG - get_userlists_by_parent [list_utils.py:273] - get_userlists_by_parent: No lists found for parent_entry_id 146
2024-12-18 19:45:56,281 - application.list_utils - DEBUG - get_userlists_by_parent [list_utils.py:273] - get_userlists_by_parent: No lists found for parent_entry_id 147
2024-12-18 19:45:56,282 - application.list_utils - DEBUG - get_userlists_by_parent [list_utils.py:273] - get_userlists_by_parent: No lists found for parent_entry_id 148
2024-12-18 19:45:56,284 - application.list_utils - DEBUG - get_userlists_by_parent [list_utils.py:273] - get_userlists_by_parent: No lists found for parent_entry_id 149
2024-12-18 19:45:56,286 - application.list_utils - DEBUG - get_userlists_by_parent [list_utils.py:273] - get_userlists_by_parent: No lists found for parent_entry_id 156
2024-12-18 19:45:56,287 - application.list_utils - DEBUG - get_userlists_by_parent [list_utils.py:273] - get_userlists_by_parent: No lists found for parent_entry_id 157
2024-12-18 19:45:56,288 - application.list_utils - DEBUG - get_userlists_by_parent [list_utils.py:273] - get_userlists_by_parent: No lists found for parent_entry_id 158
2024-12-18 19:45:56,288 - application.list_utils - DEBUG - get_userlists_by_parent [list_utils.py:273] - get_userlists_by_parent: No lists found for parent_entry_id 159
2024-12-18 19:45:56,289 - application.list_utils - DEBUG - get_userlists_by_parent [list_utils.py:273] - get_userlists_by_parent: No lists found for parent_entry_id 166
2024-12-18 19:45:56,290 - application.list_utils - DEBUG - get_userlists_by_parent [list_utils.py:273] - get_userlists_by_parent: No lists found for parent_entry_id 167
2024-12-18 19:45:56,291 - application.list_utils - DEBUG - get_userlists_by_parent [list_utils.py:273] - get_userlists_by_parent: No lists found for parent_entry_id 168
2024-12-18 19:45:56,293 - application.list_utils - DEBUG - get_userlists_by_parent [list_utils.py:273] - get_userlists_by_parent: No lists found for parent_entry_id 169
2024-12-18 19:45:56,294 - application.list_utils - DEBUG - get_userlists_by_parent [list_utils.py:273] - get_userlists_by_parent: No lists found for parent_entry_id 176
2024-12-18 19:45:56,296 - application.list_utils - DEBUG - get_userlists_by_parent [list_utils.py:273] - get_userlists_by_parent: No lists found for parent_entry_id 177
2024-12-18 19:45:56,297 - application.list_utils - DEBUG - get_userlists_by_parent [list_utils.py:273] - get_userlists_by_parent: No lists found for parent_entry_id 178
2024-12-18 19:45:56,298 - application.list_utils - DEBUG - get_userlists_by_parent [list_utils.py:273] - get_userlists_by_parent: No lists found for parent_entry_id 179
2024-12-18 19:45:56,299 - application.list_utils - DEBUG - get_userlists_by_parent [list_utils.py:273] - get_userlists_by_parent: No lists found for parent_entry_id 180
2024-12-18 19:45:56,301 - application.list_utils - DEBUG - get_userlists_by_parent [list_utils.py:273] - get_userlists_by_parent: No lists found for parent_entry_id 188
2024-12-18 19:45:56,303 - application.list_utils - DEBUG - get_userlists_by_parent [list_utils.py:273] - get_userlists_by_parent: No lists found for parent_entry_id 189
2024-12-18 19:45:56,304 - application.list_utils - DEBUG - get_userlists_by_parent [list_utils.py:273] - get_userlists_by_parent: No lists found for parent_entry_id 190
2024-12-18 19:45:56,305 - application.list_utils - DEBUG - get_userlists_by_parent [list_utils.py:273] - get_userlists_by_parent: No lists found for parent_entry_id 191
2024-12-18 19:45:56,306 - application.list_utils - DEBUG - get_userlists_by_parent [list_utils.py:273] - get_userlists_by_parent: No lists found for parent_entry_id 192
2024-12-18 19:45:56,307 - application.list_utils - DEBUG - get_userlists_by_parent [list_utils.py:273] - get_userlists_by_parent: No lists found for parent_entry_id 200
2024-12-18 19:45:56,312 - application.list_utils - DEBUG - get_userlists_by_parent [list_utils.py:273] - get_userlists_by_parent: No lists found for parent_entry_id 201
2024-12-18 19:45:56,315 - application.list_utils - DEBUG - get_userlists_by_parent [list_utils.py:273] - get_userlists_by_parent: No lists found for parent_entry_id 202
2024-12-18 19:45:56,320 - application.list_utils - DEBUG - get_userlists_by_parent [list_utils.py:273] - get_userlists_by_parent: No lists found for parent_entry_id 203
2024-12-18 19:45:56,334 - application.list_utils - DEBUG - get_userlists_by_parent [list_utils.py:273] - get_userlists_by_parent: No lists found for parent_entry_id 67
2024-12-18 19:45:56,335 - application.list_utils - DEBUG - get_userlists_by_parent [list_utils.py:273] - get_userlists_by_parent: No lists found for parent_entry_id 204
2024-12-18 19:45:56,335 - application.list_utils - DEBUG - get_userlists_by_parent [list_utils.py:273] - get_userlists_by_parent: No lists found for parent_entry_id 308
2024-12-18 19:45:56,337 - application.list_utils - DEBUG - get_userlists_by_parent [list_utils.py:273] - get_userlists_by_parent: No lists found for parent_entry_id 212
2024-12-18 19:45:56,338 - application.list_utils - DEBUG - get_userlists_by_parent [list_utils.py:273] - get_userlists_by_parent: No lists found for parent_entry_id 309
2024-12-18 19:45:56,341 - application.list_utils - DEBUG - get_userlists_by_parent [list_utils.py:273] - get_userlists_by_parent: No lists found for parent_entry_id 313
2024-12-18 19:45:56,344 - application.list_utils - DEBUG - get_userlists_by_parent [list_utils.py:273] - get_userlists_by_parent: No lists found for parent_entry_id 213
2024-12-18 19:45:56,390 - application.list_utils - DEBUG - get_userlists_by_parent [list_utils.py:273] - get_userlists_by_parent: No lists found for parent_entry_id 214
2024-12-18 19:45:56,397 - application.list_utils - DEBUG - get_userlists_by_parent [list_utils.py:273] - get_userlists_by_parent: No lists found for parent_entry_id 57
2024-12-18 19:45:56,399 - application.list_utils - DEBUG - get_userlists_by_parent [list_utils.py:273] - get_userlists_by_parent: No lists found for parent_entry_id 58
2024-12-18 19:45:56,402 - application.list_utils - DEBUG - get_userlists_by_parent [list_utils.py:273] - get_userlists_by_parent: No lists found for parent_entry_id 215
2024-12-18 19:45:56,405 - application.list_utils - DEBUG - get_userlists_by_parent [list_utils.py:273] - get_userlists_by_parent: No lists found for parent_entry_id 59
2024-12-18 19:45:56,408 - application.list_utils - DEBUG - get_userlists_by_parent [list_utils.py:273] - get_userlists_by_parent: No lists found for parent_entry_id 222
2024-12-18 19:45:56,410 - application.list_utils - DEBUG - get_userlists_by_parent [list_utils.py:273] - get_userlists_by_parent: No lists found for parent_entry_id 60
2024-12-18 19:45:56,414 - application.list_utils - DEBUG - get_userlists_by_parent [list_utils.py:273] - get_userlists_by_parent: No lists found for parent_entry_id 223
2024-12-18 19:45:56,420 - application.list_utils - DEBUG - get_userlists_by_parent [list_utils.py:273] - get_userlists_by_parent: No lists found for parent_entry_id 224
2024-12-18 19:45:56,421 - application.list_utils - DEBUG - get_userlists_by_parent [list_utils.py:273] - get_userlists_by_parent: No lists found for parent_entry_id 310
2024-12-18 19:45:56,424 - application.list_utils - DEBUG - get_userlists_by_parent [list_utils.py:273] - get_userlists_by_parent: No lists found for parent_entry_id 225
2024-12-18 19:45:56,428 - application.list_utils - DEBUG - get_userlists_by_parent [list_utils.py:273] - get_userlists_by_parent: No lists found for parent_entry_id 311
2024-12-18 19:45:56,431 - application.list_utils - DEBUG - get_userlists_by_parent [list_utils.py:273] - get_userlists_by_parent: No lists found for parent_entry_id 226
2024-12-18 19:45:56,433 - application.list_utils - DEBUG - get_userlists_by_parent [list_utils.py:273] - get_userlists_by_parent: No lists found for parent_entry_id 312
2024-12-18 19:45:56,435 - application.list_utils - DEBUG - get_userlists_by_parent [list_utils.py:273] - get_userlists_by_parent: No lists found for parent_entry_id 234
2024-12-18 19:45:56,437 - application.list_utils - DEBUG - get_userlists_by_parent [list_utils.py:273] - get_userlists_by_parent: No lists found for parent_entry_id 316
2024-12-18 19:45:56,439 - application.list_utils - DEBUG - get_userlists_by_parent [list_utils.py:273] - get_userlists_by_parent: No lists found for parent_entry_id 235
2024-12-18 19:45:56,441 - application.list_utils - DEBUG - get_userlists_by_parent [list_utils.py:273] - get_userlists_by_parent: No lists found for parent_entry_id 317
2024-12-18 19:45:56,447 - application.list_utils - DEBUG - get_userlists_by_parent [list_utils.py:273] - get_userlists_by_parent: No lists found for parent_entry_id 236
2024-12-18 19:45:56,450 - application.list_utils - DEBUG - get_userlists_by_parent [list_utils.py:273] - get_userlists_by_parent: No lists found for parent_entry_id 318
2024-12-18 19:45:56,452 - application.list_utils - DEBUG - get_userlists_by_parent [list_utils.py:273] - get_userlists_by_parent: No lists found for parent_entry_id 237
2024-12-18 19:45:56,456 - application.list_utils - DEBUG - get_userlists_by_parent [list_utils.py:273] - get_userlists_by_parent: No lists found for parent_entry_id 238
2024-12-18 19:45:56,461 - application.list_utils - DEBUG - get_userlists_by_parent [list_utils.py:273] - get_userlists_by_parent: No lists found for parent_entry_id 246
2024-12-18 19:45:56,464 - application.list_utils - DEBUG - get_userlists_by_parent [list_utils.py:273] - get_userlists_by_parent: No lists found for parent_entry_id 247
2024-12-18 19:45:56,466 - application.list_utils - DEBUG - get_userlists_by_parent [list_utils.py:273] - get_userlists_by_parent: No lists found for parent_entry_id 248
2024-12-18 19:45:56,470 - application.list_utils - DEBUG - get_userlists_by_parent [list_utils.py:273] - get_userlists_by_parent: No lists found for parent_entry_id 249
2024-12-18 19:45:56,472 - application.list_utils - DEBUG - get_userlists_by_parent [list_utils.py:273] - get_userlists_by_parent: No lists found for parent_entry_id 250
2024-12-18 19:45:56,481 - application.list_utils - DEBUG - get_userlists_by_parent [list_utils.py:273] - get_userlists_by_parent: No lists found for parent_entry_id 260
2024-12-18 19:45:56,486 - application.list_utils - DEBUG - get_userlists_by_parent [list_utils.py:273] - get_userlists_by_parent: No lists found for parent_entry_id 261
2024-12-18 19:45:56,489 - application.list_utils - DEBUG - get_userlists_by_parent [list_utils.py:273] - get_userlists_by_parent: No lists found for parent_entry_id 262
2024-12-18 19:45:56,492 - application.list_utils - DEBUG - get_userlists_by_parent [list_utils.py:273] - get_userlists_by_parent: No lists found for parent_entry_id 263
2024-12-18 19:45:56,493 - application.list_utils - DEBUG - get_userlists_by_parent [list_utils.py:273] - get_userlists_by_parent: No lists found for parent_entry_id 288
2024-12-18 19:45:56,496 - application.list_utils - DEBUG - get_userlists_by_parent [list_utils.py:273] - get_userlists_by_parent: No lists found for parent_entry_id 289
2024-12-18 19:45:56,499 - application.list_utils - DEBUG - get_userlists_by_parent [list_utils.py:273] - get_userlists_by_parent: No lists found for parent_entry_id 290
2024-12-18 19:45:56,502 - application.list_utils - DEBUG - get_userlists_by_parent [list_utils.py:273] - get_userlists_by_parent: No lists found for parent_entry_id 291
2024-12-18 19:45:56,505 - application.list_utils - DEBUG - get_userlists_by_parent [list_utils.py:273] - get_userlists_by_parent: No lists found for parent_entry_id 297
2024-12-18 19:45:56,509 - application.list_utils - DEBUG - get_userlists_by_parent [list_utils.py:273] - get_userlists_by_parent: No lists found for parent_entry_id 298
2024-12-18 19:45:56,511 - application.list_utils - DEBUG - get_userlists_by_parent [list_utils.py:273] - get_userlists_by_parent: No lists found for parent_entry_id 300
2024-12-18 19:45:56,513 - application.list_utils - DEBUG - get_userlists_by_parent [list_utils.py:273] - get_userlists_by_parent: No lists found for parent_entry_id 301
2024-12-18 19:45:57,544 - application.walkthrough - DEBUG - views [walkthrough.py:67] - view: photo
2024-12-18 19:45:57,545 - application.walkthrough - DEBUG - views [walkthrough.py:69] - view?: photo
2024-12-18 19:45:57,545 - application.walkthrough - DEBUG - views [walkthrough.py:72] - File exists!: walkthrough/parts/photo.html.jinja
2024-12-18 19:45:57,700 - application.upload - DEBUG - uploaded_file [upload.py:97] - files in /Users/kyle/Documents/Repos/cs50/cs50x-final/media/uploads: ['1_1732676059_image.jpg', '2_1729876600_IMG_7979.jpeg', '3_1729880451_Screen_Shot_2024-10-15_at_8.49.55_PM.png', '2_1729793180_IMG_7939.jpeg', '2_1729876732_image.jpg', 'IMG_7540_3.jpeg', '1_1734385972_image.jpg', 'Screen_Shot_2024-06-17_at_9.19.26_PM_1.png', '1_1732593853_image.jpg', '1_1732676397_image.jpg', '3_1729880474_Screen_Shot_2024-06-17_at_9.19.26_PM.png', '3_1729880474_Screen_Shot_2023-05-13_at_4.10.32_PM.png', '2_1729793457_IMG_7927.jpeg', '.DS_Store', '1_1734387080_image.jpg', '2_1729878736_IMG_6398.jpeg', '2_1729793259_IMG_7971.jpeg', 'IMG_7540_2.jpeg', '3_1729880431_Screen_Shot_2024-10-15_at_8.49.55_PM.png', '2_1729788694_IMG_7978.jpeg', '2_1729793180_IMG_7938.jpeg', '1_1732676358_image.jpg', '2_1729806527_IMG_7971.jpeg', '3_1729880431_Screen_Shot_2024-06-17_at_9.19.26_PM.png', '2_1729878723_IMG_7979.jpeg', '1_1732313937_image.jpg', '1_1732571764_image.jpg', '1_1732308837_image.jpg', '1_1734387020_image.jpg', '2_1729806527_IMG_7940.png', '2_1729790952_IMG_7939.jpeg', '2_1729793457_IMG_7920.jpeg', '1_1734487460_image.jpg', '1_1732676382_image.jpg', '2_1729806423_IMG_7926.jpeg', 'IMG_7540_5.jpeg', '2_1729806390_image.jpg', '1_1732313904_image.jpg', '3_1729880431_Screen_Shot_2024-09-16_at_4.22.17_PM.png', '2_1729790270_image.jpg', '2_1729788660_IMG_7972.jpeg', '2_1729789401_IMG_7978.jpeg', 'IMG_7540_4.jpeg', '2_1729787915_image.jpg', '2_1729806527_IMG_7936.jpeg', '1_1732676354_image.jpg', '2_1729793457_IMG_7917.jpeg', '1_1732571776_image.jpg', '1_1732676066_image.jpg', '2_1729790297_IMG_7939.jpeg', '1_1732308852_image.jpg', '1_1734387117_image.jpg', '3_1729880474_Screen_Shot_2024-09-16_at_4.22.17_PM.png', '2_1729790967_image.jpg', 'image_2.jpg', '2_1729790846_IMG_7897.jpeg', '2_1729806527_IMG_7975.png', '1_1734389779_image.jpg', '1_1734387023_image.jpg', '2_1729787672_image.jpg', '2_1729806527_IMG_7974.png', '2_1729878723_IMG_7982.jpeg', '2_1729806527_IMG_7939.jpeg', 'image_3.jpg', '2_1729806500_image.jpg', 'image_1.jpg', '2_1729806527_IMG_7976.png', '1_1734371648_image.jpg', '2_1729876600_IMG_7984.jpeg', '2_1729806527_IMG_7977.png', '2_1729806527_IMG_7935.jpeg', '2_1729790259_image.jpg', '2_1729876586_image.jpg', '3_1729880431_Screen_Shot_2024-09-16_at_4.22.10_PM.png', '2_1729790568_IMG_7928.jpeg', 'image_4.jpg', '2_1729806527_IMG_7934.jpeg', '2_1729806527_IMG_7973.png', '1_1732571789_image.jpg', 'Screen_Shot_2024-06-17_at_9.19.26_PM.png', 'IMG_7540_6.jpeg', 'image_5.jpg', '1_1734385976_image.jpg', '2_1729789538_image.jpg', '2_1729789387_image.jpg', '1_1734389804_image.jpg', '2_1729806527_IMG_7938.jpeg', '1_1732676387_image.jpg', '2_1729790282_image.jpg', '2_1729806423_IMG_7913.jpeg', 'IMG_7540.jpeg', '2_1729793259_IMG_7973.png', 'IMG_7540_1.jpeg', '2_1729876600_IMG_7982.jpeg', '2_1729806527_IMG_7933.jpeg', '2_1729806527_IMG_7972.jpeg', '2_1729877408_image.jpg', '2_1729806423_IMG_7919.png', '3_1729880431_IMG_7540.jpeg', '2_1729788645_IMG_7977.png', '2_1729878714_image.jpg', '2_1729878744_image.jpg', '2_1729793180_IMG_7936.jpeg', '3_1729880451_IMG_7540.jpeg', '2_1729793259_IMG_7976.png', '1_1732676392_image.jpg', 'image.jpg', '1_1732636778_image.jpg', '1_1734371564_image.jpg', '2_1729876600_IMG_7983.jpeg', '2_1729793162_image.jpg', '1_1732636784_image.jpg']
2024-12-18 19:45:57,701 - application.list_utils - DEBUG - get_list_entries_for_item [list_utils.py:428] - found_entries for <Room 4>: [<UserListEntry 42>]
2024-12-18 19:45:57,703 - application.list_utils - DEBUG - get_list_entries_for_item [list_utils.py:436] - Entry: <UserListEntry 42>
2024-12-18 19:45:57,703 - application.list_utils - DEBUG - get_list_entries_for_item [list_utils.py:437] - Item Model: Room, Item ID: 4
2024-12-18 19:45:57,704 - application.list_utils - DEBUG - get_list_entries_for_item [list_utils.py:438] - User List ID: 3 User List Name: testy Main Floor Rooms
2024-12-18 19:45:57,705 - application.list_utils - DEBUG - get_list_entries_for_item [list_utils.py:439] - user: 1
2024-12-18 19:45:57,706 - application.list_utils - DEBUG - get_userlist [list_utils.py:308] - get_userlist(): item_model: Photo, list_name: None, parent_entry_id: 42
2024-12-18 19:45:57,710 - application.list_utils - DEBUG - get_userlist [list_utils.py:322] - lists found (model, parent): [<UserList 15>]
2024-12-18 19:45:57,710 - application.list_utils - DEBUG - get_userlist [list_utils.py:349] - len(lists) == 1: None Photo 42
2024-12-18 19:45:57,710 - application.list_utils - DEBUG - get_userlist [list_utils.py:368] - userlist.entries: [<UserListEntry 41>, <UserListEntry 305>] List type: <class 'sqlalchemy.orm.collections.InstrumentedList'>
2024-12-18 19:45:57,711 - application.list_utils - DEBUG - get_userlist [list_utils.py:370] - List: Kitchen 1 Photos, Order: 147
2024-12-18 19:45:57,711 - application.list_utils - DEBUG - get_userlist [list_utils.py:370] - List: Kitchen 1 Photos, Order: 0
2024-12-18 19:45:57,712 - application.list_utils - DEBUG - get_userlists_by_parent [list_utils.py:271] - get_userlists_by_parent: lists found (parent_entry_id)41: [<UserList 16>]
2024-12-18 19:45:57,713 - application.list_utils - DEBUG - get_userlists_by_parent [list_utils.py:271] - get_userlists_by_parent: lists found (parent_entry_id)305: [<UserList 102>]
2024-12-18 19:45:57,880 - application.upload - DEBUG - uploaded_file [upload.py:97] - files in /Users/kyle/Documents/Repos/cs50/cs50x-final/media/uploads: ['1_1732676059_image.jpg', '2_1729876600_IMG_7979.jpeg', '3_1729880451_Screen_Shot_2024-10-15_at_8.49.55_PM.png', '2_1729793180_IMG_7939.jpeg', '2_1729876732_image.jpg', 'IMG_7540_3.jpeg', '1_1734385972_image.jpg', 'Screen_Shot_2024-06-17_at_9.19.26_PM_1.png', '1_1732593853_image.jpg', '1_1732676397_image.jpg', '3_1729880474_Screen_Shot_2024-06-17_at_9.19.26_PM.png', '3_1729880474_Screen_Shot_2023-05-13_at_4.10.32_PM.png', '2_1729793457_IMG_7927.jpeg', '.DS_Store', '1_1734387080_image.jpg', '2_1729878736_IMG_6398.jpeg', '2_1729793259_IMG_7971.jpeg', 'IMG_7540_2.jpeg', '3_1729880431_Screen_Shot_2024-10-15_at_8.49.55_PM.png', '2_1729788694_IMG_7978.jpeg', '2_1729793180_IMG_7938.jpeg', '1_1732676358_image.jpg', '2_1729806527_IMG_7971.jpeg', '3_1729880431_Screen_Shot_2024-06-17_at_9.19.26_PM.png', '2_1729878723_IMG_7979.jpeg', '1_1732313937_image.jpg', '1_1732571764_image.jpg', '1_1732308837_image.jpg', '1_1734387020_image.jpg', '2_1729806527_IMG_7940.png', '2_1729790952_IMG_7939.jpeg', '2_1729793457_IMG_7920.jpeg', '1_1734487460_image.jpg', '1_1732676382_image.jpg', '2_1729806423_IMG_7926.jpeg', 'IMG_7540_5.jpeg', '2_1729806390_image.jpg', '1_1732313904_image.jpg', '3_1729880431_Screen_Shot_2024-09-16_at_4.22.17_PM.png', '2_1729790270_image.jpg', '2_1729788660_IMG_7972.jpeg', '2_1729789401_IMG_7978.jpeg', 'IMG_7540_4.jpeg', '2_1729787915_image.jpg', '2_1729806527_IMG_7936.jpeg', '1_1732676354_image.jpg', '2_1729793457_IMG_7917.jpeg', '1_1732571776_image.jpg', '1_1732676066_image.jpg', '2_1729790297_IMG_7939.jpeg', '1_1732308852_image.jpg', '1_1734387117_image.jpg', '3_1729880474_Screen_Shot_2024-09-16_at_4.22.17_PM.png', '2_1729790967_image.jpg', 'image_2.jpg', '2_1729790846_IMG_7897.jpeg', '2_1729806527_IMG_7975.png', '1_1734389779_image.jpg', '1_1734387023_image.jpg', '2_1729787672_image.jpg', '2_1729806527_IMG_7974.png', '2_1729878723_IMG_7982.jpeg', '2_1729806527_IMG_7939.jpeg', 'image_3.jpg', '2_1729806500_image.jpg', 'image_1.jpg', '2_1729806527_IMG_7976.png', '1_1734371648_image.jpg', '2_1729876600_IMG_7984.jpeg', '2_1729806527_IMG_7977.png', '2_1729806527_IMG_7935.jpeg', '2_1729790259_image.jpg', '2_1729876586_image.jpg', '3_1729880431_Screen_Shot_2024-09-16_at_4.22.10_PM.png', '2_1729790568_IMG_7928.jpeg', 'image_4.jpg', '2_1729806527_IMG_7934.jpeg', '2_1729806527_IMG_7973.png', '1_1732571789_image.jpg', 'Screen_Shot_2024-06-17_at_9.19.26_PM.png', 'IMG_7540_6.jpeg', 'image_5.jpg', '1_1734385976_image.jpg', '2_1729789538_image.jpg', '2_1729789387_image.jpg', '1_1734389804_image.jpg', '2_1729806527_IMG_7938.jpeg', '1_1732676387_image.jpg', '2_1729790282_image.jpg', '2_1729806423_IMG_7913.jpeg', 'IMG_7540.jpeg', '2_1729793259_IMG_7973.png', 'IMG_7540_1.jpeg', '2_1729876600_IMG_7982.jpeg', '2_1729806527_IMG_7933.jpeg', '2_1729806527_IMG_7972.jpeg', '2_1729877408_image.jpg', '2_1729806423_IMG_7919.png', '3_1729880431_IMG_7540.jpeg', '2_1729788645_IMG_7977.png', '2_1729878714_image.jpg', '2_1729878744_image.jpg', '2_1729793180_IMG_7936.jpeg', '3_1729880451_IMG_7540.jpeg', '2_1729793259_IMG_7976.png', '1_1732676392_image.jpg', 'image.jpg', '1_1732636778_image.jpg', '1_1734371564_image.jpg', '2_1729876600_IMG_7983.jpeg', '2_1729793162_image.jpg', '1_1732636784_image.jpg']
2024-12-18 19:45:58,039 - application.list_utils - DEBUG - get_userlists_by_parent [list_utils.py:273] - get_userlists_by_parent: No lists found for parent_entry_id 47
2024-12-18 19:45:58,040 - application.list_utils - DEBUG - get_userlists_by_parent [list_utils.py:273] - get_userlists_by_parent: No lists found for parent_entry_id 310
2024-12-18 19:45:58,040 - application.list_utils - DEBUG - get_userlists_by_parent [list_utils.py:273] - get_userlists_by_parent: No lists found for parent_entry_id 48
2024-12-18 19:45:58,041 - application.list_utils - DEBUG - get_userlists_by_parent [list_utils.py:273] - get_userlists_by_parent: No lists found for parent_entry_id 311
2024-12-18 19:45:58,043 - application.list_utils - DEBUG - get_userlists_by_parent [list_utils.py:273] - get_userlists_by_parent: No lists found for parent_entry_id 49
2024-12-18 19:45:58,043 - application.list_utils - DEBUG - get_userlists_by_parent [list_utils.py:273] - get_userlists_by_parent: No lists found for parent_entry_id 312
2024-12-18 19:45:58,044 - application.list_utils - DEBUG - get_userlists_by_parent [list_utils.py:273] - get_userlists_by_parent: No lists found for parent_entry_id 50
2024-12-18 19:45:58,045 - application.list_utils - DEBUG - get_userlists_by_parent [list_utils.py:273] - get_userlists_by_parent: No lists found for parent_entry_id 316
2024-12-18 19:45:58,047 - application.list_utils - DEBUG - get_userlists_by_parent [list_utils.py:273] - get_userlists_by_parent: No lists found for parent_entry_id 317
2024-12-18 19:45:58,049 - application.list_utils - DEBUG - get_userlists_by_parent [list_utils.py:273] - get_userlists_by_parent: No lists found for parent_entry_id 318
2024-12-18 19:45:58,204 - application.list_utils - DEBUG - get_userlists_by_parent [list_utils.py:271] - get_userlists_by_parent: lists found (parent_entry_id)56: [<UserList 103>]
2024-12-18 19:45:58,204 - application.list_utils - DEBUG - get_userlists_by_parent [list_utils.py:271] - get_userlists_by_parent: lists found (parent_entry_id)314: [<UserList 104>]
2024-12-18 19:45:58,205 - application.list_utils - DEBUG - get_userlists_by_parent [list_utils.py:273] - get_userlists_by_parent: No lists found for parent_entry_id 307
2024-12-18 19:45:58,206 - application.list_utils - DEBUG - get_userlists_by_parent [list_utils.py:273] - get_userlists_by_parent: No lists found for parent_entry_id 44
2024-12-18 19:45:58,208 - application.list_utils - DEBUG - get_userlists_by_parent [list_utils.py:273] - get_userlists_by_parent: No lists found for parent_entry_id 306
2024-12-18 19:46:00,760 - application.walkthrough - DEBUG - views [walkthrough.py:67] - view: quicknote
2024-12-18 19:46:00,761 - application.walkthrough - DEBUG - views [walkthrough.py:69] - view?: quicknote
2024-12-18 19:46:00,761 - application.walkthrough - DEBUG - views [walkthrough.py:72] - File exists!: walkthrough/parts/quicknote.html.jinja
2024-12-18 19:46:00,803 - application.upload - DEBUG - uploaded_file [upload.py:97] - files in /Users/kyle/Documents/Repos/cs50/cs50x-final/media/uploads: ['1_1732676059_image.jpg', '2_1729876600_IMG_7979.jpeg', '3_1729880451_Screen_Shot_2024-10-15_at_8.49.55_PM.png', '2_1729793180_IMG_7939.jpeg', '2_1729876732_image.jpg', 'IMG_7540_3.jpeg', '1_1734385972_image.jpg', 'Screen_Shot_2024-06-17_at_9.19.26_PM_1.png', '1_1732593853_image.jpg', '1_1732676397_image.jpg', '3_1729880474_Screen_Shot_2024-06-17_at_9.19.26_PM.png', '3_1729880474_Screen_Shot_2023-05-13_at_4.10.32_PM.png', '2_1729793457_IMG_7927.jpeg', '.DS_Store', '1_1734387080_image.jpg', '2_1729878736_IMG_6398.jpeg', '2_1729793259_IMG_7971.jpeg', 'IMG_7540_2.jpeg', '3_1729880431_Screen_Shot_2024-10-15_at_8.49.55_PM.png', '2_1729788694_IMG_7978.jpeg', '2_1729793180_IMG_7938.jpeg', '1_1732676358_image.jpg', '2_1729806527_IMG_7971.jpeg', '3_1729880431_Screen_Shot_2024-06-17_at_9.19.26_PM.png', '2_1729878723_IMG_7979.jpeg', '1_1732313937_image.jpg', '1_1732571764_image.jpg', '1_1732308837_image.jpg', '1_1734387020_image.jpg', '2_1729806527_IMG_7940.png', '2_1729790952_IMG_7939.jpeg', '2_1729793457_IMG_7920.jpeg', '1_1734487460_image.jpg', '1_1732676382_image.jpg', '2_1729806423_IMG_7926.jpeg', 'IMG_7540_5.jpeg', '2_1729806390_image.jpg', '1_1732313904_image.jpg', '3_1729880431_Screen_Shot_2024-09-16_at_4.22.17_PM.png', '2_1729790270_image.jpg', '2_1729788660_IMG_7972.jpeg', '2_1729789401_IMG_7978.jpeg', 'IMG_7540_4.jpeg', '2_1729787915_image.jpg', '2_1729806527_IMG_7936.jpeg', '1_1732676354_image.jpg', '2_1729793457_IMG_7917.jpeg', '1_1732571776_image.jpg', '1_1732676066_image.jpg', '2_1729790297_IMG_7939.jpeg', '1_1732308852_image.jpg', '1_1734387117_image.jpg', '3_1729880474_Screen_Shot_2024-09-16_at_4.22.17_PM.png', '2_1729790967_image.jpg', 'image_2.jpg', '2_1729790846_IMG_7897.jpeg', '2_1729806527_IMG_7975.png', '1_1734389779_image.jpg', '1_1734387023_image.jpg', '2_1729787672_image.jpg', '2_1729806527_IMG_7974.png', '2_1729878723_IMG_7982.jpeg', '2_1729806527_IMG_7939.jpeg', 'image_3.jpg', '2_1729806500_image.jpg', 'image_1.jpg', '2_1729806527_IMG_7976.png', '1_1734371648_image.jpg', '2_1729876600_IMG_7984.jpeg', '2_1729806527_IMG_7977.png', '2_1729806527_IMG_7935.jpeg', '2_1729790259_image.jpg', '2_1729876586_image.jpg', '3_1729880431_Screen_Shot_2024-09-16_at_4.22.10_PM.png', '2_1729790568_IMG_7928.jpeg', 'image_4.jpg', '2_1729806527_IMG_7934.jpeg', '2_1729806527_IMG_7973.png', '1_1732571789_image.jpg', 'Screen_Shot_2024-06-17_at_9.19.26_PM.png', 'IMG_7540_6.jpeg', 'image_5.jpg', '1_1734385976_image.jpg', '2_1729789538_image.jpg', '2_1729789387_image.jpg', '1_1734389804_image.jpg', '2_1729806527_IMG_7938.jpeg', '1_1732676387_image.jpg', '2_1729790282_image.jpg', '2_1729806423_IMG_7913.jpeg', 'IMG_7540.jpeg', '2_1729793259_IMG_7973.png', 'IMG_7540_1.jpeg', '2_1729876600_IMG_7982.jpeg', '2_1729806527_IMG_7933.jpeg', '2_1729806527_IMG_7972.jpeg', '2_1729877408_image.jpg', '2_1729806423_IMG_7919.png', '3_1729880431_IMG_7540.jpeg', '2_1729788645_IMG_7977.png', '2_1729878714_image.jpg', '2_1729878744_image.jpg', '2_1729793180_IMG_7936.jpeg', '3_1729880451_IMG_7540.jpeg', '2_1729793259_IMG_7976.png', '1_1732676392_image.jpg', 'image.jpg', '1_1732636778_image.jpg', '1_1734371564_image.jpg', '2_1729876600_IMG_7983.jpeg', '2_1729793162_image.jpg', '1_1732636784_image.jpg']
2024-12-18 19:46:00,842 - application.list_utils - DEBUG - get_list_entries_for_item [list_utils.py:428] - found_entries for <Room 4>: [<UserListEntry 42>]
2024-12-18 19:46:00,843 - application.list_utils - DEBUG - get_list_entries_for_item [list_utils.py:436] - Entry: <UserListEntry 42>
2024-12-18 19:46:00,843 - application.list_utils - DEBUG - get_list_entries_for_item [list_utils.py:437] - Item Model: Room, Item ID: 4
2024-12-18 19:46:00,844 - application.list_utils - DEBUG - get_list_entries_for_item [list_utils.py:438] - User List ID: 3 User List Name: testy Main Floor Rooms
2024-12-18 19:46:00,844 - application.list_utils - DEBUG - get_list_entries_for_item [list_utils.py:439] - user: 1
2024-12-18 19:46:00,844 - application.list_utils - DEBUG - get_userlist [list_utils.py:308] - get_userlist(): item_model: Task, list_name: None, parent_entry_id: 42
2024-12-18 19:46:00,845 - application.list_utils - DEBUG - get_userlist [list_utils.py:322] - lists found (model, parent): [<UserList 17>]
2024-12-18 19:46:00,845 - application.list_utils - DEBUG - get_userlist [list_utils.py:349] - len(lists) == 1: None Task 42
2024-12-18 19:46:00,846 - application.list_utils - DEBUG - get_userlist [list_utils.py:368] - userlist.entries: [<UserListEntry 314>, <UserListEntry 315>] List type: <class 'sqlalchemy.orm.collections.InstrumentedList'>
2024-12-18 19:46:00,846 - application.list_utils - DEBUG - get_userlist [list_utils.py:370] - List: Kitchen 1 Tasks, Order: 146
2024-12-18 19:46:00,846 - application.list_utils - DEBUG - get_userlist [list_utils.py:370] - List: Kitchen 1 Tasks, Order: 149
2024-12-18 19:46:00,847 - application.list_utils - DEBUG - get_userlists_by_parent [list_utils.py:271] - get_userlists_by_parent: lists found (parent_entry_id)314: [<UserList 104>]
2024-12-18 19:46:00,847 - application.list_utils - DEBUG - get_userlists_by_parent [list_utils.py:273] - get_userlists_by_parent: No lists found for parent_entry_id 315
2024-12-18 19:46:00,919 - application.list_utils - DEBUG - get_userlists_by_parent [list_utils.py:271] - get_userlists_by_parent: lists found (parent_entry_id)314: [<UserList 104>]
2024-12-18 19:46:00,920 - application.list_utils - DEBUG - get_userlists_by_parent [list_utils.py:273] - get_userlists_by_parent: No lists found for parent_entry_id 44
2024-12-18 19:46:00,921 - application.list_utils - DEBUG - get_userlists_by_parent [list_utils.py:273] - get_userlists_by_parent: No lists found for parent_entry_id 306
2024-12-18 19:46:02,529 - application.list_utils - DEBUG - default_list_name [list_utils.py:40] - default_list_name() A: item_model: Task, parent_entry_id: None
2024-12-18 19:46:02,529 - application.list_utils - DEBUG - default_list_name [list_utils.py:46] - room_id: 4
2024-12-18 19:46:02,531 - application.list_utils - DEBUG - get_list_entries_for_item [list_utils.py:428] - found_entries for <Room 4>: [<UserListEntry 42>]
2024-12-18 19:46:02,531 - application.list_utils - DEBUG - get_list_entries_for_item [list_utils.py:436] - Entry: <UserListEntry 42>
2024-12-18 19:46:02,532 - application.list_utils - DEBUG - get_list_entries_for_item [list_utils.py:437] - Item Model: Room, Item ID: 4
2024-12-18 19:46:02,532 - application.list_utils - DEBUG - get_list_entries_for_item [list_utils.py:438] - User List ID: 3 User List Name: testy Main Floor Rooms
2024-12-18 19:46:02,532 - application.list_utils - DEBUG - get_list_entries_for_item [list_utils.py:439] - user: 1
2024-12-18 19:46:02,532 - application.list_utils - DEBUG - default_list_name [list_utils.py:55] - default_list_name() B: list_name: Kitchen 1 Tasks parent_entry_id: 42
2024-12-18 19:46:02,532 - application.list_utils - DEBUG - get_userlist [list_utils.py:308] - get_userlist(): item_model: Task, list_name: Kitchen 1 Tasks, parent_entry_id: 42
2024-12-18 19:46:02,534 - application.list_utils - DEBUG - get_userlist [list_utils.py:314] - lists found (All args): [<UserList 17>]
2024-12-18 19:46:02,534 - application.list_utils - DEBUG - get_userlist [list_utils.py:349] - len(lists) == 1: Kitchen 1 Tasks Task 42
2024-12-18 19:46:02,534 - application.list_utils - DEBUG - get_userlist [list_utils.py:368] - userlist.entries: [<UserListEntry 314>, <UserListEntry 315>] List type: <class 'sqlalchemy.orm.collections.InstrumentedList'>
2024-12-18 19:46:02,534 - application.list_utils - DEBUG - get_userlist [list_utils.py:370] - List: Kitchen 1 Tasks, Order: 146
2024-12-18 19:46:02,534 - application.list_utils - DEBUG - get_userlist [list_utils.py:370] - List: Kitchen 1 Tasks, Order: 149
2024-12-18 19:46:02,535 - application.list_routes - DEBUG - create_item_and_entry [list_routes.py:70] - create_item_and_entry(): item_model: Task, list_id: 17, item_id: None, order: None, name: 
2024-12-18 19:46:02,535 - application.list_utils - DEBUG - add_item_to_list [list_utils.py:59] - add_item_to_list(): user_list_id: 17, item_model: Task, item_id: None, order: None, name: 
2024-12-18 19:46:02,535 - application.list_utils - DEBUG - create_new_default [list_utils.py:96] - create_new_default(): item_model: Task, name: 
2024-12-18 19:46:02,535 - application.list_utils - DEBUG - create_new_default [list_utils.py:178] - room_task_count: 2
2024-12-18 19:46:02,537 - application.list_utils - DEBUG - create_new_default [list_utils.py:180] - name (create_new_default): Kitchen 1 Task 3
2024-12-18 19:46:02,546 - application.list_routes - DEBUG - create_item_and_entry [list_routes.py:82] - Item added to list: Task entry 117
2024-12-18 19:46:02,592 - application.list_utils - DEBUG - default_list_name [list_utils.py:40] - default_list_name() A: item_model: Task, parent_entry_id: None
2024-12-18 19:46:02,592 - application.list_utils - DEBUG - default_list_name [list_utils.py:46] - room_id: 4
2024-12-18 19:46:02,593 - application.list_utils - DEBUG - get_list_entries_for_item [list_utils.py:428] - found_entries for <Room 4>: [<UserListEntry 42>]
2024-12-18 19:46:02,594 - application.list_utils - DEBUG - get_list_entries_for_item [list_utils.py:436] - Entry: <UserListEntry 42>
2024-12-18 19:46:02,594 - application.list_utils - DEBUG - get_list_entries_for_item [list_utils.py:437] - Item Model: Room, Item ID: 4
2024-12-18 19:46:02,594 - application.list_utils - DEBUG - get_list_entries_for_item [list_utils.py:438] - User List ID: 3 User List Name: testy Main Floor Rooms
2024-12-18 19:46:02,594 - application.list_utils - DEBUG - get_list_entries_for_item [list_utils.py:439] - user: 1
2024-12-18 19:46:02,595 - application.list_utils - DEBUG - default_list_name [list_utils.py:55] - default_list_name() B: list_name: Kitchen 1 Tasks parent_entry_id: 42
2024-12-18 19:46:02,595 - application.list_utils - DEBUG - get_userlist [list_utils.py:308] - get_userlist(): item_model: Task, list_name: Kitchen 1 Tasks, parent_entry_id: 42
2024-12-18 19:46:02,596 - application.list_utils - DEBUG - get_userlist [list_utils.py:314] - lists found (All args): [<UserList 17>]
2024-12-18 19:46:02,596 - application.list_utils - DEBUG - get_userlist [list_utils.py:349] - len(lists) == 1: Kitchen 1 Tasks Task 42
2024-12-18 19:46:02,596 - application.list_utils - DEBUG - get_userlist [list_utils.py:368] - userlist.entries: [<UserListEntry 314>, <UserListEntry 315>, <UserListEntry 319>] List type: <class 'sqlalchemy.orm.collections.InstrumentedList'>
2024-12-18 19:46:02,596 - application.list_utils - DEBUG - get_userlist [list_utils.py:370] - List: Kitchen 1 Tasks, Order: 146
2024-12-18 19:46:02,597 - application.list_utils - DEBUG - get_userlist [list_utils.py:370] - List: Kitchen 1 Tasks, Order: 149
2024-12-18 19:46:02,597 - application.list_utils - DEBUG - get_userlist [list_utils.py:370] - List: Kitchen 1 Tasks, Order: 2
2024-12-18 19:46:02,597 - application.list_routes - DEBUG - create_item_and_entry [list_routes.py:70] - create_item_and_entry(): item_model: Task, list_id: 17, item_id: None, order: None, name: 
2024-12-18 19:46:02,597 - application.list_utils - DEBUG - add_item_to_list [list_utils.py:59] - add_item_to_list(): user_list_id: 17, item_model: Task, item_id: None, order: None, name: 
2024-12-18 19:46:02,597 - application.list_utils - DEBUG - create_new_default [list_utils.py:96] - create_new_default(): item_model: Task, name: 
2024-12-18 19:46:02,598 - application.list_utils - DEBUG - create_new_default [list_utils.py:178] - room_task_count: 3
2024-12-18 19:46:02,599 - application.list_utils - DEBUG - create_new_default [list_utils.py:180] - name (create_new_default): Kitchen 1 Task 4
2024-12-18 19:46:02,604 - application.list_routes - DEBUG - create_item_and_entry [list_routes.py:82] - Item added to list: Task entry 118
2024-12-18 19:46:03,260 - application.list_utils - DEBUG - default_list_name [list_utils.py:40] - default_list_name() A: item_model: Task, parent_entry_id: None
2024-12-18 19:46:03,261 - application.list_utils - DEBUG - default_list_name [list_utils.py:46] - room_id: 4
2024-12-18 19:46:03,262 - application.list_utils - DEBUG - get_list_entries_for_item [list_utils.py:428] - found_entries for <Room 4>: [<UserListEntry 42>]
2024-12-18 19:46:03,263 - application.list_utils - DEBUG - get_list_entries_for_item [list_utils.py:436] - Entry: <UserListEntry 42>
2024-12-18 19:46:03,263 - application.list_utils - DEBUG - get_list_entries_for_item [list_utils.py:437] - Item Model: Room, Item ID: 4
2024-12-18 19:46:03,263 - application.list_utils - DEBUG - get_list_entries_for_item [list_utils.py:438] - User List ID: 3 User List Name: testy Main Floor Rooms
2024-12-18 19:46:03,263 - application.list_utils - DEBUG - get_list_entries_for_item [list_utils.py:439] - user: 1
2024-12-18 19:46:03,264 - application.list_utils - DEBUG - default_list_name [list_utils.py:55] - default_list_name() B: list_name: Kitchen 1 Tasks parent_entry_id: 42
2024-12-18 19:46:03,264 - application.list_utils - DEBUG - get_userlist [list_utils.py:308] - get_userlist(): item_model: Task, list_name: Kitchen 1 Tasks, parent_entry_id: 42
2024-12-18 19:46:03,265 - application.list_utils - DEBUG - get_userlist [list_utils.py:314] - lists found (All args): [<UserList 17>]
2024-12-18 19:46:03,265 - application.list_utils - DEBUG - get_userlist [list_utils.py:349] - len(lists) == 1: Kitchen 1 Tasks Task 42
2024-12-18 19:46:03,266 - application.list_utils - DEBUG - get_userlist [list_utils.py:368] - userlist.entries: [<UserListEntry 314>, <UserListEntry 315>, <UserListEntry 319>, <UserListEntry 320>] List type: <class 'sqlalchemy.orm.collections.InstrumentedList'>
2024-12-18 19:46:03,266 - application.list_utils - DEBUG - get_userlist [list_utils.py:370] - List: Kitchen 1 Tasks, Order: 146
2024-12-18 19:46:03,266 - application.list_utils - DEBUG - get_userlist [list_utils.py:370] - List: Kitchen 1 Tasks, Order: 149
2024-12-18 19:46:03,266 - application.list_utils - DEBUG - get_userlist [list_utils.py:370] - List: Kitchen 1 Tasks, Order: 2
2024-12-18 19:46:03,267 - application.list_utils - DEBUG - get_userlist [list_utils.py:370] - List: Kitchen 1 Tasks, Order: 3
2024-12-18 19:46:03,267 - application.list_routes - DEBUG - create_item_and_entry [list_routes.py:70] - create_item_and_entry(): item_model: Task, list_id: 17, item_id: None, order: None, name: 
2024-12-18 19:46:03,267 - application.list_utils - DEBUG - add_item_to_list [list_utils.py:59] - add_item_to_list(): user_list_id: 17, item_model: Task, item_id: None, order: None, name: 
2024-12-18 19:46:03,267 - application.list_utils - DEBUG - create_new_default [list_utils.py:96] - create_new_default(): item_model: Task, name: 
2024-12-18 19:46:03,267 - application.list_utils - DEBUG - create_new_default [list_utils.py:178] - room_task_count: 4
2024-12-18 19:46:03,269 - application.list_utils - DEBUG - create_new_default [list_utils.py:180] - name (create_new_default): Kitchen 1 Task 5
2024-12-18 19:46:03,275 - application.list_routes - DEBUG - create_item_and_entry [list_routes.py:82] - Item added to list: Task entry 119
2024-12-18 19:46:03,678 - application.list_utils - DEBUG - default_list_name [list_utils.py:40] - default_list_name() A: item_model: Task, parent_entry_id: None
2024-12-18 19:46:03,678 - application.list_utils - DEBUG - default_list_name [list_utils.py:46] - room_id: 4
2024-12-18 19:46:03,679 - application.list_utils - DEBUG - get_list_entries_for_item [list_utils.py:428] - found_entries for <Room 4>: [<UserListEntry 42>]
2024-12-18 19:46:03,680 - application.list_utils - DEBUG - get_list_entries_for_item [list_utils.py:436] - Entry: <UserListEntry 42>
2024-12-18 19:46:03,680 - application.list_utils - DEBUG - get_list_entries_for_item [list_utils.py:437] - Item Model: Room, Item ID: 4
2024-12-18 19:46:03,680 - application.list_utils - DEBUG - get_list_entries_for_item [list_utils.py:438] - User List ID: 3 User List Name: testy Main Floor Rooms
2024-12-18 19:46:03,680 - application.list_utils - DEBUG - get_list_entries_for_item [list_utils.py:439] - user: 1
2024-12-18 19:46:03,681 - application.list_utils - DEBUG - default_list_name [list_utils.py:55] - default_list_name() B: list_name: Kitchen 1 Tasks parent_entry_id: 42
2024-12-18 19:46:03,681 - application.list_utils - DEBUG - get_userlist [list_utils.py:308] - get_userlist(): item_model: Task, list_name: Kitchen 1 Tasks, parent_entry_id: 42
2024-12-18 19:46:03,682 - application.list_utils - DEBUG - get_userlist [list_utils.py:314] - lists found (All args): [<UserList 17>]
2024-12-18 19:46:03,682 - application.list_utils - DEBUG - get_userlist [list_utils.py:349] - len(lists) == 1: Kitchen 1 Tasks Task 42
2024-12-18 19:46:03,682 - application.list_utils - DEBUG - get_userlist [list_utils.py:368] - userlist.entries: [<UserListEntry 314>, <UserListEntry 315>, <UserListEntry 319>, <UserListEntry 320>, <UserListEntry 321>] List type: <class 'sqlalchemy.orm.collections.InstrumentedList'>
2024-12-18 19:46:03,682 - application.list_utils - DEBUG - get_userlist [list_utils.py:370] - List: Kitchen 1 Tasks, Order: 146
2024-12-18 19:46:03,682 - application.list_utils - DEBUG - get_userlist [list_utils.py:370] - List: Kitchen 1 Tasks, Order: 149
2024-12-18 19:46:03,682 - application.list_utils - DEBUG - get_userlist [list_utils.py:370] - List: Kitchen 1 Tasks, Order: 2
2024-12-18 19:46:03,683 - application.list_utils - DEBUG - get_userlist [list_utils.py:370] - List: Kitchen 1 Tasks, Order: 3
2024-12-18 19:46:03,683 - application.list_utils - DEBUG - get_userlist [list_utils.py:370] - List: Kitchen 1 Tasks, Order: 4
2024-12-18 19:46:03,683 - application.list_routes - DEBUG - create_item_and_entry [list_routes.py:70] - create_item_and_entry(): item_model: Task, list_id: 17, item_id: None, order: None, name: 
2024-12-18 19:46:03,684 - application.list_utils - DEBUG - add_item_to_list [list_utils.py:59] - add_item_to_list(): user_list_id: 17, item_model: Task, item_id: None, order: None, name: 
2024-12-18 19:46:03,684 - application.list_utils - DEBUG - create_new_default [list_utils.py:96] - create_new_default(): item_model: Task, name: 
2024-12-18 19:46:03,684 - application.list_utils - DEBUG - create_new_default [list_utils.py:178] - room_task_count: 5
2024-12-18 19:46:03,686 - application.list_utils - DEBUG - create_new_default [list_utils.py:180] - name (create_new_default): Kitchen 1 Task 6
2024-12-18 19:46:03,692 - application.list_routes - DEBUG - create_item_and_entry [list_routes.py:82] - Item added to list: Task entry 120
2024-12-18 19:46:33,037 - application.walkthrough - DEBUG - views [walkthrough.py:67] - view: pingridtest
2024-12-18 19:46:33,037 - application.walkthrough - DEBUG - views [walkthrough.py:69] - view?: pingridtest
2024-12-18 19:46:33,037 - application.walkthrough - DEBUG - views [walkthrough.py:72] - File exists!: walkthrough/parts/pingridtest.html.jinja
2024-12-18 19:46:33,135 - application.list_utils - DEBUG - get_list_entries_for_item [list_utils.py:428] - found_entries for <Photo 39>: [<UserListEntry 305>]
2024-12-18 19:46:33,136 - application.list_utils - DEBUG - get_list_entries_for_item [list_utils.py:436] - Entry: <UserListEntry 305>
2024-12-18 19:46:33,137 - application.list_utils - DEBUG - get_list_entries_for_item [list_utils.py:437] - Item Model: Photo, Item ID: 39
2024-12-18 19:46:33,137 - application.list_utils - DEBUG - get_list_entries_for_item [list_utils.py:438] - User List ID: 15 User List Name: Kitchen 1 Photos
2024-12-18 19:46:33,139 - application.list_utils - DEBUG - get_list_entries_for_item [list_utils.py:439] - user: 1
2024-12-18 19:46:33,146 - application.list_utils - DEBUG - get_list_entries_for_item [list_utils.py:428] - found_entries for <Room 4>: [<UserListEntry 42>]
2024-12-18 19:46:33,147 - application.list_utils - DEBUG - get_list_entries_for_item [list_utils.py:436] - Entry: <UserListEntry 42>
2024-12-18 19:46:33,148 - application.list_utils - DEBUG - get_list_entries_for_item [list_utils.py:437] - Item Model: Room, Item ID: 4
2024-12-18 19:46:33,148 - application.list_utils - DEBUG - get_list_entries_for_item [list_utils.py:438] - User List ID: 3 User List Name: testy Main Floor Rooms
2024-12-18 19:46:33,150 - application.list_utils - DEBUG - get_list_entries_for_item [list_utils.py:439] - user: 1
2024-12-18 19:46:33,150 - application.list_utils - DEBUG - get_userlist [list_utils.py:308] - get_userlist(): item_model: Task, list_name: None, parent_entry_id: 42
2024-12-18 19:46:33,152 - application.list_utils - DEBUG - get_userlist [list_utils.py:322] - lists found (model, parent): [<UserList 17>]
2024-12-18 19:46:33,152 - application.list_utils - DEBUG - get_userlist [list_utils.py:349] - len(lists) == 1: None Task 42
2024-12-18 19:46:33,152 - application.list_utils - DEBUG - get_userlist [list_utils.py:368] - userlist.entries: [<UserListEntry 314>, <UserListEntry 315>, <UserListEntry 319>, <UserListEntry 321>, <UserListEntry 322>] List type: <class 'sqlalchemy.orm.collections.InstrumentedList'>
2024-12-18 19:46:33,152 - application.list_utils - DEBUG - get_userlist [list_utils.py:370] - List: Kitchen 1 Tasks, Order: 0
2024-12-18 19:46:33,153 - application.list_utils - DEBUG - get_userlist [list_utils.py:370] - List: Kitchen 1 Tasks, Order: 4
2024-12-18 19:46:33,153 - application.list_utils - DEBUG - get_userlist [list_utils.py:370] - List: Kitchen 1 Tasks, Order: 6
2024-12-18 19:46:33,153 - application.list_utils - DEBUG - get_userlist [list_utils.py:370] - List: Kitchen 1 Tasks, Order: 5
2024-12-18 19:46:33,153 - application.list_utils - DEBUG - get_userlist [list_utils.py:370] - List: Kitchen 1 Tasks, Order: 7
2024-12-18 19:46:33,154 - application.list_utils - DEBUG - get_userlists_by_parent [list_utils.py:271] - get_userlists_by_parent: lists found (parent_entry_id)314: [<UserList 104>]
2024-12-18 19:46:33,155 - application.list_utils - DEBUG - get_userlists_by_parent [list_utils.py:273] - get_userlists_by_parent: No lists found for parent_entry_id 315
2024-12-18 19:46:33,155 - application.list_utils - DEBUG - get_userlists_by_parent [list_utils.py:273] - get_userlists_by_parent: No lists found for parent_entry_id 319
2024-12-18 19:46:33,156 - application.list_utils - DEBUG - get_userlists_by_parent [list_utils.py:273] - get_userlists_by_parent: No lists found for parent_entry_id 321
2024-12-18 19:46:33,157 - application.list_utils - DEBUG - get_userlists_by_parent [list_utils.py:273] - get_userlists_by_parent: No lists found for parent_entry_id 322
2024-12-18 19:46:33,180 - application.upload - DEBUG - uploaded_file [upload.py:97] - files in /Users/kyle/Documents/Repos/cs50/cs50x-final/media/uploads: ['1_1732676059_image.jpg', '2_1729876600_IMG_7979.jpeg', '3_1729880451_Screen_Shot_2024-10-15_at_8.49.55_PM.png', '2_1729793180_IMG_7939.jpeg', '2_1729876732_image.jpg', 'IMG_7540_3.jpeg', '1_1734385972_image.jpg', 'Screen_Shot_2024-06-17_at_9.19.26_PM_1.png', '1_1732593853_image.jpg', '1_1732676397_image.jpg', '3_1729880474_Screen_Shot_2024-06-17_at_9.19.26_PM.png', '3_1729880474_Screen_Shot_2023-05-13_at_4.10.32_PM.png', '2_1729793457_IMG_7927.jpeg', '.DS_Store', '1_1734387080_image.jpg', '2_1729878736_IMG_6398.jpeg', '2_1729793259_IMG_7971.jpeg', 'IMG_7540_2.jpeg', '3_1729880431_Screen_Shot_2024-10-15_at_8.49.55_PM.png', '2_1729788694_IMG_7978.jpeg', '2_1729793180_IMG_7938.jpeg', '1_1732676358_image.jpg', '2_1729806527_IMG_7971.jpeg', '3_1729880431_Screen_Shot_2024-06-17_at_9.19.26_PM.png', '2_1729878723_IMG_7979.jpeg', '1_1732313937_image.jpg', '1_1732571764_image.jpg', '1_1732308837_image.jpg', '1_1734387020_image.jpg', '2_1729806527_IMG_7940.png', '2_1729790952_IMG_7939.jpeg', '2_1729793457_IMG_7920.jpeg', '1_1734487460_image.jpg', '1_1732676382_image.jpg', '2_1729806423_IMG_7926.jpeg', 'IMG_7540_5.jpeg', '2_1729806390_image.jpg', '1_1732313904_image.jpg', '3_1729880431_Screen_Shot_2024-09-16_at_4.22.17_PM.png', '2_1729790270_image.jpg', '2_1729788660_IMG_7972.jpeg', '2_1729789401_IMG_7978.jpeg', 'IMG_7540_4.jpeg', '2_1729787915_image.jpg', '2_1729806527_IMG_7936.jpeg', '1_1732676354_image.jpg', '2_1729793457_IMG_7917.jpeg', '1_1732571776_image.jpg', '1_1732676066_image.jpg', '2_1729790297_IMG_7939.jpeg', '1_1732308852_image.jpg', '1_1734387117_image.jpg', '3_1729880474_Screen_Shot_2024-09-16_at_4.22.17_PM.png', '2_1729790967_image.jpg', 'image_2.jpg', '2_1729790846_IMG_7897.jpeg', '2_1729806527_IMG_7975.png', '1_1734389779_image.jpg', '1_1734387023_image.jpg', '2_1729787672_image.jpg', '2_1729806527_IMG_7974.png', '2_1729878723_IMG_7982.jpeg', '2_1729806527_IMG_7939.jpeg', 'image_3.jpg', '2_1729806500_image.jpg', 'image_1.jpg', '2_1729806527_IMG_7976.png', '1_1734371648_image.jpg', '2_1729876600_IMG_7984.jpeg', '2_1729806527_IMG_7977.png', '2_1729806527_IMG_7935.jpeg', '2_1729790259_image.jpg', '2_1729876586_image.jpg', '3_1729880431_Screen_Shot_2024-09-16_at_4.22.10_PM.png', '2_1729790568_IMG_7928.jpeg', 'image_4.jpg', '2_1729806527_IMG_7934.jpeg', '2_1729806527_IMG_7973.png', '1_1732571789_image.jpg', 'Screen_Shot_2024-06-17_at_9.19.26_PM.png', 'IMG_7540_6.jpeg', 'image_5.jpg', '1_1734385976_image.jpg', '2_1729789538_image.jpg', '2_1729789387_image.jpg', '1_1734389804_image.jpg', '2_1729806527_IMG_7938.jpeg', '1_1732676387_image.jpg', '2_1729790282_image.jpg', '2_1729806423_IMG_7913.jpeg', 'IMG_7540.jpeg', '2_1729793259_IMG_7973.png', 'IMG_7540_1.jpeg', '2_1729876600_IMG_7982.jpeg', '2_1729806527_IMG_7933.jpeg', '2_1729806527_IMG_7972.jpeg', '2_1729877408_image.jpg', '2_1729806423_IMG_7919.png', '3_1729880431_IMG_7540.jpeg', '2_1729788645_IMG_7977.png', '2_1729878714_image.jpg', '2_1729878744_image.jpg', '2_1729793180_IMG_7936.jpeg', '3_1729880451_IMG_7540.jpeg', '2_1729793259_IMG_7976.png', '1_1732676392_image.jpg', 'image.jpg', '1_1732636778_image.jpg', '1_1734371564_image.jpg', '2_1729876600_IMG_7983.jpeg', '2_1729793162_image.jpg', '1_1732636784_image.jpg']
2024-12-18 19:46:33,202 - application.list_utils - DEBUG - get_userlists_by_parent [list_utils.py:273] - get_userlists_by_parent: No lists found for parent_entry_id 310
2024-12-18 19:46:33,203 - application.list_utils - DEBUG - get_userlists_by_parent [list_utils.py:273] - get_userlists_by_parent: No lists found for parent_entry_id 311
2024-12-18 19:46:33,203 - application.list_utils - DEBUG - get_userlists_by_parent [list_utils.py:273] - get_userlists_by_parent: No lists found for parent_entry_id 312
2024-12-18 19:46:33,204 - application.list_utils - DEBUG - get_userlists_by_parent [list_utils.py:273] - get_userlists_by_parent: No lists found for parent_entry_id 316
2024-12-18 19:46:33,205 - application.list_utils - DEBUG - get_userlists_by_parent [list_utils.py:273] - get_userlists_by_parent: No lists found for parent_entry_id 317
2024-12-18 19:46:33,205 - application.list_utils - DEBUG - get_userlists_by_parent [list_utils.py:273] - get_userlists_by_parent: No lists found for parent_entry_id 318
2024-12-18 19:46:33,278 - application.list_utils - DEBUG - get_userlists_by_parent [list_utils.py:271] - get_userlists_by_parent: lists found (parent_entry_id)314: [<UserList 104>]
2024-12-18 19:46:33,278 - application.list_utils - DEBUG - get_userlists_by_parent [list_utils.py:273] - get_userlists_by_parent: No lists found for parent_entry_id 44
2024-12-18 19:46:33,279 - application.list_utils - DEBUG - get_userlists_by_parent [list_utils.py:273] - get_userlists_by_parent: No lists found for parent_entry_id 306
2024-12-18 19:46:33,280 - application.list_utils - DEBUG - get_userlists_by_parent [list_utils.py:273] - get_userlists_by_parent: No lists found for parent_entry_id 320
2024-12-18 19:46:38,896 - application.list_routes - DEBUG - create_item_and_entry [list_routes.py:70] - create_item_and_entry(): item_model: Pin, list_id: 102, item_id: None, order: 127, name: Kitchen 1 Task 5
2024-12-18 19:46:38,898 - application.list_utils - DEBUG - add_item_to_list [list_utils.py:59] - add_item_to_list(): user_list_id: 102, item_model: Pin, item_id: None, order: 127, name: Kitchen 1 Task 5
2024-12-18 19:46:38,898 - application.list_utils - DEBUG - create_new_default [list_utils.py:96] - create_new_default(): item_model: Pin, name: Kitchen 1 Task 5
2024-12-18 19:46:38,902 - application.database.events - DEBUG - remove_old_pin_and_entry_if_duplicate_task_on_photo [events.py:72] - remove_old_pin_and_entry_if_duplicate_task_on_photo called for pin: <Pin (pending 4504827520)>
2024-12-18 19:46:38,902 - application.database.events - DEBUG - remove_old_pin_and_entry_if_duplicate_task_on_photo [events.py:73] - old_pin1: None
2024-12-18 19:46:38,903 - application.database.events - DEBUG - remove_old_pin_and_entry_if_duplicate_task_on_photo [events.py:83] - No matching pin found, nothing to delete.
2024-12-18 19:46:38,906 - application.list_utils - DEBUG - create_new_default [list_utils.py:241] - new default pin new_item: <Pin 113> photo_id: 39 task_id: 119 pinlist_obj: <UserList 102>
2024-12-18 19:46:38,912 - application.list_routes - DEBUG - create_item_and_entry [list_routes.py:82] - Item added to list: Pin entry 113
