2024-12-23 11:02:37,800 - application.map - DEBUG - home_map [map.py:26] - map called with floor_id: 1
2024-12-23 11:02:37,808 - application.rooms - DEBUG - floor_room_check [rooms.py:169] - inside floor_room_check A: floor_id: 1, has_rooms: True
2024-12-23 11:02:37,810 - application.rooms - DEBUG - check_each_floor_for_rooms [rooms.py:176] - floor.rooms.count() <Floor 1> = 1
2024-12-23 11:02:37,811 - application.rooms - DEBUG - check_each_floor_for_rooms [rooms.py:176] - floor.rooms.count() <Floor 2> = 1
2024-12-23 11:02:37,813 - application.rooms - DEBUG - check_each_floor_for_rooms [rooms.py:176] - floor.rooms.count() <Floor 3> = 1
2024-12-23 11:02:37,815 - application.rooms - DEBUG - check_each_floor_for_rooms [rooms.py:176] - floor.rooms.count() <Floor 4> = 1
2024-12-23 11:02:37,816 - application.rooms - DEBUG - floor_room_check [rooms.py:171] - inside floor_room_check B: floor_id: 1, has_rooms: True
2024-12-23 11:02:37,817 - application.map - DEBUG - home_map [map.py:29] - room check: floor_id: 1, has_rooms: True
2024-12-23 11:02:37,817 - application.floors - DEBUG - set_active_floor [floors.py:43] - set_active_floor called with floor_id: 1
2024-12-23 11:02:37,823 - application.floors - DEBUG - set_active_floor [floors.py:54] - current_user.active_home.active_floor: <Floor 1>
2024-12-23 11:02:37,825 - application.list_utils - DEBUG - get_list_entries_for_item [list_utils.py:428] - found_entries for <Home 1>: [<UserListEntry 1>]
2024-12-23 11:02:37,830 - application.list_utils - DEBUG - get_list_entries_for_item [list_utils.py:436] - Entry: <UserListEntry 1>
2024-12-23 11:02:37,831 - application.list_utils - DEBUG - get_list_entries_for_item [list_utils.py:437] - Item Model: Home, Item ID: 1
2024-12-23 11:02:37,831 - application.list_utils - DEBUG - get_list_entries_for_item [list_utils.py:438] - User List ID: 1 User List Name: bob Homes
2024-12-23 11:02:37,831 - application.list_utils - DEBUG - get_list_entries_for_item [list_utils.py:439] - user: 1
2024-12-23 11:02:37,832 - application.list_utils - DEBUG - get_userlist [list_utils.py:308] - get_userlist(): item_model: Floor, list_name: None, parent_entry_id: 1
2024-12-23 11:02:37,836 - application.list_utils - DEBUG - get_userlist [list_utils.py:322] - lists found (model, parent): [<UserList 2>]
2024-12-23 11:02:37,836 - application.list_utils - DEBUG - get_userlist [list_utils.py:349] - len(lists) == 1: None Floor 1
2024-12-23 11:02:37,836 - application.list_utils - DEBUG - get_userlist [list_utils.py:368] - userlist.entries: [<UserListEntry 2>, <UserListEntry 3>, <UserListEntry 4>, <UserListEntry 21>] List type: <class 'sqlalchemy.orm.collections.InstrumentedList'>
2024-12-23 11:02:37,837 - application.list_utils - DEBUG - get_userlist [list_utils.py:370] - List: iotsmstmi Floors, Order: 5
2024-12-23 11:02:37,837 - application.list_utils - DEBUG - get_userlist [list_utils.py:370] - List: iotsmstmi Floors, Order: 7
2024-12-23 11:02:37,837 - application.list_utils - DEBUG - get_userlist [list_utils.py:370] - List: iotsmstmi Floors, Order: 3
2024-12-23 11:02:37,837 - application.list_utils - DEBUG - get_userlist [list_utils.py:370] - List: iotsmstmi Floors, Order: 1
2024-12-23 11:02:37,837 - application.rooms - DEBUG - get_room_list [rooms.py:44] - floor_list: <UserList 2> (type: <class 'application.database.models.UserList'>)
2024-12-23 11:02:37,837 - application.rooms - DEBUG - get_room_list [rooms.py:45] - floor_list entries count: 4
2024-12-23 11:02:37,838 - application.rooms - DEBUG - get_room_list [rooms.py:52] - floor list get floor_entry.id: 2
2024-12-23 11:02:37,838 - application.rooms - DEBUG - get_room_list [rooms.py:53] - floor list get floor_entry.get_item().name: Main Floor
2024-12-23 11:02:37,877 - application.rooms - DEBUG - get_room_list [rooms.py:58] - room_list: <UserList 3> (type: <class 'application.database.models.UserList'>) parent: Main Floor
2024-12-23 11:02:37,877 - application.rooms - DEBUG - get_room_list [rooms.py:52] - floor list get floor_entry.id: 3
2024-12-23 11:02:37,878 - application.rooms - DEBUG - get_room_list [rooms.py:53] - floor list get floor_entry.get_item().name: Basement 1
2024-12-23 11:02:37,880 - application.rooms - DEBUG - get_room_list [rooms.py:58] - room_list: <UserList 4> (type: <class 'application.database.models.UserList'>) parent: Basement 1
2024-12-23 11:02:37,880 - application.rooms - DEBUG - get_room_list [rooms.py:52] - floor list get floor_entry.id: 4
2024-12-23 11:02:37,881 - application.rooms - DEBUG - get_room_list [rooms.py:53] - floor list get floor_entry.get_item().name: 3rd Floor
2024-12-23 11:02:37,882 - application.rooms - DEBUG - get_room_list [rooms.py:58] - room_list: <UserList 5> (type: <class 'application.database.models.UserList'>) parent: 3rd Floor
2024-12-23 11:02:37,883 - application.rooms - DEBUG - get_room_list [rooms.py:52] - floor list get floor_entry.id: 21
2024-12-23 11:02:37,883 - application.rooms - DEBUG - get_room_list [rooms.py:53] - floor list get floor_entry.get_item().name: 4th Floor
2024-12-23 11:02:37,885 - application.rooms - DEBUG - get_room_list [rooms.py:58] - room_list: <UserList 7> (type: <class 'application.database.models.UserList'>) parent: 4th Floor
2024-12-23 11:02:37,885 - application.list_utils - DEBUG - get_list_entries_for_item [list_utils.py:428] - found_entries for <Home 1>: [<UserListEntry 1>]
2024-12-23 11:02:37,886 - application.list_utils - DEBUG - get_list_entries_for_item [list_utils.py:436] - Entry: <UserListEntry 1>
2024-12-23 11:02:37,886 - application.list_utils - DEBUG - get_list_entries_for_item [list_utils.py:437] - Item Model: Home, Item ID: 1
2024-12-23 11:02:37,886 - application.list_utils - DEBUG - get_list_entries_for_item [list_utils.py:438] - User List ID: 1 User List Name: bob Homes
2024-12-23 11:02:37,886 - application.list_utils - DEBUG - get_list_entries_for_item [list_utils.py:439] - user: 1
2024-12-23 11:02:37,887 - application.rooms - DEBUG - get_room_list [rooms.py:59] - get_userlist(Room, current_user.active_home.name:iotsmstmi current_user.active_home.active_floor.name:Main Floor Rooms, get_list_entries_for_item(current_user.active_home)[0].id:1
2024-12-23 11:02:37,888 - application.list_utils - DEBUG - get_list_entries_for_item [list_utils.py:428] - found_entries for <Floor 1>: [<UserListEntry 2>]
2024-12-23 11:02:37,888 - application.list_utils - DEBUG - get_list_entries_for_item [list_utils.py:436] - Entry: <UserListEntry 2>
2024-12-23 11:02:37,888 - application.list_utils - DEBUG - get_list_entries_for_item [list_utils.py:437] - Item Model: Floor, Item ID: 1
2024-12-23 11:02:37,888 - application.list_utils - DEBUG - get_list_entries_for_item [list_utils.py:438] - User List ID: 2 User List Name: iotsmstmi Floors
2024-12-23 11:02:37,888 - application.list_utils - DEBUG - get_list_entries_for_item [list_utils.py:439] - user: 1
2024-12-23 11:02:37,888 - application.list_utils - DEBUG - get_userlist [list_utils.py:308] - get_userlist(): item_model: Room, list_name: None, parent_entry_id: 2
2024-12-23 11:02:37,889 - application.list_utils - DEBUG - get_userlist [list_utils.py:322] - lists found (model, parent): [<UserList 3>]
2024-12-23 11:02:37,890 - application.list_utils - DEBUG - get_userlist [list_utils.py:349] - len(lists) == 1: None Room 2
2024-12-23 11:02:37,890 - application.list_utils - DEBUG - get_userlist [list_utils.py:368] - userlist.entries: [<UserListEntry 35>] List type: <class 'sqlalchemy.orm.collections.InstrumentedList'>
2024-12-23 11:02:37,890 - application.list_utils - DEBUG - get_userlist [list_utils.py:370] - List: iotsmstmi Main Floor Rooms, Order: 0
2024-12-23 11:02:37,890 - application.map - DEBUG - home_map [map.py:36] - floor_list MAP: <UserList 2>
2024-12-23 11:02:38,262 - application.list_routes - DEBUG - show_list [list_routes.py:219] - view: horiz-scroll
2024-12-23 11:02:38,262 - application.list_routes - DEBUG - show_list [list_routes.py:219] - view: map
2024-12-23 11:02:38,266 - application.list_utils - DEBUG - get_list_entries_for_item [list_utils.py:428] - found_entries for <Home 1>: [<UserListEntry 1>]
2024-12-23 11:02:38,266 - application.list_routes - DEBUG - show_list [list_routes.py:219] - view: map
2024-12-23 11:02:38,270 - application.list_utils - DEBUG - get_list_entries_for_item [list_utils.py:415] - input_string: <Home 1>, item_model: Home, item_id: 1
2024-12-23 11:02:38,271 - application.list_utils - DEBUG - get_list_entries_for_item [list_utils.py:428] - found_entries for <Floor 1>: [<UserListEntry 2>]
2024-12-23 11:02:38,271 - application.list_utils - DEBUG - get_list_entries_for_item [list_utils.py:436] - Entry: <UserListEntry 1>
2024-12-23 11:02:38,275 - application.list_utils - DEBUG - get_list_entries_for_item [list_utils.py:437] - Item Model: Home, Item ID: 1
2024-12-23 11:02:38,275 - application.list_utils - DEBUG - get_list_entries_for_item [list_utils.py:428] - found_entries for <Home 1>: [<UserListEntry 1>]
2024-12-23 11:02:38,276 - application.list_utils - DEBUG - get_list_entries_for_item [list_utils.py:436] - Entry: <UserListEntry 2>
2024-12-23 11:02:38,276 - application.list_utils - DEBUG - get_list_entries_for_item [list_utils.py:438] - User List ID: 1 User List Name: bob Homes
2024-12-23 11:02:38,277 - application.list_utils - DEBUG - get_list_entries_for_item [list_utils.py:437] - Item Model: Floor, Item ID: 1
2024-12-23 11:02:38,278 - application.list_utils - DEBUG - get_list_entries_for_item [list_utils.py:436] - Entry: <UserListEntry 1>
2024-12-23 11:02:38,278 - application.list_utils - DEBUG - get_list_entries_for_item [list_utils.py:439] - user: 1
2024-12-23 11:02:38,278 - application.list_utils - DEBUG - get_list_entries_for_item [list_utils.py:438] - User List ID: 2 User List Name: iotsmstmi Floors
2024-12-23 11:02:38,279 - application.list_utils - DEBUG - get_list_entries_for_item [list_utils.py:437] - Item Model: Home, Item ID: 1
2024-12-23 11:02:38,279 - application.list_utils - DEBUG - get_userlist [list_utils.py:308] - get_userlist(): item_model: Floor, list_name: None, parent_entry_id: 1
2024-12-23 11:02:38,279 - application.list_utils - DEBUG - get_list_entries_for_item [list_utils.py:439] - user: 1
2024-12-23 11:02:38,280 - application.list_utils - DEBUG - get_list_entries_for_item [list_utils.py:438] - User List ID: 1 User List Name: bob Homes
2024-12-23 11:02:38,282 - application.list_utils - DEBUG - get_userlist [list_utils.py:308] - get_userlist(): item_model: Room, list_name: None, parent_entry_id: 2
2024-12-23 11:02:38,283 - application.list_utils - DEBUG - get_list_entries_for_item [list_utils.py:439] - user: 1
2024-12-23 11:02:38,283 - application.list_utils - DEBUG - get_userlist [list_utils.py:322] - lists found (model, parent): [<UserList 2>]
2024-12-23 11:02:38,284 - application.list_utils - DEBUG - get_top_userlists_by_root_parent [list_utils.py:279] - input root_parent_entry_id: 1 model: Task
2024-12-23 11:02:38,285 - application.list_utils - DEBUG - get_userlist [list_utils.py:349] - len(lists) == 1: None Floor 1
2024-12-23 11:02:38,285 - application.list_utils - DEBUG - get_userlist [list_utils.py:322] - lists found (model, parent): [<UserList 3>]
2024-12-23 11:02:38,290 - application.list_utils - DEBUG - get_userlist [list_utils.py:368] - userlist.entries: [<UserListEntry 2>, <UserListEntry 3>, <UserListEntry 4>, <UserListEntry 21>] List type: <class 'sqlalchemy.orm.collections.InstrumentedList'>
2024-12-23 11:02:38,290 - application.list_utils - DEBUG - get_userlists_by_parent [list_utils.py:271] - get_userlists_by_parent: lists found (parent_entry_id)1: [<UserList 2>]
2024-12-23 11:02:38,290 - application.list_utils - DEBUG - get_userlist [list_utils.py:349] - len(lists) == 1: None Room 2
2024-12-23 11:02:38,291 - application.list_utils - DEBUG - get_userlist [list_utils.py:370] - List: iotsmstmi Floors, Order: 5
2024-12-23 11:02:38,291 - application.list_utils - DEBUG - get_userlist [list_utils.py:368] - userlist.entries: [<UserListEntry 35>] List type: <class 'sqlalchemy.orm.collections.InstrumentedList'>
2024-12-23 11:02:38,292 - application.list_utils - DEBUG - get_userlists_by_parent [list_utils.py:271] - get_userlists_by_parent: lists found (parent_entry_id)2: [<UserList 3>]
2024-12-23 11:02:38,292 - application.list_utils - DEBUG - get_userlist [list_utils.py:370] - List: iotsmstmi Floors, Order: 7
2024-12-23 11:02:38,293 - application.list_utils - DEBUG - get_userlist [list_utils.py:370] - List: iotsmstmi Main Floor Rooms, Order: 0
2024-12-23 11:02:38,294 - application.list_utils - DEBUG - get_userlist [list_utils.py:370] - List: iotsmstmi Floors, Order: 3
2024-12-23 11:02:38,294 - application.list_utils - DEBUG - get_userlists_by_parent [list_utils.py:271] - get_userlists_by_parent: lists found (parent_entry_id)3: [<UserList 4>]
2024-12-23 11:02:38,295 - application.list_utils - DEBUG - get_userlist [list_utils.py:370] - List: iotsmstmi Floors, Order: 1
2024-12-23 11:02:38,296 - application.list_utils - DEBUG - get_userlists_by_parent [list_utils.py:271] - get_userlists_by_parent: lists found (parent_entry_id)35: [<UserList 20>, <UserList 41>]
2024-12-23 11:02:38,297 - application.list_utils - DEBUG - get_userlists_by_parent [list_utils.py:271] - get_userlists_by_parent: lists found (parent_entry_id)4: [<UserList 5>]
2024-12-23 11:02:38,299 - application.list_utils - DEBUG - get_userlists_by_parent [list_utils.py:271] - get_userlists_by_parent: lists found (parent_entry_id)2: [<UserList 3>]
2024-12-23 11:02:38,302 - application.list_utils - DEBUG - get_userlists_by_parent [list_utils.py:271] - get_userlists_by_parent: lists found (parent_entry_id)21: [<UserList 7>]
2024-12-23 11:02:38,313 - application.list_utils - DEBUG - get_userlists_by_parent [list_utils.py:271] - get_userlists_by_parent: lists found (parent_entry_id)3: [<UserList 4>]
2024-12-23 11:02:38,344 - application.list_utils - DEBUG - get_userlists_by_parent [list_utils.py:271] - get_userlists_by_parent: lists found (parent_entry_id)35: [<UserList 20>, <UserList 41>]
2024-12-23 11:02:38,345 - application.list_utils - DEBUG - get_userlists_by_parent [list_utils.py:271] - get_userlists_by_parent: lists found (parent_entry_id)4: [<UserList 5>]
2024-12-23 11:02:38,348 - application.list_utils - DEBUG - get_userlists_by_parent [list_utils.py:271] - get_userlists_by_parent: lists found (parent_entry_id)31: [<UserList 14>]
2024-12-23 11:02:38,349 - application.list_utils - DEBUG - get_userlists_by_parent [list_utils.py:271] - get_userlists_by_parent: lists found (parent_entry_id)21: [<UserList 7>]
2024-12-23 11:02:38,350 - application.list_utils - DEBUG - get_userlists_by_parent [list_utils.py:271] - get_userlists_by_parent: lists found (parent_entry_id)37: [<UserList 22>, <UserList 40>]
2024-12-23 11:02:38,359 - application.list_utils - DEBUG - get_userlists_by_parent [list_utils.py:271] - get_userlists_by_parent: lists found (parent_entry_id)23: [<UserList 8>]
2024-12-23 11:02:38,371 - application.list_utils - DEBUG - get_top_userlists_by_root_parent [list_utils.py:292] - get_top_userlists_by_root_parent: lists found (parent_entry_id)1: [<UserList 41>, <UserList 40>]
2024-12-23 11:02:38,403 - application.list_utils - DEBUG - get_userlists_by_parent [list_utils.py:273] - get_userlists_by_parent: No lists found for parent_entry_id 67
2024-12-23 11:02:38,414 - application.list_utils - DEBUG - get_userlists_by_parent [list_utils.py:273] - get_userlists_by_parent: No lists found for parent_entry_id 68
2024-12-23 11:02:38,417 - application.list_utils - DEBUG - get_userlists_by_parent [list_utils.py:273] - get_userlists_by_parent: No lists found for parent_entry_id 69
2024-12-23 11:02:38,420 - application.list_utils - DEBUG - get_userlists_by_parent [list_utils.py:273] - get_userlists_by_parent: No lists found for parent_entry_id 61
2024-12-23 11:02:38,427 - application.list_utils - DEBUG - get_userlists_by_parent [list_utils.py:273] - get_userlists_by_parent: No lists found for parent_entry_id 62
2024-12-23 11:02:38,450 - application.list_utils - DEBUG - get_userlists_by_parent [list_utils.py:273] - get_userlists_by_parent: No lists found for parent_entry_id 63
2024-12-23 11:02:38,613 - application.list_utils - DEBUG - get_list_entries_for_item [list_utils.py:428] - found_entries for <Photo 8>: [<UserListEntry 34>]
2024-12-23 11:02:38,616 - application.list_utils - DEBUG - get_list_entries_for_item [list_utils.py:436] - Entry: <UserListEntry 34>
2024-12-23 11:02:38,617 - application.list_utils - DEBUG - get_list_entries_for_item [list_utils.py:437] - Item Model: Photo, Item ID: 8
2024-12-23 11:02:38,618 - application.list_utils - DEBUG - get_list_entries_for_item [list_utils.py:438] - User List ID: 20 User List Name: Bedroom 1 Photos
2024-12-23 11:02:38,619 - application.list_utils - DEBUG - get_list_entries_for_item [list_utils.py:439] - user: 1
2024-12-23 11:02:38,621 - application.list_routes - DEBUG - show_photo_entry [list_routes.py:312] - view_override: None
2024-12-23 11:02:38,622 - application.list_routes - DEBUG - show_photo_entry [list_routes.py:317] - view: map
2024-12-23 11:02:40,440 - application.walkthrough - DEBUG - walk_start [walkthrough.py:34] - get room_name: Bedroom 1
2024-12-23 11:02:40,440 - application.walkthrough - DEBUG - walk_start [walkthrough.py:35] - get view: room
2024-12-23 11:02:40,442 - application.walkthrough - DEBUG - walk_start [walkthrough.py:39] - room: (<Room 6>,) room_name: Bedroom 1 room name name: Bedroom 1
2024-12-23 11:02:40,446 - application.rooms - DEBUG - set_active_room [rooms.py:120] - current_user.active_home.active_room: <Room 6>
2024-12-23 11:02:40,446 - application.walkthrough - DEBUG - walk_start [walkthrough.py:52] - view: room
2024-12-23 11:02:40,460 - application.walkthrough - DEBUG - views [walkthrough.py:70] - view?: room
2024-12-23 11:02:40,460 - application.walkthrough - DEBUG - views [walkthrough.py:73] - File exists!: walkthrough/parts/room.html.jinja
2024-12-23 11:02:40,732 - application.list_routes - DEBUG - show_list [list_routes.py:219] - view: horiz-scroll
2024-12-23 11:02:40,740 - application.list_utils - DEBUG - get_list_entries_for_item [list_utils.py:428] - found_entries for <Home 1>: [<UserListEntry 1>]
2024-12-23 11:02:40,741 - application.list_routes - DEBUG - show_list [list_routes.py:219] - view: horiz-scroll
2024-12-23 11:02:40,742 - application.walkthrough - DEBUG - views [walkthrough.py:70] - view?: room
2024-12-23 11:02:40,744 - application.list_utils - DEBUG - get_list_entries_for_item [list_utils.py:436] - Entry: <UserListEntry 1>
2024-12-23 11:02:40,745 - application.walkthrough - DEBUG - views [walkthrough.py:73] - File exists!: walkthrough/parts/room.html.jinja
2024-12-23 11:02:40,745 - application.list_utils - DEBUG - get_list_entries_for_item [list_utils.py:437] - Item Model: Home, Item ID: 1
2024-12-23 11:02:40,746 - application.list_utils - DEBUG - get_list_entries_for_item [list_utils.py:428] - found_entries for <Floor 1>: [<UserListEntry 2>]
2024-12-23 11:02:40,746 - application.list_utils - DEBUG - get_list_entries_for_item [list_utils.py:438] - User List ID: 1 User List Name: bob Homes
2024-12-23 11:02:40,756 - application.list_utils - DEBUG - get_list_entries_for_item [list_utils.py:439] - user: 1
2024-12-23 11:02:40,758 - application.list_utils - DEBUG - get_userlist [list_utils.py:308] - get_userlist(): item_model: Floor, list_name: None, parent_entry_id: 1
2024-12-23 11:02:40,759 - application.list_utils - DEBUG - get_list_entries_for_item [list_utils.py:436] - Entry: <UserListEntry 2>
2024-12-23 11:02:40,761 - application.list_utils - DEBUG - get_userlist [list_utils.py:322] - lists found (model, parent): [<UserList 2>]
2024-12-23 11:02:40,761 - application.list_utils - DEBUG - get_list_entries_for_item [list_utils.py:437] - Item Model: Floor, Item ID: 1
2024-12-23 11:02:40,762 - application.list_utils - DEBUG - get_userlist [list_utils.py:349] - len(lists) == 1: None Floor 1
2024-12-23 11:02:40,763 - application.list_utils - DEBUG - get_list_entries_for_item [list_utils.py:438] - User List ID: 2 User List Name: iotsmstmi Floors
2024-12-23 11:02:40,764 - application.list_utils - DEBUG - get_userlist [list_utils.py:368] - userlist.entries: [<UserListEntry 2>, <UserListEntry 3>, <UserListEntry 4>, <UserListEntry 21>] List type: <class 'sqlalchemy.orm.collections.InstrumentedList'>
2024-12-23 11:02:40,764 - application.list_utils - DEBUG - get_list_entries_for_item [list_utils.py:439] - user: 1
2024-12-23 11:02:40,765 - application.list_utils - DEBUG - get_userlist [list_utils.py:370] - List: iotsmstmi Floors, Order: 5
2024-12-23 11:02:40,765 - application.list_utils - DEBUG - get_userlist [list_utils.py:308] - get_userlist(): item_model: Room, list_name: None, parent_entry_id: 2
2024-12-23 11:02:40,766 - application.list_utils - DEBUG - get_userlist [list_utils.py:370] - List: iotsmstmi Floors, Order: 7
2024-12-23 11:02:40,768 - application.list_utils - DEBUG - get_userlist [list_utils.py:370] - List: iotsmstmi Floors, Order: 3
2024-12-23 11:02:40,769 - application.list_utils - DEBUG - get_userlist [list_utils.py:322] - lists found (model, parent): [<UserList 3>]
2024-12-23 11:02:40,769 - application.list_utils - DEBUG - get_userlist [list_utils.py:370] - List: iotsmstmi Floors, Order: 1
2024-12-23 11:02:40,770 - application.list_utils - DEBUG - get_userlist [list_utils.py:349] - len(lists) == 1: None Room 2
2024-12-23 11:02:40,771 - application.list_utils - DEBUG - get_userlists_by_parent [list_utils.py:271] - get_userlists_by_parent: lists found (parent_entry_id)2: [<UserList 3>]
2024-12-23 11:02:40,771 - application.list_utils - DEBUG - get_userlist [list_utils.py:368] - userlist.entries: [<UserListEntry 35>] List type: <class 'sqlalchemy.orm.collections.InstrumentedList'>
2024-12-23 11:02:40,774 - application.list_utils - DEBUG - get_userlist [list_utils.py:370] - List: iotsmstmi Main Floor Rooms, Order: 0
2024-12-23 11:02:40,773 - application.list_utils - DEBUG - get_userlists_by_parent [list_utils.py:271] - get_userlists_by_parent: lists found (parent_entry_id)3: [<UserList 4>]
2024-12-23 11:02:40,777 - application.list_utils - DEBUG - get_userlists_by_parent [list_utils.py:271] - get_userlists_by_parent: lists found (parent_entry_id)35: [<UserList 20>, <UserList 41>]
2024-12-23 11:02:40,777 - application.list_utils - DEBUG - get_userlists_by_parent [list_utils.py:271] - get_userlists_by_parent: lists found (parent_entry_id)4: [<UserList 5>]
2024-12-23 11:02:40,780 - application.list_utils - DEBUG - get_userlists_by_parent [list_utils.py:271] - get_userlists_by_parent: lists found (parent_entry_id)21: [<UserList 7>]
2024-12-23 11:02:41,020 - application.list_routes - DEBUG - show_list [list_routes.py:219] - view: quicknote
2024-12-23 11:02:41,022 - application.list_utils - DEBUG - get_list_entries_for_item [list_utils.py:428] - found_entries for <Photo 8>: [<UserListEntry 34>]
2024-12-23 11:02:41,023 - application.list_utils - DEBUG - get_list_entries_for_item [list_utils.py:428] - found_entries for <Room 6>: [<UserListEntry 35>]
2024-12-23 11:02:41,024 - application.list_utils - DEBUG - get_list_entries_for_item [list_utils.py:436] - Entry: <UserListEntry 34>
2024-12-23 11:02:41,025 - application.list_utils - DEBUG - get_list_entries_for_item [list_utils.py:436] - Entry: <UserListEntry 35>
2024-12-23 11:02:41,025 - application.list_utils - DEBUG - get_list_entries_for_item [list_utils.py:437] - Item Model: Photo, Item ID: 8
2024-12-23 11:02:41,026 - application.list_utils - DEBUG - get_list_entries_for_item [list_utils.py:437] - Item Model: Room, Item ID: 6
2024-12-23 11:02:41,026 - application.list_utils - DEBUG - get_list_entries_for_item [list_utils.py:438] - User List ID: 20 User List Name: Bedroom 1 Photos
2024-12-23 11:02:41,026 - application.list_utils - DEBUG - get_list_entries_for_item [list_utils.py:438] - User List ID: 3 User List Name: iotsmstmi Main Floor Rooms
2024-12-23 11:02:41,027 - application.list_utils - DEBUG - get_list_entries_for_item [list_utils.py:439] - user: 1
2024-12-23 11:02:41,027 - application.list_utils - DEBUG - get_list_entries_for_item [list_utils.py:439] - user: 1
2024-12-23 11:02:41,027 - application.list_routes - DEBUG - show_photo_entry [list_routes.py:312] - view_override: pingrid
2024-12-23 11:02:41,028 - application.list_utils - DEBUG - get_userlist [list_utils.py:308] - get_userlist(): item_model: Task, list_name: None, parent_entry_id: 35
2024-12-23 11:02:41,027 - application.list_routes - DEBUG - show_photo_entry [list_routes.py:317] - view: pingrid
2024-12-23 11:02:41,030 - application.list_utils - DEBUG - get_userlist [list_utils.py:322] - lists found (model, parent): [<UserList 41>]
2024-12-23 11:02:41,033 - application.list_utils - DEBUG - get_userlist [list_utils.py:349] - len(lists) == 1: None Task 35
2024-12-23 11:02:41,034 - application.list_utils - DEBUG - get_userlist [list_utils.py:368] - userlist.entries: [<UserListEntry 67>, <UserListEntry 68>, <UserListEntry 69>] List type: <class 'sqlalchemy.orm.collections.InstrumentedList'>
2024-12-23 11:02:41,035 - application.list_utils - DEBUG - get_userlist [list_utils.py:370] - List: Bedroom 1 Tasks, Order: 145
2024-12-23 11:02:41,036 - application.list_utils - DEBUG - get_userlist [list_utils.py:370] - List: Bedroom 1 Tasks, Order: 146
2024-12-23 11:02:41,036 - application.list_utils - DEBUG - get_userlist [list_utils.py:370] - List: Bedroom 1 Tasks, Order: 147
2024-12-23 11:02:41,039 - application.list_utils - DEBUG - get_userlists_by_parent [list_utils.py:273] - get_userlists_by_parent: No lists found for parent_entry_id 67
2024-12-23 11:02:41,043 - application.list_utils - DEBUG - get_userlists_by_parent [list_utils.py:273] - get_userlists_by_parent: No lists found for parent_entry_id 68
2024-12-23 11:02:41,045 - application.list_utils - DEBUG - get_userlists_by_parent [list_utils.py:273] - get_userlists_by_parent: No lists found for parent_entry_id 69
2024-12-23 11:02:41,252 - application.list_routes - DEBUG - show_list [list_routes.py:219] - view: pingrid
2024-12-23 11:02:41,259 - application.list_utils - DEBUG - get_userlists_by_parent [list_utils.py:273] - get_userlists_by_parent: No lists found for parent_entry_id 70
2024-12-23 11:02:43,996 - application.walkthrough - DEBUG - views [walkthrough.py:68] - view: room
2024-12-23 11:02:43,996 - application.walkthrough - DEBUG - views [walkthrough.py:70] - view?: room
2024-12-23 11:02:43,996 - application.walkthrough - DEBUG - views [walkthrough.py:73] - File exists!: walkthrough/parts/room.html.jinja
2024-12-23 11:02:44,074 - application.list_routes - DEBUG - show_list [list_routes.py:219] - view: quicknote
2024-12-23 11:02:44,076 - application.list_utils - DEBUG - get_list_entries_for_item [list_utils.py:428] - found_entries for <Photo 8>: [<UserListEntry 34>]
2024-12-23 11:02:44,077 - application.list_utils - DEBUG - get_list_entries_for_item [list_utils.py:428] - found_entries for <Room 6>: [<UserListEntry 35>]
2024-12-23 11:02:44,078 - application.list_utils - DEBUG - get_list_entries_for_item [list_utils.py:436] - Entry: <UserListEntry 34>
2024-12-23 11:02:44,078 - application.list_utils - DEBUG - get_list_entries_for_item [list_utils.py:437] - Item Model: Photo, Item ID: 8
2024-12-23 11:02:44,078 - application.list_utils - DEBUG - get_list_entries_for_item [list_utils.py:436] - Entry: <UserListEntry 35>
2024-12-23 11:02:44,079 - application.list_utils - DEBUG - get_list_entries_for_item [list_utils.py:438] - User List ID: 20 User List Name: Bedroom 1 Photos
2024-12-23 11:02:44,079 - application.list_utils - DEBUG - get_list_entries_for_item [list_utils.py:437] - Item Model: Room, Item ID: 6
2024-12-23 11:02:44,079 - application.list_utils - DEBUG - get_list_entries_for_item [list_utils.py:439] - user: 1
2024-12-23 11:02:44,080 - application.list_routes - DEBUG - show_photo_entry [list_routes.py:312] - view_override: pingrid
2024-12-23 11:02:44,080 - application.list_utils - DEBUG - get_list_entries_for_item [list_utils.py:438] - User List ID: 3 User List Name: iotsmstmi Main Floor Rooms
2024-12-23 11:02:44,080 - application.list_routes - DEBUG - show_photo_entry [list_routes.py:317] - view: pingrid
2024-12-23 11:02:44,080 - application.list_utils - DEBUG - get_list_entries_for_item [list_utils.py:439] - user: 1
2024-12-23 11:02:44,082 - application.list_utils - DEBUG - get_userlist [list_utils.py:308] - get_userlist(): item_model: Task, list_name: None, parent_entry_id: 35
2024-12-23 11:02:44,084 - application.list_utils - DEBUG - get_userlist [list_utils.py:322] - lists found (model, parent): [<UserList 41>]
2024-12-23 11:02:44,085 - application.list_utils - DEBUG - get_userlist [list_utils.py:349] - len(lists) == 1: None Task 35
2024-12-23 11:02:44,085 - application.list_utils - DEBUG - get_userlist [list_utils.py:368] - userlist.entries: [<UserListEntry 67>, <UserListEntry 68>, <UserListEntry 69>] List type: <class 'sqlalchemy.orm.collections.InstrumentedList'>
2024-12-23 11:02:44,087 - application.list_utils - DEBUG - get_userlist [list_utils.py:370] - List: Bedroom 1 Tasks, Order: 145
2024-12-23 11:02:44,087 - application.list_utils - DEBUG - get_userlist [list_utils.py:370] - List: Bedroom 1 Tasks, Order: 146
2024-12-23 11:02:44,087 - application.list_utils - DEBUG - get_userlist [list_utils.py:370] - List: Bedroom 1 Tasks, Order: 147
2024-12-23 11:02:44,089 - application.list_utils - DEBUG - get_userlists_by_parent [list_utils.py:273] - get_userlists_by_parent: No lists found for parent_entry_id 67
2024-12-23 11:02:44,091 - application.list_utils - DEBUG - get_userlists_by_parent [list_utils.py:273] - get_userlists_by_parent: No lists found for parent_entry_id 68
2024-12-23 11:02:44,093 - application.list_utils - DEBUG - get_userlists_by_parent [list_utils.py:273] - get_userlists_by_parent: No lists found for parent_entry_id 69
2024-12-23 11:02:44,137 - application.list_routes - DEBUG - show_list [list_routes.py:219] - view: pingrid
2024-12-23 11:02:44,138 - application.list_utils - DEBUG - get_userlists_by_parent [list_utils.py:273] - get_userlists_by_parent: No lists found for parent_entry_id 70
2024-12-23 11:02:46,375 - application.list_routes - DEBUG - create_item_and_entry [list_routes.py:78] - create_item_and_entry(): item_model: Pin, list_id: 21, item_id: None, order: 42, name: Bedroom 1 Task 2
2024-12-23 11:02:46,377 - application.list_utils - DEBUG - add_item_to_list [list_utils.py:59] - add_item_to_list(): user_list_id: 21, item_model: Pin, item_id: None, order: 42, name: Bedroom 1 Task 2
2024-12-23 11:02:46,377 - application.list_utils - DEBUG - create_new_default [list_utils.py:96] - create_new_default(): item_model: Pin, name: Bedroom 1 Task 2
2024-12-23 11:02:46,382 - application.database.events - DEBUG - remove_old_pin_and_entry_if_duplicate_task_on_photo [events.py:72] - remove_old_pin_and_entry_if_duplicate_task_on_photo called for pin: <Pin (pending 4370157632)>
2024-12-23 11:02:46,382 - application.database.events - DEBUG - remove_old_pin_and_entry_if_duplicate_task_on_photo [events.py:73] - old_pin1: None
2024-12-23 11:02:46,382 - application.database.events - DEBUG - remove_old_pin_and_entry_if_duplicate_task_on_photo [events.py:83] - No matching pin found, nothing to delete.
2024-12-23 11:02:46,386 - application.list_utils - DEBUG - create_new_default [list_utils.py:241] - new default pin new_item: <Pin 9> photo_id: 8 task_id: 9 pinlist_obj: <UserList 21>
2024-12-23 11:02:46,392 - application.list_routes - DEBUG - create_item_and_entry [list_routes.py:90] - Item added to list: Pin entry 9
2024-12-23 11:02:49,953 - application.list_routes - DEBUG - create_item_and_entry [list_routes.py:78] - create_item_and_entry(): item_model: Pin, list_id: 21, item_id: None, order: 45, name: Bedroom 1 Task 3
2024-12-23 11:02:49,954 - application.list_utils - DEBUG - add_item_to_list [list_utils.py:59] - add_item_to_list(): user_list_id: 21, item_model: Pin, item_id: None, order: 45, name: Bedroom 1 Task 3
2024-12-23 11:02:49,954 - application.list_utils - DEBUG - create_new_default [list_utils.py:96] - create_new_default(): item_model: Pin, name: Bedroom 1 Task 3
2024-12-23 11:02:49,956 - application.database.events - DEBUG - remove_old_pin_and_entry_if_duplicate_task_on_photo [events.py:72] - remove_old_pin_and_entry_if_duplicate_task_on_photo called for pin: <Pin (pending 4372238976)>
2024-12-23 11:02:49,956 - application.database.events - DEBUG - remove_old_pin_and_entry_if_duplicate_task_on_photo [events.py:73] - old_pin1: None
2024-12-23 11:02:49,956 - application.database.events - DEBUG - remove_old_pin_and_entry_if_duplicate_task_on_photo [events.py:83] - No matching pin found, nothing to delete.
2024-12-23 11:02:49,959 - application.list_utils - DEBUG - create_new_default [list_utils.py:241] - new default pin new_item: <Pin 10> photo_id: 8 task_id: 10 pinlist_obj: <UserList 21>
2024-12-23 11:02:49,964 - application.list_routes - DEBUG - create_item_and_entry [list_routes.py:90] - Item added to list: Pin entry 10
2024-12-23 11:02:54,115 - application.list_routes - DEBUG - create_item_and_entry [list_routes.py:78] - create_item_and_entry(): item_model: Pin, list_id: 21, item_id: None, order: 24, name: Bedroom 1 Task 1
2024-12-23 11:02:54,117 - application.list_utils - DEBUG - add_item_to_list [list_utils.py:59] - add_item_to_list(): user_list_id: 21, item_model: Pin, item_id: None, order: 24, name: Bedroom 1 Task 1
2024-12-23 11:02:54,118 - application.list_utils - DEBUG - create_new_default [list_utils.py:96] - create_new_default(): item_model: Pin, name: Bedroom 1 Task 1
2024-12-23 11:02:54,119 - application.list_utils - DEBUG - create_new_default [list_utils.py:235] - Pin with task_id 8 and photo_id 8 already exists, skipping
2024-12-23 11:02:54,120 - application.list_utils - DEBUG - get_list_entries_for_item [list_utils.py:428] - found_entries for <Pin 8>: [<UserListEntry 70>]
2024-12-23 11:02:54,120 - application.list_utils - DEBUG - get_list_entries_for_item [list_utils.py:436] - Entry: <UserListEntry 70>
2024-12-23 11:02:54,120 - application.list_utils - DEBUG - get_list_entries_for_item [list_utils.py:437] - Item Model: Pin, Item ID: 8
2024-12-23 11:02:54,120 - application.list_utils - DEBUG - get_list_entries_for_item [list_utils.py:438] - User List ID: 21 User List Name: Bedroom 1 default_cover_image Pins
2024-12-23 11:02:54,120 - application.list_utils - DEBUG - get_list_entries_for_item [list_utils.py:439] - user: 1
2024-12-23 11:02:54,125 - application.list_routes - DEBUG - create_item_and_entry [list_routes.py:90] - Item added to list: Pin entry 8
