2024-12-22 20:24:45,691 - logs.logging_config - DEBUG - configure_logging [logging_config.py:178] - Application logging configured
2024-12-22 20:24:45,692 - logs.logging_config - INFO - configure_logging [logging_config.py:187] - Application started in production environment
2024-12-22 20:24:45,692 - application - DEBUG - create_app [__init__.py:28] - test2
2024-12-22 20:24:46,554 - application - DEBUG - after_request_time [__init__.py:42] - Request to / took 0.0101470947265625 seconds
2024-12-22 20:24:46,554 - application - DEBUG - after_request_time [__init__.py:44] - view (after_request): rooms
2024-12-22 20:24:46,555 - application - DEBUG - after_request_time [__init__.py:46] - template (after_request): None
2024-12-22 20:24:46,790 - application - DEBUG - after_request_time [__init__.py:42] - Request to /home/rooms/setup/2 took 0.1832437515258789 seconds
2024-12-22 20:24:46,790 - application - DEBUG - after_request_time [__init__.py:44] - view (after_request): rooms
2024-12-22 20:24:46,790 - application - DEBUG - after_request_time [__init__.py:46] - template (after_request): homes/create_rooms.html.jinja
2024-12-22 20:24:46,900 - application - DEBUG - after_request_time [__init__.py:42] - Request to /static/css/main.css took 0.012876033782958984 seconds
2024-12-22 20:24:46,902 - application - DEBUG - after_request_time [__init__.py:42] - Request to /static/js/bundle.js took 0.011847972869873047 seconds
2024-12-22 20:24:46,902 - application - DEBUG - after_request_time [__init__.py:44] - view (after_request): rooms
2024-12-22 20:24:46,902 - application - DEBUG - after_request_time [__init__.py:44] - view (after_request): rooms
2024-12-22 20:24:46,903 - application - DEBUG - after_request_time [__init__.py:46] - template (after_request): None
2024-12-22 20:24:46,903 - application - DEBUG - after_request_time [__init__.py:46] - template (after_request): None
2024-12-22 20:24:46,945 - application - DEBUG - after_request_time [__init__.py:42] - Request to /static/css/color-mode.css took 0.0031409263610839844 seconds
2024-12-22 20:24:46,947 - application - DEBUG - after_request_time [__init__.py:44] - view (after_request): rooms
2024-12-22 20:24:46,949 - application - DEBUG - after_request_time [__init__.py:46] - template (after_request): None
2024-12-22 20:24:46,952 - application - DEBUG - after_request_time [__init__.py:42] - Request to /static/css/flash-message.css took 0.005727052688598633 seconds
2024-12-22 20:24:46,954 - application - DEBUG - after_request_time [__init__.py:44] - view (after_request): rooms
2024-12-22 20:24:46,955 - application - DEBUG - after_request_time [__init__.py:42] - Request to /static/css/sortables.css took 0.001580953598022461 seconds
2024-12-22 20:24:46,955 - application - DEBUG - after_request_time [__init__.py:46] - template (after_request): None
2024-12-22 20:24:46,957 - application - DEBUG - after_request_time [__init__.py:42] - Request to /static/css/typography.css took 0.0027399063110351562 seconds
2024-12-22 20:24:46,957 - application - DEBUG - after_request_time [__init__.py:44] - view (after_request): rooms
2024-12-22 20:24:46,959 - application - DEBUG - after_request_time [__init__.py:44] - view (after_request): rooms
2024-12-22 20:24:46,959 - application - DEBUG - after_request_time [__init__.py:46] - template (after_request): None
2024-12-22 20:24:46,961 - application - DEBUG - after_request_time [__init__.py:46] - template (after_request): None
2024-12-22 20:24:47,005 - application - DEBUG - after_request_time [__init__.py:42] - Request to /favicon.ico took 0.0006690025329589844 seconds
2024-12-22 20:24:47,006 - application - DEBUG - after_request_time [__init__.py:44] - view (after_request): rooms
2024-12-22 20:24:47,006 - application - DEBUG - after_request_time [__init__.py:46] - template (after_request): None
2024-12-22 20:24:47,126 - application - DEBUG - after_request_time [__init__.py:42] - Request to /show_list/4 took 0.09835386276245117 seconds
2024-12-22 20:24:47,127 - application - DEBUG - after_request_time [__init__.py:44] - view (after_request): rooms
2024-12-22 20:24:47,128 - application - DEBUG - after_request_time [__init__.py:46] - template (after_request): lists/list.html.jinja
2024-12-22 20:24:47,191 - application - DEBUG - after_request_time [__init__.py:42] - Request to /show_list/ took 0.16910982131958008 seconds
2024-12-22 20:24:47,204 - application - DEBUG - after_request_time [__init__.py:44] - view (after_request): rooms
2024-12-22 20:24:47,205 - application - DEBUG - after_request_time [__init__.py:46] - template (after_request): lists/list.html.jinja
2024-12-22 20:24:47,229 - application - DEBUG - after_request_time [__init__.py:42] - Request to /show_list/6 took 0.1933441162109375 seconds
2024-12-22 20:24:47,229 - application - DEBUG - after_request_time [__init__.py:44] - view (after_request): rooms
2024-12-22 20:24:47,230 - application - DEBUG - after_request_time [__init__.py:46] - template (after_request): lists/list.html.jinja
2024-12-22 20:24:51,379 - application - DEBUG - after_request_time [__init__.py:42] - Request to /create/Room/4 took 0.08606600761413574 seconds
2024-12-22 20:24:51,379 - application - DEBUG - after_request_time [__init__.py:44] - view (after_request): rooms
2024-12-22 20:24:51,380 - application - DEBUG - after_request_time [__init__.py:46] - template (after_request): lists/model/room.html.jinja
2024-12-22 20:24:51,460 - application - DEBUG - after_request_time [__init__.py:42] - Request to /show_photo_entry/5 took 0.03838181495666504 seconds
2024-12-22 20:24:51,460 - application - DEBUG - after_request_time [__init__.py:44] - view (after_request): rooms
2024-12-22 20:24:51,460 - application - DEBUG - after_request_time [__init__.py:46] - template (after_request): lists/model/photo.html.jinja
2024-12-22 20:24:51,475 - application - DEBUG - after_request_time [__init__.py:42] - Request to /static/defaults/generic_room.jpg took 0.00092315673828125 seconds
2024-12-22 20:24:51,475 - application - DEBUG - after_request_time [__init__.py:44] - view (after_request): rooms
2024-12-22 20:24:51,475 - application - DEBUG - after_request_time [__init__.py:46] - template (after_request): None
2024-12-22 20:24:51,539 - application - DEBUG - after_request_time [__init__.py:42] - Request to /show_list/17 took 0.044783830642700195 seconds
2024-12-22 20:24:51,539 - application - DEBUG - after_request_time [__init__.py:44] - view (after_request): rooms
2024-12-22 20:24:51,539 - application - DEBUG - after_request_time [__init__.py:46] - template (after_request): lists/list.html.jinja
2024-12-22 20:24:52,394 - application - DEBUG - after_request_time [__init__.py:42] - Request to /update_list_order/4 took 0.09777688980102539 seconds
2024-12-22 20:24:52,394 - application - DEBUG - after_request_time [__init__.py:42] - Request to /update_list_order/6 took 0.09405732154846191 seconds
2024-12-22 20:24:52,395 - application - DEBUG - after_request_time [__init__.py:44] - view (after_request): rooms
2024-12-22 20:24:52,395 - application - DEBUG - after_request_time [__init__.py:44] - view (after_request): rooms
2024-12-22 20:24:52,395 - application - DEBUG - after_request_time [__init__.py:46] - template (after_request): None
2024-12-22 20:24:52,396 - application - DEBUG - after_request_time [__init__.py:46] - template (after_request): None
2024-12-22 20:24:54,125 - application - DEBUG - after_request_time [__init__.py:42] - Request to /floorplan/next took 0.02833390235900879 seconds
2024-12-22 20:24:54,125 - application - DEBUG - after_request_time [__init__.py:44] - view (after_request): rooms
2024-12-22 20:24:54,125 - application - DEBUG - after_request_time [__init__.py:46] - template (after_request): None
2024-12-22 20:24:54,143 - application - DEBUG - after_request_time [__init__.py:42] - Request to /floorplan/3 took 0.0038988590240478516 seconds
2024-12-22 20:24:54,143 - application - DEBUG - after_request_time [__init__.py:44] - view (after_request): rooms
2024-12-22 20:24:54,143 - application - DEBUG - after_request_time [__init__.py:46] - template (after_request): None
2024-12-22 20:24:54,192 - application - DEBUG - after_request_time [__init__.py:42] - Request to /home/rooms/setup/3 took 0.03679704666137695 seconds
2024-12-22 20:24:54,192 - application - DEBUG - after_request_time [__init__.py:44] - view (after_request): rooms
2024-12-22 20:24:54,192 - application - DEBUG - after_request_time [__init__.py:46] - template (after_request): homes/create_rooms.html.jinja
2024-12-22 20:24:54,259 - application - DEBUG - after_request_time [__init__.py:42] - Request to /static/js/bundle.js took 0.0016140937805175781 seconds
2024-12-22 20:24:54,260 - application - DEBUG - after_request_time [__init__.py:42] - Request to /static/css/main.css took 0.0019490718841552734 seconds
2024-12-22 20:24:54,261 - application - DEBUG - after_request_time [__init__.py:44] - view (after_request): rooms
2024-12-22 20:24:54,260 - application - DEBUG - after_request_time [__init__.py:44] - view (after_request): rooms
2024-12-22 20:24:54,261 - application - DEBUG - after_request_time [__init__.py:46] - template (after_request): None
2024-12-22 20:24:54,262 - application - DEBUG - after_request_time [__init__.py:46] - template (after_request): None
2024-12-22 20:24:54,300 - application - DEBUG - after_request_time [__init__.py:42] - Request to /static/css/color-mode.css took 0.002562999725341797 seconds
2024-12-22 20:24:54,305 - application - DEBUG - after_request_time [__init__.py:44] - view (after_request): rooms
2024-12-22 20:24:54,307 - application - DEBUG - after_request_time [__init__.py:42] - Request to /static/css/flash-message.css took 0.005636930465698242 seconds
2024-12-22 20:24:54,308 - application - DEBUG - after_request_time [__init__.py:42] - Request to /static/css/typography.css took 0.0021812915802001953 seconds
2024-12-22 20:24:54,309 - application - DEBUG - after_request_time [__init__.py:42] - Request to /static/css/sortables.css took 0.0017142295837402344 seconds
2024-12-22 20:24:54,309 - application - DEBUG - after_request_time [__init__.py:46] - template (after_request): None
2024-12-22 20:24:54,309 - application - DEBUG - after_request_time [__init__.py:44] - view (after_request): rooms
2024-12-22 20:24:54,310 - application - DEBUG - after_request_time [__init__.py:44] - view (after_request): rooms
2024-12-22 20:24:54,310 - application - DEBUG - after_request_time [__init__.py:44] - view (after_request): rooms
2024-12-22 20:24:54,311 - application - DEBUG - after_request_time [__init__.py:46] - template (after_request): None
2024-12-22 20:24:54,312 - application - DEBUG - after_request_time [__init__.py:46] - template (after_request): None
2024-12-22 20:24:54,313 - application - DEBUG - after_request_time [__init__.py:46] - template (after_request): None
2024-12-22 20:24:54,384 - application - DEBUG - after_request_time [__init__.py:42] - Request to /show_list/5 took 0.014334917068481445 seconds
2024-12-22 20:24:54,385 - application - DEBUG - after_request_time [__init__.py:44] - view (after_request): rooms
2024-12-22 20:24:54,385 - application - DEBUG - after_request_time [__init__.py:46] - template (after_request): lists/list.html.jinja
2024-12-22 20:24:54,414 - application - DEBUG - after_request_time [__init__.py:42] - Request to /show_list/ took 0.05138397216796875 seconds
2024-12-22 20:24:54,415 - application - DEBUG - after_request_time [__init__.py:44] - view (after_request): rooms
2024-12-22 20:24:54,416 - application - DEBUG - after_request_time [__init__.py:46] - template (after_request): lists/list.html.jinja
2024-12-22 20:24:54,440 - application - DEBUG - after_request_time [__init__.py:42] - Request to /show_photo_entry/3 took 0.016438961029052734 seconds
2024-12-22 20:24:54,442 - application - DEBUG - after_request_time [__init__.py:44] - view (after_request): rooms
2024-12-22 20:24:54,444 - application - DEBUG - after_request_time [__init__.py:46] - template (after_request): lists/model/photo.html.jinja
2024-12-22 20:24:54,448 - application - DEBUG - after_request_time [__init__.py:42] - Request to /show_list/6 took 0.07753586769104004 seconds
2024-12-22 20:24:54,448 - application - DEBUG - after_request_time [__init__.py:44] - view (after_request): rooms
2024-12-22 20:24:54,449 - application - DEBUG - after_request_time [__init__.py:46] - template (after_request): lists/list.html.jinja
2024-12-22 20:24:54,469 - application - DEBUG - after_request_time [__init__.py:42] - Request to /static/defaults/generic_room.jpg took 0.0008089542388916016 seconds
2024-12-22 20:24:54,469 - application - DEBUG - after_request_time [__init__.py:44] - view (after_request): rooms
2024-12-22 20:24:54,469 - application - DEBUG - after_request_time [__init__.py:46] - template (after_request): None
2024-12-22 20:24:54,507 - application - DEBUG - after_request_time [__init__.py:42] - Request to /show_list/13 took 0.014389991760253906 seconds
2024-12-22 20:24:54,508 - application - DEBUG - after_request_time [__init__.py:44] - view (after_request): rooms
2024-12-22 20:24:54,508 - application - DEBUG - after_request_time [__init__.py:46] - template (after_request): lists/list.html.jinja
2024-12-22 20:24:55,436 - application - DEBUG - after_request_time [__init__.py:42] - Request to /map/Floor/3 took 0.043363094329833984 seconds
2024-12-22 20:24:55,436 - application - DEBUG - after_request_time [__init__.py:44] - view (after_request): map
2024-12-22 20:24:55,437 - application - DEBUG - after_request_time [__init__.py:46] - template (after_request): map/index.html.jinja
2024-12-22 20:24:55,548 - application - DEBUG - after_request_time [__init__.py:42] - Request to /show_list/ took 0.03354382514953613 seconds
2024-12-22 20:24:55,548 - application - DEBUG - after_request_time [__init__.py:44] - view (after_request): map
2024-12-22 20:24:55,549 - application - DEBUG - after_request_time [__init__.py:46] - template (after_request): lists/list.html.jinja
2024-12-22 20:24:55,565 - application - DEBUG - after_request_time [__init__.py:42] - Request to /show_list/ took 0.056201934814453125 seconds
2024-12-22 20:24:55,567 - application - DEBUG - after_request_time [__init__.py:44] - view (after_request): map
2024-12-22 20:24:55,568 - application - DEBUG - after_request_time [__init__.py:46] - template (after_request): lists/list.html.jinja
2024-12-22 20:24:55,570 - application - DEBUG - after_request_time [__init__.py:42] - Request to /show_list/ took 0.0568997859954834 seconds
2024-12-22 20:24:55,570 - application - DEBUG - after_request_time [__init__.py:44] - view (after_request): map
2024-12-22 20:24:55,570 - application - DEBUG - after_request_time [__init__.py:46] - template (after_request): None
2024-12-22 20:24:55,717 - application - DEBUG - after_request_time [__init__.py:42] - Request to /show_photo_entry/3 took 0.005217075347900391 seconds
2024-12-22 20:24:55,717 - application - DEBUG - after_request_time [__init__.py:44] - view (after_request): map
2024-12-22 20:24:55,717 - application - DEBUG - after_request_time [__init__.py:46] - template (after_request): lists/model/photo.html.jinja
2024-12-22 20:24:56,753 - application - DEBUG - after_request_time [__init__.py:42] - Request to /show_list/13 took 0.011652946472167969 seconds
2024-12-22 20:24:56,753 - application - DEBUG - after_request_time [__init__.py:44] - view (after_request): map
2024-12-22 20:24:56,753 - application - DEBUG - after_request_time [__init__.py:46] - template (after_request): lists/list.html.jinja
2024-12-22 20:25:04,002 - application - DEBUG - after_request_time [__init__.py:42] - Request to /update_list_order/5 took 0.09129714965820312 seconds
2024-12-22 20:25:04,003 - application - DEBUG - after_request_time [__init__.py:44] - view (after_request): map
2024-12-22 20:25:04,004 - application - DEBUG - after_request_time [__init__.py:46] - template (after_request): None
