2024-12-22 17:39:56,438 - logs.logging_config - DEBUG - configure_logging [logging_config.py:178] - Application logging configured
2024-12-22 17:39:56,441 - logs.logging_config - INFO - configure_logging [logging_config.py:187] - Application started in production environment
2024-12-22 17:39:56,442 - application - DEBUG - create_app [__init__.py:28] - test2
2024-12-22 17:39:57,297 - application - DEBUG - after_request_time [__init__.py:42] - Request to / took 0.010239124298095703 seconds
2024-12-22 17:39:57,297 - application - DEBUG - after_request_time [__init__.py:44] - view (after_request): rooms
2024-12-22 17:39:57,298 - application - DEBUG - after_request_time [__init__.py:46] - template (after_request): None
2024-12-22 17:39:57,345 - application.rooms - DEBUG - define_rooms [rooms.py:23] - define_rooms called with floor_id: 2
2024-12-22 17:39:57,352 - application.rooms - DEBUG - floor_room_check [rooms.py:163] - floor Basement 1 has no rooms
2024-12-22 17:39:57,356 - application.floors - DEBUG - set_active_floor [floors.py:43] - set_active_floor called with floor_id: 2
2024-12-22 17:39:57,360 - application.floors - DEBUG - set_active_floor [floors.py:54] - current_user.active_home.active_floor: <Floor 2>
2024-12-22 17:39:57,363 - application.list_utils - DEBUG - get_list_entries_for_item [list_utils.py:428] - found_entries for <Home 1>: [<UserListEntry 1>]
2024-12-22 17:39:57,367 - application.list_utils - DEBUG - get_list_entries_for_item [list_utils.py:436] - Entry: <UserListEntry 1>
2024-12-22 17:39:57,368 - application.list_utils - DEBUG - get_list_entries_for_item [list_utils.py:437] - Item Model: Home, Item ID: 1
2024-12-22 17:39:57,368 - application.list_utils - DEBUG - get_list_entries_for_item [list_utils.py:438] - User List ID: 1 User List Name: bob Homes
2024-12-22 17:39:57,368 - application.list_utils - DEBUG - get_list_entries_for_item [list_utils.py:439] - user: 1
2024-12-22 17:39:57,369 - application.list_utils - DEBUG - get_userlist [list_utils.py:308] - get_userlist(): item_model: Floor, list_name: None, parent_entry_id: 1
2024-12-22 17:39:57,373 - application.list_utils - DEBUG - get_userlist [list_utils.py:322] - lists found (model, parent): [<UserList 2>]
2024-12-22 17:39:57,373 - application.list_utils - DEBUG - get_userlist [list_utils.py:349] - len(lists) == 1: None Floor 1
2024-12-22 17:39:57,373 - application.list_utils - DEBUG - get_userlist [list_utils.py:368] - userlist.entries: [<UserListEntry 2>, <UserListEntry 3>, <UserListEntry 4>] List type: <class 'sqlalchemy.orm.collections.InstrumentedList'>
2024-12-22 17:39:57,374 - application.list_utils - DEBUG - get_userlist [list_utils.py:370] - List: iotsmstmi Floors, Order: 1
2024-12-22 17:39:57,374 - application.list_utils - DEBUG - get_userlist [list_utils.py:370] - List: iotsmstmi Floors, Order: 2
2024-12-22 17:39:57,374 - application.list_utils - DEBUG - get_userlist [list_utils.py:370] - List: iotsmstmi Floors, Order: 0
2024-12-22 17:39:57,374 - application.rooms - DEBUG - get_room_list [rooms.py:44] - floor_list: <UserList 2> (type: <class 'application.database.models.UserList'>)
2024-12-22 17:39:57,375 - application.rooms - DEBUG - get_room_list [rooms.py:45] - floor_list entries count: 3
2024-12-22 17:39:57,375 - application.rooms - DEBUG - get_room_list [rooms.py:52] - floor list get floor_entry.id: 2
2024-12-22 17:39:57,375 - application.rooms - DEBUG - get_room_list [rooms.py:53] - floor list get floor_entry.get_item().name: Main Floor
2024-12-22 17:39:57,381 - application.rooms - DEBUG - get_room_list [rooms.py:58] - room_list: <UserList 3> (type: <class 'application.database.models.UserList'>) parent: Main Floor
2024-12-22 17:39:57,381 - application.rooms - DEBUG - get_room_list [rooms.py:52] - floor list get floor_entry.id: 3
2024-12-22 17:39:57,382 - application.rooms - DEBUG - get_room_list [rooms.py:53] - floor list get floor_entry.get_item().name: Basement 1
2024-12-22 17:39:57,383 - application.rooms - DEBUG - get_room_list [rooms.py:58] - room_list: <UserList 4> (type: <class 'application.database.models.UserList'>) parent: Basement 1
2024-12-22 17:39:57,383 - application.rooms - DEBUG - get_room_list [rooms.py:52] - floor list get floor_entry.id: 4
2024-12-22 17:39:57,383 - application.rooms - DEBUG - get_room_list [rooms.py:53] - floor list get floor_entry.get_item().name: 3rd Floor
2024-12-22 17:39:57,385 - application.rooms - DEBUG - get_room_list [rooms.py:58] - room_list: <UserList 5> (type: <class 'application.database.models.UserList'>) parent: 3rd Floor
2024-12-22 17:39:57,386 - application.list_utils - DEBUG - get_list_entries_for_item [list_utils.py:428] - found_entries for <Home 1>: [<UserListEntry 1>]
2024-12-22 17:39:57,388 - application.list_utils - DEBUG - get_list_entries_for_item [list_utils.py:436] - Entry: <UserListEntry 1>
2024-12-22 17:39:57,388 - application.list_utils - DEBUG - get_list_entries_for_item [list_utils.py:437] - Item Model: Home, Item ID: 1
2024-12-22 17:39:57,388 - application.list_utils - DEBUG - get_list_entries_for_item [list_utils.py:438] - User List ID: 1 User List Name: bob Homes
2024-12-22 17:39:57,388 - application.list_utils - DEBUG - get_list_entries_for_item [list_utils.py:439] - user: 1
2024-12-22 17:39:57,389 - application.rooms - DEBUG - get_room_list [rooms.py:59] - get_userlist(Room, current_user.active_home.name:iotsmstmi current_user.active_home.active_floor.name:Basement 1 Rooms, get_list_entries_for_item(current_user.active_home)[0].id:1
2024-12-22 17:39:57,389 - application.list_utils - DEBUG - get_list_entries_for_item [list_utils.py:428] - found_entries for <Floor 2>: [<UserListEntry 3>]
2024-12-22 17:39:57,389 - application.list_utils - DEBUG - get_list_entries_for_item [list_utils.py:436] - Entry: <UserListEntry 3>
2024-12-22 17:39:57,390 - application.list_utils - DEBUG - get_list_entries_for_item [list_utils.py:437] - Item Model: Floor, Item ID: 2
2024-12-22 17:39:57,390 - application.list_utils - DEBUG - get_list_entries_for_item [list_utils.py:438] - User List ID: 2 User List Name: iotsmstmi Floors
2024-12-22 17:39:57,390 - application.list_utils - DEBUG - get_list_entries_for_item [list_utils.py:439] - user: 1
2024-12-22 17:39:57,390 - application.list_utils - DEBUG - get_userlist [list_utils.py:308] - get_userlist(): item_model: Room, list_name: None, parent_entry_id: 3
2024-12-22 17:39:57,391 - application.list_utils - DEBUG - get_userlist [list_utils.py:322] - lists found (model, parent): [<UserList 4>]
2024-12-22 17:39:57,392 - application.list_utils - DEBUG - get_userlist [list_utils.py:349] - len(lists) == 1: None Room 3
2024-12-22 17:39:57,392 - application.list_utils - DEBUG - get_userlist [list_utils.py:368] - userlist.entries: [] List type: <class 'sqlalchemy.orm.collections.InstrumentedList'>
2024-12-22 17:39:57,393 - application.rooms - DEBUG - define_rooms [rooms.py:31] - floor_list: <UserList 2> (type: <class 'application.database.models.UserList'>)
2024-12-22 17:39:57,430 - application.rooms - DEBUG - load_default_room_types [rooms.py:80] - defaults_list: <UserList 6>
2024-12-22 17:39:57,431 - application.rooms - DEBUG - define_rooms [rooms.py:33] - defaults_list: <UserList 6> (type: <class 'application.database.models.UserList'>)
2024-12-22 17:39:57,431 - application.rooms - DEBUG - define_rooms [rooms.py:35] - has_rooms: False (type: <class 'bool'>)
2024-12-22 17:39:57,468 - application - DEBUG - after_request_time [__init__.py:42] - Request to /home/rooms/setup/2 took 0.1240379810333252 seconds
2024-12-22 17:39:57,468 - application - DEBUG - after_request_time [__init__.py:44] - view (after_request): rooms
2024-12-22 17:39:57,468 - application - DEBUG - after_request_time [__init__.py:46] - template (after_request): homes/create_rooms.html.jinja
2024-12-22 17:39:57,553 - application - DEBUG - after_request_time [__init__.py:42] - Request to /static/css/main.css took 0.011188030242919922 seconds
2024-12-22 17:39:57,554 - application - DEBUG - after_request_time [__init__.py:42] - Request to /static/js/bundle.js took 0.006783962249755859 seconds
2024-12-22 17:39:57,555 - application - DEBUG - after_request_time [__init__.py:44] - view (after_request): rooms
2024-12-22 17:39:57,555 - application - DEBUG - after_request_time [__init__.py:44] - view (after_request): rooms
2024-12-22 17:39:57,555 - application - DEBUG - after_request_time [__init__.py:46] - template (after_request): None
2024-12-22 17:39:57,556 - application - DEBUG - after_request_time [__init__.py:46] - template (after_request): None
2024-12-22 17:39:57,577 - application - DEBUG - after_request_time [__init__.py:42] - Request to /static/css/color-mode.css took 0.0012738704681396484 seconds
2024-12-22 17:39:57,578 - application - DEBUG - after_request_time [__init__.py:44] - view (after_request): rooms
2024-12-22 17:39:57,580 - application - DEBUG - after_request_time [__init__.py:46] - template (after_request): None
2024-12-22 17:39:57,588 - application - DEBUG - after_request_time [__init__.py:42] - Request to /static/css/flash-message.css took 0.0072689056396484375 seconds
2024-12-22 17:39:57,590 - application - DEBUG - after_request_time [__init__.py:44] - view (after_request): rooms
2024-12-22 17:39:57,591 - application - DEBUG - after_request_time [__init__.py:46] - template (after_request): None
2024-12-22 17:39:57,592 - application - DEBUG - after_request_time [__init__.py:42] - Request to /static/css/sortables.css took 0.0020029544830322266 seconds
2024-12-22 17:39:57,593 - application - DEBUG - after_request_time [__init__.py:42] - Request to /static/css/typography.css took 0.003431081771850586 seconds
2024-12-22 17:39:57,594 - application - DEBUG - after_request_time [__init__.py:44] - view (after_request): rooms
2024-12-22 17:39:57,595 - application - DEBUG - after_request_time [__init__.py:44] - view (after_request): rooms
2024-12-22 17:39:57,596 - application - DEBUG - after_request_time [__init__.py:46] - template (after_request): None
2024-12-22 17:39:57,597 - application - DEBUG - after_request_time [__init__.py:46] - template (after_request): None
2024-12-22 17:39:57,656 - application.list_utils - DEBUG - get_userlists_by_parent [list_utils.py:273] - get_userlists_by_parent: No lists found for parent_entry_id 5
2024-12-22 17:39:57,657 - application.list_utils - DEBUG - get_list_entries_for_item [list_utils.py:428] - found_entries for <Home 1>: [<UserListEntry 1>]
2024-12-22 17:39:57,664 - application.list_utils - DEBUG - get_userlists_by_parent [list_utils.py:273] - get_userlists_by_parent: No lists found for parent_entry_id 6
2024-12-22 17:39:57,692 - application.list_utils - DEBUG - get_userlists_by_parent [list_utils.py:273] - get_userlists_by_parent: No lists found for parent_entry_id 7
2024-12-22 17:39:57,693 - application.list_utils - DEBUG - get_list_entries_for_item [list_utils.py:436] - Entry: <UserListEntry 1>
2024-12-22 17:39:57,696 - application.list_utils - DEBUG - get_userlists_by_parent [list_utils.py:273] - get_userlists_by_parent: No lists found for parent_entry_id 8
2024-12-22 17:39:57,700 - application.list_utils - DEBUG - get_list_entries_for_item [list_utils.py:437] - Item Model: Home, Item ID: 1
2024-12-22 17:39:57,725 - application - DEBUG - after_request_time [__init__.py:42] - Request to /show_list/4 took 0.07946085929870605 seconds
2024-12-22 17:39:57,701 - application.list_utils - DEBUG - get_userlists_by_parent [list_utils.py:273] - get_userlists_by_parent: No lists found for parent_entry_id 9
2024-12-22 17:39:57,725 - application - DEBUG - after_request_time [__init__.py:44] - view (after_request): rooms
2024-12-22 17:39:57,726 - application - DEBUG - after_request_time [__init__.py:46] - template (after_request): lists/list.html.jinja
2024-12-22 17:39:57,723 - application.list_utils - DEBUG - get_list_entries_for_item [list_utils.py:438] - User List ID: 1 User List Name: bob Homes
2024-12-22 17:39:57,727 - application.list_utils - DEBUG - get_userlists_by_parent [list_utils.py:273] - get_userlists_by_parent: No lists found for parent_entry_id 10
2024-12-22 17:39:57,728 - application.list_utils - DEBUG - get_list_entries_for_item [list_utils.py:439] - user: 1
2024-12-22 17:39:57,730 - application.list_utils - DEBUG - get_userlists_by_parent [list_utils.py:273] - get_userlists_by_parent: No lists found for parent_entry_id 11
2024-12-22 17:39:57,730 - application.list_utils - DEBUG - get_userlist [list_utils.py:308] - get_userlist(): item_model: Floor, list_name: None, parent_entry_id: 1
2024-12-22 17:39:57,731 - application.list_utils - DEBUG - get_userlists_by_parent [list_utils.py:273] - get_userlists_by_parent: No lists found for parent_entry_id 12
2024-12-22 17:39:57,734 - application.list_utils - DEBUG - get_userlists_by_parent [list_utils.py:273] - get_userlists_by_parent: No lists found for parent_entry_id 13
2024-12-22 17:39:57,734 - application.list_utils - DEBUG - get_userlist [list_utils.py:322] - lists found (model, parent): [<UserList 2>]
2024-12-22 17:39:57,737 - application.list_utils - DEBUG - get_userlists_by_parent [list_utils.py:273] - get_userlists_by_parent: No lists found for parent_entry_id 14
2024-12-22 17:39:57,737 - application.list_utils - DEBUG - get_userlist [list_utils.py:349] - len(lists) == 1: None Floor 1
2024-12-22 17:39:57,739 - application.list_utils - DEBUG - get_userlists_by_parent [list_utils.py:273] - get_userlists_by_parent: No lists found for parent_entry_id 15
2024-12-22 17:39:57,739 - application.list_utils - DEBUG - get_userlist [list_utils.py:368] - userlist.entries: [<UserListEntry 2>, <UserListEntry 3>, <UserListEntry 4>] List type: <class 'sqlalchemy.orm.collections.InstrumentedList'>
2024-12-22 17:39:57,740 - application.list_utils - DEBUG - get_userlists_by_parent [list_utils.py:273] - get_userlists_by_parent: No lists found for parent_entry_id 16
2024-12-22 17:39:57,741 - application.list_utils - DEBUG - get_userlist [list_utils.py:370] - List: iotsmstmi Floors, Order: 1
2024-12-22 17:39:57,742 - application.list_utils - DEBUG - get_userlists_by_parent [list_utils.py:273] - get_userlists_by_parent: No lists found for parent_entry_id 17
2024-12-22 17:39:57,742 - application.list_utils - DEBUG - get_userlist [list_utils.py:370] - List: iotsmstmi Floors, Order: 2
2024-12-22 17:39:57,743 - application.list_utils - DEBUG - get_userlists_by_parent [list_utils.py:273] - get_userlists_by_parent: No lists found for parent_entry_id 18
2024-12-22 17:39:57,743 - application.list_utils - DEBUG - get_userlist [list_utils.py:370] - List: iotsmstmi Floors, Order: 0
2024-12-22 17:39:57,744 - application.list_utils - DEBUG - get_userlists_by_parent [list_utils.py:273] - get_userlists_by_parent: No lists found for parent_entry_id 19
2024-12-22 17:39:57,745 - application.list_utils - DEBUG - get_userlists_by_parent [list_utils.py:271] - get_userlists_by_parent: lists found (parent_entry_id)2: [<UserList 3>]
2024-12-22 17:39:57,746 - application.list_utils - DEBUG - get_userlists_by_parent [list_utils.py:273] - get_userlists_by_parent: No lists found for parent_entry_id 20
2024-12-22 17:39:57,747 - application.list_utils - DEBUG - get_userlists_by_parent [list_utils.py:271] - get_userlists_by_parent: lists found (parent_entry_id)3: [<UserList 4>]
2024-12-22 17:39:57,748 - application.list_utils - DEBUG - get_userlists_by_parent [list_utils.py:271] - get_userlists_by_parent: lists found (parent_entry_id)4: [<UserList 5>]
2024-12-22 17:39:57,794 - application - DEBUG - after_request_time [__init__.py:42] - Request to /show_list/ took 0.15267705917358398 seconds
2024-12-22 17:39:57,796 - application - DEBUG - after_request_time [__init__.py:44] - view (after_request): rooms
2024-12-22 17:39:57,798 - application - DEBUG - after_request_time [__init__.py:46] - template (after_request): lists/list.html.jinja
2024-12-22 17:39:57,818 - application - DEBUG - after_request_time [__init__.py:42] - Request to /show_list/6 took 0.17545104026794434 seconds
2024-12-22 17:39:57,818 - application - DEBUG - after_request_time [__init__.py:44] - view (after_request): rooms
2024-12-22 17:39:57,819 - application - DEBUG - after_request_time [__init__.py:46] - template (after_request): lists/list.html.jinja
2024-12-22 17:40:07,239 - application.list_utils - DEBUG - get_userlist [list_utils.py:308] - get_userlist(): item_model: Floor, list_name: None, parent_entry_id: None
2024-12-22 17:40:07,242 - application.list_utils - DEBUG - get_userlist [list_utils.py:318] - lists found (model): [<UserList 2>]
2024-12-22 17:40:07,242 - application.list_utils - DEBUG - get_userlist [list_utils.py:349] - len(lists) == 1: None Floor None
2024-12-22 17:40:07,242 - application.list_utils - DEBUG - get_userlist [list_utils.py:368] - userlist.entries: [<UserListEntry 2>, <UserListEntry 3>, <UserListEntry 4>] List type: <class 'sqlalchemy.orm.collections.InstrumentedList'>
2024-12-22 17:40:07,242 - application.list_utils - DEBUG - get_userlist [list_utils.py:370] - List: iotsmstmi Floors, Order: 1
2024-12-22 17:40:07,243 - application.list_utils - DEBUG - get_userlist [list_utils.py:370] - List: iotsmstmi Floors, Order: 2
2024-12-22 17:40:07,243 - application.list_utils - DEBUG - get_userlist [list_utils.py:370] - List: iotsmstmi Floors, Order: 0
