2024-12-22 20:24:46,608 - application.rooms - DEBUG - define_rooms [rooms.py:23] - define_rooms called with floor_id: 2
2024-12-22 20:24:46,626 - application.rooms - DEBUG - floor_room_check [rooms.py:163] - floor Basement 1 has no rooms
2024-12-22 20:24:46,629 - application.floors - DEBUG - set_active_floor [floors.py:43] - set_active_floor called with floor_id: 2
2024-12-22 20:24:46,638 - application.floors - DEBUG - set_active_floor [floors.py:54] - current_user.active_home.active_floor: <Floor 2>
2024-12-22 20:24:46,643 - application.list_utils - DEBUG - get_list_entries_for_item [list_utils.py:428] - found_entries for <Home 1>: [<UserListEntry 1>]
2024-12-22 20:24:46,652 - application.list_utils - DEBUG - get_list_entries_for_item [list_utils.py:436] - Entry: <UserListEntry 1>
2024-12-22 20:24:46,652 - application.list_utils - DEBUG - get_list_entries_for_item [list_utils.py:437] - Item Model: Home, Item ID: 1
2024-12-22 20:24:46,653 - application.list_utils - DEBUG - get_list_entries_for_item [list_utils.py:438] - User List ID: 1 User List Name: bob Homes
2024-12-22 20:24:46,653 - application.list_utils - DEBUG - get_list_entries_for_item [list_utils.py:439] - user: 1
2024-12-22 20:24:46,654 - application.list_utils - DEBUG - get_userlist [list_utils.py:308] - get_userlist(): item_model: Floor, list_name: None, parent_entry_id: 1
2024-12-22 20:24:46,661 - application.list_utils - DEBUG - get_userlist [list_utils.py:322] - lists found (model, parent): [<UserList 2>]
2024-12-22 20:24:46,662 - application.list_utils - DEBUG - get_userlist [list_utils.py:349] - len(lists) == 1: None Floor 1
2024-12-22 20:24:46,662 - application.list_utils - DEBUG - get_userlist [list_utils.py:368] - userlist.entries: [<UserListEntry 2>, <UserListEntry 3>, <UserListEntry 4>, <UserListEntry 21>] List type: <class 'sqlalchemy.orm.collections.InstrumentedList'>
2024-12-22 20:24:46,663 - application.list_utils - DEBUG - get_userlist [list_utils.py:370] - List: iotsmstmi Floors, Order: 2
2024-12-22 20:24:46,663 - application.list_utils - DEBUG - get_userlist [list_utils.py:370] - List: iotsmstmi Floors, Order: 6
2024-12-22 20:24:46,664 - application.list_utils - DEBUG - get_userlist [list_utils.py:370] - List: iotsmstmi Floors, Order: 4
2024-12-22 20:24:46,664 - application.list_utils - DEBUG - get_userlist [list_utils.py:370] - List: iotsmstmi Floors, Order: 0
2024-12-22 20:24:46,665 - application.rooms - DEBUG - get_room_list [rooms.py:44] - floor_list: <UserList 2> (type: <class 'application.database.models.UserList'>)
2024-12-22 20:24:46,665 - application.rooms - DEBUG - get_room_list [rooms.py:45] - floor_list entries count: 4
2024-12-22 20:24:46,665 - application.rooms - DEBUG - get_room_list [rooms.py:52] - floor list get floor_entry.id: 2
2024-12-22 20:24:46,667 - application.rooms - DEBUG - get_room_list [rooms.py:53] - floor list get floor_entry.get_item().name: Main Floor
2024-12-22 20:24:46,678 - application.rooms - DEBUG - get_room_list [rooms.py:58] - room_list: <UserList 3> (type: <class 'application.database.models.UserList'>) parent: Main Floor
2024-12-22 20:24:46,678 - application.rooms - DEBUG - get_room_list [rooms.py:52] - floor list get floor_entry.id: 3
2024-12-22 20:24:46,681 - application.rooms - DEBUG - get_room_list [rooms.py:53] - floor list get floor_entry.get_item().name: Basement 1
2024-12-22 20:24:46,683 - application.rooms - DEBUG - get_room_list [rooms.py:58] - room_list: <UserList 4> (type: <class 'application.database.models.UserList'>) parent: Basement 1
2024-12-22 20:24:46,683 - application.rooms - DEBUG - get_room_list [rooms.py:52] - floor list get floor_entry.id: 4
2024-12-22 20:24:46,684 - application.rooms - DEBUG - get_room_list [rooms.py:53] - floor list get floor_entry.get_item().name: 3rd Floor
2024-12-22 20:24:46,728 - application.rooms - DEBUG - get_room_list [rooms.py:58] - room_list: <UserList 5> (type: <class 'application.database.models.UserList'>) parent: 3rd Floor
2024-12-22 20:24:46,728 - application.rooms - DEBUG - get_room_list [rooms.py:52] - floor list get floor_entry.id: 21
2024-12-22 20:24:46,730 - application.rooms - DEBUG - get_room_list [rooms.py:53] - floor list get floor_entry.get_item().name: 4th Floor
2024-12-22 20:24:46,734 - application.rooms - DEBUG - get_room_list [rooms.py:58] - room_list: <UserList 7> (type: <class 'application.database.models.UserList'>) parent: 4th Floor
2024-12-22 20:24:46,736 - application.list_utils - DEBUG - get_list_entries_for_item [list_utils.py:428] - found_entries for <Home 1>: [<UserListEntry 1>]
2024-12-22 20:24:46,737 - application.list_utils - DEBUG - get_list_entries_for_item [list_utils.py:436] - Entry: <UserListEntry 1>
2024-12-22 20:24:46,737 - application.list_utils - DEBUG - get_list_entries_for_item [list_utils.py:437] - Item Model: Home, Item ID: 1
2024-12-22 20:24:46,737 - application.list_utils - DEBUG - get_list_entries_for_item [list_utils.py:438] - User List ID: 1 User List Name: bob Homes
2024-12-22 20:24:46,738 - application.list_utils - DEBUG - get_list_entries_for_item [list_utils.py:439] - user: 1
2024-12-22 20:24:46,738 - application.rooms - DEBUG - get_room_list [rooms.py:59] - get_userlist(Room, current_user.active_home.name:iotsmstmi current_user.active_home.active_floor.name:Basement 1 Rooms, get_list_entries_for_item(current_user.active_home)[0].id:1
2024-12-22 20:24:46,739 - application.list_utils - DEBUG - get_list_entries_for_item [list_utils.py:428] - found_entries for <Floor 2>: [<UserListEntry 3>]
2024-12-22 20:24:46,739 - application.list_utils - DEBUG - get_list_entries_for_item [list_utils.py:436] - Entry: <UserListEntry 3>
2024-12-22 20:24:46,739 - application.list_utils - DEBUG - get_list_entries_for_item [list_utils.py:437] - Item Model: Floor, Item ID: 2
2024-12-22 20:24:46,739 - application.list_utils - DEBUG - get_list_entries_for_item [list_utils.py:438] - User List ID: 2 User List Name: iotsmstmi Floors
2024-12-22 20:24:46,740 - application.list_utils - DEBUG - get_list_entries_for_item [list_utils.py:439] - user: 1
2024-12-22 20:24:46,740 - application.list_utils - DEBUG - get_userlist [list_utils.py:308] - get_userlist(): item_model: Room, list_name: None, parent_entry_id: 3
2024-12-22 20:24:46,741 - application.list_utils - DEBUG - get_userlist [list_utils.py:322] - lists found (model, parent): [<UserList 4>]
2024-12-22 20:24:46,741 - application.list_utils - DEBUG - get_userlist [list_utils.py:349] - len(lists) == 1: None Room 3
2024-12-22 20:24:46,742 - application.list_utils - DEBUG - get_userlist [list_utils.py:368] - userlist.entries: [] List type: <class 'sqlalchemy.orm.collections.InstrumentedList'>
2024-12-22 20:24:46,742 - application.rooms - DEBUG - define_rooms [rooms.py:31] - floor_list: <UserList 2> (type: <class 'application.database.models.UserList'>)
2024-12-22 20:24:46,749 - application.rooms - DEBUG - load_default_room_types [rooms.py:80] - defaults_list: <UserList 6>
2024-12-22 20:24:46,749 - application.rooms - DEBUG - define_rooms [rooms.py:33] - defaults_list: <UserList 6> (type: <class 'application.database.models.UserList'>)
2024-12-22 20:24:46,749 - application.rooms - DEBUG - define_rooms [rooms.py:35] - has_rooms: False (type: <class 'bool'>)
2024-12-22 20:24:47,042 - application.list_utils - DEBUG - get_list_entries_for_item [list_utils.py:428] - found_entries for <Home 1>: [<UserListEntry 1>]
2024-12-22 20:24:47,075 - application.list_utils - DEBUG - get_userlists_by_parent [list_utils.py:273] - get_userlists_by_parent: No lists found for parent_entry_id 5
2024-12-22 20:24:47,090 - application.list_utils - DEBUG - get_userlists_by_parent [list_utils.py:273] - get_userlists_by_parent: No lists found for parent_entry_id 6
2024-12-22 20:24:47,090 - application.list_utils - DEBUG - get_list_entries_for_item [list_utils.py:436] - Entry: <UserListEntry 1>
2024-12-22 20:24:47,092 - application.list_utils - DEBUG - get_list_entries_for_item [list_utils.py:437] - Item Model: Home, Item ID: 1
2024-12-22 20:24:47,093 - application.list_utils - DEBUG - get_userlists_by_parent [list_utils.py:273] - get_userlists_by_parent: No lists found for parent_entry_id 7
2024-12-22 20:24:47,093 - application.list_utils - DEBUG - get_list_entries_for_item [list_utils.py:438] - User List ID: 1 User List Name: bob Homes
2024-12-22 20:24:47,100 - application.list_utils - DEBUG - get_userlists_by_parent [list_utils.py:273] - get_userlists_by_parent: No lists found for parent_entry_id 8
2024-12-22 20:24:47,100 - application.list_utils - DEBUG - get_list_entries_for_item [list_utils.py:439] - user: 1
2024-12-22 20:24:47,126 - application.list_utils - DEBUG - get_userlists_by_parent [list_utils.py:273] - get_userlists_by_parent: No lists found for parent_entry_id 9
2024-12-22 20:24:47,127 - application.list_utils - DEBUG - get_userlist [list_utils.py:308] - get_userlist(): item_model: Floor, list_name: None, parent_entry_id: 1
2024-12-22 20:24:47,128 - application.list_utils - DEBUG - get_userlists_by_parent [list_utils.py:273] - get_userlists_by_parent: No lists found for parent_entry_id 10
2024-12-22 20:24:47,132 - application.list_utils - DEBUG - get_userlist [list_utils.py:322] - lists found (model, parent): [<UserList 2>]
2024-12-22 20:24:47,132 - application.list_utils - DEBUG - get_userlists_by_parent [list_utils.py:273] - get_userlists_by_parent: No lists found for parent_entry_id 11
2024-12-22 20:24:47,133 - application.list_utils - DEBUG - get_userlist [list_utils.py:349] - len(lists) == 1: None Floor 1
2024-12-22 20:24:47,135 - application.list_utils - DEBUG - get_userlists_by_parent [list_utils.py:273] - get_userlists_by_parent: No lists found for parent_entry_id 12
2024-12-22 20:24:47,136 - application.list_utils - DEBUG - get_userlist [list_utils.py:368] - userlist.entries: [<UserListEntry 2>, <UserListEntry 3>, <UserListEntry 4>, <UserListEntry 21>] List type: <class 'sqlalchemy.orm.collections.InstrumentedList'>
2024-12-22 20:24:47,138 - application.list_utils - DEBUG - get_userlist [list_utils.py:370] - List: iotsmstmi Floors, Order: 2
2024-12-22 20:24:47,137 - application.list_utils - DEBUG - get_userlists_by_parent [list_utils.py:273] - get_userlists_by_parent: No lists found for parent_entry_id 13
2024-12-22 20:24:47,139 - application.list_utils - DEBUG - get_userlist [list_utils.py:370] - List: iotsmstmi Floors, Order: 6
2024-12-22 20:24:47,141 - application.list_utils - DEBUG - get_userlists_by_parent [list_utils.py:273] - get_userlists_by_parent: No lists found for parent_entry_id 14
2024-12-22 20:24:47,141 - application.list_utils - DEBUG - get_userlist [list_utils.py:370] - List: iotsmstmi Floors, Order: 4
2024-12-22 20:24:47,142 - application.list_utils - DEBUG - get_userlists_by_parent [list_utils.py:273] - get_userlists_by_parent: No lists found for parent_entry_id 15
2024-12-22 20:24:47,142 - application.list_utils - DEBUG - get_userlist [list_utils.py:370] - List: iotsmstmi Floors, Order: 0
2024-12-22 20:24:47,144 - application.list_utils - DEBUG - get_userlists_by_parent [list_utils.py:273] - get_userlists_by_parent: No lists found for parent_entry_id 16
2024-12-22 20:24:47,145 - application.list_utils - DEBUG - get_userlists_by_parent [list_utils.py:271] - get_userlists_by_parent: lists found (parent_entry_id)2: [<UserList 3>]
2024-12-22 20:24:47,146 - application.list_utils - DEBUG - get_userlists_by_parent [list_utils.py:271] - get_userlists_by_parent: lists found (parent_entry_id)3: [<UserList 4>]
2024-12-22 20:24:47,147 - application.list_utils - DEBUG - get_userlists_by_parent [list_utils.py:273] - get_userlists_by_parent: No lists found for parent_entry_id 17
2024-12-22 20:24:47,148 - application.list_utils - DEBUG - get_userlists_by_parent [list_utils.py:271] - get_userlists_by_parent: lists found (parent_entry_id)4: [<UserList 5>]
2024-12-22 20:24:47,150 - application.list_utils - DEBUG - get_userlists_by_parent [list_utils.py:273] - get_userlists_by_parent: No lists found for parent_entry_id 18
2024-12-22 20:24:47,151 - application.list_utils - DEBUG - get_userlists_by_parent [list_utils.py:271] - get_userlists_by_parent: lists found (parent_entry_id)21: [<UserList 7>]
2024-12-22 20:24:47,151 - application.list_utils - DEBUG - get_userlists_by_parent [list_utils.py:273] - get_userlists_by_parent: No lists found for parent_entry_id 19
2024-12-22 20:24:47,153 - application.list_utils - DEBUG - get_userlists_by_parent [list_utils.py:273] - get_userlists_by_parent: No lists found for parent_entry_id 20
2024-12-22 20:24:51,296 - application.list_routes - DEBUG - create_item_and_entry [list_routes.py:78] - create_item_and_entry(): item_model: Room, list_id: 4, item_id: None, order: 0, name: Office
2024-12-22 20:24:51,296 - application.list_utils - DEBUG - add_item_to_list [list_utils.py:59] - add_item_to_list(): user_list_id: 4, item_model: Room, item_id: None, order: 0, name: Office
2024-12-22 20:24:51,297 - application.list_utils - DEBUG - create_new_default [list_utils.py:96] - create_new_default(): item_model: Room, name: Office
2024-12-22 20:24:51,298 - application.list_utils - DEBUG - create_new_default [list_utils.py:135] - same_type_rooms_count: 0
2024-12-22 20:24:51,298 - application.list_utils - DEBUG - create_new_default [list_utils.py:139] - room (create_new_default): Office 1
2024-12-22 20:24:51,299 - application.list_utils - DEBUG - create_user_list [list_utils.py:33] - create_user_list: new_list: <UserList (transient 4396092544)>
2024-12-22 20:24:51,307 - application.list_utils - DEBUG - add_item_to_list [list_utils.py:59] - add_item_to_list(): user_list_id: 16, item_model: Photo, item_id: None, order: None, name: Office 1 default_cover_image
2024-12-22 20:24:51,308 - application.list_utils - DEBUG - create_new_default [list_utils.py:96] - create_new_default(): item_model: Photo, name: Office 1 default_cover_image
2024-12-22 20:24:51,308 - application.list_utils - DEBUG - create_new_default [list_utils.py:197] - photo_url: /static/defaults/generic_room.jpg
2024-12-22 20:24:51,309 - application.list_utils - DEBUG - create_new_default [list_utils.py:198] - description: Office 1 default_cover_image
2024-12-22 20:24:51,310 - application.list_utils - DEBUG - create_user_list [list_utils.py:33] - create_user_list: new_list: <UserList (transient 4395174320)>
2024-12-22 20:24:51,317 - application.list_utils - DEBUG - create_new_default [list_utils.py:216] - new_item: <Photo 5>
2024-12-22 20:24:51,322 - application.list_utils - DEBUG - create_new_default [list_utils.py:222] - new_pinlist.parent_entry_id: 29 new_entry.id: 29
2024-12-22 20:24:51,323 - application.list_utils - DEBUG - create_new_default [list_utils.py:223] - ROOM new_entry: <UserListEntry 29>
2024-12-22 20:24:51,339 - application.list_utils - DEBUG - create_new_default [list_utils.py:161] - ROOM new_entry: <UserListEntry 30>
2024-12-22 20:24:51,346 - application.list_routes - DEBUG - create_item_and_entry [list_routes.py:90] - Item added to list: Room entry 4
2024-12-22 20:24:51,424 - application.list_utils - DEBUG - get_list_entries_for_item [list_utils.py:428] - found_entries for <Photo 5>: [<UserListEntry 29>]
2024-12-22 20:24:51,425 - application.list_utils - DEBUG - get_list_entries_for_item [list_utils.py:436] - Entry: <UserListEntry 29>
2024-12-22 20:24:51,425 - application.list_utils - DEBUG - get_list_entries_for_item [list_utils.py:437] - Item Model: Photo, Item ID: 5
2024-12-22 20:24:51,425 - application.list_utils - DEBUG - get_list_entries_for_item [list_utils.py:438] - User List ID: 16 User List Name: Office 1 Photos
2024-12-22 20:24:51,425 - application.list_utils - DEBUG - get_list_entries_for_item [list_utils.py:439] - user: 1
2024-12-22 20:24:54,098 - application.list_utils - DEBUG - get_userlist [list_utils.py:308] - get_userlist(): item_model: Floor, list_name: None, parent_entry_id: None
2024-12-22 20:24:54,102 - application.list_utils - DEBUG - get_userlist [list_utils.py:318] - lists found (model): [<UserList 2>]
2024-12-22 20:24:54,102 - application.list_utils - DEBUG - get_userlist [list_utils.py:349] - len(lists) == 1: None Floor None
2024-12-22 20:24:54,103 - application.list_utils - DEBUG - get_userlist [list_utils.py:368] - userlist.entries: [<UserListEntry 2>, <UserListEntry 3>, <UserListEntry 4>, <UserListEntry 21>] List type: <class 'sqlalchemy.orm.collections.InstrumentedList'>
2024-12-22 20:24:54,103 - application.list_utils - DEBUG - get_userlist [list_utils.py:370] - List: iotsmstmi Floors, Order: 2
2024-12-22 20:24:54,103 - application.list_utils - DEBUG - get_userlist [list_utils.py:370] - List: iotsmstmi Floors, Order: 6
2024-12-22 20:24:54,104 - application.list_utils - DEBUG - get_userlist [list_utils.py:370] - List: iotsmstmi Floors, Order: 4
2024-12-22 20:24:54,104 - application.list_utils - DEBUG - get_userlist [list_utils.py:370] - List: iotsmstmi Floors, Order: 0
2024-12-22 20:24:54,104 - application.floors - DEBUG - get_next_floor [floors.py:123] - floor_list_ordered: [<UserListEntry 21>, <UserListEntry 2>, <UserListEntry 4>, <UserListEntry 3>]
2024-12-22 20:24:54,108 - application.list_utils - DEBUG - get_list_entries_for_item [list_utils.py:428] - found_entries for <Floor 2>: [<UserListEntry 3>]
2024-12-22 20:24:54,108 - application.list_utils - DEBUG - get_list_entries_for_item [list_utils.py:436] - Entry: <UserListEntry 3>
2024-12-22 20:24:54,108 - application.list_utils - DEBUG - get_list_entries_for_item [list_utils.py:437] - Item Model: Floor, Item ID: 2
2024-12-22 20:24:54,109 - application.list_utils - DEBUG - get_list_entries_for_item [list_utils.py:438] - User List ID: 2 User List Name: iotsmstmi Floors
2024-12-22 20:24:54,109 - application.list_utils - DEBUG - get_list_entries_for_item [list_utils.py:439] - user: 1
2024-12-22 20:24:54,109 - application.floors - DEBUG - get_next_floor [floors.py:126] - current_active_floor_list_entry: <UserListEntry 3>
2024-12-22 20:24:54,110 - application.list_utils - DEBUG - get_list_entries_for_item [list_utils.py:428] - found_entries for <Home 1>: [<UserListEntry 1>]
2024-12-22 20:24:54,111 - application.list_utils - DEBUG - get_list_entries_for_item [list_utils.py:436] - Entry: <UserListEntry 1>
2024-12-22 20:24:54,111 - application.list_utils - DEBUG - get_list_entries_for_item [list_utils.py:437] - Item Model: Home, Item ID: 1
2024-12-22 20:24:54,112 - application.list_utils - DEBUG - get_list_entries_for_item [list_utils.py:438] - User List ID: 1 User List Name: bob Homes
2024-12-22 20:24:54,112 - application.list_utils - DEBUG - get_list_entries_for_item [list_utils.py:439] - user: 1
2024-12-22 20:24:54,112 - application.list_utils - DEBUG - get_userlist [list_utils.py:308] - get_userlist(): item_model: Floor, list_name: iotsmstmi Floors, parent_entry_id: 1
2024-12-22 20:24:54,116 - application.list_utils - DEBUG - get_userlist [list_utils.py:314] - lists found (All args): [<UserList 2>]
2024-12-22 20:24:54,116 - application.list_utils - DEBUG - get_userlist [list_utils.py:349] - len(lists) == 1: iotsmstmi Floors Floor 1
2024-12-22 20:24:54,116 - application.list_utils - DEBUG - get_userlist [list_utils.py:368] - userlist.entries: [<UserListEntry 2>, <UserListEntry 3>, <UserListEntry 4>, <UserListEntry 21>] List type: <class 'sqlalchemy.orm.collections.InstrumentedList'>
2024-12-22 20:24:54,117 - application.list_utils - DEBUG - get_userlist [list_utils.py:370] - List: iotsmstmi Floors, Order: 2
2024-12-22 20:24:54,117 - application.list_utils - DEBUG - get_userlist [list_utils.py:370] - List: iotsmstmi Floors, Order: 6
2024-12-22 20:24:54,117 - application.list_utils - DEBUG - get_userlist [list_utils.py:370] - List: iotsmstmi Floors, Order: 4
2024-12-22 20:24:54,117 - application.list_utils - DEBUG - get_userlist [list_utils.py:370] - List: iotsmstmi Floors, Order: 0
2024-12-22 20:24:54,117 - application.floors - DEBUG - get_next_floor [floors.py:129] - floors_list: <UserList 2>
2024-12-22 20:24:54,118 - application.floors - DEBUG - get_next_floor [floors.py:132] - floors_list_ordered: [<UserListEntry 21>, <UserListEntry 2>, <UserListEntry 4>, <UserListEntry 3>]
2024-12-22 20:24:54,118 - application.floors - DEBUG - get_next_floor [floors.py:137] - floor: <UserListEntry 21>
2024-12-22 20:24:54,118 - application.floors - DEBUG - get_next_floor [floors.py:137] - floor: <UserListEntry 2>
2024-12-22 20:24:54,118 - application.floors - DEBUG - get_next_floor [floors.py:137] - floor: <UserListEntry 4>
2024-12-22 20:24:54,119 - application.floors - DEBUG - get_next_floor [floors.py:137] - floor: <UserListEntry 3>
2024-12-22 20:24:54,119 - application.floors - DEBUG - get_next_floor [floors.py:141] - next_floor: <UserListEntry 4>
2024-12-22 20:24:54,119 - application.floors - DEBUG - set_active_floor [floors.py:43] - set_active_floor called with floor_id: 3
2024-12-22 20:24:54,124 - application.floors - DEBUG - set_active_floor [floors.py:54] - current_user.active_home.active_floor: <Floor 3>
2024-12-22 20:24:54,124 - application.floors - DEBUG - get_next_floor [floors.py:144] - active_floor 1: <Floor 3>
2024-12-22 20:24:54,125 - application.floors - DEBUG - get_next_floor [floors.py:147] - active_floor 2: <Floor 3>
2024-12-22 20:24:54,140 - application.floors - DEBUG - floorplan [floors.py:105] - edit_floor_rooms called with floor_id: 3
2024-12-22 20:24:54,140 - application.floors - DEBUG - set_active_floor [floors.py:43] - set_active_floor called with floor_id: 3
2024-12-22 20:24:54,143 - application.floors - DEBUG - set_active_floor [floors.py:54] - current_user.active_home.active_floor: <Floor 3>
2024-12-22 20:24:54,156 - application.rooms - DEBUG - define_rooms [rooms.py:23] - define_rooms called with floor_id: 3
2024-12-22 20:24:54,158 - application.rooms - DEBUG - floor_room_check [rooms.py:167] - inside floor_room_check A: floor_id: 3, has_rooms: True
2024-12-22 20:24:54,159 - application.rooms - DEBUG - check_each_floor_for_rooms [rooms.py:174] - floor.rooms.count() <Floor 1> = 1
2024-12-22 20:24:54,161 - application.rooms - DEBUG - check_each_floor_for_rooms [rooms.py:174] - floor.rooms.count() <Floor 2> = 1
2024-12-22 20:24:54,162 - application.rooms - DEBUG - check_each_floor_for_rooms [rooms.py:174] - floor.rooms.count() <Floor 3> = 1
2024-12-22 20:24:54,164 - application.rooms - DEBUG - check_each_floor_for_rooms [rooms.py:174] - floor.rooms.count() <Floor 4> = 1
2024-12-22 20:24:54,165 - application.rooms - DEBUG - floor_room_check [rooms.py:169] - inside floor_room_check B: floor_id: 3, has_rooms: True
2024-12-22 20:24:54,166 - application.floors - DEBUG - set_active_floor [floors.py:43] - set_active_floor called with floor_id: 3
2024-12-22 20:24:54,168 - application.floors - DEBUG - set_active_floor [floors.py:54] - current_user.active_home.active_floor: <Floor 3>
2024-12-22 20:24:54,169 - application.list_utils - DEBUG - get_list_entries_for_item [list_utils.py:428] - found_entries for <Home 1>: [<UserListEntry 1>]
2024-12-22 20:24:54,170 - application.list_utils - DEBUG - get_list_entries_for_item [list_utils.py:436] - Entry: <UserListEntry 1>
2024-12-22 20:24:54,170 - application.list_utils - DEBUG - get_list_entries_for_item [list_utils.py:437] - Item Model: Home, Item ID: 1
2024-12-22 20:24:54,170 - application.list_utils - DEBUG - get_list_entries_for_item [list_utils.py:438] - User List ID: 1 User List Name: bob Homes
2024-12-22 20:24:54,170 - application.list_utils - DEBUG - get_list_entries_for_item [list_utils.py:439] - user: 1
2024-12-22 20:24:54,171 - application.list_utils - DEBUG - get_userlist [list_utils.py:308] - get_userlist(): item_model: Floor, list_name: None, parent_entry_id: 1
2024-12-22 20:24:54,171 - application.list_utils - DEBUG - get_userlist [list_utils.py:322] - lists found (model, parent): [<UserList 2>]
2024-12-22 20:24:54,172 - application.list_utils - DEBUG - get_userlist [list_utils.py:349] - len(lists) == 1: None Floor 1
2024-12-22 20:24:54,172 - application.list_utils - DEBUG - get_userlist [list_utils.py:368] - userlist.entries: [<UserListEntry 2>, <UserListEntry 3>, <UserListEntry 4>, <UserListEntry 21>] List type: <class 'sqlalchemy.orm.collections.InstrumentedList'>
2024-12-22 20:24:54,172 - application.list_utils - DEBUG - get_userlist [list_utils.py:370] - List: iotsmstmi Floors, Order: 2
2024-12-22 20:24:54,172 - application.list_utils - DEBUG - get_userlist [list_utils.py:370] - List: iotsmstmi Floors, Order: 6
2024-12-22 20:24:54,173 - application.list_utils - DEBUG - get_userlist [list_utils.py:370] - List: iotsmstmi Floors, Order: 4
2024-12-22 20:24:54,173 - application.list_utils - DEBUG - get_userlist [list_utils.py:370] - List: iotsmstmi Floors, Order: 0
2024-12-22 20:24:54,173 - application.rooms - DEBUG - get_room_list [rooms.py:44] - floor_list: <UserList 2> (type: <class 'application.database.models.UserList'>)
2024-12-22 20:24:54,173 - application.rooms - DEBUG - get_room_list [rooms.py:45] - floor_list entries count: 4
2024-12-22 20:24:54,173 - application.rooms - DEBUG - get_room_list [rooms.py:52] - floor list get floor_entry.id: 2
2024-12-22 20:24:54,174 - application.rooms - DEBUG - get_room_list [rooms.py:53] - floor list get floor_entry.get_item().name: Main Floor
2024-12-22 20:24:54,175 - application.rooms - DEBUG - get_room_list [rooms.py:58] - room_list: <UserList 3> (type: <class 'application.database.models.UserList'>) parent: Main Floor
2024-12-22 20:24:54,176 - application.rooms - DEBUG - get_room_list [rooms.py:52] - floor list get floor_entry.id: 3
2024-12-22 20:24:54,176 - application.rooms - DEBUG - get_room_list [rooms.py:53] - floor list get floor_entry.get_item().name: Basement 1
2024-12-22 20:24:54,178 - application.rooms - DEBUG - get_room_list [rooms.py:58] - room_list: <UserList 4> (type: <class 'application.database.models.UserList'>) parent: Basement 1
2024-12-22 20:24:54,178 - application.rooms - DEBUG - get_room_list [rooms.py:52] - floor list get floor_entry.id: 4
2024-12-22 20:24:54,178 - application.rooms - DEBUG - get_room_list [rooms.py:53] - floor list get floor_entry.get_item().name: 3rd Floor
2024-12-22 20:24:54,180 - application.rooms - DEBUG - get_room_list [rooms.py:58] - room_list: <UserList 5> (type: <class 'application.database.models.UserList'>) parent: 3rd Floor
2024-12-22 20:24:54,180 - application.rooms - DEBUG - get_room_list [rooms.py:52] - floor list get floor_entry.id: 21
2024-12-22 20:24:54,182 - application.rooms - DEBUG - get_room_list [rooms.py:53] - floor list get floor_entry.get_item().name: 4th Floor
2024-12-22 20:24:54,184 - application.rooms - DEBUG - get_room_list [rooms.py:58] - room_list: <UserList 7> (type: <class 'application.database.models.UserList'>) parent: 4th Floor
2024-12-22 20:24:54,185 - application.list_utils - DEBUG - get_list_entries_for_item [list_utils.py:428] - found_entries for <Home 1>: [<UserListEntry 1>]
2024-12-22 20:24:54,185 - application.list_utils - DEBUG - get_list_entries_for_item [list_utils.py:436] - Entry: <UserListEntry 1>
2024-12-22 20:24:54,185 - application.list_utils - DEBUG - get_list_entries_for_item [list_utils.py:437] - Item Model: Home, Item ID: 1
2024-12-22 20:24:54,185 - application.list_utils - DEBUG - get_list_entries_for_item [list_utils.py:438] - User List ID: 1 User List Name: bob Homes
2024-12-22 20:24:54,186 - application.list_utils - DEBUG - get_list_entries_for_item [list_utils.py:439] - user: 1
2024-12-22 20:24:54,186 - application.rooms - DEBUG - get_room_list [rooms.py:59] - get_userlist(Room, current_user.active_home.name:iotsmstmi current_user.active_home.active_floor.name:3rd Floor Rooms, get_list_entries_for_item(current_user.active_home)[0].id:1
2024-12-22 20:24:54,187 - application.list_utils - DEBUG - get_list_entries_for_item [list_utils.py:428] - found_entries for <Floor 3>: [<UserListEntry 4>]
2024-12-22 20:24:54,187 - application.list_utils - DEBUG - get_list_entries_for_item [list_utils.py:436] - Entry: <UserListEntry 4>
2024-12-22 20:24:54,187 - application.list_utils - DEBUG - get_list_entries_for_item [list_utils.py:437] - Item Model: Floor, Item ID: 3
2024-12-22 20:24:54,187 - application.list_utils - DEBUG - get_list_entries_for_item [list_utils.py:438] - User List ID: 2 User List Name: iotsmstmi Floors
2024-12-22 20:24:54,187 - application.list_utils - DEBUG - get_list_entries_for_item [list_utils.py:439] - user: 1
2024-12-22 20:24:54,188 - application.list_utils - DEBUG - get_userlist [list_utils.py:308] - get_userlist(): item_model: Room, list_name: None, parent_entry_id: 4
2024-12-22 20:24:54,188 - application.list_utils - DEBUG - get_userlist [list_utils.py:322] - lists found (model, parent): [<UserList 5>]
2024-12-22 20:24:54,189 - application.list_utils - DEBUG - get_userlist [list_utils.py:349] - len(lists) == 1: None Room 4
2024-12-22 20:24:54,189 - application.list_utils - DEBUG - get_userlist [list_utils.py:368] - userlist.entries: [<UserListEntry 27>] List type: <class 'sqlalchemy.orm.collections.InstrumentedList'>
2024-12-22 20:24:54,189 - application.list_utils - DEBUG - get_userlist [list_utils.py:370] - List: iotsmstmi 3rd Floor Rooms, Order: 0
2024-12-22 20:24:54,189 - application.rooms - DEBUG - define_rooms [rooms.py:31] - floor_list: <UserList 2> (type: <class 'application.database.models.UserList'>)
2024-12-22 20:24:54,190 - application.rooms - DEBUG - load_default_room_types [rooms.py:80] - defaults_list: <UserList 6>
2024-12-22 20:24:54,191 - application.rooms - DEBUG - define_rooms [rooms.py:33] - defaults_list: <UserList 6> (type: <class 'application.database.models.UserList'>)
2024-12-22 20:24:54,191 - application.rooms - DEBUG - define_rooms [rooms.py:35] - has_rooms: True (type: <class 'bool'>)
2024-12-22 20:24:54,373 - application.list_utils - DEBUG - get_list_entries_for_item [list_utils.py:428] - found_entries for <Home 1>: [<UserListEntry 1>]
2024-12-22 20:24:54,376 - application.list_utils - DEBUG - get_list_entries_for_item [list_utils.py:436] - Entry: <UserListEntry 1>
2024-12-22 20:24:54,376 - application.list_utils - DEBUG - get_userlists_by_parent [list_utils.py:273] - get_userlists_by_parent: No lists found for parent_entry_id 5
2024-12-22 20:24:54,376 - application.list_utils - DEBUG - get_userlists_by_parent [list_utils.py:271] - get_userlists_by_parent: lists found (parent_entry_id)27: [<UserList 12>]
2024-12-22 20:24:54,376 - application.list_utils - DEBUG - get_list_entries_for_item [list_utils.py:437] - Item Model: Home, Item ID: 1
2024-12-22 20:24:54,377 - application.list_utils - DEBUG - get_userlists_by_parent [list_utils.py:273] - get_userlists_by_parent: No lists found for parent_entry_id 6
2024-12-22 20:24:54,379 - application.list_utils - DEBUG - get_list_entries_for_item [list_utils.py:438] - User List ID: 1 User List Name: bob Homes
2024-12-22 20:24:54,382 - application.list_utils - DEBUG - get_userlists_by_parent [list_utils.py:273] - get_userlists_by_parent: No lists found for parent_entry_id 7
2024-12-22 20:24:54,383 - application.list_utils - DEBUG - get_list_entries_for_item [list_utils.py:439] - user: 1
2024-12-22 20:24:54,385 - application.list_utils - DEBUG - get_userlists_by_parent [list_utils.py:273] - get_userlists_by_parent: No lists found for parent_entry_id 8
2024-12-22 20:24:54,385 - application.list_utils - DEBUG - get_userlist [list_utils.py:308] - get_userlist(): item_model: Floor, list_name: None, parent_entry_id: 1
2024-12-22 20:24:54,387 - application.list_utils - DEBUG - get_userlists_by_parent [list_utils.py:273] - get_userlists_by_parent: No lists found for parent_entry_id 9
2024-12-22 20:24:54,390 - application.list_utils - DEBUG - get_userlists_by_parent [list_utils.py:273] - get_userlists_by_parent: No lists found for parent_entry_id 10
2024-12-22 20:24:54,391 - application.list_utils - DEBUG - get_userlist [list_utils.py:322] - lists found (model, parent): [<UserList 2>]
2024-12-22 20:24:54,393 - application.list_utils - DEBUG - get_userlists_by_parent [list_utils.py:273] - get_userlists_by_parent: No lists found for parent_entry_id 11
2024-12-22 20:24:54,393 - application.list_utils - DEBUG - get_userlist [list_utils.py:349] - len(lists) == 1: None Floor 1
2024-12-22 20:24:54,394 - application.list_utils - DEBUG - get_userlists_by_parent [list_utils.py:273] - get_userlists_by_parent: No lists found for parent_entry_id 12
2024-12-22 20:24:54,394 - application.list_utils - DEBUG - get_userlist [list_utils.py:368] - userlist.entries: [<UserListEntry 2>, <UserListEntry 3>, <UserListEntry 4>, <UserListEntry 21>] List type: <class 'sqlalchemy.orm.collections.InstrumentedList'>
2024-12-22 20:24:54,395 - application.list_utils - DEBUG - get_userlists_by_parent [list_utils.py:273] - get_userlists_by_parent: No lists found for parent_entry_id 13
2024-12-22 20:24:54,396 - application.list_utils - DEBUG - get_userlist [list_utils.py:370] - List: iotsmstmi Floors, Order: 2
2024-12-22 20:24:54,397 - application.list_utils - DEBUG - get_userlists_by_parent [list_utils.py:273] - get_userlists_by_parent: No lists found for parent_entry_id 14
2024-12-22 20:24:54,397 - application.list_utils - DEBUG - get_userlist [list_utils.py:370] - List: iotsmstmi Floors, Order: 6
2024-12-22 20:24:54,398 - application.list_utils - DEBUG - get_userlists_by_parent [list_utils.py:273] - get_userlists_by_parent: No lists found for parent_entry_id 15
2024-12-22 20:24:54,399 - application.list_utils - DEBUG - get_userlist [list_utils.py:370] - List: iotsmstmi Floors, Order: 4
2024-12-22 20:24:54,399 - application.list_utils - DEBUG - get_userlists_by_parent [list_utils.py:273] - get_userlists_by_parent: No lists found for parent_entry_id 16
2024-12-22 20:24:54,400 - application.list_utils - DEBUG - get_userlist [list_utils.py:370] - List: iotsmstmi Floors, Order: 0
2024-12-22 20:24:54,400 - application.list_utils - DEBUG - get_userlists_by_parent [list_utils.py:273] - get_userlists_by_parent: No lists found for parent_entry_id 17
2024-12-22 20:24:54,402 - application.list_utils - DEBUG - get_userlists_by_parent [list_utils.py:271] - get_userlists_by_parent: lists found (parent_entry_id)2: [<UserList 3>]
2024-12-22 20:24:54,402 - application.list_utils - DEBUG - get_userlists_by_parent [list_utils.py:273] - get_userlists_by_parent: No lists found for parent_entry_id 18
2024-12-22 20:24:54,403 - application.list_utils - DEBUG - get_userlists_by_parent [list_utils.py:273] - get_userlists_by_parent: No lists found for parent_entry_id 19
2024-12-22 20:24:54,403 - application.list_utils - DEBUG - get_userlists_by_parent [list_utils.py:271] - get_userlists_by_parent: lists found (parent_entry_id)3: [<UserList 4>]
2024-12-22 20:24:54,404 - application.list_utils - DEBUG - get_userlists_by_parent [list_utils.py:273] - get_userlists_by_parent: No lists found for parent_entry_id 20
2024-12-22 20:24:54,405 - application.list_utils - DEBUG - get_userlists_by_parent [list_utils.py:271] - get_userlists_by_parent: lists found (parent_entry_id)4: [<UserList 5>]
2024-12-22 20:24:54,408 - application.list_utils - DEBUG - get_userlists_by_parent [list_utils.py:271] - get_userlists_by_parent: lists found (parent_entry_id)21: [<UserList 7>]
2024-12-22 20:24:54,429 - application.list_utils - DEBUG - get_list_entries_for_item [list_utils.py:428] - found_entries for <Photo 3>: [<UserListEntry 26>]
2024-12-22 20:24:54,433 - application.list_utils - DEBUG - get_list_entries_for_item [list_utils.py:436] - Entry: <UserListEntry 26>
2024-12-22 20:24:54,434 - application.list_utils - DEBUG - get_list_entries_for_item [list_utils.py:437] - Item Model: Photo, Item ID: 3
2024-12-22 20:24:54,435 - application.list_utils - DEBUG - get_list_entries_for_item [list_utils.py:438] - User List ID: 12 User List Name: Garage 1 Photos
2024-12-22 20:24:54,436 - application.list_utils - DEBUG - get_list_entries_for_item [list_utils.py:439] - user: 1
2024-12-22 20:24:55,394 - application.map - DEBUG - home_map [map.py:26] - map called with floor_id: 3
2024-12-22 20:24:55,395 - application.rooms - DEBUG - floor_room_check [rooms.py:167] - inside floor_room_check A: floor_id: 3, has_rooms: True
2024-12-22 20:24:55,397 - application.rooms - DEBUG - check_each_floor_for_rooms [rooms.py:174] - floor.rooms.count() <Floor 1> = 1
2024-12-22 20:24:55,399 - application.rooms - DEBUG - check_each_floor_for_rooms [rooms.py:174] - floor.rooms.count() <Floor 2> = 1
2024-12-22 20:24:55,402 - application.rooms - DEBUG - check_each_floor_for_rooms [rooms.py:174] - floor.rooms.count() <Floor 3> = 1
2024-12-22 20:24:55,404 - application.rooms - DEBUG - check_each_floor_for_rooms [rooms.py:174] - floor.rooms.count() <Floor 4> = 1
2024-12-22 20:24:55,405 - application.rooms - DEBUG - floor_room_check [rooms.py:169] - inside floor_room_check B: floor_id: 3, has_rooms: True
2024-12-22 20:24:55,405 - application.map - DEBUG - home_map [map.py:29] - room check: floor_id: 3, has_rooms: True
2024-12-22 20:24:55,406 - application.floors - DEBUG - set_active_floor [floors.py:43] - set_active_floor called with floor_id: 3
2024-12-22 20:24:55,409 - application.floors - DEBUG - set_active_floor [floors.py:54] - current_user.active_home.active_floor: <Floor 3>
2024-12-22 20:24:55,409 - application.list_utils - DEBUG - get_list_entries_for_item [list_utils.py:428] - found_entries for <Home 1>: [<UserListEntry 1>]
2024-12-22 20:24:55,410 - application.list_utils - DEBUG - get_list_entries_for_item [list_utils.py:436] - Entry: <UserListEntry 1>
2024-12-22 20:24:55,410 - application.list_utils - DEBUG - get_list_entries_for_item [list_utils.py:437] - Item Model: Home, Item ID: 1
2024-12-22 20:24:55,410 - application.list_utils - DEBUG - get_list_entries_for_item [list_utils.py:438] - User List ID: 1 User List Name: bob Homes
2024-12-22 20:24:55,411 - application.list_utils - DEBUG - get_list_entries_for_item [list_utils.py:439] - user: 1
2024-12-22 20:24:55,411 - application.list_utils - DEBUG - get_userlist [list_utils.py:308] - get_userlist(): item_model: Floor, list_name: None, parent_entry_id: 1
2024-12-22 20:24:55,412 - application.list_utils - DEBUG - get_userlist [list_utils.py:322] - lists found (model, parent): [<UserList 2>]
2024-12-22 20:24:55,412 - application.list_utils - DEBUG - get_userlist [list_utils.py:349] - len(lists) == 1: None Floor 1
2024-12-22 20:24:55,412 - application.list_utils - DEBUG - get_userlist [list_utils.py:368] - userlist.entries: [<UserListEntry 2>, <UserListEntry 3>, <UserListEntry 4>, <UserListEntry 21>] List type: <class 'sqlalchemy.orm.collections.InstrumentedList'>
2024-12-22 20:24:55,412 - application.list_utils - DEBUG - get_userlist [list_utils.py:370] - List: iotsmstmi Floors, Order: 2
2024-12-22 20:24:55,413 - application.list_utils - DEBUG - get_userlist [list_utils.py:370] - List: iotsmstmi Floors, Order: 6
2024-12-22 20:24:55,413 - application.list_utils - DEBUG - get_userlist [list_utils.py:370] - List: iotsmstmi Floors, Order: 4
2024-12-22 20:24:55,413 - application.list_utils - DEBUG - get_userlist [list_utils.py:370] - List: iotsmstmi Floors, Order: 0
2024-12-22 20:24:55,414 - application.rooms - DEBUG - get_room_list [rooms.py:44] - floor_list: <UserList 2> (type: <class 'application.database.models.UserList'>)
2024-12-22 20:24:55,414 - application.rooms - DEBUG - get_room_list [rooms.py:45] - floor_list entries count: 4
2024-12-22 20:24:55,414 - application.rooms - DEBUG - get_room_list [rooms.py:52] - floor list get floor_entry.id: 2
2024-12-22 20:24:55,415 - application.rooms - DEBUG - get_room_list [rooms.py:53] - floor list get floor_entry.get_item().name: Main Floor
2024-12-22 20:24:55,417 - application.rooms - DEBUG - get_room_list [rooms.py:58] - room_list: <UserList 3> (type: <class 'application.database.models.UserList'>) parent: Main Floor
2024-12-22 20:24:55,417 - application.rooms - DEBUG - get_room_list [rooms.py:52] - floor list get floor_entry.id: 3
2024-12-22 20:24:55,418 - application.rooms - DEBUG - get_room_list [rooms.py:53] - floor list get floor_entry.get_item().name: Basement 1
2024-12-22 20:24:55,419 - application.rooms - DEBUG - get_room_list [rooms.py:58] - room_list: <UserList 4> (type: <class 'application.database.models.UserList'>) parent: Basement 1
2024-12-22 20:24:55,419 - application.rooms - DEBUG - get_room_list [rooms.py:52] - floor list get floor_entry.id: 4
2024-12-22 20:24:55,420 - application.rooms - DEBUG - get_room_list [rooms.py:53] - floor list get floor_entry.get_item().name: 3rd Floor
2024-12-22 20:24:55,420 - application.rooms - DEBUG - get_room_list [rooms.py:58] - room_list: <UserList 5> (type: <class 'application.database.models.UserList'>) parent: 3rd Floor
2024-12-22 20:24:55,421 - application.rooms - DEBUG - get_room_list [rooms.py:52] - floor list get floor_entry.id: 21
2024-12-22 20:24:55,421 - application.rooms - DEBUG - get_room_list [rooms.py:53] - floor list get floor_entry.get_item().name: 4th Floor
2024-12-22 20:24:55,423 - application.rooms - DEBUG - get_room_list [rooms.py:58] - room_list: <UserList 7> (type: <class 'application.database.models.UserList'>) parent: 4th Floor
2024-12-22 20:24:55,424 - application.list_utils - DEBUG - get_list_entries_for_item [list_utils.py:428] - found_entries for <Home 1>: [<UserListEntry 1>]
2024-12-22 20:24:55,424 - application.list_utils - DEBUG - get_list_entries_for_item [list_utils.py:436] - Entry: <UserListEntry 1>
2024-12-22 20:24:55,424 - application.list_utils - DEBUG - get_list_entries_for_item [list_utils.py:437] - Item Model: Home, Item ID: 1
2024-12-22 20:24:55,425 - application.list_utils - DEBUG - get_list_entries_for_item [list_utils.py:438] - User List ID: 1 User List Name: bob Homes
2024-12-22 20:24:55,425 - application.list_utils - DEBUG - get_list_entries_for_item [list_utils.py:439] - user: 1
2024-12-22 20:24:55,425 - application.rooms - DEBUG - get_room_list [rooms.py:59] - get_userlist(Room, current_user.active_home.name:iotsmstmi current_user.active_home.active_floor.name:3rd Floor Rooms, get_list_entries_for_item(current_user.active_home)[0].id:1
2024-12-22 20:24:55,426 - application.list_utils - DEBUG - get_list_entries_for_item [list_utils.py:428] - found_entries for <Floor 3>: [<UserListEntry 4>]
2024-12-22 20:24:55,426 - application.list_utils - DEBUG - get_list_entries_for_item [list_utils.py:436] - Entry: <UserListEntry 4>
2024-12-22 20:24:55,426 - application.list_utils - DEBUG - get_list_entries_for_item [list_utils.py:437] - Item Model: Floor, Item ID: 3
2024-12-22 20:24:55,426 - application.list_utils - DEBUG - get_list_entries_for_item [list_utils.py:438] - User List ID: 2 User List Name: iotsmstmi Floors
2024-12-22 20:24:55,426 - application.list_utils - DEBUG - get_list_entries_for_item [list_utils.py:439] - user: 1
2024-12-22 20:24:55,426 - application.list_utils - DEBUG - get_userlist [list_utils.py:308] - get_userlist(): item_model: Room, list_name: None, parent_entry_id: 4
2024-12-22 20:24:55,427 - application.list_utils - DEBUG - get_userlist [list_utils.py:322] - lists found (model, parent): [<UserList 5>]
2024-12-22 20:24:55,427 - application.list_utils - DEBUG - get_userlist [list_utils.py:349] - len(lists) == 1: None Room 4
2024-12-22 20:24:55,427 - application.list_utils - DEBUG - get_userlist [list_utils.py:368] - userlist.entries: [<UserListEntry 27>] List type: <class 'sqlalchemy.orm.collections.InstrumentedList'>
2024-12-22 20:24:55,428 - application.list_utils - DEBUG - get_userlist [list_utils.py:370] - List: iotsmstmi 3rd Floor Rooms, Order: 0
2024-12-22 20:24:55,428 - application.map - DEBUG - home_map [map.py:36] - floor_list MAP: <UserList 2>
2024-12-22 20:24:55,520 - application.list_utils - DEBUG - get_list_entries_for_item [list_utils.py:415] - input_string: <Home 1>, item_model: Home, item_id: 1
2024-12-22 20:24:55,521 - application.list_utils - DEBUG - get_list_entries_for_item [list_utils.py:428] - found_entries for <Home 1>: [<UserListEntry 1>]
2024-12-22 20:24:55,522 - application.list_utils - DEBUG - get_list_entries_for_item [list_utils.py:428] - found_entries for <Floor 3>: [<UserListEntry 4>]
2024-12-22 20:24:55,524 - application.list_utils - DEBUG - get_list_entries_for_item [list_utils.py:428] - found_entries for <Home 1>: [<UserListEntry 1>]
2024-12-22 20:24:55,524 - application.list_utils - DEBUG - get_list_entries_for_item [list_utils.py:436] - Entry: <UserListEntry 1>
2024-12-22 20:24:55,526 - application.list_utils - DEBUG - get_list_entries_for_item [list_utils.py:436] - Entry: <UserListEntry 4>
2024-12-22 20:24:55,527 - application.list_utils - DEBUG - get_list_entries_for_item [list_utils.py:436] - Entry: <UserListEntry 1>
2024-12-22 20:24:55,528 - application.list_utils - DEBUG - get_list_entries_for_item [list_utils.py:437] - Item Model: Home, Item ID: 1
2024-12-22 20:24:55,528 - application.list_utils - DEBUG - get_list_entries_for_item [list_utils.py:437] - Item Model: Floor, Item ID: 3
2024-12-22 20:24:55,528 - application.list_utils - DEBUG - get_list_entries_for_item [list_utils.py:437] - Item Model: Home, Item ID: 1
2024-12-22 20:24:55,528 - application.list_utils - DEBUG - get_list_entries_for_item [list_utils.py:438] - User List ID: 1 User List Name: bob Homes
2024-12-22 20:24:55,528 - application.list_utils - DEBUG - get_list_entries_for_item [list_utils.py:438] - User List ID: 2 User List Name: iotsmstmi Floors
2024-12-22 20:24:55,529 - application.list_utils - DEBUG - get_list_entries_for_item [list_utils.py:438] - User List ID: 1 User List Name: bob Homes
2024-12-22 20:24:55,531 - application.list_utils - DEBUG - get_list_entries_for_item [list_utils.py:439] - user: 1
2024-12-22 20:24:55,531 - application.list_utils - DEBUG - get_list_entries_for_item [list_utils.py:439] - user: 1
2024-12-22 20:24:55,532 - application.list_utils - DEBUG - get_list_entries_for_item [list_utils.py:439] - user: 1
2024-12-22 20:24:55,532 - application.list_utils - DEBUG - get_userlist [list_utils.py:308] - get_userlist(): item_model: Floor, list_name: None, parent_entry_id: 1
2024-12-22 20:24:55,533 - application.list_utils - DEBUG - get_userlist [list_utils.py:308] - get_userlist(): item_model: Room, list_name: None, parent_entry_id: 4
2024-12-22 20:24:55,533 - application.list_utils - DEBUG - get_top_userlists_by_root_parent [list_utils.py:279] - input root_parent_entry_id: 1 model: Task
2024-12-22 20:24:55,535 - application.list_utils - DEBUG - get_userlist [list_utils.py:322] - lists found (model, parent): [<UserList 5>]
2024-12-22 20:24:55,535 - application.list_utils - DEBUG - get_userlist [list_utils.py:322] - lists found (model, parent): [<UserList 2>]
2024-12-22 20:24:55,536 - application.list_utils - DEBUG - get_userlist [list_utils.py:349] - len(lists) == 1: None Room 4
2024-12-22 20:24:55,537 - application.list_utils - DEBUG - get_userlist [list_utils.py:349] - len(lists) == 1: None Floor 1
2024-12-22 20:24:55,537 - application.list_utils - DEBUG - get_userlists_by_parent [list_utils.py:271] - get_userlists_by_parent: lists found (parent_entry_id)1: [<UserList 2>]
2024-12-22 20:24:55,537 - application.list_utils - DEBUG - get_userlist [list_utils.py:368] - userlist.entries: [<UserListEntry 27>] List type: <class 'sqlalchemy.orm.collections.InstrumentedList'>
2024-12-22 20:24:55,538 - application.list_utils - DEBUG - get_userlist [list_utils.py:368] - userlist.entries: [<UserListEntry 2>, <UserListEntry 3>, <UserListEntry 4>, <UserListEntry 21>] List type: <class 'sqlalchemy.orm.collections.InstrumentedList'>
2024-12-22 20:24:55,538 - application.list_utils - DEBUG - get_userlists_by_parent [list_utils.py:271] - get_userlists_by_parent: lists found (parent_entry_id)2: [<UserList 3>]
2024-12-22 20:24:55,539 - application.list_utils - DEBUG - get_userlist [list_utils.py:370] - List: iotsmstmi 3rd Floor Rooms, Order: 0
2024-12-22 20:24:55,539 - application.list_utils - DEBUG - get_userlist [list_utils.py:370] - List: iotsmstmi Floors, Order: 2
2024-12-22 20:24:55,540 - application.list_utils - DEBUG - get_userlists_by_parent [list_utils.py:271] - get_userlists_by_parent: lists found (parent_entry_id)3: [<UserList 4>]
2024-12-22 20:24:55,541 - application.list_utils - DEBUG - get_userlist [list_utils.py:370] - List: iotsmstmi Floors, Order: 6
2024-12-22 20:24:55,541 - application.list_utils - DEBUG - get_userlists_by_parent [list_utils.py:271] - get_userlists_by_parent: lists found (parent_entry_id)27: [<UserList 12>]
2024-12-22 20:24:55,543 - application.list_utils - DEBUG - get_userlists_by_parent [list_utils.py:271] - get_userlists_by_parent: lists found (parent_entry_id)4: [<UserList 5>]
2024-12-22 20:24:55,543 - application.list_utils - DEBUG - get_userlist [list_utils.py:370] - List: iotsmstmi Floors, Order: 4
2024-12-22 20:24:55,546 - application.list_utils - DEBUG - get_userlists_by_parent [list_utils.py:271] - get_userlists_by_parent: lists found (parent_entry_id)21: [<UserList 7>]
2024-12-22 20:24:55,546 - application.list_utils - DEBUG - get_userlist [list_utils.py:370] - List: iotsmstmi Floors, Order: 0
2024-12-22 20:24:55,549 - application.list_utils - DEBUG - get_userlists_by_parent [list_utils.py:271] - get_userlists_by_parent: lists found (parent_entry_id)25: [<UserList 10>]
2024-12-22 20:24:55,551 - application.list_utils - DEBUG - get_userlists_by_parent [list_utils.py:271] - get_userlists_by_parent: lists found (parent_entry_id)2: [<UserList 3>]
2024-12-22 20:24:55,552 - application.list_utils - DEBUG - get_userlists_by_parent [list_utils.py:271] - get_userlists_by_parent: lists found (parent_entry_id)30: [<UserList 16>]
2024-12-22 20:24:55,555 - application.list_utils - DEBUG - get_userlists_by_parent [list_utils.py:271] - get_userlists_by_parent: lists found (parent_entry_id)3: [<UserList 4>]
2024-12-22 20:24:55,556 - application.list_utils - DEBUG - get_userlists_by_parent [list_utils.py:271] - get_userlists_by_parent: lists found (parent_entry_id)27: [<UserList 12>]
2024-12-22 20:24:55,557 - application.list_utils - DEBUG - get_userlists_by_parent [list_utils.py:271] - get_userlists_by_parent: lists found (parent_entry_id)4: [<UserList 5>]
2024-12-22 20:24:55,558 - application.list_utils - DEBUG - get_userlists_by_parent [list_utils.py:271] - get_userlists_by_parent: lists found (parent_entry_id)23: [<UserList 8>]
2024-12-22 20:24:55,559 - application.list_utils - DEBUG - get_userlists_by_parent [list_utils.py:271] - get_userlists_by_parent: lists found (parent_entry_id)21: [<UserList 7>]
2024-12-22 20:24:55,560 - application.list_utils - DEBUG - get_userlists_by_parent [list_utils.py:271] - get_userlists_by_parent: lists found (parent_entry_id)24: [<UserList 11>]
2024-12-22 20:24:55,563 - application.list_utils - DEBUG - get_userlists_by_parent [list_utils.py:271] - get_userlists_by_parent: lists found (parent_entry_id)29: [<UserList 14>, <UserList 17>]
2024-12-22 20:24:55,566 - application.list_utils - DEBUG - get_userlists_by_parent [list_utils.py:271] - get_userlists_by_parent: lists found (parent_entry_id)26: [<UserList 13>]
2024-12-22 20:24:55,568 - application.list_utils - DEBUG - get_userlists_by_parent [list_utils.py:271] - get_userlists_by_parent: lists found (parent_entry_id)22: [<UserList 9>]
2024-12-22 20:24:55,570 - application.list_utils - DEBUG - get_userlists_by_parent [list_utils.py:271] - get_userlists_by_parent: lists found (parent_entry_id)28: [<UserList 15>]
2024-12-22 20:24:55,570 - application.list_utils - DEBUG - get_top_userlists_by_root_parent [list_utils.py:294] - get_top_userlists_by_root_parent: No Task lists found for root_parent_entry_id 1
2024-12-22 20:24:55,714 - application.list_utils - DEBUG - get_list_entries_for_item [list_utils.py:428] - found_entries for <Photo 3>: [<UserListEntry 26>]
2024-12-22 20:24:55,715 - application.list_utils - DEBUG - get_list_entries_for_item [list_utils.py:436] - Entry: <UserListEntry 26>
2024-12-22 20:24:55,715 - application.list_utils - DEBUG - get_list_entries_for_item [list_utils.py:437] - Item Model: Photo, Item ID: 3
2024-12-22 20:24:55,715 - application.list_utils - DEBUG - get_list_entries_for_item [list_utils.py:438] - User List ID: 12 User List Name: Garage 1 Photos
2024-12-22 20:24:55,715 - application.list_utils - DEBUG - get_list_entries_for_item [list_utils.py:439] - user: 1
