2024-12-16 15:55:20,792 - logs.logging_config - DEBUG - configure_logging [logging_config.py:178] - Application logging configured
2024-12-16 15:55:20,793 - logs.logging_config - INFO - configure_logging [logging_config.py:187] - Application started in production environment
2024-12-16 15:55:20,794 - application - DEBUG - create_app [__init__.py:28] - test2
2024-12-16 15:55:21,728 - application - DEBUG - after_request_time [__init__.py:42] - Request to / took 0.007900238037109375 seconds
2024-12-16 15:55:21,729 - application - DEBUG - after_request_time [__init__.py:44] - view (after_request): sortphotos
2024-12-16 15:55:21,729 - application - DEBUG - after_request_time [__init__.py:46] - template (after_request): None
2024-12-16 15:55:21,949 - application - DEBUG - after_request_time [__init__.py:42] - Request to /map/ took 0.17656970024108887 seconds
2024-12-16 15:55:21,949 - application - DEBUG - after_request_time [__init__.py:44] - view (after_request): map
2024-12-16 15:55:21,949 - application - DEBUG - after_request_time [__init__.py:46] - template (after_request): map/index.html.jinja
2024-12-16 15:55:22,021 - application - DEBUG - after_request_time [__init__.py:42] - Request to /static/style.css took 0.008053064346313477 seconds
2024-12-16 15:55:22,022 - application - DEBUG - after_request_time [__init__.py:44] - view (after_request): map
2024-12-16 15:55:22,022 - application - DEBUG - after_request_time [__init__.py:46] - template (after_request): None
2024-12-16 15:55:22,023 - application - DEBUG - after_request_time [__init__.py:42] - Request to /static/js/bundle.js took 0.002033710479736328 seconds
2024-12-16 15:55:22,025 - application - DEBUG - after_request_time [__init__.py:44] - view (after_request): map
2024-12-16 15:55:22,026 - application - DEBUG - after_request_time [__init__.py:46] - template (after_request): None
2024-12-16 15:55:22,039 - application - DEBUG - after_request_time [__init__.py:42] - Request to /static/person-circle.svg took 0.002092599868774414 seconds
2024-12-16 15:55:22,040 - application - DEBUG - after_request_time [__init__.py:44] - view (after_request): map
2024-12-16 15:55:22,040 - application - DEBUG - after_request_time [__init__.py:46] - template (after_request): None
2024-12-16 15:55:22,229 - application - DEBUG - after_request_time [__init__.py:42] - Request to /show_list/ took 0.11400508880615234 seconds
2024-12-16 15:55:22,229 - application - DEBUG - after_request_time [__init__.py:44] - view (after_request): map
2024-12-16 15:55:22,229 - application - DEBUG - after_request_time [__init__.py:46] - template (after_request): lists/list.html.jinja
2024-12-16 15:55:22,318 - application - DEBUG - after_request_time [__init__.py:42] - Request to /show_photo_entry/32 took 0.040284156799316406 seconds
2024-12-16 15:55:22,318 - application - DEBUG - after_request_time [__init__.py:44] - view (after_request): map
2024-12-16 15:55:22,319 - application - DEBUG - after_request_time [__init__.py:42] - Request to /show_photo_entry/28 took 0.04082798957824707 seconds
2024-12-16 15:55:22,320 - application - DEBUG - after_request_time [__init__.py:46] - template (after_request): lists/model/photo.html.jinja
2024-12-16 15:55:22,322 - application - DEBUG - after_request_time [__init__.py:42] - Request to /show_photo_entry/33 took 0.035681962966918945 seconds
2024-12-16 15:55:22,322 - application - DEBUG - after_request_time [__init__.py:44] - view (after_request): map
2024-12-16 15:55:22,323 - application - DEBUG - after_request_time [__init__.py:42] - Request to /show_photo_entry/27 took 0.034433841705322266 seconds
2024-12-16 15:55:22,325 - application - DEBUG - after_request_time [__init__.py:44] - view (after_request): map
2024-12-16 15:55:22,325 - application - DEBUG - after_request_time [__init__.py:46] - template (after_request): lists/model/photo.html.jinja
2024-12-16 15:55:22,326 - application - DEBUG - after_request_time [__init__.py:44] - view (after_request): map
2024-12-16 15:55:22,326 - application - DEBUG - after_request_time [__init__.py:46] - template (after_request): lists/model/photo.html.jinja
2024-12-16 15:55:22,329 - application - DEBUG - after_request_time [__init__.py:46] - template (after_request): lists/model/photo.html.jinja
2024-12-16 15:55:22,353 - application - DEBUG - after_request_time [__init__.py:42] - Request to /media/uploads/1_1734387023_image.jpg took 0.00360107421875 seconds
2024-12-16 15:55:22,353 - application - DEBUG - after_request_time [__init__.py:44] - view (after_request): map
2024-12-16 15:55:22,354 - application - DEBUG - after_request_time [__init__.py:46] - template (after_request): None
2024-12-16 15:55:22,367 - application - DEBUG - after_request_time [__init__.py:42] - Request to /static/defaults/generic_room.jpg took 0.004714012145996094 seconds
2024-12-16 15:55:22,369 - application - DEBUG - after_request_time [__init__.py:44] - view (after_request): map
2024-12-16 15:55:22,371 - application - DEBUG - after_request_time [__init__.py:42] - Request to /media/uploads/1_1734385972_image.jpg took 0.013361692428588867 seconds
2024-12-16 15:55:22,372 - application - DEBUG - after_request_time [__init__.py:46] - template (after_request): None
2024-12-16 15:55:22,372 - application - DEBUG - after_request_time [__init__.py:44] - view (after_request): map
2024-12-16 15:55:22,375 - application - DEBUG - after_request_time [__init__.py:46] - template (after_request): None
2024-12-16 15:55:22,377 - application - DEBUG - after_request_time [__init__.py:42] - Request to /media/uploads/1_1734387080_image.jpg took 0.007924079895019531 seconds
2024-12-16 15:55:22,379 - application - DEBUG - after_request_time [__init__.py:44] - view (after_request): map
2024-12-16 15:55:22,380 - application - DEBUG - after_request_time [__init__.py:46] - template (after_request): None
2024-12-16 15:55:34,724 - application - DEBUG - after_request_time [__init__.py:42] - Request to /map/3 took 0.04502391815185547 seconds
2024-12-16 15:55:34,724 - application - DEBUG - after_request_time [__init__.py:44] - view (after_request): map
2024-12-16 15:55:34,724 - application - DEBUG - after_request_time [__init__.py:46] - template (after_request): map/index.html.jinja
2024-12-16 15:55:34,824 - application - DEBUG - after_request_time [__init__.py:42] - Request to /static/style.css took 0.0009849071502685547 seconds
2024-12-16 15:55:34,825 - application - DEBUG - after_request_time [__init__.py:44] - view (after_request): map
2024-12-16 15:55:34,827 - application - DEBUG - after_request_time [__init__.py:46] - template (after_request): None
2024-12-16 15:55:34,828 - application - DEBUG - after_request_time [__init__.py:42] - Request to /static/js/bundle.js took 0.0011069774627685547 seconds
2024-12-16 15:55:34,829 - application - DEBUG - after_request_time [__init__.py:44] - view (after_request): map
2024-12-16 15:55:34,830 - application - DEBUG - after_request_time [__init__.py:46] - template (after_request): None
2024-12-16 15:55:34,861 - application - DEBUG - after_request_time [__init__.py:42] - Request to /static/person-circle.svg took 0.0005621910095214844 seconds
2024-12-16 15:55:34,862 - application - DEBUG - after_request_time [__init__.py:44] - view (after_request): map
2024-12-16 15:55:34,862 - application - DEBUG - after_request_time [__init__.py:46] - template (after_request): None
2024-12-16 15:55:34,974 - application - DEBUG - after_request_time [__init__.py:42] - Request to /show_list/ took 0.04271578788757324 seconds
2024-12-16 15:55:34,974 - application - DEBUG - after_request_time [__init__.py:44] - view (after_request): map
2024-12-16 15:55:34,975 - application - DEBUG - after_request_time [__init__.py:46] - template (after_request): lists/list.html.jinja
2024-12-16 15:55:35,041 - application - DEBUG - after_request_time [__init__.py:42] - Request to /show_photo_entry/24 took 0.00485992431640625 seconds
2024-12-16 15:55:35,042 - application - DEBUG - after_request_time [__init__.py:44] - view (after_request): map
2024-12-16 15:55:35,042 - application - DEBUG - after_request_time [__init__.py:46] - template (after_request): lists/model/photo.html.jinja
2024-12-16 15:55:35,073 - application - DEBUG - after_request_time [__init__.py:42] - Request to /show_photo_entry/19 took 0.02793097496032715 seconds
2024-12-16 15:55:35,074 - application - DEBUG - after_request_time [__init__.py:44] - view (after_request): map
2024-12-16 15:55:35,075 - application - DEBUG - after_request_time [__init__.py:46] - template (after_request): lists/model/photo.html.jinja
2024-12-16 15:55:35,080 - application - DEBUG - after_request_time [__init__.py:42] - Request to /show_photo_entry/22 took 0.030936241149902344 seconds
2024-12-16 15:55:35,081 - application - DEBUG - after_request_time [__init__.py:44] - view (after_request): map
2024-12-16 15:55:35,081 - application - DEBUG - after_request_time [__init__.py:46] - template (after_request): lists/model/photo.html.jinja
2024-12-16 15:55:35,082 - application - DEBUG - after_request_time [__init__.py:42] - Request to /show_photo_entry/21 took 0.02911376953125 seconds
2024-12-16 15:55:35,084 - application - DEBUG - after_request_time [__init__.py:42] - Request to /show_photo_entry/20 took 0.025698184967041016 seconds
2024-12-16 15:55:35,085 - application - DEBUG - after_request_time [__init__.py:44] - view (after_request): map
2024-12-16 15:55:35,086 - application - DEBUG - after_request_time [__init__.py:42] - Request to /show_photo_entry/12 took 0.022727012634277344 seconds
2024-12-16 15:55:35,086 - application - DEBUG - after_request_time [__init__.py:44] - view (after_request): map
2024-12-16 15:55:35,087 - application - DEBUG - after_request_time [__init__.py:46] - template (after_request): lists/model/photo.html.jinja
2024-12-16 15:55:35,089 - application - DEBUG - after_request_time [__init__.py:42] - Request to /show_photo_entry/18 took 0.01974201202392578 seconds
2024-12-16 15:55:35,089 - application - DEBUG - after_request_time [__init__.py:44] - view (after_request): map
2024-12-16 15:55:35,089 - application - DEBUG - after_request_time [__init__.py:46] - template (after_request): lists/model/photo.html.jinja
2024-12-16 15:55:35,092 - application - DEBUG - after_request_time [__init__.py:44] - view (after_request): map
2024-12-16 15:55:35,093 - application - DEBUG - after_request_time [__init__.py:46] - template (after_request): lists/model/photo.html.jinja
2024-12-16 15:55:35,094 - application - DEBUG - after_request_time [__init__.py:46] - template (after_request): lists/model/photo.html.jinja
2024-12-16 15:55:35,105 - application - DEBUG - after_request_time [__init__.py:42] - Request to /show_photo_entry/17 took 0.013036251068115234 seconds
2024-12-16 15:55:35,107 - application - DEBUG - after_request_time [__init__.py:44] - view (after_request): map
2024-12-16 15:55:35,108 - application - DEBUG - after_request_time [__init__.py:46] - template (after_request): lists/model/photo.html.jinja
2024-12-16 15:55:35,119 - application - DEBUG - after_request_time [__init__.py:42] - Request to /show_photo_entry/16 took 0.012109041213989258 seconds
2024-12-16 15:55:35,120 - application - DEBUG - after_request_time [__init__.py:44] - view (after_request): map
2024-12-16 15:55:35,120 - application - DEBUG - after_request_time [__init__.py:46] - template (after_request): lists/model/photo.html.jinja
2024-12-16 15:55:35,138 - application - DEBUG - after_request_time [__init__.py:42] - Request to /static/defaults/generic_room.jpg took 0.0017490386962890625 seconds
2024-12-16 15:55:35,138 - application - DEBUG - after_request_time [__init__.py:44] - view (after_request): map
2024-12-16 15:55:35,139 - application - DEBUG - after_request_time [__init__.py:46] - template (after_request): None
2024-12-16 15:55:35,140 - application - DEBUG - after_request_time [__init__.py:42] - Request to /show_photo_entry/15 took 0.0228579044342041 seconds
2024-12-16 15:55:35,142 - application - DEBUG - after_request_time [__init__.py:44] - view (after_request): map
2024-12-16 15:55:35,143 - application - DEBUG - after_request_time [__init__.py:46] - template (after_request): lists/model/photo.html.jinja
2024-12-16 15:55:35,146 - application - DEBUG - after_request_time [__init__.py:42] - Request to /show_photo_entry/14 took 0.021085023880004883 seconds
2024-12-16 15:55:35,148 - application - DEBUG - after_request_time [__init__.py:42] - Request to /show_photo_entry/13 took 0.019367218017578125 seconds
2024-12-16 15:55:35,148 - application - DEBUG - after_request_time [__init__.py:44] - view (after_request): map
2024-12-16 15:55:35,149 - application - DEBUG - after_request_time [__init__.py:44] - view (after_request): map
2024-12-16 15:55:35,149 - application - DEBUG - after_request_time [__init__.py:46] - template (after_request): lists/model/photo.html.jinja
2024-12-16 15:55:35,149 - application - DEBUG - after_request_time [__init__.py:46] - template (after_request): lists/model/photo.html.jinja
2024-12-16 15:55:35,176 - application - DEBUG - after_request_time [__init__.py:42] - Request to /static/defaults/generic_room.jpg took 0.0006039142608642578 seconds
2024-12-16 15:55:35,176 - application - DEBUG - after_request_time [__init__.py:44] - view (after_request): map
2024-12-16 15:55:35,176 - application - DEBUG - after_request_time [__init__.py:46] - template (after_request): None
2024-12-16 15:55:39,059 - application - DEBUG - after_request_time [__init__.py:42] - Request to /home/floors/setup took 0.026252031326293945 seconds
2024-12-16 15:55:39,059 - application - DEBUG - after_request_time [__init__.py:44] - view (after_request): map
2024-12-16 15:55:39,059 - application - DEBUG - after_request_time [__init__.py:46] - template (after_request): homes/create_floors.html.jinja
2024-12-16 15:55:39,109 - application - DEBUG - after_request_time [__init__.py:42] - Request to /static/person-circle.svg took 0.0008597373962402344 seconds
2024-12-16 15:55:39,110 - application - DEBUG - after_request_time [__init__.py:44] - view (after_request): map
2024-12-16 15:55:39,112 - application - DEBUG - after_request_time [__init__.py:46] - template (after_request): None
2024-12-16 15:55:39,114 - application - DEBUG - after_request_time [__init__.py:42] - Request to /static/defaults/generic_room.jpg took 0.0014278888702392578 seconds
2024-12-16 15:55:39,114 - application - DEBUG - after_request_time [__init__.py:44] - view (after_request): map
2024-12-16 15:55:39,115 - application - DEBUG - after_request_time [__init__.py:46] - template (after_request): None
2024-12-16 15:55:39,285 - application - DEBUG - after_request_time [__init__.py:42] - Request to /show_list/2 took 0.10275888442993164 seconds
2024-12-16 15:55:39,286 - application - DEBUG - after_request_time [__init__.py:44] - view (after_request): map
2024-12-16 15:55:39,286 - application - DEBUG - after_request_time [__init__.py:46] - template (after_request): lists/list.html.jinja
2024-12-16 15:55:40,241 - application - DEBUG - after_request_time [__init__.py:42] - Request to /create/Floor took 0.02515411376953125 seconds
2024-12-16 15:55:40,242 - application - DEBUG - after_request_time [__init__.py:44] - view (after_request): map
2024-12-16 15:55:40,242 - application - DEBUG - after_request_time [__init__.py:46] - template (after_request): lists/model/floor.html.jinja
2024-12-16 15:55:41,148 - application - DEBUG - after_request_time [__init__.py:42] - Request to /home/floors/setup took 0.009293794631958008 seconds
2024-12-16 15:55:41,149 - application - DEBUG - after_request_time [__init__.py:44] - view (after_request): map
2024-12-16 15:55:41,149 - application - DEBUG - after_request_time [__init__.py:46] - template (after_request): None
2024-12-16 15:55:41,189 - application - DEBUG - after_request_time [__init__.py:42] - Request to /home/setup took 0.013114213943481445 seconds
2024-12-16 15:55:41,190 - application - DEBUG - after_request_time [__init__.py:44] - view (after_request): map
2024-12-16 15:55:41,190 - application - DEBUG - after_request_time [__init__.py:46] - template (after_request): None
2024-12-16 15:55:41,293 - application - DEBUG - after_request_time [__init__.py:42] - Request to /home/rooms/setup/5 took 0.07567787170410156 seconds
2024-12-16 15:55:41,294 - application - DEBUG - after_request_time [__init__.py:44] - view (after_request): rooms
2024-12-16 15:55:41,294 - application - DEBUG - after_request_time [__init__.py:46] - template (after_request): homes/create_rooms.html.jinja
2024-12-16 15:55:41,322 - application - DEBUG - after_request_time [__init__.py:42] - Request to /static/person-circle.svg took 0.0007941722869873047 seconds
2024-12-16 15:55:41,322 - application - DEBUG - after_request_time [__init__.py:44] - view (after_request): rooms
2024-12-16 15:55:41,323 - application - DEBUG - after_request_time [__init__.py:46] - template (after_request): None
2024-12-16 15:55:41,378 - application - DEBUG - after_request_time [__init__.py:42] - Request to /show_list/93 took 0.003631114959716797 seconds
2024-12-16 15:55:41,378 - application - DEBUG - after_request_time [__init__.py:44] - view (after_request): rooms
2024-12-16 15:55:41,379 - application - DEBUG - after_request_time [__init__.py:46] - template (after_request): lists/list.html.jinja
2024-12-16 15:55:41,420 - application - DEBUG - after_request_time [__init__.py:42] - Request to /show_list/5 took 0.0507359504699707 seconds
2024-12-16 15:55:41,421 - application - DEBUG - after_request_time [__init__.py:44] - view (after_request): rooms
2024-12-16 15:55:41,421 - application - DEBUG - after_request_time [__init__.py:46] - template (after_request): lists/list.html.jinja
2024-12-16 15:55:46,237 - application - DEBUG - after_request_time [__init__.py:42] - Request to /create/Room/93 took 0.04435300827026367 seconds
2024-12-16 15:55:46,237 - application - DEBUG - after_request_time [__init__.py:44] - view (after_request): rooms
2024-12-16 15:55:46,237 - application - DEBUG - after_request_time [__init__.py:46] - template (after_request): lists/model/room.html.jinja
2024-12-16 15:55:46,302 - application - DEBUG - after_request_time [__init__.py:42] - Request to /show_photo_entry/35 took 0.0057451725006103516 seconds
2024-12-16 15:55:46,302 - application - DEBUG - after_request_time [__init__.py:44] - view (after_request): rooms
2024-12-16 15:55:46,302 - application - DEBUG - after_request_time [__init__.py:46] - template (after_request): lists/model/photo.html.jinja
2024-12-16 15:55:46,343 - application - DEBUG - after_request_time [__init__.py:42] - Request to /static/defaults/generic_room.jpg took 0.0011470317840576172 seconds
2024-12-16 15:55:46,343 - application - DEBUG - after_request_time [__init__.py:44] - view (after_request): rooms
2024-12-16 15:55:46,343 - application - DEBUG - after_request_time [__init__.py:46] - template (after_request): None
2024-12-16 15:55:47,303 - application - DEBUG - after_request_time [__init__.py:42] - Request to /update_list_order/93 took 0.00857996940612793 seconds
2024-12-16 15:55:47,304 - application - DEBUG - after_request_time [__init__.py:44] - view (after_request): rooms
2024-12-16 15:55:47,304 - application - DEBUG - after_request_time [__init__.py:42] - Request to /update_list_order/5 took 0.005717039108276367 seconds
2024-12-16 15:55:47,305 - application - DEBUG - after_request_time [__init__.py:46] - template (after_request): None
2024-12-16 15:55:47,305 - application - DEBUG - after_request_time [__init__.py:44] - view (after_request): rooms
2024-12-16 15:55:47,306 - application - DEBUG - after_request_time [__init__.py:46] - template (after_request): None
2024-12-16 15:55:50,194 - application - DEBUG - after_request_time [__init__.py:42] - Request to /create/Room/93 took 0.03674912452697754 seconds
2024-12-16 15:55:50,194 - application - DEBUG - after_request_time [__init__.py:44] - view (after_request): rooms
2024-12-16 15:55:50,194 - application - DEBUG - after_request_time [__init__.py:46] - template (after_request): lists/model/room.html.jinja
2024-12-16 15:55:50,254 - application - DEBUG - after_request_time [__init__.py:42] - Request to /show_photo_entry/36 took 0.00545811653137207 seconds
2024-12-16 15:55:50,254 - application - DEBUG - after_request_time [__init__.py:44] - view (after_request): rooms
2024-12-16 15:55:50,254 - application - DEBUG - after_request_time [__init__.py:46] - template (after_request): lists/model/photo.html.jinja
2024-12-16 15:55:50,289 - application - DEBUG - after_request_time [__init__.py:42] - Request to /static/defaults/generic_room.jpg took 0.0006499290466308594 seconds
2024-12-16 15:55:50,289 - application - DEBUG - after_request_time [__init__.py:44] - view (after_request): rooms
2024-12-16 15:55:50,289 - application - DEBUG - after_request_time [__init__.py:46] - template (after_request): None
2024-12-16 15:55:51,526 - application - DEBUG - after_request_time [__init__.py:42] - Request to /update_list_order/93 took 0.009589910507202148 seconds
2024-12-16 15:55:51,526 - application - DEBUG - after_request_time [__init__.py:44] - view (after_request): rooms
2024-12-16 15:55:51,527 - application - DEBUG - after_request_time [__init__.py:46] - template (after_request): None
2024-12-16 15:55:51,538 - application - DEBUG - after_request_time [__init__.py:42] - Request to /update_list_order/5 took 0.00795292854309082 seconds
2024-12-16 15:55:51,538 - application - DEBUG - after_request_time [__init__.py:44] - view (after_request): rooms
2024-12-16 15:55:51,539 - application - DEBUG - after_request_time [__init__.py:46] - template (after_request): None
2024-12-16 15:55:52,559 - application - DEBUG - after_request_time [__init__.py:42] - Request to /home/room/28/active took 0.013350725173950195 seconds
2024-12-16 15:55:52,560 - application - DEBUG - after_request_time [__init__.py:44] - view (after_request): rooms
2024-12-16 15:55:52,561 - application - DEBUG - after_request_time [__init__.py:46] - template (after_request): None
2024-12-16 15:55:52,565 - application - DEBUG - after_request_time [__init__.py:42] - Request to /get_active_room_entry_id took 0.013196945190429688 seconds
2024-12-16 15:55:52,565 - application - DEBUG - after_request_time [__init__.py:44] - view (after_request): rooms
2024-12-16 15:55:52,565 - application - DEBUG - after_request_time [__init__.py:46] - template (after_request): None
2024-12-16 15:55:55,654 - application - DEBUG - after_request_time [__init__.py:42] - Request to /floorplan/next took 0.018121957778930664 seconds
2024-12-16 15:55:55,655 - application - DEBUG - after_request_time [__init__.py:44] - view (after_request): rooms
2024-12-16 15:55:55,655 - application - DEBUG - after_request_time [__init__.py:46] - template (after_request): None
2024-12-16 15:55:55,709 - application - DEBUG - after_request_time [__init__.py:42] - Request to /floorplan/1 took 0.0046710968017578125 seconds
2024-12-16 15:55:55,709 - application - DEBUG - after_request_time [__init__.py:44] - view (after_request): rooms
2024-12-16 15:55:55,709 - application - DEBUG - after_request_time [__init__.py:46] - template (after_request): None
2024-12-16 15:55:55,796 - application - DEBUG - after_request_time [__init__.py:42] - Request to /home/rooms/setup/1 took 0.044355154037475586 seconds
2024-12-16 15:55:55,796 - application - DEBUG - after_request_time [__init__.py:44] - view (after_request): rooms
2024-12-16 15:55:55,796 - application - DEBUG - after_request_time [__init__.py:46] - template (after_request): homes/create_rooms.html.jinja
2024-12-16 15:55:55,811 - application - DEBUG - after_request_time [__init__.py:42] - Request to /static/person-circle.svg took 0.0008046627044677734 seconds
2024-12-16 15:55:55,812 - application - DEBUG - after_request_time [__init__.py:44] - view (after_request): rooms
2024-12-16 15:55:55,812 - application - DEBUG - after_request_time [__init__.py:46] - template (after_request): None
2024-12-16 15:55:55,830 - application - DEBUG - after_request_time [__init__.py:42] - Request to /static/style.css took 0.0008282661437988281 seconds
2024-12-16 15:55:55,830 - application - DEBUG - after_request_time [__init__.py:44] - view (after_request): rooms
2024-12-16 15:55:55,831 - application - DEBUG - after_request_time [__init__.py:46] - template (after_request): None
2024-12-16 15:55:55,880 - application - DEBUG - after_request_time [__init__.py:42] - Request to /static/js/bundle.js took 0.0010881423950195312 seconds
2024-12-16 15:55:55,881 - application - DEBUG - after_request_time [__init__.py:44] - view (after_request): rooms
2024-12-16 15:55:55,881 - application - DEBUG - after_request_time [__init__.py:46] - template (after_request): None
2024-12-16 15:55:55,972 - application - DEBUG - after_request_time [__init__.py:42] - Request to /show_list/5 took 0.050592899322509766 seconds
2024-12-16 15:55:55,973 - application - DEBUG - after_request_time [__init__.py:42] - Request to /show_list/3 took 0.030977964401245117 seconds
2024-12-16 15:55:55,973 - application - DEBUG - after_request_time [__init__.py:44] - view (after_request): rooms
2024-12-16 15:55:55,973 - application - DEBUG - after_request_time [__init__.py:44] - view (after_request): rooms
2024-12-16 15:55:55,973 - application - DEBUG - after_request_time [__init__.py:46] - template (after_request): lists/list.html.jinja
2024-12-16 15:55:55,973 - application - DEBUG - after_request_time [__init__.py:46] - template (after_request): lists/list.html.jinja
2024-12-16 15:55:56,042 - application - DEBUG - after_request_time [__init__.py:42] - Request to /show_photo_entry/6 took 0.005190849304199219 seconds
2024-12-16 15:55:56,043 - application - DEBUG - after_request_time [__init__.py:44] - view (after_request): rooms
2024-12-16 15:55:56,043 - application - DEBUG - after_request_time [__init__.py:46] - template (after_request): lists/model/photo.html.jinja
2024-12-16 15:55:56,076 - application - DEBUG - after_request_time [__init__.py:42] - Request to /show_photo_entry/4 took 0.013920068740844727 seconds
2024-12-16 15:55:56,077 - application - DEBUG - after_request_time [__init__.py:44] - view (after_request): rooms
2024-12-16 15:55:56,078 - application - DEBUG - after_request_time [__init__.py:42] - Request to /show_photo_entry/5 took 0.014284133911132812 seconds
2024-12-16 15:55:56,078 - application - DEBUG - after_request_time [__init__.py:46] - template (after_request): lists/model/photo.html.jinja
2024-12-16 15:55:56,079 - application - DEBUG - after_request_time [__init__.py:42] - Request to /show_photo_entry/1 took 0.011337995529174805 seconds
2024-12-16 15:55:56,079 - application - DEBUG - after_request_time [__init__.py:44] - view (after_request): rooms
2024-12-16 15:55:56,080 - application - DEBUG - after_request_time [__init__.py:44] - view (after_request): rooms
2024-12-16 15:55:56,080 - application - DEBUG - after_request_time [__init__.py:46] - template (after_request): lists/model/photo.html.jinja
2024-12-16 15:55:56,081 - application - DEBUG - after_request_time [__init__.py:46] - template (after_request): lists/model/photo.html.jinja
2024-12-16 15:55:56,089 - application - DEBUG - after_request_time [__init__.py:42] - Request to /static/defaults/generic_room.jpg took 0.0012581348419189453 seconds
2024-12-16 15:55:56,090 - application - DEBUG - after_request_time [__init__.py:44] - view (after_request): rooms
2024-12-16 15:55:56,090 - application - DEBUG - after_request_time [__init__.py:46] - template (after_request): None
2024-12-16 15:55:56,141 - application - DEBUG - after_request_time [__init__.py:42] - Request to /static/defaults/generic_room.jpg took 0.0008471012115478516 seconds
2024-12-16 15:55:56,141 - application - DEBUG - after_request_time [__init__.py:44] - view (after_request): rooms
2024-12-16 15:55:56,142 - application - DEBUG - after_request_time [__init__.py:46] - template (after_request): None
2024-12-16 15:56:00,052 - application - DEBUG - after_request_time [__init__.py:42] - Request to /map/1 took 0.04403114318847656 seconds
2024-12-16 15:56:00,052 - application - DEBUG - after_request_time [__init__.py:44] - view (after_request): map
2024-12-16 15:56:00,052 - application - DEBUG - after_request_time [__init__.py:46] - template (after_request): map/index.html.jinja
2024-12-16 15:56:00,082 - application - DEBUG - after_request_time [__init__.py:42] - Request to /static/person-circle.svg took 0.0008308887481689453 seconds
2024-12-16 15:56:00,083 - application - DEBUG - after_request_time [__init__.py:44] - view (after_request): map
2024-12-16 15:56:00,083 - application - DEBUG - after_request_time [__init__.py:46] - template (after_request): None
2024-12-16 15:56:00,088 - application - DEBUG - after_request_time [__init__.py:42] - Request to /static/defaults/generic_room.jpg took 0.0013308525085449219 seconds
2024-12-16 15:56:00,089 - application - DEBUG - after_request_time [__init__.py:44] - view (after_request): map
2024-12-16 15:56:00,089 - application - DEBUG - after_request_time [__init__.py:46] - template (after_request): None
2024-12-16 15:56:00,148 - application - DEBUG - after_request_time [__init__.py:42] - Request to /show_list/ took 0.021181344985961914 seconds
2024-12-16 15:56:00,148 - application - DEBUG - after_request_time [__init__.py:44] - view (after_request): map
2024-12-16 15:56:00,148 - application - DEBUG - after_request_time [__init__.py:46] - template (after_request): lists/list.html.jinja
2024-12-16 15:56:00,197 - application - DEBUG - after_request_time [__init__.py:42] - Request to /show_photo_entry/6 took 0.005317211151123047 seconds
2024-12-16 15:56:00,197 - application - DEBUG - after_request_time [__init__.py:44] - view (after_request): map
2024-12-16 15:56:00,197 - application - DEBUG - after_request_time [__init__.py:46] - template (after_request): lists/model/photo.html.jinja
2024-12-16 15:56:00,219 - application - DEBUG - after_request_time [__init__.py:42] - Request to /show_photo_entry/4 took 0.015151023864746094 seconds
2024-12-16 15:56:00,220 - application - DEBUG - after_request_time [__init__.py:44] - view (after_request): map
2024-12-16 15:56:00,220 - application - DEBUG - after_request_time [__init__.py:42] - Request to /show_photo_entry/1 took 0.013849973678588867 seconds
2024-12-16 15:56:00,221 - application - DEBUG - after_request_time [__init__.py:46] - template (after_request): lists/model/photo.html.jinja
2024-12-16 15:56:00,221 - application - DEBUG - after_request_time [__init__.py:44] - view (after_request): map
2024-12-16 15:56:00,222 - application - DEBUG - after_request_time [__init__.py:42] - Request to /show_photo_entry/5 took 0.014233827590942383 seconds
2024-12-16 15:56:00,222 - application - DEBUG - after_request_time [__init__.py:46] - template (after_request): lists/model/photo.html.jinja
2024-12-16 15:56:00,223 - application - DEBUG - after_request_time [__init__.py:44] - view (after_request): map
2024-12-16 15:56:00,224 - application - DEBUG - after_request_time [__init__.py:46] - template (after_request): lists/model/photo.html.jinja
2024-12-16 15:56:00,231 - application - DEBUG - after_request_time [__init__.py:42] - Request to /static/defaults/generic_room.jpg took 0.0007579326629638672 seconds
2024-12-16 15:56:00,231 - application - DEBUG - after_request_time [__init__.py:44] - view (after_request): map
2024-12-16 15:56:00,231 - application - DEBUG - after_request_time [__init__.py:46] - template (after_request): None
2024-12-16 15:56:00,271 - application - DEBUG - after_request_time [__init__.py:42] - Request to /static/defaults/generic_room.jpg took 0.002100229263305664 seconds
2024-12-16 15:56:00,271 - application - DEBUG - after_request_time [__init__.py:44] - view (after_request): map
2024-12-16 15:56:00,271 - application - DEBUG - after_request_time [__init__.py:46] - template (after_request): None
2024-12-16 15:56:02,854 - application - DEBUG - after_request_time [__init__.py:42] - Request to /static/defaults/generic_room.jpg took 0.0008869171142578125 seconds
2024-12-16 15:56:02,854 - application - DEBUG - after_request_time [__init__.py:44] - view (after_request): map
2024-12-16 15:56:02,855 - application - DEBUG - after_request_time [__init__.py:46] - template (after_request): None
2024-12-16 15:56:05,448 - application - DEBUG - after_request_time [__init__.py:42] - Request to /get_active_room_entry_id took 0.004970073699951172 seconds
2024-12-16 15:56:05,448 - application - DEBUG - after_request_time [__init__.py:44] - view (after_request): map
2024-12-16 15:56:05,448 - application - DEBUG - after_request_time [__init__.py:46] - template (after_request): None
2024-12-16 15:56:06,381 - application - DEBUG - after_request_time [__init__.py:42] - Request to /update_list_order/3 took 0.01915287971496582 seconds
2024-12-16 15:56:06,381 - application - DEBUG - after_request_time [__init__.py:44] - view (after_request): map
2024-12-16 15:56:06,382 - application - DEBUG - after_request_time [__init__.py:46] - template (after_request): None
2024-12-16 15:56:10,758 - application - DEBUG - after_request_time [__init__.py:42] - Request to /walkthrough/start took 0.007695198059082031 seconds
2024-12-16 15:56:10,759 - application - DEBUG - after_request_time [__init__.py:44] - view (after_request): rename
2024-12-16 15:56:10,759 - application - DEBUG - after_request_time [__init__.py:46] - template (after_request): None
2024-12-16 15:56:10,834 - application - DEBUG - after_request_time [__init__.py:42] - Request to /walkthrough/steps took 0.01905989646911621 seconds
2024-12-16 15:56:10,834 - application - DEBUG - after_request_time [__init__.py:44] - view (after_request): rename
2024-12-16 15:56:10,834 - application - DEBUG - after_request_time [__init__.py:46] - template (after_request): walkthrough/index.html.jinja
2024-12-16 15:56:10,892 - application - DEBUG - after_request_time [__init__.py:42] - Request to /static/style.css took 0.0009810924530029297 seconds
2024-12-16 15:56:10,893 - application - DEBUG - after_request_time [__init__.py:44] - view (after_request): rename
2024-12-16 15:56:10,893 - application - DEBUG - after_request_time [__init__.py:46] - template (after_request): None
2024-12-16 15:56:10,907 - application - DEBUG - after_request_time [__init__.py:42] - Request to /static/person-circle.svg took 0.0008339881896972656 seconds
2024-12-16 15:56:10,908 - application - DEBUG - after_request_time [__init__.py:42] - Request to /static/js/bundle.js took 0.0017879009246826172 seconds
2024-12-16 15:56:10,908 - application - DEBUG - after_request_time [__init__.py:44] - view (after_request): rename
2024-12-16 15:56:10,908 - application - DEBUG - after_request_time [__init__.py:44] - view (after_request): rename
2024-12-16 15:56:10,909 - application - DEBUG - after_request_time [__init__.py:46] - template (after_request): None
2024-12-16 15:56:10,909 - application - DEBUG - after_request_time [__init__.py:46] - template (after_request): None
2024-12-16 15:56:10,973 - application - DEBUG - after_request_time [__init__.py:42] - Request to /walkthrough/steps took 0.03625297546386719 seconds
2024-12-16 15:56:10,974 - application - DEBUG - after_request_time [__init__.py:44] - view (after_request): rename
2024-12-16 15:56:10,974 - application - DEBUG - after_request_time [__init__.py:46] - template (after_request): walkthrough/parts/rename.html.jinja
2024-12-16 15:56:10,997 - application - DEBUG - after_request_time [__init__.py:42] - Request to /static/person-circle.svg took 0.0010938644409179688 seconds
2024-12-16 15:56:10,997 - application - DEBUG - after_request_time [__init__.py:44] - view (after_request): rename
2024-12-16 15:56:10,997 - application - DEBUG - after_request_time [__init__.py:46] - template (after_request): None
2024-12-16 15:56:14,049 - application - DEBUG - after_request_time [__init__.py:42] - Request to /walkthrough/steps took 0.006335020065307617 seconds
2024-12-16 15:56:14,050 - application - DEBUG - after_request_time [__init__.py:44] - view (after_request): photo
2024-12-16 15:56:14,050 - application - DEBUG - after_request_time [__init__.py:46] - template (after_request): walkthrough/parts/photo.html.jinja
2024-12-16 15:56:14,099 - application - DEBUG - after_request_time [__init__.py:42] - Request to /static/person-circle.svg took 0.0009739398956298828 seconds
2024-12-16 15:56:14,100 - application - DEBUG - after_request_time [__init__.py:44] - view (after_request): photo
2024-12-16 15:56:14,100 - application - DEBUG - after_request_time [__init__.py:46] - template (after_request): None
2024-12-16 15:56:14,160 - application - DEBUG - after_request_time [__init__.py:42] - Request to /show_list/ took 0.009675979614257812 seconds
2024-12-16 15:56:14,160 - application - DEBUG - after_request_time [__init__.py:44] - view (after_request): photo
2024-12-16 15:56:14,160 - application - DEBUG - after_request_time [__init__.py:46] - template (after_request): lists/list.html.jinja
2024-12-16 15:56:14,192 - application - DEBUG - after_request_time [__init__.py:42] - Request to /static/defaults/generic_room.jpg took 0.0009589195251464844 seconds
2024-12-16 15:56:14,192 - application - DEBUG - after_request_time [__init__.py:44] - view (after_request): photo
2024-12-16 15:56:14,193 - application - DEBUG - after_request_time [__init__.py:46] - template (after_request): None
2024-12-16 15:56:19,859 - application - DEBUG - after_request_time [__init__.py:42] - Request to /upload/Photo took 0.2855250835418701 seconds
2024-12-16 15:56:19,860 - application - DEBUG - after_request_time [__init__.py:44] - view (after_request): photo
2024-12-16 15:56:19,860 - application - DEBUG - after_request_time [__init__.py:46] - template (after_request): lists/uploaded_list.html.jinja
2024-12-16 15:56:19,922 - application - DEBUG - after_request_time [__init__.py:42] - Request to /media/uploads/1_1734389779_image.jpg took 0.001786947250366211 seconds
2024-12-16 15:56:19,922 - application - DEBUG - after_request_time [__init__.py:44] - view (after_request): photo
2024-12-16 15:56:19,922 - application - DEBUG - after_request_time [__init__.py:46] - template (after_request): None
2024-12-16 15:56:24,224 - application - DEBUG - after_request_time [__init__.py:42] - Request to /walkthrough/steps took 0.015142202377319336 seconds
2024-12-16 15:56:24,224 - application - DEBUG - after_request_time [__init__.py:44] - view (after_request): sortphotos
2024-12-16 15:56:24,225 - application - DEBUG - after_request_time [__init__.py:46] - template (after_request): walkthrough/parts/sortphotos.html.jinja
2024-12-16 15:56:24,268 - application - DEBUG - after_request_time [__init__.py:42] - Request to /static/person-circle.svg took 0.001088857650756836 seconds
2024-12-16 15:56:24,268 - application - DEBUG - after_request_time [__init__.py:44] - view (after_request): sortphotos
2024-12-16 15:56:24,268 - application - DEBUG - after_request_time [__init__.py:46] - template (after_request): None
2024-12-16 15:56:24,276 - application - DEBUG - after_request_time [__init__.py:42] - Request to /static/defaults/generic_room.jpg took 0.0006458759307861328 seconds
2024-12-16 15:56:24,276 - application - DEBUG - after_request_time [__init__.py:44] - view (after_request): sortphotos
2024-12-16 15:56:24,277 - application - DEBUG - after_request_time [__init__.py:46] - template (after_request): None
2024-12-16 15:56:24,278 - application - DEBUG - after_request_time [__init__.py:42] - Request to /media/uploads/1_1734389779_image.jpg took 0.003197908401489258 seconds
2024-12-16 15:56:24,279 - application - DEBUG - after_request_time [__init__.py:44] - view (after_request): sortphotos
2024-12-16 15:56:24,280 - application - DEBUG - after_request_time [__init__.py:46] - template (after_request): None
2024-12-16 15:56:24,336 - application - DEBUG - after_request_time [__init__.py:42] - Request to /show_list/ took 0.011964082717895508 seconds
2024-12-16 15:56:24,336 - application - DEBUG - after_request_time [__init__.py:44] - view (after_request): sortphotos
2024-12-16 15:56:24,337 - application - DEBUG - after_request_time [__init__.py:46] - template (after_request): lists/list.html.jinja
2024-12-16 15:56:24,347 - application - DEBUG - after_request_time [__init__.py:42] - Request to /show_photo_entry/35 took 0.0042688846588134766 seconds
2024-12-16 15:56:24,348 - application - DEBUG - after_request_time [__init__.py:44] - view (after_request): sortphotos
2024-12-16 15:56:24,348 - application - DEBUG - after_request_time [__init__.py:46] - template (after_request): lists/model/photo.html.jinja
2024-12-16 15:56:24,360 - application - DEBUG - after_request_time [__init__.py:42] - Request to /media/uploads/1_1734389779_image.jpg took 0.0014650821685791016 seconds
2024-12-16 15:56:24,360 - application - DEBUG - after_request_time [__init__.py:44] - view (after_request): sortphotos
2024-12-16 15:56:24,360 - application - DEBUG - after_request_time [__init__.py:46] - template (after_request): None
2024-12-16 15:56:24,368 - application - DEBUG - after_request_time [__init__.py:42] - Request to /static/defaults/generic_room.jpg took 0.0006132125854492188 seconds
2024-12-16 15:56:24,368 - application - DEBUG - after_request_time [__init__.py:44] - view (after_request): sortphotos
2024-12-16 15:56:24,369 - application - DEBUG - after_request_time [__init__.py:46] - template (after_request): None
2024-12-16 15:56:26,755 - application - DEBUG - after_request_time [__init__.py:42] - Request to /set_room_cover_photo/37 took 0.011429309844970703 seconds
2024-12-16 15:56:26,755 - application - DEBUG - after_request_time [__init__.py:44] - view (after_request): sortphotos
2024-12-16 15:56:26,756 - application - DEBUG - after_request_time [__init__.py:42] - Request to /room_cover_photo_entry_id/283 took 0.003175020217895508 seconds
2024-12-16 15:56:26,756 - application - DEBUG - after_request_time [__init__.py:46] - template (after_request): None
2024-12-16 15:56:26,756 - application - DEBUG - after_request_time [__init__.py:44] - view (after_request): sortphotos
2024-12-16 15:56:26,758 - application - DEBUG - after_request_time [__init__.py:46] - template (after_request): None
2024-12-16 15:56:30,148 - application - DEBUG - after_request_time [__init__.py:42] - Request to /walkthrough/nextroom took 0.016583919525146484 seconds
2024-12-16 15:56:30,148 - application - DEBUG - after_request_time [__init__.py:44] - view (after_request): rename
2024-12-16 15:56:30,148 - application - DEBUG - after_request_time [__init__.py:46] - template (after_request): None
2024-12-16 15:56:30,188 - application - DEBUG - after_request_time [__init__.py:42] - Request to /walkthrough/steps took 0.004734992980957031 seconds
2024-12-16 15:56:30,188 - application - DEBUG - after_request_time [__init__.py:44] - view (after_request): rename
2024-12-16 15:56:30,188 - application - DEBUG - after_request_time [__init__.py:46] - template (after_request): walkthrough/index.html.jinja
2024-12-16 15:56:30,237 - application - DEBUG - after_request_time [__init__.py:42] - Request to /static/style.css took 0.0007951259613037109 seconds
2024-12-16 15:56:30,237 - application - DEBUG - after_request_time [__init__.py:44] - view (after_request): rename
2024-12-16 15:56:30,238 - application - DEBUG - after_request_time [__init__.py:46] - template (after_request): None
2024-12-16 15:56:30,256 - application - DEBUG - after_request_time [__init__.py:42] - Request to /static/person-circle.svg took 0.0018510818481445312 seconds
2024-12-16 15:56:30,257 - application - DEBUG - after_request_time [__init__.py:42] - Request to /static/js/bundle.js took 0.003058195114135742 seconds
2024-12-16 15:56:30,257 - application - DEBUG - after_request_time [__init__.py:44] - view (after_request): rename
2024-12-16 15:56:30,257 - application - DEBUG - after_request_time [__init__.py:44] - view (after_request): rename
2024-12-16 15:56:30,257 - application - DEBUG - after_request_time [__init__.py:46] - template (after_request): None
2024-12-16 15:56:30,258 - application - DEBUG - after_request_time [__init__.py:46] - template (after_request): None
2024-12-16 15:56:30,300 - application - DEBUG - after_request_time [__init__.py:42] - Request to /walkthrough/steps took 0.0112152099609375 seconds
2024-12-16 15:56:30,300 - application - DEBUG - after_request_time [__init__.py:44] - view (after_request): rename
2024-12-16 15:56:30,300 - application - DEBUG - after_request_time [__init__.py:46] - template (after_request): walkthrough/parts/rename.html.jinja
2024-12-16 15:56:30,321 - application - DEBUG - after_request_time [__init__.py:42] - Request to /static/person-circle.svg took 0.0009069442749023438 seconds
2024-12-16 15:56:30,321 - application - DEBUG - after_request_time [__init__.py:44] - view (after_request): rename
2024-12-16 15:56:30,322 - application - DEBUG - after_request_time [__init__.py:46] - template (after_request): None
2024-12-16 15:56:32,841 - application - DEBUG - after_request_time [__init__.py:42] - Request to /walkthrough/steps took 0.003993988037109375 seconds
2024-12-16 15:56:32,841 - application - DEBUG - after_request_time [__init__.py:44] - view (after_request): sortphotos
2024-12-16 15:56:32,841 - application - DEBUG - after_request_time [__init__.py:46] - template (after_request): walkthrough/parts/sortphotos.html.jinja
2024-12-16 15:56:32,877 - application - DEBUG - after_request_time [__init__.py:42] - Request to /static/person-circle.svg took 0.0008299350738525391 seconds
2024-12-16 15:56:32,877 - application - DEBUG - after_request_time [__init__.py:44] - view (after_request): sortphotos
2024-12-16 15:56:32,877 - application - DEBUG - after_request_time [__init__.py:46] - template (after_request): None
2024-12-16 15:56:32,927 - application - DEBUG - after_request_time [__init__.py:42] - Request to /show_photo_entry/36 took 0.005918025970458984 seconds
2024-12-16 15:56:32,928 - application - DEBUG - after_request_time [__init__.py:44] - view (after_request): sortphotos
2024-12-16 15:56:32,929 - application - DEBUG - after_request_time [__init__.py:46] - template (after_request): lists/model/photo.html.jinja
2024-12-16 15:56:32,937 - application - DEBUG - after_request_time [__init__.py:42] - Request to /show_list/ took 0.02150702476501465 seconds
2024-12-16 15:56:32,938 - application - DEBUG - after_request_time [__init__.py:44] - view (after_request): sortphotos
2024-12-16 15:56:32,938 - application - DEBUG - after_request_time [__init__.py:46] - template (after_request): lists/list.html.jinja
2024-12-16 15:56:32,959 - application - DEBUG - after_request_time [__init__.py:42] - Request to /static/defaults/generic_room.jpg took 0.0013680458068847656 seconds
2024-12-16 15:56:32,959 - application - DEBUG - after_request_time [__init__.py:44] - view (after_request): sortphotos
2024-12-16 15:56:32,959 - application - DEBUG - after_request_time [__init__.py:46] - template (after_request): None
2024-12-16 15:56:37,620 - application - DEBUG - after_request_time [__init__.py:42] - Request to /walkthrough/steps took 0.003688335418701172 seconds
2024-12-16 15:56:37,620 - application - DEBUG - after_request_time [__init__.py:44] - view (after_request): photo
2024-12-16 15:56:37,620 - application - DEBUG - after_request_time [__init__.py:46] - template (after_request): walkthrough/parts/photo.html.jinja
2024-12-16 15:56:37,699 - application - DEBUG - after_request_time [__init__.py:42] - Request to /static/person-circle.svg took 0.0015058517456054688 seconds
2024-12-16 15:56:37,699 - application - DEBUG - after_request_time [__init__.py:44] - view (after_request): photo
2024-12-16 15:56:37,700 - application - DEBUG - after_request_time [__init__.py:46] - template (after_request): None
2024-12-16 15:56:37,714 - application - DEBUG - after_request_time [__init__.py:42] - Request to /static/defaults/generic_room.jpg took 0.0034737586975097656 seconds
2024-12-16 15:56:37,716 - application - DEBUG - after_request_time [__init__.py:44] - view (after_request): photo
2024-12-16 15:56:37,717 - application - DEBUG - after_request_time [__init__.py:46] - template (after_request): None
2024-12-16 15:56:37,726 - application - DEBUG - after_request_time [__init__.py:42] - Request to /show_list/ took 0.014877796173095703 seconds
2024-12-16 15:56:37,726 - application - DEBUG - after_request_time [__init__.py:44] - view (after_request): photo
2024-12-16 15:56:37,726 - application - DEBUG - after_request_time [__init__.py:46] - template (after_request): lists/list.html.jinja
2024-12-16 15:56:37,779 - application - DEBUG - after_request_time [__init__.py:42] - Request to /static/defaults/generic_room.jpg took 0.0008602142333984375 seconds
2024-12-16 15:56:37,780 - application - DEBUG - after_request_time [__init__.py:44] - view (after_request): photo
2024-12-16 15:56:37,780 - application - DEBUG - after_request_time [__init__.py:46] - template (after_request): None
2024-12-16 15:56:44,293 - application - DEBUG - after_request_time [__init__.py:42] - Request to /upload/Photo took 0.1725940704345703 seconds
2024-12-16 15:56:44,293 - application - DEBUG - after_request_time [__init__.py:44] - view (after_request): photo
2024-12-16 15:56:44,293 - application - DEBUG - after_request_time [__init__.py:46] - template (after_request): lists/uploaded_list.html.jinja
2024-12-16 15:56:44,327 - application - DEBUG - after_request_time [__init__.py:42] - Request to /media/uploads/1_1734389804_image.jpg took 0.0016851425170898438 seconds
2024-12-16 15:56:44,327 - application - DEBUG - after_request_time [__init__.py:44] - view (after_request): photo
2024-12-16 15:56:44,328 - application - DEBUG - after_request_time [__init__.py:46] - template (after_request): None
2024-12-16 15:56:49,071 - application - DEBUG - after_request_time [__init__.py:42] - Request to /walkthrough/steps took 0.0036330223083496094 seconds
2024-12-16 15:56:49,072 - application - DEBUG - after_request_time [__init__.py:44] - view (after_request): sortphotos
2024-12-16 15:56:49,072 - application - DEBUG - after_request_time [__init__.py:46] - template (after_request): walkthrough/parts/sortphotos.html.jinja
2024-12-16 15:56:49,108 - application - DEBUG - after_request_time [__init__.py:42] - Request to /static/person-circle.svg took 0.0009529590606689453 seconds
2024-12-16 15:56:49,108 - application - DEBUG - after_request_time [__init__.py:44] - view (after_request): sortphotos
2024-12-16 15:56:49,109 - application - DEBUG - after_request_time [__init__.py:46] - template (after_request): None
2024-12-16 15:56:49,125 - application - DEBUG - after_request_time [__init__.py:42] - Request to /static/defaults/generic_room.jpg took 0.0015659332275390625 seconds
2024-12-16 15:56:49,126 - application - DEBUG - after_request_time [__init__.py:44] - view (after_request): sortphotos
2024-12-16 15:56:49,126 - application - DEBUG - after_request_time [__init__.py:46] - template (after_request): None
2024-12-16 15:56:49,127 - application - DEBUG - after_request_time [__init__.py:42] - Request to /media/uploads/1_1734389804_image.jpg took 0.005132913589477539 seconds
2024-12-16 15:56:49,128 - application - DEBUG - after_request_time [__init__.py:44] - view (after_request): sortphotos
2024-12-16 15:56:49,128 - application - DEBUG - after_request_time [__init__.py:46] - template (after_request): None
2024-12-16 15:56:49,167 - application - DEBUG - after_request_time [__init__.py:42] - Request to /show_photo_entry/36 took 0.008207082748413086 seconds
2024-12-16 15:56:49,168 - application - DEBUG - after_request_time [__init__.py:44] - view (after_request): sortphotos
2024-12-16 15:56:49,168 - application - DEBUG - after_request_time [__init__.py:46] - template (after_request): lists/model/photo.html.jinja
2024-12-16 15:56:49,178 - application - DEBUG - after_request_time [__init__.py:42] - Request to /show_list/ took 0.024080753326416016 seconds
2024-12-16 15:56:49,178 - application - DEBUG - after_request_time [__init__.py:44] - view (after_request): sortphotos
2024-12-16 15:56:49,179 - application - DEBUG - after_request_time [__init__.py:46] - template (after_request): lists/list.html.jinja
2024-12-16 15:56:49,189 - application - DEBUG - after_request_time [__init__.py:42] - Request to /static/defaults/generic_room.jpg took 0.0007338523864746094 seconds
2024-12-16 15:56:49,189 - application - DEBUG - after_request_time [__init__.py:44] - view (after_request): sortphotos
2024-12-16 15:56:49,189 - application - DEBUG - after_request_time [__init__.py:46] - template (after_request): None
2024-12-16 15:56:49,205 - application - DEBUG - after_request_time [__init__.py:42] - Request to /media/uploads/1_1734389804_image.jpg took 0.0017359256744384766 seconds
2024-12-16 15:56:49,205 - application - DEBUG - after_request_time [__init__.py:44] - view (after_request): sortphotos
2024-12-16 15:56:49,206 - application - DEBUG - after_request_time [__init__.py:46] - template (after_request): None
2024-12-16 15:56:50,404 - application - DEBUG - after_request_time [__init__.py:42] - Request to /set_room_cover_photo/38 took 0.007565975189208984 seconds
2024-12-16 15:56:50,404 - application - DEBUG - after_request_time [__init__.py:44] - view (after_request): sortphotos
2024-12-16 15:56:50,405 - application - DEBUG - after_request_time [__init__.py:46] - template (after_request): None
2024-12-16 15:56:54,803 - application - DEBUG - after_request_time [__init__.py:42] - Request to /room_cover_photo_entry_id/285 took 0.0003299713134765625 seconds
2024-12-16 15:56:54,804 - application - DEBUG - after_request_time [__init__.py:44] - view (after_request): sortphotos
2024-12-16 15:56:54,804 - application - DEBUG - after_request_time [__init__.py:46] - template (after_request): None
2024-12-16 15:56:54,815 - application - DEBUG - after_request_time [__init__.py:42] - Request to / took 0.0010170936584472656 seconds
2024-12-16 15:56:54,816 - application - DEBUG - after_request_time [__init__.py:44] - view (after_request): sortphotos
2024-12-16 15:56:54,816 - application - DEBUG - after_request_time [__init__.py:46] - template (after_request): None
2024-12-16 15:56:54,897 - application - DEBUG - after_request_time [__init__.py:42] - Request to /map/ took 0.04371309280395508 seconds
2024-12-16 15:56:54,898 - application - DEBUG - after_request_time [__init__.py:44] - view (after_request): map
2024-12-16 15:56:54,898 - application - DEBUG - after_request_time [__init__.py:46] - template (after_request): map/index.html.jinja
2024-12-16 15:56:54,943 - application - DEBUG - after_request_time [__init__.py:42] - Request to /static/person-circle.svg took 0.0047338008880615234 seconds
2024-12-16 15:56:54,944 - application - DEBUG - after_request_time [__init__.py:42] - Request to /static/defaults/generic_room.jpg took 0.0034449100494384766 seconds
2024-12-16 15:56:54,944 - application - DEBUG - after_request_time [__init__.py:44] - view (after_request): map
2024-12-16 15:56:54,945 - application - DEBUG - after_request_time [__init__.py:44] - view (after_request): map
2024-12-16 15:56:54,945 - application - DEBUG - after_request_time [__init__.py:46] - template (after_request): None
2024-12-16 15:56:54,946 - application - DEBUG - after_request_time [__init__.py:42] - Request to /media/uploads/1_1734389804_image.jpg took 0.0026292800903320312 seconds
2024-12-16 15:56:54,946 - application - DEBUG - after_request_time [__init__.py:46] - template (after_request): None
2024-12-16 15:56:54,948 - application - DEBUG - after_request_time [__init__.py:44] - view (after_request): map
2024-12-16 15:56:54,949 - application - DEBUG - after_request_time [__init__.py:46] - template (after_request): None
2024-12-16 15:56:55,006 - application - DEBUG - after_request_time [__init__.py:42] - Request to /show_list/ took 0.013127803802490234 seconds
2024-12-16 15:56:55,006 - application - DEBUG - after_request_time [__init__.py:44] - view (after_request): map
2024-12-16 15:56:55,006 - application - DEBUG - after_request_time [__init__.py:46] - template (after_request): lists/list.html.jinja
2024-12-16 15:56:55,062 - application - DEBUG - after_request_time [__init__.py:42] - Request to /show_photo_entry/38 took 0.009904146194458008 seconds
2024-12-16 15:56:55,063 - application - DEBUG - after_request_time [__init__.py:44] - view (after_request): map
2024-12-16 15:56:55,064 - application - DEBUG - after_request_time [__init__.py:42] - Request to /show_photo_entry/37 took 0.0069980621337890625 seconds
2024-12-16 15:56:55,064 - application - DEBUG - after_request_time [__init__.py:46] - template (after_request): lists/model/photo.html.jinja
2024-12-16 15:56:55,064 - application - DEBUG - after_request_time [__init__.py:44] - view (after_request): map
2024-12-16 15:56:55,065 - application - DEBUG - after_request_time [__init__.py:46] - template (after_request): lists/model/photo.html.jinja
2024-12-16 15:56:55,092 - application - DEBUG - after_request_time [__init__.py:42] - Request to /media/uploads/1_1734389804_image.jpg took 0.0019435882568359375 seconds
2024-12-16 15:56:55,092 - application - DEBUG - after_request_time [__init__.py:44] - view (after_request): map
2024-12-16 15:56:55,093 - application - DEBUG - after_request_time [__init__.py:46] - template (after_request): None
2024-12-16 15:56:55,106 - application - DEBUG - after_request_time [__init__.py:42] - Request to /media/uploads/1_1734389779_image.jpg took 0.0018041133880615234 seconds
2024-12-16 15:56:55,106 - application - DEBUG - after_request_time [__init__.py:44] - view (after_request): map
2024-12-16 15:56:55,106 - application - DEBUG - after_request_time [__init__.py:46] - template (after_request): None
2024-12-16 15:56:59,912 - application - DEBUG - after_request_time [__init__.py:42] - Request to /home/room/28/active took 0.1370530128479004 seconds
2024-12-16 15:56:59,913 - application - DEBUG - after_request_time [__init__.py:44] - view (after_request): map
2024-12-16 15:56:59,913 - application - DEBUG - after_request_time [__init__.py:46] - template (after_request): None
2024-12-16 15:56:59,944 - application - DEBUG - after_request_time [__init__.py:42] - Request to /get_active_room_entry_id took 0.0053708553314208984 seconds
2024-12-16 15:56:59,944 - application - DEBUG - after_request_time [__init__.py:44] - view (after_request): map
2024-12-16 15:56:59,945 - application - DEBUG - after_request_time [__init__.py:46] - template (after_request): None
2024-12-16 15:57:00,951 - application - DEBUG - after_request_time [__init__.py:42] - Request to /walkthrough/start took 0.006802797317504883 seconds
2024-12-16 15:57:00,951 - application - DEBUG - after_request_time [__init__.py:44] - view (after_request): rename
2024-12-16 15:57:00,952 - application - DEBUG - after_request_time [__init__.py:46] - template (after_request): None
2024-12-16 15:57:00,989 - application - DEBUG - after_request_time [__init__.py:42] - Request to /walkthrough/steps took 0.004149675369262695 seconds
2024-12-16 15:57:00,989 - application - DEBUG - after_request_time [__init__.py:44] - view (after_request): rename
2024-12-16 15:57:00,989 - application - DEBUG - after_request_time [__init__.py:46] - template (after_request): walkthrough/index.html.jinja
2024-12-16 15:57:01,041 - application - DEBUG - after_request_time [__init__.py:42] - Request to /static/style.css took 0.0007948875427246094 seconds
2024-12-16 15:57:01,041 - application - DEBUG - after_request_time [__init__.py:44] - view (after_request): rename
2024-12-16 15:57:01,042 - application - DEBUG - after_request_time [__init__.py:46] - template (after_request): None
2024-12-16 15:57:01,062 - application - DEBUG - after_request_time [__init__.py:42] - Request to /static/js/bundle.js took 0.0014269351959228516 seconds
2024-12-16 15:57:01,062 - application - DEBUG - after_request_time [__init__.py:42] - Request to /static/person-circle.svg took 0.0016613006591796875 seconds
2024-12-16 15:57:01,062 - application - DEBUG - after_request_time [__init__.py:44] - view (after_request): rename
2024-12-16 15:57:01,063 - application - DEBUG - after_request_time [__init__.py:44] - view (after_request): rename
2024-12-16 15:57:01,063 - application - DEBUG - after_request_time [__init__.py:46] - template (after_request): None
2024-12-16 15:57:01,063 - application - DEBUG - after_request_time [__init__.py:46] - template (after_request): None
2024-12-16 15:57:01,104 - application - DEBUG - after_request_time [__init__.py:42] - Request to /walkthrough/steps took 0.01077723503112793 seconds
2024-12-16 15:57:01,104 - application - DEBUG - after_request_time [__init__.py:44] - view (after_request): rename
2024-12-16 15:57:01,105 - application - DEBUG - after_request_time [__init__.py:46] - template (after_request): walkthrough/parts/rename.html.jinja
2024-12-16 15:57:01,126 - application - DEBUG - after_request_time [__init__.py:42] - Request to /static/person-circle.svg took 0.0011627674102783203 seconds
2024-12-16 15:57:01,126 - application - DEBUG - after_request_time [__init__.py:44] - view (after_request): rename
2024-12-16 15:57:01,127 - application - DEBUG - after_request_time [__init__.py:46] - template (after_request): None
2024-12-16 15:57:03,412 - application - DEBUG - after_request_time [__init__.py:42] - Request to /walkthrough/steps took 0.004141092300415039 seconds
2024-12-16 15:57:03,412 - application - DEBUG - after_request_time [__init__.py:44] - view (after_request): sortphotos
2024-12-16 15:57:03,412 - application - DEBUG - after_request_time [__init__.py:46] - template (after_request): walkthrough/parts/sortphotos.html.jinja
2024-12-16 15:57:03,441 - application - DEBUG - after_request_time [__init__.py:42] - Request to /static/person-circle.svg took 0.0006999969482421875 seconds
2024-12-16 15:57:03,441 - application - DEBUG - after_request_time [__init__.py:44] - view (after_request): sortphotos
2024-12-16 15:57:03,441 - application - DEBUG - after_request_time [__init__.py:46] - template (after_request): None
2024-12-16 15:57:03,484 - application - DEBUG - after_request_time [__init__.py:42] - Request to /show_photo_entry/37 took 0.007909059524536133 seconds
2024-12-16 15:57:03,485 - application - DEBUG - after_request_time [__init__.py:44] - view (after_request): sortphotos
2024-12-16 15:57:03,486 - application - DEBUG - after_request_time [__init__.py:46] - template (after_request): lists/model/photo.html.jinja
2024-12-16 15:57:03,499 - application - DEBUG - after_request_time [__init__.py:42] - Request to /show_list/ took 0.027881860733032227 seconds
2024-12-16 15:57:03,500 - application - DEBUG - after_request_time [__init__.py:44] - view (after_request): sortphotos
2024-12-16 15:57:03,500 - application - DEBUG - after_request_time [__init__.py:46] - template (after_request): lists/list.html.jinja
2024-12-16 15:57:03,524 - application - DEBUG - after_request_time [__init__.py:42] - Request to /media/uploads/1_1734389779_image.jpg took 0.0016598701477050781 seconds
2024-12-16 15:57:03,525 - application - DEBUG - after_request_time [__init__.py:44] - view (after_request): sortphotos
2024-12-16 15:57:03,525 - application - DEBUG - after_request_time [__init__.py:46] - template (after_request): None
2024-12-16 15:57:03,532 - application - DEBUG - after_request_time [__init__.py:42] - Request to /static/defaults/generic_room.jpg took 0.0006282329559326172 seconds
2024-12-16 15:57:03,532 - application - DEBUG - after_request_time [__init__.py:44] - view (after_request): sortphotos
2024-12-16 15:57:03,532 - application - DEBUG - after_request_time [__init__.py:46] - template (after_request): None
2024-12-16 15:57:04,586 - application - DEBUG - after_request_time [__init__.py:42] - Request to /set_room_cover_photo/35 took 0.007916927337646484 seconds
2024-12-16 15:57:04,586 - application - DEBUG - after_request_time [__init__.py:44] - view (after_request): sortphotos
2024-12-16 15:57:04,587 - application - DEBUG - after_request_time [__init__.py:46] - template (after_request): None
2024-12-16 15:57:08,326 - application - DEBUG - after_request_time [__init__.py:42] - Request to /walkthrough/Gym 3/sortphotos took 0.0069577693939208984 seconds
2024-12-16 15:57:08,326 - application - DEBUG - after_request_time [__init__.py:44] - view (after_request): sortphotos
2024-12-16 15:57:08,327 - application - DEBUG - after_request_time [__init__.py:46] - template (after_request): None
2024-12-16 15:57:08,385 - application - DEBUG - after_request_time [__init__.py:42] - Request to /walkthrough/steps took 0.004720926284790039 seconds
2024-12-16 15:57:08,385 - application - DEBUG - after_request_time [__init__.py:44] - view (after_request): sortphotos
2024-12-16 15:57:08,386 - application - DEBUG - after_request_time [__init__.py:46] - template (after_request): walkthrough/index.html.jinja
2024-12-16 15:57:08,441 - application - DEBUG - after_request_time [__init__.py:42] - Request to /static/style.css took 0.0008578300476074219 seconds
2024-12-16 15:57:08,441 - application - DEBUG - after_request_time [__init__.py:44] - view (after_request): sortphotos
2024-12-16 15:57:08,441 - application - DEBUG - after_request_time [__init__.py:46] - template (after_request): None
2024-12-16 15:57:08,458 - application - DEBUG - after_request_time [__init__.py:42] - Request to /static/js/bundle.js took 0.0007369518280029297 seconds
2024-12-16 15:57:08,458 - application - DEBUG - after_request_time [__init__.py:44] - view (after_request): sortphotos
2024-12-16 15:57:08,458 - application - DEBUG - after_request_time [__init__.py:46] - template (after_request): None
2024-12-16 15:57:08,465 - application - DEBUG - after_request_time [__init__.py:42] - Request to /static/person-circle.svg took 0.0007469654083251953 seconds
2024-12-16 15:57:08,465 - application - DEBUG - after_request_time [__init__.py:44] - view (after_request): sortphotos
2024-12-16 15:57:08,465 - application - DEBUG - after_request_time [__init__.py:46] - template (after_request): None
2024-12-16 15:57:08,527 - application - DEBUG - after_request_time [__init__.py:42] - Request to /walkthrough/steps took 0.003621816635131836 seconds
2024-12-16 15:57:08,527 - application - DEBUG - after_request_time [__init__.py:44] - view (after_request): sortphotos
2024-12-16 15:57:08,527 - application - DEBUG - after_request_time [__init__.py:46] - template (after_request): walkthrough/parts/sortphotos.html.jinja
2024-12-16 15:57:08,554 - application - DEBUG - after_request_time [__init__.py:42] - Request to /static/person-circle.svg took 0.0013837814331054688 seconds
2024-12-16 15:57:08,554 - application - DEBUG - after_request_time [__init__.py:44] - view (after_request): sortphotos
2024-12-16 15:57:08,554 - application - DEBUG - after_request_time [__init__.py:46] - template (after_request): None
2024-12-16 15:57:08,593 - application - DEBUG - after_request_time [__init__.py:42] - Request to /show_photo_entry/35 took 0.005999088287353516 seconds
2024-12-16 15:57:08,595 - application - DEBUG - after_request_time [__init__.py:44] - view (after_request): sortphotos
2024-12-16 15:57:08,595 - application - DEBUG - after_request_time [__init__.py:46] - template (after_request): lists/model/photo.html.jinja
2024-12-16 15:57:08,608 - application - DEBUG - after_request_time [__init__.py:42] - Request to /show_list/ took 0.02619481086730957 seconds
2024-12-16 15:57:08,608 - application - DEBUG - after_request_time [__init__.py:44] - view (after_request): sortphotos
2024-12-16 15:57:08,608 - application - DEBUG - after_request_time [__init__.py:46] - template (after_request): lists/list.html.jinja
2024-12-16 15:57:08,636 - application - DEBUG - after_request_time [__init__.py:42] - Request to /static/defaults/generic_room.jpg took 0.0008001327514648438 seconds
2024-12-16 15:57:08,636 - application - DEBUG - after_request_time [__init__.py:44] - view (after_request): sortphotos
2024-12-16 15:57:08,637 - application - DEBUG - after_request_time [__init__.py:46] - template (after_request): None
2024-12-16 15:57:08,643 - application - DEBUG - after_request_time [__init__.py:42] - Request to /media/uploads/1_1734389779_image.jpg took 0.0019669532775878906 seconds
2024-12-16 15:57:08,643 - application - DEBUG - after_request_time [__init__.py:44] - view (after_request): sortphotos
2024-12-16 15:57:08,644 - application - DEBUG - after_request_time [__init__.py:46] - template (after_request): None
2024-12-16 15:57:14,482 - application - DEBUG - after_request_time [__init__.py:42] - Request to / took 0.0012259483337402344 seconds
2024-12-16 15:57:14,482 - application - DEBUG - after_request_time [__init__.py:44] - view (after_request): sortphotos
2024-12-16 15:57:14,482 - application - DEBUG - after_request_time [__init__.py:46] - template (after_request): None
2024-12-16 15:57:14,558 - application - DEBUG - after_request_time [__init__.py:42] - Request to /map/ took 0.04262185096740723 seconds
2024-12-16 15:57:14,558 - application - DEBUG - after_request_time [__init__.py:44] - view (after_request): map
2024-12-16 15:57:14,558 - application - DEBUG - after_request_time [__init__.py:46] - template (after_request): map/index.html.jinja
2024-12-16 15:57:14,601 - application - DEBUG - after_request_time [__init__.py:42] - Request to /static/person-circle.svg took 0.0009710788726806641 seconds
2024-12-16 15:57:14,601 - application - DEBUG - after_request_time [__init__.py:44] - view (after_request): map
2024-12-16 15:57:14,602 - application - DEBUG - after_request_time [__init__.py:46] - template (after_request): None
2024-12-16 15:57:14,611 - application - DEBUG - after_request_time [__init__.py:42] - Request to /static/defaults/generic_room.jpg took 0.0011529922485351562 seconds
2024-12-16 15:57:14,611 - application - DEBUG - after_request_time [__init__.py:44] - view (after_request): map
2024-12-16 15:57:14,612 - application - DEBUG - after_request_time [__init__.py:42] - Request to /media/uploads/1_1734389779_image.jpg took 0.00450897216796875 seconds
2024-12-16 15:57:14,613 - application - DEBUG - after_request_time [__init__.py:46] - template (after_request): None
2024-12-16 15:57:14,613 - application - DEBUG - after_request_time [__init__.py:44] - view (after_request): map
2024-12-16 15:57:14,615 - application - DEBUG - after_request_time [__init__.py:46] - template (after_request): None
2024-12-16 15:57:14,677 - application - DEBUG - after_request_time [__init__.py:42] - Request to /show_list/ took 0.012720823287963867 seconds
2024-12-16 15:57:14,677 - application - DEBUG - after_request_time [__init__.py:44] - view (after_request): map
2024-12-16 15:57:14,677 - application - DEBUG - after_request_time [__init__.py:46] - template (after_request): lists/list.html.jinja
2024-12-16 15:57:14,741 - application - DEBUG - after_request_time [__init__.py:42] - Request to /show_photo_entry/38 took 0.010213136672973633 seconds
2024-12-16 15:57:14,741 - application - DEBUG - after_request_time [__init__.py:44] - view (after_request): map
2024-12-16 15:57:14,742 - application - DEBUG - after_request_time [__init__.py:46] - template (after_request): lists/model/photo.html.jinja
2024-12-16 15:57:14,744 - application - DEBUG - after_request_time [__init__.py:42] - Request to /show_photo_entry/35 took 0.00921010971069336 seconds
2024-12-16 15:57:14,745 - application - DEBUG - after_request_time [__init__.py:44] - view (after_request): map
2024-12-16 15:57:14,745 - application - DEBUG - after_request_time [__init__.py:46] - template (after_request): lists/model/photo.html.jinja
2024-12-16 15:57:14,772 - application - DEBUG - after_request_time [__init__.py:42] - Request to /media/uploads/1_1734389804_image.jpg took 0.002001047134399414 seconds
2024-12-16 15:57:14,772 - application - DEBUG - after_request_time [__init__.py:44] - view (after_request): map
2024-12-16 15:57:14,772 - application - DEBUG - after_request_time [__init__.py:46] - template (after_request): None
2024-12-16 15:57:14,779 - application - DEBUG - after_request_time [__init__.py:42] - Request to /static/defaults/generic_room.jpg took 0.0006258487701416016 seconds
2024-12-16 15:57:14,779 - application - DEBUG - after_request_time [__init__.py:44] - view (after_request): map
2024-12-16 15:57:14,780 - application - DEBUG - after_request_time [__init__.py:46] - template (after_request): None
