2024-12-23 10:55:00,400 - logs.logging_config - DEBUG - configure_logging [logging_config.py:178] - Application logging configured
2024-12-23 10:55:00,402 - logs.logging_config - INFO - configure_logging [logging_config.py:187] - Application started in production environment
2024-12-23 10:55:00,402 - application - DEBUG - create_app [__init__.py:28] - test2
2024-12-23 10:55:01,237 - application - DEBUG - after_request_time [__init__.py:42] - Request to / took 0.011829137802124023 seconds
2024-12-23 10:55:01,238 - application - DEBUG - after_request_time [__init__.py:44] - view (after_request): sortphotos
2024-12-23 10:55:01,239 - application - DEBUG - after_request_time [__init__.py:46] - template (after_request): None
2024-12-23 10:55:01,297 - application.map - DEBUG - home_map [map.py:26] - map called with floor_id: 1
2024-12-23 10:55:01,306 - application.rooms - DEBUG - floor_room_check [rooms.py:169] - inside floor_room_check A: floor_id: 1, has_rooms: True
2024-12-23 10:55:01,309 - application.rooms - DEBUG - check_each_floor_for_rooms [rooms.py:176] - floor.rooms.count() <Floor 1> = 1
2024-12-23 10:55:01,310 - application.rooms - DEBUG - check_each_floor_for_rooms [rooms.py:176] - floor.rooms.count() <Floor 2> = 1
2024-12-23 10:55:01,313 - application.rooms - DEBUG - check_each_floor_for_rooms [rooms.py:176] - floor.rooms.count() <Floor 3> = 1
2024-12-23 10:55:01,314 - application.rooms - DEBUG - check_each_floor_for_rooms [rooms.py:176] - floor.rooms.count() <Floor 4> = 1
2024-12-23 10:55:01,315 - application.rooms - DEBUG - floor_room_check [rooms.py:171] - inside floor_room_check B: floor_id: 1, has_rooms: True
2024-12-23 10:55:01,315 - application.map - DEBUG - home_map [map.py:29] - room check: floor_id: 1, has_rooms: True
2024-12-23 10:55:01,315 - application.floors - DEBUG - set_active_floor [floors.py:43] - set_active_floor called with floor_id: 1
2024-12-23 10:55:01,321 - application.floors - DEBUG - set_active_floor [floors.py:54] - current_user.active_home.active_floor: <Floor 1>
2024-12-23 10:55:01,324 - application.list_utils - DEBUG - get_list_entries_for_item [list_utils.py:428] - found_entries for <Home 1>: [<UserListEntry 1>]
2024-12-23 10:55:01,329 - application.list_utils - DEBUG - get_list_entries_for_item [list_utils.py:436] - Entry: <UserListEntry 1>
2024-12-23 10:55:01,329 - application.list_utils - DEBUG - get_list_entries_for_item [list_utils.py:437] - Item Model: Home, Item ID: 1
2024-12-23 10:55:01,329 - application.list_utils - DEBUG - get_list_entries_for_item [list_utils.py:438] - User List ID: 1 User List Name: bob Homes
2024-12-23 10:55:01,329 - application.list_utils - DEBUG - get_list_entries_for_item [list_utils.py:439] - user: 1
2024-12-23 10:55:01,330 - application.list_utils - DEBUG - get_userlist [list_utils.py:308] - get_userlist(): item_model: Floor, list_name: None, parent_entry_id: 1
2024-12-23 10:55:01,336 - application.list_utils - DEBUG - get_userlist [list_utils.py:322] - lists found (model, parent): [<UserList 2>]
2024-12-23 10:55:01,336 - application.list_utils - DEBUG - get_userlist [list_utils.py:349] - len(lists) == 1: None Floor 1
2024-12-23 10:55:01,337 - application.list_utils - DEBUG - get_userlist [list_utils.py:368] - userlist.entries: [<UserListEntry 2>, <UserListEntry 3>, <UserListEntry 4>, <UserListEntry 21>] List type: <class 'sqlalchemy.orm.collections.InstrumentedList'>
2024-12-23 10:55:01,337 - application.list_utils - DEBUG - get_userlist [list_utils.py:370] - List: iotsmstmi Floors, Order: 5
2024-12-23 10:55:01,337 - application.list_utils - DEBUG - get_userlist [list_utils.py:370] - List: iotsmstmi Floors, Order: 7
2024-12-23 10:55:01,338 - application.list_utils - DEBUG - get_userlist [list_utils.py:370] - List: iotsmstmi Floors, Order: 3
2024-12-23 10:55:01,338 - application.list_utils - DEBUG - get_userlist [list_utils.py:370] - List: iotsmstmi Floors, Order: 1
2024-12-23 10:55:01,338 - application.rooms - DEBUG - get_room_list [rooms.py:44] - floor_list: <UserList 2> (type: <class 'application.database.models.UserList'>)
2024-12-23 10:55:01,338 - application.rooms - DEBUG - get_room_list [rooms.py:45] - floor_list entries count: 4
2024-12-23 10:55:01,339 - application.rooms - DEBUG - get_room_list [rooms.py:52] - floor list get floor_entry.id: 2
2024-12-23 10:55:01,339 - application.rooms - DEBUG - get_room_list [rooms.py:53] - floor list get floor_entry.get_item().name: Main Floor
2024-12-23 10:55:01,376 - application.rooms - DEBUG - get_room_list [rooms.py:58] - room_list: <UserList 3> (type: <class 'application.database.models.UserList'>) parent: Main Floor
2024-12-23 10:55:01,376 - application.rooms - DEBUG - get_room_list [rooms.py:52] - floor list get floor_entry.id: 3
2024-12-23 10:55:01,377 - application.rooms - DEBUG - get_room_list [rooms.py:53] - floor list get floor_entry.get_item().name: Basement 1
2024-12-23 10:55:01,379 - application.rooms - DEBUG - get_room_list [rooms.py:58] - room_list: <UserList 4> (type: <class 'application.database.models.UserList'>) parent: Basement 1
2024-12-23 10:55:01,379 - application.rooms - DEBUG - get_room_list [rooms.py:52] - floor list get floor_entry.id: 4
2024-12-23 10:55:01,380 - application.rooms - DEBUG - get_room_list [rooms.py:53] - floor list get floor_entry.get_item().name: 3rd Floor
2024-12-23 10:55:01,381 - application.rooms - DEBUG - get_room_list [rooms.py:58] - room_list: <UserList 5> (type: <class 'application.database.models.UserList'>) parent: 3rd Floor
2024-12-23 10:55:01,381 - application.rooms - DEBUG - get_room_list [rooms.py:52] - floor list get floor_entry.id: 21
2024-12-23 10:55:01,382 - application.rooms - DEBUG - get_room_list [rooms.py:53] - floor list get floor_entry.get_item().name: 4th Floor
2024-12-23 10:55:01,383 - application.rooms - DEBUG - get_room_list [rooms.py:58] - room_list: <UserList 7> (type: <class 'application.database.models.UserList'>) parent: 4th Floor
2024-12-23 10:55:01,384 - application.list_utils - DEBUG - get_list_entries_for_item [list_utils.py:428] - found_entries for <Home 1>: [<UserListEntry 1>]
2024-12-23 10:55:01,385 - application.list_utils - DEBUG - get_list_entries_for_item [list_utils.py:436] - Entry: <UserListEntry 1>
2024-12-23 10:55:01,385 - application.list_utils - DEBUG - get_list_entries_for_item [list_utils.py:437] - Item Model: Home, Item ID: 1
2024-12-23 10:55:01,385 - application.list_utils - DEBUG - get_list_entries_for_item [list_utils.py:438] - User List ID: 1 User List Name: bob Homes
2024-12-23 10:55:01,385 - application.list_utils - DEBUG - get_list_entries_for_item [list_utils.py:439] - user: 1
2024-12-23 10:55:01,386 - application.rooms - DEBUG - get_room_list [rooms.py:59] - get_userlist(Room, current_user.active_home.name:iotsmstmi current_user.active_home.active_floor.name:Main Floor Rooms, get_list_entries_for_item(current_user.active_home)[0].id:1
2024-12-23 10:55:01,387 - application.list_utils - DEBUG - get_list_entries_for_item [list_utils.py:428] - found_entries for <Floor 1>: [<UserListEntry 2>]
2024-12-23 10:55:01,387 - application.list_utils - DEBUG - get_list_entries_for_item [list_utils.py:436] - Entry: <UserListEntry 2>
2024-12-23 10:55:01,388 - application.list_utils - DEBUG - get_list_entries_for_item [list_utils.py:437] - Item Model: Floor, Item ID: 1
2024-12-23 10:55:01,388 - application.list_utils - DEBUG - get_list_entries_for_item [list_utils.py:438] - User List ID: 2 User List Name: iotsmstmi Floors
2024-12-23 10:55:01,388 - application.list_utils - DEBUG - get_list_entries_for_item [list_utils.py:439] - user: 1
2024-12-23 10:55:01,388 - application.list_utils - DEBUG - get_userlist [list_utils.py:308] - get_userlist(): item_model: Room, list_name: None, parent_entry_id: 2
2024-12-23 10:55:01,390 - application.list_utils - DEBUG - get_userlist [list_utils.py:322] - lists found (model, parent): [<UserList 3>]
2024-12-23 10:55:01,390 - application.list_utils - DEBUG - get_userlist [list_utils.py:349] - len(lists) == 1: None Room 2
2024-12-23 10:55:01,390 - application.list_utils - DEBUG - get_userlist [list_utils.py:368] - userlist.entries: [<UserListEntry 35>] List type: <class 'sqlalchemy.orm.collections.InstrumentedList'>
2024-12-23 10:55:01,391 - application.list_utils - DEBUG - get_userlist [list_utils.py:370] - List: iotsmstmi Main Floor Rooms, Order: 0
2024-12-23 10:55:01,391 - application.map - DEBUG - home_map [map.py:36] - floor_list MAP: <UserList 2>
2024-12-23 10:55:01,424 - application - DEBUG - after_request_time [__init__.py:42] - Request to /map/ took 0.12810873985290527 seconds
2024-12-23 10:55:01,424 - application - DEBUG - after_request_time [__init__.py:44] - view (after_request): map
2024-12-23 10:55:01,425 - application - DEBUG - after_request_time [__init__.py:46] - template (after_request): map/index.html.jinja
2024-12-23 10:55:01,493 - application - DEBUG - after_request_time [__init__.py:42] - Request to /static/css/main.css took 0.005738973617553711 seconds
2024-12-23 10:55:01,494 - application - DEBUG - after_request_time [__init__.py:42] - Request to /static/js/bundle.js took 0.0021588802337646484 seconds
2024-12-23 10:55:01,494 - application - DEBUG - after_request_time [__init__.py:44] - view (after_request): map
2024-12-23 10:55:01,495 - application - DEBUG - after_request_time [__init__.py:44] - view (after_request): map
2024-12-23 10:55:01,495 - application - DEBUG - after_request_time [__init__.py:46] - template (after_request): None
2024-12-23 10:55:01,495 - application - DEBUG - after_request_time [__init__.py:46] - template (after_request): None
2024-12-23 10:55:01,524 - application - DEBUG - after_request_time [__init__.py:42] - Request to /static/css/color-mode.css took 0.0013918876647949219 seconds
2024-12-23 10:55:01,526 - application - DEBUG - after_request_time [__init__.py:44] - view (after_request): map
2024-12-23 10:55:01,530 - application - DEBUG - after_request_time [__init__.py:46] - template (after_request): None
2024-12-23 10:55:01,532 - application - DEBUG - after_request_time [__init__.py:42] - Request to /static/css/flash-message.css took 0.004075765609741211 seconds
2024-12-23 10:55:01,535 - application - DEBUG - after_request_time [__init__.py:44] - view (after_request): map
2024-12-23 10:55:01,536 - application - DEBUG - after_request_time [__init__.py:46] - template (after_request): None
2024-12-23 10:55:01,537 - application - DEBUG - after_request_time [__init__.py:42] - Request to /static/css/sortables.css took 0.002386808395385742 seconds
2024-12-23 10:55:01,539 - application - DEBUG - after_request_time [__init__.py:42] - Request to /static/css/typography.css took 0.006810188293457031 seconds
2024-12-23 10:55:01,542 - application - DEBUG - after_request_time [__init__.py:44] - view (after_request): map
2024-12-23 10:55:01,543 - application - DEBUG - after_request_time [__init__.py:44] - view (after_request): map
2024-12-23 10:55:01,544 - application - DEBUG - after_request_time [__init__.py:46] - template (after_request): None
2024-12-23 10:55:01,545 - application - DEBUG - after_request_time [__init__.py:46] - template (after_request): None
2024-12-23 10:55:01,612 - application.list_utils - DEBUG - get_list_entries_for_item [list_utils.py:415] - input_string: <Home 1>, item_model: Home, item_id: 1
2024-12-23 10:55:01,615 - application.list_utils - DEBUG - get_list_entries_for_item [list_utils.py:428] - found_entries for <Home 1>: [<UserListEntry 1>]
2024-12-23 10:55:01,617 - application.list_utils - DEBUG - get_list_entries_for_item [list_utils.py:428] - found_entries for <Home 1>: [<UserListEntry 1>]
2024-12-23 10:55:01,618 - application.list_utils - DEBUG - get_list_entries_for_item [list_utils.py:428] - found_entries for <Floor 1>: [<UserListEntry 2>]
2024-12-23 10:55:01,618 - application.list_utils - DEBUG - get_list_entries_for_item [list_utils.py:436] - Entry: <UserListEntry 1>
2024-12-23 10:55:01,619 - application.list_utils - DEBUG - get_list_entries_for_item [list_utils.py:436] - Entry: <UserListEntry 1>
2024-12-23 10:55:01,621 - application.list_utils - DEBUG - get_list_entries_for_item [list_utils.py:437] - Item Model: Home, Item ID: 1
2024-12-23 10:55:01,621 - application.list_utils - DEBUG - get_list_entries_for_item [list_utils.py:436] - Entry: <UserListEntry 2>
2024-12-23 10:55:01,622 - application.list_utils - DEBUG - get_list_entries_for_item [list_utils.py:437] - Item Model: Home, Item ID: 1
2024-12-23 10:55:01,622 - application.list_utils - DEBUG - get_list_entries_for_item [list_utils.py:438] - User List ID: 1 User List Name: bob Homes
2024-12-23 10:55:01,622 - application.list_utils - DEBUG - get_list_entries_for_item [list_utils.py:437] - Item Model: Floor, Item ID: 1
2024-12-23 10:55:01,623 - application.list_utils - DEBUG - get_list_entries_for_item [list_utils.py:438] - User List ID: 1 User List Name: bob Homes
2024-12-23 10:55:01,623 - application.list_utils - DEBUG - get_list_entries_for_item [list_utils.py:439] - user: 1
2024-12-23 10:55:01,624 - application.list_utils - DEBUG - get_list_entries_for_item [list_utils.py:438] - User List ID: 2 User List Name: iotsmstmi Floors
2024-12-23 10:55:01,624 - application.list_utils - DEBUG - get_list_entries_for_item [list_utils.py:439] - user: 1
2024-12-23 10:55:01,624 - application.list_utils - DEBUG - get_userlist [list_utils.py:308] - get_userlist(): item_model: Floor, list_name: None, parent_entry_id: 1
2024-12-23 10:55:01,624 - application.list_utils - DEBUG - get_list_entries_for_item [list_utils.py:439] - user: 1
2024-12-23 10:55:01,624 - application.list_utils - DEBUG - get_top_userlists_by_root_parent [list_utils.py:279] - input root_parent_entry_id: 1 model: Task
2024-12-23 10:55:01,625 - application.list_utils - DEBUG - get_userlist [list_utils.py:308] - get_userlist(): item_model: Room, list_name: None, parent_entry_id: 2
2024-12-23 10:55:01,626 - application.list_utils - DEBUG - get_userlist [list_utils.py:322] - lists found (model, parent): [<UserList 2>]
2024-12-23 10:55:01,630 - application.list_utils - DEBUG - get_userlist [list_utils.py:322] - lists found (model, parent): [<UserList 3>]
2024-12-23 10:55:01,630 - application.list_utils - DEBUG - get_userlist [list_utils.py:349] - len(lists) == 1: None Floor 1
2024-12-23 10:55:01,631 - application.list_utils - DEBUG - get_userlists_by_parent [list_utils.py:271] - get_userlists_by_parent: lists found (parent_entry_id)1: [<UserList 2>]
2024-12-23 10:55:01,631 - application.list_utils - DEBUG - get_userlist [list_utils.py:349] - len(lists) == 1: None Room 2
2024-12-23 10:55:01,631 - application.list_utils - DEBUG - get_userlist [list_utils.py:368] - userlist.entries: [<UserListEntry 2>, <UserListEntry 3>, <UserListEntry 4>, <UserListEntry 21>] List type: <class 'sqlalchemy.orm.collections.InstrumentedList'>
2024-12-23 10:55:01,632 - application.list_utils - DEBUG - get_userlists_by_parent [list_utils.py:271] - get_userlists_by_parent: lists found (parent_entry_id)2: [<UserList 3>]
2024-12-23 10:55:01,632 - application.list_utils - DEBUG - get_userlist [list_utils.py:368] - userlist.entries: [<UserListEntry 35>] List type: <class 'sqlalchemy.orm.collections.InstrumentedList'>
2024-12-23 10:55:01,632 - application.list_utils - DEBUG - get_userlist [list_utils.py:370] - List: iotsmstmi Floors, Order: 5
2024-12-23 10:55:01,633 - application.list_utils - DEBUG - get_userlist [list_utils.py:370] - List: iotsmstmi Main Floor Rooms, Order: 0
2024-12-23 10:55:01,633 - application.list_utils - DEBUG - get_userlists_by_parent [list_utils.py:271] - get_userlists_by_parent: lists found (parent_entry_id)3: [<UserList 4>]
2024-12-23 10:55:01,634 - application.list_utils - DEBUG - get_userlist [list_utils.py:370] - List: iotsmstmi Floors, Order: 7
2024-12-23 10:55:01,636 - application.list_utils - DEBUG - get_userlists_by_parent [list_utils.py:271] - get_userlists_by_parent: lists found (parent_entry_id)4: [<UserList 5>]
2024-12-23 10:55:01,636 - application.list_utils - DEBUG - get_userlists_by_parent [list_utils.py:271] - get_userlists_by_parent: lists found (parent_entry_id)35: [<UserList 20>, <UserList 41>]
2024-12-23 10:55:01,636 - application.list_utils - DEBUG - get_userlist [list_utils.py:370] - List: iotsmstmi Floors, Order: 3
2024-12-23 10:55:01,638 - application.list_utils - DEBUG - get_userlists_by_parent [list_utils.py:271] - get_userlists_by_parent: lists found (parent_entry_id)21: [<UserList 7>]
2024-12-23 10:55:01,638 - application.list_utils - DEBUG - get_userlist [list_utils.py:370] - List: iotsmstmi Floors, Order: 1
2024-12-23 10:55:01,674 - application.list_utils - DEBUG - get_userlists_by_parent [list_utils.py:271] - get_userlists_by_parent: lists found (parent_entry_id)35: [<UserList 20>, <UserList 41>]
2024-12-23 10:55:01,679 - application.list_utils - DEBUG - get_userlists_by_parent [list_utils.py:271] - get_userlists_by_parent: lists found (parent_entry_id)2: [<UserList 3>]
2024-12-23 10:55:01,680 - application.list_utils - DEBUG - get_userlists_by_parent [list_utils.py:271] - get_userlists_by_parent: lists found (parent_entry_id)31: [<UserList 14>]
2024-12-23 10:55:01,685 - application.list_utils - DEBUG - get_userlists_by_parent [list_utils.py:271] - get_userlists_by_parent: lists found (parent_entry_id)3: [<UserList 4>]
2024-12-23 10:55:01,689 - application.list_utils - DEBUG - get_userlists_by_parent [list_utils.py:271] - get_userlists_by_parent: lists found (parent_entry_id)37: [<UserList 22>, <UserList 40>]
2024-12-23 10:55:01,689 - application.list_utils - DEBUG - get_userlists_by_parent [list_utils.py:271] - get_userlists_by_parent: lists found (parent_entry_id)4: [<UserList 5>]
2024-12-23 10:55:01,714 - application.list_utils - DEBUG - get_userlists_by_parent [list_utils.py:271] - get_userlists_by_parent: lists found (parent_entry_id)23: [<UserList 8>]
2024-12-23 10:55:01,715 - application.list_utils - DEBUG - get_userlists_by_parent [list_utils.py:271] - get_userlists_by_parent: lists found (parent_entry_id)21: [<UserList 7>]
2024-12-23 10:55:01,715 - application.list_utils - DEBUG - get_top_userlists_by_root_parent [list_utils.py:292] - get_top_userlists_by_root_parent: lists found (parent_entry_id)1: [<UserList 41>, <UserList 40>]
2024-12-23 10:55:01,718 - application.list_utils - DEBUG - get_userlists_by_parent [list_utils.py:273] - get_userlists_by_parent: No lists found for parent_entry_id 67
2024-12-23 10:55:01,766 - application.list_utils - DEBUG - get_userlists_by_parent [list_utils.py:273] - get_userlists_by_parent: No lists found for parent_entry_id 68
2024-12-23 10:55:01,776 - application.list_utils - DEBUG - get_userlists_by_parent [list_utils.py:273] - get_userlists_by_parent: No lists found for parent_entry_id 69
2024-12-23 10:55:01,783 - application.list_utils - DEBUG - get_userlists_by_parent [list_utils.py:273] - get_userlists_by_parent: No lists found for parent_entry_id 61
2024-12-23 10:55:01,782 - application - DEBUG - after_request_time [__init__.py:42] - Request to /show_list/ took 0.18157601356506348 seconds
2024-12-23 10:55:01,784 - application - DEBUG - after_request_time [__init__.py:44] - view (after_request): map
2024-12-23 10:55:01,785 - application.list_utils - DEBUG - get_userlists_by_parent [list_utils.py:273] - get_userlists_by_parent: No lists found for parent_entry_id 62
2024-12-23 10:55:01,784 - application - DEBUG - after_request_time [__init__.py:42] - Request to /show_list/ took 0.17975282669067383 seconds
2024-12-23 10:55:01,785 - application - DEBUG - after_request_time [__init__.py:46] - template (after_request): lists/list.html.jinja
2024-12-23 10:55:01,786 - application.list_utils - DEBUG - get_userlists_by_parent [list_utils.py:273] - get_userlists_by_parent: No lists found for parent_entry_id 63
2024-12-23 10:55:01,785 - application - DEBUG - after_request_time [__init__.py:44] - view (after_request): map
2024-12-23 10:55:01,789 - application - DEBUG - after_request_time [__init__.py:46] - template (after_request): lists/list.html.jinja
2024-12-23 10:55:01,923 - application.list_utils - DEBUG - get_list_entries_for_item [list_utils.py:428] - found_entries for <Photo 8>: [<UserListEntry 34>]
2024-12-23 10:55:01,925 - application.list_utils - DEBUG - get_list_entries_for_item [list_utils.py:436] - Entry: <UserListEntry 34>
2024-12-23 10:55:01,926 - application.list_utils - DEBUG - get_list_entries_for_item [list_utils.py:437] - Item Model: Photo, Item ID: 8
2024-12-23 10:55:01,927 - application.list_utils - DEBUG - get_list_entries_for_item [list_utils.py:438] - User List ID: 20 User List Name: Bedroom 1 Photos
2024-12-23 10:55:01,928 - application.list_utils - DEBUG - get_list_entries_for_item [list_utils.py:439] - user: 1
2024-12-23 10:55:01,930 - application.list_routes - DEBUG - show_photo_entry [list_routes.py:312] - view_override: None
2024-12-23 10:55:01,931 - application.list_routes - DEBUG - show_photo_entry [list_routes.py:317] - view: map
2024-12-23 10:55:01,972 - application - DEBUG - after_request_time [__init__.py:42] - Request to /show_photo_entry/8 took 0.07199287414550781 seconds
2024-12-23 10:55:01,973 - application - DEBUG - after_request_time [__init__.py:44] - view (after_request): map
2024-12-23 10:55:01,975 - application - DEBUG - after_request_time [__init__.py:46] - template (after_request): lists/model/photo.html.jinja
2024-12-23 10:55:01,995 - application - DEBUG - after_request_time [__init__.py:42] - Request to /static/defaults/generic_room.jpg took 0.0028879642486572266 seconds
2024-12-23 10:55:01,995 - application - DEBUG - after_request_time [__init__.py:42] - Request to /show_list/ took 0.38774824142456055 seconds
2024-12-23 10:55:01,996 - application - DEBUG - after_request_time [__init__.py:44] - view (after_request): map
2024-12-23 10:55:01,996 - application - DEBUG - after_request_time [__init__.py:44] - view (after_request): map
2024-12-23 10:55:01,996 - application - DEBUG - after_request_time [__init__.py:46] - template (after_request): None
2024-12-23 10:55:01,996 - application - DEBUG - after_request_time [__init__.py:46] - template (after_request): lists/list.html.jinja
2024-12-23 10:55:02,052 - application.list_utils - DEBUG - get_userlists_by_parent [list_utils.py:273] - get_userlists_by_parent: No lists found for parent_entry_id 70
2024-12-23 10:55:02,122 - application - DEBUG - after_request_time [__init__.py:42] - Request to /show_list/21 took 0.07525205612182617 seconds
2024-12-23 10:55:02,123 - application - DEBUG - after_request_time [__init__.py:44] - view (after_request): map
2024-12-23 10:55:02,123 - application - DEBUG - after_request_time [__init__.py:46] - template (after_request): lists/list.html.jinja
2024-12-23 10:55:04,440 - application.walkthrough - DEBUG - walk_start [walkthrough.py:34] - get room_name: Bedroom 1
2024-12-23 10:55:04,441 - application.walkthrough - DEBUG - walk_start [walkthrough.py:35] - get view: sortphotos
2024-12-23 10:55:04,442 - application.walkthrough - DEBUG - walk_start [walkthrough.py:39] - room: (<Room 6>,) room_name: Bedroom 1 room name name: Bedroom 1
2024-12-23 10:55:04,446 - application.rooms - DEBUG - set_active_room [rooms.py:120] - current_user.active_home.active_room: <Room 6>
2024-12-23 10:55:04,447 - application.walkthrough - DEBUG - walk_start [walkthrough.py:52] - view: sortphotos
2024-12-23 10:55:04,447 - application - DEBUG - after_request_time [__init__.py:42] - Request to /walkthrough/Bedroom 1/sortphotos took 0.007688760757446289 seconds
2024-12-23 10:55:04,447 - application - DEBUG - after_request_time [__init__.py:44] - view (after_request): sortphotos
2024-12-23 10:55:04,448 - application - DEBUG - after_request_time [__init__.py:46] - template (after_request): None
2024-12-23 10:55:04,461 - application.walkthrough - DEBUG - views [walkthrough.py:70] - view?: sortphotos
2024-12-23 10:55:04,461 - application.walkthrough - DEBUG - views [walkthrough.py:73] - File exists!: walkthrough/parts/sortphotos.html.jinja
2024-12-23 10:55:04,465 - application - DEBUG - after_request_time [__init__.py:42] - Request to /walkthrough/steps took 0.00533294677734375 seconds
2024-12-23 10:55:04,465 - application - DEBUG - after_request_time [__init__.py:44] - view (after_request): sortphotos
2024-12-23 10:55:04,466 - application - DEBUG - after_request_time [__init__.py:46] - template (after_request): walkthrough/index.html.jinja
2024-12-23 10:55:04,572 - application - DEBUG - after_request_time [__init__.py:42] - Request to /static/js/bundle.js took 0.0013051033020019531 seconds
2024-12-23 10:55:04,572 - application - DEBUG - after_request_time [__init__.py:42] - Request to /static/css/main.css took 0.0015707015991210938 seconds
2024-12-23 10:55:04,572 - application - DEBUG - after_request_time [__init__.py:44] - view (after_request): sortphotos
2024-12-23 10:55:04,573 - application - DEBUG - after_request_time [__init__.py:44] - view (after_request): sortphotos
2024-12-23 10:55:04,573 - application - DEBUG - after_request_time [__init__.py:46] - template (after_request): None
2024-12-23 10:55:04,573 - application - DEBUG - after_request_time [__init__.py:46] - template (after_request): None
2024-12-23 10:55:04,639 - application - DEBUG - after_request_time [__init__.py:42] - Request to /static/css/color-mode.css took 0.003123044967651367 seconds
2024-12-23 10:55:04,640 - application - DEBUG - after_request_time [__init__.py:44] - view (after_request): sortphotos
2024-12-23 10:55:04,641 - application - DEBUG - after_request_time [__init__.py:42] - Request to /static/css/flash-message.css took 0.003982067108154297 seconds
2024-12-23 10:55:04,643 - application - DEBUG - after_request_time [__init__.py:46] - template (after_request): None
2024-12-23 10:55:04,644 - application - DEBUG - after_request_time [__init__.py:42] - Request to /static/css/typography.css took 0.001968860626220703 seconds
2024-12-23 10:55:04,645 - application - DEBUG - after_request_time [__init__.py:44] - view (after_request): sortphotos
2024-12-23 10:55:04,646 - application - DEBUG - after_request_time [__init__.py:42] - Request to /static/css/sortables.css took 0.002827167510986328 seconds
2024-12-23 10:55:04,647 - application - DEBUG - after_request_time [__init__.py:44] - view (after_request): sortphotos
2024-12-23 10:55:04,649 - application - DEBUG - after_request_time [__init__.py:46] - template (after_request): None
2024-12-23 10:55:04,649 - application - DEBUG - after_request_time [__init__.py:44] - view (after_request): sortphotos
2024-12-23 10:55:04,650 - application - DEBUG - after_request_time [__init__.py:46] - template (after_request): None
2024-12-23 10:55:04,653 - application - DEBUG - after_request_time [__init__.py:46] - template (after_request): None
2024-12-23 10:55:04,744 - application.walkthrough - DEBUG - views [walkthrough.py:70] - view?: sortphotos
2024-12-23 10:55:04,744 - application.list_utils - DEBUG - get_list_entries_for_item [list_utils.py:428] - found_entries for <Home 1>: [<UserListEntry 1>]
2024-12-23 10:55:04,746 - application.walkthrough - DEBUG - views [walkthrough.py:73] - File exists!: walkthrough/parts/sortphotos.html.jinja
2024-12-23 10:55:04,748 - application.list_utils - DEBUG - get_list_entries_for_item [list_utils.py:436] - Entry: <UserListEntry 1>
2024-12-23 10:55:04,749 - application.list_utils - DEBUG - get_list_entries_for_item [list_utils.py:428] - found_entries for <Floor 1>: [<UserListEntry 2>]
2024-12-23 10:55:04,749 - application.list_utils - DEBUG - get_list_entries_for_item [list_utils.py:437] - Item Model: Home, Item ID: 1
2024-12-23 10:55:04,763 - application.list_utils - DEBUG - get_list_entries_for_item [list_utils.py:438] - User List ID: 1 User List Name: bob Homes
2024-12-23 10:55:04,764 - application - DEBUG - after_request_time [__init__.py:42] - Request to /walkthrough/steps took 0.024611949920654297 seconds
2024-12-23 10:55:04,763 - application.list_utils - DEBUG - get_list_entries_for_item [list_utils.py:436] - Entry: <UserListEntry 2>
2024-12-23 10:55:04,765 - application - DEBUG - after_request_time [__init__.py:44] - view (after_request): sortphotos
2024-12-23 10:55:04,764 - application.list_utils - DEBUG - get_list_entries_for_item [list_utils.py:439] - user: 1
2024-12-23 10:55:04,765 - application - DEBUG - after_request_time [__init__.py:46] - template (after_request): walkthrough/parts/sortphotos.html.jinja
2024-12-23 10:55:04,765 - application.list_utils - DEBUG - get_list_entries_for_item [list_utils.py:437] - Item Model: Floor, Item ID: 1
2024-12-23 10:55:04,766 - application.list_utils - DEBUG - get_userlist [list_utils.py:308] - get_userlist(): item_model: Floor, list_name: None, parent_entry_id: 1
2024-12-23 10:55:04,767 - application.list_utils - DEBUG - get_list_entries_for_item [list_utils.py:438] - User List ID: 2 User List Name: iotsmstmi Floors
2024-12-23 10:55:04,768 - application.list_utils - DEBUG - get_list_entries_for_item [list_utils.py:439] - user: 1
2024-12-23 10:55:04,769 - application.list_utils - DEBUG - get_userlist [list_utils.py:322] - lists found (model, parent): [<UserList 2>]
2024-12-23 10:55:04,769 - application.list_utils - DEBUG - get_userlist [list_utils.py:308] - get_userlist(): item_model: Room, list_name: None, parent_entry_id: 2
2024-12-23 10:55:04,769 - application.list_utils - DEBUG - get_userlist [list_utils.py:349] - len(lists) == 1: None Floor 1
2024-12-23 10:55:04,773 - application.list_utils - DEBUG - get_userlist [list_utils.py:368] - userlist.entries: [<UserListEntry 2>, <UserListEntry 3>, <UserListEntry 4>, <UserListEntry 21>] List type: <class 'sqlalchemy.orm.collections.InstrumentedList'>
2024-12-23 10:55:04,773 - application.list_utils - DEBUG - get_userlist [list_utils.py:322] - lists found (model, parent): [<UserList 3>]
2024-12-23 10:55:04,773 - application.list_utils - DEBUG - get_userlist [list_utils.py:370] - List: iotsmstmi Floors, Order: 5
2024-12-23 10:55:04,774 - application.list_utils - DEBUG - get_userlist [list_utils.py:349] - len(lists) == 1: None Room 2
2024-12-23 10:55:04,774 - application.list_utils - DEBUG - get_userlist [list_utils.py:370] - List: iotsmstmi Floors, Order: 7
2024-12-23 10:55:04,774 - application.list_utils - DEBUG - get_userlist [list_utils.py:368] - userlist.entries: [<UserListEntry 35>] List type: <class 'sqlalchemy.orm.collections.InstrumentedList'>
2024-12-23 10:55:04,775 - application.list_utils - DEBUG - get_userlist [list_utils.py:370] - List: iotsmstmi Floors, Order: 3
2024-12-23 10:55:04,775 - application.list_utils - DEBUG - get_userlist [list_utils.py:370] - List: iotsmstmi Main Floor Rooms, Order: 0
2024-12-23 10:55:04,775 - application.list_utils - DEBUG - get_userlist [list_utils.py:370] - List: iotsmstmi Floors, Order: 1
2024-12-23 10:55:04,777 - application.list_utils - DEBUG - get_userlists_by_parent [list_utils.py:271] - get_userlists_by_parent: lists found (parent_entry_id)35: [<UserList 20>, <UserList 41>]
2024-12-23 10:55:04,778 - application.list_utils - DEBUG - get_userlists_by_parent [list_utils.py:271] - get_userlists_by_parent: lists found (parent_entry_id)2: [<UserList 3>]
2024-12-23 10:55:04,781 - application.list_utils - DEBUG - get_userlists_by_parent [list_utils.py:271] - get_userlists_by_parent: lists found (parent_entry_id)3: [<UserList 4>]
2024-12-23 10:55:04,780 - application - DEBUG - after_request_time [__init__.py:42] - Request to /show_list/ took 0.038461923599243164 seconds
2024-12-23 10:55:04,781 - application - DEBUG - after_request_time [__init__.py:44] - view (after_request): sortphotos
2024-12-23 10:55:04,782 - application.list_utils - DEBUG - get_userlists_by_parent [list_utils.py:271] - get_userlists_by_parent: lists found (parent_entry_id)4: [<UserList 5>]
2024-12-23 10:55:04,782 - application - DEBUG - after_request_time [__init__.py:46] - template (after_request): lists/list.html.jinja
2024-12-23 10:55:04,784 - application.list_utils - DEBUG - get_userlists_by_parent [list_utils.py:271] - get_userlists_by_parent: lists found (parent_entry_id)21: [<UserList 7>]
2024-12-23 10:55:04,795 - application - DEBUG - after_request_time [__init__.py:42] - Request to /show_list/ took 0.06131720542907715 seconds
2024-12-23 10:55:04,796 - application - DEBUG - after_request_time [__init__.py:44] - view (after_request): sortphotos
2024-12-23 10:55:04,796 - application - DEBUG - after_request_time [__init__.py:46] - template (after_request): lists/list.html.jinja
2024-12-23 10:55:04,987 - application.list_utils - DEBUG - get_list_entries_for_item [list_utils.py:428] - found_entries for <Room 6>: [<UserListEntry 35>]
2024-12-23 10:55:04,988 - application.list_utils - DEBUG - get_list_entries_for_item [list_utils.py:428] - found_entries for <Photo 8>: [<UserListEntry 34>]
2024-12-23 10:55:04,989 - application.list_utils - DEBUG - get_list_entries_for_item [list_utils.py:436] - Entry: <UserListEntry 35>
2024-12-23 10:55:04,989 - application.list_utils - DEBUG - get_list_entries_for_item [list_utils.py:436] - Entry: <UserListEntry 34>
2024-12-23 10:55:04,989 - application.list_utils - DEBUG - get_list_entries_for_item [list_utils.py:437] - Item Model: Room, Item ID: 6
2024-12-23 10:55:04,990 - application.list_utils - DEBUG - get_list_entries_for_item [list_utils.py:437] - Item Model: Photo, Item ID: 8
2024-12-23 10:55:04,990 - application.list_utils - DEBUG - get_list_entries_for_item [list_utils.py:438] - User List ID: 3 User List Name: iotsmstmi Main Floor Rooms
2024-12-23 10:55:04,990 - application.list_utils - DEBUG - get_list_entries_for_item [list_utils.py:438] - User List ID: 20 User List Name: Bedroom 1 Photos
2024-12-23 10:55:04,990 - application.list_utils - DEBUG - get_list_entries_for_item [list_utils.py:439] - user: 1
2024-12-23 10:55:04,990 - application.list_utils - DEBUG - get_list_entries_for_item [list_utils.py:439] - user: 1
2024-12-23 10:55:04,991 - application.list_utils - DEBUG - get_userlist [list_utils.py:308] - get_userlist(): item_model: Photo, list_name: None, parent_entry_id: 35
2024-12-23 10:55:04,991 - application.list_routes - DEBUG - show_photo_entry [list_routes.py:312] - view_override: None
2024-12-23 10:55:04,991 - application.list_routes - DEBUG - show_photo_entry [list_routes.py:317] - view: sortphotos
2024-12-23 10:55:04,992 - application.list_utils - DEBUG - get_userlist [list_utils.py:322] - lists found (model, parent): [<UserList 20>]
2024-12-23 10:55:04,994 - application.list_utils - DEBUG - get_userlist [list_utils.py:349] - len(lists) == 1: None Photo 35
2024-12-23 10:55:04,996 - application - DEBUG - after_request_time [__init__.py:42] - Request to /show_photo_entry/8 took 0.011017799377441406 seconds
2024-12-23 10:55:04,997 - application.list_utils - DEBUG - get_userlist [list_utils.py:368] - userlist.entries: [<UserListEntry 34>] List type: <class 'sqlalchemy.orm.collections.InstrumentedList'>
2024-12-23 10:55:04,997 - application.list_utils - DEBUG - get_userlist [list_utils.py:370] - List: Bedroom 1 Photos, Order: 0
2024-12-23 10:55:04,997 - application - DEBUG - after_request_time [__init__.py:44] - view (after_request): sortphotos
2024-12-23 10:55:04,998 - application - DEBUG - after_request_time [__init__.py:46] - template (after_request): lists/model/photo.html.jinja
2024-12-23 10:55:04,999 - application.list_utils - DEBUG - get_userlists_by_parent [list_utils.py:271] - get_userlists_by_parent: lists found (parent_entry_id)34: [<UserList 21>]
2024-12-23 10:55:05,013 - application - DEBUG - after_request_time [__init__.py:42] - Request to /show_list/ took 0.0321199893951416 seconds
2024-12-23 10:55:05,013 - application - DEBUG - after_request_time [__init__.py:44] - view (after_request): sortphotos
2024-12-23 10:55:05,014 - application - DEBUG - after_request_time [__init__.py:46] - template (after_request): lists/list.html.jinja
2024-12-23 10:55:05,049 - application - DEBUG - after_request_time [__init__.py:42] - Request to /static/defaults/generic_room.jpg took 0.0010538101196289062 seconds
2024-12-23 10:55:05,049 - application - DEBUG - after_request_time [__init__.py:44] - view (after_request): sortphotos
2024-12-23 10:55:05,049 - application - DEBUG - after_request_time [__init__.py:46] - template (after_request): None
2024-12-23 10:55:05,212 - application.list_utils - DEBUG - get_userlists_by_parent [list_utils.py:273] - get_userlists_by_parent: No lists found for parent_entry_id 70
2024-12-23 10:55:05,228 - application.list_utils - DEBUG - get_userlists_by_parent [list_utils.py:273] - get_userlists_by_parent: No lists found for parent_entry_id 70
2024-12-23 10:55:05,264 - application - DEBUG - after_request_time [__init__.py:42] - Request to /show_list/21 took 0.057213783264160156 seconds
2024-12-23 10:55:05,265 - application - DEBUG - after_request_time [__init__.py:44] - view (after_request): sortphotos
2024-12-23 10:55:05,266 - application - DEBUG - after_request_time [__init__.py:46] - template (after_request): lists/list.html.jinja
2024-12-23 10:55:05,275 - application - DEBUG - after_request_time [__init__.py:42] - Request to /show_list/21 took 0.052636146545410156 seconds
2024-12-23 10:55:05,276 - application - DEBUG - after_request_time [__init__.py:44] - view (after_request): sortphotos
2024-12-23 10:55:05,276 - application - DEBUG - after_request_time [__init__.py:46] - template (after_request): lists/list.html.jinja
2024-12-23 10:55:10,430 - application.walkthrough - DEBUG - views [walkthrough.py:68] - view: room
2024-12-23 10:55:10,431 - application.walkthrough - DEBUG - views [walkthrough.py:70] - view?: room
2024-12-23 10:55:10,431 - application.walkthrough - DEBUG - views [walkthrough.py:73] - File exists!: walkthrough/parts/room.html.jinja
2024-12-23 10:55:10,439 - application - DEBUG - after_request_time [__init__.py:42] - Request to /walkthrough/steps took 0.010658025741577148 seconds
2024-12-23 10:55:10,439 - application - DEBUG - after_request_time [__init__.py:44] - view (after_request): room
2024-12-23 10:55:10,439 - application - DEBUG - after_request_time [__init__.py:46] - template (after_request): walkthrough/parts/room.html.jinja
2024-12-23 10:55:10,527 - application.list_utils - DEBUG - get_list_entries_for_item [list_utils.py:428] - found_entries for <Photo 8>: [<UserListEntry 34>]
2024-12-23 10:55:10,529 - application.list_utils - DEBUG - get_list_entries_for_item [list_utils.py:436] - Entry: <UserListEntry 34>
2024-12-23 10:55:10,530 - application.list_utils - DEBUG - get_list_entries_for_item [list_utils.py:428] - found_entries for <Room 6>: [<UserListEntry 35>]
2024-12-23 10:55:10,530 - application.list_utils - DEBUG - get_list_entries_for_item [list_utils.py:437] - Item Model: Photo, Item ID: 8
2024-12-23 10:55:10,533 - application.list_utils - DEBUG - get_list_entries_for_item [list_utils.py:438] - User List ID: 20 User List Name: Bedroom 1 Photos
2024-12-23 10:55:10,533 - application.list_utils - DEBUG - get_list_entries_for_item [list_utils.py:436] - Entry: <UserListEntry 35>
2024-12-23 10:55:10,533 - application.list_utils - DEBUG - get_list_entries_for_item [list_utils.py:439] - user: 1
2024-12-23 10:55:10,533 - application.list_utils - DEBUG - get_list_entries_for_item [list_utils.py:437] - Item Model: Room, Item ID: 6
2024-12-23 10:55:10,534 - application.list_routes - DEBUG - show_photo_entry [list_routes.py:312] - view_override: pingrid
2024-12-23 10:55:10,534 - application.list_routes - DEBUG - show_photo_entry [list_routes.py:317] - view: pingrid
2024-12-23 10:55:10,534 - application.list_utils - DEBUG - get_list_entries_for_item [list_utils.py:438] - User List ID: 3 User List Name: iotsmstmi Main Floor Rooms
2024-12-23 10:55:10,536 - application.list_utils - DEBUG - get_list_entries_for_item [list_utils.py:439] - user: 1
2024-12-23 10:55:10,537 - application.list_utils - DEBUG - get_userlist [list_utils.py:308] - get_userlist(): item_model: Task, list_name: None, parent_entry_id: 35
2024-12-23 10:55:10,539 - application - DEBUG - after_request_time [__init__.py:42] - Request to /show_photo_entry/8 took 0.018828868865966797 seconds
2024-12-23 10:55:10,540 - application - DEBUG - after_request_time [__init__.py:44] - view (after_request): room
2024-12-23 10:55:10,541 - application.list_utils - DEBUG - get_userlist [list_utils.py:322] - lists found (model, parent): [<UserList 41>]
2024-12-23 10:55:10,541 - application - DEBUG - after_request_time [__init__.py:46] - template (after_request): lists/model/photo.html.jinja
2024-12-23 10:55:10,541 - application.list_utils - DEBUG - get_userlist [list_utils.py:349] - len(lists) == 1: None Task 35
2024-12-23 10:55:10,542 - application.list_utils - DEBUG - get_userlist [list_utils.py:368] - userlist.entries: [<UserListEntry 67>, <UserListEntry 68>, <UserListEntry 69>] List type: <class 'sqlalchemy.orm.collections.InstrumentedList'>
2024-12-23 10:55:10,543 - application.list_utils - DEBUG - get_userlist [list_utils.py:370] - List: Bedroom 1 Tasks, Order: 145
2024-12-23 10:55:10,543 - application.list_utils - DEBUG - get_userlist [list_utils.py:370] - List: Bedroom 1 Tasks, Order: 146
2024-12-23 10:55:10,544 - application.list_utils - DEBUG - get_userlist [list_utils.py:370] - List: Bedroom 1 Tasks, Order: 147
2024-12-23 10:55:10,547 - application.list_utils - DEBUG - get_userlists_by_parent [list_utils.py:273] - get_userlists_by_parent: No lists found for parent_entry_id 67
2024-12-23 10:55:10,548 - application.list_utils - DEBUG - get_userlists_by_parent [list_utils.py:273] - get_userlists_by_parent: No lists found for parent_entry_id 68
2024-12-23 10:55:10,550 - application.list_utils - DEBUG - get_userlists_by_parent [list_utils.py:273] - get_userlists_by_parent: No lists found for parent_entry_id 69
2024-12-23 10:55:10,566 - application - DEBUG - after_request_time [__init__.py:42] - Request to /show_list/ took 0.04250073432922363 seconds
2024-12-23 10:55:10,566 - application - DEBUG - after_request_time [__init__.py:44] - view (after_request): room
2024-12-23 10:55:10,566 - application - DEBUG - after_request_time [__init__.py:46] - template (after_request): lists/list.html.jinja
2024-12-23 10:55:10,605 - application.list_utils - DEBUG - get_userlists_by_parent [list_utils.py:273] - get_userlists_by_parent: No lists found for parent_entry_id 70
2024-12-23 10:55:10,624 - application - DEBUG - after_request_time [__init__.py:42] - Request to /show_list/21 took 0.021847009658813477 seconds
2024-12-23 10:55:10,624 - application - DEBUG - after_request_time [__init__.py:44] - view (after_request): room
2024-12-23 10:55:10,624 - application - DEBUG - after_request_time [__init__.py:46] - template (after_request): lists/list.html.jinja
