2024-12-21 14:40:21,840 - logs.logging_config - DEBUG - configure_logging [logging_config.py:178] - Application logging configured
2024-12-21 14:40:21,842 - logs.logging_config - INFO - configure_logging [logging_config.py:187] - Application started in production environment
2024-12-21 14:40:21,843 - application - DEBUG - create_app [__init__.py:28] - test2
2024-12-21 14:40:22,580 - application - DEBUG - after_request_time [__init__.py:42] - Request to / took 0.009568929672241211 seconds
2024-12-21 14:40:22,580 - application - DEBUG - after_request_time [__init__.py:44] - view (after_request): map
2024-12-21 14:40:22,581 - application - DEBUG - after_request_time [__init__.py:46] - template (after_request): None
2024-12-21 14:40:22,721 - application - DEBUG - after_request_time [__init__.py:42] - Request to /map/ took 0.09574508666992188 seconds
2024-12-21 14:40:22,721 - application - DEBUG - after_request_time [__init__.py:44] - view (after_request): map
2024-12-21 14:40:22,721 - application - DEBUG - after_request_time [__init__.py:46] - template (after_request): map/index.html.jinja
2024-12-21 14:40:22,820 - application - DEBUG - after_request_time [__init__.py:42] - Request to /static/css/main.css took 0.04637002944946289 seconds
2024-12-21 14:40:22,820 - application - DEBUG - after_request_time [__init__.py:44] - view (after_request): map
2024-12-21 14:40:22,823 - application - DEBUG - after_request_time [__init__.py:46] - template (after_request): None
2024-12-21 14:40:22,824 - application - DEBUG - after_request_time [__init__.py:42] - Request to /static/js/bundle.js took 0.005375862121582031 seconds
2024-12-21 14:40:22,825 - application - DEBUG - after_request_time [__init__.py:44] - view (after_request): map
2024-12-21 14:40:22,826 - application - DEBUG - after_request_time [__init__.py:46] - template (after_request): None
2024-12-21 14:40:22,847 - application - DEBUG - after_request_time [__init__.py:42] - Request to /static/css/color-mode.css took 0.003994941711425781 seconds
2024-12-21 14:40:22,847 - application - DEBUG - after_request_time [__init__.py:42] - Request to /static/css/flash-message.css took 0.004075050354003906 seconds
2024-12-21 14:40:22,849 - application - DEBUG - after_request_time [__init__.py:44] - view (after_request): map
2024-12-21 14:40:22,850 - application - DEBUG - after_request_time [__init__.py:44] - view (after_request): map
2024-12-21 14:40:22,851 - application - DEBUG - after_request_time [__init__.py:42] - Request to /static/css/typography.css took 0.0012481212615966797 seconds
2024-12-21 14:40:22,851 - application - DEBUG - after_request_time [__init__.py:46] - template (after_request): None
2024-12-21 14:40:22,853 - application - DEBUG - after_request_time [__init__.py:42] - Request to /static/css/sortables.css took 0.0011019706726074219 seconds
2024-12-21 14:40:22,853 - application - DEBUG - after_request_time [__init__.py:46] - template (after_request): None
2024-12-21 14:40:22,854 - application - DEBUG - after_request_time [__init__.py:44] - view (after_request): map
2024-12-21 14:40:22,855 - application - DEBUG - after_request_time [__init__.py:44] - view (after_request): map
2024-12-21 14:40:22,856 - application - DEBUG - after_request_time [__init__.py:46] - template (after_request): None
2024-12-21 14:40:22,857 - application - DEBUG - after_request_time [__init__.py:46] - template (after_request): None
2024-12-21 14:40:23,064 - application - DEBUG - after_request_time [__init__.py:42] - Request to /show_list/ took 0.1426711082458496 seconds
2024-12-21 14:40:23,076 - application - DEBUG - after_request_time [__init__.py:44] - view (after_request): map
2024-12-21 14:40:23,087 - application - DEBUG - after_request_time [__init__.py:42] - Request to /show_list/ took 0.16203618049621582 seconds
2024-12-21 14:40:23,088 - application - DEBUG - after_request_time [__init__.py:46] - template (after_request): lists/list.html.jinja
2024-12-21 14:40:23,089 - application - DEBUG - after_request_time [__init__.py:44] - view (after_request): map
2024-12-21 14:40:23,096 - application - DEBUG - after_request_time [__init__.py:42] - Request to /show_list/ took 0.17374420166015625 seconds
2024-12-21 14:40:23,097 - application - DEBUG - after_request_time [__init__.py:46] - template (after_request): None
2024-12-21 14:40:23,098 - application - DEBUG - after_request_time [__init__.py:44] - view (after_request): map
2024-12-21 14:40:23,100 - application - DEBUG - after_request_time [__init__.py:46] - template (after_request): lists/list.html.jinja
2024-12-21 14:40:23,183 - application - DEBUG - after_request_time [__init__.py:42] - Request to /show_photo_entry/2 took 0.039443016052246094 seconds
2024-12-21 14:40:23,184 - application - DEBUG - after_request_time [__init__.py:44] - view (after_request): map
2024-12-21 14:40:23,184 - application - DEBUG - after_request_time [__init__.py:46] - template (after_request): lists/model/photo.html.jinja
2024-12-21 14:40:23,202 - application - DEBUG - after_request_time [__init__.py:42] - Request to /static/defaults/generic_room.jpg took 0.0008649826049804688 seconds
2024-12-21 14:40:23,202 - application - DEBUG - after_request_time [__init__.py:44] - view (after_request): map
2024-12-21 14:40:23,203 - application - DEBUG - after_request_time [__init__.py:46] - template (after_request): None
2024-12-21 14:40:23,262 - application - DEBUG - after_request_time [__init__.py:42] - Request to /show_list/10 took 0.04290413856506348 seconds
2024-12-21 14:40:23,262 - application - DEBUG - after_request_time [__init__.py:44] - view (after_request): map
2024-12-21 14:40:23,263 - application - DEBUG - after_request_time [__init__.py:46] - template (after_request): lists/list.html.jinja
2024-12-21 14:40:25,099 - application - DEBUG - after_request_time [__init__.py:42] - Request to /map/Floor/1 took 0.042205095291137695 seconds
2024-12-21 14:40:25,099 - application - DEBUG - after_request_time [__init__.py:44] - view (after_request): map
2024-12-21 14:40:25,099 - application - DEBUG - after_request_time [__init__.py:46] - template (after_request): map/index.html.jinja
2024-12-21 14:40:25,314 - application - DEBUG - after_request_time [__init__.py:42] - Request to /show_list/ took 0.03339076042175293 seconds
2024-12-21 14:40:25,314 - application - DEBUG - after_request_time [__init__.py:44] - view (after_request): map
2024-12-21 14:40:25,316 - application - DEBUG - after_request_time [__init__.py:46] - template (after_request): lists/list.html.jinja
2024-12-21 14:40:25,319 - application - DEBUG - after_request_time [__init__.py:42] - Request to /show_list/ took 0.04325294494628906 seconds
2024-12-21 14:40:25,322 - application - DEBUG - after_request_time [__init__.py:44] - view (after_request): map
2024-12-21 14:40:25,323 - application - DEBUG - after_request_time [__init__.py:46] - template (after_request): lists/list.html.jinja
2024-12-21 14:40:25,327 - application - DEBUG - after_request_time [__init__.py:42] - Request to /show_list/ took 0.0502161979675293 seconds
2024-12-21 14:40:25,327 - application - DEBUG - after_request_time [__init__.py:44] - view (after_request): map
2024-12-21 14:40:25,328 - application - DEBUG - after_request_time [__init__.py:46] - template (after_request): None
2024-12-21 14:40:25,408 - application - DEBUG - after_request_time [__init__.py:42] - Request to /show_photo_entry/1 took 0.005335092544555664 seconds
2024-12-21 14:40:25,408 - application - DEBUG - after_request_time [__init__.py:44] - view (after_request): map
2024-12-21 14:40:25,408 - application - DEBUG - after_request_time [__init__.py:46] - template (after_request): lists/model/photo.html.jinja
2024-12-21 14:40:25,454 - application - DEBUG - after_request_time [__init__.py:42] - Request to /show_list/8 took 0.012387990951538086 seconds
2024-12-21 14:40:25,454 - application - DEBUG - after_request_time [__init__.py:44] - view (after_request): map
2024-12-21 14:40:25,454 - application - DEBUG - after_request_time [__init__.py:46] - template (after_request): lists/list.html.jinja
2024-12-21 14:40:29,385 - application - DEBUG - after_request_time [__init__.py:42] - Request to /map/Floor/2 took 0.030931949615478516 seconds
2024-12-21 14:40:29,386 - application - DEBUG - after_request_time [__init__.py:44] - view (after_request): map
2024-12-21 14:40:29,386 - application - DEBUG - after_request_time [__init__.py:46] - template (after_request): map/index.html.jinja
2024-12-21 14:40:29,476 - application - DEBUG - after_request_time [__init__.py:42] - Request to /show_list/ took 0.02936077117919922 seconds
2024-12-21 14:40:29,477 - application - DEBUG - after_request_time [__init__.py:44] - view (after_request): map
2024-12-21 14:40:29,478 - application - DEBUG - after_request_time [__init__.py:46] - template (after_request): lists/list.html.jinja
2024-12-21 14:40:29,488 - application - DEBUG - after_request_time [__init__.py:42] - Request to /show_list/ took 0.04572582244873047 seconds
2024-12-21 14:40:29,489 - application - DEBUG - after_request_time [__init__.py:44] - view (after_request): map
2024-12-21 14:40:29,490 - application - DEBUG - after_request_time [__init__.py:46] - template (after_request): lists/list.html.jinja
2024-12-21 14:40:29,493 - application - DEBUG - after_request_time [__init__.py:42] - Request to /show_list/ took 0.04244685173034668 seconds
2024-12-21 14:40:29,493 - application - DEBUG - after_request_time [__init__.py:44] - view (after_request): map
2024-12-21 14:40:29,493 - application - DEBUG - after_request_time [__init__.py:46] - template (after_request): None
2024-12-21 14:40:29,524 - application - DEBUG - after_request_time [__init__.py:42] - Request to /show_photo_entry/2 took 0.007266998291015625 seconds
2024-12-21 14:40:29,524 - application - DEBUG - after_request_time [__init__.py:44] - view (after_request): map
2024-12-21 14:40:29,525 - application - DEBUG - after_request_time [__init__.py:46] - template (after_request): lists/model/photo.html.jinja
2024-12-21 14:40:29,571 - application - DEBUG - after_request_time [__init__.py:42] - Request to /show_list/10 took 0.011872053146362305 seconds
2024-12-21 14:40:29,571 - application - DEBUG - after_request_time [__init__.py:44] - view (after_request): map
2024-12-21 14:40:29,572 - application - DEBUG - after_request_time [__init__.py:46] - template (after_request): lists/list.html.jinja
2024-12-21 14:40:30,687 - application - DEBUG - after_request_time [__init__.py:42] - Request to /map/Floor/3 took 0.03462076187133789 seconds
2024-12-21 14:40:30,687 - application - DEBUG - after_request_time [__init__.py:44] - view (after_request): map
2024-12-21 14:40:30,687 - application - DEBUG - after_request_time [__init__.py:46] - template (after_request): map/index.html.jinja
2024-12-21 14:40:30,782 - application - DEBUG - after_request_time [__init__.py:42] - Request to /show_list/ took 0.031948089599609375 seconds
2024-12-21 14:40:30,782 - application - DEBUG - after_request_time [__init__.py:44] - view (after_request): map
2024-12-21 14:40:30,784 - application - DEBUG - after_request_time [__init__.py:46] - template (after_request): lists/list.html.jinja
2024-12-21 14:40:30,788 - application - DEBUG - after_request_time [__init__.py:42] - Request to /show_list/ took 0.04514908790588379 seconds
2024-12-21 14:40:30,789 - application - DEBUG - after_request_time [__init__.py:44] - view (after_request): map
2024-12-21 14:40:30,789 - application - DEBUG - after_request_time [__init__.py:46] - template (after_request): lists/list.html.jinja
2024-12-21 14:40:30,794 - application - DEBUG - after_request_time [__init__.py:42] - Request to /show_list/ took 0.04987311363220215 seconds
2024-12-21 14:40:30,796 - application - DEBUG - after_request_time [__init__.py:44] - view (after_request): map
2024-12-21 14:40:30,798 - application - DEBUG - after_request_time [__init__.py:46] - template (after_request): None
2024-12-21 14:40:30,825 - application - DEBUG - after_request_time [__init__.py:42] - Request to /show_photo_entry/3 took 0.005019187927246094 seconds
2024-12-21 14:40:30,825 - application - DEBUG - after_request_time [__init__.py:44] - view (after_request): map
2024-12-21 14:40:30,826 - application - DEBUG - after_request_time [__init__.py:46] - template (after_request): lists/model/photo.html.jinja
2024-12-21 14:40:30,874 - application - DEBUG - after_request_time [__init__.py:42] - Request to /show_list/12 took 0.010745763778686523 seconds
2024-12-21 14:40:30,875 - application - DEBUG - after_request_time [__init__.py:44] - view (after_request): map
2024-12-21 14:40:30,875 - application - DEBUG - after_request_time [__init__.py:46] - template (after_request): lists/list.html.jinja
2024-12-21 14:40:32,539 - application - DEBUG - after_request_time [__init__.py:42] - Request to /map/Floor/3 took 0.03248119354248047 seconds
2024-12-21 14:40:32,539 - application - DEBUG - after_request_time [__init__.py:44] - view (after_request): map
2024-12-21 14:40:32,539 - application - DEBUG - after_request_time [__init__.py:46] - template (after_request): map/index.html.jinja
2024-12-21 14:40:32,591 - application - DEBUG - after_request_time [__init__.py:42] - Request to /static/js/bundle.js took 0.0019261837005615234 seconds
2024-12-21 14:40:32,592 - application - DEBUG - after_request_time [__init__.py:42] - Request to /static/css/main.css took 0.002444028854370117 seconds
2024-12-21 14:40:32,592 - application - DEBUG - after_request_time [__init__.py:44] - view (after_request): map
2024-12-21 14:40:32,593 - application - DEBUG - after_request_time [__init__.py:44] - view (after_request): map
2024-12-21 14:40:32,593 - application - DEBUG - after_request_time [__init__.py:46] - template (after_request): None
2024-12-21 14:40:32,593 - application - DEBUG - after_request_time [__init__.py:46] - template (after_request): None
2024-12-21 14:40:32,621 - application - DEBUG - after_request_time [__init__.py:42] - Request to /static/css/color-mode.css took 0.0033979415893554688 seconds
2024-12-21 14:40:32,623 - application - DEBUG - after_request_time [__init__.py:44] - view (after_request): map
2024-12-21 14:40:32,626 - application - DEBUG - after_request_time [__init__.py:42] - Request to /static/css/sortables.css took 0.0008578300476074219 seconds
2024-12-21 14:40:32,626 - application - DEBUG - after_request_time [__init__.py:46] - template (after_request): None
2024-12-21 14:40:32,627 - application - DEBUG - after_request_time [__init__.py:42] - Request to /static/css/flash-message.css took 0.005305767059326172 seconds
2024-12-21 14:40:32,627 - application - DEBUG - after_request_time [__init__.py:44] - view (after_request): map
2024-12-21 14:40:32,628 - application - DEBUG - after_request_time [__init__.py:42] - Request to /static/css/typography.css took 0.0019519329071044922 seconds
2024-12-21 14:40:32,630 - application - DEBUG - after_request_time [__init__.py:44] - view (after_request): map
2024-12-21 14:40:32,631 - application - DEBUG - after_request_time [__init__.py:46] - template (after_request): None
2024-12-21 14:40:32,631 - application - DEBUG - after_request_time [__init__.py:44] - view (after_request): map
2024-12-21 14:40:32,632 - application - DEBUG - after_request_time [__init__.py:46] - template (after_request): None
2024-12-21 14:40:32,634 - application - DEBUG - after_request_time [__init__.py:46] - template (after_request): None
2024-12-21 14:40:32,721 - application - DEBUG - after_request_time [__init__.py:42] - Request to /show_list/ took 0.03506302833557129 seconds
2024-12-21 14:40:32,722 - application - DEBUG - after_request_time [__init__.py:44] - view (after_request): map
2024-12-21 14:40:32,723 - application - DEBUG - after_request_time [__init__.py:46] - template (after_request): lists/list.html.jinja
2024-12-21 14:40:32,731 - application - DEBUG - after_request_time [__init__.py:42] - Request to /show_list/ took 0.05093789100646973 seconds
2024-12-21 14:40:32,732 - application - DEBUG - after_request_time [__init__.py:44] - view (after_request): map
2024-12-21 14:40:32,733 - application - DEBUG - after_request_time [__init__.py:46] - template (after_request): lists/list.html.jinja
2024-12-21 14:40:32,737 - application - DEBUG - after_request_time [__init__.py:42] - Request to /show_list/ took 0.047760963439941406 seconds
2024-12-21 14:40:32,738 - application - DEBUG - after_request_time [__init__.py:44] - view (after_request): map
2024-12-21 14:40:32,738 - application - DEBUG - after_request_time [__init__.py:46] - template (after_request): None
2024-12-21 14:40:32,776 - application - DEBUG - after_request_time [__init__.py:42] - Request to /show_photo_entry/3 took 0.005257844924926758 seconds
2024-12-21 14:40:32,776 - application - DEBUG - after_request_time [__init__.py:44] - view (after_request): map
2024-12-21 14:40:32,776 - application - DEBUG - after_request_time [__init__.py:46] - template (after_request): lists/model/photo.html.jinja
2024-12-21 14:40:32,788 - application - DEBUG - after_request_time [__init__.py:42] - Request to /static/defaults/generic_room.jpg took 0.0010368824005126953 seconds
2024-12-21 14:40:32,789 - application - DEBUG - after_request_time [__init__.py:44] - view (after_request): map
2024-12-21 14:40:32,789 - application - DEBUG - after_request_time [__init__.py:46] - template (after_request): None
2024-12-21 14:40:32,820 - application - DEBUG - after_request_time [__init__.py:42] - Request to /show_list/12 took 0.011785030364990234 seconds
2024-12-21 14:40:32,820 - application - DEBUG - after_request_time [__init__.py:44] - view (after_request): map
2024-12-21 14:40:32,821 - application - DEBUG - after_request_time [__init__.py:46] - template (after_request): lists/list.html.jinja
2024-12-21 14:40:34,660 - application - DEBUG - after_request_time [__init__.py:42] - Request to /map/Floor/1 took 0.046298980712890625 seconds
2024-12-21 14:40:34,660 - application - DEBUG - after_request_time [__init__.py:44] - view (after_request): map
2024-12-21 14:40:34,660 - application - DEBUG - after_request_time [__init__.py:46] - template (after_request): map/index.html.jinja
2024-12-21 14:40:34,910 - application - DEBUG - after_request_time [__init__.py:42] - Request to /show_list/ took 0.030212879180908203 seconds
2024-12-21 14:40:34,911 - application - DEBUG - after_request_time [__init__.py:44] - view (after_request): map
2024-12-21 14:40:34,913 - application - DEBUG - after_request_time [__init__.py:46] - template (after_request): lists/list.html.jinja
2024-12-21 14:40:34,925 - application - DEBUG - after_request_time [__init__.py:42] - Request to /show_list/ took 0.05010104179382324 seconds
2024-12-21 14:40:34,927 - application - DEBUG - after_request_time [__init__.py:44] - view (after_request): map
2024-12-21 14:40:34,927 - application - DEBUG - after_request_time [__init__.py:46] - template (after_request): lists/list.html.jinja
2024-12-21 14:40:34,931 - application - DEBUG - after_request_time [__init__.py:42] - Request to /show_list/ took 0.04826784133911133 seconds
2024-12-21 14:40:34,932 - application - DEBUG - after_request_time [__init__.py:44] - view (after_request): map
2024-12-21 14:40:34,932 - application - DEBUG - after_request_time [__init__.py:46] - template (after_request): None
2024-12-21 14:40:35,063 - application - DEBUG - after_request_time [__init__.py:42] - Request to /show_photo_entry/1 took 0.006297111511230469 seconds
2024-12-21 14:40:35,063 - application - DEBUG - after_request_time [__init__.py:44] - view (after_request): map
2024-12-21 14:40:35,064 - application - DEBUG - after_request_time [__init__.py:46] - template (after_request): lists/model/photo.html.jinja
2024-12-21 14:40:35,120 - application - DEBUG - after_request_time [__init__.py:42] - Request to /show_list/8 took 0.017937898635864258 seconds
2024-12-21 14:40:35,120 - application - DEBUG - after_request_time [__init__.py:44] - view (after_request): map
2024-12-21 14:40:35,121 - application - DEBUG - after_request_time [__init__.py:46] - template (after_request): lists/list.html.jinja
2024-12-21 14:40:37,595 - application - DEBUG - after_request_time [__init__.py:42] - Request to /map/Floor/1 took 0.032713890075683594 seconds
2024-12-21 14:40:37,596 - application - DEBUG - after_request_time [__init__.py:44] - view (after_request): map
2024-12-21 14:40:37,596 - application - DEBUG - after_request_time [__init__.py:46] - template (after_request): map/index.html.jinja
2024-12-21 14:40:37,651 - application - DEBUG - after_request_time [__init__.py:42] - Request to /static/css/main.css took 0.0027887821197509766 seconds
2024-12-21 14:40:37,653 - application - DEBUG - after_request_time [__init__.py:44] - view (after_request): map
2024-12-21 14:40:37,653 - application - DEBUG - after_request_time [__init__.py:46] - template (after_request): None
2024-12-21 14:40:37,654 - application - DEBUG - after_request_time [__init__.py:42] - Request to /static/js/bundle.js took 0.001934051513671875 seconds
2024-12-21 14:40:37,657 - application - DEBUG - after_request_time [__init__.py:44] - view (after_request): map
2024-12-21 14:40:37,657 - application - DEBUG - after_request_time [__init__.py:46] - template (after_request): None
2024-12-21 14:40:37,683 - application - DEBUG - after_request_time [__init__.py:42] - Request to /static/css/color-mode.css took 0.003744840621948242 seconds
2024-12-21 14:40:37,686 - application - DEBUG - after_request_time [__init__.py:42] - Request to /static/css/flash-message.css took 0.0032787322998046875 seconds
2024-12-21 14:40:37,687 - application - DEBUG - after_request_time [__init__.py:44] - view (after_request): map
2024-12-21 14:40:37,690 - application - DEBUG - after_request_time [__init__.py:44] - view (after_request): map
2024-12-21 14:40:37,691 - application - DEBUG - after_request_time [__init__.py:42] - Request to /static/css/sortables.css took 0.0009958744049072266 seconds
2024-12-21 14:40:37,691 - application - DEBUG - after_request_time [__init__.py:46] - template (after_request): None
2024-12-21 14:40:37,692 - application - DEBUG - after_request_time [__init__.py:42] - Request to /static/css/typography.css took 0.00269317626953125 seconds
2024-12-21 14:40:37,692 - application - DEBUG - after_request_time [__init__.py:46] - template (after_request): None
2024-12-21 14:40:37,692 - application - DEBUG - after_request_time [__init__.py:44] - view (after_request): map
2024-12-21 14:40:37,693 - application - DEBUG - after_request_time [__init__.py:44] - view (after_request): map
2024-12-21 14:40:37,695 - application - DEBUG - after_request_time [__init__.py:46] - template (after_request): None
2024-12-21 14:40:37,696 - application - DEBUG - after_request_time [__init__.py:46] - template (after_request): None
2024-12-21 14:40:37,778 - application - DEBUG - after_request_time [__init__.py:42] - Request to /show_list/ took 0.030135154724121094 seconds
2024-12-21 14:40:37,779 - application - DEBUG - after_request_time [__init__.py:44] - view (after_request): map
2024-12-21 14:40:37,781 - application - DEBUG - after_request_time [__init__.py:46] - template (after_request): lists/list.html.jinja
2024-12-21 14:40:37,792 - application - DEBUG - after_request_time [__init__.py:42] - Request to /show_list/ took 0.04715704917907715 seconds
2024-12-21 14:40:37,793 - application - DEBUG - after_request_time [__init__.py:44] - view (after_request): map
2024-12-21 14:40:37,794 - application - DEBUG - after_request_time [__init__.py:46] - template (after_request): lists/list.html.jinja
2024-12-21 14:40:37,797 - application - DEBUG - after_request_time [__init__.py:42] - Request to /show_list/ took 0.041847944259643555 seconds
2024-12-21 14:40:37,798 - application - DEBUG - after_request_time [__init__.py:44] - view (after_request): map
2024-12-21 14:40:37,798 - application - DEBUG - after_request_time [__init__.py:46] - template (after_request): None
2024-12-21 14:40:37,838 - application - DEBUG - after_request_time [__init__.py:42] - Request to /show_photo_entry/1 took 0.006913185119628906 seconds
2024-12-21 14:40:37,838 - application - DEBUG - after_request_time [__init__.py:44] - view (after_request): map
2024-12-21 14:40:37,838 - application - DEBUG - after_request_time [__init__.py:46] - template (after_request): lists/model/photo.html.jinja
2024-12-21 14:40:37,851 - application - DEBUG - after_request_time [__init__.py:42] - Request to /static/defaults/generic_room.jpg took 0.0007641315460205078 seconds
2024-12-21 14:40:37,852 - application - DEBUG - after_request_time [__init__.py:44] - view (after_request): map
2024-12-21 14:40:37,852 - application - DEBUG - after_request_time [__init__.py:46] - template (after_request): None
2024-12-21 14:40:37,883 - application - DEBUG - after_request_time [__init__.py:42] - Request to /show_list/8 took 0.011483192443847656 seconds
2024-12-21 14:40:37,883 - application - DEBUG - after_request_time [__init__.py:44] - view (after_request): map
2024-12-21 14:40:37,884 - application - DEBUG - after_request_time [__init__.py:46] - template (after_request): lists/list.html.jinja
