2024-12-21 16:46:26,707 - application.list_utils - DEBUG - get_list_entries_for_item [list_utils.py:428] - found_entries for <Home 1>: [<UserListEntry 1>]
2024-12-21 16:46:26,712 - application.list_utils - DEBUG - get_list_entries_for_item [list_utils.py:436] - Entry: <UserListEntry 1>
2024-12-21 16:46:26,712 - application.list_utils - DEBUG - get_list_entries_for_item [list_utils.py:437] - Item Model: Home, Item ID: 1
2024-12-21 16:46:26,712 - application.list_utils - DEBUG - get_list_entries_for_item [list_utils.py:438] - User List ID: 1 User List Name: bob Homes
2024-12-21 16:46:26,713 - application.list_utils - DEBUG - get_list_entries_for_item [list_utils.py:439] - user: 1
2024-12-21 16:46:26,713 - application.list_utils - DEBUG - get_userlist [list_utils.py:308] - get_userlist(): item_model: Floor, list_name: None, parent_entry_id: 1
2024-12-21 16:46:26,721 - application.list_utils - DEBUG - get_userlist [list_utils.py:322] - lists found (model, parent): [<UserList 2>]
2024-12-21 16:46:26,721 - application.list_utils - DEBUG - get_userlist [list_utils.py:349] - len(lists) == 1: None Floor 1
2024-12-21 16:46:26,721 - application.list_utils - DEBUG - get_userlist [list_utils.py:368] - userlist.entries: [<UserListEntry 3>, <UserListEntry 4>, <UserListEntry 5>] List type: <class 'sqlalchemy.orm.collections.InstrumentedList'>
2024-12-21 16:46:26,721 - application.list_utils - DEBUG - get_userlist [list_utils.py:370] - List: test Floors, Order: 1
2024-12-21 16:46:26,721 - application.list_utils - DEBUG - get_userlist [list_utils.py:370] - List: test Floors, Order: 3
2024-12-21 16:46:26,722 - application.list_utils - DEBUG - get_userlist [list_utils.py:370] - List: test Floors, Order: 0
2024-12-21 16:46:26,761 - application.list_utils - DEBUG - get_userlists_by_parent [list_utils.py:271] - get_userlists_by_parent: lists found (parent_entry_id)3: [<UserList 3>]
2024-12-21 16:46:26,762 - application.list_utils - DEBUG - get_userlists_by_parent [list_utils.py:273] - get_userlists_by_parent: No lists found for parent_entry_id 4
2024-12-21 16:46:26,763 - application.list_utils - DEBUG - get_userlists_by_parent [list_utils.py:273] - get_userlists_by_parent: No lists found for parent_entry_id 5
2024-12-21 16:46:31,370 - application.list_utils - DEBUG - get_list_entries_for_item [list_utils.py:428] - found_entries for <Home 1>: [<UserListEntry 1>]
2024-12-21 16:46:31,371 - application.list_utils - DEBUG - get_list_entries_for_item [list_utils.py:436] - Entry: <UserListEntry 1>
2024-12-21 16:46:31,371 - application.list_utils - DEBUG - get_list_entries_for_item [list_utils.py:437] - Item Model: Home, Item ID: 1
2024-12-21 16:46:31,371 - application.list_utils - DEBUG - get_list_entries_for_item [list_utils.py:438] - User List ID: 1 User List Name: bob Homes
2024-12-21 16:46:31,371 - application.list_utils - DEBUG - get_list_entries_for_item [list_utils.py:439] - user: 1
2024-12-21 16:46:31,372 - application.list_utils - DEBUG - get_userlist [list_utils.py:308] - get_userlist(): item_model: Floor, list_name: test Floors, parent_entry_id: 1
2024-12-21 16:46:31,376 - application.list_utils - DEBUG - get_userlist [list_utils.py:314] - lists found (All args): [<UserList 2>]
2024-12-21 16:46:31,376 - application.list_utils - DEBUG - get_userlist [list_utils.py:349] - len(lists) == 1: test Floors Floor 1
2024-12-21 16:46:31,376 - application.list_utils - DEBUG - get_userlist [list_utils.py:368] - userlist.entries: [<UserListEntry 3>, <UserListEntry 4>, <UserListEntry 5>] List type: <class 'sqlalchemy.orm.collections.InstrumentedList'>
2024-12-21 16:46:31,376 - application.list_utils - DEBUG - get_userlist [list_utils.py:370] - List: test Floors, Order: 1
2024-12-21 16:46:31,377 - application.list_utils - DEBUG - get_userlist [list_utils.py:370] - List: test Floors, Order: 3
2024-12-21 16:46:31,377 - application.list_utils - DEBUG - get_userlist [list_utils.py:370] - List: test Floors, Order: 0
2024-12-21 16:46:31,379 - application.list_utils - DEBUG - add_item_to_list [list_utils.py:59] - add_item_to_list(): user_list_id: 2, item_model: Floor, item_id: None, order: 0, name: None
2024-12-21 16:46:31,379 - application.list_utils - DEBUG - create_new_default [list_utils.py:96] - create_new_default(): item_model: Floor, name: None
2024-12-21 16:46:31,379 - application.list_utils - DEBUG - create_new_default [list_utils.py:106] - name (create_new_default):  None
2024-12-21 16:46:31,385 - application.list_utils - DEBUG - set_default_floor_name [list_utils.py:555] - floor_count: 4
2024-12-21 16:46:31,788 - application.list_utils - DEBUG - get_list_entries_for_item [list_utils.py:428] - found_entries for <Home 1>: [<UserListEntry 1>]
2024-12-21 16:46:31,788 - application.list_utils - DEBUG - get_list_entries_for_item [list_utils.py:436] - Entry: <UserListEntry 1>
2024-12-21 16:46:31,789 - application.list_utils - DEBUG - get_list_entries_for_item [list_utils.py:437] - Item Model: Home, Item ID: 1
2024-12-21 16:46:31,789 - application.list_utils - DEBUG - get_list_entries_for_item [list_utils.py:438] - User List ID: 1 User List Name: bob Homes
2024-12-21 16:46:31,789 - application.list_utils - DEBUG - get_list_entries_for_item [list_utils.py:439] - user: 1
2024-12-21 16:46:31,789 - application.list_utils - DEBUG - get_userlist [list_utils.py:308] - get_userlist(): item_model: Floor, list_name: test Floors, parent_entry_id: 1
2024-12-21 16:46:31,791 - application.list_utils - DEBUG - get_userlist [list_utils.py:314] - lists found (All args): [<UserList 2>]
2024-12-21 16:46:31,791 - application.list_utils - DEBUG - get_userlist [list_utils.py:349] - len(lists) == 1: test Floors Floor 1
2024-12-21 16:46:31,791 - application.list_utils - DEBUG - get_userlist [list_utils.py:368] - userlist.entries: [<UserListEntry 3>, <UserListEntry 4>, <UserListEntry 5>, <UserListEntry 6>] List type: <class 'sqlalchemy.orm.collections.InstrumentedList'>
2024-12-21 16:46:31,791 - application.list_utils - DEBUG - get_userlist [list_utils.py:370] - List: test Floors, Order: 3
2024-12-21 16:46:31,792 - application.list_utils - DEBUG - get_userlist [list_utils.py:370] - List: test Floors, Order: 2
2024-12-21 16:46:31,792 - application.list_utils - DEBUG - get_userlist [list_utils.py:370] - List: test Floors, Order: 1
2024-12-21 16:46:31,792 - application.list_utils - DEBUG - get_userlist [list_utils.py:370] - List: test Floors, Order: 0
2024-12-21 16:46:31,792 - application.list_utils - DEBUG - add_item_to_list [list_utils.py:59] - add_item_to_list(): user_list_id: 2, item_model: Floor, item_id: None, order: 0, name: None
2024-12-21 16:46:31,793 - application.list_utils - DEBUG - create_new_default [list_utils.py:96] - create_new_default(): item_model: Floor, name: None
2024-12-21 16:46:31,793 - application.list_utils - DEBUG - create_new_default [list_utils.py:106] - name (create_new_default):  None
2024-12-21 16:46:31,794 - application.list_utils - DEBUG - set_default_floor_name [list_utils.py:555] - floor_count: 5
2024-12-21 16:46:38,239 - application.list_utils - DEBUG - get_list_entries_for_item [list_utils.py:428] - found_entries for <Home 1>: [<UserListEntry 1>]
2024-12-21 16:46:38,240 - application.list_utils - DEBUG - get_list_entries_for_item [list_utils.py:436] - Entry: <UserListEntry 1>
2024-12-21 16:46:38,240 - application.list_utils - DEBUG - get_list_entries_for_item [list_utils.py:437] - Item Model: Home, Item ID: 1
2024-12-21 16:46:38,240 - application.list_utils - DEBUG - get_list_entries_for_item [list_utils.py:438] - User List ID: 1 User List Name: bob Homes
2024-12-21 16:46:38,240 - application.list_utils - DEBUG - get_list_entries_for_item [list_utils.py:439] - user: 1
2024-12-21 16:46:38,240 - application.list_utils - DEBUG - get_userlist [list_utils.py:308] - get_userlist(): item_model: Floor, list_name: None, parent_entry_id: 1
2024-12-21 16:46:38,241 - application.list_utils - DEBUG - get_userlist [list_utils.py:322] - lists found (model, parent): [<UserList 2>]
2024-12-21 16:46:38,241 - application.list_utils - DEBUG - get_userlist [list_utils.py:349] - len(lists) == 1: None Floor 1
2024-12-21 16:46:38,242 - application.list_utils - DEBUG - get_userlist [list_utils.py:368] - userlist.entries: [<UserListEntry 3>, <UserListEntry 4>, <UserListEntry 5>, <UserListEntry 6>, <UserListEntry 7>] List type: <class 'sqlalchemy.orm.collections.InstrumentedList'>
2024-12-21 16:46:38,242 - application.list_utils - DEBUG - get_userlist [list_utils.py:370] - List: test Floors, Order: 4
2024-12-21 16:46:38,242 - application.list_utils - DEBUG - get_userlist [list_utils.py:370] - List: test Floors, Order: 3
2024-12-21 16:46:38,242 - application.list_utils - DEBUG - get_userlist [list_utils.py:370] - List: test Floors, Order: 2
2024-12-21 16:46:38,243 - application.list_utils - DEBUG - get_userlist [list_utils.py:370] - List: test Floors, Order: 1
2024-12-21 16:46:38,243 - application.list_utils - DEBUG - get_userlist [list_utils.py:370] - List: test Floors, Order: 0
2024-12-21 16:46:38,244 - application.list_utils - DEBUG - get_userlists_by_parent [list_utils.py:271] - get_userlists_by_parent: lists found (parent_entry_id)3: [<UserList 3>]
2024-12-21 16:46:38,245 - application.list_utils - DEBUG - get_userlists_by_parent [list_utils.py:273] - get_userlists_by_parent: No lists found for parent_entry_id 4
2024-12-21 16:46:38,245 - application.list_utils - DEBUG - get_userlists_by_parent [list_utils.py:273] - get_userlists_by_parent: No lists found for parent_entry_id 5
2024-12-21 16:46:38,246 - application.list_utils - DEBUG - get_userlists_by_parent [list_utils.py:273] - get_userlists_by_parent: No lists found for parent_entry_id 6
2024-12-21 16:46:38,247 - application.list_utils - DEBUG - get_userlists_by_parent [list_utils.py:273] - get_userlists_by_parent: No lists found for parent_entry_id 7
2024-12-21 16:46:39,157 - application.list_utils - DEBUG - get_list_entries_for_item [list_utils.py:428] - found_entries for <Home 1>: [<UserListEntry 1>]
2024-12-21 16:46:39,158 - application.list_utils - DEBUG - get_list_entries_for_item [list_utils.py:436] - Entry: <UserListEntry 1>
2024-12-21 16:46:39,158 - application.list_utils - DEBUG - get_list_entries_for_item [list_utils.py:437] - Item Model: Home, Item ID: 1
2024-12-21 16:46:39,159 - application.list_utils - DEBUG - get_list_entries_for_item [list_utils.py:438] - User List ID: 1 User List Name: bob Homes
2024-12-21 16:46:39,159 - application.list_utils - DEBUG - get_list_entries_for_item [list_utils.py:439] - user: 1
2024-12-21 16:46:39,159 - application.list_utils - DEBUG - get_userlist [list_utils.py:308] - get_userlist(): item_model: Floor, list_name: None, parent_entry_id: 1
2024-12-21 16:46:39,160 - application.list_utils - DEBUG - get_userlist [list_utils.py:322] - lists found (model, parent): [<UserList 2>]
2024-12-21 16:46:39,161 - application.list_utils - DEBUG - get_userlist [list_utils.py:349] - len(lists) == 1: None Floor 1
2024-12-21 16:46:39,161 - application.list_utils - DEBUG - get_userlist [list_utils.py:368] - userlist.entries: [<UserListEntry 3>, <UserListEntry 4>, <UserListEntry 5>, <UserListEntry 6>, <UserListEntry 7>] List type: <class 'sqlalchemy.orm.collections.InstrumentedList'>
2024-12-21 16:46:39,161 - application.list_utils - DEBUG - get_userlist [list_utils.py:370] - List: test Floors, Order: 4
2024-12-21 16:46:39,161 - application.list_utils - DEBUG - get_userlist [list_utils.py:370] - List: test Floors, Order: 3
2024-12-21 16:46:39,161 - application.list_utils - DEBUG - get_userlist [list_utils.py:370] - List: test Floors, Order: 2
2024-12-21 16:46:39,162 - application.list_utils - DEBUG - get_userlist [list_utils.py:370] - List: test Floors, Order: 1
2024-12-21 16:46:39,162 - application.list_utils - DEBUG - get_userlist [list_utils.py:370] - List: test Floors, Order: 0
2024-12-21 16:46:39,163 - application.list_utils - DEBUG - get_userlists_by_parent [list_utils.py:271] - get_userlists_by_parent: lists found (parent_entry_id)3: [<UserList 3>]
2024-12-21 16:46:39,164 - application.list_utils - DEBUG - get_userlists_by_parent [list_utils.py:273] - get_userlists_by_parent: No lists found for parent_entry_id 4
2024-12-21 16:46:39,164 - application.list_utils - DEBUG - get_userlists_by_parent [list_utils.py:273] - get_userlists_by_parent: No lists found for parent_entry_id 5
2024-12-21 16:46:39,165 - application.list_utils - DEBUG - get_userlists_by_parent [list_utils.py:273] - get_userlists_by_parent: No lists found for parent_entry_id 6
2024-12-21 16:46:39,166 - application.list_utils - DEBUG - get_userlists_by_parent [list_utils.py:273] - get_userlists_by_parent: No lists found for parent_entry_id 7
2024-12-21 16:46:39,840 - application.list_utils - DEBUG - get_list_entries_for_item [list_utils.py:428] - found_entries for <Home 1>: [<UserListEntry 1>]
2024-12-21 16:46:39,840 - application.list_utils - DEBUG - get_list_entries_for_item [list_utils.py:436] - Entry: <UserListEntry 1>
2024-12-21 16:46:39,841 - application.list_utils - DEBUG - get_list_entries_for_item [list_utils.py:437] - Item Model: Home, Item ID: 1
2024-12-21 16:46:39,841 - application.list_utils - DEBUG - get_list_entries_for_item [list_utils.py:438] - User List ID: 1 User List Name: bob Homes
2024-12-21 16:46:39,841 - application.list_utils - DEBUG - get_list_entries_for_item [list_utils.py:439] - user: 1
2024-12-21 16:46:39,841 - application.list_utils - DEBUG - get_userlist [list_utils.py:308] - get_userlist(): item_model: Floor, list_name: None, parent_entry_id: 1
2024-12-21 16:46:39,842 - application.list_utils - DEBUG - get_userlist [list_utils.py:322] - lists found (model, parent): [<UserList 2>]
2024-12-21 16:46:39,842 - application.list_utils - DEBUG - get_userlist [list_utils.py:349] - len(lists) == 1: None Floor 1
2024-12-21 16:46:39,843 - application.list_utils - DEBUG - get_userlist [list_utils.py:368] - userlist.entries: [<UserListEntry 3>, <UserListEntry 4>, <UserListEntry 5>, <UserListEntry 6>, <UserListEntry 7>] List type: <class 'sqlalchemy.orm.collections.InstrumentedList'>
2024-12-21 16:46:39,843 - application.list_utils - DEBUG - get_userlist [list_utils.py:370] - List: test Floors, Order: 4
2024-12-21 16:46:39,843 - application.list_utils - DEBUG - get_userlist [list_utils.py:370] - List: test Floors, Order: 3
2024-12-21 16:46:39,843 - application.list_utils - DEBUG - get_userlist [list_utils.py:370] - List: test Floors, Order: 2
2024-12-21 16:46:39,843 - application.list_utils - DEBUG - get_userlist [list_utils.py:370] - List: test Floors, Order: 1
2024-12-21 16:46:39,843 - application.list_utils - DEBUG - get_userlist [list_utils.py:370] - List: test Floors, Order: 0
2024-12-21 16:46:39,844 - application.list_utils - DEBUG - get_userlists_by_parent [list_utils.py:271] - get_userlists_by_parent: lists found (parent_entry_id)3: [<UserList 3>]
2024-12-21 16:46:39,845 - application.list_utils - DEBUG - get_userlists_by_parent [list_utils.py:273] - get_userlists_by_parent: No lists found for parent_entry_id 4
2024-12-21 16:46:39,846 - application.list_utils - DEBUG - get_userlists_by_parent [list_utils.py:273] - get_userlists_by_parent: No lists found for parent_entry_id 5
2024-12-21 16:46:39,847 - application.list_utils - DEBUG - get_userlists_by_parent [list_utils.py:273] - get_userlists_by_parent: No lists found for parent_entry_id 6
2024-12-21 16:46:39,849 - application.list_utils - DEBUG - get_userlists_by_parent [list_utils.py:273] - get_userlists_by_parent: No lists found for parent_entry_id 7
2024-12-21 16:46:40,203 - application.list_utils - DEBUG - get_list_entries_for_item [list_utils.py:428] - found_entries for <Home 1>: [<UserListEntry 1>]
2024-12-21 16:46:40,203 - application.list_utils - DEBUG - get_list_entries_for_item [list_utils.py:436] - Entry: <UserListEntry 1>
2024-12-21 16:46:40,203 - application.list_utils - DEBUG - get_list_entries_for_item [list_utils.py:437] - Item Model: Home, Item ID: 1
2024-12-21 16:46:40,204 - application.list_utils - DEBUG - get_list_entries_for_item [list_utils.py:438] - User List ID: 1 User List Name: bob Homes
2024-12-21 16:46:40,204 - application.list_utils - DEBUG - get_list_entries_for_item [list_utils.py:439] - user: 1
2024-12-21 16:46:40,204 - application.list_utils - DEBUG - get_userlist [list_utils.py:308] - get_userlist(): item_model: Floor, list_name: None, parent_entry_id: 1
2024-12-21 16:46:40,205 - application.list_utils - DEBUG - get_userlist [list_utils.py:322] - lists found (model, parent): [<UserList 2>]
2024-12-21 16:46:40,205 - application.list_utils - DEBUG - get_userlist [list_utils.py:349] - len(lists) == 1: None Floor 1
2024-12-21 16:46:40,205 - application.list_utils - DEBUG - get_userlist [list_utils.py:368] - userlist.entries: [<UserListEntry 3>, <UserListEntry 4>, <UserListEntry 5>, <UserListEntry 6>, <UserListEntry 7>] List type: <class 'sqlalchemy.orm.collections.InstrumentedList'>
2024-12-21 16:46:40,205 - application.list_utils - DEBUG - get_userlist [list_utils.py:370] - List: test Floors, Order: 4
2024-12-21 16:46:40,205 - application.list_utils - DEBUG - get_userlist [list_utils.py:370] - List: test Floors, Order: 3
2024-12-21 16:46:40,206 - application.list_utils - DEBUG - get_userlist [list_utils.py:370] - List: test Floors, Order: 2
2024-12-21 16:46:40,206 - application.list_utils - DEBUG - get_userlist [list_utils.py:370] - List: test Floors, Order: 1
2024-12-21 16:46:40,206 - application.list_utils - DEBUG - get_userlist [list_utils.py:370] - List: test Floors, Order: 0
2024-12-21 16:46:40,207 - application.list_utils - DEBUG - get_userlists_by_parent [list_utils.py:271] - get_userlists_by_parent: lists found (parent_entry_id)3: [<UserList 3>]
2024-12-21 16:46:40,207 - application.list_utils - DEBUG - get_userlists_by_parent [list_utils.py:273] - get_userlists_by_parent: No lists found for parent_entry_id 4
2024-12-21 16:46:40,208 - application.list_utils - DEBUG - get_userlists_by_parent [list_utils.py:273] - get_userlists_by_parent: No lists found for parent_entry_id 5
2024-12-21 16:46:40,210 - application.list_utils - DEBUG - get_userlists_by_parent [list_utils.py:273] - get_userlists_by_parent: No lists found for parent_entry_id 6
2024-12-21 16:46:40,210 - application.list_utils - DEBUG - get_userlists_by_parent [list_utils.py:273] - get_userlists_by_parent: No lists found for parent_entry_id 7
2024-12-21 16:46:40,485 - application.list_utils - DEBUG - get_list_entries_for_item [list_utils.py:428] - found_entries for <Home 1>: [<UserListEntry 1>]
2024-12-21 16:46:40,486 - application.list_utils - DEBUG - get_list_entries_for_item [list_utils.py:436] - Entry: <UserListEntry 1>
2024-12-21 16:46:40,486 - application.list_utils - DEBUG - get_list_entries_for_item [list_utils.py:437] - Item Model: Home, Item ID: 1
2024-12-21 16:46:40,486 - application.list_utils - DEBUG - get_list_entries_for_item [list_utils.py:438] - User List ID: 1 User List Name: bob Homes
2024-12-21 16:46:40,486 - application.list_utils - DEBUG - get_list_entries_for_item [list_utils.py:439] - user: 1
2024-12-21 16:46:40,486 - application.list_utils - DEBUG - get_userlist [list_utils.py:308] - get_userlist(): item_model: Floor, list_name: None, parent_entry_id: 1
2024-12-21 16:46:40,487 - application.list_utils - DEBUG - get_userlist [list_utils.py:322] - lists found (model, parent): [<UserList 2>]
2024-12-21 16:46:40,487 - application.list_utils - DEBUG - get_userlist [list_utils.py:349] - len(lists) == 1: None Floor 1
2024-12-21 16:46:40,488 - application.list_utils - DEBUG - get_userlist [list_utils.py:368] - userlist.entries: [<UserListEntry 3>, <UserListEntry 4>, <UserListEntry 5>, <UserListEntry 6>, <UserListEntry 7>] List type: <class 'sqlalchemy.orm.collections.InstrumentedList'>
2024-12-21 16:46:40,488 - application.list_utils - DEBUG - get_userlist [list_utils.py:370] - List: test Floors, Order: 4
2024-12-21 16:46:40,488 - application.list_utils - DEBUG - get_userlist [list_utils.py:370] - List: test Floors, Order: 3
2024-12-21 16:46:40,488 - application.list_utils - DEBUG - get_userlist [list_utils.py:370] - List: test Floors, Order: 2
2024-12-21 16:46:40,488 - application.list_utils - DEBUG - get_userlist [list_utils.py:370] - List: test Floors, Order: 1
2024-12-21 16:46:40,488 - application.list_utils - DEBUG - get_userlist [list_utils.py:370] - List: test Floors, Order: 0
2024-12-21 16:46:40,489 - application.list_utils - DEBUG - get_userlists_by_parent [list_utils.py:271] - get_userlists_by_parent: lists found (parent_entry_id)3: [<UserList 3>]
2024-12-21 16:46:40,490 - application.list_utils - DEBUG - get_userlists_by_parent [list_utils.py:273] - get_userlists_by_parent: No lists found for parent_entry_id 4
2024-12-21 16:46:40,491 - application.list_utils - DEBUG - get_userlists_by_parent [list_utils.py:273] - get_userlists_by_parent: No lists found for parent_entry_id 5
2024-12-21 16:46:40,492 - application.list_utils - DEBUG - get_userlists_by_parent [list_utils.py:273] - get_userlists_by_parent: No lists found for parent_entry_id 6
2024-12-21 16:46:40,493 - application.list_utils - DEBUG - get_userlists_by_parent [list_utils.py:273] - get_userlists_by_parent: No lists found for parent_entry_id 7
2024-12-21 16:46:40,700 - application.list_utils - DEBUG - get_list_entries_for_item [list_utils.py:428] - found_entries for <Home 1>: [<UserListEntry 1>]
2024-12-21 16:46:40,701 - application.list_utils - DEBUG - get_list_entries_for_item [list_utils.py:436] - Entry: <UserListEntry 1>
2024-12-21 16:46:40,701 - application.list_utils - DEBUG - get_list_entries_for_item [list_utils.py:437] - Item Model: Home, Item ID: 1
2024-12-21 16:46:40,701 - application.list_utils - DEBUG - get_list_entries_for_item [list_utils.py:438] - User List ID: 1 User List Name: bob Homes
2024-12-21 16:46:40,701 - application.list_utils - DEBUG - get_list_entries_for_item [list_utils.py:439] - user: 1
2024-12-21 16:46:40,701 - application.list_utils - DEBUG - get_userlist [list_utils.py:308] - get_userlist(): item_model: Floor, list_name: None, parent_entry_id: 1
2024-12-21 16:46:40,702 - application.list_utils - DEBUG - get_userlist [list_utils.py:322] - lists found (model, parent): [<UserList 2>]
2024-12-21 16:46:40,702 - application.list_utils - DEBUG - get_userlist [list_utils.py:349] - len(lists) == 1: None Floor 1
2024-12-21 16:46:40,702 - application.list_utils - DEBUG - get_userlist [list_utils.py:368] - userlist.entries: [<UserListEntry 3>, <UserListEntry 4>, <UserListEntry 5>, <UserListEntry 6>, <UserListEntry 7>] List type: <class 'sqlalchemy.orm.collections.InstrumentedList'>
2024-12-21 16:46:40,703 - application.list_utils - DEBUG - get_userlist [list_utils.py:370] - List: test Floors, Order: 4
2024-12-21 16:46:40,703 - application.list_utils - DEBUG - get_userlist [list_utils.py:370] - List: test Floors, Order: 3
2024-12-21 16:46:40,703 - application.list_utils - DEBUG - get_userlist [list_utils.py:370] - List: test Floors, Order: 2
2024-12-21 16:46:40,703 - application.list_utils - DEBUG - get_userlist [list_utils.py:370] - List: test Floors, Order: 1
2024-12-21 16:46:40,703 - application.list_utils - DEBUG - get_userlist [list_utils.py:370] - List: test Floors, Order: 0
2024-12-21 16:46:40,704 - application.list_utils - DEBUG - get_userlists_by_parent [list_utils.py:271] - get_userlists_by_parent: lists found (parent_entry_id)3: [<UserList 3>]
2024-12-21 16:46:40,705 - application.list_utils - DEBUG - get_userlists_by_parent [list_utils.py:273] - get_userlists_by_parent: No lists found for parent_entry_id 4
2024-12-21 16:46:40,706 - application.list_utils - DEBUG - get_userlists_by_parent [list_utils.py:273] - get_userlists_by_parent: No lists found for parent_entry_id 5
2024-12-21 16:46:40,707 - application.list_utils - DEBUG - get_userlists_by_parent [list_utils.py:273] - get_userlists_by_parent: No lists found for parent_entry_id 6
2024-12-21 16:46:40,707 - application.list_utils - DEBUG - get_userlists_by_parent [list_utils.py:273] - get_userlists_by_parent: No lists found for parent_entry_id 7
2024-12-21 16:46:40,949 - application.list_utils - DEBUG - get_list_entries_for_item [list_utils.py:428] - found_entries for <Home 1>: [<UserListEntry 1>]
2024-12-21 16:46:40,950 - application.list_utils - DEBUG - get_list_entries_for_item [list_utils.py:436] - Entry: <UserListEntry 1>
2024-12-21 16:46:40,950 - application.list_utils - DEBUG - get_list_entries_for_item [list_utils.py:437] - Item Model: Home, Item ID: 1
2024-12-21 16:46:40,950 - application.list_utils - DEBUG - get_list_entries_for_item [list_utils.py:438] - User List ID: 1 User List Name: bob Homes
2024-12-21 16:46:40,950 - application.list_utils - DEBUG - get_list_entries_for_item [list_utils.py:439] - user: 1
2024-12-21 16:46:40,951 - application.list_utils - DEBUG - get_userlist [list_utils.py:308] - get_userlist(): item_model: Floor, list_name: None, parent_entry_id: 1
2024-12-21 16:46:40,952 - application.list_utils - DEBUG - get_userlist [list_utils.py:322] - lists found (model, parent): [<UserList 2>]
2024-12-21 16:46:40,952 - application.list_utils - DEBUG - get_userlist [list_utils.py:349] - len(lists) == 1: None Floor 1
2024-12-21 16:46:40,952 - application.list_utils - DEBUG - get_userlist [list_utils.py:368] - userlist.entries: [<UserListEntry 3>, <UserListEntry 4>, <UserListEntry 5>, <UserListEntry 6>, <UserListEntry 7>] List type: <class 'sqlalchemy.orm.collections.InstrumentedList'>
2024-12-21 16:46:40,952 - application.list_utils - DEBUG - get_userlist [list_utils.py:370] - List: test Floors, Order: 4
2024-12-21 16:46:40,952 - application.list_utils - DEBUG - get_userlist [list_utils.py:370] - List: test Floors, Order: 3
2024-12-21 16:46:40,952 - application.list_utils - DEBUG - get_userlist [list_utils.py:370] - List: test Floors, Order: 2
2024-12-21 16:46:40,953 - application.list_utils - DEBUG - get_userlist [list_utils.py:370] - List: test Floors, Order: 1
2024-12-21 16:46:40,953 - application.list_utils - DEBUG - get_userlist [list_utils.py:370] - List: test Floors, Order: 0
2024-12-21 16:46:40,954 - application.list_utils - DEBUG - get_userlists_by_parent [list_utils.py:271] - get_userlists_by_parent: lists found (parent_entry_id)3: [<UserList 3>]
2024-12-21 16:46:40,954 - application.list_utils - DEBUG - get_userlists_by_parent [list_utils.py:273] - get_userlists_by_parent: No lists found for parent_entry_id 4
2024-12-21 16:46:40,955 - application.list_utils - DEBUG - get_userlists_by_parent [list_utils.py:273] - get_userlists_by_parent: No lists found for parent_entry_id 5
2024-12-21 16:46:40,956 - application.list_utils - DEBUG - get_userlists_by_parent [list_utils.py:273] - get_userlists_by_parent: No lists found for parent_entry_id 6
2024-12-21 16:46:40,956 - application.list_utils - DEBUG - get_userlists_by_parent [list_utils.py:273] - get_userlists_by_parent: No lists found for parent_entry_id 7
2024-12-21 16:48:22,935 - application.list_utils - DEBUG - get_list_entries_for_item [list_utils.py:428] - found_entries for <Home 1>: [<UserListEntry 1>]
2024-12-21 16:48:22,935 - application.list_utils - DEBUG - get_list_entries_for_item [list_utils.py:436] - Entry: <UserListEntry 1>
2024-12-21 16:48:22,936 - application.list_utils - DEBUG - get_list_entries_for_item [list_utils.py:437] - Item Model: Home, Item ID: 1
2024-12-21 16:48:22,936 - application.list_utils - DEBUG - get_list_entries_for_item [list_utils.py:438] - User List ID: 1 User List Name: bob Homes
2024-12-21 16:48:22,936 - application.list_utils - DEBUG - get_list_entries_for_item [list_utils.py:439] - user: 1
2024-12-21 16:48:22,936 - application.list_utils - DEBUG - get_userlist [list_utils.py:308] - get_userlist(): item_model: Floor, list_name: None, parent_entry_id: 1
2024-12-21 16:48:22,937 - application.list_utils - DEBUG - get_userlist [list_utils.py:322] - lists found (model, parent): [<UserList 2>]
2024-12-21 16:48:22,937 - application.list_utils - DEBUG - get_userlist [list_utils.py:349] - len(lists) == 1: None Floor 1
2024-12-21 16:48:22,937 - application.list_utils - DEBUG - get_userlist [list_utils.py:368] - userlist.entries: [<UserListEntry 3>, <UserListEntry 4>, <UserListEntry 5>, <UserListEntry 6>, <UserListEntry 7>] List type: <class 'sqlalchemy.orm.collections.InstrumentedList'>
2024-12-21 16:48:22,937 - application.list_utils - DEBUG - get_userlist [list_utils.py:370] - List: test Floors, Order: 4
2024-12-21 16:48:22,938 - application.list_utils - DEBUG - get_userlist [list_utils.py:370] - List: test Floors, Order: 3
2024-12-21 16:48:22,938 - application.list_utils - DEBUG - get_userlist [list_utils.py:370] - List: test Floors, Order: 2
2024-12-21 16:48:22,938 - application.list_utils - DEBUG - get_userlist [list_utils.py:370] - List: test Floors, Order: 1
2024-12-21 16:48:22,938 - application.list_utils - DEBUG - get_userlist [list_utils.py:370] - List: test Floors, Order: 0
2024-12-21 16:48:22,939 - application.list_utils - DEBUG - get_userlists_by_parent [list_utils.py:271] - get_userlists_by_parent: lists found (parent_entry_id)3: [<UserList 3>]
2024-12-21 16:48:22,940 - application.list_utils - DEBUG - get_userlists_by_parent [list_utils.py:273] - get_userlists_by_parent: No lists found for parent_entry_id 4
2024-12-21 16:48:22,941 - application.list_utils - DEBUG - get_userlists_by_parent [list_utils.py:273] - get_userlists_by_parent: No lists found for parent_entry_id 5
2024-12-21 16:48:22,941 - application.list_utils - DEBUG - get_userlists_by_parent [list_utils.py:273] - get_userlists_by_parent: No lists found for parent_entry_id 6
2024-12-21 16:48:22,942 - application.list_utils - DEBUG - get_userlists_by_parent [list_utils.py:273] - get_userlists_by_parent: No lists found for parent_entry_id 7
2024-12-21 16:48:50,831 - application.list_utils - DEBUG - get_list_entries_for_item [list_utils.py:428] - found_entries for <Home 1>: [<UserListEntry 1>]
2024-12-21 16:48:50,833 - application.list_utils - DEBUG - get_list_entries_for_item [list_utils.py:436] - Entry: <UserListEntry 1>
2024-12-21 16:48:50,833 - application.list_utils - DEBUG - get_list_entries_for_item [list_utils.py:437] - Item Model: Home, Item ID: 1
2024-12-21 16:48:50,833 - application.list_utils - DEBUG - get_list_entries_for_item [list_utils.py:438] - User List ID: 1 User List Name: bob Homes
2024-12-21 16:48:50,833 - application.list_utils - DEBUG - get_list_entries_for_item [list_utils.py:439] - user: 1
2024-12-21 16:48:50,834 - application.list_utils - DEBUG - get_userlist [list_utils.py:308] - get_userlist(): item_model: Floor, list_name: None, parent_entry_id: 1
2024-12-21 16:48:50,835 - application.list_utils - DEBUG - get_userlist [list_utils.py:322] - lists found (model, parent): [<UserList 2>]
2024-12-21 16:48:50,836 - application.list_utils - DEBUG - get_userlist [list_utils.py:349] - len(lists) == 1: None Floor 1
2024-12-21 16:48:50,836 - application.list_utils - DEBUG - get_userlist [list_utils.py:368] - userlist.entries: [<UserListEntry 3>, <UserListEntry 4>, <UserListEntry 5>, <UserListEntry 6>, <UserListEntry 7>] List type: <class 'sqlalchemy.orm.collections.InstrumentedList'>
2024-12-21 16:48:50,836 - application.list_utils - DEBUG - get_userlist [list_utils.py:370] - List: test Floors, Order: 1
2024-12-21 16:48:50,837 - application.list_utils - DEBUG - get_userlist [list_utils.py:370] - List: test Floors, Order: 4
2024-12-21 16:48:50,837 - application.list_utils - DEBUG - get_userlist [list_utils.py:370] - List: test Floors, Order: 3
2024-12-21 16:48:50,837 - application.list_utils - DEBUG - get_userlist [list_utils.py:370] - List: test Floors, Order: 2
2024-12-21 16:48:50,837 - application.list_utils - DEBUG - get_userlist [list_utils.py:370] - List: test Floors, Order: 0
2024-12-21 16:48:50,838 - application.list_utils - DEBUG - get_userlists_by_parent [list_utils.py:271] - get_userlists_by_parent: lists found (parent_entry_id)3: [<UserList 3>]
2024-12-21 16:48:50,839 - application.list_utils - DEBUG - get_userlists_by_parent [list_utils.py:273] - get_userlists_by_parent: No lists found for parent_entry_id 4
2024-12-21 16:48:50,839 - application.list_utils - DEBUG - get_userlists_by_parent [list_utils.py:273] - get_userlists_by_parent: No lists found for parent_entry_id 5
2024-12-21 16:48:50,840 - application.list_utils - DEBUG - get_userlists_by_parent [list_utils.py:273] - get_userlists_by_parent: No lists found for parent_entry_id 6
2024-12-21 16:48:50,841 - application.list_utils - DEBUG - get_userlists_by_parent [list_utils.py:273] - get_userlists_by_parent: No lists found for parent_entry_id 7
2024-12-21 16:48:59,149 - application.list_utils - DEBUG - get_list_entries_for_item [list_utils.py:428] - found_entries for <Home 1>: [<UserListEntry 1>]
2024-12-21 16:48:59,151 - application.list_utils - DEBUG - get_list_entries_for_item [list_utils.py:436] - Entry: <UserListEntry 1>
2024-12-21 16:48:59,151 - application.list_utils - DEBUG - get_list_entries_for_item [list_utils.py:437] - Item Model: Home, Item ID: 1
2024-12-21 16:48:59,152 - application.list_utils - DEBUG - get_list_entries_for_item [list_utils.py:438] - User List ID: 1 User List Name: bob Homes
2024-12-21 16:48:59,152 - application.list_utils - DEBUG - get_list_entries_for_item [list_utils.py:439] - user: 1
2024-12-21 16:48:59,152 - application.list_utils - DEBUG - get_userlist [list_utils.py:308] - get_userlist(): item_model: Floor, list_name: None, parent_entry_id: 1
2024-12-21 16:48:59,153 - application.list_utils - DEBUG - get_userlist [list_utils.py:322] - lists found (model, parent): [<UserList 2>]
2024-12-21 16:48:59,154 - application.list_utils - DEBUG - get_userlist [list_utils.py:349] - len(lists) == 1: None Floor 1
2024-12-21 16:48:59,154 - application.list_utils - DEBUG - get_userlist [list_utils.py:368] - userlist.entries: [<UserListEntry 3>, <UserListEntry 4>, <UserListEntry 5>, <UserListEntry 6>, <UserListEntry 7>] List type: <class 'sqlalchemy.orm.collections.InstrumentedList'>
2024-12-21 16:48:59,154 - application.list_utils - DEBUG - get_userlist [list_utils.py:370] - List: test Floors, Order: 1
2024-12-21 16:48:59,154 - application.list_utils - DEBUG - get_userlist [list_utils.py:370] - List: test Floors, Order: 4
2024-12-21 16:48:59,155 - application.list_utils - DEBUG - get_userlist [list_utils.py:370] - List: test Floors, Order: 3
2024-12-21 16:48:59,155 - application.list_utils - DEBUG - get_userlist [list_utils.py:370] - List: test Floors, Order: 2
2024-12-21 16:48:59,155 - application.list_utils - DEBUG - get_userlist [list_utils.py:370] - List: test Floors, Order: 0
2024-12-21 16:48:59,156 - application.list_utils - DEBUG - get_userlists_by_parent [list_utils.py:271] - get_userlists_by_parent: lists found (parent_entry_id)3: [<UserList 3>]
2024-12-21 16:48:59,157 - application.list_utils - DEBUG - get_userlists_by_parent [list_utils.py:273] - get_userlists_by_parent: No lists found for parent_entry_id 4
2024-12-21 16:48:59,157 - application.list_utils - DEBUG - get_userlists_by_parent [list_utils.py:273] - get_userlists_by_parent: No lists found for parent_entry_id 5
2024-12-21 16:48:59,158 - application.list_utils - DEBUG - get_userlists_by_parent [list_utils.py:273] - get_userlists_by_parent: No lists found for parent_entry_id 6
2024-12-21 16:48:59,159 - application.list_utils - DEBUG - get_userlists_by_parent [list_utils.py:273] - get_userlists_by_parent: No lists found for parent_entry_id 7
