2024-12-24 15:03:58,956 - logs.logging_config - DEBUG - configure_logging [logging_config.py:178] - Application logging configured
2024-12-24 15:03:58,958 - logs.logging_config - INFO - configure_logging [logging_config.py:187] - Application started in production environment
2024-12-24 15:03:58,959 - application - DEBUG - create_app [__init__.py:28] - test2
2024-12-24 15:03:59,873 - application - DEBUG - after_request_time [__init__.py:42] - Request to / took 0.013391256332397461 seconds
2024-12-24 15:03:59,873 - application - DEBUG - after_request_time [__init__.py:44] - view (after_request): room
2024-12-24 15:03:59,874 - application - DEBUG - after_request_time [__init__.py:46] - template (after_request): None
2024-12-24 15:04:00,118 - application - DEBUG - after_request_time [__init__.py:42] - Request to /map/ took 0.18717002868652344 seconds
2024-12-24 15:04:00,119 - application - DEBUG - after_request_time [__init__.py:44] - view (after_request): map
2024-12-24 15:04:00,119 - application - DEBUG - after_request_time [__init__.py:46] - template (after_request): map/index.html.jinja
2024-12-24 15:04:00,215 - application - DEBUG - after_request_time [__init__.py:42] - Request to /static/js/bundle.js took 0.0052051544189453125 seconds
2024-12-24 15:04:00,215 - application - DEBUG - after_request_time [__init__.py:44] - view (after_request): map
2024-12-24 15:04:00,215 - application - DEBUG - after_request_time [__init__.py:46] - template (after_request): None
2024-12-24 15:04:00,596 - application - DEBUG - after_request_time [__init__.py:42] - Request to /show_list/ took 0.21743512153625488 seconds
2024-12-24 15:04:00,598 - application - DEBUG - after_request_time [__init__.py:44] - view (after_request): map
2024-12-24 15:04:00,599 - application - DEBUG - after_request_time [__init__.py:46] - template (after_request): lists/list.html.jinja
2024-12-24 15:04:00,646 - application - DEBUG - after_request_time [__init__.py:42] - Request to /show_list/ took 0.2610280513763428 seconds
2024-12-24 15:04:00,663 - application - DEBUG - after_request_time [__init__.py:44] - view (after_request): map
2024-12-24 15:04:00,674 - application - DEBUG - after_request_time [__init__.py:46] - template (after_request): lists/list.html.jinja
2024-12-24 15:04:00,826 - application - DEBUG - after_request_time [__init__.py:42] - Request to /show_list/ took 0.43819594383239746 seconds
2024-12-24 15:04:00,826 - application - DEBUG - after_request_time [__init__.py:44] - view (after_request): map
2024-12-24 15:04:00,826 - application - DEBUG - after_request_time [__init__.py:46] - template (after_request): lists/list.html.jinja
2024-12-24 15:04:00,900 - application - DEBUG - after_request_time [__init__.py:42] - Request to /show_photo_entry/1 took 0.11993622779846191 seconds
2024-12-24 15:04:00,900 - application - DEBUG - after_request_time [__init__.py:44] - view (after_request): map
2024-12-24 15:04:00,900 - application - DEBUG - after_request_time [__init__.py:46] - template (after_request): lists/model/photo.html.jinja
2024-12-24 15:04:00,923 - application - DEBUG - after_request_time [__init__.py:42] - Request to /static/defaults/generic_room.webp took 0.0012791156768798828 seconds
2024-12-24 15:04:00,923 - application - DEBUG - after_request_time [__init__.py:44] - view (after_request): map
2024-12-24 15:04:00,924 - application - DEBUG - after_request_time [__init__.py:46] - template (after_request): None
2024-12-24 15:04:01,043 - application - DEBUG - after_request_time [__init__.py:42] - Request to /show_list/7 took 0.07108497619628906 seconds
2024-12-24 15:04:01,043 - application - DEBUG - after_request_time [__init__.py:44] - view (after_request): map
2024-12-24 15:04:01,044 - application - DEBUG - after_request_time [__init__.py:46] - template (after_request): lists/list.html.jinja
2024-12-24 15:04:02,874 - application - DEBUG - after_request_time [__init__.py:42] - Request to /walkthrough/1 took 0.008550882339477539 seconds
2024-12-24 15:04:02,874 - application - DEBUG - after_request_time [__init__.py:44] - view (after_request): None
2024-12-24 15:04:02,875 - application - DEBUG - after_request_time [__init__.py:46] - template (after_request): None
2024-12-24 15:04:02,909 - application - DEBUG - after_request_time [__init__.py:42] - Request to /walkthrough/steps took 0.009109973907470703 seconds
2024-12-24 15:04:02,910 - application - DEBUG - after_request_time [__init__.py:44] - view (after_request): None
2024-12-24 15:04:02,910 - application - DEBUG - after_request_time [__init__.py:46] - template (after_request): walkthrough/index.html.jinja
2024-12-24 15:04:03,106 - application - DEBUG - after_request_time [__init__.py:42] - Request to /static/js/bundle.js took 0.0012021064758300781 seconds
2024-12-24 15:04:03,107 - application - DEBUG - after_request_time [__init__.py:44] - view (after_request): None
2024-12-24 15:04:03,107 - application - DEBUG - after_request_time [__init__.py:46] - template (after_request): None
2024-12-24 15:04:03,315 - application - DEBUG - after_request_time [__init__.py:42] - Request to /walkthrough/steps took 0.07912778854370117 seconds
2024-12-24 15:04:03,316 - application - DEBUG - after_request_time [__init__.py:44] - view (after_request): None
2024-12-24 15:04:03,317 - application - DEBUG - after_request_time [__init__.py:46] - template (after_request): walkthrough/parts/room.html.jinja
2024-12-24 15:04:03,330 - application - DEBUG - after_request_time [__init__.py:42] - Request to /show_list/ took 0.09171795845031738 seconds
2024-12-24 15:04:03,331 - application - DEBUG - after_request_time [__init__.py:44] - view (after_request): None
2024-12-24 15:04:03,332 - application - DEBUG - after_request_time [__init__.py:46] - template (after_request): lists/list.html.jinja
2024-12-24 15:04:03,344 - application - DEBUG - after_request_time [__init__.py:42] - Request to /show_list/ took 0.11163091659545898 seconds
2024-12-24 15:04:03,345 - application - DEBUG - after_request_time [__init__.py:44] - view (after_request): None
2024-12-24 15:04:03,345 - application - DEBUG - after_request_time [__init__.py:46] - template (after_request): lists/list.html.jinja
2024-12-24 15:04:03,583 - application - DEBUG - after_request_time [__init__.py:42] - Request to /tutorial/pingrid took 0.0065348148345947266 seconds
2024-12-24 15:04:03,584 - application - DEBUG - after_request_time [__init__.py:44] - view (after_request): None
2024-12-24 15:04:03,585 - application - DEBUG - after_request_time [__init__.py:46] - template (after_request): onboarding/modal/modal_roompingrid.jinja
2024-12-24 15:04:03,593 - application - DEBUG - after_request_time [__init__.py:42] - Request to /show_photo_entry/1 took 0.02682185173034668 seconds
2024-12-24 15:04:03,594 - application - DEBUG - after_request_time [__init__.py:44] - view (after_request): None
2024-12-24 15:04:03,595 - application - DEBUG - after_request_time [__init__.py:46] - template (after_request): lists/model/photo.html.jinja
2024-12-24 15:04:03,610 - application - DEBUG - after_request_time [__init__.py:42] - Request to /show_list/ took 0.04423093795776367 seconds
2024-12-24 15:04:03,610 - application - DEBUG - after_request_time [__init__.py:44] - view (after_request): None
2024-12-24 15:04:03,610 - application - DEBUG - after_request_time [__init__.py:46] - template (after_request): lists/list.html.jinja
2024-12-24 15:04:03,708 - application - DEBUG - after_request_time [__init__.py:42] - Request to /static/defaults/generic_room.webp took 0.0008060932159423828 seconds
2024-12-24 15:04:03,708 - application - DEBUG - after_request_time [__init__.py:44] - view (after_request): None
2024-12-24 15:04:03,709 - application - DEBUG - after_request_time [__init__.py:46] - template (after_request): None
2024-12-24 15:04:03,736 - application - DEBUG - after_request_time [__init__.py:42] - Request to /show_list/7 took 0.021505117416381836 seconds
2024-12-24 15:04:03,736 - application - DEBUG - after_request_time [__init__.py:44] - view (after_request): None
2024-12-24 15:04:03,737 - application - DEBUG - after_request_time [__init__.py:46] - template (after_request): lists/list.html.jinja
2024-12-24 15:08:32,608 - application - DEBUG - after_request_time [__init__.py:42] - Request to /walkthrough/Living Room 1/room took 0.009847879409790039 seconds
2024-12-24 15:08:32,609 - application - DEBUG - after_request_time [__init__.py:44] - view (after_request): room
2024-12-24 15:08:32,609 - application - DEBUG - after_request_time [__init__.py:46] - template (after_request): None
2024-12-24 15:08:32,630 - application - DEBUG - after_request_time [__init__.py:42] - Request to /walkthrough/steps took 0.004093170166015625 seconds
2024-12-24 15:08:32,630 - application - DEBUG - after_request_time [__init__.py:44] - view (after_request): room
2024-12-24 15:08:32,631 - application - DEBUG - after_request_time [__init__.py:46] - template (after_request): walkthrough/index.html.jinja
2024-12-24 15:08:32,723 - application - DEBUG - after_request_time [__init__.py:42] - Request to /static/js/bundle.js took 0.0014660358428955078 seconds
2024-12-24 15:08:32,724 - application - DEBUG - after_request_time [__init__.py:44] - view (after_request): room
2024-12-24 15:08:32,724 - application - DEBUG - after_request_time [__init__.py:46] - template (after_request): None
2024-12-24 15:08:32,954 - application - DEBUG - after_request_time [__init__.py:42] - Request to /walkthrough/steps took 0.023723840713500977 seconds
2024-12-24 15:08:32,955 - application - DEBUG - after_request_time [__init__.py:44] - view (after_request): room
2024-12-24 15:08:32,956 - application - DEBUG - after_request_time [__init__.py:46] - template (after_request): walkthrough/parts/room.html.jinja
2024-12-24 15:08:32,980 - application - DEBUG - after_request_time [__init__.py:42] - Request to /show_list/ took 0.059847116470336914 seconds
2024-12-24 15:08:32,981 - application - DEBUG - after_request_time [__init__.py:44] - view (after_request): room
2024-12-24 15:08:32,981 - application - DEBUG - after_request_time [__init__.py:46] - template (after_request): lists/list.html.jinja
2024-12-24 15:08:32,992 - application - DEBUG - after_request_time [__init__.py:42] - Request to /show_list/ took 0.08145928382873535 seconds
2024-12-24 15:08:32,993 - application - DEBUG - after_request_time [__init__.py:44] - view (after_request): room
2024-12-24 15:08:32,994 - application - DEBUG - after_request_time [__init__.py:46] - template (after_request): lists/list.html.jinja
2024-12-24 15:08:33,105 - application - DEBUG - after_request_time [__init__.py:42] - Request to /tutorial/pingrid took 0.003661632537841797 seconds
2024-12-24 15:08:33,108 - application - DEBUG - after_request_time [__init__.py:44] - view (after_request): room
2024-12-24 15:08:33,109 - application - DEBUG - after_request_time [__init__.py:46] - template (after_request): onboarding/modal/modal_roompingrid.jinja
2024-12-24 15:08:33,175 - application - DEBUG - after_request_time [__init__.py:42] - Request to /show_photo_entry/1 took 0.0869288444519043 seconds
2024-12-24 15:08:33,177 - application - DEBUG - after_request_time [__init__.py:44] - view (after_request): room
2024-12-24 15:08:33,179 - application - DEBUG - after_request_time [__init__.py:46] - template (after_request): lists/model/photo.html.jinja
2024-12-24 15:08:33,191 - application - DEBUG - after_request_time [__init__.py:42] - Request to /show_list/ took 0.09440207481384277 seconds
2024-12-24 15:08:33,191 - application - DEBUG - after_request_time [__init__.py:44] - view (after_request): room
2024-12-24 15:08:33,192 - application - DEBUG - after_request_time [__init__.py:46] - template (after_request): lists/list.html.jinja
2024-12-24 15:08:33,206 - application - DEBUG - after_request_time [__init__.py:42] - Request to /static/defaults/generic_room.webp took 0.0008540153503417969 seconds
2024-12-24 15:08:33,206 - application - DEBUG - after_request_time [__init__.py:44] - view (after_request): room
2024-12-24 15:08:33,206 - application - DEBUG - after_request_time [__init__.py:46] - template (after_request): None
2024-12-24 15:08:33,244 - application - DEBUG - after_request_time [__init__.py:42] - Request to /show_list/7 took 0.0190582275390625 seconds
2024-12-24 15:08:33,244 - application - DEBUG - after_request_time [__init__.py:44] - view (after_request): room
2024-12-24 15:08:33,244 - application - DEBUG - after_request_time [__init__.py:46] - template (after_request): lists/list.html.jinja
2024-12-24 15:09:23,802 - application - DEBUG - after_request_time [__init__.py:42] - Request to /walkthrough/Living Room 1/room took 0.006950855255126953 seconds
2024-12-24 15:09:23,802 - application - DEBUG - after_request_time [__init__.py:44] - view (after_request): room
2024-12-24 15:09:23,802 - application - DEBUG - after_request_time [__init__.py:46] - template (after_request): None
2024-12-24 15:09:23,826 - application - DEBUG - after_request_time [__init__.py:42] - Request to /walkthrough/steps took 0.005711793899536133 seconds
2024-12-24 15:09:23,827 - application - DEBUG - after_request_time [__init__.py:44] - view (after_request): room
2024-12-24 15:09:23,827 - application - DEBUG - after_request_time [__init__.py:46] - template (after_request): walkthrough/index.html.jinja
2024-12-24 15:09:23,902 - application - DEBUG - after_request_time [__init__.py:42] - Request to /static/js/bundle.js took 0.0016658306121826172 seconds
2024-12-24 15:09:23,903 - application - DEBUG - after_request_time [__init__.py:44] - view (after_request): room
2024-12-24 15:09:23,903 - application - DEBUG - after_request_time [__init__.py:46] - template (after_request): None
2024-12-24 15:09:24,075 - application - DEBUG - after_request_time [__init__.py:42] - Request to /walkthrough/steps took 0.024718046188354492 seconds
2024-12-24 15:09:24,077 - application - DEBUG - after_request_time [__init__.py:44] - view (after_request): room
2024-12-24 15:09:24,078 - application - DEBUG - after_request_time [__init__.py:46] - template (after_request): walkthrough/parts/room.html.jinja
2024-12-24 15:09:24,088 - application - DEBUG - after_request_time [__init__.py:42] - Request to /show_list/ took 0.04572916030883789 seconds
2024-12-24 15:09:24,091 - application - DEBUG - after_request_time [__init__.py:44] - view (after_request): room
2024-12-24 15:09:24,095 - application - DEBUG - after_request_time [__init__.py:46] - template (after_request): lists/list.html.jinja
2024-12-24 15:09:24,099 - application - DEBUG - after_request_time [__init__.py:42] - Request to /show_list/ took 0.05281496047973633 seconds
2024-12-24 15:09:24,100 - application - DEBUG - after_request_time [__init__.py:44] - view (after_request): room
2024-12-24 15:09:24,100 - application - DEBUG - after_request_time [__init__.py:46] - template (after_request): lists/list.html.jinja
2024-12-24 15:09:24,191 - application - DEBUG - after_request_time [__init__.py:42] - Request to /tutorial/pingrid took 0.004627227783203125 seconds
2024-12-24 15:09:24,193 - application - DEBUG - after_request_time [__init__.py:44] - view (after_request): room
2024-12-24 15:09:24,194 - application - DEBUG - after_request_time [__init__.py:46] - template (after_request): onboarding/modal/modal_roompingrid.jinja
2024-12-24 15:09:24,206 - application - DEBUG - after_request_time [__init__.py:42] - Request to /show_photo_entry/1 took 0.028270959854125977 seconds
2024-12-24 15:09:24,208 - application - DEBUG - after_request_time [__init__.py:44] - view (after_request): room
2024-12-24 15:09:24,209 - application - DEBUG - after_request_time [__init__.py:46] - template (after_request): lists/model/photo.html.jinja
2024-12-24 15:09:24,223 - application - DEBUG - after_request_time [__init__.py:42] - Request to /show_list/ took 0.04188799858093262 seconds
2024-12-24 15:09:24,224 - application - DEBUG - after_request_time [__init__.py:44] - view (after_request): room
2024-12-24 15:09:24,225 - application - DEBUG - after_request_time [__init__.py:46] - template (after_request): lists/list.html.jinja
2024-12-24 15:09:24,259 - application - DEBUG - after_request_time [__init__.py:42] - Request to /static/defaults/generic_room.webp took 0.0013110637664794922 seconds
2024-12-24 15:09:24,259 - application - DEBUG - after_request_time [__init__.py:44] - view (after_request): room
2024-12-24 15:09:24,259 - application - DEBUG - after_request_time [__init__.py:46] - template (after_request): None
2024-12-24 15:09:24,297 - application - DEBUG - after_request_time [__init__.py:42] - Request to /show_list/7 took 0.015504837036132812 seconds
2024-12-24 15:09:24,297 - application - DEBUG - after_request_time [__init__.py:44] - view (after_request): room
2024-12-24 15:09:24,297 - application - DEBUG - after_request_time [__init__.py:46] - template (after_request): lists/list.html.jinja
2024-12-24 15:09:49,938 - application - DEBUG - after_request_time [__init__.py:42] - Request to /walkthrough/Living Room 1/room took 0.0076448917388916016 seconds
2024-12-24 15:09:49,938 - application - DEBUG - after_request_time [__init__.py:44] - view (after_request): room
2024-12-24 15:09:49,939 - application - DEBUG - after_request_time [__init__.py:46] - template (after_request): None
2024-12-24 15:09:50,049 - application - DEBUG - after_request_time [__init__.py:42] - Request to /walkthrough/steps took 0.008444786071777344 seconds
2024-12-24 15:09:50,049 - application - DEBUG - after_request_time [__init__.py:44] - view (after_request): room
2024-12-24 15:09:50,049 - application - DEBUG - after_request_time [__init__.py:46] - template (after_request): walkthrough/index.html.jinja
2024-12-24 15:09:50,163 - application - DEBUG - after_request_time [__init__.py:42] - Request to /static/js/bundle.js took 0.0012068748474121094 seconds
2024-12-24 15:09:50,163 - application - DEBUG - after_request_time [__init__.py:44] - view (after_request): room
2024-12-24 15:09:50,163 - application - DEBUG - after_request_time [__init__.py:46] - template (after_request): None
2024-12-24 15:09:50,430 - application - DEBUG - after_request_time [__init__.py:42] - Request to /walkthrough/steps took 0.026329755783081055 seconds
2024-12-24 15:09:50,431 - application - DEBUG - after_request_time [__init__.py:44] - view (after_request): room
2024-12-24 15:09:50,432 - application - DEBUG - after_request_time [__init__.py:46] - template (after_request): walkthrough/parts/room.html.jinja
2024-12-24 15:09:50,453 - application - DEBUG - after_request_time [__init__.py:42] - Request to /show_list/ took 0.05008578300476074 seconds
2024-12-24 15:09:50,454 - application - DEBUG - after_request_time [__init__.py:44] - view (after_request): room
2024-12-24 15:09:50,455 - application - DEBUG - after_request_time [__init__.py:46] - template (after_request): lists/list.html.jinja
2024-12-24 15:09:50,460 - application - DEBUG - after_request_time [__init__.py:42] - Request to /show_list/ took 0.06158709526062012 seconds
2024-12-24 15:09:50,461 - application - DEBUG - after_request_time [__init__.py:44] - view (after_request): room
2024-12-24 15:09:50,461 - application - DEBUG - after_request_time [__init__.py:46] - template (after_request): lists/list.html.jinja
2024-12-24 15:09:50,673 - application - DEBUG - after_request_time [__init__.py:42] - Request to /tutorial/pingrid took 0.0027549266815185547 seconds
2024-12-24 15:09:50,677 - application - DEBUG - after_request_time [__init__.py:44] - view (after_request): room
2024-12-24 15:09:50,678 - application - DEBUG - after_request_time [__init__.py:46] - template (after_request): onboarding/modal/modal_roompingrid.jinja
2024-12-24 15:09:50,733 - application - DEBUG - after_request_time [__init__.py:42] - Request to /show_photo_entry/1 took 0.06685113906860352 seconds
2024-12-24 15:09:50,734 - application - DEBUG - after_request_time [__init__.py:44] - view (after_request): room
2024-12-24 15:09:50,734 - application - DEBUG - after_request_time [__init__.py:46] - template (after_request): lists/model/photo.html.jinja
2024-12-24 15:09:50,749 - application - DEBUG - after_request_time [__init__.py:42] - Request to /show_list/ took 0.08097720146179199 seconds
2024-12-24 15:09:50,749 - application - DEBUG - after_request_time [__init__.py:44] - view (after_request): room
2024-12-24 15:09:50,750 - application - DEBUG - after_request_time [__init__.py:46] - template (after_request): lists/list.html.jinja
2024-12-24 15:09:50,755 - application - DEBUG - after_request_time [__init__.py:42] - Request to /static/defaults/generic_room.webp took 0.0007381439208984375 seconds
2024-12-24 15:09:50,755 - application - DEBUG - after_request_time [__init__.py:44] - view (after_request): room
2024-12-24 15:09:50,756 - application - DEBUG - after_request_time [__init__.py:46] - template (after_request): None
2024-12-24 15:09:50,803 - application - DEBUG - after_request_time [__init__.py:42] - Request to /show_list/7 took 0.02538013458251953 seconds
2024-12-24 15:09:50,803 - application - DEBUG - after_request_time [__init__.py:44] - view (after_request): room
2024-12-24 15:09:50,803 - application - DEBUG - after_request_time [__init__.py:46] - template (after_request): lists/list.html.jinja
2024-12-24 15:10:03,451 - application - DEBUG - after_request_time [__init__.py:42] - Request to /create/Task took 0.03674793243408203 seconds
2024-12-24 15:10:03,451 - application - DEBUG - after_request_time [__init__.py:44] - view (after_request): room
2024-12-24 15:10:03,452 - application - DEBUG - after_request_time [__init__.py:46] - template (after_request): lists/model/task.html.jinja
2024-12-24 15:10:03,756 - application - DEBUG - after_request_time [__init__.py:42] - Request to /create/Task took 0.023294925689697266 seconds
2024-12-24 15:10:03,756 - application - DEBUG - after_request_time [__init__.py:44] - view (after_request): room
2024-12-24 15:10:03,757 - application - DEBUG - after_request_time [__init__.py:46] - template (after_request): lists/model/task.html.jinja
2024-12-24 15:10:03,967 - application - DEBUG - after_request_time [__init__.py:42] - Request to /create/Task took 0.022264957427978516 seconds
2024-12-24 15:10:03,967 - application - DEBUG - after_request_time [__init__.py:44] - view (after_request): room
2024-12-24 15:10:03,967 - application - DEBUG - after_request_time [__init__.py:46] - template (after_request): lists/model/task.html.jinja
2024-12-24 15:10:04,193 - application - DEBUG - after_request_time [__init__.py:42] - Request to /create/Task took 0.02712106704711914 seconds
2024-12-24 15:10:04,193 - application - DEBUG - after_request_time [__init__.py:44] - view (after_request): room
2024-12-24 15:10:04,194 - application - DEBUG - after_request_time [__init__.py:46] - template (after_request): lists/model/task.html.jinja
2024-12-24 15:10:14,968 - application - DEBUG - after_request_time [__init__.py:42] - Request to /walkthrough/Living Room 1/room took 0.007581949234008789 seconds
2024-12-24 15:10:14,968 - application - DEBUG - after_request_time [__init__.py:44] - view (after_request): room
2024-12-24 15:10:14,968 - application - DEBUG - after_request_time [__init__.py:46] - template (after_request): None
2024-12-24 15:10:14,996 - application - DEBUG - after_request_time [__init__.py:42] - Request to /walkthrough/steps took 0.0050449371337890625 seconds
2024-12-24 15:10:14,996 - application - DEBUG - after_request_time [__init__.py:44] - view (after_request): room
2024-12-24 15:10:14,997 - application - DEBUG - after_request_time [__init__.py:46] - template (after_request): walkthrough/index.html.jinja
2024-12-24 15:10:15,077 - application - DEBUG - after_request_time [__init__.py:42] - Request to /static/js/bundle.js took 0.0015940666198730469 seconds
2024-12-24 15:10:15,077 - application - DEBUG - after_request_time [__init__.py:44] - view (after_request): room
2024-12-24 15:10:15,078 - application - DEBUG - after_request_time [__init__.py:46] - template (after_request): None
2024-12-24 15:10:15,184 - application - DEBUG - after_request_time [__init__.py:42] - Request to /favicon.ico took 0.0005869865417480469 seconds
2024-12-24 15:10:15,185 - application - DEBUG - after_request_time [__init__.py:44] - view (after_request): room
2024-12-24 15:10:15,185 - application - DEBUG - after_request_time [__init__.py:46] - template (after_request): None
2024-12-24 15:10:15,242 - application - DEBUG - after_request_time [__init__.py:42] - Request to /walkthrough/steps took 0.011360645294189453 seconds
2024-12-24 15:10:15,244 - application - DEBUG - after_request_time [__init__.py:44] - view (after_request): room
2024-12-24 15:10:15,246 - application - DEBUG - after_request_time [__init__.py:46] - template (after_request): walkthrough/parts/room.html.jinja
2024-12-24 15:10:15,270 - application - DEBUG - after_request_time [__init__.py:42] - Request to /show_list/ took 0.043161869049072266 seconds
2024-12-24 15:10:15,271 - application - DEBUG - after_request_time [__init__.py:44] - view (after_request): room
2024-12-24 15:10:15,274 - application - DEBUG - after_request_time [__init__.py:42] - Request to /show_list/ took 0.04944610595703125 seconds
2024-12-24 15:10:15,276 - application - DEBUG - after_request_time [__init__.py:44] - view (after_request): room
2024-12-24 15:10:15,275 - application - DEBUG - after_request_time [__init__.py:46] - template (after_request): lists/list.html.jinja
2024-12-24 15:10:15,276 - application - DEBUG - after_request_time [__init__.py:46] - template (after_request): lists/list.html.jinja
2024-12-24 15:10:15,351 - application - DEBUG - after_request_time [__init__.py:42] - Request to /tutorial/pingrid took 0.006269931793212891 seconds
2024-12-24 15:10:15,354 - application - DEBUG - after_request_time [__init__.py:44] - view (after_request): room
2024-12-24 15:10:15,357 - application - DEBUG - after_request_time [__init__.py:46] - template (after_request): onboarding/modal/modal_roompingrid.jinja
2024-12-24 15:10:15,410 - application - DEBUG - after_request_time [__init__.py:42] - Request to /show_photo_entry/1 took 0.0714731216430664 seconds
2024-12-24 15:10:15,411 - application - DEBUG - after_request_time [__init__.py:44] - view (after_request): room
2024-12-24 15:10:15,413 - application - DEBUG - after_request_time [__init__.py:46] - template (after_request): lists/model/photo.html.jinja
2024-12-24 15:10:15,436 - application - DEBUG - after_request_time [__init__.py:42] - Request to /static/defaults/generic_room.webp took 0.002535104751586914 seconds
2024-12-24 15:10:15,437 - application - DEBUG - after_request_time [__init__.py:44] - view (after_request): room
2024-12-24 15:10:15,439 - application - DEBUG - after_request_time [__init__.py:46] - template (after_request): None
2024-12-24 15:10:15,478 - application - DEBUG - after_request_time [__init__.py:42] - Request to /show_list/ took 0.14127421379089355 seconds
2024-12-24 15:10:15,478 - application - DEBUG - after_request_time [__init__.py:44] - view (after_request): room
2024-12-24 15:10:15,479 - application - DEBUG - after_request_time [__init__.py:46] - template (after_request): lists/list.html.jinja
2024-12-24 15:10:15,499 - application - DEBUG - after_request_time [__init__.py:42] - Request to /show_list/7 took 0.04091310501098633 seconds
2024-12-24 15:10:15,499 - application - DEBUG - after_request_time [__init__.py:44] - view (after_request): room
2024-12-24 15:10:15,499 - application - DEBUG - after_request_time [__init__.py:46] - template (after_request): lists/list.html.jinja
2024-12-24 15:10:39,796 - application - DEBUG - after_request_time [__init__.py:42] - Request to /walkthrough/Living Room 1/room took 0.006360769271850586 seconds
2024-12-24 15:10:39,796 - application - DEBUG - after_request_time [__init__.py:44] - view (after_request): room
2024-12-24 15:10:39,796 - application - DEBUG - after_request_time [__init__.py:46] - template (after_request): None
2024-12-24 15:10:39,821 - application - DEBUG - after_request_time [__init__.py:42] - Request to /walkthrough/steps took 0.004373073577880859 seconds
2024-12-24 15:10:39,821 - application - DEBUG - after_request_time [__init__.py:44] - view (after_request): room
2024-12-24 15:10:39,821 - application - DEBUG - after_request_time [__init__.py:46] - template (after_request): walkthrough/index.html.jinja
2024-12-24 15:10:39,910 - application - DEBUG - after_request_time [__init__.py:42] - Request to /static/js/bundle.js took 0.0011889934539794922 seconds
2024-12-24 15:10:39,910 - application - DEBUG - after_request_time [__init__.py:44] - view (after_request): room
2024-12-24 15:10:39,911 - application - DEBUG - after_request_time [__init__.py:46] - template (after_request): None
2024-12-24 15:10:40,067 - application - DEBUG - after_request_time [__init__.py:42] - Request to /walkthrough/steps took 0.015541791915893555 seconds
2024-12-24 15:10:40,068 - application - DEBUG - after_request_time [__init__.py:44] - view (after_request): room
2024-12-24 15:10:40,069 - application - DEBUG - after_request_time [__init__.py:46] - template (after_request): walkthrough/parts/room.html.jinja
2024-12-24 15:10:40,087 - application - DEBUG - after_request_time [__init__.py:42] - Request to /show_list/ took 0.04508185386657715 seconds
2024-12-24 15:10:40,089 - application - DEBUG - after_request_time [__init__.py:44] - view (after_request): room
2024-12-24 15:10:40,091 - application - DEBUG - after_request_time [__init__.py:42] - Request to /show_list/ took 0.05352020263671875 seconds
2024-12-24 15:10:40,091 - application - DEBUG - after_request_time [__init__.py:46] - template (after_request): lists/list.html.jinja
2024-12-24 15:10:40,092 - application - DEBUG - after_request_time [__init__.py:44] - view (after_request): room
2024-12-24 15:10:40,093 - application - DEBUG - after_request_time [__init__.py:46] - template (after_request): lists/list.html.jinja
2024-12-24 15:10:40,199 - application - DEBUG - after_request_time [__init__.py:42] - Request to /tutorial/pingrid took 0.005006074905395508 seconds
2024-12-24 15:10:40,202 - application - DEBUG - after_request_time [__init__.py:44] - view (after_request): room
2024-12-24 15:10:40,203 - application - DEBUG - after_request_time [__init__.py:46] - template (after_request): onboarding/modal/modal_roompingrid.jinja
2024-12-24 15:10:40,261 - application - DEBUG - after_request_time [__init__.py:42] - Request to /show_photo_entry/1 took 0.07407879829406738 seconds
2024-12-24 15:10:40,261 - application - DEBUG - after_request_time [__init__.py:44] - view (after_request): room
2024-12-24 15:10:40,262 - application - DEBUG - after_request_time [__init__.py:46] - template (after_request): lists/model/photo.html.jinja
2024-12-24 15:10:40,282 - application - DEBUG - after_request_time [__init__.py:42] - Request to /static/defaults/generic_room.webp took 0.004118204116821289 seconds
2024-12-24 15:10:40,285 - application - DEBUG - after_request_time [__init__.py:44] - view (after_request): room
2024-12-24 15:10:40,286 - application - DEBUG - after_request_time [__init__.py:46] - template (after_request): None
2024-12-24 15:10:40,326 - application - DEBUG - after_request_time [__init__.py:42] - Request to /show_list/ took 0.13036894798278809 seconds
2024-12-24 15:10:40,327 - application - DEBUG - after_request_time [__init__.py:44] - view (after_request): room
2024-12-24 15:10:40,327 - application - DEBUG - after_request_time [__init__.py:46] - template (after_request): lists/list.html.jinja
2024-12-24 15:10:40,345 - application - DEBUG - after_request_time [__init__.py:42] - Request to /show_list/7 took 0.03557586669921875 seconds
2024-12-24 15:10:40,345 - application - DEBUG - after_request_time [__init__.py:44] - view (after_request): room
2024-12-24 15:10:40,346 - application - DEBUG - after_request_time [__init__.py:46] - template (after_request): lists/list.html.jinja
2024-12-24 15:10:46,260 - application - DEBUG - after_request_time [__init__.py:42] - Request to /walkthrough/Living Room 1/room took 0.008371114730834961 seconds
2024-12-24 15:10:46,260 - application - DEBUG - after_request_time [__init__.py:44] - view (after_request): room
2024-12-24 15:10:46,261 - application - DEBUG - after_request_time [__init__.py:46] - template (after_request): None
2024-12-24 15:10:46,292 - application - DEBUG - after_request_time [__init__.py:42] - Request to /walkthrough/steps took 0.0076601505279541016 seconds
2024-12-24 15:10:46,292 - application - DEBUG - after_request_time [__init__.py:44] - view (after_request): room
2024-12-24 15:10:46,292 - application - DEBUG - after_request_time [__init__.py:46] - template (after_request): walkthrough/index.html.jinja
2024-12-24 15:10:46,372 - application - DEBUG - after_request_time [__init__.py:42] - Request to /static/js/bundle.js took 0.001421213150024414 seconds
2024-12-24 15:10:46,373 - application - DEBUG - after_request_time [__init__.py:44] - view (after_request): room
2024-12-24 15:10:46,373 - application - DEBUG - after_request_time [__init__.py:46] - template (after_request): None
2024-12-24 15:10:46,607 - application - DEBUG - after_request_time [__init__.py:42] - Request to /walkthrough/steps took 0.0314939022064209 seconds
2024-12-24 15:10:46,607 - application - DEBUG - after_request_time [__init__.py:44] - view (after_request): room
2024-12-24 15:10:46,607 - application - DEBUG - after_request_time [__init__.py:46] - template (after_request): walkthrough/parts/room.html.jinja
2024-12-24 15:10:46,661 - application - DEBUG - after_request_time [__init__.py:42] - Request to /show_list/ took 0.14831900596618652 seconds
2024-12-24 15:10:46,662 - application - DEBUG - after_request_time [__init__.py:44] - view (after_request): room
2024-12-24 15:10:46,663 - application - DEBUG - after_request_time [__init__.py:46] - template (after_request): lists/list.html.jinja
2024-12-24 15:10:46,673 - application - DEBUG - after_request_time [__init__.py:42] - Request to /show_list/ took 0.16778087615966797 seconds
2024-12-24 15:10:46,673 - application - DEBUG - after_request_time [__init__.py:44] - view (after_request): room
2024-12-24 15:10:46,673 - application - DEBUG - after_request_time [__init__.py:46] - template (after_request): lists/list.html.jinja
2024-12-24 15:10:46,830 - application - DEBUG - after_request_time [__init__.py:42] - Request to /tutorial/pingrid took 0.005189180374145508 seconds
2024-12-24 15:10:46,832 - application - DEBUG - after_request_time [__init__.py:44] - view (after_request): room
2024-12-24 15:10:46,835 - application - DEBUG - after_request_time [__init__.py:46] - template (after_request): onboarding/modal/modal_roompingrid.jinja
2024-12-24 15:10:46,909 - application - DEBUG - after_request_time [__init__.py:42] - Request to /show_photo_entry/1 took 0.09076809883117676 seconds
2024-12-24 15:10:46,909 - application - DEBUG - after_request_time [__init__.py:44] - view (after_request): room
2024-12-24 15:10:46,913 - application - DEBUG - after_request_time [__init__.py:46] - template (after_request): lists/model/photo.html.jinja
2024-12-24 15:10:46,943 - application - DEBUG - after_request_time [__init__.py:42] - Request to /static/defaults/generic_room.webp took 0.001984119415283203 seconds
2024-12-24 15:10:46,943 - application - DEBUG - after_request_time [__init__.py:44] - view (after_request): room
2024-12-24 15:10:46,944 - application - DEBUG - after_request_time [__init__.py:46] - template (after_request): None
2024-12-24 15:10:46,990 - application - DEBUG - after_request_time [__init__.py:42] - Request to /show_list/ took 0.1704719066619873 seconds
2024-12-24 15:10:46,992 - application - DEBUG - after_request_time [__init__.py:44] - view (after_request): room
2024-12-24 15:10:46,993 - application - DEBUG - after_request_time [__init__.py:46] - template (after_request): lists/list.html.jinja
2024-12-24 15:10:47,009 - application - DEBUG - after_request_time [__init__.py:42] - Request to /show_list/7 took 0.043659210205078125 seconds
2024-12-24 15:10:47,009 - application - DEBUG - after_request_time [__init__.py:44] - view (after_request): room
2024-12-24 15:10:47,010 - application - DEBUG - after_request_time [__init__.py:46] - template (after_request): lists/list.html.jinja
2024-12-24 15:10:55,789 - application - DEBUG - after_request_time [__init__.py:42] - Request to /walkthrough/Living Room 1/room took 0.007792949676513672 seconds
2024-12-24 15:10:55,789 - application - DEBUG - after_request_time [__init__.py:44] - view (after_request): room
2024-12-24 15:10:55,789 - application - DEBUG - after_request_time [__init__.py:46] - template (after_request): None
2024-12-24 15:10:55,811 - application - DEBUG - after_request_time [__init__.py:42] - Request to /walkthrough/steps took 0.003969907760620117 seconds
2024-12-24 15:10:55,811 - application - DEBUG - after_request_time [__init__.py:44] - view (after_request): room
2024-12-24 15:10:55,812 - application - DEBUG - after_request_time [__init__.py:46] - template (after_request): walkthrough/index.html.jinja
2024-12-24 15:10:55,888 - application - DEBUG - after_request_time [__init__.py:42] - Request to /static/js/bundle.js took 0.0017910003662109375 seconds
2024-12-24 15:10:55,889 - application - DEBUG - after_request_time [__init__.py:44] - view (after_request): room
2024-12-24 15:10:55,890 - application - DEBUG - after_request_time [__init__.py:46] - template (after_request): None
2024-12-24 15:10:56,047 - application - DEBUG - after_request_time [__init__.py:42] - Request to /walkthrough/steps took 0.008090019226074219 seconds
2024-12-24 15:10:56,047 - application - DEBUG - after_request_time [__init__.py:44] - view (after_request): room
2024-12-24 15:10:56,047 - application - DEBUG - after_request_time [__init__.py:46] - template (after_request): walkthrough/parts/room.html.jinja
2024-12-24 15:10:56,075 - application - DEBUG - after_request_time [__init__.py:42] - Request to /show_list/ took 0.04375100135803223 seconds
2024-12-24 15:10:56,075 - application - DEBUG - after_request_time [__init__.py:44] - view (after_request): room
2024-12-24 15:10:56,077 - application - DEBUG - after_request_time [__init__.py:46] - template (after_request): lists/list.html.jinja
2024-12-24 15:10:56,081 - application - DEBUG - after_request_time [__init__.py:42] - Request to /show_list/ took 0.0602569580078125 seconds
2024-12-24 15:10:56,083 - application - DEBUG - after_request_time [__init__.py:44] - view (after_request): room
2024-12-24 15:10:56,083 - application - DEBUG - after_request_time [__init__.py:46] - template (after_request): lists/list.html.jinja
2024-12-24 15:10:56,206 - application - DEBUG - after_request_time [__init__.py:42] - Request to /tutorial/pingrid took 0.005406856536865234 seconds
2024-12-24 15:10:56,206 - application - DEBUG - after_request_time [__init__.py:44] - view (after_request): room
2024-12-24 15:10:56,207 - application - DEBUG - after_request_time [__init__.py:46] - template (after_request): onboarding/modal/modal_roompingrid.jinja
2024-12-24 15:10:56,259 - application - DEBUG - after_request_time [__init__.py:42] - Request to /show_photo_entry/1 took 0.07215714454650879 seconds
2024-12-24 15:10:56,259 - application - DEBUG - after_request_time [__init__.py:44] - view (after_request): room
2024-12-24 15:10:56,261 - application - DEBUG - after_request_time [__init__.py:46] - template (after_request): lists/model/photo.html.jinja
2024-12-24 15:10:56,293 - application - DEBUG - after_request_time [__init__.py:42] - Request to /static/defaults/generic_room.webp took 0.0023119449615478516 seconds
2024-12-24 15:10:56,294 - application - DEBUG - after_request_time [__init__.py:44] - view (after_request): room
2024-12-24 15:10:56,295 - application - DEBUG - after_request_time [__init__.py:46] - template (after_request): None
2024-12-24 15:10:56,324 - application - DEBUG - after_request_time [__init__.py:42] - Request to /show_list/ took 0.1297907829284668 seconds
2024-12-24 15:10:56,324 - application - DEBUG - after_request_time [__init__.py:44] - view (after_request): room
2024-12-24 15:10:56,325 - application - DEBUG - after_request_time [__init__.py:46] - template (after_request): lists/list.html.jinja
2024-12-24 15:10:56,346 - application - DEBUG - after_request_time [__init__.py:42] - Request to /show_list/7 took 0.03712105751037598 seconds
2024-12-24 15:10:56,346 - application - DEBUG - after_request_time [__init__.py:44] - view (after_request): room
2024-12-24 15:10:56,346 - application - DEBUG - after_request_time [__init__.py:46] - template (after_request): lists/list.html.jinja
2024-12-24 15:11:14,109 - application - DEBUG - after_request_time [__init__.py:42] - Request to /walkthrough/Living Room 1/room took 0.00720524787902832 seconds
2024-12-24 15:11:14,109 - application - DEBUG - after_request_time [__init__.py:44] - view (after_request): room
2024-12-24 15:11:14,110 - application - DEBUG - after_request_time [__init__.py:46] - template (after_request): None
2024-12-24 15:11:14,129 - application - DEBUG - after_request_time [__init__.py:42] - Request to /walkthrough/steps took 0.0039331912994384766 seconds
2024-12-24 15:11:14,130 - application - DEBUG - after_request_time [__init__.py:44] - view (after_request): room
2024-12-24 15:11:14,130 - application - DEBUG - after_request_time [__init__.py:46] - template (after_request): walkthrough/index.html.jinja
2024-12-24 15:11:14,213 - application - DEBUG - after_request_time [__init__.py:42] - Request to /static/js/bundle.js took 0.0016808509826660156 seconds
2024-12-24 15:11:14,213 - application - DEBUG - after_request_time [__init__.py:44] - view (after_request): room
2024-12-24 15:11:14,214 - application - DEBUG - after_request_time [__init__.py:46] - template (after_request): None
2024-12-24 15:11:14,343 - application - DEBUG - after_request_time [__init__.py:42] - Request to /walkthrough/steps took 0.008400201797485352 seconds
2024-12-24 15:11:14,344 - application - DEBUG - after_request_time [__init__.py:44] - view (after_request): room
2024-12-24 15:11:14,345 - application - DEBUG - after_request_time [__init__.py:46] - template (after_request): walkthrough/parts/room.html.jinja
2024-12-24 15:11:14,367 - application - DEBUG - after_request_time [__init__.py:42] - Request to /show_list/ took 0.03852701187133789 seconds
2024-12-24 15:11:14,369 - application - DEBUG - after_request_time [__init__.py:44] - view (after_request): room
2024-12-24 15:11:14,370 - application - DEBUG - after_request_time [__init__.py:46] - template (after_request): lists/list.html.jinja
2024-12-24 15:11:14,395 - application - DEBUG - after_request_time [__init__.py:42] - Request to /show_list/ took 0.06714200973510742 seconds
2024-12-24 15:11:14,396 - application - DEBUG - after_request_time [__init__.py:44] - view (after_request): room
2024-12-24 15:11:14,396 - application - DEBUG - after_request_time [__init__.py:46] - template (after_request): lists/list.html.jinja
2024-12-24 15:11:14,501 - application - DEBUG - after_request_time [__init__.py:42] - Request to /tutorial/pingrid took 0.003084897994995117 seconds
2024-12-24 15:11:14,502 - application - DEBUG - after_request_time [__init__.py:44] - view (after_request): room
2024-12-24 15:11:14,503 - application - DEBUG - after_request_time [__init__.py:46] - template (after_request): onboarding/modal/modal_roompingrid.jinja
2024-12-24 15:11:14,557 - application - DEBUG - after_request_time [__init__.py:42] - Request to /show_photo_entry/1 took 0.07806897163391113 seconds
2024-12-24 15:11:14,557 - application - DEBUG - after_request_time [__init__.py:44] - view (after_request): room
2024-12-24 15:11:14,558 - application - DEBUG - after_request_time [__init__.py:46] - template (after_request): lists/model/photo.html.jinja
2024-12-24 15:11:14,578 - application - DEBUG - after_request_time [__init__.py:42] - Request to /static/defaults/generic_room.webp took 0.0016169548034667969 seconds
2024-12-24 15:11:14,579 - application - DEBUG - after_request_time [__init__.py:44] - view (after_request): room
2024-12-24 15:11:14,581 - application - DEBUG - after_request_time [__init__.py:46] - template (after_request): None
2024-12-24 15:11:14,616 - application - DEBUG - after_request_time [__init__.py:42] - Request to /show_list/ took 0.1289050579071045 seconds
2024-12-24 15:11:14,617 - application - DEBUG - after_request_time [__init__.py:44] - view (after_request): room
2024-12-24 15:11:14,619 - application - DEBUG - after_request_time [__init__.py:46] - template (after_request): lists/list.html.jinja
2024-12-24 15:11:14,638 - application - DEBUG - after_request_time [__init__.py:42] - Request to /show_list/7 took 0.0416569709777832 seconds
2024-12-24 15:11:14,638 - application - DEBUG - after_request_time [__init__.py:44] - view (after_request): room
2024-12-24 15:11:14,639 - application - DEBUG - after_request_time [__init__.py:46] - template (after_request): lists/list.html.jinja
2024-12-24 15:11:43,649 - application - DEBUG - after_request_time [__init__.py:42] - Request to /walkthrough/Living Room 1/room took 0.008183956146240234 seconds
2024-12-24 15:11:43,650 - application - DEBUG - after_request_time [__init__.py:44] - view (after_request): room
2024-12-24 15:11:43,650 - application - DEBUG - after_request_time [__init__.py:46] - template (after_request): None
2024-12-24 15:11:43,767 - application - DEBUG - after_request_time [__init__.py:42] - Request to /walkthrough/steps took 0.004717826843261719 seconds
2024-12-24 15:11:43,768 - application - DEBUG - after_request_time [__init__.py:44] - view (after_request): room
2024-12-24 15:11:43,768 - application - DEBUG - after_request_time [__init__.py:46] - template (after_request): walkthrough/index.html.jinja
2024-12-24 15:11:43,875 - application - DEBUG - after_request_time [__init__.py:42] - Request to /static/js/bundle.js took 0.0013170242309570312 seconds
2024-12-24 15:11:43,875 - application - DEBUG - after_request_time [__init__.py:44] - view (after_request): room
2024-12-24 15:11:43,875 - application - DEBUG - after_request_time [__init__.py:46] - template (after_request): None
2024-12-24 15:11:44,069 - application - DEBUG - after_request_time [__init__.py:42] - Request to /walkthrough/steps took 0.011634111404418945 seconds
2024-12-24 15:11:44,071 - application - DEBUG - after_request_time [__init__.py:44] - view (after_request): room
2024-12-24 15:11:44,071 - application - DEBUG - after_request_time [__init__.py:46] - template (after_request): walkthrough/parts/room.html.jinja
2024-12-24 15:11:44,090 - application - DEBUG - after_request_time [__init__.py:42] - Request to /show_list/ took 0.03838324546813965 seconds
2024-12-24 15:11:44,090 - application - DEBUG - after_request_time [__init__.py:44] - view (after_request): room
2024-12-24 15:11:44,092 - application - DEBUG - after_request_time [__init__.py:46] - template (after_request): lists/list.html.jinja
2024-12-24 15:11:44,095 - application - DEBUG - after_request_time [__init__.py:42] - Request to /show_list/ took 0.04829096794128418 seconds
2024-12-24 15:11:44,095 - application - DEBUG - after_request_time [__init__.py:44] - view (after_request): room
2024-12-24 15:11:44,095 - application - DEBUG - after_request_time [__init__.py:46] - template (after_request): lists/list.html.jinja
2024-12-24 15:11:44,265 - application - DEBUG - after_request_time [__init__.py:42] - Request to /tutorial/pingrid took 0.0036110877990722656 seconds
2024-12-24 15:11:44,268 - application - DEBUG - after_request_time [__init__.py:44] - view (after_request): room
2024-12-24 15:11:44,268 - application - DEBUG - after_request_time [__init__.py:46] - template (after_request): onboarding/modal/modal_roompingrid.jinja
2024-12-24 15:11:44,320 - application - DEBUG - after_request_time [__init__.py:42] - Request to /show_photo_entry/1 took 0.06540632247924805 seconds
2024-12-24 15:11:44,321 - application - DEBUG - after_request_time [__init__.py:44] - view (after_request): room
2024-12-24 15:11:44,321 - application - DEBUG - after_request_time [__init__.py:46] - template (after_request): lists/model/photo.html.jinja
2024-12-24 15:11:44,347 - application - DEBUG - after_request_time [__init__.py:42] - Request to /static/defaults/generic_room.webp took 0.00164794921875 seconds
2024-12-24 15:11:44,348 - application - DEBUG - after_request_time [__init__.py:44] - view (after_request): room
2024-12-24 15:11:44,349 - application - DEBUG - after_request_time [__init__.py:46] - template (after_request): None
2024-12-24 15:11:44,384 - application - DEBUG - after_request_time [__init__.py:42] - Request to /show_list/ took 0.12665677070617676 seconds
2024-12-24 15:11:44,385 - application - DEBUG - after_request_time [__init__.py:44] - view (after_request): room
2024-12-24 15:11:44,385 - application - DEBUG - after_request_time [__init__.py:46] - template (after_request): lists/list.html.jinja
2024-12-24 15:11:44,402 - application - DEBUG - after_request_time [__init__.py:42] - Request to /show_list/7 took 0.03415393829345703 seconds
2024-12-24 15:11:44,402 - application - DEBUG - after_request_time [__init__.py:44] - view (after_request): room
2024-12-24 15:11:44,403 - application - DEBUG - after_request_time [__init__.py:46] - template (after_request): lists/list.html.jinja
2024-12-24 15:12:05,385 - application - DEBUG - after_request_time [__init__.py:42] - Request to /create/Task took 0.03563976287841797 seconds
2024-12-24 15:12:05,385 - application - DEBUG - after_request_time [__init__.py:44] - view (after_request): room
2024-12-24 15:12:05,386 - application - DEBUG - after_request_time [__init__.py:46] - template (after_request): lists/model/task.html.jinja
2024-12-24 15:12:05,571 - application - DEBUG - after_request_time [__init__.py:42] - Request to /create/Task took 0.022660017013549805 seconds
2024-12-24 15:12:05,571 - application - DEBUG - after_request_time [__init__.py:44] - view (after_request): room
2024-12-24 15:12:05,572 - application - DEBUG - after_request_time [__init__.py:46] - template (after_request): lists/model/task.html.jinja
2024-12-24 15:12:05,774 - application - DEBUG - after_request_time [__init__.py:42] - Request to /create/Task took 0.024623870849609375 seconds
2024-12-24 15:12:05,774 - application - DEBUG - after_request_time [__init__.py:44] - view (after_request): room
2024-12-24 15:12:05,775 - application - DEBUG - after_request_time [__init__.py:46] - template (after_request): lists/model/task.html.jinja
2024-12-24 15:12:05,965 - application - DEBUG - after_request_time [__init__.py:42] - Request to /create/Task took 0.032150983810424805 seconds
2024-12-24 15:12:05,966 - application - DEBUG - after_request_time [__init__.py:44] - view (after_request): room
2024-12-24 15:12:05,966 - application - DEBUG - after_request_time [__init__.py:46] - template (after_request): lists/model/task.html.jinja
2024-12-24 15:12:06,136 - application - DEBUG - after_request_time [__init__.py:42] - Request to /create/Task took 0.02766704559326172 seconds
2024-12-24 15:12:06,136 - application - DEBUG - after_request_time [__init__.py:44] - view (after_request): room
2024-12-24 15:12:06,136 - application - DEBUG - after_request_time [__init__.py:46] - template (after_request): lists/model/task.html.jinja
2024-12-24 15:12:06,319 - application - DEBUG - after_request_time [__init__.py:42] - Request to /create/Task took 0.025413036346435547 seconds
2024-12-24 15:12:06,319 - application - DEBUG - after_request_time [__init__.py:44] - view (after_request): room
2024-12-24 15:12:06,320 - application - DEBUG - after_request_time [__init__.py:46] - template (after_request): lists/model/task.html.jinja
2024-12-24 15:12:06,516 - application - DEBUG - after_request_time [__init__.py:42] - Request to /create/Task took 0.031097888946533203 seconds
2024-12-24 15:12:06,517 - application - DEBUG - after_request_time [__init__.py:44] - view (after_request): room
2024-12-24 15:12:06,517 - application - DEBUG - after_request_time [__init__.py:46] - template (after_request): lists/model/task.html.jinja
2024-12-24 15:12:06,700 - application - DEBUG - after_request_time [__init__.py:42] - Request to /create/Task took 0.028980016708374023 seconds
2024-12-24 15:12:06,701 - application - DEBUG - after_request_time [__init__.py:44] - view (after_request): room
2024-12-24 15:12:06,701 - application - DEBUG - after_request_time [__init__.py:46] - template (after_request): lists/model/task.html.jinja
2024-12-24 15:12:06,887 - application - DEBUG - after_request_time [__init__.py:42] - Request to /create/Task took 0.025166034698486328 seconds
2024-12-24 15:12:06,887 - application - DEBUG - after_request_time [__init__.py:44] - view (after_request): room
2024-12-24 15:12:06,888 - application - DEBUG - after_request_time [__init__.py:46] - template (after_request): lists/model/task.html.jinja
2024-12-24 15:12:07,101 - application - DEBUG - after_request_time [__init__.py:42] - Request to /create/Task took 0.048249006271362305 seconds
2024-12-24 15:12:07,102 - application - DEBUG - after_request_time [__init__.py:44] - view (after_request): room
2024-12-24 15:12:07,184 - application - DEBUG - after_request_time [__init__.py:46] - template (after_request): lists/model/task.html.jinja
2024-12-24 15:12:07,271 - application - DEBUG - after_request_time [__init__.py:42] - Request to /create/Task took 0.03177976608276367 seconds
2024-12-24 15:12:07,272 - application - DEBUG - after_request_time [__init__.py:44] - view (after_request): room
2024-12-24 15:12:07,272 - application - DEBUG - after_request_time [__init__.py:46] - template (after_request): lists/model/task.html.jinja
2024-12-24 15:12:07,460 - application - DEBUG - after_request_time [__init__.py:42] - Request to /create/Task took 0.028578996658325195 seconds
2024-12-24 15:12:07,460 - application - DEBUG - after_request_time [__init__.py:44] - view (after_request): room
2024-12-24 15:12:07,461 - application - DEBUG - after_request_time [__init__.py:46] - template (after_request): lists/model/task.html.jinja
2024-12-24 15:12:07,647 - application - DEBUG - after_request_time [__init__.py:42] - Request to /create/Task took 0.029692888259887695 seconds
2024-12-24 15:12:07,648 - application - DEBUG - after_request_time [__init__.py:44] - view (after_request): room
2024-12-24 15:12:07,648 - application - DEBUG - after_request_time [__init__.py:46] - template (after_request): lists/model/task.html.jinja
2024-12-24 15:12:07,832 - application - DEBUG - after_request_time [__init__.py:42] - Request to /create/Task took 0.030222654342651367 seconds
2024-12-24 15:12:07,832 - application - DEBUG - after_request_time [__init__.py:44] - view (after_request): room
2024-12-24 15:12:07,832 - application - DEBUG - after_request_time [__init__.py:46] - template (after_request): lists/model/task.html.jinja
2024-12-24 15:12:08,024 - application - DEBUG - after_request_time [__init__.py:42] - Request to /create/Task took 0.03034186363220215 seconds
2024-12-24 15:12:08,025 - application - DEBUG - after_request_time [__init__.py:44] - view (after_request): room
2024-12-24 15:12:08,025 - application - DEBUG - after_request_time [__init__.py:46] - template (after_request): lists/model/task.html.jinja
2024-12-24 15:12:08,205 - application - DEBUG - after_request_time [__init__.py:42] - Request to /create/Task took 0.0266878604888916 seconds
2024-12-24 15:12:08,205 - application - DEBUG - after_request_time [__init__.py:44] - view (after_request): room
2024-12-24 15:12:08,206 - application - DEBUG - after_request_time [__init__.py:46] - template (after_request): lists/model/task.html.jinja
2024-12-24 15:12:08,389 - application - DEBUG - after_request_time [__init__.py:42] - Request to /create/Task took 0.02702188491821289 seconds
2024-12-24 15:12:08,389 - application - DEBUG - after_request_time [__init__.py:44] - view (after_request): room
2024-12-24 15:12:08,389 - application - DEBUG - after_request_time [__init__.py:46] - template (after_request): lists/model/task.html.jinja
2024-12-24 15:12:15,566 - application - DEBUG - after_request_time [__init__.py:42] - Request to /create/Pin/7 took 0.057698965072631836 seconds
2024-12-24 15:12:15,566 - application - DEBUG - after_request_time [__init__.py:44] - view (after_request): room
2024-12-24 15:12:15,567 - application - DEBUG - after_request_time [__init__.py:46] - template (after_request): lists/model/pin.html.jinja
2024-12-24 15:12:16,699 - application - DEBUG - after_request_time [__init__.py:42] - Request to /update_list_order/7 took 0.1854419708251953 seconds
2024-12-24 15:12:16,699 - application - DEBUG - after_request_time [__init__.py:44] - view (after_request): room
2024-12-24 15:12:16,700 - application - DEBUG - after_request_time [__init__.py:46] - template (after_request): None
2024-12-24 15:12:16,716 - application - DEBUG - after_request_time [__init__.py:42] - Request to /update_list_order/8 took 0.1981351375579834 seconds
2024-12-24 15:12:16,716 - application - DEBUG - after_request_time [__init__.py:44] - view (after_request): room
2024-12-24 15:12:16,716 - application - DEBUG - after_request_time [__init__.py:46] - template (after_request): None
2024-12-24 15:12:43,962 - application - DEBUG - after_request_time [__init__.py:42] - Request to /walkthrough/Living Room 1/room took 0.008374691009521484 seconds
2024-12-24 15:12:43,963 - application - DEBUG - after_request_time [__init__.py:44] - view (after_request): room
2024-12-24 15:12:43,963 - application - DEBUG - after_request_time [__init__.py:46] - template (after_request): None
2024-12-24 15:12:43,988 - application - DEBUG - after_request_time [__init__.py:42] - Request to /walkthrough/steps took 0.005163669586181641 seconds
2024-12-24 15:12:43,988 - application - DEBUG - after_request_time [__init__.py:44] - view (after_request): room
2024-12-24 15:12:43,989 - application - DEBUG - after_request_time [__init__.py:46] - template (after_request): walkthrough/index.html.jinja
2024-12-24 15:12:44,076 - application - DEBUG - after_request_time [__init__.py:42] - Request to /static/js/bundle.js took 0.0008058547973632812 seconds
2024-12-24 15:12:44,076 - application - DEBUG - after_request_time [__init__.py:44] - view (after_request): room
2024-12-24 15:12:44,077 - application - DEBUG - after_request_time [__init__.py:46] - template (after_request): None
2024-12-24 15:12:44,234 - application - DEBUG - after_request_time [__init__.py:42] - Request to /walkthrough/steps took 0.014744043350219727 seconds
2024-12-24 15:12:44,234 - application - DEBUG - after_request_time [__init__.py:44] - view (after_request): room
2024-12-24 15:12:44,235 - application - DEBUG - after_request_time [__init__.py:46] - template (after_request): walkthrough/parts/room.html.jinja
2024-12-24 15:12:44,263 - application - DEBUG - after_request_time [__init__.py:42] - Request to /show_list/ took 0.039029836654663086 seconds
2024-12-24 15:12:44,264 - application - DEBUG - after_request_time [__init__.py:42] - Request to /show_list/ took 0.050865888595581055 seconds
2024-12-24 15:12:44,265 - application - DEBUG - after_request_time [__init__.py:44] - view (after_request): room
2024-12-24 15:12:44,266 - application - DEBUG - after_request_time [__init__.py:44] - view (after_request): room
2024-12-24 15:12:44,267 - application - DEBUG - after_request_time [__init__.py:46] - template (after_request): lists/list.html.jinja
2024-12-24 15:12:44,266 - application - DEBUG - after_request_time [__init__.py:46] - template (after_request): lists/list.html.jinja
2024-12-24 15:12:44,366 - application - DEBUG - after_request_time [__init__.py:42] - Request to /tutorial/pingrid took 0.002399921417236328 seconds
2024-12-24 15:12:44,370 - application - DEBUG - after_request_time [__init__.py:44] - view (after_request): room
2024-12-24 15:12:44,373 - application - DEBUG - after_request_time [__init__.py:46] - template (after_request): onboarding/modal/modal_roompingrid.jinja
2024-12-24 15:12:44,432 - application - DEBUG - after_request_time [__init__.py:42] - Request to /show_photo_entry/1 took 0.07006502151489258 seconds
2024-12-24 15:12:44,433 - application - DEBUG - after_request_time [__init__.py:44] - view (after_request): room
2024-12-24 15:12:44,434 - application - DEBUG - after_request_time [__init__.py:46] - template (after_request): lists/model/photo.html.jinja
2024-12-24 15:12:44,458 - application - DEBUG - after_request_time [__init__.py:42] - Request to /static/defaults/generic_room.webp took 0.001603841781616211 seconds
2024-12-24 15:12:44,460 - application - DEBUG - after_request_time [__init__.py:44] - view (after_request): room
2024-12-24 15:12:44,462 - application - DEBUG - after_request_time [__init__.py:46] - template (after_request): None
2024-12-24 15:12:44,576 - application - DEBUG - after_request_time [__init__.py:42] - Request to /show_list/7 took 0.09816431999206543 seconds
2024-12-24 15:12:44,576 - application - DEBUG - after_request_time [__init__.py:44] - view (after_request): room
2024-12-24 15:12:44,578 - application - DEBUG - after_request_time [__init__.py:46] - template (after_request): lists/list.html.jinja
2024-12-24 15:12:44,644 - application - DEBUG - after_request_time [__init__.py:42] - Request to /show_list/ took 0.284412145614624 seconds
2024-12-24 15:12:44,644 - application - DEBUG - after_request_time [__init__.py:44] - view (after_request): room
2024-12-24 15:12:44,644 - application - DEBUG - after_request_time [__init__.py:46] - template (after_request): lists/list.html.jinja
