2024-12-24 11:18:01,868 - logs.logging_config - DEBUG - configure_logging [logging_config.py:178] - Application logging configured
2024-12-24 11:18:01,872 - logs.logging_config - INFO - configure_logging [logging_config.py:187] - Application started in production environment
2024-12-24 11:18:01,873 - application - DEBUG - create_app [__init__.py:28] - test2
2024-12-24 11:18:02,732 - application - DEBUG - after_request_time [__init__.py:42] - Request to / took 0.010313987731933594 seconds
2024-12-24 11:18:02,732 - application - DEBUG - after_request_time [__init__.py:44] - view (after_request): None
2024-12-24 11:18:02,732 - application - DEBUG - after_request_time [__init__.py:46] - template (after_request): None
2024-12-24 11:18:02,900 - application - DEBUG - after_request_time [__init__.py:42] - Request to /map/ took 0.1346127986907959 seconds
2024-12-24 11:18:02,900 - application - DEBUG - after_request_time [__init__.py:44] - view (after_request): map
2024-12-24 11:18:02,900 - application - DEBUG - after_request_time [__init__.py:46] - template (after_request): map/index.html.jinja
2024-12-24 11:18:02,956 - application - DEBUG - after_request_time [__init__.py:42] - Request to /static/js/bundle.js took 0.004304170608520508 seconds
2024-12-24 11:18:02,956 - application - DEBUG - after_request_time [__init__.py:44] - view (after_request): map
2024-12-24 11:18:02,956 - application - DEBUG - after_request_time [__init__.py:46] - template (after_request): None
2024-12-24 11:18:03,345 - application - DEBUG - after_request_time [__init__.py:42] - Request to /show_list/ took 0.2890470027923584 seconds
2024-12-24 11:18:03,373 - application - DEBUG - after_request_time [__init__.py:44] - view (after_request): map
2024-12-24 11:18:03,403 - application - DEBUG - after_request_time [__init__.py:46] - template (after_request): lists/list.html.jinja
2024-12-24 11:18:03,445 - application - DEBUG - after_request_time [__init__.py:42] - Request to /show_list/ took 0.3830859661102295 seconds
2024-12-24 11:18:03,455 - application - DEBUG - after_request_time [__init__.py:44] - view (after_request): map
2024-12-24 11:18:03,458 - application - DEBUG - after_request_time [__init__.py:46] - template (after_request): lists/list.html.jinja
2024-12-24 11:18:03,536 - application - DEBUG - after_request_time [__init__.py:42] - Request to /show_list/ took 0.47248220443725586 seconds
2024-12-24 11:18:03,536 - application - DEBUG - after_request_time [__init__.py:44] - view (after_request): map
2024-12-24 11:18:03,547 - application - DEBUG - after_request_time [__init__.py:46] - template (after_request): lists/list.html.jinja
2024-12-24 11:18:03,572 - application - DEBUG - after_request_time [__init__.py:42] - Request to /show_photo_entry/1 took 0.0541379451751709 seconds
2024-12-24 11:18:03,573 - application - DEBUG - after_request_time [__init__.py:44] - view (after_request): map
2024-12-24 11:18:03,573 - application - DEBUG - after_request_time [__init__.py:46] - template (after_request): lists/model/photo.html.jinja
2024-12-24 11:18:03,588 - application - DEBUG - after_request_time [__init__.py:42] - Request to /static/defaults/generic_room.webp took 0.000804901123046875 seconds
2024-12-24 11:18:03,588 - application - DEBUG - after_request_time [__init__.py:44] - view (after_request): map
2024-12-24 11:18:03,588 - application - DEBUG - after_request_time [__init__.py:46] - template (after_request): None
2024-12-24 11:18:03,664 - application - DEBUG - after_request_time [__init__.py:42] - Request to /show_list/7 took 0.050028085708618164 seconds
2024-12-24 11:18:03,665 - application - DEBUG - after_request_time [__init__.py:44] - view (after_request): map
2024-12-24 11:18:03,666 - application - DEBUG - after_request_time [__init__.py:46] - template (after_request): lists/list.html.jinja
2024-12-24 11:18:07,239 - application - DEBUG - after_request_time [__init__.py:42] - Request to /home/floors/setup took 0.01351618766784668 seconds
2024-12-24 11:18:07,239 - application - DEBUG - after_request_time [__init__.py:44] - view (after_request): map
2024-12-24 11:18:07,239 - application - DEBUG - after_request_time [__init__.py:46] - template (after_request): homes/create_floors.html.jinja
2024-12-24 11:18:07,331 - application - DEBUG - after_request_time [__init__.py:42] - Request to /tutorial/create_floors took 0.006093740463256836 seconds
2024-12-24 11:18:07,331 - application - DEBUG - after_request_time [__init__.py:44] - view (after_request): map
2024-12-24 11:18:07,332 - application - DEBUG - after_request_time [__init__.py:46] - template (after_request): homes/modal_floors.jinja
2024-12-24 11:18:07,373 - application - DEBUG - after_request_time [__init__.py:42] - Request to /show_list/ took 0.050298213958740234 seconds
2024-12-24 11:18:07,373 - application - DEBUG - after_request_time [__init__.py:44] - view (after_request): map
2024-12-24 11:18:07,374 - application - DEBUG - after_request_time [__init__.py:46] - template (after_request): lists/list.html.jinja
2024-12-24 11:18:11,084 - application - DEBUG - after_request_time [__init__.py:42] - Request to /map/ line 187 > inlineScript took 0.000576019287109375 seconds
2024-12-24 11:18:11,084 - application - DEBUG - after_request_time [__init__.py:44] - view (after_request): None
2024-12-24 11:18:11,084 - application - DEBUG - after_request_time [__init__.py:46] - template (after_request): None
2024-12-24 11:18:11,275 - application - DEBUG - after_request_time [__init__.py:42] - Request to /static/js/bundle.js.map took 0.0007431507110595703 seconds
2024-12-24 11:18:11,275 - application - DEBUG - after_request_time [__init__.py:44] - view (after_request): map
2024-12-24 11:18:11,276 - application - DEBUG - after_request_time [__init__.py:46] - template (after_request): None
2024-12-24 11:18:11,407 - application - DEBUG - after_request_time [__init__.py:42] - Request to /static/js/bundle.js.map took 0.0011012554168701172 seconds
2024-12-24 11:18:11,407 - application - DEBUG - after_request_time [__init__.py:44] - view (after_request): map
2024-12-24 11:18:11,408 - application - DEBUG - after_request_time [__init__.py:46] - template (after_request): None
2024-12-24 11:18:16,539 - application - DEBUG - after_request_time [__init__.py:42] - Request to /home/floors/setup took 0.0074498653411865234 seconds
2024-12-24 11:18:16,539 - application - DEBUG - after_request_time [__init__.py:44] - view (after_request): map
2024-12-24 11:18:16,539 - application - DEBUG - after_request_time [__init__.py:46] - template (after_request): homes/create_floors.html.jinja
2024-12-24 11:18:16,694 - application - DEBUG - after_request_time [__init__.py:42] - Request to /static/js/bundle.js took 0.0010149478912353516 seconds
2024-12-24 11:18:16,694 - application - DEBUG - after_request_time [__init__.py:44] - view (after_request): map
2024-12-24 11:18:16,695 - application - DEBUG - after_request_time [__init__.py:46] - template (after_request): None
2024-12-24 11:18:16,862 - application - DEBUG - after_request_time [__init__.py:42] - Request to /static/js/bundle.js.map took 0.0012712478637695312 seconds
2024-12-24 11:18:16,863 - application - DEBUG - after_request_time [__init__.py:44] - view (after_request): map
2024-12-24 11:18:16,863 - application - DEBUG - after_request_time [__init__.py:46] - template (after_request): None
2024-12-24 11:18:16,898 - application - DEBUG - after_request_time [__init__.py:42] - Request to /static/js/bundle.js.map took 0.001531839370727539 seconds
2024-12-24 11:18:16,898 - application - DEBUG - after_request_time [__init__.py:44] - view (after_request): map
2024-12-24 11:18:16,898 - application - DEBUG - after_request_time [__init__.py:46] - template (after_request): None
2024-12-24 11:18:16,914 - application - DEBUG - after_request_time [__init__.py:42] - Request to /tutorial/create_floors took 0.00424504280090332 seconds
2024-12-24 11:18:16,916 - application - DEBUG - after_request_time [__init__.py:44] - view (after_request): map
2024-12-24 11:18:16,916 - application - DEBUG - after_request_time [__init__.py:46] - template (after_request): homes/modal_floors.jinja
2024-12-24 11:18:16,942 - application - DEBUG - after_request_time [__init__.py:42] - Request to /show_list/ took 0.037262916564941406 seconds
2024-12-24 11:18:16,943 - application - DEBUG - after_request_time [__init__.py:44] - view (after_request): map
2024-12-24 11:18:16,943 - application - DEBUG - after_request_time [__init__.py:46] - template (after_request): lists/list.html.jinja
2024-12-24 11:23:14,735 - application - DEBUG - after_request_time [__init__.py:42] - Request to /home/floors/setup took 0.008446216583251953 seconds
2024-12-24 11:23:14,736 - application - DEBUG - after_request_time [__init__.py:44] - view (after_request): map
2024-12-24 11:23:14,736 - application - DEBUG - after_request_time [__init__.py:46] - template (after_request): homes/create_floors.html.jinja
2024-12-24 11:23:14,892 - application - DEBUG - after_request_time [__init__.py:42] - Request to /static/js/bundle.js took 0.0010638236999511719 seconds
2024-12-24 11:23:14,892 - application - DEBUG - after_request_time [__init__.py:44] - view (after_request): map
2024-12-24 11:23:14,893 - application - DEBUG - after_request_time [__init__.py:46] - template (after_request): None
2024-12-24 11:23:15,017 - application - DEBUG - after_request_time [__init__.py:42] - Request to /static/js/bundle.js.map took 0.0013859272003173828 seconds
2024-12-24 11:23:15,017 - application - DEBUG - after_request_time [__init__.py:44] - view (after_request): map
2024-12-24 11:23:15,018 - application - DEBUG - after_request_time [__init__.py:46] - template (after_request): None
2024-12-24 11:23:15,044 - application - DEBUG - after_request_time [__init__.py:42] - Request to /static/js/bundle.js.map took 0.0017731189727783203 seconds
2024-12-24 11:23:15,044 - application - DEBUG - after_request_time [__init__.py:44] - view (after_request): map
2024-12-24 11:23:15,045 - application - DEBUG - after_request_time [__init__.py:46] - template (after_request): None
2024-12-24 11:23:15,079 - application - DEBUG - after_request_time [__init__.py:42] - Request to /show_list/ took 0.02526712417602539 seconds
2024-12-24 11:23:15,080 - application - DEBUG - after_request_time [__init__.py:44] - view (after_request): map
2024-12-24 11:23:15,080 - application - DEBUG - after_request_time [__init__.py:46] - template (after_request): lists/list.html.jinja
2024-12-24 11:23:15,106 - application - DEBUG - after_request_time [__init__.py:42] - Request to /tutorial/pingrid took 0.0052301883697509766 seconds
2024-12-24 11:23:15,107 - application - DEBUG - after_request_time [__init__.py:44] - view (after_request): map
2024-12-24 11:23:15,107 - application - DEBUG - after_request_time [__init__.py:46] - template (after_request): walkthrough/parts/modal_room.jinja
2024-12-24 11:29:05,608 - application - DEBUG - after_request_time [__init__.py:42] - Request to /home/floors/setup took 0.0073778629302978516 seconds
2024-12-24 11:29:05,609 - application - DEBUG - after_request_time [__init__.py:44] - view (after_request): map
2024-12-24 11:29:05,609 - application - DEBUG - after_request_time [__init__.py:46] - template (after_request): homes/create_floors.html.jinja
2024-12-24 11:29:05,810 - application - DEBUG - after_request_time [__init__.py:42] - Request to /static/js/bundle.js took 0.0008471012115478516 seconds
2024-12-24 11:29:05,810 - application - DEBUG - after_request_time [__init__.py:44] - view (after_request): map
2024-12-24 11:29:05,811 - application - DEBUG - after_request_time [__init__.py:46] - template (after_request): None
2024-12-24 11:29:06,012 - application - DEBUG - after_request_time [__init__.py:42] - Request to /static/js/bundle.js.map took 0.0016829967498779297 seconds
2024-12-24 11:29:06,012 - application - DEBUG - after_request_time [__init__.py:44] - view (after_request): map
2024-12-24 11:29:06,012 - application - DEBUG - after_request_time [__init__.py:46] - template (after_request): None
2024-12-24 11:29:06,096 - application - DEBUG - after_request_time [__init__.py:42] - Request to /tutorial/pingrid took 0.0032188892364501953 seconds
2024-12-24 11:29:06,097 - application - DEBUG - after_request_time [__init__.py:44] - view (after_request): map
2024-12-24 11:29:06,097 - application - DEBUG - after_request_time [__init__.py:46] - template (after_request): walkthrough/parts/modal_room.jinja
2024-12-24 11:29:06,123 - application - DEBUG - after_request_time [__init__.py:42] - Request to /show_list/ took 0.0490419864654541 seconds
2024-12-24 11:29:06,124 - application - DEBUG - after_request_time [__init__.py:44] - view (after_request): map
2024-12-24 11:29:06,124 - application - DEBUG - after_request_time [__init__.py:46] - template (after_request): lists/list.html.jinja
2024-12-24 11:29:06,198 - application - DEBUG - after_request_time [__init__.py:42] - Request to /static/js/bundle.js.map took 0.0009548664093017578 seconds
2024-12-24 11:29:06,198 - application - DEBUG - after_request_time [__init__.py:44] - view (after_request): map
2024-12-24 11:29:06,199 - application - DEBUG - after_request_time [__init__.py:46] - template (after_request): None
2024-12-24 11:29:28,270 - application - DEBUG - after_request_time [__init__.py:42] - Request to /home/floors/setup took 0.009062767028808594 seconds
2024-12-24 11:29:28,271 - application - DEBUG - after_request_time [__init__.py:44] - view (after_request): map
2024-12-24 11:29:28,271 - application - DEBUG - after_request_time [__init__.py:46] - template (after_request): homes/create_floors.html.jinja
2024-12-24 11:29:28,461 - application - DEBUG - after_request_time [__init__.py:42] - Request to /static/js/bundle.js took 0.0009441375732421875 seconds
2024-12-24 11:29:28,462 - application - DEBUG - after_request_time [__init__.py:44] - view (after_request): map
2024-12-24 11:29:28,462 - application - DEBUG - after_request_time [__init__.py:46] - template (after_request): None
2024-12-24 11:29:28,628 - application - DEBUG - after_request_time [__init__.py:42] - Request to /static/js/bundle.js.map took 0.0010318756103515625 seconds
2024-12-24 11:29:28,628 - application - DEBUG - after_request_time [__init__.py:44] - view (after_request): map
2024-12-24 11:29:28,629 - application - DEBUG - after_request_time [__init__.py:46] - template (after_request): None
2024-12-24 11:29:28,656 - application - DEBUG - after_request_time [__init__.py:42] - Request to /tutorial/pingrid took 0.004112958908081055 seconds
2024-12-24 11:29:28,658 - application - DEBUG - after_request_time [__init__.py:44] - view (after_request): map
2024-12-24 11:29:28,658 - application - DEBUG - after_request_time [__init__.py:46] - template (after_request): walkthrough/parts/modal_room.jinja
2024-12-24 11:29:28,682 - application - DEBUG - after_request_time [__init__.py:42] - Request to /show_list/ took 0.03402113914489746 seconds
2024-12-24 11:29:28,682 - application - DEBUG - after_request_time [__init__.py:44] - view (after_request): map
2024-12-24 11:29:28,682 - application - DEBUG - after_request_time [__init__.py:46] - template (after_request): lists/list.html.jinja
2024-12-24 11:29:28,760 - application - DEBUG - after_request_time [__init__.py:42] - Request to /static/js/bundle.js.map took 0.0007281303405761719 seconds
2024-12-24 11:29:28,760 - application - DEBUG - after_request_time [__init__.py:44] - view (after_request): map
2024-12-24 11:29:28,761 - application - DEBUG - after_request_time [__init__.py:46] - template (after_request): None
2024-12-24 11:30:07,660 - application - DEBUG - after_request_time [__init__.py:42] - Request to /home/floors/setup took 0.011748790740966797 seconds
2024-12-24 11:30:07,660 - application - DEBUG - after_request_time [__init__.py:44] - view (after_request): map
2024-12-24 11:30:07,661 - application - DEBUG - after_request_time [__init__.py:46] - template (after_request): homes/create_floors.html.jinja
2024-12-24 11:30:07,823 - application - DEBUG - after_request_time [__init__.py:42] - Request to /static/js/bundle.js took 0.0008919239044189453 seconds
2024-12-24 11:30:07,823 - application - DEBUG - after_request_time [__init__.py:44] - view (after_request): map
2024-12-24 11:30:07,824 - application - DEBUG - after_request_time [__init__.py:46] - template (after_request): None
2024-12-24 11:30:07,973 - application - DEBUG - after_request_time [__init__.py:42] - Request to /static/js/bundle.js.map took 0.0009710788726806641 seconds
2024-12-24 11:30:07,974 - application - DEBUG - after_request_time [__init__.py:44] - view (after_request): map
2024-12-24 11:30:07,974 - application - DEBUG - after_request_time [__init__.py:46] - template (after_request): None
2024-12-24 11:30:07,987 - application - DEBUG - after_request_time [__init__.py:42] - Request to /tutorial/pingrid took 0.0014162063598632812 seconds
2024-12-24 11:30:07,987 - application - DEBUG - after_request_time [__init__.py:44] - view (after_request): map
2024-12-24 11:30:07,987 - application - DEBUG - after_request_time [__init__.py:46] - template (after_request): walkthrough/parts/modal_room.jinja
2024-12-24 11:30:08,076 - application - DEBUG - after_request_time [__init__.py:42] - Request to /static/js/bundle.js.map took 0.0010120868682861328 seconds
2024-12-24 11:30:08,077 - application - DEBUG - after_request_time [__init__.py:44] - view (after_request): map
2024-12-24 11:30:08,077 - application - DEBUG - after_request_time [__init__.py:46] - template (after_request): None
2024-12-24 11:30:18,978 - application - DEBUG - after_request_time [__init__.py:42] - Request to /home/floors/setup took 0.005359172821044922 seconds
2024-12-24 11:30:18,978 - application - DEBUG - after_request_time [__init__.py:44] - view (after_request): map
2024-12-24 11:30:18,978 - application - DEBUG - after_request_time [__init__.py:46] - template (after_request): homes/create_floors.html.jinja
2024-12-24 11:30:19,117 - application - DEBUG - after_request_time [__init__.py:42] - Request to /static/js/bundle.js took 0.0008487701416015625 seconds
2024-12-24 11:30:19,117 - application - DEBUG - after_request_time [__init__.py:44] - view (after_request): map
2024-12-24 11:30:19,118 - application - DEBUG - after_request_time [__init__.py:46] - template (after_request): None
2024-12-24 11:30:19,248 - application - DEBUG - after_request_time [__init__.py:42] - Request to /static/js/bundle.js.map took 0.0012979507446289062 seconds
2024-12-24 11:30:19,249 - application - DEBUG - after_request_time [__init__.py:44] - view (after_request): map
2024-12-24 11:30:19,249 - application - DEBUG - after_request_time [__init__.py:46] - template (after_request): None
2024-12-24 11:30:19,271 - application - DEBUG - after_request_time [__init__.py:42] - Request to /static/js/bundle.js.map took 0.0012519359588623047 seconds
2024-12-24 11:30:19,271 - application - DEBUG - after_request_time [__init__.py:44] - view (after_request): map
2024-12-24 11:30:19,272 - application - DEBUG - after_request_time [__init__.py:46] - template (after_request): None
2024-12-24 11:30:19,280 - application - DEBUG - after_request_time [__init__.py:42] - Request to /tutorial/pingrid took 0.0015461444854736328 seconds
2024-12-24 11:30:19,280 - application - DEBUG - after_request_time [__init__.py:44] - view (after_request): map
2024-12-24 11:30:19,281 - application - DEBUG - after_request_time [__init__.py:46] - template (after_request): walkthrough/parts/modal_room.jinja
