2024-12-22 02:15:49,426 - logs.logging_config - DEBUG - configure_logging [logging_config.py:178] - Application logging configured
2024-12-22 02:15:49,428 - logs.logging_config - INFO - configure_logging [logging_config.py:187] - Application started in production environment
2024-12-22 02:15:49,429 - application - DEBUG - create_app [__init__.py:28] - test2
2024-12-22 02:15:50,232 - application - DEBUG - after_request_time [__init__.py:42] - Request to / took 0.0009050369262695312 seconds
2024-12-22 02:15:50,233 - application - DEBUG - after_request_time [__init__.py:44] - view (after_request): None
2024-12-22 02:15:50,234 - application - DEBUG - after_request_time [__init__.py:46] - template (after_request): None
2024-12-22 02:15:50,314 - application - DEBUG - after_request_time [__init__.py:42] - Request to /login took 0.034107208251953125 seconds
2024-12-22 02:15:50,314 - application - DEBUG - after_request_time [__init__.py:44] - view (after_request): None
2024-12-22 02:15:50,315 - application - DEBUG - after_request_time [__init__.py:46] - template (after_request): auth/login.html
2024-12-22 02:15:50,395 - application - DEBUG - after_request_time [__init__.py:42] - Request to /static/js/bundle.js took 0.01232600212097168 seconds
2024-12-22 02:15:50,397 - application - DEBUG - after_request_time [__init__.py:44] - view (after_request): None
2024-12-22 02:15:50,398 - application - DEBUG - after_request_time [__init__.py:42] - Request to /static/css/main.css took 0.00986623764038086 seconds
2024-12-22 02:15:50,399 - application - DEBUG - after_request_time [__init__.py:44] - view (after_request): None
2024-12-22 02:15:50,400 - application - DEBUG - after_request_time [__init__.py:46] - template (after_request): None
2024-12-22 02:15:50,399 - application - DEBUG - after_request_time [__init__.py:46] - template (after_request): None
2024-12-22 02:15:50,450 - application - DEBUG - after_request_time [__init__.py:42] - Request to /static/css/color-mode.css took 0.0034029483795166016 seconds
2024-12-22 02:15:50,452 - application - DEBUG - after_request_time [__init__.py:44] - view (after_request): None
2024-12-22 02:15:50,454 - application - DEBUG - after_request_time [__init__.py:46] - template (after_request): None
2024-12-22 02:15:50,454 - application - DEBUG - after_request_time [__init__.py:42] - Request to /static/css/flash-message.css took 0.006265163421630859 seconds
2024-12-22 02:15:50,455 - application - DEBUG - after_request_time [__init__.py:42] - Request to /static/css/typography.css took 0.0016789436340332031 seconds
2024-12-22 02:15:50,458 - application - DEBUG - after_request_time [__init__.py:42] - Request to /static/css/sortables.css took 0.0021088123321533203 seconds
2024-12-22 02:15:50,458 - application - DEBUG - after_request_time [__init__.py:44] - view (after_request): None
2024-12-22 02:15:50,459 - application - DEBUG - after_request_time [__init__.py:44] - view (after_request): None
2024-12-22 02:15:50,460 - application - DEBUG - after_request_time [__init__.py:44] - view (after_request): None
2024-12-22 02:15:50,461 - application - DEBUG - after_request_time [__init__.py:46] - template (after_request): None
2024-12-22 02:15:50,462 - application - DEBUG - after_request_time [__init__.py:46] - template (after_request): None
2024-12-22 02:15:50,462 - application - DEBUG - after_request_time [__init__.py:46] - template (after_request): None
2024-12-22 02:15:50,504 - application - DEBUG - after_request_time [__init__.py:42] - Request to /favicon.ico took 0.00048613548278808594 seconds
2024-12-22 02:15:50,505 - application - DEBUG - after_request_time [__init__.py:44] - view (after_request): None
2024-12-22 02:15:50,505 - application - DEBUG - after_request_time [__init__.py:46] - template (after_request): None
2024-12-22 02:15:53,230 - application - DEBUG - after_request_time [__init__.py:42] - Request to /register took 0.0030388832092285156 seconds
2024-12-22 02:15:53,231 - application - DEBUG - after_request_time [__init__.py:44] - view (after_request): None
2024-12-22 02:15:53,231 - application - DEBUG - after_request_time [__init__.py:46] - template (after_request): auth/register.html
2024-12-22 02:15:57,470 - application - DEBUG - after_request_time [__init__.py:42] - Request to /register took 0.10290789604187012 seconds
2024-12-22 02:15:57,471 - application - DEBUG - after_request_time [__init__.py:44] - view (after_request): None
2024-12-22 02:15:57,471 - application - DEBUG - after_request_time [__init__.py:46] - template (after_request): None
2024-12-22 02:15:57,488 - application - DEBUG - after_request_time [__init__.py:42] - Request to /login took 0.005930900573730469 seconds
2024-12-22 02:15:57,488 - application - DEBUG - after_request_time [__init__.py:44] - view (after_request): None
2024-12-22 02:15:57,488 - application - DEBUG - after_request_time [__init__.py:46] - template (after_request): auth/login.html
2024-12-22 02:15:59,950 - application - DEBUG - after_request_time [__init__.py:42] - Request to /login took 0.08191990852355957 seconds
2024-12-22 02:15:59,950 - application - DEBUG - after_request_time [__init__.py:44] - view (after_request): None
2024-12-22 02:15:59,950 - application - DEBUG - after_request_time [__init__.py:46] - template (after_request): None
2024-12-22 02:15:59,978 - application - DEBUG - after_request_time [__init__.py:42] - Request to / took 0.0052111148834228516 seconds
2024-12-22 02:15:59,978 - application - DEBUG - after_request_time [__init__.py:44] - view (after_request): None
2024-12-22 02:15:59,979 - application - DEBUG - after_request_time [__init__.py:46] - template (after_request): homes/create_home.html.jinja
2024-12-22 02:16:00,038 - application - DEBUG - after_request_time [__init__.py:42] - Request to /static/js/bundle.js took 0.0014758110046386719 seconds
2024-12-22 02:16:00,039 - application - DEBUG - after_request_time [__init__.py:44] - view (after_request): None
2024-12-22 02:16:00,039 - application - DEBUG - after_request_time [__init__.py:46] - template (after_request): None
2024-12-22 02:16:00,046 - application - DEBUG - after_request_time [__init__.py:42] - Request to /static/css/main.css took 0.002441883087158203 seconds
2024-12-22 02:16:00,047 - application - DEBUG - after_request_time [__init__.py:44] - view (after_request): None
2024-12-22 02:16:00,048 - application - DEBUG - after_request_time [__init__.py:46] - template (after_request): None
2024-12-22 02:16:00,087 - application - DEBUG - after_request_time [__init__.py:42] - Request to /static/css/color-mode.css took 0.0022878646850585938 seconds
2024-12-22 02:16:00,125 - application - DEBUG - after_request_time [__init__.py:42] - Request to /static/css/flash-message.css took 0.039629220962524414 seconds
2024-12-22 02:16:00,128 - application - DEBUG - after_request_time [__init__.py:44] - view (after_request): None
2024-12-22 02:16:00,130 - application - DEBUG - after_request_time [__init__.py:42] - Request to /static/css/typography.css took 0.0026259422302246094 seconds
2024-12-22 02:16:00,130 - application - DEBUG - after_request_time [__init__.py:44] - view (after_request): None
2024-12-22 02:16:00,131 - application - DEBUG - after_request_time [__init__.py:42] - Request to /static/css/sortables.css took 0.002307891845703125 seconds
2024-12-22 02:16:00,131 - application - DEBUG - after_request_time [__init__.py:46] - template (after_request): None
2024-12-22 02:16:00,131 - application - DEBUG - after_request_time [__init__.py:44] - view (after_request): None
2024-12-22 02:16:00,132 - application - DEBUG - after_request_time [__init__.py:46] - template (after_request): None
2024-12-22 02:16:00,132 - application - DEBUG - after_request_time [__init__.py:44] - view (after_request): None
2024-12-22 02:16:00,133 - application - DEBUG - after_request_time [__init__.py:46] - template (after_request): None
2024-12-22 02:16:00,137 - application - DEBUG - after_request_time [__init__.py:46] - template (after_request): None
2024-12-22 02:16:04,054 - application - DEBUG - after_request_time [__init__.py:42] - Request to /validate/Home took 0.007843971252441406 seconds
2024-12-22 02:16:04,054 - application - DEBUG - after_request_time [__init__.py:44] - view (after_request): None
2024-12-22 02:16:04,054 - application - DEBUG - after_request_time [__init__.py:46] - template (after_request): homes/validate.html.jinja
2024-12-22 02:16:06,732 - application.list_utils - DEBUG - get_userlist [list_utils.py:308] - get_userlist(): item_model: Home, list_name: bob Homes, parent_entry_id: None
2024-12-22 02:16:06,737 - application.list_utils - DEBUG - get_userlist [list_utils.py:326] - lists found (model, name): []
2024-12-22 02:16:06,738 - application.list_utils - DEBUG - get_userlist [list_utils.py:333] - No lists of type Home found for user 1
2024-12-22 02:16:06,741 - application.list_utils - DEBUG - create_user_list [list_utils.py:33] - create_user_list: new_list: <UserList (transient 4482191136)>
2024-12-22 02:16:06,748 - application.list_utils - DEBUG - add_item_to_list [list_utils.py:59] - add_item_to_list(): user_list_id: 1, item_model: Home, item_id: None, order: None, name: test
2024-12-22 02:16:06,748 - application.list_utils - DEBUG - create_new_default [list_utils.py:96] - create_new_default(): item_model: Home, name: test
2024-12-22 02:16:06,765 - application - DEBUG - after_request_time [__init__.py:42] - Request to /create/Home took 0.03438210487365723 seconds
2024-12-22 02:16:06,765 - application - DEBUG - after_request_time [__init__.py:44] - view (after_request): None
2024-12-22 02:16:06,765 - application - DEBUG - after_request_time [__init__.py:46] - template (after_request): None
2024-12-22 02:16:06,785 - application.list_utils - DEBUG - get_list_entries_for_item [list_utils.py:428] - found_entries for <Home 1>: [<UserListEntry 1>]
2024-12-22 02:16:06,788 - application.list_utils - DEBUG - get_list_entries_for_item [list_utils.py:436] - Entry: <UserListEntry 1>
2024-12-22 02:16:06,788 - application.list_utils - DEBUG - get_list_entries_for_item [list_utils.py:437] - Item Model: Home, Item ID: 1
2024-12-22 02:16:06,788 - application.list_utils - DEBUG - get_list_entries_for_item [list_utils.py:438] - User List ID: 1 User List Name: bob Homes
2024-12-22 02:16:06,788 - application.list_utils - DEBUG - get_list_entries_for_item [list_utils.py:439] - user: 1
2024-12-22 02:16:06,789 - application.list_utils - DEBUG - create_user_list [list_utils.py:33] - create_user_list: new_list: <UserList (transient 4482463216)>
2024-12-22 02:16:06,791 - application.floors - DEBUG - define_floors [floors.py:22] - new_list: <UserList 2> (type: <class 'application.database.models.UserList'>)
2024-12-22 02:16:06,792 - application.list_utils - DEBUG - add_item_to_list [list_utils.py:59] - add_item_to_list(): user_list_id: 2, item_model: Floor, item_id: None, order: None, name: None
2024-12-22 02:16:06,792 - application.list_utils - DEBUG - create_new_default [list_utils.py:96] - create_new_default(): item_model: Floor, name: None
2024-12-22 02:16:06,792 - application.list_utils - DEBUG - create_new_default [list_utils.py:106] - name (create_new_default):  None
2024-12-22 02:16:06,794 - application.list_utils - DEBUG - set_default_floor_name [list_utils.py:555] - floor_count: 0
2024-12-22 02:16:06,801 - application.floors - DEBUG - define_floors [floors.py:24] - new_floor: <UserListEntry 2>
2024-12-22 02:16:06,802 - application.floors - DEBUG - set_active_floor [floors.py:42] - set_active_floor called with floor_id: 1
2024-12-22 02:16:06,809 - application.floors - DEBUG - set_active_floor [floors.py:53] - current_user.active_home.active_floor: <Floor 1>
2024-12-22 02:16:06,819 - application - DEBUG - after_request_time [__init__.py:42] - Request to /home/floors/setup took 0.04157090187072754 seconds
2024-12-22 02:16:06,819 - application - DEBUG - after_request_time [__init__.py:44] - view (after_request): None
2024-12-22 02:16:06,819 - application - DEBUG - after_request_time [__init__.py:46] - template (after_request): homes/create_floors.html.jinja
2024-12-22 02:16:06,894 - application.list_utils - DEBUG - get_list_entries_for_item [list_utils.py:428] - found_entries for <Home 1>: [<UserListEntry 1>]
2024-12-22 02:16:06,895 - application.list_utils - DEBUG - get_list_entries_for_item [list_utils.py:436] - Entry: <UserListEntry 1>
2024-12-22 02:16:06,896 - application.list_utils - DEBUG - get_list_entries_for_item [list_utils.py:437] - Item Model: Home, Item ID: 1
2024-12-22 02:16:06,896 - application.list_utils - DEBUG - get_list_entries_for_item [list_utils.py:438] - User List ID: 1 User List Name: bob Homes
2024-12-22 02:16:06,896 - application.list_utils - DEBUG - get_list_entries_for_item [list_utils.py:439] - user: 1
2024-12-22 02:16:06,896 - application.list_utils - DEBUG - get_userlist [list_utils.py:308] - get_userlist(): item_model: Floor, list_name: None, parent_entry_id: 1
2024-12-22 02:16:06,899 - application.list_utils - DEBUG - get_userlist [list_utils.py:322] - lists found (model, parent): [<UserList 2>]
2024-12-22 02:16:06,900 - application.list_utils - DEBUG - get_userlist [list_utils.py:349] - len(lists) == 1: None Floor 1
2024-12-22 02:16:06,900 - application.list_utils - DEBUG - get_userlist [list_utils.py:368] - userlist.entries: [<UserListEntry 2>] List type: <class 'sqlalchemy.orm.collections.InstrumentedList'>
2024-12-22 02:16:06,900 - application.list_utils - DEBUG - get_userlist [list_utils.py:370] - List: test Floors, Order: 0
2024-12-22 02:16:06,904 - application.list_utils - DEBUG - get_userlists_by_parent [list_utils.py:273] - get_userlists_by_parent: No lists found for parent_entry_id 2
2024-12-22 02:16:06,985 - application - DEBUG - after_request_time [__init__.py:42] - Request to /show_list/ took 0.09433889389038086 seconds
2024-12-22 02:16:06,985 - application - DEBUG - after_request_time [__init__.py:44] - view (after_request): None
2024-12-22 02:16:06,985 - application - DEBUG - after_request_time [__init__.py:46] - template (after_request): lists/list.html.jinja
