2024-12-20 14:56:40,541 - logs.logging_config - DEBUG - configure_logging [logging_config.py:178] - Application logging configured
2024-12-20 14:56:40,542 - logs.logging_config - INFO - configure_logging [logging_config.py:187] - Application started in production environment
2024-12-20 14:56:40,542 - application - DEBUG - create_app [__init__.py:28] - test2
2024-12-20 14:56:41,364 - application - DEBUG - after_request_time [__init__.py:42] - Request to / took 0.005809783935546875 seconds
2024-12-20 14:56:41,364 - application - DEBUG - after_request_time [__init__.py:44] - view (after_request): rename
2024-12-20 14:56:41,365 - application - DEBUG - after_request_time [__init__.py:46] - template (after_request): None
2024-12-20 14:56:41,413 - application.map - DEBUG - home_map [map.py:24] - map called with floor_id: 1
2024-12-20 14:56:41,422 - application.rooms - DEBUG - floor_room_check [rooms.py:165] - inside floor_room_check A: floor_id: 1, has_rooms: True
2024-12-20 14:56:41,425 - application.rooms - DEBUG - check_each_floor_for_rooms [rooms.py:172] - floor.rooms.count() <Floor 1> = 10
2024-12-20 14:56:41,426 - application.rooms - DEBUG - check_each_floor_for_rooms [rooms.py:172] - floor.rooms.count() <Floor 2> = 1
2024-12-20 14:56:41,427 - application.rooms - DEBUG - check_each_floor_for_rooms [rooms.py:172] - floor.rooms.count() <Floor 3> = 1
2024-12-20 14:56:41,428 - application.rooms - DEBUG - floor_room_check [rooms.py:167] - inside floor_room_check B: floor_id: 1, has_rooms: True
2024-12-20 14:56:41,428 - application.map - DEBUG - home_map [map.py:27] - room check: floor_id: 1, has_rooms: True
2024-12-20 14:56:41,429 - application.floors - DEBUG - set_active_floor [floors.py:41] - set_active_floor called with floor_id: 1
2024-12-20 14:56:41,434 - application.floors - DEBUG - set_active_floor [floors.py:52] - current_user.active_home.active_floor: <Floor 1>
2024-12-20 14:56:41,438 - application.list_utils - DEBUG - get_list_entries_for_item [list_utils.py:428] - found_entries for <Home 1>: [<UserListEntry 1>]
2024-12-20 14:56:41,443 - application.list_utils - DEBUG - get_list_entries_for_item [list_utils.py:436] - Entry: <UserListEntry 1>
2024-12-20 14:56:41,444 - application.list_utils - DEBUG - get_list_entries_for_item [list_utils.py:437] - Item Model: Home, Item ID: 1
2024-12-20 14:56:41,444 - application.list_utils - DEBUG - get_list_entries_for_item [list_utils.py:438] - User List ID: 1 User List Name: bob Homes
2024-12-20 14:56:41,444 - application.list_utils - DEBUG - get_list_entries_for_item [list_utils.py:439] - user: 1
2024-12-20 14:56:41,444 - application.list_utils - DEBUG - get_userlist [list_utils.py:308] - get_userlist(): item_model: Floor, list_name: None, parent_entry_id: 1
2024-12-20 14:56:41,448 - application.list_utils - DEBUG - get_userlist [list_utils.py:322] - lists found (model, parent): [<UserList 2>]
2024-12-20 14:56:41,449 - application.list_utils - DEBUG - get_userlist [list_utils.py:349] - len(lists) == 1: None Floor 1
2024-12-20 14:56:41,449 - application.list_utils - DEBUG - get_userlist [list_utils.py:368] - userlist.entries: [<UserListEntry 2>, <UserListEntry 3>, <UserListEntry 4>] List type: <class 'sqlalchemy.orm.collections.InstrumentedList'>
2024-12-20 14:56:41,449 - application.list_utils - DEBUG - get_userlist [list_utils.py:370] - List: dcvvdcvcxzztzszs Floors, Order: 1
2024-12-20 14:56:41,449 - application.list_utils - DEBUG - get_userlist [list_utils.py:370] - List: dcvvdcvcxzztzszs Floors, Order: 0
2024-12-20 14:56:41,450 - application.list_utils - DEBUG - get_userlist [list_utils.py:370] - List: dcvvdcvcxzztzszs Floors, Order: 2
2024-12-20 14:56:41,450 - application.rooms - DEBUG - get_room_list [rooms.py:42] - floor_list: <UserList 2> (type: <class 'application.database.models.UserList'>)
2024-12-20 14:56:41,450 - application.rooms - DEBUG - get_room_list [rooms.py:43] - floor_list entries count: 3
2024-12-20 14:56:41,450 - application.rooms - DEBUG - get_room_list [rooms.py:50] - floor list get floor_entry.id: 2
2024-12-20 14:56:41,451 - application.rooms - DEBUG - get_room_list [rooms.py:51] - floor list get floor_entry.get_item().name: Main Floor
2024-12-20 14:56:41,460 - application.rooms - DEBUG - get_room_list [rooms.py:56] - room_list: <UserList 3> (type: <class 'application.database.models.UserList'>) parent: Main Floor
2024-12-20 14:56:41,460 - application.rooms - DEBUG - get_room_list [rooms.py:50] - floor list get floor_entry.id: 3
2024-12-20 14:56:41,461 - application.rooms - DEBUG - get_room_list [rooms.py:51] - floor list get floor_entry.get_item().name: 2nd Floor
2024-12-20 14:56:41,463 - application.rooms - DEBUG - get_room_list [rooms.py:56] - room_list: <UserList 4> (type: <class 'application.database.models.UserList'>) parent: 2nd Floor
2024-12-20 14:56:41,463 - application.rooms - DEBUG - get_room_list [rooms.py:50] - floor list get floor_entry.id: 4
2024-12-20 14:56:41,464 - application.rooms - DEBUG - get_room_list [rooms.py:51] - floor list get floor_entry.get_item().name: Basement 1
2024-12-20 14:56:41,466 - application.rooms - DEBUG - get_room_list [rooms.py:56] - room_list: <UserList 5> (type: <class 'application.database.models.UserList'>) parent: Basement 1
2024-12-20 14:56:41,467 - application.list_utils - DEBUG - get_list_entries_for_item [list_utils.py:428] - found_entries for <Home 1>: [<UserListEntry 1>]
2024-12-20 14:56:41,468 - application.list_utils - DEBUG - get_list_entries_for_item [list_utils.py:436] - Entry: <UserListEntry 1>
2024-12-20 14:56:41,468 - application.list_utils - DEBUG - get_list_entries_for_item [list_utils.py:437] - Item Model: Home, Item ID: 1
2024-12-20 14:56:41,468 - application.list_utils - DEBUG - get_list_entries_for_item [list_utils.py:438] - User List ID: 1 User List Name: bob Homes
2024-12-20 14:56:41,469 - application.list_utils - DEBUG - get_list_entries_for_item [list_utils.py:439] - user: 1
2024-12-20 14:56:41,469 - application.rooms - DEBUG - get_room_list [rooms.py:57] - get_userlist(Room, current_user.active_home.name:dcvvdcvcxzztzszs current_user.active_home.active_floor.name:Main Floor Rooms, get_list_entries_for_item(current_user.active_home)[0].id:1
2024-12-20 14:56:41,469 - application.list_utils - DEBUG - get_list_entries_for_item [list_utils.py:428] - found_entries for <Floor 1>: [<UserListEntry 2>]
2024-12-20 14:56:41,470 - application.list_utils - DEBUG - get_list_entries_for_item [list_utils.py:436] - Entry: <UserListEntry 2>
2024-12-20 14:56:41,470 - application.list_utils - DEBUG - get_list_entries_for_item [list_utils.py:437] - Item Model: Floor, Item ID: 1
2024-12-20 14:56:41,470 - application.list_utils - DEBUG - get_list_entries_for_item [list_utils.py:438] - User List ID: 2 User List Name: dcvvdcvcxzztzszs Floors
2024-12-20 14:56:41,471 - application.list_utils - DEBUG - get_list_entries_for_item [list_utils.py:439] - user: 1
2024-12-20 14:56:41,471 - application.list_utils - DEBUG - get_userlist [list_utils.py:308] - get_userlist(): item_model: Room, list_name: None, parent_entry_id: 2
2024-12-20 14:56:41,473 - application.list_utils - DEBUG - get_userlist [list_utils.py:322] - lists found (model, parent): [<UserList 3>]
2024-12-20 14:56:41,473 - application.list_utils - DEBUG - get_userlist [list_utils.py:349] - len(lists) == 1: None Room 2
2024-12-20 14:56:41,474 - application.list_utils - DEBUG - get_userlist [list_utils.py:368] - userlist.entries: [<UserListEntry 22>, <UserListEntry 24>, <UserListEntry 36>, <UserListEntry 38>, <UserListEntry 40>, <UserListEntry 42>, <UserListEntry 44>, <UserListEntry 46>, <UserListEntry 48>, <UserListEntry 50>] List type: <class 'sqlalchemy.orm.collections.InstrumentedList'>
2024-12-20 14:56:41,474 - application.list_utils - DEBUG - get_userlist [list_utils.py:370] - List: dcvvdcvcxzztzszs Main Floor Rooms, Order: 1022
2024-12-20 14:56:41,474 - application.list_utils - DEBUG - get_userlist [list_utils.py:370] - List: dcvvdcvcxzztzszs Main Floor Rooms, Order: 0
2024-12-20 14:56:41,474 - application.list_utils - DEBUG - get_userlist [list_utils.py:370] - List: dcvvdcvcxzztzszs Main Floor Rooms, Order: 730
2024-12-20 14:56:41,474 - application.list_utils - DEBUG - get_userlist [list_utils.py:370] - List: dcvvdcvcxzztzszs Main Floor Rooms, Order: 1168
2024-12-20 14:56:41,474 - application.list_utils - DEBUG - get_userlist [list_utils.py:370] - List: dcvvdcvcxzztzszs Main Floor Rooms, Order: 876
2024-12-20 14:56:41,475 - application.list_utils - DEBUG - get_userlist [list_utils.py:370] - List: dcvvdcvcxzztzszs Main Floor Rooms, Order: 1314
2024-12-20 14:56:41,475 - application.list_utils - DEBUG - get_userlist [list_utils.py:370] - List: dcvvdcvcxzztzszs Main Floor Rooms, Order: 584
2024-12-20 14:56:41,475 - application.list_utils - DEBUG - get_userlist [list_utils.py:370] - List: dcvvdcvcxzztzszs Main Floor Rooms, Order: 146
2024-12-20 14:56:41,475 - application.list_utils - DEBUG - get_userlist [list_utils.py:370] - List: dcvvdcvcxzztzszs Main Floor Rooms, Order: 438
2024-12-20 14:56:41,475 - application.list_utils - DEBUG - get_userlist [list_utils.py:370] - List: dcvvdcvcxzztzszs Main Floor Rooms, Order: 292
2024-12-20 14:56:41,475 - application.map - DEBUG - home_map [map.py:34] - floor_list MAP: <UserList 2>
2024-12-20 14:56:41,549 - application - DEBUG - after_request_time [__init__.py:42] - Request to /map/ took 0.14014410972595215 seconds
2024-12-20 14:56:41,549 - application - DEBUG - after_request_time [__init__.py:44] - view (after_request): map
2024-12-20 14:56:41,550 - application - DEBUG - after_request_time [__init__.py:46] - template (after_request): map/index.html.jinja
2024-12-20 14:56:41,621 - application - DEBUG - after_request_time [__init__.py:42] - Request to /static/js/bundle.js took 0.0094451904296875 seconds
2024-12-20 14:56:41,623 - application - DEBUG - after_request_time [__init__.py:44] - view (after_request): map
2024-12-20 14:56:41,625 - application - DEBUG - after_request_time [__init__.py:46] - template (after_request): None
2024-12-20 14:56:41,626 - application - DEBUG - after_request_time [__init__.py:42] - Request to /static/css/main.css took 0.007976055145263672 seconds
2024-12-20 14:56:41,628 - application - DEBUG - after_request_time [__init__.py:44] - view (after_request): map
2024-12-20 14:56:41,628 - application - DEBUG - after_request_time [__init__.py:46] - template (after_request): None
2024-12-20 14:56:41,665 - application - DEBUG - after_request_time [__init__.py:42] - Request to /static/css/color-mode.css took 0.00164794921875 seconds
2024-12-20 14:56:41,667 - application - DEBUG - after_request_time [__init__.py:44] - view (after_request): map
2024-12-20 14:56:41,670 - application - DEBUG - after_request_time [__init__.py:46] - template (after_request): None
2024-12-20 14:56:41,674 - application - DEBUG - after_request_time [__init__.py:42] - Request to /static/css/flash-message.css took 0.00586390495300293 seconds
2024-12-20 14:56:41,677 - application - DEBUG - after_request_time [__init__.py:44] - view (after_request): map
2024-12-20 14:56:41,678 - application - DEBUG - after_request_time [__init__.py:46] - template (after_request): None
2024-12-20 14:56:41,683 - application - DEBUG - after_request_time [__init__.py:42] - Request to /static/css/typography.css took 0.0024890899658203125 seconds
2024-12-20 14:56:41,683 - application - DEBUG - after_request_time [__init__.py:44] - view (after_request): map
2024-12-20 14:56:41,684 - application - DEBUG - after_request_time [__init__.py:42] - Request to /static/css/sortables.css took 0.0018701553344726562 seconds
2024-12-20 14:56:41,684 - application - DEBUG - after_request_time [__init__.py:46] - template (after_request): None
2024-12-20 14:56:41,685 - application - DEBUG - after_request_time [__init__.py:44] - view (after_request): map
2024-12-20 14:56:41,687 - application - DEBUG - after_request_time [__init__.py:46] - template (after_request): None
2024-12-20 14:56:41,762 - application.list_utils - DEBUG - get_list_entries_for_item [list_utils.py:428] - found_entries for <Home 1>: [<UserListEntry 1>]
2024-12-20 14:56:41,763 - application.list_utils - DEBUG - get_list_entries_for_item [list_utils.py:415] - input_string: <Home 1>, item_model: Home, item_id: 1
2024-12-20 14:56:41,764 - application.list_utils - DEBUG - get_list_entries_for_item [list_utils.py:428] - found_entries for <Floor 1>: [<UserListEntry 2>]
2024-12-20 14:56:41,765 - application.list_utils - DEBUG - get_list_entries_for_item [list_utils.py:436] - Entry: <UserListEntry 1>
2024-12-20 14:56:41,767 - application.list_utils - DEBUG - get_list_entries_for_item [list_utils.py:428] - found_entries for <Home 1>: [<UserListEntry 1>]
2024-12-20 14:56:41,768 - application.list_utils - DEBUG - get_list_entries_for_item [list_utils.py:436] - Entry: <UserListEntry 2>
2024-12-20 14:56:41,768 - application.list_utils - DEBUG - get_list_entries_for_item [list_utils.py:437] - Item Model: Home, Item ID: 1
2024-12-20 14:56:41,769 - application.list_utils - DEBUG - get_list_entries_for_item [list_utils.py:437] - Item Model: Floor, Item ID: 1
2024-12-20 14:56:41,770 - application.list_utils - DEBUG - get_list_entries_for_item [list_utils.py:436] - Entry: <UserListEntry 1>
2024-12-20 14:56:41,771 - application.list_utils - DEBUG - get_list_entries_for_item [list_utils.py:438] - User List ID: 1 User List Name: bob Homes
2024-12-20 14:56:41,772 - application.list_utils - DEBUG - get_list_entries_for_item [list_utils.py:438] - User List ID: 2 User List Name: dcvvdcvcxzztzszs Floors
2024-12-20 14:56:41,772 - application.list_utils - DEBUG - get_list_entries_for_item [list_utils.py:437] - Item Model: Home, Item ID: 1
2024-12-20 14:56:41,773 - application.list_utils - DEBUG - get_list_entries_for_item [list_utils.py:438] - User List ID: 1 User List Name: bob Homes
2024-12-20 14:56:41,773 - application.list_utils - DEBUG - get_list_entries_for_item [list_utils.py:439] - user: 1
2024-12-20 14:56:41,772 - application.list_utils - DEBUG - get_list_entries_for_item [list_utils.py:439] - user: 1
2024-12-20 14:56:41,774 - application.list_utils - DEBUG - get_list_entries_for_item [list_utils.py:439] - user: 1
2024-12-20 14:56:41,774 - application.list_utils - DEBUG - get_userlist [list_utils.py:308] - get_userlist(): item_model: Room, list_name: None, parent_entry_id: 2
2024-12-20 14:56:41,775 - application.list_utils - DEBUG - get_userlist [list_utils.py:308] - get_userlist(): item_model: Floor, list_name: None, parent_entry_id: 1
2024-12-20 14:56:41,775 - application.list_utils - DEBUG - get_top_userlists_by_root_parent [list_utils.py:279] - input root_parent_entry_id: 1 model: Task
2024-12-20 14:56:41,781 - application.list_utils - DEBUG - get_userlist [list_utils.py:322] - lists found (model, parent): [<UserList 3>]
2024-12-20 14:56:41,781 - application.list_utils - DEBUG - get_userlist [list_utils.py:322] - lists found (model, parent): [<UserList 2>]
2024-12-20 14:56:41,782 - application.list_utils - DEBUG - get_userlists_by_parent [list_utils.py:271] - get_userlists_by_parent: lists found (parent_entry_id)1: [<UserList 2>]
2024-12-20 14:56:41,782 - application.list_utils - DEBUG - get_userlist [list_utils.py:349] - len(lists) == 1: None Room 2
2024-12-20 14:56:41,783 - application.list_utils - DEBUG - get_userlist [list_utils.py:349] - len(lists) == 1: None Floor 1
2024-12-20 14:56:41,784 - application.list_utils - DEBUG - get_userlist [list_utils.py:368] - userlist.entries: [<UserListEntry 22>, <UserListEntry 24>, <UserListEntry 36>, <UserListEntry 38>, <UserListEntry 40>, <UserListEntry 42>, <UserListEntry 44>, <UserListEntry 46>, <UserListEntry 48>, <UserListEntry 50>] List type: <class 'sqlalchemy.orm.collections.InstrumentedList'>
2024-12-20 14:56:41,784 - application.list_utils - DEBUG - get_userlists_by_parent [list_utils.py:271] - get_userlists_by_parent: lists found (parent_entry_id)2: [<UserList 3>]
2024-12-20 14:56:41,784 - application.list_utils - DEBUG - get_userlist [list_utils.py:368] - userlist.entries: [<UserListEntry 2>, <UserListEntry 3>, <UserListEntry 4>] List type: <class 'sqlalchemy.orm.collections.InstrumentedList'>
2024-12-20 14:56:41,785 - application.list_utils - DEBUG - get_userlist [list_utils.py:370] - List: dcvvdcvcxzztzszs Main Floor Rooms, Order: 1022
2024-12-20 14:56:41,786 - application.list_utils - DEBUG - get_userlist [list_utils.py:370] - List: dcvvdcvcxzztzszs Floors, Order: 1
2024-12-20 14:56:41,786 - application.list_utils - DEBUG - get_userlists_by_parent [list_utils.py:271] - get_userlists_by_parent: lists found (parent_entry_id)3: [<UserList 4>]
2024-12-20 14:56:41,787 - application.list_utils - DEBUG - get_userlist [list_utils.py:370] - List: dcvvdcvcxzztzszs Main Floor Rooms, Order: 0
2024-12-20 14:56:41,788 - application.list_utils - DEBUG - get_userlist [list_utils.py:370] - List: dcvvdcvcxzztzszs Floors, Order: 0
2024-12-20 14:56:41,789 - application.list_utils - DEBUG - get_userlist [list_utils.py:370] - List: dcvvdcvcxzztzszs Main Floor Rooms, Order: 730
2024-12-20 14:56:41,789 - application.list_utils - DEBUG - get_userlists_by_parent [list_utils.py:271] - get_userlists_by_parent: lists found (parent_entry_id)4: [<UserList 5>]
2024-12-20 14:56:41,790 - application.list_utils - DEBUG - get_userlist [list_utils.py:370] - List: dcvvdcvcxzztzszs Floors, Order: 2
2024-12-20 14:56:41,790 - application.list_utils - DEBUG - get_userlist [list_utils.py:370] - List: dcvvdcvcxzztzszs Main Floor Rooms, Order: 1168
2024-12-20 14:56:41,793 - application.list_utils - DEBUG - get_userlists_by_parent [list_utils.py:271] - get_userlists_by_parent: lists found (parent_entry_id)22: [<UserList 7>]
2024-12-20 14:56:41,793 - application.list_utils - DEBUG - get_userlist [list_utils.py:370] - List: dcvvdcvcxzztzszs Main Floor Rooms, Order: 876
2024-12-20 14:56:41,795 - application.list_utils - DEBUG - get_userlists_by_parent [list_utils.py:271] - get_userlists_by_parent: lists found (parent_entry_id)2: [<UserList 3>]
2024-12-20 14:56:41,796 - application.list_utils - DEBUG - get_userlist [list_utils.py:370] - List: dcvvdcvcxzztzszs Main Floor Rooms, Order: 1314
2024-12-20 14:56:41,796 - application.list_utils - DEBUG - get_userlists_by_parent [list_utils.py:271] - get_userlists_by_parent: lists found (parent_entry_id)24: [<UserList 9>, <UserList 15>]
2024-12-20 14:56:41,797 - application.list_utils - DEBUG - get_userlist [list_utils.py:370] - List: dcvvdcvcxzztzszs Main Floor Rooms, Order: 584
2024-12-20 14:56:41,797 - application.list_utils - DEBUG - get_userlists_by_parent [list_utils.py:271] - get_userlists_by_parent: lists found (parent_entry_id)3: [<UserList 4>]
2024-12-20 14:56:41,798 - application.list_utils - DEBUG - get_userlists_by_parent [list_utils.py:271] - get_userlists_by_parent: lists found (parent_entry_id)36: [<UserList 17>]
2024-12-20 14:56:41,799 - application.list_utils - DEBUG - get_userlist [list_utils.py:370] - List: dcvvdcvcxzztzszs Main Floor Rooms, Order: 146
2024-12-20 14:56:41,801 - application.list_utils - DEBUG - get_userlists_by_parent [list_utils.py:271] - get_userlists_by_parent: lists found (parent_entry_id)4: [<UserList 5>]
2024-12-20 14:56:41,802 - application.list_utils - DEBUG - get_userlist [list_utils.py:370] - List: dcvvdcvcxzztzszs Main Floor Rooms, Order: 438
2024-12-20 14:56:41,802 - application.list_utils - DEBUG - get_userlists_by_parent [list_utils.py:271] - get_userlists_by_parent: lists found (parent_entry_id)38: [<UserList 19>]
2024-12-20 14:56:41,820 - application.list_utils - DEBUG - get_userlist [list_utils.py:370] - List: dcvvdcvcxzztzszs Main Floor Rooms, Order: 292
2024-12-20 14:56:41,844 - application.list_utils - DEBUG - get_userlists_by_parent [list_utils.py:271] - get_userlists_by_parent: lists found (parent_entry_id)40: [<UserList 21>]
2024-12-20 14:56:41,846 - application.list_utils - DEBUG - get_userlists_by_parent [list_utils.py:271] - get_userlists_by_parent: lists found (parent_entry_id)22: [<UserList 7>]
2024-12-20 14:56:41,849 - application.list_utils - DEBUG - get_userlists_by_parent [list_utils.py:271] - get_userlists_by_parent: lists found (parent_entry_id)42: [<UserList 23>]
2024-12-20 14:56:41,856 - application.list_utils - DEBUG - get_userlists_by_parent [list_utils.py:271] - get_userlists_by_parent: lists found (parent_entry_id)24: [<UserList 9>, <UserList 15>]
2024-12-20 14:56:41,862 - application.list_utils - DEBUG - get_userlists_by_parent [list_utils.py:271] - get_userlists_by_parent: lists found (parent_entry_id)44: [<UserList 25>]
2024-12-20 14:56:41,886 - application.list_utils - DEBUG - get_userlists_by_parent [list_utils.py:271] - get_userlists_by_parent: lists found (parent_entry_id)36: [<UserList 17>]
2024-12-20 14:56:41,889 - application.list_utils - DEBUG - get_userlists_by_parent [list_utils.py:271] - get_userlists_by_parent: lists found (parent_entry_id)46: [<UserList 27>]
2024-12-20 14:56:41,890 - application.list_utils - DEBUG - get_userlists_by_parent [list_utils.py:271] - get_userlists_by_parent: lists found (parent_entry_id)38: [<UserList 19>]
2024-12-20 14:56:41,891 - application.list_utils - DEBUG - get_userlists_by_parent [list_utils.py:271] - get_userlists_by_parent: lists found (parent_entry_id)48: [<UserList 29>]
2024-12-20 14:56:41,894 - application - DEBUG - after_request_time [__init__.py:42] - Request to /show_list/ took 0.14345121383666992 seconds
2024-12-20 14:56:41,894 - application.list_utils - DEBUG - get_userlists_by_parent [list_utils.py:271] - get_userlists_by_parent: lists found (parent_entry_id)40: [<UserList 21>]
2024-12-20 14:56:41,895 - application.list_utils - DEBUG - get_userlists_by_parent [list_utils.py:271] - get_userlists_by_parent: lists found (parent_entry_id)50: [<UserList 31>]
2024-12-20 14:56:41,895 - application - DEBUG - after_request_time [__init__.py:44] - view (after_request): map
2024-12-20 14:56:41,896 - application.list_utils - DEBUG - get_userlists_by_parent [list_utils.py:271] - get_userlists_by_parent: lists found (parent_entry_id)42: [<UserList 23>]
2024-12-20 14:56:41,897 - application - DEBUG - after_request_time [__init__.py:46] - template (after_request): lists/list.html.jinja
2024-12-20 14:56:41,897 - application.list_utils - DEBUG - get_userlists_by_parent [list_utils.py:271] - get_userlists_by_parent: lists found (parent_entry_id)26: [<UserList 11>, <UserList 16>]
2024-12-20 14:56:41,899 - application.list_utils - DEBUG - get_userlists_by_parent [list_utils.py:271] - get_userlists_by_parent: lists found (parent_entry_id)44: [<UserList 25>]
2024-12-20 14:56:41,900 - application.list_utils - DEBUG - get_userlists_by_parent [list_utils.py:271] - get_userlists_by_parent: lists found (parent_entry_id)28: [<UserList 13>]
2024-12-20 14:56:41,901 - application.list_utils - DEBUG - get_top_userlists_by_root_parent [list_utils.py:292] - get_top_userlists_by_root_parent: lists found (parent_entry_id)1: [<UserList 15>, <UserList 16>]
2024-12-20 14:56:41,905 - application.list_utils - DEBUG - get_userlists_by_parent [list_utils.py:271] - get_userlists_by_parent: lists found (parent_entry_id)46: [<UserList 27>]
2024-12-20 14:56:41,905 - application.list_utils - DEBUG - get_userlists_by_parent [list_utils.py:273] - get_userlists_by_parent: No lists found for parent_entry_id 29
2024-12-20 14:56:41,908 - application.list_utils - DEBUG - get_userlists_by_parent [list_utils.py:271] - get_userlists_by_parent: lists found (parent_entry_id)48: [<UserList 29>]
2024-12-20 14:56:41,909 - application.list_utils - DEBUG - get_userlists_by_parent [list_utils.py:273] - get_userlists_by_parent: No lists found for parent_entry_id 30
2024-12-20 14:56:41,910 - application.list_utils - DEBUG - get_userlists_by_parent [list_utils.py:271] - get_userlists_by_parent: lists found (parent_entry_id)50: [<UserList 31>]
2024-12-20 14:56:41,912 - application.list_utils - DEBUG - get_userlists_by_parent [list_utils.py:273] - get_userlists_by_parent: No lists found for parent_entry_id 31
2024-12-20 14:56:41,913 - application.list_utils - DEBUG - get_userlists_by_parent [list_utils.py:273] - get_userlists_by_parent: No lists found for parent_entry_id 32
2024-12-20 14:56:42,127 - application - DEBUG - after_request_time [__init__.py:42] - Request to /show_list/ took 0.37789273262023926 seconds
2024-12-20 14:56:42,129 - application - DEBUG - after_request_time [__init__.py:44] - view (after_request): map
2024-12-20 14:56:42,131 - application - DEBUG - after_request_time [__init__.py:46] - template (after_request): lists/list.html.jinja
2024-12-20 14:56:42,145 - application - DEBUG - after_request_time [__init__.py:42] - Request to /show_list/ took 0.3902137279510498 seconds
2024-12-20 14:56:42,145 - application - DEBUG - after_request_time [__init__.py:44] - view (after_request): map
2024-12-20 14:56:42,145 - application - DEBUG - after_request_time [__init__.py:46] - template (after_request): lists/list.html.jinja
2024-12-20 14:56:42,216 - application.list_utils - DEBUG - get_list_entries_for_item [list_utils.py:428] - found_entries for <Photo 2>: [<UserListEntry 23>]
2024-12-20 14:56:42,227 - application.list_utils - DEBUG - get_list_entries_for_item [list_utils.py:436] - Entry: <UserListEntry 23>
2024-12-20 14:56:42,230 - application.list_utils - DEBUG - get_list_entries_for_item [list_utils.py:437] - Item Model: Photo, Item ID: 2
2024-12-20 14:56:42,230 - application.list_utils - DEBUG - get_list_entries_for_item [list_utils.py:428] - found_entries for <Photo 10>: [<UserListEntry 45>]
2024-12-20 14:56:42,231 - application.list_utils - DEBUG - get_list_entries_for_item [list_utils.py:438] - User List ID: 9 User List Name: Laundry Room 1 Photos
2024-12-20 14:56:42,234 - application.list_utils - DEBUG - get_list_entries_for_item [list_utils.py:428] - found_entries for <Photo 11>: [<UserListEntry 47>]
2024-12-20 14:56:42,237 - application.list_utils - DEBUG - get_list_entries_for_item [list_utils.py:436] - Entry: <UserListEntry 45>
2024-12-20 14:56:42,238 - application.list_utils - DEBUG - get_list_entries_for_item [list_utils.py:439] - user: 1
2024-12-20 14:56:42,239 - application.list_utils - DEBUG - get_list_entries_for_item [list_utils.py:428] - found_entries for <Photo 12>: [<UserListEntry 49>]
2024-12-20 14:56:42,240 - application.list_utils - DEBUG - get_list_entries_for_item [list_utils.py:428] - found_entries for <Photo 9>: [<UserListEntry 43>]
2024-12-20 14:56:42,242 - application.list_utils - DEBUG - get_list_entries_for_item [list_utils.py:437] - Item Model: Photo, Item ID: 10
2024-12-20 14:56:42,242 - application.list_utils - DEBUG - get_list_entries_for_item [list_utils.py:436] - Entry: <UserListEntry 47>
2024-12-20 14:56:42,284 - application - DEBUG - after_request_time [__init__.py:42] - Request to /show_photo_entry/2 took 0.07654595375061035 seconds
2024-12-20 14:56:42,243 - application.list_utils - DEBUG - get_list_entries_for_item [list_utils.py:428] - found_entries for <Photo 5>: [<UserListEntry 35>]
2024-12-20 14:56:42,284 - application - DEBUG - after_request_time [__init__.py:44] - view (after_request): map
2024-12-20 14:56:42,279 - application.list_utils - DEBUG - get_list_entries_for_item [list_utils.py:436] - Entry: <UserListEntry 49>
2024-12-20 14:56:42,285 - application - DEBUG - after_request_time [__init__.py:46] - template (after_request): lists/model/photo.html.jinja
2024-12-20 14:56:42,280 - application.list_utils - DEBUG - get_list_entries_for_item [list_utils.py:438] - User List ID: 27 User List Name: Attic 2 Photos
2024-12-20 14:56:42,281 - application.list_utils - DEBUG - get_list_entries_for_item [list_utils.py:436] - Entry: <UserListEntry 43>
2024-12-20 14:56:42,283 - application.list_utils - DEBUG - get_list_entries_for_item [list_utils.py:437] - Item Model: Photo, Item ID: 11
2024-12-20 14:56:42,285 - application.list_utils - DEBUG - get_list_entries_for_item [list_utils.py:437] - Item Model: Photo, Item ID: 12
2024-12-20 14:56:42,285 - application.list_utils - DEBUG - get_list_entries_for_item [list_utils.py:436] - Entry: <UserListEntry 35>
2024-12-20 14:56:42,287 - application.list_utils - DEBUG - get_list_entries_for_item [list_utils.py:439] - user: 1
2024-12-20 14:56:42,291 - application.list_utils - DEBUG - get_list_entries_for_item [list_utils.py:437] - Item Model: Photo, Item ID: 9
2024-12-20 14:56:42,302 - application - DEBUG - after_request_time [__init__.py:42] - Request to /show_photo_entry/10 took 0.08749103546142578 seconds
2024-12-20 14:56:42,303 - application - DEBUG - after_request_time [__init__.py:44] - view (after_request): map
2024-12-20 14:56:42,303 - application - DEBUG - after_request_time [__init__.py:46] - template (after_request): lists/model/photo.html.jinja
2024-12-20 14:56:42,291 - application.list_utils - DEBUG - get_list_entries_for_item [list_utils.py:438] - User List ID: 29 User List Name: Laundry Room 4 Photos
2024-12-20 14:56:42,292 - application.list_utils - DEBUG - get_list_entries_for_item [list_utils.py:438] - User List ID: 31 User List Name: Gym 1 Photos
2024-12-20 14:56:42,293 - application.list_utils - DEBUG - get_list_entries_for_item [list_utils.py:437] - Item Model: Photo, Item ID: 5
2024-12-20 14:56:42,297 - application.list_utils - DEBUG - get_list_entries_for_item [list_utils.py:438] - User List ID: 25 User List Name: Dining Room 2 Photos
2024-12-20 14:56:42,309 - application.list_utils - DEBUG - get_list_entries_for_item [list_utils.py:439] - user: 1
2024-12-20 14:56:42,310 - application.list_utils - DEBUG - get_list_entries_for_item [list_utils.py:428] - found_entries for <Photo 7>: [<UserListEntry 39>]
2024-12-20 14:56:42,319 - application - DEBUG - after_request_time [__init__.py:42] - Request to /show_photo_entry/11 took 0.0950310230255127 seconds
2024-12-20 14:56:42,320 - application - DEBUG - after_request_time [__init__.py:44] - view (after_request): map
2024-12-20 14:56:42,320 - application - DEBUG - after_request_time [__init__.py:46] - template (after_request): lists/model/photo.html.jinja
2024-12-20 14:56:42,311 - application.list_utils - DEBUG - get_list_entries_for_item [list_utils.py:439] - user: 1
2024-12-20 14:56:42,311 - application.list_utils - DEBUG - get_list_entries_for_item [list_utils.py:438] - User List ID: 17 User List Name: Dining Room 1 Photos
2024-12-20 14:56:42,311 - application.list_utils - DEBUG - get_list_entries_for_item [list_utils.py:439] - user: 1
2024-12-20 14:56:42,324 - application.list_utils - DEBUG - get_list_entries_for_item [list_utils.py:436] - Entry: <UserListEntry 39>
2024-12-20 14:56:42,328 - application.list_utils - DEBUG - get_list_entries_for_item [list_utils.py:439] - user: 1
2024-12-20 14:56:42,330 - application.list_utils - DEBUG - get_list_entries_for_item [list_utils.py:437] - Item Model: Photo, Item ID: 7
2024-12-20 14:56:42,332 - application.list_utils - DEBUG - get_list_entries_for_item [list_utils.py:438] - User List ID: 21 User List Name: Laundry Room 3 Photos
2024-12-20 14:56:42,336 - application - DEBUG - after_request_time [__init__.py:42] - Request to /show_photo_entry/12 took 0.10926628112792969 seconds
2024-12-20 14:56:42,336 - application - DEBUG - after_request_time [__init__.py:44] - view (after_request): map
2024-12-20 14:56:42,334 - application.list_utils - DEBUG - get_list_entries_for_item [list_utils.py:439] - user: 1
2024-12-20 14:56:42,337 - application - DEBUG - after_request_time [__init__.py:46] - template (after_request): lists/model/photo.html.jinja
2024-12-20 14:56:42,339 - application - DEBUG - after_request_time [__init__.py:42] - Request to /show_photo_entry/9 took 0.10576701164245605 seconds
2024-12-20 14:56:42,342 - application - DEBUG - after_request_time [__init__.py:42] - Request to /show_photo_entry/5 took 0.10690116882324219 seconds
2024-12-20 14:56:42,346 - application - DEBUG - after_request_time [__init__.py:44] - view (after_request): map
2024-12-20 14:56:42,356 - application.list_utils - DEBUG - get_list_entries_for_item [list_utils.py:428] - found_entries for <Photo 6>: [<UserListEntry 37>]
2024-12-20 14:56:42,356 - application.list_utils - DEBUG - get_list_entries_for_item [list_utils.py:428] - found_entries for <Photo 1>: [<UserListEntry 21>]
2024-12-20 14:56:42,349 - application - DEBUG - after_request_time [__init__.py:42] - Request to /show_photo_entry/7 took 0.04286694526672363 seconds
2024-12-20 14:56:42,350 - application - DEBUG - after_request_time [__init__.py:44] - view (after_request): map
2024-12-20 14:56:42,358 - application.list_utils - DEBUG - get_list_entries_for_item [list_utils.py:436] - Entry: <UserListEntry 37>
2024-12-20 14:56:42,357 - application - DEBUG - after_request_time [__init__.py:46] - template (after_request): lists/model/photo.html.jinja
2024-12-20 14:56:42,364 - application.list_utils - DEBUG - get_list_entries_for_item [list_utils.py:437] - Item Model: Photo, Item ID: 6
2024-12-20 14:56:42,363 - application - DEBUG - after_request_time [__init__.py:44] - view (after_request): map
2024-12-20 14:56:42,365 - application.list_utils - DEBUG - get_list_entries_for_item [list_utils.py:436] - Entry: <UserListEntry 21>
2024-12-20 14:56:42,364 - application - DEBUG - after_request_time [__init__.py:46] - template (after_request): lists/model/photo.html.jinja
2024-12-20 14:56:42,367 - application.list_utils - DEBUG - get_list_entries_for_item [list_utils.py:428] - found_entries for <Photo 8>: [<UserListEntry 41>]
2024-12-20 14:56:42,367 - application - DEBUG - after_request_time [__init__.py:46] - template (after_request): lists/model/photo.html.jinja
2024-12-20 14:56:42,367 - application.list_utils - DEBUG - get_list_entries_for_item [list_utils.py:438] - User List ID: 19 User List Name: Laundry Room 2 Photos
2024-12-20 14:56:42,368 - application.list_utils - DEBUG - get_list_entries_for_item [list_utils.py:437] - Item Model: Photo, Item ID: 1
2024-12-20 14:56:42,372 - application.list_utils - DEBUG - get_list_entries_for_item [list_utils.py:439] - user: 1
2024-12-20 14:56:42,373 - application.list_utils - DEBUG - get_list_entries_for_item [list_utils.py:438] - User List ID: 7 User List Name: Outdoor Space 1 Photos
2024-12-20 14:56:42,378 - application.list_utils - DEBUG - get_list_entries_for_item [list_utils.py:439] - user: 1
2024-12-20 14:56:42,392 - application - DEBUG - after_request_time [__init__.py:42] - Request to /show_photo_entry/6 took 0.04088187217712402 seconds
2024-12-20 14:56:42,392 - application - DEBUG - after_request_time [__init__.py:44] - view (after_request): map
2024-12-20 14:56:42,394 - application - DEBUG - after_request_time [__init__.py:46] - template (after_request): lists/model/photo.html.jinja
2024-12-20 14:56:42,393 - application.list_utils - DEBUG - get_list_entries_for_item [list_utils.py:436] - Entry: <UserListEntry 41>
2024-12-20 14:56:42,394 - application.list_utils - DEBUG - get_list_entries_for_item [list_utils.py:437] - Item Model: Photo, Item ID: 8
2024-12-20 14:56:42,395 - application.list_utils - DEBUG - get_list_entries_for_item [list_utils.py:438] - User List ID: 23 User List Name: Attic 1 Photos
2024-12-20 14:56:42,395 - application.list_utils - DEBUG - get_list_entries_for_item [list_utils.py:439] - user: 1
2024-12-20 14:56:42,417 - application - DEBUG - after_request_time [__init__.py:42] - Request to /show_photo_entry/1 took 0.09054207801818848 seconds
2024-12-20 14:56:42,442 - application - DEBUG - after_request_time [__init__.py:42] - Request to /show_photo_entry/8 took 0.08104109764099121 seconds
2024-12-20 14:56:42,443 - application - DEBUG - after_request_time [__init__.py:44] - view (after_request): map
2024-12-20 14:56:42,456 - application - DEBUG - after_request_time [__init__.py:44] - view (after_request): map
2024-12-20 14:56:42,487 - application - DEBUG - after_request_time [__init__.py:46] - template (after_request): lists/model/photo.html.jinja
2024-12-20 14:56:42,488 - application - DEBUG - after_request_time [__init__.py:46] - template (after_request): lists/model/photo.html.jinja
2024-12-20 14:56:42,600 - application - DEBUG - after_request_time [__init__.py:42] - Request to /show_list/10 took 0.21921920776367188 seconds
2024-12-20 14:56:42,601 - application - DEBUG - after_request_time [__init__.py:42] - Request to /show_list/32 took 0.11565899848937988 seconds
2024-12-20 14:56:42,603 - application - DEBUG - after_request_time [__init__.py:44] - view (after_request): map
2024-12-20 14:56:42,607 - application - DEBUG - after_request_time [__init__.py:46] - template (after_request): lists/list.html.jinja
2024-12-20 14:56:42,605 - application - DEBUG - after_request_time [__init__.py:44] - view (after_request): map
2024-12-20 14:56:42,604 - application - DEBUG - after_request_time [__init__.py:42] - Request to /show_list/30 took 0.1922922134399414 seconds
2024-12-20 14:56:42,611 - application - DEBUG - after_request_time [__init__.py:42] - Request to /show_list/26 took 0.09692597389221191 seconds
2024-12-20 14:56:42,611 - application - DEBUG - after_request_time [__init__.py:46] - template (after_request): lists/list.html.jinja
2024-12-20 14:56:42,613 - application - DEBUG - after_request_time [__init__.py:42] - Request to /show_list/28 took 0.20578503608703613 seconds
2024-12-20 14:56:42,614 - application - DEBUG - after_request_time [__init__.py:44] - view (after_request): map
2024-12-20 14:56:42,616 - application - DEBUG - after_request_time [__init__.py:44] - view (after_request): map
2024-12-20 14:56:42,624 - application - DEBUG - after_request_time [__init__.py:44] - view (after_request): map
2024-12-20 14:56:42,625 - application - DEBUG - after_request_time [__init__.py:42] - Request to /show_list/22 took 0.10977005958557129 seconds
2024-12-20 14:56:42,625 - application - DEBUG - after_request_time [__init__.py:46] - template (after_request): lists/list.html.jinja
2024-12-20 14:56:42,626 - application - DEBUG - after_request_time [__init__.py:46] - template (after_request): lists/list.html.jinja
2024-12-20 14:56:42,628 - application - DEBUG - after_request_time [__init__.py:46] - template (after_request): lists/list.html.jinja
2024-12-20 14:56:42,630 - application - DEBUG - after_request_time [__init__.py:44] - view (after_request): map
2024-12-20 14:56:42,647 - application - DEBUG - after_request_time [__init__.py:46] - template (after_request): lists/list.html.jinja
2024-12-20 14:56:42,686 - application - DEBUG - after_request_time [__init__.py:42] - Request to /static/defaults/generic_room.jpg took 0.0019240379333496094 seconds
2024-12-20 14:56:42,687 - application - DEBUG - after_request_time [__init__.py:44] - view (after_request): map
2024-12-20 14:56:42,691 - application - DEBUG - after_request_time [__init__.py:46] - template (after_request): None
2024-12-20 14:56:42,729 - application - DEBUG - after_request_time [__init__.py:42] - Request to /show_list/20 took 0.0967259407043457 seconds
2024-12-20 14:56:42,730 - application - DEBUG - after_request_time [__init__.py:44] - view (after_request): map
2024-12-20 14:56:42,731 - application - DEBUG - after_request_time [__init__.py:42] - Request to /show_list/18 took 0.11100387573242188 seconds
2024-12-20 14:56:42,731 - application - DEBUG - after_request_time [__init__.py:46] - template (after_request): lists/list.html.jinja
2024-12-20 14:56:42,732 - application - DEBUG - after_request_time [__init__.py:44] - view (after_request): map
2024-12-20 14:56:42,734 - application - DEBUG - after_request_time [__init__.py:46] - template (after_request): lists/list.html.jinja
2024-12-20 14:56:42,748 - application - DEBUG - after_request_time [__init__.py:42] - Request to /show_list/8 took 0.08823800086975098 seconds
2024-12-20 14:56:42,748 - application - DEBUG - after_request_time [__init__.py:44] - view (after_request): map
2024-12-20 14:56:42,749 - application - DEBUG - after_request_time [__init__.py:46] - template (after_request): lists/list.html.jinja
2024-12-20 14:56:42,751 - application - DEBUG - after_request_time [__init__.py:42] - Request to /show_list/24 took 0.0877981185913086 seconds
2024-12-20 14:56:42,752 - application - DEBUG - after_request_time [__init__.py:44] - view (after_request): map
2024-12-20 14:56:42,752 - application - DEBUG - after_request_time [__init__.py:46] - template (after_request): lists/list.html.jinja
2024-12-20 14:56:44,180 - application.walkthrough - DEBUG - walk_start [walkthrough.py:34] - get room_name: Dining Room 2
2024-12-20 14:56:44,180 - application.walkthrough - DEBUG - walk_start [walkthrough.py:35] - get view: rename
2024-12-20 14:56:44,182 - application.walkthrough - DEBUG - walk_start [walkthrough.py:39] - room: (<Room 9>,) room_name: Dining Room 2 room name name: Dining Room 2
2024-12-20 14:56:44,186 - application.rooms - DEBUG - set_active_room [rooms.py:118] - current_user.active_home.active_room: <Room 9>
2024-12-20 14:56:44,186 - application.walkthrough - DEBUG - walk_start [walkthrough.py:52] - view: rename
2024-12-20 14:56:44,187 - application - DEBUG - after_request_time [__init__.py:42] - Request to /walkthrough/Dining Room 2/rename took 0.008100748062133789 seconds
2024-12-20 14:56:44,187 - application - DEBUG - after_request_time [__init__.py:44] - view (after_request): rename
2024-12-20 14:56:44,188 - application - DEBUG - after_request_time [__init__.py:46] - template (after_request): None
2024-12-20 14:56:44,199 - application.walkthrough - DEBUG - views [walkthrough.py:70] - view?: rename
2024-12-20 14:56:44,199 - application.walkthrough - DEBUG - views [walkthrough.py:73] - File exists!: walkthrough/parts/rename.html.jinja
2024-12-20 14:56:44,216 - application - DEBUG - after_request_time [__init__.py:42] - Request to /walkthrough/steps took 0.017728090286254883 seconds
2024-12-20 14:56:44,216 - application - DEBUG - after_request_time [__init__.py:44] - view (after_request): rename
2024-12-20 14:56:44,216 - application - DEBUG - after_request_time [__init__.py:46] - template (after_request): walkthrough/index.html.jinja
2024-12-20 14:56:44,277 - application - DEBUG - after_request_time [__init__.py:42] - Request to /static/js/bundle.js took 0.0031609535217285156 seconds
2024-12-20 14:56:44,278 - application - DEBUG - after_request_time [__init__.py:44] - view (after_request): rename
2024-12-20 14:56:44,278 - application - DEBUG - after_request_time [__init__.py:42] - Request to /static/css/main.css took 0.0009739398956298828 seconds
2024-12-20 14:56:44,279 - application - DEBUG - after_request_time [__init__.py:46] - template (after_request): None
2024-12-20 14:56:44,280 - application - DEBUG - after_request_time [__init__.py:44] - view (after_request): rename
2024-12-20 14:56:44,283 - application - DEBUG - after_request_time [__init__.py:46] - template (after_request): None
2024-12-20 14:56:44,317 - application - DEBUG - after_request_time [__init__.py:42] - Request to /static/css/color-mode.css took 0.0036232471466064453 seconds
2024-12-20 14:56:44,320 - application - DEBUG - after_request_time [__init__.py:44] - view (after_request): rename
2024-12-20 14:56:44,321 - application - DEBUG - after_request_time [__init__.py:42] - Request to /static/css/flash-message.css took 0.0034918785095214844 seconds
2024-12-20 14:56:44,321 - application - DEBUG - after_request_time [__init__.py:46] - template (after_request): None
2024-12-20 14:56:44,322 - application - DEBUG - after_request_time [__init__.py:42] - Request to /static/css/sortables.css took 0.0010480880737304688 seconds
2024-12-20 14:56:44,323 - application - DEBUG - after_request_time [__init__.py:42] - Request to /static/css/typography.css took 0.0034198760986328125 seconds
2024-12-20 14:56:44,323 - application - DEBUG - after_request_time [__init__.py:44] - view (after_request): rename
2024-12-20 14:56:44,324 - application - DEBUG - after_request_time [__init__.py:44] - view (after_request): rename
2024-12-20 14:56:44,324 - application - DEBUG - after_request_time [__init__.py:44] - view (after_request): rename
2024-12-20 14:56:44,325 - application - DEBUG - after_request_time [__init__.py:46] - template (after_request): None
2024-12-20 14:56:44,325 - application - DEBUG - after_request_time [__init__.py:46] - template (after_request): None
2024-12-20 14:56:44,326 - application - DEBUG - after_request_time [__init__.py:46] - template (after_request): None
2024-12-20 14:56:44,382 - application.list_utils - DEBUG - get_list_entries_for_item [list_utils.py:428] - found_entries for <Home 1>: [<UserListEntry 1>]
2024-12-20 14:56:44,384 - application.list_utils - DEBUG - get_list_entries_for_item [list_utils.py:428] - found_entries for <Floor 1>: [<UserListEntry 2>]
2024-12-20 14:56:44,383 - application.walkthrough - DEBUG - views [walkthrough.py:70] - view?: rename
2024-12-20 14:56:44,384 - application.list_utils - DEBUG - get_list_entries_for_item [list_utils.py:436] - Entry: <UserListEntry 1>
2024-12-20 14:56:44,385 - application.walkthrough - DEBUG - views [walkthrough.py:73] - File exists!: walkthrough/parts/rename.html.jinja
2024-12-20 14:56:44,385 - application.list_utils - DEBUG - get_list_entries_for_item [list_utils.py:436] - Entry: <UserListEntry 2>
2024-12-20 14:56:44,385 - application.list_utils - DEBUG - get_list_entries_for_item [list_utils.py:437] - Item Model: Home, Item ID: 1
2024-12-20 14:56:44,386 - application.list_utils - DEBUG - get_list_entries_for_item [list_utils.py:437] - Item Model: Floor, Item ID: 1
2024-12-20 14:56:44,392 - application.list_utils - DEBUG - get_list_entries_for_item [list_utils.py:438] - User List ID: 1 User List Name: bob Homes
2024-12-20 14:56:44,406 - application.list_utils - DEBUG - get_list_entries_for_item [list_utils.py:438] - User List ID: 2 User List Name: dcvvdcvcxzztzszs Floors
2024-12-20 14:56:44,410 - application.list_utils - DEBUG - get_list_entries_for_item [list_utils.py:439] - user: 1
2024-12-20 14:56:44,410 - application.list_utils - DEBUG - get_list_entries_for_item [list_utils.py:439] - user: 1
2024-12-20 14:56:44,411 - application.list_utils - DEBUG - get_userlist [list_utils.py:308] - get_userlist(): item_model: Floor, list_name: None, parent_entry_id: 1
2024-12-20 14:56:44,411 - application.list_utils - DEBUG - get_userlist [list_utils.py:308] - get_userlist(): item_model: Room, list_name: None, parent_entry_id: 2
2024-12-20 14:56:44,414 - application.list_utils - DEBUG - get_userlist [list_utils.py:322] - lists found (model, parent): [<UserList 2>]
2024-12-20 14:56:44,415 - application.list_utils - DEBUG - get_userlist [list_utils.py:349] - len(lists) == 1: None Floor 1
2024-12-20 14:56:44,416 - application.list_utils - DEBUG - get_userlist [list_utils.py:368] - userlist.entries: [<UserListEntry 2>, <UserListEntry 3>, <UserListEntry 4>] List type: <class 'sqlalchemy.orm.collections.InstrumentedList'>
2024-12-20 14:56:44,416 - application.list_utils - DEBUG - get_userlist [list_utils.py:322] - lists found (model, parent): [<UserList 3>]
2024-12-20 14:56:44,425 - application - DEBUG - after_request_time [__init__.py:42] - Request to /walkthrough/steps took 0.04380488395690918 seconds
2024-12-20 14:56:44,416 - application.list_utils - DEBUG - get_userlist [list_utils.py:370] - List: dcvvdcvcxzztzszs Floors, Order: 1
2024-12-20 14:56:44,426 - application - DEBUG - after_request_time [__init__.py:44] - view (after_request): rename
2024-12-20 14:56:44,425 - application.list_utils - DEBUG - get_userlist [list_utils.py:349] - len(lists) == 1: None Room 2
2024-12-20 14:56:44,426 - application - DEBUG - after_request_time [__init__.py:46] - template (after_request): walkthrough/parts/rename.html.jinja
2024-12-20 14:56:44,426 - application.list_utils - DEBUG - get_userlist [list_utils.py:370] - List: dcvvdcvcxzztzszs Floors, Order: 0
2024-12-20 14:56:44,426 - application.list_utils - DEBUG - get_userlist [list_utils.py:368] - userlist.entries: [<UserListEntry 22>, <UserListEntry 24>, <UserListEntry 36>, <UserListEntry 38>, <UserListEntry 40>, <UserListEntry 42>, <UserListEntry 44>, <UserListEntry 46>, <UserListEntry 48>, <UserListEntry 50>] List type: <class 'sqlalchemy.orm.collections.InstrumentedList'>
2024-12-20 14:56:44,427 - application.list_utils - DEBUG - get_userlist [list_utils.py:370] - List: dcvvdcvcxzztzszs Floors, Order: 2
2024-12-20 14:56:44,428 - application.list_utils - DEBUG - get_userlist [list_utils.py:370] - List: dcvvdcvcxzztzszs Main Floor Rooms, Order: 1022
2024-12-20 14:56:44,429 - application.list_utils - DEBUG - get_userlist [list_utils.py:370] - List: dcvvdcvcxzztzszs Main Floor Rooms, Order: 0
2024-12-20 14:56:44,430 - application.list_utils - DEBUG - get_userlist [list_utils.py:370] - List: dcvvdcvcxzztzszs Main Floor Rooms, Order: 730
2024-12-20 14:56:44,431 - application.list_utils - DEBUG - get_userlist [list_utils.py:370] - List: dcvvdcvcxzztzszs Main Floor Rooms, Order: 1168
2024-12-20 14:56:44,431 - application.list_utils - DEBUG - get_userlist [list_utils.py:370] - List: dcvvdcvcxzztzszs Main Floor Rooms, Order: 876
2024-12-20 14:56:44,432 - application.list_utils - DEBUG - get_userlist [list_utils.py:370] - List: dcvvdcvcxzztzszs Main Floor Rooms, Order: 1314
2024-12-20 14:56:44,433 - application.list_utils - DEBUG - get_userlist [list_utils.py:370] - List: dcvvdcvcxzztzszs Main Floor Rooms, Order: 584
2024-12-20 14:56:44,433 - application.list_utils - DEBUG - get_userlists_by_parent [list_utils.py:271] - get_userlists_by_parent: lists found (parent_entry_id)2: [<UserList 3>]
2024-12-20 14:56:44,434 - application.list_utils - DEBUG - get_userlist [list_utils.py:370] - List: dcvvdcvcxzztzszs Main Floor Rooms, Order: 146
2024-12-20 14:56:44,435 - application.list_utils - DEBUG - get_userlists_by_parent [list_utils.py:271] - get_userlists_by_parent: lists found (parent_entry_id)3: [<UserList 4>]
2024-12-20 14:56:44,435 - application.list_utils - DEBUG - get_userlist [list_utils.py:370] - List: dcvvdcvcxzztzszs Main Floor Rooms, Order: 438
2024-12-20 14:56:44,437 - application.list_utils - DEBUG - get_userlists_by_parent [list_utils.py:271] - get_userlists_by_parent: lists found (parent_entry_id)4: [<UserList 5>]
2024-12-20 14:56:44,437 - application.list_utils - DEBUG - get_userlist [list_utils.py:370] - List: dcvvdcvcxzztzszs Main Floor Rooms, Order: 292
2024-12-20 14:56:44,440 - application.list_utils - DEBUG - get_userlists_by_parent [list_utils.py:271] - get_userlists_by_parent: lists found (parent_entry_id)22: [<UserList 7>]
2024-12-20 14:56:44,442 - application.list_utils - DEBUG - get_userlists_by_parent [list_utils.py:271] - get_userlists_by_parent: lists found (parent_entry_id)24: [<UserList 9>, <UserList 15>]
2024-12-20 14:56:44,445 - application - DEBUG - after_request_time [__init__.py:42] - Request to /show_list/ took 0.07160806655883789 seconds
2024-12-20 14:56:44,444 - application.list_utils - DEBUG - get_userlists_by_parent [list_utils.py:271] - get_userlists_by_parent: lists found (parent_entry_id)36: [<UserList 17>]
2024-12-20 14:56:44,446 - application.list_utils - DEBUG - get_userlists_by_parent [list_utils.py:271] - get_userlists_by_parent: lists found (parent_entry_id)38: [<UserList 19>]
2024-12-20 14:56:44,445 - application - DEBUG - after_request_time [__init__.py:44] - view (after_request): rename
2024-12-20 14:56:44,446 - application - DEBUG - after_request_time [__init__.py:46] - template (after_request): lists/list.html.jinja
2024-12-20 14:56:44,447 - application.list_utils - DEBUG - get_userlists_by_parent [list_utils.py:271] - get_userlists_by_parent: lists found (parent_entry_id)40: [<UserList 21>]
2024-12-20 14:56:44,449 - application.list_utils - DEBUG - get_userlists_by_parent [list_utils.py:271] - get_userlists_by_parent: lists found (parent_entry_id)42: [<UserList 23>]
2024-12-20 14:56:44,452 - application.list_utils - DEBUG - get_userlists_by_parent [list_utils.py:271] - get_userlists_by_parent: lists found (parent_entry_id)44: [<UserList 25>]
2024-12-20 14:56:44,454 - application.list_utils - DEBUG - get_userlists_by_parent [list_utils.py:271] - get_userlists_by_parent: lists found (parent_entry_id)46: [<UserList 27>]
2024-12-20 14:56:44,456 - application.list_utils - DEBUG - get_userlists_by_parent [list_utils.py:271] - get_userlists_by_parent: lists found (parent_entry_id)48: [<UserList 29>]
2024-12-20 14:56:44,457 - application.list_utils - DEBUG - get_userlists_by_parent [list_utils.py:271] - get_userlists_by_parent: lists found (parent_entry_id)50: [<UserList 31>]
2024-12-20 14:56:44,467 - application - DEBUG - after_request_time [__init__.py:42] - Request to /show_list/ took 0.09004902839660645 seconds
2024-12-20 14:56:44,468 - application - DEBUG - after_request_time [__init__.py:44] - view (after_request): rename
2024-12-20 14:56:44,468 - application - DEBUG - after_request_time [__init__.py:46] - template (after_request): lists/list.html.jinja
2024-12-20 14:56:46,527 - application.list_utils - DEBUG - get_list_entries_for_item [list_utils.py:428] - found_entries for <Room 9>: [<UserListEntry 44>]
2024-12-20 14:56:46,528 - application.list_utils - DEBUG - get_list_entries_for_item [list_utils.py:436] - Entry: <UserListEntry 44>
2024-12-20 14:56:46,528 - application.list_utils - DEBUG - get_list_entries_for_item [list_utils.py:437] - Item Model: Room, Item ID: 9
2024-12-20 14:56:46,528 - application.list_utils - DEBUG - get_list_entries_for_item [list_utils.py:438] - User List ID: 3 User List Name: dcvvdcvcxzztzszs Main Floor Rooms
2024-12-20 14:56:46,529 - application.list_utils - DEBUG - get_list_entries_for_item [list_utils.py:439] - user: 1
2024-12-20 14:56:46,531 - application.list_utils - DEBUG - get_list_entries_for_item [list_utils.py:428] - found_entries for <Floor 1>: [<UserListEntry 2>]
2024-12-20 14:56:46,532 - application.list_utils - DEBUG - get_list_entries_for_item [list_utils.py:436] - Entry: <UserListEntry 2>
2024-12-20 14:56:46,532 - application.list_utils - DEBUG - get_list_entries_for_item [list_utils.py:437] - Item Model: Floor, Item ID: 1
2024-12-20 14:56:46,533 - application.list_utils - DEBUG - get_list_entries_for_item [list_utils.py:438] - User List ID: 2 User List Name: dcvvdcvcxzztzszs Floors
2024-12-20 14:56:46,533 - application.list_utils - DEBUG - get_list_entries_for_item [list_utils.py:439] - user: 1
2024-12-20 14:56:46,534 - application.list_utils - DEBUG - get_userlist [list_utils.py:308] - get_userlist(): item_model: Room, list_name: None, parent_entry_id: 2
2024-12-20 14:56:46,535 - application.list_utils - DEBUG - get_userlist [list_utils.py:322] - lists found (model, parent): [<UserList 3>]
2024-12-20 14:56:46,535 - application.list_utils - DEBUG - get_userlist [list_utils.py:349] - len(lists) == 1: None Room 2
2024-12-20 14:56:46,536 - application.list_utils - DEBUG - get_userlist [list_utils.py:368] - userlist.entries: [<UserListEntry 22>, <UserListEntry 24>, <UserListEntry 36>, <UserListEntry 38>, <UserListEntry 40>, <UserListEntry 42>, <UserListEntry 44>, <UserListEntry 46>, <UserListEntry 48>, <UserListEntry 50>] List type: <class 'sqlalchemy.orm.collections.InstrumentedList'>
2024-12-20 14:56:46,536 - application.list_utils - DEBUG - get_userlist [list_utils.py:370] - List: dcvvdcvcxzztzszs Main Floor Rooms, Order: 1022
2024-12-20 14:56:46,536 - application.list_utils - DEBUG - get_userlist [list_utils.py:370] - List: dcvvdcvcxzztzszs Main Floor Rooms, Order: 0
2024-12-20 14:56:46,536 - application.list_utils - DEBUG - get_userlist [list_utils.py:370] - List: dcvvdcvcxzztzszs Main Floor Rooms, Order: 730
2024-12-20 14:56:46,537 - application.list_utils - DEBUG - get_userlist [list_utils.py:370] - List: dcvvdcvcxzztzszs Main Floor Rooms, Order: 1168
2024-12-20 14:56:46,537 - application.list_utils - DEBUG - get_userlist [list_utils.py:370] - List: dcvvdcvcxzztzszs Main Floor Rooms, Order: 876
2024-12-20 14:56:46,538 - application.list_utils - DEBUG - get_userlist [list_utils.py:370] - List: dcvvdcvcxzztzszs Main Floor Rooms, Order: 1314
2024-12-20 14:56:46,538 - application.list_utils - DEBUG - get_userlist [list_utils.py:370] - List: dcvvdcvcxzztzszs Main Floor Rooms, Order: 584
2024-12-20 14:56:46,538 - application.list_utils - DEBUG - get_userlist [list_utils.py:370] - List: dcvvdcvcxzztzszs Main Floor Rooms, Order: 146
2024-12-20 14:56:46,538 - application.list_utils - DEBUG - get_userlist [list_utils.py:370] - List: dcvvdcvcxzztzszs Main Floor Rooms, Order: 438
2024-12-20 14:56:46,539 - application.list_utils - DEBUG - get_userlist [list_utils.py:370] - List: dcvvdcvcxzztzszs Main Floor Rooms, Order: 292
2024-12-20 14:56:46,539 - application.walkthrough - DEBUG - walk_next [walkthrough.py:114] - rooms_list: <UserList 3> entries: [<UserListEntry 22>, <UserListEntry 24>, <UserListEntry 36>, <UserListEntry 38>, <UserListEntry 40>, <UserListEntry 42>, <UserListEntry 44>, <UserListEntry 46>, <UserListEntry 48>, <UserListEntry 50>]
