2024-12-24 12:48:53,543 - application.map - DEBUG - home_map [map.py:26] - map called with floor_id: 1
2024-12-24 12:48:53,553 - application.rooms - DEBUG - floor_room_check [rooms.py:169] - inside floor_room_check A: floor_id: 1, has_rooms: True
2024-12-24 12:48:53,556 - application.rooms - DEBUG - check_each_floor_for_rooms [rooms.py:176] - floor.rooms.count() <Floor 1> = 1
2024-12-24 12:48:53,559 - application.rooms - DEBUG - check_each_floor_for_rooms [rooms.py:176] - floor.rooms.count() <Floor 2> = 1
2024-12-24 12:48:53,561 - application.rooms - DEBUG - check_each_floor_for_rooms [rooms.py:176] - floor.rooms.count() <Floor 3> = 1
2024-12-24 12:48:53,562 - application.rooms - DEBUG - floor_room_check [rooms.py:171] - inside floor_room_check B: floor_id: 1, has_rooms: True
2024-12-24 12:48:53,563 - application.map - DEBUG - home_map [map.py:29] - room check: floor_id: 1, has_rooms: True
2024-12-24 12:48:53,563 - application.floors - DEBUG - set_active_floor [floors.py:43] - set_active_floor called with floor_id: 1
2024-12-24 12:48:53,568 - application.floors - DEBUG - set_active_floor [floors.py:54] - current_user.active_home.active_floor: <Floor 1>
2024-12-24 12:48:53,571 - application.list_utils - DEBUG - get_list_entries_for_item [list_utils.py:428] - found_entries for <Home 1>: [<UserListEntry 1>]
2024-12-24 12:48:53,578 - application.list_utils - DEBUG - get_list_entries_for_item [list_utils.py:436] - Entry: <UserListEntry 1>
2024-12-24 12:48:53,579 - application.list_utils - DEBUG - get_list_entries_for_item [list_utils.py:437] - Item Model: Home, Item ID: 1
2024-12-24 12:48:53,579 - application.list_utils - DEBUG - get_list_entries_for_item [list_utils.py:438] - User List ID: 1 User List Name: bob Homes
2024-12-24 12:48:53,579 - application.list_utils - DEBUG - get_list_entries_for_item [list_utils.py:439] - user: 1
2024-12-24 12:48:53,580 - application.list_utils - DEBUG - get_userlist [list_utils.py:308] - get_userlist(): item_model: Floor, list_name: None, parent_entry_id: 1
2024-12-24 12:48:53,586 - application.list_utils - DEBUG - get_userlist [list_utils.py:322] - lists found (model, parent): [<UserList 2>]
2024-12-24 12:48:53,586 - application.list_utils - DEBUG - get_userlist [list_utils.py:349] - len(lists) == 1: None Floor 1
2024-12-24 12:48:53,587 - application.list_utils - DEBUG - get_userlist [list_utils.py:368] - userlist.entries: [<UserListEntry 2>, <UserListEntry 3>, <UserListEntry 26>] List type: <class 'sqlalchemy.orm.collections.InstrumentedList'>
2024-12-24 12:48:53,587 - application.list_utils - DEBUG - get_userlist [list_utils.py:370] - List: test Floors, Order: 5
2024-12-24 12:48:53,587 - application.list_utils - DEBUG - get_userlist [list_utils.py:370] - List: test Floors, Order: 3
2024-12-24 12:48:53,587 - application.list_utils - DEBUG - get_userlist [list_utils.py:370] - List: test Floors, Order: 1
2024-12-24 12:48:53,588 - application.rooms - DEBUG - get_room_list [rooms.py:44] - floor_list: <UserList 2> (type: <class 'application.database.models.UserList'>)
2024-12-24 12:48:53,588 - application.rooms - DEBUG - get_room_list [rooms.py:45] - floor_list entries count: 3
2024-12-24 12:48:53,588 - application.rooms - DEBUG - get_room_list [rooms.py:52] - floor list get floor_entry.id: 2
2024-12-24 12:48:53,589 - application.rooms - DEBUG - get_room_list [rooms.py:53] - floor list get floor_entry.get_item().name: Main Floor
2024-12-24 12:48:53,629 - application.rooms - DEBUG - get_room_list [rooms.py:58] - room_list: <UserList 3> (type: <class 'application.database.models.UserList'>) parent: Main Floor
2024-12-24 12:48:53,629 - application.rooms - DEBUG - get_room_list [rooms.py:52] - floor list get floor_entry.id: 3
2024-12-24 12:48:53,630 - application.rooms - DEBUG - get_room_list [rooms.py:53] - floor list get floor_entry.get_item().name: 2nd Floor
2024-12-24 12:48:53,632 - application.rooms - DEBUG - get_room_list [rooms.py:58] - room_list: <UserList 4> (type: <class 'application.database.models.UserList'>) parent: 2nd Floor
2024-12-24 12:48:53,632 - application.rooms - DEBUG - get_room_list [rooms.py:52] - floor list get floor_entry.id: 26
2024-12-24 12:48:53,633 - application.rooms - DEBUG - get_room_list [rooms.py:53] - floor list get floor_entry.get_item().name: 3rd Floor
2024-12-24 12:48:53,634 - application.rooms - DEBUG - get_room_list [rooms.py:58] - room_list: <UserList 12> (type: <class 'application.database.models.UserList'>) parent: 3rd Floor
2024-12-24 12:48:53,636 - application.list_utils - DEBUG - get_list_entries_for_item [list_utils.py:428] - found_entries for <Home 1>: [<UserListEntry 1>]
2024-12-24 12:48:53,636 - application.list_utils - DEBUG - get_list_entries_for_item [list_utils.py:436] - Entry: <UserListEntry 1>
2024-12-24 12:48:53,637 - application.list_utils - DEBUG - get_list_entries_for_item [list_utils.py:437] - Item Model: Home, Item ID: 1
2024-12-24 12:48:53,637 - application.list_utils - DEBUG - get_list_entries_for_item [list_utils.py:438] - User List ID: 1 User List Name: bob Homes
2024-12-24 12:48:53,637 - application.list_utils - DEBUG - get_list_entries_for_item [list_utils.py:439] - user: 1
2024-12-24 12:48:53,637 - application.rooms - DEBUG - get_room_list [rooms.py:59] - get_userlist(Room, current_user.active_home.name:test current_user.active_home.active_floor.name:Main Floor Rooms, get_list_entries_for_item(current_user.active_home)[0].id:1
2024-12-24 12:48:53,638 - application.list_utils - DEBUG - get_list_entries_for_item [list_utils.py:428] - found_entries for <Floor 1>: [<UserListEntry 2>]
2024-12-24 12:48:53,638 - application.list_utils - DEBUG - get_list_entries_for_item [list_utils.py:436] - Entry: <UserListEntry 2>
2024-12-24 12:48:53,638 - application.list_utils - DEBUG - get_list_entries_for_item [list_utils.py:437] - Item Model: Floor, Item ID: 1
2024-12-24 12:48:53,638 - application.list_utils - DEBUG - get_list_entries_for_item [list_utils.py:438] - User List ID: 2 User List Name: test Floors
2024-12-24 12:48:53,638 - application.list_utils - DEBUG - get_list_entries_for_item [list_utils.py:439] - user: 1
2024-12-24 12:48:53,639 - application.list_utils - DEBUG - get_userlist [list_utils.py:308] - get_userlist(): item_model: Room, list_name: None, parent_entry_id: 2
2024-12-24 12:48:53,640 - application.list_utils - DEBUG - get_userlist [list_utils.py:322] - lists found (model, parent): [<UserList 3>]
2024-12-24 12:48:53,640 - application.list_utils - DEBUG - get_userlist [list_utils.py:349] - len(lists) == 1: None Room 2
2024-12-24 12:48:53,640 - application.list_utils - DEBUG - get_userlist [list_utils.py:368] - userlist.entries: [<UserListEntry 21>] List type: <class 'sqlalchemy.orm.collections.InstrumentedList'>
2024-12-24 12:48:53,640 - application.list_utils - DEBUG - get_userlist [list_utils.py:370] - List: test Main Floor Rooms, Order: 0
2024-12-24 12:48:53,640 - application.map - DEBUG - home_map [map.py:36] - floor_list MAP: <UserList 2>
2024-12-24 12:48:53,935 - application.list_routes - DEBUG - show_list [list_routes.py:219] - view: horiz-scroll
2024-12-24 12:48:53,936 - application.list_routes - DEBUG - show_list [list_routes.py:219] - view: map
2024-12-24 12:48:53,938 - application.list_utils - DEBUG - get_list_entries_for_item [list_utils.py:428] - found_entries for <Home 1>: [<UserListEntry 1>]
2024-12-24 12:48:53,939 - application.list_routes - DEBUG - show_list [list_routes.py:219] - view: map
2024-12-24 12:48:53,942 - application.list_utils - DEBUG - get_list_entries_for_item [list_utils.py:436] - Entry: <UserListEntry 1>
2024-12-24 12:48:53,942 - application.list_utils - DEBUG - get_list_entries_for_item [list_utils.py:428] - found_entries for <Floor 1>: [<UserListEntry 2>]
2024-12-24 12:48:53,943 - application.list_utils - DEBUG - get_list_entries_for_item [list_utils.py:415] - input_string: <Home 1>, item_model: Home, item_id: 1
2024-12-24 12:48:53,943 - application.list_utils - DEBUG - get_list_entries_for_item [list_utils.py:437] - Item Model: Home, Item ID: 1
2024-12-24 12:48:53,945 - application.list_utils - DEBUG - get_list_entries_for_item [list_utils.py:436] - Entry: <UserListEntry 2>
2024-12-24 12:48:53,946 - application.list_utils - DEBUG - get_list_entries_for_item [list_utils.py:438] - User List ID: 1 User List Name: bob Homes
2024-12-24 12:48:53,947 - application.list_utils - DEBUG - get_list_entries_for_item [list_utils.py:428] - found_entries for <Home 1>: [<UserListEntry 1>]
2024-12-24 12:48:53,947 - application.list_utils - DEBUG - get_list_entries_for_item [list_utils.py:437] - Item Model: Floor, Item ID: 1
2024-12-24 12:48:53,947 - application.list_utils - DEBUG - get_list_entries_for_item [list_utils.py:439] - user: 1
2024-12-24 12:48:53,948 - application.list_utils - DEBUG - get_list_entries_for_item [list_utils.py:438] - User List ID: 2 User List Name: test Floors
2024-12-24 12:48:53,948 - application.list_utils - DEBUG - get_list_entries_for_item [list_utils.py:436] - Entry: <UserListEntry 1>
2024-12-24 12:48:53,949 - application.list_utils - DEBUG - get_userlist [list_utils.py:308] - get_userlist(): item_model: Floor, list_name: None, parent_entry_id: 1
2024-12-24 12:48:53,949 - application.list_utils - DEBUG - get_list_entries_for_item [list_utils.py:439] - user: 1
2024-12-24 12:48:53,949 - application.list_utils - DEBUG - get_list_entries_for_item [list_utils.py:437] - Item Model: Home, Item ID: 1
2024-12-24 12:48:53,950 - application.list_utils - DEBUG - get_userlist [list_utils.py:308] - get_userlist(): item_model: Room, list_name: None, parent_entry_id: 2
2024-12-24 12:48:53,950 - application.list_utils - DEBUG - get_userlist [list_utils.py:322] - lists found (model, parent): [<UserList 2>]
2024-12-24 12:48:53,951 - application.list_utils - DEBUG - get_list_entries_for_item [list_utils.py:438] - User List ID: 1 User List Name: bob Homes
2024-12-24 12:48:53,951 - application.list_utils - DEBUG - get_userlist [list_utils.py:349] - len(lists) == 1: None Floor 1
2024-12-24 12:48:53,952 - application.list_utils - DEBUG - get_userlist [list_utils.py:322] - lists found (model, parent): [<UserList 3>]
2024-12-24 12:48:53,952 - application.list_utils - DEBUG - get_list_entries_for_item [list_utils.py:439] - user: 1
2024-12-24 12:48:53,952 - application.list_utils - DEBUG - get_userlist [list_utils.py:368] - userlist.entries: [<UserListEntry 2>, <UserListEntry 3>, <UserListEntry 26>] List type: <class 'sqlalchemy.orm.collections.InstrumentedList'>
2024-12-24 12:48:53,952 - application.list_utils - DEBUG - get_userlist [list_utils.py:349] - len(lists) == 1: None Room 2
2024-12-24 12:48:53,952 - application.list_utils - DEBUG - get_top_userlists_by_root_parent [list_utils.py:279] - input root_parent_entry_id: 1 model: Task
2024-12-24 12:48:53,953 - application.list_utils - DEBUG - get_userlist [list_utils.py:370] - List: test Floors, Order: 5
2024-12-24 12:48:53,953 - application.list_utils - DEBUG - get_userlist [list_utils.py:368] - userlist.entries: [<UserListEntry 21>] List type: <class 'sqlalchemy.orm.collections.InstrumentedList'>
2024-12-24 12:48:53,955 - application.list_utils - DEBUG - get_userlist [list_utils.py:370] - List: test Floors, Order: 3
2024-12-24 12:48:53,956 - application.list_utils - DEBUG - get_userlists_by_parent [list_utils.py:271] - get_userlists_by_parent: lists found (parent_entry_id)1: [<UserList 2>]
2024-12-24 12:48:53,956 - application.list_utils - DEBUG - get_userlist [list_utils.py:370] - List: test Main Floor Rooms, Order: 0
2024-12-24 12:48:53,956 - application.list_utils - DEBUG - get_userlist [list_utils.py:370] - List: test Floors, Order: 1
2024-12-24 12:48:53,959 - application.list_utils - DEBUG - get_userlists_by_parent [list_utils.py:271] - get_userlists_by_parent: lists found (parent_entry_id)2: [<UserList 3>]
2024-12-24 12:48:53,961 - application.list_utils - DEBUG - get_userlists_by_parent [list_utils.py:271] - get_userlists_by_parent: lists found (parent_entry_id)21: [<UserList 6>, <UserList 8>]
2024-12-24 12:48:53,963 - application.list_utils - DEBUG - get_userlists_by_parent [list_utils.py:271] - get_userlists_by_parent: lists found (parent_entry_id)2: [<UserList 3>]
2024-12-24 12:48:53,963 - application.list_utils - DEBUG - get_userlists_by_parent [list_utils.py:271] - get_userlists_by_parent: lists found (parent_entry_id)3: [<UserList 4>]
2024-12-24 12:48:53,965 - application.list_utils - DEBUG - get_userlists_by_parent [list_utils.py:271] - get_userlists_by_parent: lists found (parent_entry_id)3: [<UserList 4>]
2024-12-24 12:48:53,971 - application.list_utils - DEBUG - get_userlists_by_parent [list_utils.py:271] - get_userlists_by_parent: lists found (parent_entry_id)26: [<UserList 12>]
2024-12-24 12:48:54,005 - application.list_utils - DEBUG - get_userlists_by_parent [list_utils.py:271] - get_userlists_by_parent: lists found (parent_entry_id)26: [<UserList 12>]
2024-12-24 12:48:54,006 - application.list_utils - DEBUG - get_userlists_by_parent [list_utils.py:271] - get_userlists_by_parent: lists found (parent_entry_id)21: [<UserList 6>, <UserList 8>]
2024-12-24 12:48:54,014 - application.list_utils - DEBUG - get_userlists_by_parent [list_utils.py:271] - get_userlists_by_parent: lists found (parent_entry_id)24: [<UserList 9>, <UserList 11>]
2024-12-24 12:48:54,027 - application.list_utils - DEBUG - get_userlists_by_parent [list_utils.py:271] - get_userlists_by_parent: lists found (parent_entry_id)28: [<UserList 13>, <UserList 15>]
2024-12-24 12:48:54,048 - application.list_utils - DEBUG - get_top_userlists_by_root_parent [list_utils.py:292] - get_top_userlists_by_root_parent: lists found (parent_entry_id)1: [<UserList 8>, <UserList 11>, <UserList 15>]
2024-12-24 12:48:54,102 - application.list_utils - DEBUG - get_userlists_by_parent [list_utils.py:273] - get_userlists_by_parent: No lists found for parent_entry_id 22
2024-12-24 12:48:54,103 - application.list_utils - DEBUG - get_userlists_by_parent [list_utils.py:273] - get_userlists_by_parent: No lists found for parent_entry_id 25
2024-12-24 12:48:54,106 - application.list_utils - DEBUG - get_userlists_by_parent [list_utils.py:273] - get_userlists_by_parent: No lists found for parent_entry_id 29
2024-12-24 12:48:54,269 - application.list_utils - DEBUG - get_list_entries_for_item [list_utils.py:428] - found_entries for <Photo 1>: [<UserListEntry 20>]
2024-12-24 12:48:54,271 - application.list_utils - DEBUG - get_list_entries_for_item [list_utils.py:436] - Entry: <UserListEntry 20>
2024-12-24 12:48:54,272 - application.list_utils - DEBUG - get_list_entries_for_item [list_utils.py:437] - Item Model: Photo, Item ID: 1
2024-12-24 12:48:54,274 - application.list_utils - DEBUG - get_list_entries_for_item [list_utils.py:438] - User List ID: 6 User List Name: Living Room 1 Photos
2024-12-24 12:48:54,276 - application.list_utils - DEBUG - get_list_entries_for_item [list_utils.py:439] - user: 1
2024-12-24 12:48:54,277 - application.list_routes - DEBUG - show_photo_entry [list_routes.py:312] - view_override: None
2024-12-24 12:48:54,277 - application.list_routes - DEBUG - show_photo_entry [list_routes.py:317] - view: map
2024-12-24 12:48:54,387 - application.list_routes - DEBUG - show_list [list_routes.py:219] - view: map
2024-12-24 12:48:56,700 - application.rooms - DEBUG - set_active_room [rooms.py:120] - current_user.active_home.active_room: <Room 1>
2024-12-24 12:48:56,701 - application.walkthrough - DEBUG - walk_start [walkthrough.py:34] - get room_name: None
2024-12-24 12:48:56,701 - application.walkthrough - DEBUG - walk_start [walkthrough.py:35] - get view: None
2024-12-24 12:48:56,701 - application.walkthrough - DEBUG - walk_start [walkthrough.py:52] - view: None
2024-12-24 12:48:56,763 - application.walkthrough - DEBUG - views [walkthrough.py:70] - view?: None
2024-12-24 12:48:56,763 - application.walkthrough - DEBUG - views [walkthrough.py:76] - File not found! None.html.jinja
2024-12-24 12:48:56,956 - application.list_routes - DEBUG - show_list [list_routes.py:219] - view: horiz-scroll
2024-12-24 12:48:56,961 - application.walkthrough - DEBUG - views [walkthrough.py:70] - view?: None
2024-12-24 12:48:56,962 - application.list_routes - DEBUG - show_list [list_routes.py:219] - view: horiz-scroll
2024-12-24 12:48:56,962 - application.walkthrough - DEBUG - views [walkthrough.py:76] - File not found! None.html.jinja
2024-12-24 12:48:56,964 - application.list_utils - DEBUG - get_list_entries_for_item [list_utils.py:428] - found_entries for <Home 1>: [<UserListEntry 1>]
2024-12-24 12:48:56,965 - application.list_utils - DEBUG - get_list_entries_for_item [list_utils.py:436] - Entry: <UserListEntry 1>
2024-12-24 12:48:56,973 - application.list_utils - DEBUG - get_list_entries_for_item [list_utils.py:437] - Item Model: Home, Item ID: 1
2024-12-24 12:48:56,974 - application.list_utils - DEBUG - get_list_entries_for_item [list_utils.py:428] - found_entries for <Floor 1>: [<UserListEntry 2>]
2024-12-24 12:48:56,975 - application.list_utils - DEBUG - get_list_entries_for_item [list_utils.py:438] - User List ID: 1 User List Name: bob Homes
2024-12-24 12:48:56,978 - application.list_utils - DEBUG - get_list_entries_for_item [list_utils.py:436] - Entry: <UserListEntry 2>
2024-12-24 12:48:56,980 - application.list_utils - DEBUG - get_list_entries_for_item [list_utils.py:439] - user: 1
2024-12-24 12:48:56,981 - application.list_utils - DEBUG - get_list_entries_for_item [list_utils.py:437] - Item Model: Floor, Item ID: 1
2024-12-24 12:48:56,981 - application.list_utils - DEBUG - get_userlist [list_utils.py:308] - get_userlist(): item_model: Floor, list_name: None, parent_entry_id: 1
2024-12-24 12:48:56,981 - application.list_utils - DEBUG - get_list_entries_for_item [list_utils.py:438] - User List ID: 2 User List Name: test Floors
2024-12-24 12:48:56,987 - application.list_utils - DEBUG - get_userlist [list_utils.py:322] - lists found (model, parent): [<UserList 2>]
2024-12-24 12:48:56,987 - application.list_utils - DEBUG - get_list_entries_for_item [list_utils.py:439] - user: 1
2024-12-24 12:48:56,987 - application.list_utils - DEBUG - get_userlist [list_utils.py:349] - len(lists) == 1: None Floor 1
2024-12-24 12:48:56,987 - application.list_utils - DEBUG - get_userlist [list_utils.py:308] - get_userlist(): item_model: Room, list_name: None, parent_entry_id: 2
2024-12-24 12:48:56,987 - application.list_utils - DEBUG - get_userlist [list_utils.py:368] - userlist.entries: [<UserListEntry 2>, <UserListEntry 3>, <UserListEntry 26>] List type: <class 'sqlalchemy.orm.collections.InstrumentedList'>
2024-12-24 12:48:56,990 - application.list_utils - DEBUG - get_userlist [list_utils.py:322] - lists found (model, parent): [<UserList 3>]
2024-12-24 12:48:56,990 - application.list_utils - DEBUG - get_userlist [list_utils.py:370] - List: test Floors, Order: 5
2024-12-24 12:48:56,991 - application.list_utils - DEBUG - get_userlist [list_utils.py:349] - len(lists) == 1: None Room 2
2024-12-24 12:48:56,993 - application.list_utils - DEBUG - get_userlist [list_utils.py:370] - List: test Floors, Order: 3
2024-12-24 12:48:56,994 - application.list_utils - DEBUG - get_userlist [list_utils.py:368] - userlist.entries: [<UserListEntry 21>] List type: <class 'sqlalchemy.orm.collections.InstrumentedList'>
2024-12-24 12:48:56,995 - application.list_utils - DEBUG - get_userlist [list_utils.py:370] - List: test Floors, Order: 1
2024-12-24 12:48:56,996 - application.list_utils - DEBUG - get_userlist [list_utils.py:370] - List: test Main Floor Rooms, Order: 0
2024-12-24 12:48:56,999 - application.list_utils - DEBUG - get_userlists_by_parent [list_utils.py:271] - get_userlists_by_parent: lists found (parent_entry_id)2: [<UserList 3>]
2024-12-24 12:48:56,999 - application.list_utils - DEBUG - get_userlists_by_parent [list_utils.py:271] - get_userlists_by_parent: lists found (parent_entry_id)21: [<UserList 6>, <UserList 8>]
2024-12-24 12:48:57,001 - application.list_utils - DEBUG - get_userlists_by_parent [list_utils.py:271] - get_userlists_by_parent: lists found (parent_entry_id)3: [<UserList 4>]
2024-12-24 12:48:57,005 - application.list_utils - DEBUG - get_userlists_by_parent [list_utils.py:271] - get_userlists_by_parent: lists found (parent_entry_id)26: [<UserList 12>]
2024-12-24 12:48:57,109 - application.list_routes - DEBUG - show_list [list_routes.py:219] - view: quicknote
2024-12-24 12:48:57,111 - application.list_utils - DEBUG - get_list_entries_for_item [list_utils.py:428] - found_entries for <Photo 1>: [<UserListEntry 20>]
2024-12-24 12:48:57,113 - application.list_utils - DEBUG - get_list_entries_for_item [list_utils.py:436] - Entry: <UserListEntry 20>
2024-12-24 12:48:57,113 - application.list_utils - DEBUG - get_list_entries_for_item [list_utils.py:428] - found_entries for <Room 1>: [<UserListEntry 21>]
2024-12-24 12:48:57,114 - application.list_utils - DEBUG - get_list_entries_for_item [list_utils.py:437] - Item Model: Photo, Item ID: 1
2024-12-24 12:48:57,115 - application.list_utils - DEBUG - get_list_entries_for_item [list_utils.py:438] - User List ID: 6 User List Name: Living Room 1 Photos
2024-12-24 12:48:57,115 - application.list_utils - DEBUG - get_list_entries_for_item [list_utils.py:436] - Entry: <UserListEntry 21>
2024-12-24 12:48:57,116 - application.list_utils - DEBUG - get_list_entries_for_item [list_utils.py:439] - user: 1
2024-12-24 12:48:57,118 - application.list_routes - DEBUG - show_photo_entry [list_routes.py:312] - view_override: pingrid
2024-12-24 12:48:57,117 - application.list_utils - DEBUG - get_list_entries_for_item [list_utils.py:437] - Item Model: Room, Item ID: 1
2024-12-24 12:48:57,119 - application.list_utils - DEBUG - get_list_entries_for_item [list_utils.py:438] - User List ID: 3 User List Name: test Main Floor Rooms
2024-12-24 12:48:57,119 - application.list_routes - DEBUG - show_photo_entry [list_routes.py:317] - view: pingrid
2024-12-24 12:48:57,119 - application.list_utils - DEBUG - get_list_entries_for_item [list_utils.py:439] - user: 1
2024-12-24 12:48:57,120 - application.list_utils - DEBUG - get_userlist [list_utils.py:308] - get_userlist(): item_model: Task, list_name: None, parent_entry_id: 21
2024-12-24 12:48:57,123 - application.list_utils - DEBUG - get_userlist [list_utils.py:322] - lists found (model, parent): [<UserList 8>]
2024-12-24 12:48:57,124 - application.list_utils - DEBUG - get_userlist [list_utils.py:349] - len(lists) == 1: None Task 21
2024-12-24 12:48:57,125 - application.list_utils - DEBUG - get_userlist [list_utils.py:368] - userlist.entries: [<UserListEntry 22>] List type: <class 'sqlalchemy.orm.collections.InstrumentedList'>
2024-12-24 12:48:57,126 - application.list_utils - DEBUG - get_userlist [list_utils.py:370] - List: Living Room 1 Tasks, Order: 0
2024-12-24 12:48:57,342 - application.list_routes - DEBUG - show_list [list_routes.py:219] - view: pingrid
