2024-12-24 12:48:52,685 - logs.logging_config - DEBUG - configure_logging [logging_config.py:178] - Application logging configured
2024-12-24 12:48:52,687 - logs.logging_config - INFO - configure_logging [logging_config.py:187] - Application started in production environment
2024-12-24 12:48:52,688 - application - DEBUG - create_app [__init__.py:28] - test2
2024-12-24 12:48:53,513 - application - DEBUG - after_request_time [__init__.py:42] - Request to / took 0.011955976486206055 seconds
2024-12-24 12:48:53,514 - application - DEBUG - after_request_time [__init__.py:44] - view (after_request): create_rooms
2024-12-24 12:48:53,515 - application - DEBUG - after_request_time [__init__.py:46] - template (after_request): None
2024-12-24 12:48:53,676 - application - DEBUG - after_request_time [__init__.py:42] - Request to /map/ took 0.13577818870544434 seconds
2024-12-24 12:48:53,677 - application - DEBUG - after_request_time [__init__.py:44] - view (after_request): map
2024-12-24 12:48:53,677 - application - DEBUG - after_request_time [__init__.py:46] - template (after_request): map/index.html.jinja
2024-12-24 12:48:53,768 - application - DEBUG - after_request_time [__init__.py:42] - Request to /static/js/bundle.js took 0.009328842163085938 seconds
2024-12-24 12:48:53,768 - application - DEBUG - after_request_time [__init__.py:44] - view (after_request): map
2024-12-24 12:48:53,769 - application - DEBUG - after_request_time [__init__.py:46] - template (after_request): None
2024-12-24 12:48:54,106 - application - DEBUG - after_request_time [__init__.py:42] - Request to /show_list/ took 0.17792320251464844 seconds
2024-12-24 12:48:54,106 - application - DEBUG - after_request_time [__init__.py:44] - view (after_request): map
2024-12-24 12:48:54,125 - application - DEBUG - after_request_time [__init__.py:46] - template (after_request): lists/list.html.jinja
2024-12-24 12:48:54,156 - application - DEBUG - after_request_time [__init__.py:42] - Request to /show_list/ took 0.22430086135864258 seconds
2024-12-24 12:48:54,202 - application - DEBUG - after_request_time [__init__.py:44] - view (after_request): map
2024-12-24 12:48:54,204 - application - DEBUG - after_request_time [__init__.py:46] - template (after_request): lists/list.html.jinja
2024-12-24 12:48:54,314 - application - DEBUG - after_request_time [__init__.py:42] - Request to /show_list/ took 0.38059401512145996 seconds
2024-12-24 12:48:54,315 - application - DEBUG - after_request_time [__init__.py:44] - view (after_request): map
2024-12-24 12:48:54,317 - application - DEBUG - after_request_time [__init__.py:42] - Request to /show_photo_entry/1 took 0.06305909156799316 seconds
2024-12-24 12:48:54,317 - application - DEBUG - after_request_time [__init__.py:46] - template (after_request): lists/list.html.jinja
2024-12-24 12:48:54,317 - application - DEBUG - after_request_time [__init__.py:44] - view (after_request): map
2024-12-24 12:48:54,319 - application - DEBUG - after_request_time [__init__.py:46] - template (after_request): lists/model/photo.html.jinja
2024-12-24 12:48:54,338 - application - DEBUG - after_request_time [__init__.py:42] - Request to /static/defaults/generic_room.webp took 0.0007011890411376953 seconds
2024-12-24 12:48:54,339 - application - DEBUG - after_request_time [__init__.py:44] - view (after_request): map
2024-12-24 12:48:54,339 - application - DEBUG - after_request_time [__init__.py:46] - template (after_request): None
2024-12-24 12:48:54,504 - application - DEBUG - after_request_time [__init__.py:42] - Request to /show_list/7 took 0.11920714378356934 seconds
2024-12-24 12:48:54,504 - application - DEBUG - after_request_time [__init__.py:44] - view (after_request): map
2024-12-24 12:48:54,505 - application - DEBUG - after_request_time [__init__.py:46] - template (after_request): lists/list.html.jinja
2024-12-24 12:48:56,701 - application - DEBUG - after_request_time [__init__.py:42] - Request to /walkthrough/1 took 0.0066089630126953125 seconds
2024-12-24 12:48:56,702 - application - DEBUG - after_request_time [__init__.py:44] - view (after_request): None
2024-12-24 12:48:56,702 - application - DEBUG - after_request_time [__init__.py:46] - template (after_request): None
2024-12-24 12:48:56,769 - application - DEBUG - after_request_time [__init__.py:42] - Request to /walkthrough/steps took 0.006897926330566406 seconds
2024-12-24 12:48:56,769 - application - DEBUG - after_request_time [__init__.py:44] - view (after_request): None
2024-12-24 12:48:56,769 - application - DEBUG - after_request_time [__init__.py:46] - template (after_request): walkthrough/index.html.jinja
2024-12-24 12:48:56,830 - application - DEBUG - after_request_time [__init__.py:42] - Request to /static/js/bundle.js took 0.0011868476867675781 seconds
2024-12-24 12:48:56,830 - application - DEBUG - after_request_time [__init__.py:44] - view (after_request): None
2024-12-24 12:48:56,831 - application - DEBUG - after_request_time [__init__.py:46] - template (after_request): None
2024-12-24 12:48:56,980 - application - DEBUG - after_request_time [__init__.py:42] - Request to /walkthrough/steps took 0.0253598690032959 seconds
2024-12-24 12:48:56,981 - application - DEBUG - after_request_time [__init__.py:44] - view (after_request): None
2024-12-24 12:48:56,981 - application - DEBUG - after_request_time [__init__.py:46] - template (after_request): walkthrough/parts/room.html.jinja
2024-12-24 12:48:57,006 - application - DEBUG - after_request_time [__init__.py:42] - Request to /show_list/ took 0.04838299751281738 seconds
2024-12-24 12:48:57,007 - application - DEBUG - after_request_time [__init__.py:44] - view (after_request): None
2024-12-24 12:48:57,007 - application - DEBUG - after_request_time [__init__.py:46] - template (after_request): lists/list.html.jinja
2024-12-24 12:48:57,022 - application - DEBUG - after_request_time [__init__.py:42] - Request to /show_list/ took 0.06841802597045898 seconds
2024-12-24 12:48:57,022 - application - DEBUG - after_request_time [__init__.py:44] - view (after_request): None
2024-12-24 12:48:57,022 - application - DEBUG - after_request_time [__init__.py:46] - template (after_request): lists/list.html.jinja
2024-12-24 12:48:57,122 - application - DEBUG - after_request_time [__init__.py:42] - Request to /show_photo_entry/1 took 0.020540237426757812 seconds
2024-12-24 12:48:57,123 - application - DEBUG - after_request_time [__init__.py:44] - view (after_request): None
2024-12-24 12:48:57,124 - application - DEBUG - after_request_time [__init__.py:46] - template (after_request): lists/model/photo.html.jinja
2024-12-24 12:48:57,261 - application - DEBUG - after_request_time [__init__.py:42] - Request to /static/defaults/generic_room.webp took 0.02880573272705078 seconds
2024-12-24 12:48:57,264 - application - DEBUG - after_request_time [__init__.py:44] - view (after_request): None
2024-12-24 12:48:57,265 - application - DEBUG - after_request_time [__init__.py:46] - template (after_request): None
2024-12-24 12:48:57,482 - application - DEBUG - after_request_time [__init__.py:42] - Request to /show_list/7 took 0.1504662036895752 seconds
2024-12-24 12:48:57,483 - application - DEBUG - after_request_time [__init__.py:44] - view (after_request): None
2024-12-24 12:48:57,484 - application - DEBUG - after_request_time [__init__.py:46] - template (after_request): lists/list.html.jinja
