2024-12-24 12:49:24,383 - logs.logging_config - DEBUG - configure_logging [logging_config.py:178] - Application logging configured
2024-12-24 12:49:24,385 - logs.logging_config - INFO - configure_logging [logging_config.py:187] - Application started in production environment
2024-12-24 12:49:24,386 - application - DEBUG - create_app [__init__.py:28] - test2
2024-12-24 12:49:25,032 - application - DEBUG - after_request_time [__init__.py:42] - Request to / took 0.02282094955444336 seconds
2024-12-24 12:49:25,033 - application - DEBUG - after_request_time [__init__.py:44] - view (after_request): None
2024-12-24 12:49:25,034 - application - DEBUG - after_request_time [__init__.py:46] - template (after_request): None
2024-12-24 12:49:25,073 - application.map - DEBUG - home_map [map.py:26] - map called with floor_id: 1
2024-12-24 12:49:25,081 - application.rooms - DEBUG - floor_room_check [rooms.py:169] - inside floor_room_check A: floor_id: 1, has_rooms: True
2024-12-24 12:49:25,084 - application.rooms - DEBUG - check_each_floor_for_rooms [rooms.py:176] - floor.rooms.count() <Floor 1> = 1
2024-12-24 12:49:25,085 - application.rooms - DEBUG - check_each_floor_for_rooms [rooms.py:176] - floor.rooms.count() <Floor 2> = 1
2024-12-24 12:49:25,087 - application.rooms - DEBUG - check_each_floor_for_rooms [rooms.py:176] - floor.rooms.count() <Floor 3> = 1
2024-12-24 12:49:25,087 - application.rooms - DEBUG - floor_room_check [rooms.py:171] - inside floor_room_check B: floor_id: 1, has_rooms: True
2024-12-24 12:49:25,088 - application.map - DEBUG - home_map [map.py:29] - room check: floor_id: 1, has_rooms: True
2024-12-24 12:49:25,088 - application.floors - DEBUG - set_active_floor [floors.py:43] - set_active_floor called with floor_id: 1
2024-12-24 12:49:25,093 - application.floors - DEBUG - set_active_floor [floors.py:54] - current_user.active_home.active_floor: <Floor 1>
2024-12-24 12:49:25,096 - application.list_utils - DEBUG - get_list_entries_for_item [list_utils.py:428] - found_entries for <Home 1>: [<UserListEntry 1>]
2024-12-24 12:49:25,103 - application.list_utils - DEBUG - get_list_entries_for_item [list_utils.py:436] - Entry: <UserListEntry 1>
2024-12-24 12:49:25,104 - application.list_utils - DEBUG - get_list_entries_for_item [list_utils.py:437] - Item Model: Home, Item ID: 1
2024-12-24 12:49:25,104 - application.list_utils - DEBUG - get_list_entries_for_item [list_utils.py:438] - User List ID: 1 User List Name: bob Homes
2024-12-24 12:49:25,104 - application.list_utils - DEBUG - get_list_entries_for_item [list_utils.py:439] - user: 1
2024-12-24 12:49:25,105 - application.list_utils - DEBUG - get_userlist [list_utils.py:308] - get_userlist(): item_model: Floor, list_name: None, parent_entry_id: 1
2024-12-24 12:49:25,109 - application.list_utils - DEBUG - get_userlist [list_utils.py:322] - lists found (model, parent): [<UserList 2>]
2024-12-24 12:49:25,109 - application.list_utils - DEBUG - get_userlist [list_utils.py:349] - len(lists) == 1: None Floor 1
2024-12-24 12:49:25,109 - application.list_utils - DEBUG - get_userlist [list_utils.py:368] - userlist.entries: [<UserListEntry 2>, <UserListEntry 3>, <UserListEntry 26>] List type: <class 'sqlalchemy.orm.collections.InstrumentedList'>
2024-12-24 12:49:25,110 - application.list_utils - DEBUG - get_userlist [list_utils.py:370] - List: test Floors, Order: 5
2024-12-24 12:49:25,110 - application.list_utils - DEBUG - get_userlist [list_utils.py:370] - List: test Floors, Order: 3
2024-12-24 12:49:25,110 - application.list_utils - DEBUG - get_userlist [list_utils.py:370] - List: test Floors, Order: 1
2024-12-24 12:49:25,111 - application.rooms - DEBUG - get_room_list [rooms.py:44] - floor_list: <UserList 2> (type: <class 'application.database.models.UserList'>)
2024-12-24 12:49:25,111 - application.rooms - DEBUG - get_room_list [rooms.py:45] - floor_list entries count: 3
2024-12-24 12:49:25,111 - application.rooms - DEBUG - get_room_list [rooms.py:52] - floor list get floor_entry.id: 2
2024-12-24 12:49:25,111 - application.rooms - DEBUG - get_room_list [rooms.py:53] - floor list get floor_entry.get_item().name: Main Floor
2024-12-24 12:49:25,153 - application.rooms - DEBUG - get_room_list [rooms.py:58] - room_list: <UserList 3> (type: <class 'application.database.models.UserList'>) parent: Main Floor
2024-12-24 12:49:25,153 - application.rooms - DEBUG - get_room_list [rooms.py:52] - floor list get floor_entry.id: 3
2024-12-24 12:49:25,154 - application.rooms - DEBUG - get_room_list [rooms.py:53] - floor list get floor_entry.get_item().name: 2nd Floor
2024-12-24 12:49:25,156 - application.rooms - DEBUG - get_room_list [rooms.py:58] - room_list: <UserList 4> (type: <class 'application.database.models.UserList'>) parent: 2nd Floor
2024-12-24 12:49:25,156 - application.rooms - DEBUG - get_room_list [rooms.py:52] - floor list get floor_entry.id: 26
2024-12-24 12:49:25,157 - application.rooms - DEBUG - get_room_list [rooms.py:53] - floor list get floor_entry.get_item().name: 3rd Floor
2024-12-24 12:49:25,159 - application.rooms - DEBUG - get_room_list [rooms.py:58] - room_list: <UserList 12> (type: <class 'application.database.models.UserList'>) parent: 3rd Floor
2024-12-24 12:49:25,159 - application.list_utils - DEBUG - get_list_entries_for_item [list_utils.py:428] - found_entries for <Home 1>: [<UserListEntry 1>]
2024-12-24 12:49:25,160 - application.list_utils - DEBUG - get_list_entries_for_item [list_utils.py:436] - Entry: <UserListEntry 1>
2024-12-24 12:49:25,160 - application.list_utils - DEBUG - get_list_entries_for_item [list_utils.py:437] - Item Model: Home, Item ID: 1
2024-12-24 12:49:25,161 - application.list_utils - DEBUG - get_list_entries_for_item [list_utils.py:438] - User List ID: 1 User List Name: bob Homes
2024-12-24 12:49:25,161 - application.list_utils - DEBUG - get_list_entries_for_item [list_utils.py:439] - user: 1
2024-12-24 12:49:25,161 - application.rooms - DEBUG - get_room_list [rooms.py:59] - get_userlist(Room, current_user.active_home.name:test current_user.active_home.active_floor.name:Main Floor Rooms, get_list_entries_for_item(current_user.active_home)[0].id:1
2024-12-24 12:49:25,162 - application.list_utils - DEBUG - get_list_entries_for_item [list_utils.py:428] - found_entries for <Floor 1>: [<UserListEntry 2>]
2024-12-24 12:49:25,162 - application.list_utils - DEBUG - get_list_entries_for_item [list_utils.py:436] - Entry: <UserListEntry 2>
2024-12-24 12:49:25,163 - application.list_utils - DEBUG - get_list_entries_for_item [list_utils.py:437] - Item Model: Floor, Item ID: 1
2024-12-24 12:49:25,163 - application.list_utils - DEBUG - get_list_entries_for_item [list_utils.py:438] - User List ID: 2 User List Name: test Floors
2024-12-24 12:49:25,163 - application.list_utils - DEBUG - get_list_entries_for_item [list_utils.py:439] - user: 1
2024-12-24 12:49:25,163 - application.list_utils - DEBUG - get_userlist [list_utils.py:308] - get_userlist(): item_model: Room, list_name: None, parent_entry_id: 2
2024-12-24 12:49:25,165 - application.list_utils - DEBUG - get_userlist [list_utils.py:322] - lists found (model, parent): [<UserList 3>]
2024-12-24 12:49:25,165 - application.list_utils - DEBUG - get_userlist [list_utils.py:349] - len(lists) == 1: None Room 2
2024-12-24 12:49:25,166 - application.list_utils - DEBUG - get_userlist [list_utils.py:368] - userlist.entries: [<UserListEntry 21>] List type: <class 'sqlalchemy.orm.collections.InstrumentedList'>
2024-12-24 12:49:25,166 - application.list_utils - DEBUG - get_userlist [list_utils.py:370] - List: test Main Floor Rooms, Order: 0
2024-12-24 12:49:25,166 - application.map - DEBUG - home_map [map.py:36] - floor_list MAP: <UserList 2>
2024-12-24 12:49:25,204 - application - DEBUG - after_request_time [__init__.py:42] - Request to /map/ took 0.13409996032714844 seconds
2024-12-24 12:49:25,204 - application - DEBUG - after_request_time [__init__.py:44] - view (after_request): map
2024-12-24 12:49:25,205 - application - DEBUG - after_request_time [__init__.py:46] - template (after_request): map/index.html.jinja
2024-12-24 12:49:25,264 - application - DEBUG - after_request_time [__init__.py:42] - Request to /static/js/bundle.js took 0.004980802536010742 seconds
2024-12-24 12:49:25,265 - application - DEBUG - after_request_time [__init__.py:44] - view (after_request): map
2024-12-24 12:49:25,265 - application - DEBUG - after_request_time [__init__.py:46] - template (after_request): None
2024-12-24 12:49:25,410 - application.list_routes - DEBUG - show_list [list_routes.py:219] - view: horiz-scroll
2024-12-24 12:49:25,412 - application.list_utils - DEBUG - get_list_entries_for_item [list_utils.py:428] - found_entries for <Home 1>: [<UserListEntry 1>]
2024-12-24 12:49:25,413 - application.list_routes - DEBUG - show_list [list_routes.py:219] - view: map
2024-12-24 12:49:25,414 - application.list_utils - DEBUG - get_list_entries_for_item [list_utils.py:415] - input_string: <Home 1>, item_model: Home, item_id: 1
2024-12-24 12:49:25,415 - application.list_utils - DEBUG - get_list_entries_for_item [list_utils.py:436] - Entry: <UserListEntry 1>
2024-12-24 12:49:25,414 - application.list_routes - DEBUG - show_list [list_routes.py:219] - view: map
2024-12-24 12:49:25,416 - application.list_utils - DEBUG - get_list_entries_for_item [list_utils.py:437] - Item Model: Home, Item ID: 1
2024-12-24 12:49:25,419 - application.list_utils - DEBUG - get_list_entries_for_item [list_utils.py:438] - User List ID: 1 User List Name: bob Homes
2024-12-24 12:49:25,420 - application.list_utils - DEBUG - get_list_entries_for_item [list_utils.py:428] - found_entries for <Home 1>: [<UserListEntry 1>]
2024-12-24 12:49:25,421 - application.list_utils - DEBUG - get_list_entries_for_item [list_utils.py:439] - user: 1
2024-12-24 12:49:25,421 - application.list_utils - DEBUG - get_list_entries_for_item [list_utils.py:428] - found_entries for <Floor 1>: [<UserListEntry 2>]
2024-12-24 12:49:25,422 - application.list_utils - DEBUG - get_userlist [list_utils.py:308] - get_userlist(): item_model: Floor, list_name: None, parent_entry_id: 1
2024-12-24 12:49:25,422 - application.list_utils - DEBUG - get_list_entries_for_item [list_utils.py:436] - Entry: <UserListEntry 1>
2024-12-24 12:49:25,424 - application.list_utils - DEBUG - get_list_entries_for_item [list_utils.py:436] - Entry: <UserListEntry 2>
2024-12-24 12:49:25,424 - application.list_utils - DEBUG - get_list_entries_for_item [list_utils.py:437] - Item Model: Home, Item ID: 1
2024-12-24 12:49:25,424 - application.list_utils - DEBUG - get_userlist [list_utils.py:322] - lists found (model, parent): [<UserList 2>]
2024-12-24 12:49:25,424 - application.list_utils - DEBUG - get_list_entries_for_item [list_utils.py:437] - Item Model: Floor, Item ID: 1
2024-12-24 12:49:25,424 - application.list_utils - DEBUG - get_list_entries_for_item [list_utils.py:438] - User List ID: 1 User List Name: bob Homes
2024-12-24 12:49:25,425 - application.list_utils - DEBUG - get_userlist [list_utils.py:349] - len(lists) == 1: None Floor 1
2024-12-24 12:49:25,425 - application.list_utils - DEBUG - get_list_entries_for_item [list_utils.py:438] - User List ID: 2 User List Name: test Floors
2024-12-24 12:49:25,425 - application.list_utils - DEBUG - get_list_entries_for_item [list_utils.py:439] - user: 1
2024-12-24 12:49:25,425 - application.list_utils - DEBUG - get_userlist [list_utils.py:368] - userlist.entries: [<UserListEntry 2>, <UserListEntry 3>, <UserListEntry 26>] List type: <class 'sqlalchemy.orm.collections.InstrumentedList'>
2024-12-24 12:49:25,425 - application.list_utils - DEBUG - get_list_entries_for_item [list_utils.py:439] - user: 1
2024-12-24 12:49:25,425 - application.list_utils - DEBUG - get_top_userlists_by_root_parent [list_utils.py:279] - input root_parent_entry_id: 1 model: Task
2024-12-24 12:49:25,426 - application.list_utils - DEBUG - get_userlist [list_utils.py:370] - List: test Floors, Order: 5
2024-12-24 12:49:25,426 - application.list_utils - DEBUG - get_userlist [list_utils.py:308] - get_userlist(): item_model: Room, list_name: None, parent_entry_id: 2
2024-12-24 12:49:25,429 - application.list_utils - DEBUG - get_userlist [list_utils.py:370] - List: test Floors, Order: 3
2024-12-24 12:49:25,430 - application.list_utils - DEBUG - get_userlists_by_parent [list_utils.py:271] - get_userlists_by_parent: lists found (parent_entry_id)1: [<UserList 2>]
2024-12-24 12:49:25,432 - application.list_utils - DEBUG - get_userlist [list_utils.py:370] - List: test Floors, Order: 1
2024-12-24 12:49:25,433 - application.list_utils - DEBUG - get_userlist [list_utils.py:322] - lists found (model, parent): [<UserList 3>]
2024-12-24 12:49:25,435 - application.list_utils - DEBUG - get_userlists_by_parent [list_utils.py:271] - get_userlists_by_parent: lists found (parent_entry_id)2: [<UserList 3>]
2024-12-24 12:49:25,435 - application.list_utils - DEBUG - get_userlist [list_utils.py:349] - len(lists) == 1: None Room 2
2024-12-24 12:49:25,435 - application.list_utils - DEBUG - get_userlists_by_parent [list_utils.py:271] - get_userlists_by_parent: lists found (parent_entry_id)2: [<UserList 3>]
2024-12-24 12:49:25,436 - application.list_utils - DEBUG - get_userlists_by_parent [list_utils.py:271] - get_userlists_by_parent: lists found (parent_entry_id)3: [<UserList 4>]
2024-12-24 12:49:25,436 - application.list_utils - DEBUG - get_userlist [list_utils.py:368] - userlist.entries: [<UserListEntry 21>] List type: <class 'sqlalchemy.orm.collections.InstrumentedList'>
2024-12-24 12:49:25,438 - application.list_utils - DEBUG - get_userlists_by_parent [list_utils.py:271] - get_userlists_by_parent: lists found (parent_entry_id)3: [<UserList 4>]
2024-12-24 12:49:25,439 - application.list_utils - DEBUG - get_userlists_by_parent [list_utils.py:271] - get_userlists_by_parent: lists found (parent_entry_id)26: [<UserList 12>]
2024-12-24 12:49:25,439 - application.list_utils - DEBUG - get_userlist [list_utils.py:370] - List: test Main Floor Rooms, Order: 0
2024-12-24 12:49:25,441 - application.list_utils - DEBUG - get_userlists_by_parent [list_utils.py:271] - get_userlists_by_parent: lists found (parent_entry_id)26: [<UserList 12>]
2024-12-24 12:49:25,441 - application.list_utils - DEBUG - get_userlists_by_parent [list_utils.py:271] - get_userlists_by_parent: lists found (parent_entry_id)21: [<UserList 6>, <UserList 8>]
2024-12-24 12:49:25,442 - application.list_utils - DEBUG - get_userlists_by_parent [list_utils.py:271] - get_userlists_by_parent: lists found (parent_entry_id)21: [<UserList 6>, <UserList 8>]
2024-12-24 12:49:25,443 - application.list_utils - DEBUG - get_userlists_by_parent [list_utils.py:271] - get_userlists_by_parent: lists found (parent_entry_id)24: [<UserList 9>, <UserList 11>]
2024-12-24 12:49:25,478 - application.list_utils - DEBUG - get_userlists_by_parent [list_utils.py:271] - get_userlists_by_parent: lists found (parent_entry_id)28: [<UserList 13>, <UserList 15>]
2024-12-24 12:49:25,495 - application.list_utils - DEBUG - get_top_userlists_by_root_parent [list_utils.py:292] - get_top_userlists_by_root_parent: lists found (parent_entry_id)1: [<UserList 8>, <UserList 11>, <UserList 15>]
2024-12-24 12:49:25,518 - application.list_utils - DEBUG - get_userlists_by_parent [list_utils.py:273] - get_userlists_by_parent: No lists found for parent_entry_id 22
2024-12-24 12:49:25,524 - application.list_utils - DEBUG - get_userlists_by_parent [list_utils.py:273] - get_userlists_by_parent: No lists found for parent_entry_id 25
2024-12-24 12:49:25,556 - application.list_utils - DEBUG - get_userlists_by_parent [list_utils.py:273] - get_userlists_by_parent: No lists found for parent_entry_id 29
2024-12-24 12:49:25,585 - application - DEBUG - after_request_time [__init__.py:42] - Request to /show_list/ took 0.18213582038879395 seconds
2024-12-24 12:49:25,598 - application - DEBUG - after_request_time [__init__.py:44] - view (after_request): map
2024-12-24 12:49:25,655 - application - DEBUG - after_request_time [__init__.py:46] - template (after_request): lists/list.html.jinja
2024-12-24 12:49:25,670 - application - DEBUG - after_request_time [__init__.py:42] - Request to /show_list/ took 0.2621629238128662 seconds
2024-12-24 12:49:25,670 - application - DEBUG - after_request_time [__init__.py:44] - view (after_request): map
2024-12-24 12:49:25,671 - application - DEBUG - after_request_time [__init__.py:46] - template (after_request): lists/list.html.jinja
2024-12-24 12:49:25,892 - application.list_utils - DEBUG - get_list_entries_for_item [list_utils.py:428] - found_entries for <Photo 1>: [<UserListEntry 20>]
2024-12-24 12:49:25,909 - application.list_utils - DEBUG - get_list_entries_for_item [list_utils.py:436] - Entry: <UserListEntry 20>
2024-12-24 12:49:25,911 - application.list_utils - DEBUG - get_list_entries_for_item [list_utils.py:437] - Item Model: Photo, Item ID: 1
2024-12-24 12:49:25,912 - application.list_utils - DEBUG - get_list_entries_for_item [list_utils.py:438] - User List ID: 6 User List Name: Living Room 1 Photos
2024-12-24 12:49:25,913 - application.list_utils - DEBUG - get_list_entries_for_item [list_utils.py:439] - user: 1
2024-12-24 12:49:25,915 - application.list_routes - DEBUG - show_photo_entry [list_routes.py:312] - view_override: None
2024-12-24 12:49:25,917 - application.list_routes - DEBUG - show_photo_entry [list_routes.py:317] - view: map
2024-12-24 12:49:25,957 - application - DEBUG - after_request_time [__init__.py:42] - Request to /show_list/ took 0.5499398708343506 seconds
2024-12-24 12:49:25,958 - application - DEBUG - after_request_time [__init__.py:42] - Request to /show_photo_entry/1 took 0.07075285911560059 seconds
2024-12-24 12:49:25,958 - application - DEBUG - after_request_time [__init__.py:44] - view (after_request): map
2024-12-24 12:49:25,959 - application - DEBUG - after_request_time [__init__.py:44] - view (after_request): map
2024-12-24 12:49:25,959 - application - DEBUG - after_request_time [__init__.py:46] - template (after_request): lists/list.html.jinja
2024-12-24 12:49:25,959 - application - DEBUG - after_request_time [__init__.py:46] - template (after_request): lists/model/photo.html.jinja
2024-12-24 12:49:26,005 - application - DEBUG - after_request_time [__init__.py:42] - Request to /static/defaults/generic_room.webp took 0.0018529891967773438 seconds
2024-12-24 12:49:26,006 - application - DEBUG - after_request_time [__init__.py:44] - view (after_request): map
2024-12-24 12:49:26,009 - application.list_routes - DEBUG - show_list [list_routes.py:219] - view: map
2024-12-24 12:49:26,009 - application - DEBUG - after_request_time [__init__.py:46] - template (after_request): None
2024-12-24 12:49:26,121 - application - DEBUG - after_request_time [__init__.py:42] - Request to /show_list/7 took 0.1135549545288086 seconds
2024-12-24 12:49:26,122 - application - DEBUG - after_request_time [__init__.py:44] - view (after_request): map
2024-12-24 12:49:26,122 - application - DEBUG - after_request_time [__init__.py:46] - template (after_request): lists/list.html.jinja
2024-12-24 12:49:26,795 - application.rooms - DEBUG - set_active_room [rooms.py:120] - current_user.active_home.active_room: <Room 1>
2024-12-24 12:49:26,795 - application.walkthrough - DEBUG - walk_start [walkthrough.py:34] - get room_name: None
2024-12-24 12:49:26,796 - application.walkthrough - DEBUG - walk_start [walkthrough.py:35] - get view: None
2024-12-24 12:49:26,796 - application.walkthrough - DEBUG - walk_start [walkthrough.py:52] - view: None
2024-12-24 12:49:26,797 - application - DEBUG - after_request_time [__init__.py:42] - Request to /walkthrough/1 took 0.0074689388275146484 seconds
2024-12-24 12:49:26,797 - application - DEBUG - after_request_time [__init__.py:44] - view (after_request): None
2024-12-24 12:49:26,797 - application - DEBUG - after_request_time [__init__.py:46] - template (after_request): None
2024-12-24 12:49:26,848 - application.walkthrough - DEBUG - views [walkthrough.py:70] - view?: None
2024-12-24 12:49:26,849 - application.walkthrough - DEBUG - views [walkthrough.py:76] - File not found! None.html.jinja
2024-12-24 12:49:26,853 - application - DEBUG - after_request_time [__init__.py:42] - Request to /walkthrough/steps took 0.006488800048828125 seconds
2024-12-24 12:49:26,854 - application - DEBUG - after_request_time [__init__.py:44] - view (after_request): None
2024-12-24 12:49:26,854 - application - DEBUG - after_request_time [__init__.py:46] - template (after_request): walkthrough/index.html.jinja
2024-12-24 12:49:27,905 - application - DEBUG - after_request_time [__init__.py:42] - Request to /static/js/bundle.js took 0.0014851093292236328 seconds
2024-12-24 12:49:27,906 - application - DEBUG - after_request_time [__init__.py:44] - view (after_request): None
2024-12-24 12:49:27,907 - application - DEBUG - after_request_time [__init__.py:46] - template (after_request): None
2024-12-24 12:49:28,027 - application.list_routes - DEBUG - show_list [list_routes.py:219] - view: horiz-scroll
2024-12-24 12:49:28,028 - application.walkthrough - DEBUG - views [walkthrough.py:70] - view?: None
2024-12-24 12:49:28,030 - application.list_routes - DEBUG - show_list [list_routes.py:219] - view: horiz-scroll
2024-12-24 12:49:28,032 - application.list_utils - DEBUG - get_list_entries_for_item [list_utils.py:428] - found_entries for <Home 1>: [<UserListEntry 1>]
2024-12-24 12:49:28,032 - application.walkthrough - DEBUG - views [walkthrough.py:76] - File not found! None.html.jinja
2024-12-24 12:49:28,034 - application.list_utils - DEBUG - get_list_entries_for_item [list_utils.py:436] - Entry: <UserListEntry 1>
2024-12-24 12:49:28,036 - application.list_utils - DEBUG - get_list_entries_for_item [list_utils.py:428] - found_entries for <Floor 1>: [<UserListEntry 2>]
2024-12-24 12:49:28,036 - application.list_utils - DEBUG - get_list_entries_for_item [list_utils.py:437] - Item Model: Home, Item ID: 1
2024-12-24 12:49:28,047 - application.list_utils - DEBUG - get_list_entries_for_item [list_utils.py:436] - Entry: <UserListEntry 2>
2024-12-24 12:49:28,048 - application.list_utils - DEBUG - get_list_entries_for_item [list_utils.py:438] - User List ID: 1 User List Name: bob Homes
2024-12-24 12:49:28,051 - application - DEBUG - after_request_time [__init__.py:42] - Request to /walkthrough/steps took 0.02518296241760254 seconds
2024-12-24 12:49:28,049 - application.list_utils - DEBUG - get_list_entries_for_item [list_utils.py:437] - Item Model: Floor, Item ID: 1
2024-12-24 12:49:28,052 - application - DEBUG - after_request_time [__init__.py:44] - view (after_request): None
2024-12-24 12:49:28,051 - application.list_utils - DEBUG - get_list_entries_for_item [list_utils.py:439] - user: 1
2024-12-24 12:49:28,052 - application - DEBUG - after_request_time [__init__.py:46] - template (after_request): walkthrough/parts/room.html.jinja
2024-12-24 12:49:28,052 - application.list_utils - DEBUG - get_list_entries_for_item [list_utils.py:438] - User List ID: 2 User List Name: test Floors
2024-12-24 12:49:28,052 - application.list_utils - DEBUG - get_userlist [list_utils.py:308] - get_userlist(): item_model: Floor, list_name: None, parent_entry_id: 1
2024-12-24 12:49:28,054 - application.list_utils - DEBUG - get_list_entries_for_item [list_utils.py:439] - user: 1
2024-12-24 12:49:28,055 - application.list_utils - DEBUG - get_userlist [list_utils.py:322] - lists found (model, parent): [<UserList 2>]
2024-12-24 12:49:28,056 - application.list_utils - DEBUG - get_userlist [list_utils.py:308] - get_userlist(): item_model: Room, list_name: None, parent_entry_id: 2
2024-12-24 12:49:28,056 - application.list_utils - DEBUG - get_userlist [list_utils.py:349] - len(lists) == 1: None Floor 1
2024-12-24 12:49:28,057 - application.list_utils - DEBUG - get_userlist [list_utils.py:368] - userlist.entries: [<UserListEntry 2>, <UserListEntry 3>, <UserListEntry 26>] List type: <class 'sqlalchemy.orm.collections.InstrumentedList'>
2024-12-24 12:49:28,057 - application.list_utils - DEBUG - get_userlist [list_utils.py:370] - List: test Floors, Order: 5
2024-12-24 12:49:28,058 - application.list_utils - DEBUG - get_userlist [list_utils.py:322] - lists found (model, parent): [<UserList 3>]
2024-12-24 12:49:28,059 - application.list_utils - DEBUG - get_userlist [list_utils.py:370] - List: test Floors, Order: 3
2024-12-24 12:49:28,059 - application.list_utils - DEBUG - get_userlist [list_utils.py:349] - len(lists) == 1: None Room 2
2024-12-24 12:49:28,060 - application.list_utils - DEBUG - get_userlist [list_utils.py:370] - List: test Floors, Order: 1
2024-12-24 12:49:28,060 - application.list_utils - DEBUG - get_userlist [list_utils.py:368] - userlist.entries: [<UserListEntry 21>] List type: <class 'sqlalchemy.orm.collections.InstrumentedList'>
2024-12-24 12:49:28,062 - application.list_utils - DEBUG - get_userlists_by_parent [list_utils.py:271] - get_userlists_by_parent: lists found (parent_entry_id)2: [<UserList 3>]
2024-12-24 12:49:28,062 - application.list_utils - DEBUG - get_userlist [list_utils.py:370] - List: test Main Floor Rooms, Order: 0
2024-12-24 12:49:28,065 - application.list_utils - DEBUG - get_userlists_by_parent [list_utils.py:271] - get_userlists_by_parent: lists found (parent_entry_id)3: [<UserList 4>]
2024-12-24 12:49:28,066 - application.list_utils - DEBUG - get_userlists_by_parent [list_utils.py:271] - get_userlists_by_parent: lists found (parent_entry_id)21: [<UserList 6>, <UserList 8>]
2024-12-24 12:49:28,067 - application.list_utils - DEBUG - get_userlists_by_parent [list_utils.py:271] - get_userlists_by_parent: lists found (parent_entry_id)26: [<UserList 12>]
2024-12-24 12:49:28,069 - application - DEBUG - after_request_time [__init__.py:42] - Request to /show_list/ took 0.0411379337310791 seconds
2024-12-24 12:49:28,071 - application - DEBUG - after_request_time [__init__.py:44] - view (after_request): None
2024-12-24 12:49:28,071 - application - DEBUG - after_request_time [__init__.py:46] - template (after_request): lists/list.html.jinja
2024-12-24 12:49:28,072 - application - DEBUG - after_request_time [__init__.py:42] - Request to /show_list/ took 0.04982709884643555 seconds
2024-12-24 12:49:28,074 - application - DEBUG - after_request_time [__init__.py:44] - view (after_request): None
2024-12-24 12:49:28,074 - application - DEBUG - after_request_time [__init__.py:46] - template (after_request): lists/list.html.jinja
2024-12-24 12:49:28,169 - application.list_utils - DEBUG - get_list_entries_for_item [list_utils.py:428] - found_entries for <Photo 1>: [<UserListEntry 20>]
2024-12-24 12:49:28,169 - application.list_routes - DEBUG - show_list [list_routes.py:219] - view: quicknote
2024-12-24 12:49:28,173 - application.list_utils - DEBUG - get_list_entries_for_item [list_utils.py:436] - Entry: <UserListEntry 20>
2024-12-24 12:49:28,176 - application.list_utils - DEBUG - get_list_entries_for_item [list_utils.py:437] - Item Model: Photo, Item ID: 1
2024-12-24 12:49:28,177 - application.list_utils - DEBUG - get_list_entries_for_item [list_utils.py:428] - found_entries for <Room 1>: [<UserListEntry 21>]
2024-12-24 12:49:28,177 - application.list_utils - DEBUG - get_list_entries_for_item [list_utils.py:438] - User List ID: 6 User List Name: Living Room 1 Photos
2024-12-24 12:49:28,180 - application.list_utils - DEBUG - get_list_entries_for_item [list_utils.py:439] - user: 1
2024-12-24 12:49:28,180 - application - DEBUG - after_request_time [__init__.py:42] - Request to /tutorial/pingrid took 0.012259960174560547 seconds
2024-12-24 12:49:28,181 - application - DEBUG - after_request_time [__init__.py:44] - view (after_request): None
2024-12-24 12:49:28,180 - application.list_utils - DEBUG - get_list_entries_for_item [list_utils.py:436] - Entry: <UserListEntry 21>
2024-12-24 12:49:28,182 - application - DEBUG - after_request_time [__init__.py:46] - template (after_request): onboarding/modal/modal_roompingrid.jinja
2024-12-24 12:49:28,181 - application.list_routes - DEBUG - show_photo_entry [list_routes.py:312] - view_override: pingrid
2024-12-24 12:49:28,182 - application.list_utils - DEBUG - get_list_entries_for_item [list_utils.py:437] - Item Model: Room, Item ID: 1
2024-12-24 12:49:28,183 - application.list_routes - DEBUG - show_photo_entry [list_routes.py:317] - view: pingrid
2024-12-24 12:49:28,183 - application.list_utils - DEBUG - get_list_entries_for_item [list_utils.py:438] - User List ID: 3 User List Name: test Main Floor Rooms
2024-12-24 12:49:28,184 - application.list_utils - DEBUG - get_list_entries_for_item [list_utils.py:439] - user: 1
2024-12-24 12:49:28,185 - application.list_utils - DEBUG - get_userlist [list_utils.py:308] - get_userlist(): item_model: Task, list_name: None, parent_entry_id: 21
2024-12-24 12:49:28,189 - application.list_utils - DEBUG - get_userlist [list_utils.py:322] - lists found (model, parent): [<UserList 8>]
2024-12-24 12:49:28,190 - application - DEBUG - after_request_time [__init__.py:42] - Request to /show_photo_entry/1 took 0.03172183036804199 seconds
2024-12-24 12:49:28,190 - application.list_utils - DEBUG - get_userlist [list_utils.py:349] - len(lists) == 1: None Task 21
2024-12-24 12:49:28,191 - application.list_utils - DEBUG - get_userlist [list_utils.py:368] - userlist.entries: [<UserListEntry 22>] List type: <class 'sqlalchemy.orm.collections.InstrumentedList'>
2024-12-24 12:49:28,191 - application - DEBUG - after_request_time [__init__.py:44] - view (after_request): None
2024-12-24 12:49:28,191 - application - DEBUG - after_request_time [__init__.py:46] - template (after_request): lists/model/photo.html.jinja
2024-12-24 12:49:28,191 - application.list_utils - DEBUG - get_userlist [list_utils.py:370] - List: Living Room 1 Tasks, Order: 0
2024-12-24 12:49:28,193 - application.list_utils - DEBUG - get_userlists_by_parent [list_utils.py:273] - get_userlists_by_parent: No lists found for parent_entry_id 22
2024-12-24 12:49:28,204 - application - DEBUG - after_request_time [__init__.py:42] - Request to /show_list/ took 0.037531137466430664 seconds
2024-12-24 12:49:28,206 - application - DEBUG - after_request_time [__init__.py:44] - view (after_request): None
2024-12-24 12:49:28,207 - application - DEBUG - after_request_time [__init__.py:42] - Request to /static/defaults/generic_room.webp took 0.0008466243743896484 seconds
2024-12-24 12:49:28,207 - application - DEBUG - after_request_time [__init__.py:46] - template (after_request): lists/list.html.jinja
2024-12-24 12:49:28,207 - application - DEBUG - after_request_time [__init__.py:44] - view (after_request): None
2024-12-24 12:49:28,208 - application - DEBUG - after_request_time [__init__.py:46] - template (after_request): None
2024-12-24 12:49:28,228 - application.list_routes - DEBUG - show_list [list_routes.py:219] - view: pingrid
2024-12-24 12:49:28,249 - application - DEBUG - after_request_time [__init__.py:42] - Request to /show_list/7 took 0.021979093551635742 seconds
2024-12-24 12:49:28,249 - application - DEBUG - after_request_time [__init__.py:44] - view (after_request): None
2024-12-24 12:49:28,250 - application - DEBUG - after_request_time [__init__.py:46] - template (after_request): lists/list.html.jinja
2024-12-24 12:49:30,837 - application - DEBUG - after_request_time [__init__.py:42] - Request to /static/js/bundle.js.map took 0.0007889270782470703 seconds
2024-12-24 12:49:30,838 - application - DEBUG - after_request_time [__init__.py:44] - view (after_request): None
2024-12-24 12:49:30,838 - application - DEBUG - after_request_time [__init__.py:46] - template (after_request): None
2024-12-24 12:49:33,599 - application.walkthrough - DEBUG - walk_start [walkthrough.py:34] - get room_name: Living Room 1
2024-12-24 12:49:33,599 - application.walkthrough - DEBUG - walk_start [walkthrough.py:35] - get view: room
2024-12-24 12:49:33,601 - application.walkthrough - DEBUG - walk_start [walkthrough.py:39] - room: (<Room 1>,) room_name: Living Room 1 room name name: Living Room 1
2024-12-24 12:49:33,604 - application.rooms - DEBUG - set_active_room [rooms.py:120] - current_user.active_home.active_room: <Room 1>
2024-12-24 12:49:33,604 - application.walkthrough - DEBUG - walk_start [walkthrough.py:52] - view: room
2024-12-24 12:49:33,605 - application - DEBUG - after_request_time [__init__.py:42] - Request to /walkthrough/Living Room 1/room took 0.006706953048706055 seconds
2024-12-24 12:49:33,605 - application - DEBUG - after_request_time [__init__.py:44] - view (after_request): room
2024-12-24 12:49:33,605 - application - DEBUG - after_request_time [__init__.py:46] - template (after_request): None
2024-12-24 12:49:33,620 - application.walkthrough - DEBUG - views [walkthrough.py:70] - view?: room
2024-12-24 12:49:33,620 - application.walkthrough - DEBUG - views [walkthrough.py:73] - File exists!: walkthrough/parts/room.html.jinja
2024-12-24 12:49:33,622 - application - DEBUG - after_request_time [__init__.py:42] - Request to /walkthrough/steps took 0.003145933151245117 seconds
2024-12-24 12:49:33,623 - application - DEBUG - after_request_time [__init__.py:44] - view (after_request): room
2024-12-24 12:49:33,623 - application - DEBUG - after_request_time [__init__.py:46] - template (after_request): walkthrough/index.html.jinja
2024-12-24 12:49:33,743 - application - DEBUG - after_request_time [__init__.py:42] - Request to /static/js/bundle.js took 0.0011551380157470703 seconds
2024-12-24 12:49:33,743 - application - DEBUG - after_request_time [__init__.py:44] - view (after_request): room
2024-12-24 12:49:33,744 - application - DEBUG - after_request_time [__init__.py:46] - template (after_request): None
2024-12-24 12:49:33,941 - application - DEBUG - after_request_time [__init__.py:42] - Request to /static/js/bundle.js.map took 0.0011370182037353516 seconds
2024-12-24 12:49:33,942 - application - DEBUG - after_request_time [__init__.py:44] - view (after_request): room
2024-12-24 12:49:33,942 - application - DEBUG - after_request_time [__init__.py:46] - template (after_request): None
2024-12-24 12:49:33,964 - application.list_routes - DEBUG - show_list [list_routes.py:219] - view: horiz-scroll
2024-12-24 12:49:33,976 - application.list_routes - DEBUG - show_list [list_routes.py:219] - view: horiz-scroll
2024-12-24 12:49:33,978 - application.walkthrough - DEBUG - views [walkthrough.py:70] - view?: room
2024-12-24 12:49:33,982 - application.walkthrough - DEBUG - views [walkthrough.py:73] - File exists!: walkthrough/parts/room.html.jinja
2024-12-24 12:49:33,977 - application.list_utils - DEBUG - get_list_entries_for_item [list_utils.py:428] - found_entries for <Home 1>: [<UserListEntry 1>]
2024-12-24 12:49:33,989 - application.list_utils - DEBUG - get_list_entries_for_item [list_utils.py:428] - found_entries for <Floor 1>: [<UserListEntry 2>]
2024-12-24 12:49:33,988 - application - DEBUG - after_request_time [__init__.py:42] - Request to /walkthrough/steps took 0.012397050857543945 seconds
2024-12-24 12:49:33,991 - application.list_utils - DEBUG - get_list_entries_for_item [list_utils.py:436] - Entry: <UserListEntry 1>
2024-12-24 12:49:33,993 - application.list_utils - DEBUG - get_list_entries_for_item [list_utils.py:437] - Item Model: Home, Item ID: 1
2024-12-24 12:49:33,992 - application - DEBUG - after_request_time [__init__.py:44] - view (after_request): room
2024-12-24 12:49:33,994 - application.list_utils - DEBUG - get_list_entries_for_item [list_utils.py:438] - User List ID: 1 User List Name: bob Homes
2024-12-24 12:49:33,994 - application - DEBUG - after_request_time [__init__.py:46] - template (after_request): walkthrough/parts/room.html.jinja
2024-12-24 12:49:33,995 - application.list_utils - DEBUG - get_list_entries_for_item [list_utils.py:436] - Entry: <UserListEntry 2>
2024-12-24 12:49:33,997 - application.list_utils - DEBUG - get_list_entries_for_item [list_utils.py:437] - Item Model: Floor, Item ID: 1
2024-12-24 12:49:33,998 - application.list_utils - DEBUG - get_list_entries_for_item [list_utils.py:438] - User List ID: 2 User List Name: test Floors
2024-12-24 12:49:33,998 - application.list_utils - DEBUG - get_list_entries_for_item [list_utils.py:439] - user: 1
2024-12-24 12:49:33,995 - application.list_utils - DEBUG - get_list_entries_for_item [list_utils.py:439] - user: 1
2024-12-24 12:49:34,000 - application.list_utils - DEBUG - get_userlist [list_utils.py:308] - get_userlist(): item_model: Room, list_name: None, parent_entry_id: 2
2024-12-24 12:49:34,001 - application.list_utils - DEBUG - get_userlist [list_utils.py:308] - get_userlist(): item_model: Floor, list_name: None, parent_entry_id: 1
2024-12-24 12:49:34,006 - application.list_utils - DEBUG - get_userlist [list_utils.py:322] - lists found (model, parent): [<UserList 3>]
2024-12-24 12:49:34,009 - application.list_utils - DEBUG - get_userlist [list_utils.py:349] - len(lists) == 1: None Room 2
2024-12-24 12:49:34,010 - application.list_utils - DEBUG - get_userlist [list_utils.py:368] - userlist.entries: [<UserListEntry 21>] List type: <class 'sqlalchemy.orm.collections.InstrumentedList'>
2024-12-24 12:49:34,011 - application.list_utils - DEBUG - get_userlist [list_utils.py:322] - lists found (model, parent): [<UserList 2>]
2024-12-24 12:49:34,012 - application.list_utils - DEBUG - get_userlist [list_utils.py:349] - len(lists) == 1: None Floor 1
2024-12-24 12:49:34,013 - application.list_utils - DEBUG - get_userlist [list_utils.py:368] - userlist.entries: [<UserListEntry 2>, <UserListEntry 3>, <UserListEntry 26>] List type: <class 'sqlalchemy.orm.collections.InstrumentedList'>
2024-12-24 12:49:34,011 - application.list_utils - DEBUG - get_userlist [list_utils.py:370] - List: test Main Floor Rooms, Order: 0
2024-12-24 12:49:34,016 - application.list_utils - DEBUG - get_userlist [list_utils.py:370] - List: test Floors, Order: 5
2024-12-24 12:49:34,019 - application.list_utils - DEBUG - get_userlists_by_parent [list_utils.py:271] - get_userlists_by_parent: lists found (parent_entry_id)21: [<UserList 6>, <UserList 8>]
2024-12-24 12:49:34,019 - application.list_utils - DEBUG - get_userlist [list_utils.py:370] - List: test Floors, Order: 3
2024-12-24 12:49:34,022 - application.list_utils - DEBUG - get_userlist [list_utils.py:370] - List: test Floors, Order: 1
2024-12-24 12:49:34,025 - application - DEBUG - after_request_time [__init__.py:42] - Request to /show_list/ took 0.05107593536376953 seconds
2024-12-24 12:49:34,025 - application.list_utils - DEBUG - get_userlists_by_parent [list_utils.py:271] - get_userlists_by_parent: lists found (parent_entry_id)2: [<UserList 3>]
2024-12-24 12:49:34,026 - application - DEBUG - after_request_time [__init__.py:44] - view (after_request): room
2024-12-24 12:49:34,028 - application.list_utils - DEBUG - get_userlists_by_parent [list_utils.py:271] - get_userlists_by_parent: lists found (parent_entry_id)3: [<UserList 4>]
2024-12-24 12:49:34,027 - application - DEBUG - after_request_time [__init__.py:46] - template (after_request): lists/list.html.jinja
2024-12-24 12:49:34,033 - application.list_utils - DEBUG - get_userlists_by_parent [list_utils.py:271] - get_userlists_by_parent: lists found (parent_entry_id)26: [<UserList 12>]
2024-12-24 12:49:34,043 - application - DEBUG - after_request_time [__init__.py:42] - Request to /show_list/ took 0.08121395111083984 seconds
2024-12-24 12:49:34,044 - application - DEBUG - after_request_time [__init__.py:44] - view (after_request): room
2024-12-24 12:49:34,045 - application - DEBUG - after_request_time [__init__.py:46] - template (after_request): lists/list.html.jinja
2024-12-24 12:49:34,166 - application.list_routes - DEBUG - show_list [list_routes.py:219] - view: quicknote
2024-12-24 12:49:34,174 - application.list_utils - DEBUG - get_list_entries_for_item [list_utils.py:428] - found_entries for <Room 1>: [<UserListEntry 21>]
2024-12-24 12:49:34,176 - application - DEBUG - after_request_time [__init__.py:42] - Request to /tutorial/pingrid took 0.002686023712158203 seconds
2024-12-24 12:49:34,176 - application - DEBUG - after_request_time [__init__.py:44] - view (after_request): room
2024-12-24 12:49:34,175 - application.list_utils - DEBUG - get_list_entries_for_item [list_utils.py:428] - found_entries for <Photo 1>: [<UserListEntry 20>]
2024-12-24 12:49:34,177 - application - DEBUG - after_request_time [__init__.py:46] - template (after_request): onboarding/modal/modal_roompingrid.jinja
2024-12-24 12:49:34,177 - application.list_utils - DEBUG - get_list_entries_for_item [list_utils.py:436] - Entry: <UserListEntry 21>
2024-12-24 12:49:34,180 - application.list_utils - DEBUG - get_list_entries_for_item [list_utils.py:436] - Entry: <UserListEntry 20>
2024-12-24 12:49:34,180 - application.list_utils - DEBUG - get_list_entries_for_item [list_utils.py:437] - Item Model: Room, Item ID: 1
2024-12-24 12:49:34,180 - application.list_utils - DEBUG - get_list_entries_for_item [list_utils.py:437] - Item Model: Photo, Item ID: 1
2024-12-24 12:49:34,181 - application.list_utils - DEBUG - get_list_entries_for_item [list_utils.py:438] - User List ID: 3 User List Name: test Main Floor Rooms
2024-12-24 12:49:34,182 - application.list_utils - DEBUG - get_list_entries_for_item [list_utils.py:438] - User List ID: 6 User List Name: Living Room 1 Photos
2024-12-24 12:49:34,183 - application.list_utils - DEBUG - get_list_entries_for_item [list_utils.py:439] - user: 1
2024-12-24 12:49:34,183 - application.list_utils - DEBUG - get_list_entries_for_item [list_utils.py:439] - user: 1
2024-12-24 12:49:34,184 - application.list_routes - DEBUG - show_photo_entry [list_routes.py:312] - view_override: pingrid
2024-12-24 12:49:34,184 - application.list_utils - DEBUG - get_userlist [list_utils.py:308] - get_userlist(): item_model: Task, list_name: None, parent_entry_id: 21
2024-12-24 12:49:34,184 - application.list_routes - DEBUG - show_photo_entry [list_routes.py:317] - view: pingrid
2024-12-24 12:49:34,187 - application.list_utils - DEBUG - get_userlist [list_utils.py:322] - lists found (model, parent): [<UserList 8>]
2024-12-24 12:49:34,190 - application.list_utils - DEBUG - get_userlist [list_utils.py:349] - len(lists) == 1: None Task 21
2024-12-24 12:49:34,189 - application - DEBUG - after_request_time [__init__.py:42] - Request to /show_photo_entry/1 took 0.024316072463989258 seconds
2024-12-24 12:49:34,190 - application.list_utils - DEBUG - get_userlist [list_utils.py:368] - userlist.entries: [<UserListEntry 22>] List type: <class 'sqlalchemy.orm.collections.InstrumentedList'>
2024-12-24 12:49:34,190 - application - DEBUG - after_request_time [__init__.py:44] - view (after_request): room
2024-12-24 12:49:34,191 - application - DEBUG - after_request_time [__init__.py:46] - template (after_request): lists/model/photo.html.jinja
2024-12-24 12:49:34,191 - application.list_utils - DEBUG - get_userlist [list_utils.py:370] - List: Living Room 1 Tasks, Order: 0
2024-12-24 12:49:34,194 - application.list_utils - DEBUG - get_userlists_by_parent [list_utils.py:273] - get_userlists_by_parent: No lists found for parent_entry_id 22
2024-12-24 12:49:34,207 - application - DEBUG - after_request_time [__init__.py:42] - Request to /show_list/ took 0.04323315620422363 seconds
2024-12-24 12:49:34,208 - application - DEBUG - after_request_time [__init__.py:44] - view (after_request): room
2024-12-24 12:49:34,208 - application - DEBUG - after_request_time [__init__.py:46] - template (after_request): lists/list.html.jinja
2024-12-24 12:49:34,253 - application - DEBUG - after_request_time [__init__.py:42] - Request to /static/defaults/generic_room.webp took 0.0008530616760253906 seconds
2024-12-24 12:49:34,254 - application - DEBUG - after_request_time [__init__.py:44] - view (after_request): room
2024-12-24 12:49:34,254 - application - DEBUG - after_request_time [__init__.py:46] - template (after_request): None
2024-12-24 12:49:34,258 - application.list_routes - DEBUG - show_list [list_routes.py:219] - view: pingrid
2024-12-24 12:49:34,278 - application - DEBUG - after_request_time [__init__.py:42] - Request to /show_list/7 took 0.021020889282226562 seconds
2024-12-24 12:49:34,278 - application - DEBUG - after_request_time [__init__.py:44] - view (after_request): room
2024-12-24 12:49:34,279 - application - DEBUG - after_request_time [__init__.py:46] - template (after_request): lists/list.html.jinja
2024-12-24 12:49:37,805 - application.main - DEBUG - debug [main.py:54] - debug toggled: True
2024-12-24 12:49:37,805 - application - DEBUG - after_request_time [__init__.py:42] - Request to /debug took 0.006562948226928711 seconds
2024-12-24 12:49:37,806 - application - DEBUG - after_request_time [__init__.py:44] - view (after_request): room
2024-12-24 12:49:37,806 - application - DEBUG - after_request_time [__init__.py:46] - template (after_request): None
2024-12-24 12:49:40,044 - application.walkthrough - DEBUG - walk_start [walkthrough.py:34] - get room_name: Living Room 1
2024-12-24 12:49:40,044 - application.walkthrough - DEBUG - walk_start [walkthrough.py:35] - get view: room
2024-12-24 12:49:40,045 - application.walkthrough - DEBUG - walk_start [walkthrough.py:39] - room: (<Room 1>,) room_name: Living Room 1 room name name: Living Room 1
2024-12-24 12:49:40,048 - application.rooms - DEBUG - set_active_room [rooms.py:120] - current_user.active_home.active_room: <Room 1>
2024-12-24 12:49:40,049 - application.walkthrough - DEBUG - walk_start [walkthrough.py:52] - view: room
2024-12-24 12:49:40,050 - application - DEBUG - after_request_time [__init__.py:42] - Request to /walkthrough/Living Room 1/room took 0.00661921501159668 seconds
2024-12-24 12:49:40,050 - application - DEBUG - after_request_time [__init__.py:44] - view (after_request): room
2024-12-24 12:49:40,051 - application - DEBUG - after_request_time [__init__.py:46] - template (after_request): None
2024-12-24 12:49:40,068 - application.walkthrough - DEBUG - views [walkthrough.py:70] - view?: room
2024-12-24 12:49:40,068 - application.walkthrough - DEBUG - views [walkthrough.py:73] - File exists!: walkthrough/parts/room.html.jinja
2024-12-24 12:49:40,070 - application - DEBUG - after_request_time [__init__.py:42] - Request to /walkthrough/steps took 0.0027420520782470703 seconds
2024-12-24 12:49:40,070 - application - DEBUG - after_request_time [__init__.py:44] - view (after_request): room
2024-12-24 12:49:40,070 - application - DEBUG - after_request_time [__init__.py:46] - template (after_request): walkthrough/index.html.jinja
2024-12-24 12:49:40,202 - application - DEBUG - after_request_time [__init__.py:42] - Request to /static/js/bundle.js took 0.0007269382476806641 seconds
2024-12-24 12:49:40,202 - application - DEBUG - after_request_time [__init__.py:44] - view (after_request): room
2024-12-24 12:49:40,202 - application - DEBUG - after_request_time [__init__.py:46] - template (after_request): None
2024-12-24 12:49:40,332 - application.list_routes - DEBUG - show_list [list_routes.py:219] - view: horiz-scroll
2024-12-24 12:49:40,334 - application.list_utils - DEBUG - get_list_entries_for_item [list_utils.py:428] - found_entries for <Home 1>: [<UserListEntry 1>]
2024-12-24 12:49:40,335 - application.list_utils - DEBUG - get_list_entries_for_item [list_utils.py:436] - Entry: <UserListEntry 1>
2024-12-24 12:49:40,335 - application.list_utils - DEBUG - get_list_entries_for_item [list_utils.py:437] - Item Model: Home, Item ID: 1
2024-12-24 12:49:40,335 - application.list_utils - DEBUG - get_list_entries_for_item [list_utils.py:438] - User List ID: 1 User List Name: bob Homes
2024-12-24 12:49:40,335 - application.list_utils - DEBUG - get_list_entries_for_item [list_utils.py:439] - user: 1
2024-12-24 12:49:40,336 - application.list_utils - DEBUG - get_userlist [list_utils.py:308] - get_userlist(): item_model: Floor, list_name: None, parent_entry_id: 1
2024-12-24 12:49:40,336 - application.list_utils - DEBUG - get_userlist [list_utils.py:322] - lists found (model, parent): [<UserList 2>]
2024-12-24 12:49:40,337 - application.list_utils - DEBUG - get_userlist [list_utils.py:349] - len(lists) == 1: None Floor 1
2024-12-24 12:49:40,337 - application.list_utils - DEBUG - get_userlist [list_utils.py:368] - userlist.entries: [<UserListEntry 2>, <UserListEntry 3>, <UserListEntry 26>] List type: <class 'sqlalchemy.orm.collections.InstrumentedList'>
2024-12-24 12:49:40,338 - application.list_utils - DEBUG - get_userlist [list_utils.py:370] - List: test Floors, Order: 5
2024-12-24 12:49:40,338 - application.list_utils - DEBUG - get_userlist [list_utils.py:370] - List: test Floors, Order: 3
2024-12-24 12:49:40,338 - application.list_utils - DEBUG - get_userlist [list_utils.py:370] - List: test Floors, Order: 1
2024-12-24 12:49:40,340 - application.list_utils - DEBUG - get_userlists_by_parent [list_utils.py:271] - get_userlists_by_parent: lists found (parent_entry_id)2: [<UserList 3>]
2024-12-24 12:49:40,342 - application.list_utils - DEBUG - get_userlists_by_parent [list_utils.py:271] - get_userlists_by_parent: lists found (parent_entry_id)3: [<UserList 4>]
2024-12-24 12:49:40,343 - application.list_utils - DEBUG - get_userlists_by_parent [list_utils.py:271] - get_userlists_by_parent: lists found (parent_entry_id)26: [<UserList 12>]
2024-12-24 12:49:40,356 - application - DEBUG - after_request_time [__init__.py:42] - Request to /show_list/ took 0.026083946228027344 seconds
2024-12-24 12:49:40,359 - application - DEBUG - after_request_time [__init__.py:44] - view (after_request): room
2024-12-24 12:49:40,362 - application - DEBUG - after_request_time [__init__.py:46] - template (after_request): lists/list.html.jinja
2024-12-24 12:49:40,369 - application.walkthrough - DEBUG - views [walkthrough.py:70] - view?: room
2024-12-24 12:49:40,370 - application.list_routes - DEBUG - show_list [list_routes.py:219] - view: horiz-scroll
2024-12-24 12:49:40,370 - application.walkthrough - DEBUG - views [walkthrough.py:73] - File exists!: walkthrough/parts/room.html.jinja
2024-12-24 12:49:40,376 - application.list_utils - DEBUG - get_list_entries_for_item [list_utils.py:428] - found_entries for <Floor 1>: [<UserListEntry 2>]
2024-12-24 12:49:40,381 - application - DEBUG - after_request_time [__init__.py:42] - Request to /walkthrough/steps took 0.016889095306396484 seconds
2024-12-24 12:49:40,381 - application - DEBUG - after_request_time [__init__.py:44] - view (after_request): room
2024-12-24 12:49:40,383 - application - DEBUG - after_request_time [__init__.py:46] - template (after_request): walkthrough/parts/room.html.jinja
2024-12-24 12:49:40,385 - application.list_utils - DEBUG - get_list_entries_for_item [list_utils.py:436] - Entry: <UserListEntry 2>
2024-12-24 12:49:40,390 - application.list_utils - DEBUG - get_list_entries_for_item [list_utils.py:437] - Item Model: Floor, Item ID: 1
2024-12-24 12:49:40,392 - application.list_utils - DEBUG - get_list_entries_for_item [list_utils.py:438] - User List ID: 2 User List Name: test Floors
2024-12-24 12:49:40,392 - application.list_utils - DEBUG - get_list_entries_for_item [list_utils.py:439] - user: 1
2024-12-24 12:49:40,394 - application.list_utils - DEBUG - get_userlist [list_utils.py:308] - get_userlist(): item_model: Room, list_name: None, parent_entry_id: 2
2024-12-24 12:49:40,399 - application.list_utils - DEBUG - get_userlist [list_utils.py:322] - lists found (model, parent): [<UserList 3>]
2024-12-24 12:49:40,395 - application - DEBUG - after_request_time [__init__.py:42] - Request to /static/js/bundle.js.map took 0.003576993942260742 seconds
2024-12-24 12:49:40,401 - application.list_utils - DEBUG - get_userlist [list_utils.py:349] - len(lists) == 1: None Room 2
2024-12-24 12:49:40,402 - application.list_utils - DEBUG - get_userlist [list_utils.py:368] - userlist.entries: [<UserListEntry 21>] List type: <class 'sqlalchemy.orm.collections.InstrumentedList'>
2024-12-24 12:49:40,400 - application - DEBUG - after_request_time [__init__.py:44] - view (after_request): room
2024-12-24 12:49:40,402 - application.list_utils - DEBUG - get_userlist [list_utils.py:370] - List: test Main Floor Rooms, Order: 0
2024-12-24 12:49:40,403 - application - DEBUG - after_request_time [__init__.py:46] - template (after_request): None
2024-12-24 12:49:40,407 - application.list_utils - DEBUG - get_userlists_by_parent [list_utils.py:271] - get_userlists_by_parent: lists found (parent_entry_id)21: [<UserList 6>, <UserList 8>]
2024-12-24 12:49:40,411 - application - DEBUG - after_request_time [__init__.py:42] - Request to /show_list/ took 0.04459404945373535 seconds
2024-12-24 12:49:40,412 - application - DEBUG - after_request_time [__init__.py:44] - view (after_request): room
2024-12-24 12:49:40,413 - application - DEBUG - after_request_time [__init__.py:46] - template (after_request): lists/list.html.jinja
2024-12-24 12:49:40,593 - application.list_routes - DEBUG - show_list [list_routes.py:219] - view: quicknote
2024-12-24 12:49:40,597 - application - DEBUG - after_request_time [__init__.py:42] - Request to /tutorial/pingrid took 0.007323741912841797 seconds
2024-12-24 12:49:40,597 - application - DEBUG - after_request_time [__init__.py:44] - view (after_request): room
2024-12-24 12:49:40,598 - application - DEBUG - after_request_time [__init__.py:46] - template (after_request): onboarding/modal/modal_roompingrid.jinja
2024-12-24 12:49:40,604 - application.list_utils - DEBUG - get_list_entries_for_item [list_utils.py:428] - found_entries for <Room 1>: [<UserListEntry 21>]
2024-12-24 12:49:40,606 - application.list_utils - DEBUG - get_list_entries_for_item [list_utils.py:436] - Entry: <UserListEntry 21>
2024-12-24 12:49:40,606 - application.list_utils - DEBUG - get_list_entries_for_item [list_utils.py:437] - Item Model: Room, Item ID: 1
2024-12-24 12:49:40,606 - application.list_utils - DEBUG - get_list_entries_for_item [list_utils.py:438] - User List ID: 3 User List Name: test Main Floor Rooms
2024-12-24 12:49:40,609 - application.list_utils - DEBUG - get_list_entries_for_item [list_utils.py:439] - user: 1
2024-12-24 12:49:40,609 - application.list_utils - DEBUG - get_userlist [list_utils.py:308] - get_userlist(): item_model: Task, list_name: None, parent_entry_id: 21
2024-12-24 12:49:40,614 - application.list_utils - DEBUG - get_list_entries_for_item [list_utils.py:428] - found_entries for <Photo 1>: [<UserListEntry 20>]
2024-12-24 12:49:40,617 - application.list_utils - DEBUG - get_userlist [list_utils.py:322] - lists found (model, parent): [<UserList 8>]
2024-12-24 12:49:40,617 - application.list_utils - DEBUG - get_userlist [list_utils.py:349] - len(lists) == 1: None Task 21
2024-12-24 12:49:40,618 - application.list_utils - DEBUG - get_userlist [list_utils.py:368] - userlist.entries: [<UserListEntry 22>] List type: <class 'sqlalchemy.orm.collections.InstrumentedList'>
2024-12-24 12:49:40,618 - application.list_utils - DEBUG - get_userlist [list_utils.py:370] - List: Living Room 1 Tasks, Order: 0
2024-12-24 12:49:40,620 - application.list_utils - DEBUG - get_userlists_by_parent [list_utils.py:273] - get_userlists_by_parent: No lists found for parent_entry_id 22
2024-12-24 12:49:40,637 - application - DEBUG - after_request_time [__init__.py:42] - Request to /show_list/ took 0.04593706130981445 seconds
2024-12-24 12:49:40,637 - application - DEBUG - after_request_time [__init__.py:44] - view (after_request): room
2024-12-24 12:49:40,620 - application.list_utils - DEBUG - get_list_entries_for_item [list_utils.py:436] - Entry: <UserListEntry 20>
2024-12-24 12:49:40,638 - application.list_utils - DEBUG - get_list_entries_for_item [list_utils.py:437] - Item Model: Photo, Item ID: 1
2024-12-24 12:49:40,639 - application.list_utils - DEBUG - get_list_entries_for_item [list_utils.py:438] - User List ID: 6 User List Name: Living Room 1 Photos
2024-12-24 12:49:40,639 - application.list_utils - DEBUG - get_list_entries_for_item [list_utils.py:439] - user: 1
2024-12-24 12:49:40,641 - application.list_routes - DEBUG - show_photo_entry [list_routes.py:312] - view_override: pingrid
2024-12-24 12:49:40,641 - application.list_routes - DEBUG - show_photo_entry [list_routes.py:317] - view: pingrid
2024-12-24 12:49:40,639 - application - DEBUG - after_request_time [__init__.py:46] - template (after_request): lists/list.html.jinja
2024-12-24 12:49:40,645 - application - DEBUG - after_request_time [__init__.py:42] - Request to /show_photo_entry/1 took 0.06021928787231445 seconds
2024-12-24 12:49:40,652 - application - DEBUG - after_request_time [__init__.py:44] - view (after_request): room
2024-12-24 12:49:40,652 - application - DEBUG - after_request_time [__init__.py:46] - template (after_request): lists/model/photo.html.jinja
2024-12-24 12:49:40,721 - application - DEBUG - after_request_time [__init__.py:42] - Request to /static/defaults/generic_room.webp took 0.0011279582977294922 seconds
2024-12-24 12:49:40,722 - application - DEBUG - after_request_time [__init__.py:44] - view (after_request): room
2024-12-24 12:49:40,722 - application - DEBUG - after_request_time [__init__.py:46] - template (after_request): None
2024-12-24 12:49:40,750 - application.list_routes - DEBUG - show_list [list_routes.py:219] - view: pingrid
2024-12-24 12:49:40,775 - application - DEBUG - after_request_time [__init__.py:42] - Request to /show_list/7 took 0.027010679244995117 seconds
2024-12-24 12:49:40,775 - application - DEBUG - after_request_time [__init__.py:44] - view (after_request): room
2024-12-24 12:49:40,776 - application - DEBUG - after_request_time [__init__.py:46] - template (after_request): lists/list.html.jinja
