2024-12-27 12:40:49,568 - logs.logging_config - DEBUG - configure_logging [logging_config.py:178] - Application logging configured
2024-12-27 12:40:49,570 - logs.logging_config - INFO - configure_logging [logging_config.py:187] - Application started in production environment
2024-12-27 12:40:49,571 - application - DEBUG - create_app [__init__.py:28] - test2
2024-12-27 12:40:50,366 - application - DEBUG - after_request_time [__init__.py:42] - Request to / took 0.013453006744384766 seconds
2024-12-27 12:40:50,366 - application - DEBUG - after_request_time [__init__.py:44] - view (after_request): photo
2024-12-27 12:40:50,367 - application - DEBUG - after_request_time [__init__.py:46] - template (after_request): None
2024-12-27 12:40:50,388 - application.map - DEBUG - home_map [map.py:26] - map called with floor_id: 1
2024-12-27 12:40:50,396 - application.rooms - DEBUG - floor_room_check [rooms.py:169] - inside floor_room_check A: floor_id: 1, has_rooms: True
2024-12-27 12:40:50,399 - application.rooms - DEBUG - check_each_floor_for_rooms [rooms.py:176] - floor.rooms.count() <Floor 1> = 9
2024-12-27 12:40:50,400 - application.rooms - DEBUG - floor_room_check [rooms.py:171] - inside floor_room_check B: floor_id: 1, has_rooms: True
2024-12-27 12:40:50,400 - application.map - DEBUG - home_map [map.py:29] - room check: floor_id: 1, has_rooms: True
2024-12-27 12:40:50,400 - application.floors - DEBUG - set_active_floor [floors.py:43] - set_active_floor called with floor_id: 1
2024-12-27 12:40:50,406 - application.floors - DEBUG - set_active_floor [floors.py:54] - current_user.active_home.active_floor: <Floor 1>
2024-12-27 12:40:50,409 - application.list_utils - DEBUG - get_list_entries_for_item [list_utils.py:428] - found_entries for <Home 1>: [<UserListEntry 1>]
2024-12-27 12:40:50,414 - application.list_utils - DEBUG - get_list_entries_for_item [list_utils.py:436] - Entry: <UserListEntry 1>
2024-12-27 12:40:50,414 - application.list_utils - DEBUG - get_list_entries_for_item [list_utils.py:437] - Item Model: Home, Item ID: 1
2024-12-27 12:40:50,414 - application.list_utils - DEBUG - get_list_entries_for_item [list_utils.py:438] - User List ID: 1 User List Name: bob Homes
2024-12-27 12:40:50,414 - application.list_utils - DEBUG - get_list_entries_for_item [list_utils.py:439] - user: 1
2024-12-27 12:40:50,414 - application.list_utils - DEBUG - get_userlist [list_utils.py:308] - get_userlist(): item_model: Floor, list_name: None, parent_entry_id: 1
2024-12-27 12:40:50,418 - application.list_utils - DEBUG - get_userlist [list_utils.py:322] - lists found (model, parent): [<UserList 2>]
2024-12-27 12:40:50,418 - application.list_utils - DEBUG - get_userlist [list_utils.py:349] - len(lists) == 1: None Floor 1
2024-12-27 12:40:50,418 - application.list_utils - DEBUG - get_userlist [list_utils.py:368] - userlist.entries: [<UserListEntry 2>] List type: <class 'sqlalchemy.orm.collections.InstrumentedList'>
2024-12-27 12:40:50,418 - application.list_utils - DEBUG - get_userlist [list_utils.py:370] - List: photos tester Floors, Order: 0
2024-12-27 12:40:50,419 - application.rooms - DEBUG - get_room_list [rooms.py:44] - floor_list: <UserList 2> (type: <class 'application.database.models.UserList'>)
2024-12-27 12:40:50,419 - application.rooms - DEBUG - get_room_list [rooms.py:45] - floor_list entries count: 1
2024-12-27 12:40:50,457 - application.list_utils - DEBUG - get_list_entries_for_item [list_utils.py:428] - found_entries for <Floor 1>: [<UserListEntry 2>]
2024-12-27 12:40:50,458 - application.list_utils - DEBUG - get_list_entries_for_item [list_utils.py:436] - Entry: <UserListEntry 2>
2024-12-27 12:40:50,458 - application.list_utils - DEBUG - get_list_entries_for_item [list_utils.py:437] - Item Model: Floor, Item ID: 1
2024-12-27 12:40:50,458 - application.list_utils - DEBUG - get_list_entries_for_item [list_utils.py:438] - User List ID: 2 User List Name: photos tester Floors
2024-12-27 12:40:50,458 - application.list_utils - DEBUG - get_list_entries_for_item [list_utils.py:439] - user: 1
2024-12-27 12:40:50,461 - application.rooms - DEBUG - get_room_list [rooms.py:48] - room_list: <UserList 3> (type: <class 'application.database.models.UserList'>)
2024-12-27 12:40:50,462 - application.map - DEBUG - home_map [map.py:36] - floor_list MAP: <UserList 2>
2024-12-27 12:40:50,503 - application - DEBUG - after_request_time [__init__.py:42] - Request to /map/ took 0.11720108985900879 seconds
2024-12-27 12:40:50,504 - application - DEBUG - after_request_time [__init__.py:44] - view (after_request): map
2024-12-27 12:40:50,504 - application - DEBUG - after_request_time [__init__.py:46] - template (after_request): map/index.html.jinja
2024-12-27 12:40:50,567 - application - DEBUG - after_request_time [__init__.py:42] - Request to /static/js/bundle.js took 0.006155967712402344 seconds
2024-12-27 12:40:50,568 - application - DEBUG - after_request_time [__init__.py:44] - view (after_request): map
2024-12-27 12:40:50,568 - application - DEBUG - after_request_time [__init__.py:46] - template (after_request): None
2024-12-27 12:40:50,722 - application.list_routes - DEBUG - show_list [list_routes.py:219] - view: horiz-scroll
2024-12-27 12:40:50,735 - application.list_routes - DEBUG - show_list [list_routes.py:219] - view: map
2024-12-27 12:40:50,736 - application.list_utils - DEBUG - get_list_entries_for_item [list_utils.py:428] - found_entries for <Home 1>: [<UserListEntry 1>]
2024-12-27 12:40:50,736 - application.list_routes - DEBUG - show_list [list_routes.py:219] - view: map
2024-12-27 12:40:50,736 - application - DEBUG - after_request_time [__init__.py:42] - Request to /nav took 0.015913963317871094 seconds
2024-12-27 12:40:50,739 - application.list_utils - DEBUG - get_list_entries_for_item [list_utils.py:415] - input_string: <Home 1>, item_model: Home, item_id: 1
2024-12-27 12:40:50,740 - application - DEBUG - after_request_time [__init__.py:44] - view (after_request): map
2024-12-27 12:40:50,740 - application.list_utils - DEBUG - get_list_entries_for_item [list_utils.py:436] - Entry: <UserListEntry 1>
2024-12-27 12:40:50,742 - application - DEBUG - after_request_time [__init__.py:46] - template (after_request): base/parts/nav/constructor.jinja
2024-12-27 12:40:50,744 - application.list_utils - DEBUG - get_list_entries_for_item [list_utils.py:428] - found_entries for <Floor 1>: [<UserListEntry 2>]
2024-12-27 12:40:50,744 - application.list_utils - DEBUG - get_list_entries_for_item [list_utils.py:437] - Item Model: Home, Item ID: 1
2024-12-27 12:40:50,745 - application.list_utils - DEBUG - get_list_entries_for_item [list_utils.py:428] - found_entries for <Home 1>: [<UserListEntry 1>]
2024-12-27 12:40:50,747 - application.list_utils - DEBUG - get_list_entries_for_item [list_utils.py:436] - Entry: <UserListEntry 2>
2024-12-27 12:40:50,748 - application.list_utils - DEBUG - get_list_entries_for_item [list_utils.py:438] - User List ID: 1 User List Name: bob Homes
2024-12-27 12:40:50,750 - application.list_utils - DEBUG - get_list_entries_for_item [list_utils.py:436] - Entry: <UserListEntry 1>
2024-12-27 12:40:50,750 - application.list_utils - DEBUG - get_list_entries_for_item [list_utils.py:437] - Item Model: Floor, Item ID: 1
2024-12-27 12:40:50,752 - application.list_utils - DEBUG - get_list_entries_for_item [list_utils.py:438] - User List ID: 2 User List Name: photos tester Floors
2024-12-27 12:40:50,752 - application.list_utils - DEBUG - get_list_entries_for_item [list_utils.py:439] - user: 1
2024-12-27 12:40:50,752 - application.list_utils - DEBUG - get_userlist [list_utils.py:308] - get_userlist(): item_model: Room, list_name: None, parent_entry_id: 2
2024-12-27 12:40:50,751 - application.list_utils - DEBUG - get_list_entries_for_item [list_utils.py:437] - Item Model: Home, Item ID: 1
2024-12-27 12:40:50,750 - application.list_utils - DEBUG - get_list_entries_for_item [list_utils.py:439] - user: 1
2024-12-27 12:40:50,754 - application.list_utils - DEBUG - get_list_entries_for_item [list_utils.py:438] - User List ID: 1 User List Name: bob Homes
2024-12-27 12:40:50,754 - application.list_utils - DEBUG - get_userlist [list_utils.py:308] - get_userlist(): item_model: Floor, list_name: None, parent_entry_id: 1
2024-12-27 12:40:50,755 - application.list_utils - DEBUG - get_userlist [list_utils.py:322] - lists found (model, parent): [<UserList 3>]
2024-12-27 12:40:50,755 - application.list_utils - DEBUG - get_list_entries_for_item [list_utils.py:439] - user: 1
2024-12-27 12:40:50,756 - application.list_utils - DEBUG - get_userlist [list_utils.py:349] - len(lists) == 1: None Room 2
2024-12-27 12:40:50,756 - application.list_utils - DEBUG - get_userlist [list_utils.py:322] - lists found (model, parent): [<UserList 2>]
2024-12-27 12:40:50,757 - application.list_utils - DEBUG - get_top_userlists_by_root_parent [list_utils.py:279] - input root_parent_entry_id: 1 model: Task
2024-12-27 12:40:50,757 - application.list_utils - DEBUG - get_userlist [list_utils.py:368] - userlist.entries: [<UserListEntry 20>, <UserListEntry 22>, <UserListEntry 24>, <UserListEntry 26>, <UserListEntry 28>, <UserListEntry 30>, <UserListEntry 32>, <UserListEntry 34>, <UserListEntry 36>] List type: <class 'sqlalchemy.orm.collections.InstrumentedList'>
2024-12-27 12:40:50,758 - application.list_utils - DEBUG - get_userlist [list_utils.py:349] - len(lists) == 1: None Floor 1
2024-12-27 12:40:50,763 - application.list_utils - DEBUG - get_userlist [list_utils.py:370] - List: photos tester Rooms, Order: 0
2024-12-27 12:40:50,764 - application.list_utils - DEBUG - get_userlist [list_utils.py:368] - userlist.entries: [<UserListEntry 2>] List type: <class 'sqlalchemy.orm.collections.InstrumentedList'>
2024-12-27 12:40:50,764 - application.list_utils - DEBUG - get_userlists_by_parent [list_utils.py:271] - get_userlists_by_parent: lists found (parent_entry_id)1: [<UserList 2>]
2024-12-27 12:40:50,764 - application.list_utils - DEBUG - get_userlist [list_utils.py:370] - List: photos tester Rooms, Order: 1168
2024-12-27 12:40:50,765 - application.list_utils - DEBUG - get_userlist [list_utils.py:370] - List: photos tester Floors, Order: 0
2024-12-27 12:40:50,766 - application.list_utils - DEBUG - get_userlist [list_utils.py:370] - List: photos tester Rooms, Order: 584
2024-12-27 12:40:50,766 - application.list_utils - DEBUG - get_userlists_by_parent [list_utils.py:271] - get_userlists_by_parent: lists found (parent_entry_id)2: [<UserList 3>]
2024-12-27 12:40:50,767 - application.list_utils - DEBUG - get_userlist [list_utils.py:370] - List: photos tester Rooms, Order: 1022
2024-12-27 12:40:50,768 - application.list_utils - DEBUG - get_userlists_by_parent [list_utils.py:271] - get_userlists_by_parent: lists found (parent_entry_id)2: [<UserList 3>]
2024-12-27 12:40:50,768 - application.list_utils - DEBUG - get_userlists_by_parent [list_utils.py:271] - get_userlists_by_parent: lists found (parent_entry_id)20: [<UserList 5>, <UserList 23>]
2024-12-27 12:40:50,769 - application.list_utils - DEBUG - get_userlist [list_utils.py:370] - List: photos tester Rooms, Order: 438
2024-12-27 12:40:50,770 - application.list_utils - DEBUG - get_userlists_by_parent [list_utils.py:271] - get_userlists_by_parent: lists found (parent_entry_id)22: [<UserList 7>, <UserList 26>]
2024-12-27 12:40:50,776 - application.list_utils - DEBUG - get_userlist [list_utils.py:370] - List: photos tester Rooms, Order: 292
2024-12-27 12:40:50,806 - application.list_utils - DEBUG - get_userlists_by_parent [list_utils.py:271] - get_userlists_by_parent: lists found (parent_entry_id)24: [<UserList 9>, <UserList 27>]
2024-12-27 12:40:50,808 - application.list_utils - DEBUG - get_userlist [list_utils.py:370] - List: photos tester Rooms, Order: 146
2024-12-27 12:40:50,815 - application.list_utils - DEBUG - get_userlist [list_utils.py:370] - List: photos tester Rooms, Order: 876
2024-12-27 12:40:50,839 - application.list_utils - DEBUG - get_userlist [list_utils.py:370] - List: photos tester Rooms, Order: 730
2024-12-27 12:40:50,840 - application.list_utils - DEBUG - get_userlists_by_parent [list_utils.py:271] - get_userlists_by_parent: lists found (parent_entry_id)26: [<UserList 11>, <UserList 29>]
2024-12-27 12:40:50,846 - application.list_utils - DEBUG - get_userlists_by_parent [list_utils.py:271] - get_userlists_by_parent: lists found (parent_entry_id)20: [<UserList 5>, <UserList 23>]
2024-12-27 12:40:50,848 - application - DEBUG - after_request_time [__init__.py:42] - Request to /show_list/ took 0.13551783561706543 seconds
2024-12-27 12:40:50,848 - application.list_utils - DEBUG - get_userlists_by_parent [list_utils.py:271] - get_userlists_by_parent: lists found (parent_entry_id)28: [<UserList 13>, <UserList 28>]
2024-12-27 12:40:50,849 - application - DEBUG - after_request_time [__init__.py:44] - view (after_request): map
2024-12-27 12:40:50,850 - application.list_utils - DEBUG - get_userlists_by_parent [list_utils.py:271] - get_userlists_by_parent: lists found (parent_entry_id)22: [<UserList 7>, <UserList 26>]
2024-12-27 12:40:50,851 - application - DEBUG - after_request_time [__init__.py:46] - template (after_request): lists/list.html.jinja
2024-12-27 12:40:50,852 - application.list_utils - DEBUG - get_userlists_by_parent [list_utils.py:271] - get_userlists_by_parent: lists found (parent_entry_id)30: [<UserList 15>, <UserList 25>]
2024-12-27 12:40:50,853 - application.list_utils - DEBUG - get_userlists_by_parent [list_utils.py:271] - get_userlists_by_parent: lists found (parent_entry_id)24: [<UserList 9>, <UserList 27>]
2024-12-27 12:40:50,856 - application.list_utils - DEBUG - get_userlists_by_parent [list_utils.py:271] - get_userlists_by_parent: lists found (parent_entry_id)26: [<UserList 11>, <UserList 29>]
2024-12-27 12:40:50,857 - application.list_utils - DEBUG - get_userlists_by_parent [list_utils.py:271] - get_userlists_by_parent: lists found (parent_entry_id)32: [<UserList 17>, <UserList 24>]
2024-12-27 12:40:50,858 - application.list_utils - DEBUG - get_userlists_by_parent [list_utils.py:271] - get_userlists_by_parent: lists found (parent_entry_id)28: [<UserList 13>, <UserList 28>]
2024-12-27 12:40:50,862 - application.list_utils - DEBUG - get_userlists_by_parent [list_utils.py:271] - get_userlists_by_parent: lists found (parent_entry_id)34: [<UserList 19>]
2024-12-27 12:40:50,863 - application.list_utils - DEBUG - get_userlists_by_parent [list_utils.py:271] - get_userlists_by_parent: lists found (parent_entry_id)30: [<UserList 15>, <UserList 25>]
2024-12-27 12:40:50,868 - application - DEBUG - after_request_time [__init__.py:42] - Request to /nav took 0.0014181137084960938 seconds
2024-12-27 12:40:50,869 - application - DEBUG - after_request_time [__init__.py:44] - view (after_request): map
2024-12-27 12:40:50,869 - application.list_utils - DEBUG - get_userlists_by_parent [list_utils.py:271] - get_userlists_by_parent: lists found (parent_entry_id)32: [<UserList 17>, <UserList 24>]
2024-12-27 12:40:50,870 - application - DEBUG - after_request_time [__init__.py:46] - template (after_request): base/parts/nav/constructor.jinja
2024-12-27 12:40:50,869 - application.list_utils - DEBUG - get_userlists_by_parent [list_utils.py:271] - get_userlists_by_parent: lists found (parent_entry_id)36: [<UserList 21>, <UserList 30>]
2024-12-27 12:40:50,871 - application.list_utils - DEBUG - get_userlists_by_parent [list_utils.py:271] - get_userlists_by_parent: lists found (parent_entry_id)34: [<UserList 19>]
2024-12-27 12:40:50,871 - application.list_utils - DEBUG - get_top_userlists_by_root_parent [list_utils.py:292] - get_top_userlists_by_root_parent: lists found (parent_entry_id)1: [<UserList 23>, <UserList 26>, <UserList 27>, <UserList 29>, <UserList 28>, <UserList 25>, <UserList 24>, <UserList 30>]
2024-12-27 12:40:50,873 - application.list_utils - DEBUG - get_userlists_by_parent [list_utils.py:271] - get_userlists_by_parent: lists found (parent_entry_id)36: [<UserList 21>, <UserList 30>]
2024-12-27 12:40:50,881 - application.list_utils - DEBUG - get_userlists_by_parent [list_utils.py:273] - get_userlists_by_parent: No lists found for parent_entry_id 37
2024-12-27 12:40:50,894 - application.list_utils - DEBUG - get_userlists_by_parent [list_utils.py:273] - get_userlists_by_parent: No lists found for parent_entry_id 40
2024-12-27 12:40:50,906 - application.list_utils - DEBUG - get_userlists_by_parent [list_utils.py:273] - get_userlists_by_parent: No lists found for parent_entry_id 41
2024-12-27 12:40:50,912 - application.list_utils - DEBUG - get_userlists_by_parent [list_utils.py:273] - get_userlists_by_parent: No lists found for parent_entry_id 43
2024-12-27 12:40:50,931 - application.list_utils - DEBUG - get_userlists_by_parent [list_utils.py:273] - get_userlists_by_parent: No lists found for parent_entry_id 42
2024-12-27 12:40:50,936 - application.list_utils - DEBUG - get_userlists_by_parent [list_utils.py:273] - get_userlists_by_parent: No lists found for parent_entry_id 39
2024-12-27 12:40:50,938 - application.list_utils - DEBUG - get_userlists_by_parent [list_utils.py:273] - get_userlists_by_parent: No lists found for parent_entry_id 38
2024-12-27 12:40:50,940 - application.list_utils - DEBUG - get_userlists_by_parent [list_utils.py:273] - get_userlists_by_parent: No lists found for parent_entry_id 44
2024-12-27 12:40:50,942 - application.list_utils - DEBUG - get_userlists_by_parent [list_utils.py:273] - get_userlists_by_parent: No lists found for parent_entry_id 45
2024-12-27 12:40:50,944 - application.list_utils - DEBUG - get_userlists_by_parent [list_utils.py:273] - get_userlists_by_parent: No lists found for parent_entry_id 46
2024-12-27 12:40:51,023 - application - DEBUG - after_request_time [__init__.py:42] - Request to /show_list/ took 0.30394887924194336 seconds
2024-12-27 12:40:51,035 - application - DEBUG - after_request_time [__init__.py:44] - view (after_request): map
2024-12-27 12:40:51,035 - application - DEBUG - after_request_time [__init__.py:46] - template (after_request): lists/list.html.jinja
2024-12-27 12:40:51,069 - application - DEBUG - after_request_time [__init__.py:42] - Request to /nav took 0.0017490386962890625 seconds
2024-12-27 12:40:51,070 - application - DEBUG - after_request_time [__init__.py:44] - view (after_request): map
2024-12-27 12:40:51,072 - application - DEBUG - after_request_time [__init__.py:46] - template (after_request): base/parts/nav/constructor.jinja
2024-12-27 12:40:51,092 - application - DEBUG - after_request_time [__init__.py:42] - Request to /nav took 0.0019519329071044922 seconds
2024-12-27 12:40:51,093 - application - DEBUG - after_request_time [__init__.py:44] - view (after_request): map
2024-12-27 12:40:51,093 - application - DEBUG - after_request_time [__init__.py:46] - template (after_request): base/parts/nav/constructor.jinja
2024-12-27 12:40:51,113 - application - DEBUG - after_request_time [__init__.py:42] - Request to /show_list/ took 0.39353299140930176 seconds
2024-12-27 12:40:51,114 - application - DEBUG - after_request_time [__init__.py:44] - view (after_request): map
2024-12-27 12:40:51,114 - application - DEBUG - after_request_time [__init__.py:46] - template (after_request): lists/list.html.jinja
2024-12-27 12:40:51,127 - application - DEBUG - after_request_time [__init__.py:42] - Request to /nav took 0.001252889633178711 seconds
2024-12-27 12:40:51,128 - application - DEBUG - after_request_time [__init__.py:44] - view (after_request): map
2024-12-27 12:40:51,128 - application - DEBUG - after_request_time [__init__.py:46] - template (after_request): base/parts/nav/constructor.jinja
2024-12-27 12:40:51,154 - application - DEBUG - after_request_time [__init__.py:42] - Request to /nav took 0.0013251304626464844 seconds
2024-12-27 12:40:51,155 - application - DEBUG - after_request_time [__init__.py:44] - view (after_request): map
2024-12-27 12:40:51,155 - application - DEBUG - after_request_time [__init__.py:46] - template (after_request): base/parts/nav/constructor.jinja
2024-12-27 12:40:51,203 - application.list_utils - DEBUG - get_list_entries_for_item [list_utils.py:428] - found_entries for <Photo 25>: [<UserListEntry 91>]
2024-12-27 12:40:51,211 - application.list_utils - DEBUG - get_list_entries_for_item [list_utils.py:428] - found_entries for <Photo 1>: [<UserListEntry 19>]
2024-12-27 12:40:51,215 - application.list_utils - DEBUG - get_list_entries_for_item [list_utils.py:428] - found_entries for <Photo 6>: [<UserListEntry 29>]
2024-12-27 12:40:51,216 - application.list_utils - DEBUG - get_list_entries_for_item [list_utils.py:436] - Entry: <UserListEntry 91>
2024-12-27 12:40:51,216 - application.list_utils - DEBUG - get_list_entries_for_item [list_utils.py:428] - found_entries for <Photo 7>: [<UserListEntry 31>]
2024-12-27 12:40:51,217 - application.list_utils - DEBUG - get_list_entries_for_item [list_utils.py:436] - Entry: <UserListEntry 19>
2024-12-27 12:40:51,219 - application.list_utils - DEBUG - get_list_entries_for_item [list_utils.py:437] - Item Model: Photo, Item ID: 25
2024-12-27 12:40:51,219 - application.list_utils - DEBUG - get_list_entries_for_item [list_utils.py:436] - Entry: <UserListEntry 29>
2024-12-27 12:40:51,220 - application.list_utils - DEBUG - get_list_entries_for_item [list_utils.py:428] - found_entries for <Photo 5>: [<UserListEntry 27>]
2024-12-27 12:40:51,220 - application.list_utils - DEBUG - get_list_entries_for_item [list_utils.py:428] - found_entries for <Photo 3>: [<UserListEntry 23>]
2024-12-27 12:40:51,220 - application.list_utils - DEBUG - get_list_entries_for_item [list_utils.py:437] - Item Model: Photo, Item ID: 1
2024-12-27 12:40:51,221 - application.list_utils - DEBUG - get_list_entries_for_item [list_utils.py:436] - Entry: <UserListEntry 31>
2024-12-27 12:40:51,221 - application.list_utils - DEBUG - get_list_entries_for_item [list_utils.py:438] - User List ID: 21 User List Name: Hallway 2 Photos
2024-12-27 12:40:51,221 - application.list_utils - DEBUG - get_list_entries_for_item [list_utils.py:437] - Item Model: Photo, Item ID: 6
2024-12-27 12:40:51,223 - application.list_utils - DEBUG - get_list_entries_for_item [list_utils.py:436] - Entry: <UserListEntry 27>
2024-12-27 12:40:51,223 - application.list_utils - DEBUG - get_list_entries_for_item [list_utils.py:438] - User List ID: 5 User List Name: Bedroom 1 Photos
2024-12-27 12:40:51,223 - application.list_utils - DEBUG - get_list_entries_for_item [list_utils.py:436] - Entry: <UserListEntry 23>
2024-12-27 12:40:51,224 - application.list_utils - DEBUG - get_list_entries_for_item [list_utils.py:437] - Item Model: Photo, Item ID: 7
2024-12-27 12:40:51,224 - application.list_utils - DEBUG - get_list_entries_for_item [list_utils.py:439] - user: 1
2024-12-27 12:40:51,224 - application.list_utils - DEBUG - get_list_entries_for_item [list_utils.py:438] - User List ID: 15 User List Name: Hallway 1 Photos
2024-12-27 12:40:51,225 - application.list_routes - DEBUG - show_photo_entry [list_routes.py:312] - view_override: None
2024-12-27 12:40:51,224 - application.list_utils - DEBUG - get_list_entries_for_item [list_utils.py:437] - Item Model: Photo, Item ID: 5
2024-12-27 12:40:51,225 - application.list_routes - DEBUG - show_photo_entry [list_routes.py:317] - view: map
2024-12-27 12:40:51,224 - application.list_utils - DEBUG - get_list_entries_for_item [list_utils.py:439] - user: 1
2024-12-27 12:40:51,225 - application.list_utils - DEBUG - get_list_entries_for_item [list_utils.py:437] - Item Model: Photo, Item ID: 3
2024-12-27 12:40:51,226 - application.list_routes - DEBUG - show_photo_entry [list_routes.py:312] - view_override: None
2024-12-27 12:40:51,225 - application.list_utils - DEBUG - get_list_entries_for_item [list_utils.py:438] - User List ID: 17 User List Name: Attic 1 Photos
2024-12-27 12:40:51,239 - application.list_routes - DEBUG - show_photo_entry [list_routes.py:317] - view: map
2024-12-27 12:40:51,225 - application.list_utils - DEBUG - get_list_entries_for_item [list_utils.py:439] - user: 1
2024-12-27 12:40:51,226 - application.list_utils - DEBUG - get_list_entries_for_item [list_utils.py:438] - User List ID: 13 User List Name: Gym 1 Photos
2024-12-27 12:40:51,257 - application.list_routes - DEBUG - show_photo_entry [list_routes.py:312] - view_override: None
2024-12-27 12:40:51,262 - application.list_routes - DEBUG - show_photo_entry [list_routes.py:317] - view: map
2024-12-27 12:40:51,233 - application.list_utils - DEBUG - get_list_entries_for_item [list_utils.py:438] - User List ID: 9 User List Name: Laundry Room 1 Photos
2024-12-27 12:40:51,269 - application - DEBUG - after_request_time [__init__.py:42] - Request to /show_photo_entry/25 took 0.07525396347045898 seconds
2024-12-27 12:40:51,245 - application.list_utils - DEBUG - get_list_entries_for_item [list_utils.py:439] - user: 1
2024-12-27 12:40:51,286 - application - DEBUG - after_request_time [__init__.py:44] - view (after_request): map
2024-12-27 12:40:51,261 - application.list_utils - DEBUG - get_list_entries_for_item [list_utils.py:439] - user: 1
2024-12-27 12:40:51,296 - application.list_routes - DEBUG - show_photo_entry [list_routes.py:312] - view_override: None
2024-12-27 12:40:51,280 - application.list_utils - DEBUG - get_list_entries_for_item [list_utils.py:439] - user: 1
2024-12-27 12:40:51,296 - application - DEBUG - after_request_time [__init__.py:46] - template (after_request): lists/model/photo.html.jinja
2024-12-27 12:40:51,298 - application.list_routes - DEBUG - show_photo_entry [list_routes.py:312] - view_override: None
2024-12-27 12:40:51,297 - application - DEBUG - after_request_time [__init__.py:42] - Request to /show_photo_entry/6 took 0.09341716766357422 seconds
2024-12-27 12:40:51,299 - application.list_routes - DEBUG - show_photo_entry [list_routes.py:317] - view: map
2024-12-27 12:40:51,300 - application.list_routes - DEBUG - show_photo_entry [list_routes.py:312] - view_override: None
2024-12-27 12:40:51,302 - application - DEBUG - after_request_time [__init__.py:42] - Request to /show_photo_entry/1 took 0.10133194923400879 seconds
2024-12-27 12:40:51,302 - application.list_routes - DEBUG - show_photo_entry [list_routes.py:317] - view: map
2024-12-27 12:40:51,303 - application - DEBUG - after_request_time [__init__.py:44] - view (after_request): map
2024-12-27 12:40:51,304 - application.list_routes - DEBUG - show_photo_entry [list_routes.py:317] - view: map
2024-12-27 12:40:51,304 - application - DEBUG - after_request_time [__init__.py:44] - view (after_request): map
2024-12-27 12:40:51,305 - application - DEBUG - after_request_time [__init__.py:46] - template (after_request): lists/model/photo.html.jinja
2024-12-27 12:40:51,307 - application - DEBUG - after_request_time [__init__.py:46] - template (after_request): lists/model/photo.html.jinja
2024-12-27 12:40:51,309 - application - DEBUG - after_request_time [__init__.py:42] - Request to /show_photo_entry/7 took 0.10623502731323242 seconds
2024-12-27 12:40:51,317 - application - DEBUG - after_request_time [__init__.py:42] - Request to /show_photo_entry/5 took 0.10280990600585938 seconds
2024-12-27 12:40:51,318 - application - DEBUG - after_request_time [__init__.py:44] - view (after_request): map
2024-12-27 12:40:51,320 - application - DEBUG - after_request_time [__init__.py:44] - view (after_request): map
2024-12-27 12:40:51,321 - application - DEBUG - after_request_time [__init__.py:42] - Request to /show_photo_entry/3 took 0.1058812141418457 seconds
2024-12-27 12:40:51,328 - application.list_utils - DEBUG - get_list_entries_for_item [list_utils.py:428] - found_entries for <Photo 8>: [<UserListEntry 33>]
2024-12-27 12:40:51,324 - application - DEBUG - after_request_time [__init__.py:46] - template (after_request): lists/model/photo.html.jinja
2024-12-27 12:40:51,326 - application - DEBUG - after_request_time [__init__.py:46] - template (after_request): lists/model/photo.html.jinja
2024-12-27 12:40:51,330 - application - DEBUG - after_request_time [__init__.py:44] - view (after_request): map
2024-12-27 12:40:51,338 - application.list_utils - DEBUG - get_list_entries_for_item [list_utils.py:436] - Entry: <UserListEntry 33>
2024-12-27 12:40:51,343 - application.list_utils - DEBUG - get_list_entries_for_item [list_utils.py:437] - Item Model: Photo, Item ID: 8
2024-12-27 12:40:51,344 - application.list_utils - DEBUG - get_list_entries_for_item [list_utils.py:438] - User List ID: 19 User List Name: Stairway 1 Photos
2024-12-27 12:40:51,345 - application - DEBUG - after_request_time [__init__.py:46] - template (after_request): lists/model/photo.html.jinja
2024-12-27 12:40:51,344 - application.list_utils - DEBUG - get_list_entries_for_item [list_utils.py:428] - found_entries for <Photo 4>: [<UserListEntry 25>]
2024-12-27 12:40:51,347 - application.list_utils - DEBUG - get_list_entries_for_item [list_utils.py:439] - user: 1
2024-12-27 12:40:51,354 - application.list_routes - DEBUG - show_photo_entry [list_routes.py:312] - view_override: None
2024-12-27 12:40:51,353 - application - DEBUG - after_request_time [__init__.py:42] - Request to /nav took 0.004472970962524414 seconds
2024-12-27 12:40:51,354 - application.list_routes - DEBUG - show_photo_entry [list_routes.py:317] - view: map
2024-12-27 12:40:51,354 - application - DEBUG - after_request_time [__init__.py:44] - view (after_request): map
2024-12-27 12:40:51,356 - application - DEBUG - after_request_time [__init__.py:46] - template (after_request): base/parts/nav/constructor.jinja
2024-12-27 12:40:51,362 - application - DEBUG - after_request_time [__init__.py:42] - Request to /show_photo_entry/8 took 0.04796624183654785 seconds
2024-12-27 12:40:51,363 - application - DEBUG - after_request_time [__init__.py:44] - view (after_request): map
2024-12-27 12:40:51,365 - application - DEBUG - after_request_time [__init__.py:46] - template (after_request): lists/model/photo.html.jinja
2024-12-27 12:40:51,368 - application.list_utils - DEBUG - get_list_entries_for_item [list_utils.py:436] - Entry: <UserListEntry 25>
2024-12-27 12:40:51,369 - application.list_utils - DEBUG - get_list_entries_for_item [list_utils.py:437] - Item Model: Photo, Item ID: 4
2024-12-27 12:40:51,369 - application.list_utils - DEBUG - get_list_entries_for_item [list_utils.py:438] - User List ID: 11 User List Name: Balcony 2 Photos
2024-12-27 12:40:51,370 - application.list_utils - DEBUG - get_list_entries_for_item [list_utils.py:439] - user: 1
2024-12-27 12:40:51,370 - application.list_routes - DEBUG - show_photo_entry [list_routes.py:312] - view_override: None
2024-12-27 12:40:51,370 - application.list_routes - DEBUG - show_photo_entry [list_routes.py:317] - view: map
2024-12-27 12:40:51,386 - application.list_utils - DEBUG - get_list_entries_for_item [list_utils.py:428] - found_entries for <Photo 2>: [<UserListEntry 21>]
2024-12-27 12:40:51,388 - application.list_routes - DEBUG - show_list [list_routes.py:219] - view: map
2024-12-27 12:40:51,388 - application.list_utils - DEBUG - get_list_entries_for_item [list_utils.py:436] - Entry: <UserListEntry 21>
2024-12-27 12:40:51,395 - application.list_utils - DEBUG - get_list_entries_for_item [list_utils.py:437] - Item Model: Photo, Item ID: 2
2024-12-27 12:40:51,396 - application.list_routes - DEBUG - show_list [list_routes.py:219] - view: map
2024-12-27 12:40:51,399 - application.list_utils - DEBUG - get_list_entries_for_item [list_utils.py:438] - User List ID: 7 User List Name: Balcony 1 Photos
2024-12-27 12:40:51,424 - application - DEBUG - after_request_time [__init__.py:42] - Request to /show_photo_entry/4 took 0.09513306617736816 seconds
2024-12-27 12:40:51,425 - application - DEBUG - after_request_time [__init__.py:44] - view (after_request): map
2024-12-27 12:40:51,428 - application - DEBUG - after_request_time [__init__.py:46] - template (after_request): lists/model/photo.html.jinja
2024-12-27 12:40:51,423 - application.list_utils - DEBUG - get_list_entries_for_item [list_utils.py:439] - user: 1
2024-12-27 12:40:51,438 - application.list_routes - DEBUG - show_list [list_routes.py:219] - view: map
2024-12-27 12:40:51,448 - application.list_routes - DEBUG - show_photo_entry [list_routes.py:312] - view_override: None
2024-12-27 12:40:51,451 - application.list_routes - DEBUG - show_list [list_routes.py:219] - view: map
2024-12-27 12:40:51,454 - application.list_routes - DEBUG - show_photo_entry [list_routes.py:317] - view: map
2024-12-27 12:40:51,464 - application - DEBUG - after_request_time [__init__.py:42] - Request to /nav took 0.0031480789184570312 seconds
2024-12-27 12:40:51,467 - application - DEBUG - after_request_time [__init__.py:44] - view (after_request): map
2024-12-27 12:40:51,468 - application - DEBUG - after_request_time [__init__.py:46] - template (after_request): base/parts/nav/constructor.jinja
2024-12-27 12:40:51,470 - application - DEBUG - after_request_time [__init__.py:42] - Request to /show_photo_entry/2 took 0.1277759075164795 seconds
2024-12-27 12:40:51,473 - application - DEBUG - after_request_time [__init__.py:44] - view (after_request): map
2024-12-27 12:40:51,475 - application - DEBUG - after_request_time [__init__.py:46] - template (after_request): lists/model/photo.html.jinja
2024-12-27 12:40:51,491 - application.list_routes - DEBUG - show_list [list_routes.py:219] - view: map
2024-12-27 12:40:51,498 - application.list_routes - DEBUG - show_list [list_routes.py:219] - view: map
2024-12-27 12:40:51,552 - application - DEBUG - after_request_time [__init__.py:42] - Request to /show_list/16 took 0.16637277603149414 seconds
2024-12-27 12:40:51,555 - application - DEBUG - after_request_time [__init__.py:44] - view (after_request): map
2024-12-27 12:40:51,559 - application - DEBUG - after_request_time [__init__.py:46] - template (after_request): lists/list.html.jinja
2024-12-27 12:40:51,567 - application - DEBUG - after_request_time [__init__.py:42] - Request to /show_list/18 took 0.1289529800415039 seconds
2024-12-27 12:40:51,569 - application - DEBUG - after_request_time [__init__.py:44] - view (after_request): map
2024-12-27 12:40:51,582 - application.list_routes - DEBUG - show_list [list_routes.py:219] - view: map
2024-12-27 12:40:51,579 - application - DEBUG - after_request_time [__init__.py:42] - Request to /show_list/64 took 0.18891310691833496 seconds
2024-12-27 12:40:51,580 - application - DEBUG - after_request_time [__init__.py:42] - Request to /show_list/6 took 0.15491700172424316 seconds
2024-12-27 12:40:51,580 - application - DEBUG - after_request_time [__init__.py:46] - template (after_request): lists/list.html.jinja
2024-12-27 12:40:51,584 - application - DEBUG - after_request_time [__init__.py:44] - view (after_request): map
2024-12-27 12:40:51,587 - application - DEBUG - after_request_time [__init__.py:44] - view (after_request): map
2024-12-27 12:40:51,590 - application - DEBUG - after_request_time [__init__.py:46] - template (after_request): lists/list.html.jinja
2024-12-27 12:40:51,590 - application - DEBUG - after_request_time [__init__.py:46] - template (after_request): lists/list.html.jinja
2024-12-27 12:40:51,604 - application.list_routes - DEBUG - show_list [list_routes.py:219] - view: map
2024-12-27 12:40:51,620 - application.list_routes - DEBUG - show_list [list_routes.py:219] - view: map
2024-12-27 12:40:51,621 - application - DEBUG - after_request_time [__init__.py:42] - Request to /nav took 0.009679079055786133 seconds
2024-12-27 12:40:51,621 - application - DEBUG - after_request_time [__init__.py:42] - Request to /show_list/14 took 0.13843512535095215 seconds
2024-12-27 12:40:51,625 - application - DEBUG - after_request_time [__init__.py:44] - view (after_request): map
2024-12-27 12:40:51,627 - application - DEBUG - after_request_time [__init__.py:44] - view (after_request): map
2024-12-27 12:40:51,629 - application - DEBUG - after_request_time [__init__.py:46] - template (after_request): base/parts/nav/constructor.jinja
2024-12-27 12:40:51,630 - application - DEBUG - after_request_time [__init__.py:46] - template (after_request): lists/list.html.jinja
2024-12-27 12:40:51,631 - application - DEBUG - after_request_time [__init__.py:42] - Request to /show_list/10 took 0.13551783561706543 seconds
2024-12-27 12:40:51,635 - application - DEBUG - after_request_time [__init__.py:44] - view (after_request): map
2024-12-27 12:40:51,637 - application - DEBUG - after_request_time [__init__.py:46] - template (after_request): lists/list.html.jinja
2024-12-27 12:40:51,659 - application - DEBUG - after_request_time [__init__.py:42] - Request to /static/defaults/generic_room.webp took 0.0023229122161865234 seconds
2024-12-27 12:40:51,662 - application - DEBUG - after_request_time [__init__.py:42] - Request to /nav took 0.004585981369018555 seconds
2024-12-27 12:40:51,664 - application.upload - DEBUG - uploaded_file [upload.py:97] - files in /Users/kyle/Documents/Repos/cs50/cs50x-final/media/uploads: ['1_1732676059_image.jpg', '2_1735273503_image.jpg', '2_1729876600_IMG_7979.jpeg', '3_1729880451_Screen_Shot_2024-10-15_at_8.49.55_PM.png', '2_1729793180_IMG_7939.jpeg', '2_1729876732_image.jpg', 'IMG_7540_3.jpeg', '1_1734385972_image.jpg', 'Screen_Shot_2024-06-17_at_9.19.26_PM_1.png', '1_1732593853_image.jpg', '1_1732676397_image.jpg', '1_1735325088_image.jpg', '3_1729880474_Screen_Shot_2024-06-17_at_9.19.26_PM.png', '3_1729880474_Screen_Shot_2023-05-13_at_4.10.32_PM.png', '2_1729793457_IMG_7927.jpeg', '.DS_Store', '1_1734387080_image.jpg', '2_1729878736_IMG_6398.jpeg', '2_1729793259_IMG_7971.jpeg', 'IMG_7540_2.jpeg', '3_1729880431_Screen_Shot_2024-10-15_at_8.49.55_PM.png', '2_1729788694_IMG_7978.jpeg', '2_1729793180_IMG_7938.jpeg', '1_1732676358_image.jpg', '1_1735078873_image.jpg', '2_1729806527_IMG_7971.jpeg', '3_1729880431_Screen_Shot_2024-06-17_at_9.19.26_PM.png', '2_1735273336_image.jpg', '2_1729878723_IMG_7979.jpeg', '1_1732313937_image.jpg', '1_1732571764_image.jpg', '1_1732308837_image.jpg', '2_1735273391_image.jpg', '1_1734387020_image.jpg', '2_1729806527_IMG_7940.png', '2_1729790952_IMG_7939.jpeg', '2_1729793457_IMG_7920.jpeg', '1_1734487460_image.jpg', '2_1734736057_image.jpg', '1_1732676382_image.jpg', '2_1729806423_IMG_7926.jpeg', 'IMG_7540_5.jpeg', '2_1729806390_image.jpg', '1_1732313904_image.jpg', '3_1729880431_Screen_Shot_2024-09-16_at_4.22.17_PM.png', '2_1729790270_image.jpg', '2_1729788660_IMG_7972.jpeg', '2_1729789401_IMG_7978.jpeg', 'IMG_7540_4.jpeg', '2_1734927984_image.jpg', '2_1729787915_image.jpg', '2_1729806527_IMG_7936.jpeg', '1_1732676354_image.jpg', '2_1729793457_IMG_7917.jpeg', '1_1732571776_image.jpg', '1_1735325243_image.jpg', '1_1732676066_image.jpg', '2_1729790297_IMG_7939.jpeg', '1_1732308852_image.jpg', '2_1734736231_image.jpg', '1_1734387117_image.jpg', '3_1729880474_Screen_Shot_2024-09-16_at_4.22.17_PM.png', '2_1729790967_image.jpg', 'image_2.jpg', '2_1729790846_IMG_7897.jpeg', '2_1735273185_image.jpg', '2_1729806527_IMG_7975.png', '1_1734389779_image.jpg', '1_1734387023_image.jpg', '2_1734736257_image.jpg', '2_1729787672_image.jpg', '2_1729806527_IMG_7974.png', '2_1729878723_IMG_7982.jpeg', '2_1729806527_IMG_7939.jpeg', 'image_3.jpg', '2_1734736075_image.jpg', '1_1735325064_image.jpg', '2_1729806500_image.jpg', 'image_1.jpg', '2_1729806527_IMG_7976.png', '1_1734371648_image.jpg', '2_1729876600_IMG_7984.jpeg', '2_1729806527_IMG_7977.png', '2_1729806527_IMG_7935.jpeg', '2_1729790259_image.jpg', '2_1729876586_image.jpg', '3_1729880431_Screen_Shot_2024-09-16_at_4.22.10_PM.png', '2_1729790568_IMG_7928.jpeg', 'image_4.jpg', '2_1729806527_IMG_7934.jpeg', '2_1729806527_IMG_7973.png', '1_1735326089_image.jpg', '1_1732571789_image.jpg', 'Screen_Shot_2024-06-17_at_9.19.26_PM.png', 'IMG_7540_6.jpeg', 'image_5.jpg', '1_1734385976_image.jpg', '2_1729789538_image.jpg', '2_1734735964_image.jpg', '2_1729789387_image.jpg', '1_1734389804_image.jpg', '2_1729806527_IMG_7938.jpeg', '1_1732676387_image.jpg', '2_1729790282_image.jpg', '2_1729806423_IMG_7913.jpeg', 'IMG_7540.jpeg', '1_1734999660_image.jpg', '2_1729793259_IMG_7973.png', 'IMG_7540_1.jpeg', '2_1729876600_IMG_7982.jpeg', '2_1729806527_IMG_7933.jpeg', '2_1729806527_IMG_7972.jpeg', '2_1729877408_image.jpg', '2_1729806423_IMG_7919.png', '3_1729880431_IMG_7540.jpeg', '2_1729788645_IMG_7977.png', '2_1729878714_image.jpg', '2_1729878744_image.jpg', '2_1729793180_IMG_7936.jpeg', '1_1735079625_image.jpg', '3_1729880451_IMG_7540.jpeg', '2_1729793259_IMG_7976.png', '1_1732676392_image.jpg', 'image.jpg', '1_1732636778_image.jpg', '1_1734371564_image.jpg', '2_1729876600_IMG_7983.jpeg', '2_1729793162_image.jpg', '1_1732636784_image.jpg']
2024-12-27 12:40:51,662 - application - DEBUG - after_request_time [__init__.py:44] - view (after_request): map
2024-12-27 12:40:51,664 - application - DEBUG - after_request_time [__init__.py:44] - view (after_request): map
2024-12-27 12:40:51,667 - application - DEBUG - after_request_time [__init__.py:46] - template (after_request): None
2024-12-27 12:40:51,668 - application - DEBUG - after_request_time [__init__.py:42] - Request to /media/uploads/1_1735326089_image.jpg took 0.02038884162902832 seconds
2024-12-27 12:40:51,669 - application - DEBUG - after_request_time [__init__.py:46] - template (after_request): base/parts/nav/constructor.jinja
2024-12-27 12:40:51,672 - application - DEBUG - after_request_time [__init__.py:44] - view (after_request): map
2024-12-27 12:40:51,675 - application - DEBUG - after_request_time [__init__.py:46] - template (after_request): None
2024-12-27 12:40:51,696 - application - DEBUG - after_request_time [__init__.py:42] - Request to /show_list/20 took 0.11922574043273926 seconds
2024-12-27 12:40:51,699 - application - DEBUG - after_request_time [__init__.py:44] - view (after_request): map
2024-12-27 12:40:51,703 - application - DEBUG - after_request_time [__init__.py:42] - Request to /nav took 0.003789186477661133 seconds
2024-12-27 12:40:51,704 - application - DEBUG - after_request_time [__init__.py:46] - template (after_request): lists/list.html.jinja
2024-12-27 12:40:51,705 - application - DEBUG - after_request_time [__init__.py:44] - view (after_request): map
2024-12-27 12:40:51,708 - application - DEBUG - after_request_time [__init__.py:46] - template (after_request): base/parts/nav/constructor.jinja
2024-12-27 12:40:51,724 - application - DEBUG - after_request_time [__init__.py:42] - Request to /show_list/8 took 0.10682797431945801 seconds
2024-12-27 12:40:51,724 - application - DEBUG - after_request_time [__init__.py:44] - view (after_request): map
2024-12-27 12:40:51,724 - application - DEBUG - after_request_time [__init__.py:46] - template (after_request): lists/list.html.jinja
2024-12-27 12:40:51,728 - application - DEBUG - after_request_time [__init__.py:42] - Request to /show_list/12 took 0.1284956932067871 seconds
2024-12-27 12:40:51,734 - application - DEBUG - after_request_time [__init__.py:44] - view (after_request): map
2024-12-27 12:40:51,735 - application - DEBUG - after_request_time [__init__.py:46] - template (after_request): lists/list.html.jinja
2024-12-27 12:40:51,743 - application - DEBUG - after_request_time [__init__.py:42] - Request to /nav took 0.0026421546936035156 seconds
2024-12-27 12:40:51,744 - application - DEBUG - after_request_time [__init__.py:44] - view (after_request): map
2024-12-27 12:40:51,744 - application - DEBUG - after_request_time [__init__.py:46] - template (after_request): base/parts/nav/constructor.jinja
2024-12-27 12:40:51,771 - application - DEBUG - after_request_time [__init__.py:42] - Request to /nav took 0.001123189926147461 seconds
2024-12-27 12:40:51,771 - application - DEBUG - after_request_time [__init__.py:44] - view (after_request): map
2024-12-27 12:40:51,771 - application - DEBUG - after_request_time [__init__.py:46] - template (after_request): base/parts/nav/constructor.jinja
2024-12-27 12:42:01,637 - application - DEBUG - after_request_time [__init__.py:42] - Request to /update_list_order/23 took 0.41692328453063965 seconds
2024-12-27 12:42:01,637 - application - DEBUG - after_request_time [__init__.py:44] - view (after_request): map
2024-12-27 12:42:01,637 - application - DEBUG - after_request_time [__init__.py:46] - template (after_request): None
2024-12-27 12:42:16,043 - application - DEBUG - after_request_time [__init__.py:42] - Request to /logout took 0.0008370876312255859 seconds
2024-12-27 12:42:16,043 - application - DEBUG - after_request_time [__init__.py:44] - view (after_request): map
2024-12-27 12:42:16,044 - application - DEBUG - after_request_time [__init__.py:46] - template (after_request): None
2024-12-27 12:42:16,055 - application - DEBUG - after_request_time [__init__.py:42] - Request to / took 0.0011723041534423828 seconds
2024-12-27 12:42:16,056 - application - DEBUG - after_request_time [__init__.py:44] - view (after_request): map
2024-12-27 12:42:16,056 - application - DEBUG - after_request_time [__init__.py:46] - template (after_request): None
2024-12-27 12:42:30,608 - application - DEBUG - after_request_time [__init__.py:42] - Request to /map/ took 0.004888057708740234 seconds
2024-12-27 12:42:30,609 - application - DEBUG - after_request_time [__init__.py:44] - view (after_request): map
2024-12-27 12:42:30,609 - application - DEBUG - after_request_time [__init__.py:46] - template (after_request): None
