2024-12-21 14:09:05,811 - logs.logging_config - DEBUG - configure_logging [logging_config.py:178] - Application logging configured
2024-12-21 14:09:05,813 - logs.logging_config - INFO - configure_logging [logging_config.py:187] - Application started in production environment
2024-12-21 14:09:05,814 - application - DEBUG - create_app [__init__.py:28] - test2
2024-12-21 14:09:06,639 - application - DEBUG - after_request_time [__init__.py:42] - Request to / took 0.012664079666137695 seconds
2024-12-21 14:09:06,640 - application - DEBUG - after_request_time [__init__.py:44] - view (after_request): map
2024-12-21 14:09:06,641 - application - DEBUG - after_request_time [__init__.py:46] - template (after_request): None
2024-12-21 14:09:06,830 - application - DEBUG - after_request_time [__init__.py:42] - Request to /map/ took 0.16240501403808594 seconds
2024-12-21 14:09:06,831 - application - DEBUG - after_request_time [__init__.py:44] - view (after_request): map
2024-12-21 14:09:06,831 - application - DEBUG - after_request_time [__init__.py:46] - template (after_request): map/index.html.jinja
2024-12-21 14:09:06,910 - application - DEBUG - after_request_time [__init__.py:42] - Request to /static/css/main.css took 0.011328935623168945 seconds
2024-12-21 14:09:06,911 - application - DEBUG - after_request_time [__init__.py:44] - view (after_request): map
2024-12-21 14:09:06,912 - application - DEBUG - after_request_time [__init__.py:42] - Request to /static/js/bundle.js took 0.004797935485839844 seconds
2024-12-21 14:09:06,912 - application - DEBUG - after_request_time [__init__.py:46] - template (after_request): None
2024-12-21 14:09:06,912 - application - DEBUG - after_request_time [__init__.py:44] - view (after_request): map
2024-12-21 14:09:06,913 - application - DEBUG - after_request_time [__init__.py:46] - template (after_request): None
2024-12-21 14:09:06,950 - application - DEBUG - after_request_time [__init__.py:42] - Request to /static/css/color-mode.css took 0.0025148391723632812 seconds
2024-12-21 14:09:06,954 - application - DEBUG - after_request_time [__init__.py:44] - view (after_request): map
2024-12-21 14:09:06,958 - application - DEBUG - after_request_time [__init__.py:46] - template (after_request): None
2024-12-21 14:09:06,960 - application - DEBUG - after_request_time [__init__.py:42] - Request to /static/css/flash-message.css took 0.006073951721191406 seconds
2024-12-21 14:09:06,963 - application - DEBUG - after_request_time [__init__.py:44] - view (after_request): map
2024-12-21 14:09:06,965 - application - DEBUG - after_request_time [__init__.py:42] - Request to /static/css/sortables.css took 0.0027358531951904297 seconds
2024-12-21 14:09:06,967 - application - DEBUG - after_request_time [__init__.py:42] - Request to /static/css/typography.css took 0.004481792449951172 seconds
2024-12-21 14:09:06,967 - application - DEBUG - after_request_time [__init__.py:46] - template (after_request): None
2024-12-21 14:09:06,968 - application - DEBUG - after_request_time [__init__.py:44] - view (after_request): map
2024-12-21 14:09:06,968 - application - DEBUG - after_request_time [__init__.py:44] - view (after_request): map
2024-12-21 14:09:06,970 - application - DEBUG - after_request_time [__init__.py:46] - template (after_request): None
2024-12-21 14:09:06,971 - application - DEBUG - after_request_time [__init__.py:46] - template (after_request): None
2024-12-21 14:09:07,014 - application - DEBUG - after_request_time [__init__.py:42] - Request to /favicon.ico took 0.0007910728454589844 seconds
2024-12-21 14:09:07,014 - application - DEBUG - after_request_time [__init__.py:44] - view (after_request): map
2024-12-21 14:09:07,015 - application - DEBUG - after_request_time [__init__.py:46] - template (after_request): None
2024-12-21 14:09:07,216 - application - DEBUG - after_request_time [__init__.py:42] - Request to /show_list/ took 0.1685631275177002 seconds
2024-12-21 14:09:07,218 - application - DEBUG - after_request_time [__init__.py:44] - view (after_request): map
2024-12-21 14:09:07,219 - application - DEBUG - after_request_time [__init__.py:46] - template (after_request): None
2024-12-21 14:09:07,220 - application - DEBUG - after_request_time [__init__.py:42] - Request to /show_list/ took 0.18894314765930176 seconds
2024-12-21 14:09:07,239 - application - DEBUG - after_request_time [__init__.py:44] - view (after_request): map
2024-12-21 14:09:07,245 - application - DEBUG - after_request_time [__init__.py:46] - template (after_request): lists/list.html.jinja
2024-12-21 14:09:07,252 - application - DEBUG - after_request_time [__init__.py:42] - Request to /show_list/ took 0.2140970230102539 seconds
2024-12-21 14:09:07,253 - application - DEBUG - after_request_time [__init__.py:44] - view (after_request): map
2024-12-21 14:09:07,254 - application - DEBUG - after_request_time [__init__.py:46] - template (after_request): lists/list.html.jinja
2024-12-21 14:09:07,341 - application - DEBUG - after_request_time [__init__.py:42] - Request to /show_photo_entry/2 took 0.04692196846008301 seconds
2024-12-21 14:09:07,341 - application - DEBUG - after_request_time [__init__.py:44] - view (after_request): map
2024-12-21 14:09:07,341 - application - DEBUG - after_request_time [__init__.py:46] - template (after_request): lists/model/photo.html.jinja
2024-12-21 14:09:07,355 - application - DEBUG - after_request_time [__init__.py:42] - Request to /static/defaults/generic_room.jpg took 0.0008008480072021484 seconds
2024-12-21 14:09:07,355 - application - DEBUG - after_request_time [__init__.py:44] - view (after_request): map
2024-12-21 14:09:07,355 - application - DEBUG - after_request_time [__init__.py:46] - template (after_request): None
2024-12-21 14:09:07,421 - application - DEBUG - after_request_time [__init__.py:42] - Request to /show_list/10 took 0.04091906547546387 seconds
2024-12-21 14:09:07,421 - application - DEBUG - after_request_time [__init__.py:44] - view (after_request): map
2024-12-21 14:09:07,421 - application - DEBUG - after_request_time [__init__.py:46] - template (after_request): lists/list.html.jinja
2024-12-21 14:09:09,428 - application - DEBUG - after_request_time [__init__.py:42] - Request to /map/Floor/3 took 0.03289389610290527 seconds
2024-12-21 14:09:09,428 - application - DEBUG - after_request_time [__init__.py:44] - view (after_request): map
2024-12-21 14:09:09,429 - application - DEBUG - after_request_time [__init__.py:46] - template (after_request): map/index.html.jinja
2024-12-21 14:09:09,671 - application - DEBUG - after_request_time [__init__.py:42] - Request to /show_list/ took 0.1675581932067871 seconds
2024-12-21 14:09:09,671 - application - DEBUG - after_request_time [__init__.py:42] - Request to /show_list/ took 0.17150211334228516 seconds
2024-12-21 14:09:09,673 - application - DEBUG - after_request_time [__init__.py:44] - view (after_request): map
2024-12-21 14:09:09,674 - application - DEBUG - after_request_time [__init__.py:44] - view (after_request): map
2024-12-21 14:09:09,675 - application - DEBUG - after_request_time [__init__.py:46] - template (after_request): lists/list.html.jinja
2024-12-21 14:09:09,676 - application - DEBUG - after_request_time [__init__.py:46] - template (after_request): lists/list.html.jinja
2024-12-21 14:09:09,681 - application - DEBUG - after_request_time [__init__.py:42] - Request to /show_list/ took 0.17149090766906738 seconds
2024-12-21 14:09:09,682 - application - DEBUG - after_request_time [__init__.py:44] - view (after_request): map
2024-12-21 14:09:09,683 - application - DEBUG - after_request_time [__init__.py:46] - template (after_request): None
2024-12-21 14:09:09,720 - application - DEBUG - after_request_time [__init__.py:42] - Request to /show_photo_entry/2 took 0.005257844924926758 seconds
2024-12-21 14:09:09,720 - application - DEBUG - after_request_time [__init__.py:44] - view (after_request): map
2024-12-21 14:09:09,721 - application - DEBUG - after_request_time [__init__.py:46] - template (after_request): lists/model/photo.html.jinja
2024-12-21 14:09:09,774 - application - DEBUG - after_request_time [__init__.py:42] - Request to /show_list/10 took 0.018047809600830078 seconds
2024-12-21 14:09:09,775 - application - DEBUG - after_request_time [__init__.py:44] - view (after_request): map
2024-12-21 14:09:09,775 - application - DEBUG - after_request_time [__init__.py:46] - template (after_request): lists/list.html.jinja
2024-12-21 14:09:17,936 - application - DEBUG - after_request_time [__init__.py:42] - Request to /map/Floor/3 took 0.03315615653991699 seconds
2024-12-21 14:09:17,937 - application - DEBUG - after_request_time [__init__.py:44] - view (after_request): map
2024-12-21 14:09:17,937 - application - DEBUG - after_request_time [__init__.py:46] - template (after_request): map/index.html.jinja
2024-12-21 14:09:17,978 - application - DEBUG - after_request_time [__init__.py:42] - Request to /static/js/bundle.js took 0.0020139217376708984 seconds
2024-12-21 14:09:17,981 - application - DEBUG - after_request_time [__init__.py:44] - view (after_request): map
2024-12-21 14:09:17,982 - application - DEBUG - after_request_time [__init__.py:42] - Request to /static/css/main.css took 0.0009341239929199219 seconds
2024-12-21 14:09:17,982 - application - DEBUG - after_request_time [__init__.py:46] - template (after_request): None
2024-12-21 14:09:17,983 - application - DEBUG - after_request_time [__init__.py:44] - view (after_request): map
2024-12-21 14:09:17,986 - application - DEBUG - after_request_time [__init__.py:46] - template (after_request): None
2024-12-21 14:09:18,020 - application - DEBUG - after_request_time [__init__.py:42] - Request to /static/css/color-mode.css took 0.0037839412689208984 seconds
2024-12-21 14:09:18,021 - application - DEBUG - after_request_time [__init__.py:44] - view (after_request): map
2024-12-21 14:09:18,022 - application - DEBUG - after_request_time [__init__.py:42] - Request to /static/css/flash-message.css took 0.005698204040527344 seconds
2024-12-21 14:09:18,022 - application - DEBUG - after_request_time [__init__.py:42] - Request to /static/css/typography.css took 0.004424333572387695 seconds
2024-12-21 14:09:18,023 - application - DEBUG - after_request_time [__init__.py:46] - template (after_request): None
2024-12-21 14:09:18,023 - application - DEBUG - after_request_time [__init__.py:42] - Request to /static/css/sortables.css took 0.0020682811737060547 seconds
2024-12-21 14:09:18,023 - application - DEBUG - after_request_time [__init__.py:44] - view (after_request): map
2024-12-21 14:09:18,023 - application - DEBUG - after_request_time [__init__.py:44] - view (after_request): map
2024-12-21 14:09:18,025 - application - DEBUG - after_request_time [__init__.py:44] - view (after_request): map
2024-12-21 14:09:18,026 - application - DEBUG - after_request_time [__init__.py:46] - template (after_request): None
2024-12-21 14:09:18,027 - application - DEBUG - after_request_time [__init__.py:46] - template (after_request): None
2024-12-21 14:09:18,027 - application - DEBUG - after_request_time [__init__.py:46] - template (after_request): None
2024-12-21 14:09:18,108 - application - DEBUG - after_request_time [__init__.py:42] - Request to /show_list/ took 0.03392529487609863 seconds
2024-12-21 14:09:18,110 - application - DEBUG - after_request_time [__init__.py:44] - view (after_request): map
2024-12-21 14:09:18,111 - application - DEBUG - after_request_time [__init__.py:46] - template (after_request): lists/list.html.jinja
2024-12-21 14:09:18,121 - application - DEBUG - after_request_time [__init__.py:42] - Request to /show_list/ took 0.03613400459289551 seconds
2024-12-21 14:09:18,121 - application - DEBUG - after_request_time [__init__.py:44] - view (after_request): map
2024-12-21 14:09:18,122 - application - DEBUG - after_request_time [__init__.py:46] - template (after_request): lists/list.html.jinja
2024-12-21 14:09:18,130 - application - DEBUG - after_request_time [__init__.py:42] - Request to /show_list/ took 0.04365062713623047 seconds
2024-12-21 14:09:18,131 - application - DEBUG - after_request_time [__init__.py:44] - view (after_request): map
2024-12-21 14:09:18,131 - application - DEBUG - after_request_time [__init__.py:46] - template (after_request): None
2024-12-21 14:09:18,166 - application - DEBUG - after_request_time [__init__.py:42] - Request to /show_photo_entry/2 took 0.0057010650634765625 seconds
2024-12-21 14:09:18,166 - application - DEBUG - after_request_time [__init__.py:44] - view (after_request): map
2024-12-21 14:09:18,166 - application - DEBUG - after_request_time [__init__.py:46] - template (after_request): lists/model/photo.html.jinja
2024-12-21 14:09:18,180 - application - DEBUG - after_request_time [__init__.py:42] - Request to /static/defaults/generic_room.jpg took 0.0006661415100097656 seconds
2024-12-21 14:09:18,180 - application - DEBUG - after_request_time [__init__.py:44] - view (after_request): map
2024-12-21 14:09:18,180 - application - DEBUG - after_request_time [__init__.py:46] - template (after_request): None
2024-12-21 14:09:18,207 - application - DEBUG - after_request_time [__init__.py:42] - Request to /show_list/10 took 0.010525941848754883 seconds
2024-12-21 14:09:18,208 - application - DEBUG - after_request_time [__init__.py:44] - view (after_request): map
2024-12-21 14:09:18,208 - application - DEBUG - after_request_time [__init__.py:46] - template (after_request): lists/list.html.jinja
2024-12-21 14:09:20,248 - application - DEBUG - after_request_time [__init__.py:42] - Request to /map/Floor/3 took 0.03050398826599121 seconds
2024-12-21 14:09:20,249 - application - DEBUG - after_request_time [__init__.py:44] - view (after_request): map
2024-12-21 14:09:20,249 - application - DEBUG - after_request_time [__init__.py:46] - template (after_request): map/index.html.jinja
2024-12-21 14:09:20,306 - application - DEBUG - after_request_time [__init__.py:42] - Request to /static/css/main.css took 0.0010459423065185547 seconds
2024-12-21 14:09:20,307 - application - DEBUG - after_request_time [__init__.py:44] - view (after_request): map
2024-12-21 14:09:20,308 - application - DEBUG - after_request_time [__init__.py:42] - Request to /static/js/bundle.js took 0.002758026123046875 seconds
2024-12-21 14:09:20,309 - application - DEBUG - after_request_time [__init__.py:46] - template (after_request): None
2024-12-21 14:09:20,310 - application - DEBUG - after_request_time [__init__.py:44] - view (after_request): map
2024-12-21 14:09:20,312 - application - DEBUG - after_request_time [__init__.py:46] - template (after_request): None
2024-12-21 14:09:20,341 - application - DEBUG - after_request_time [__init__.py:42] - Request to /static/css/color-mode.css took 0.003595113754272461 seconds
2024-12-21 14:09:20,343 - application - DEBUG - after_request_time [__init__.py:44] - view (after_request): map
2024-12-21 14:09:20,344 - application - DEBUG - after_request_time [__init__.py:42] - Request to /static/css/flash-message.css took 0.0051801204681396484 seconds
2024-12-21 14:09:20,345 - application - DEBUG - after_request_time [__init__.py:42] - Request to /static/css/sortables.css took 0.0027189254760742188 seconds
2024-12-21 14:09:20,346 - application - DEBUG - after_request_time [__init__.py:42] - Request to /static/css/typography.css took 0.002552032470703125 seconds
2024-12-21 14:09:20,346 - application - DEBUG - after_request_time [__init__.py:46] - template (after_request): None
2024-12-21 14:09:20,346 - application - DEBUG - after_request_time [__init__.py:44] - view (after_request): map
2024-12-21 14:09:20,346 - application - DEBUG - after_request_time [__init__.py:44] - view (after_request): map
2024-12-21 14:09:20,347 - application - DEBUG - after_request_time [__init__.py:44] - view (after_request): map
2024-12-21 14:09:20,348 - application - DEBUG - after_request_time [__init__.py:46] - template (after_request): None
2024-12-21 14:09:20,348 - application - DEBUG - after_request_time [__init__.py:46] - template (after_request): None
2024-12-21 14:09:20,349 - application - DEBUG - after_request_time [__init__.py:46] - template (after_request): None
2024-12-21 14:09:20,431 - application - DEBUG - after_request_time [__init__.py:42] - Request to /show_list/ took 0.02853083610534668 seconds
2024-12-21 14:09:20,432 - application - DEBUG - after_request_time [__init__.py:44] - view (after_request): map
2024-12-21 14:09:20,433 - application - DEBUG - after_request_time [__init__.py:46] - template (after_request): lists/list.html.jinja
2024-12-21 14:09:20,437 - application - DEBUG - after_request_time [__init__.py:42] - Request to /show_list/ took 0.04192519187927246 seconds
2024-12-21 14:09:20,438 - application - DEBUG - after_request_time [__init__.py:44] - view (after_request): map
2024-12-21 14:09:20,438 - application - DEBUG - after_request_time [__init__.py:46] - template (after_request): lists/list.html.jinja
2024-12-21 14:09:20,448 - application - DEBUG - after_request_time [__init__.py:42] - Request to /show_list/ took 0.04472017288208008 seconds
2024-12-21 14:09:20,449 - application - DEBUG - after_request_time [__init__.py:44] - view (after_request): map
2024-12-21 14:09:20,449 - application - DEBUG - after_request_time [__init__.py:46] - template (after_request): None
2024-12-21 14:09:20,488 - application - DEBUG - after_request_time [__init__.py:42] - Request to /show_photo_entry/2 took 0.004522800445556641 seconds
2024-12-21 14:09:20,488 - application - DEBUG - after_request_time [__init__.py:44] - view (after_request): map
2024-12-21 14:09:20,488 - application - DEBUG - after_request_time [__init__.py:46] - template (after_request): lists/model/photo.html.jinja
2024-12-21 14:09:20,501 - application - DEBUG - after_request_time [__init__.py:42] - Request to /static/defaults/generic_room.jpg took 0.0010008811950683594 seconds
2024-12-21 14:09:20,501 - application - DEBUG - after_request_time [__init__.py:44] - view (after_request): map
2024-12-21 14:09:20,502 - application - DEBUG - after_request_time [__init__.py:46] - template (after_request): None
2024-12-21 14:09:20,532 - application - DEBUG - after_request_time [__init__.py:42] - Request to /show_list/10 took 0.011178970336914062 seconds
2024-12-21 14:09:20,533 - application - DEBUG - after_request_time [__init__.py:44] - view (after_request): map
2024-12-21 14:09:20,533 - application - DEBUG - after_request_time [__init__.py:46] - template (after_request): lists/list.html.jinja
