2024-12-21 15:58:47,991 - logs.logging_config - DEBUG - configure_logging [logging_config.py:178] - Application logging configured
2024-12-21 15:58:47,993 - logs.logging_config - INFO - configure_logging [logging_config.py:187] - Application started in production environment
2024-12-21 15:58:47,993 - application - DEBUG - create_app [__init__.py:28] - test2
2024-12-21 15:58:48,594 - application - DEBUG - after_request_time [__init__.py:42] - Request to / took 0.04408383369445801 seconds
2024-12-21 15:58:48,594 - application - DEBUG - after_request_time [__init__.py:44] - view (after_request): map
2024-12-21 15:58:48,595 - application - DEBUG - after_request_time [__init__.py:46] - template (after_request): homes/create_home.html.jinja
2024-12-21 15:58:48,654 - application - DEBUG - after_request_time [__init__.py:42] - Request to /static/css/main.css took 0.010273933410644531 seconds
2024-12-21 15:58:48,655 - application - DEBUG - after_request_time [__init__.py:42] - Request to /static/js/bundle.js took 0.003030061721801758 seconds
2024-12-21 15:58:48,655 - application - DEBUG - after_request_time [__init__.py:44] - view (after_request): map
2024-12-21 15:58:48,656 - application - DEBUG - after_request_time [__init__.py:44] - view (after_request): map
2024-12-21 15:58:48,656 - application - DEBUG - after_request_time [__init__.py:46] - template (after_request): None
2024-12-21 15:58:48,658 - application - DEBUG - after_request_time [__init__.py:46] - template (after_request): None
2024-12-21 15:58:48,710 - application - DEBUG - after_request_time [__init__.py:42] - Request to /static/css/flash-message.css took 0.005899906158447266 seconds
2024-12-21 15:58:48,711 - application - DEBUG - after_request_time [__init__.py:44] - view (after_request): map
2024-12-21 15:58:48,714 - application - DEBUG - after_request_time [__init__.py:42] - Request to /static/css/color-mode.css took 0.008830785751342773 seconds
2024-12-21 15:58:48,715 - application - DEBUG - after_request_time [__init__.py:42] - Request to /static/css/typography.css took 0.0034809112548828125 seconds
2024-12-21 15:58:48,716 - application - DEBUG - after_request_time [__init__.py:46] - template (after_request): None
2024-12-21 15:58:48,718 - application - DEBUG - after_request_time [__init__.py:42] - Request to /static/css/sortables.css took 0.0018160343170166016 seconds
2024-12-21 15:58:48,718 - application - DEBUG - after_request_time [__init__.py:44] - view (after_request): map
2024-12-21 15:58:48,718 - application - DEBUG - after_request_time [__init__.py:44] - view (after_request): map
2024-12-21 15:58:48,720 - application - DEBUG - after_request_time [__init__.py:44] - view (after_request): map
2024-12-21 15:58:48,721 - application - DEBUG - after_request_time [__init__.py:46] - template (after_request): None
2024-12-21 15:58:48,722 - application - DEBUG - after_request_time [__init__.py:46] - template (after_request): None
2024-12-21 15:58:48,722 - application - DEBUG - after_request_time [__init__.py:46] - template (after_request): None
2024-12-21 15:58:51,041 - application - DEBUG - after_request_time [__init__.py:42] - Request to /map/ took 0.0018439292907714844 seconds
2024-12-21 15:58:51,042 - application - DEBUG - after_request_time [__init__.py:44] - view (after_request): map
2024-12-21 15:58:51,042 - application - DEBUG - after_request_time [__init__.py:46] - template (after_request): homes/create_home.html.jinja
2024-12-21 15:58:53,481 - application - DEBUG - after_request_time [__init__.py:42] - Request to /home/floors/setup took 0.0025010108947753906 seconds
2024-12-21 15:58:53,482 - application - DEBUG - after_request_time [__init__.py:44] - view (after_request): map
2024-12-21 15:58:53,482 - application - DEBUG - after_request_time [__init__.py:46] - template (after_request): homes/create_home.html.jinja
2024-12-21 15:58:56,989 - application - DEBUG - after_request_time [__init__.py:42] - Request to /home/floors/setup took 0.00189208984375 seconds
2024-12-21 15:58:56,989 - application - DEBUG - after_request_time [__init__.py:44] - view (after_request): map
2024-12-21 15:58:56,989 - application - DEBUG - after_request_time [__init__.py:46] - template (after_request): homes/create_home.html.jinja
2024-12-21 15:59:00,181 - application - DEBUG - after_request_time [__init__.py:42] - Request to /home/rooms/setup/ took 0.0006346702575683594 seconds
2024-12-21 15:59:00,181 - application - DEBUG - after_request_time [__init__.py:44] - view (after_request): map
2024-12-21 15:59:00,181 - application - DEBUG - after_request_time [__init__.py:46] - template (after_request): None
2024-12-21 15:59:04,702 - application - DEBUG - after_request_time [__init__.py:42] - Request to /home/rooms/setup/ took 0.00022912025451660156 seconds
2024-12-21 15:59:04,702 - application - DEBUG - after_request_time [__init__.py:44] - view (after_request): map
2024-12-21 15:59:04,703 - application - DEBUG - after_request_time [__init__.py:46] - template (after_request): None
