2024-12-27 11:14:54,875 - logs.logging_config - DEBUG - configure_logging [logging_config.py:178] - Application logging configured
2024-12-27 11:14:54,877 - logs.logging_config - INFO - configure_logging [logging_config.py:187] - Application started in production environment
2024-12-27 11:14:54,878 - application - DEBUG - create_app [__init__.py:28] - test2
2024-12-27 11:14:55,785 - application - DEBUG - after_request_time [__init__.py:42] - Request to / took 0.010661125183105469 seconds
2024-12-27 11:14:55,785 - application - DEBUG - after_request_time [__init__.py:44] - view (after_request): map
2024-12-27 11:14:55,785 - application - DEBUG - after_request_time [__init__.py:46] - template (after_request): None
2024-12-27 11:14:55,932 - application - DEBUG - after_request_time [__init__.py:42] - Request to /map/ took 0.11631989479064941 seconds
2024-12-27 11:14:55,933 - application - DEBUG - after_request_time [__init__.py:44] - view (after_request): map
2024-12-27 11:14:55,933 - application - DEBUG - after_request_time [__init__.py:46] - template (after_request): map/index.html.jinja
2024-12-27 11:14:55,997 - application - DEBUG - after_request_time [__init__.py:42] - Request to /static/js/bundle.js took 0.006558895111083984 seconds
2024-12-27 11:14:55,998 - application - DEBUG - after_request_time [__init__.py:44] - view (after_request): map
2024-12-27 11:14:55,998 - application - DEBUG - after_request_time [__init__.py:46] - template (after_request): None
2024-12-27 11:14:56,155 - application - DEBUG - after_request_time [__init__.py:42] - Request to /nav took 0.018015146255493164 seconds
2024-12-27 11:14:56,156 - application - DEBUG - after_request_time [__init__.py:44] - view (after_request): map
2024-12-27 11:14:56,157 - application - DEBUG - after_request_time [__init__.py:46] - template (after_request): base/parts/nav/constructor.jinja
2024-12-27 11:14:56,256 - application - DEBUG - after_request_time [__init__.py:42] - Request to /show_list/ took 0.13084125518798828 seconds
2024-12-27 11:14:56,257 - application - DEBUG - after_request_time [__init__.py:44] - view (after_request): map
2024-12-27 11:14:56,259 - application - DEBUG - after_request_time [__init__.py:46] - template (after_request): lists/list.html.jinja
2024-12-27 11:14:56,277 - application - DEBUG - after_request_time [__init__.py:42] - Request to /nav took 0.0023298263549804688 seconds
2024-12-27 11:14:56,281 - application - DEBUG - after_request_time [__init__.py:44] - view (after_request): map
2024-12-27 11:14:56,282 - application - DEBUG - after_request_time [__init__.py:46] - template (after_request): base/parts/nav/constructor.jinja
2024-12-27 11:14:56,504 - application - DEBUG - after_request_time [__init__.py:42] - Request to /show_list/ took 0.37114691734313965 seconds
2024-12-27 11:14:56,510 - application - DEBUG - after_request_time [__init__.py:44] - view (after_request): map
2024-12-27 11:14:56,511 - application - DEBUG - after_request_time [__init__.py:46] - template (after_request): lists/list.html.jinja
2024-12-27 11:14:56,542 - application - DEBUG - after_request_time [__init__.py:42] - Request to /nav took 0.0019159317016601562 seconds
2024-12-27 11:14:56,543 - application - DEBUG - after_request_time [__init__.py:44] - view (after_request): map
2024-12-27 11:14:56,545 - application - DEBUG - after_request_time [__init__.py:46] - template (after_request): base/parts/nav/constructor.jinja
2024-12-27 11:14:56,566 - application - DEBUG - after_request_time [__init__.py:42] - Request to /nav took 0.005864858627319336 seconds
2024-12-27 11:14:56,568 - application - DEBUG - after_request_time [__init__.py:44] - view (after_request): map
2024-12-27 11:14:56,571 - application - DEBUG - after_request_time [__init__.py:46] - template (after_request): base/parts/nav/constructor.jinja
2024-12-27 11:14:56,665 - application - DEBUG - after_request_time [__init__.py:42] - Request to /show_list/ took 0.5308279991149902 seconds
2024-12-27 11:14:56,666 - application - DEBUG - after_request_time [__init__.py:44] - view (after_request): map
2024-12-27 11:14:56,673 - application - DEBUG - after_request_time [__init__.py:46] - template (after_request): lists/list.html.jinja
2024-12-27 11:14:56,699 - application - DEBUG - after_request_time [__init__.py:42] - Request to /show_photo_entry/1 took 0.11729788780212402 seconds
2024-12-27 11:14:56,699 - application - DEBUG - after_request_time [__init__.py:42] - Request to /show_photo_entry/7 took 0.10996198654174805 seconds
2024-12-27 11:14:56,702 - application - DEBUG - after_request_time [__init__.py:44] - view (after_request): map
2024-12-27 11:14:56,704 - application - DEBUG - after_request_time [__init__.py:42] - Request to /show_photo_entry/6 took 0.10895299911499023 seconds
2024-12-27 11:14:56,705 - application - DEBUG - after_request_time [__init__.py:44] - view (after_request): map
2024-12-27 11:14:56,708 - application - DEBUG - after_request_time [__init__.py:46] - template (after_request): lists/model/photo.html.jinja
2024-12-27 11:14:56,712 - application - DEBUG - after_request_time [__init__.py:42] - Request to /show_photo_entry/5 took 0.11507701873779297 seconds
2024-12-27 11:14:56,713 - application - DEBUG - after_request_time [__init__.py:44] - view (after_request): map
2024-12-27 11:14:56,715 - application - DEBUG - after_request_time [__init__.py:46] - template (after_request): lists/model/photo.html.jinja
2024-12-27 11:14:56,723 - application - DEBUG - after_request_time [__init__.py:44] - view (after_request): map
2024-12-27 11:14:56,724 - application - DEBUG - after_request_time [__init__.py:42] - Request to /show_photo_entry/2 took 0.12069416046142578 seconds
2024-12-27 11:14:56,724 - application - DEBUG - after_request_time [__init__.py:46] - template (after_request): lists/model/photo.html.jinja
2024-12-27 11:14:56,725 - application - DEBUG - after_request_time [__init__.py:46] - template (after_request): lists/model/photo.html.jinja
2024-12-27 11:14:56,725 - application - DEBUG - after_request_time [__init__.py:44] - view (after_request): map
2024-12-27 11:14:56,727 - application - DEBUG - after_request_time [__init__.py:46] - template (after_request): lists/model/photo.html.jinja
2024-12-27 11:14:56,772 - application - DEBUG - after_request_time [__init__.py:42] - Request to /show_photo_entry/3 took 0.05834078788757324 seconds
2024-12-27 11:14:56,772 - application - DEBUG - after_request_time [__init__.py:44] - view (after_request): map
2024-12-27 11:14:56,774 - application - DEBUG - after_request_time [__init__.py:46] - template (after_request): lists/model/photo.html.jinja
2024-12-27 11:14:56,796 - application - DEBUG - after_request_time [__init__.py:42] - Request to /static/defaults/generic_room.webp took 0.0013191699981689453 seconds
2024-12-27 11:14:56,796 - application - DEBUG - after_request_time [__init__.py:44] - view (after_request): map
2024-12-27 11:14:56,797 - application - DEBUG - after_request_time [__init__.py:46] - template (after_request): None
2024-12-27 11:14:56,813 - application - DEBUG - after_request_time [__init__.py:42] - Request to /show_photo_entry/8 took 0.06134486198425293 seconds
2024-12-27 11:14:56,814 - application - DEBUG - after_request_time [__init__.py:44] - view (after_request): map
2024-12-27 11:14:56,815 - application - DEBUG - after_request_time [__init__.py:42] - Request to /nav took 0.011217832565307617 seconds
2024-12-27 11:14:56,816 - application - DEBUG - after_request_time [__init__.py:46] - template (after_request): lists/model/photo.html.jinja
2024-12-27 11:14:56,817 - application - DEBUG - after_request_time [__init__.py:44] - view (after_request): map
2024-12-27 11:14:56,818 - application - DEBUG - after_request_time [__init__.py:46] - template (after_request): base/parts/nav/constructor.jinja
2024-12-27 11:14:56,832 - application - DEBUG - after_request_time [__init__.py:42] - Request to /show_photo_entry/4 took 0.05873990058898926 seconds
2024-12-27 11:14:56,832 - application - DEBUG - after_request_time [__init__.py:44] - view (after_request): map
2024-12-27 11:14:56,833 - application - DEBUG - after_request_time [__init__.py:46] - template (after_request): lists/model/photo.html.jinja
2024-12-27 11:14:56,837 - application - DEBUG - after_request_time [__init__.py:42] - Request to /show_photo_entry/9 took 0.09223103523254395 seconds
2024-12-27 11:14:56,840 - application - DEBUG - after_request_time [__init__.py:44] - view (after_request): map
2024-12-27 11:14:56,842 - application - DEBUG - after_request_time [__init__.py:46] - template (after_request): lists/model/photo.html.jinja
2024-12-27 11:14:56,845 - application - DEBUG - after_request_time [__init__.py:42] - Request to /nav took 0.004174232482910156 seconds
2024-12-27 11:14:56,846 - application - DEBUG - after_request_time [__init__.py:44] - view (after_request): map
2024-12-27 11:14:56,846 - application - DEBUG - after_request_time [__init__.py:46] - template (after_request): base/parts/nav/constructor.jinja
2024-12-27 11:14:56,871 - application - DEBUG - after_request_time [__init__.py:42] - Request to /nav took 0.002302885055541992 seconds
2024-12-27 11:14:56,871 - application - DEBUG - after_request_time [__init__.py:44] - view (after_request): map
2024-12-27 11:14:56,871 - application - DEBUG - after_request_time [__init__.py:46] - template (after_request): base/parts/nav/constructor.jinja
2024-12-27 11:14:57,126 - application - DEBUG - after_request_time [__init__.py:42] - Request to /show_list/14 took 0.19596219062805176 seconds
2024-12-27 11:14:57,126 - application - DEBUG - after_request_time [__init__.py:42] - Request to /show_list/20 took 0.18750905990600586 seconds
2024-12-27 11:14:57,127 - application - DEBUG - after_request_time [__init__.py:42] - Request to /show_list/10 took 0.18535494804382324 seconds
2024-12-27 11:14:57,128 - application - DEBUG - after_request_time [__init__.py:44] - view (after_request): map
2024-12-27 11:14:57,129 - application - DEBUG - after_request_time [__init__.py:42] - Request to /show_list/12 took 0.18091416358947754 seconds
2024-12-27 11:14:57,130 - application - DEBUG - after_request_time [__init__.py:44] - view (after_request): map
2024-12-27 11:14:57,131 - application - DEBUG - after_request_time [__init__.py:42] - Request to /show_list/6 took 0.21397781372070312 seconds
2024-12-27 11:14:57,131 - application - DEBUG - after_request_time [__init__.py:44] - view (after_request): map
2024-12-27 11:14:57,132 - application - DEBUG - after_request_time [__init__.py:46] - template (after_request): lists/list.html.jinja
2024-12-27 11:14:57,133 - application - DEBUG - after_request_time [__init__.py:42] - Request to /show_list/8 took 0.2107250690460205 seconds
2024-12-27 11:14:57,133 - application - DEBUG - after_request_time [__init__.py:44] - view (after_request): map
2024-12-27 11:14:57,133 - application - DEBUG - after_request_time [__init__.py:46] - template (after_request): lists/list.html.jinja
2024-12-27 11:14:57,133 - application - DEBUG - after_request_time [__init__.py:44] - view (after_request): map
2024-12-27 11:14:57,133 - application - DEBUG - after_request_time [__init__.py:46] - template (after_request): lists/list.html.jinja
2024-12-27 11:14:57,135 - application - DEBUG - after_request_time [__init__.py:44] - view (after_request): map
2024-12-27 11:14:57,136 - application - DEBUG - after_request_time [__init__.py:46] - template (after_request): lists/list.html.jinja
2024-12-27 11:14:57,139 - application - DEBUG - after_request_time [__init__.py:46] - template (after_request): lists/list.html.jinja
2024-12-27 11:14:57,151 - application - DEBUG - after_request_time [__init__.py:46] - template (after_request): lists/list.html.jinja
2024-12-27 11:14:57,194 - application - DEBUG - after_request_time [__init__.py:42] - Request to /nav took 0.004951000213623047 seconds
2024-12-27 11:14:57,195 - application - DEBUG - after_request_time [__init__.py:44] - view (after_request): map
2024-12-27 11:14:57,195 - application - DEBUG - after_request_time [__init__.py:46] - template (after_request): base/parts/nav/constructor.jinja
2024-12-27 11:14:57,222 - application - DEBUG - after_request_time [__init__.py:42] - Request to /nav took 0.0026018619537353516 seconds
2024-12-27 11:14:57,223 - application - DEBUG - after_request_time [__init__.py:44] - view (after_request): map
2024-12-27 11:14:57,224 - application - DEBUG - after_request_time [__init__.py:46] - template (after_request): base/parts/nav/constructor.jinja
2024-12-27 11:14:57,260 - application - DEBUG - after_request_time [__init__.py:42] - Request to /show_list/18 took 0.10683417320251465 seconds
2024-12-27 11:14:57,262 - application - DEBUG - after_request_time [__init__.py:42] - Request to /show_list/22 took 0.11279892921447754 seconds
2024-12-27 11:14:57,262 - application - DEBUG - after_request_time [__init__.py:44] - view (after_request): map
2024-12-27 11:14:57,263 - application - DEBUG - after_request_time [__init__.py:44] - view (after_request): map
2024-12-27 11:14:57,264 - application - DEBUG - after_request_time [__init__.py:46] - template (after_request): lists/list.html.jinja
2024-12-27 11:14:57,265 - application - DEBUG - after_request_time [__init__.py:42] - Request to /show_list/16 took 0.08931612968444824 seconds
2024-12-27 11:14:57,265 - application - DEBUG - after_request_time [__init__.py:46] - template (after_request): lists/list.html.jinja
2024-12-27 11:14:57,266 - application - DEBUG - after_request_time [__init__.py:44] - view (after_request): map
2024-12-27 11:14:57,268 - application - DEBUG - after_request_time [__init__.py:46] - template (after_request): lists/list.html.jinja
2024-12-27 11:14:57,764 - application - DEBUG - after_request_time [__init__.py:42] - Request to /nav took 0.0027370452880859375 seconds
2024-12-27 11:14:57,765 - application - DEBUG - after_request_time [__init__.py:44] - view (after_request): map
2024-12-27 11:14:57,765 - application - DEBUG - after_request_time [__init__.py:46] - template (after_request): base/parts/nav/constructor.jinja
2024-12-27 11:14:57,822 - application - DEBUG - after_request_time [__init__.py:42] - Request to /nav took 0.0020940303802490234 seconds
2024-12-27 11:14:57,822 - application - DEBUG - after_request_time [__init__.py:44] - view (after_request): map
2024-12-27 11:14:57,823 - application - DEBUG - after_request_time [__init__.py:46] - template (after_request): base/parts/nav/constructor.jinja
2024-12-27 11:15:01,828 - application - DEBUG - after_request_time [__init__.py:42] - Request to /static/js/bundle.js.map took 0.0008158683776855469 seconds
2024-12-27 11:15:01,828 - application - DEBUG - after_request_time [__init__.py:44] - view (after_request): map
2024-12-27 11:15:01,829 - application - DEBUG - after_request_time [__init__.py:46] - template (after_request): None
2024-12-27 11:15:01,963 - application - DEBUG - after_request_time [__init__.py:42] - Request to /static/js/bundle.js.map took 0.0015478134155273438 seconds
2024-12-27 11:15:01,963 - application - DEBUG - after_request_time [__init__.py:44] - view (after_request): map
2024-12-27 11:15:01,964 - application - DEBUG - after_request_time [__init__.py:46] - template (after_request): None
2024-12-27 11:15:08,210 - application - DEBUG - after_request_time [__init__.py:42] - Request to /map/ took 0.02186870574951172 seconds
2024-12-27 11:15:08,210 - application - DEBUG - after_request_time [__init__.py:44] - view (after_request): map
2024-12-27 11:15:08,210 - application - DEBUG - after_request_time [__init__.py:46] - template (after_request): map/index.html.jinja
2024-12-27 11:15:08,379 - application - DEBUG - after_request_time [__init__.py:42] - Request to /static/js/bundle.js took 0.0010061264038085938 seconds
2024-12-27 11:15:08,379 - application - DEBUG - after_request_time [__init__.py:44] - view (after_request): map
2024-12-27 11:15:08,380 - application - DEBUG - after_request_time [__init__.py:46] - template (after_request): None
2024-12-27 11:15:08,554 - application - DEBUG - after_request_time [__init__.py:42] - Request to /static/js/bundle.js.map took 0.0006999969482421875 seconds
2024-12-27 11:15:08,554 - application - DEBUG - after_request_time [__init__.py:44] - view (after_request): map
2024-12-27 11:15:08,554 - application - DEBUG - after_request_time [__init__.py:46] - template (after_request): None
2024-12-27 11:15:08,600 - application - DEBUG - after_request_time [__init__.py:42] - Request to /nav took 0.004151105880737305 seconds
2024-12-27 11:15:08,604 - application - DEBUG - after_request_time [__init__.py:44] - view (after_request): map
2024-12-27 11:15:08,609 - application - DEBUG - after_request_time [__init__.py:46] - template (after_request): base/parts/nav/constructor.jinja
2024-12-27 11:15:08,642 - application - DEBUG - after_request_time [__init__.py:42] - Request to /show_list/ took 0.04659628868103027 seconds
2024-12-27 11:15:08,642 - application - DEBUG - after_request_time [__init__.py:44] - view (after_request): map
2024-12-27 11:15:08,642 - application - DEBUG - after_request_time [__init__.py:46] - template (after_request): lists/list.html.jinja
2024-12-27 11:15:08,704 - application - DEBUG - after_request_time [__init__.py:42] - Request to /nav took 0.0089569091796875 seconds
2024-12-27 11:15:08,705 - application - DEBUG - after_request_time [__init__.py:44] - view (after_request): map
2024-12-27 11:15:08,706 - application - DEBUG - after_request_time [__init__.py:46] - template (after_request): base/parts/nav/constructor.jinja
2024-12-27 11:15:08,732 - application - DEBUG - after_request_time [__init__.py:42] - Request to /static/js/bundle.js.map took 0.0017979145050048828 seconds
2024-12-27 11:15:08,734 - application - DEBUG - after_request_time [__init__.py:44] - view (after_request): map
2024-12-27 11:15:08,737 - application - DEBUG - after_request_time [__init__.py:46] - template (after_request): None
2024-12-27 11:15:08,761 - application - DEBUG - after_request_time [__init__.py:42] - Request to /show_list/ took 0.15972471237182617 seconds
2024-12-27 11:15:08,763 - application - DEBUG - after_request_time [__init__.py:44] - view (after_request): map
2024-12-27 11:15:08,763 - application - DEBUG - after_request_time [__init__.py:46] - template (after_request): lists/list.html.jinja
2024-12-27 11:15:08,812 - application - DEBUG - after_request_time [__init__.py:42] - Request to /show_list/ took 0.2080681324005127 seconds
2024-12-27 11:15:08,813 - application - DEBUG - after_request_time [__init__.py:44] - view (after_request): map
2024-12-27 11:15:08,813 - application - DEBUG - after_request_time [__init__.py:46] - template (after_request): lists/list.html.jinja
2024-12-27 11:15:09,037 - application - DEBUG - after_request_time [__init__.py:42] - Request to /nav took 0.001363992691040039 seconds
2024-12-27 11:15:09,038 - application - DEBUG - after_request_time [__init__.py:44] - view (after_request): map
2024-12-27 11:15:09,038 - application - DEBUG - after_request_time [__init__.py:46] - template (after_request): base/parts/nav/constructor.jinja
2024-12-27 11:15:09,063 - application - DEBUG - after_request_time [__init__.py:42] - Request to /show_photo_entry/1 took 0.013530969619750977 seconds
2024-12-27 11:15:09,066 - application - DEBUG - after_request_time [__init__.py:42] - Request to /show_photo_entry/7 took 0.014543771743774414 seconds
2024-12-27 11:15:09,066 - application - DEBUG - after_request_time [__init__.py:44] - view (after_request): map
2024-12-27 11:15:09,066 - application - DEBUG - after_request_time [__init__.py:44] - view (after_request): map
2024-12-27 11:15:09,067 - application - DEBUG - after_request_time [__init__.py:46] - template (after_request): lists/model/photo.html.jinja
2024-12-27 11:15:09,067 - application - DEBUG - after_request_time [__init__.py:46] - template (after_request): lists/model/photo.html.jinja
2024-12-27 11:15:09,119 - application - DEBUG - after_request_time [__init__.py:42] - Request to /show_photo_entry/6 took 0.009208917617797852 seconds
2024-12-27 11:15:09,119 - application - DEBUG - after_request_time [__init__.py:44] - view (after_request): map
2024-12-27 11:15:09,119 - application - DEBUG - after_request_time [__init__.py:46] - template (after_request): lists/model/photo.html.jinja
2024-12-27 11:15:09,134 - application - DEBUG - after_request_time [__init__.py:42] - Request to /show_photo_entry/5 took 0.011968135833740234 seconds
2024-12-27 11:15:09,135 - application - DEBUG - after_request_time [__init__.py:44] - view (after_request): map
2024-12-27 11:15:09,135 - application - DEBUG - after_request_time [__init__.py:46] - template (after_request): lists/model/photo.html.jinja
2024-12-27 11:15:09,192 - application - DEBUG - after_request_time [__init__.py:42] - Request to /show_photo_entry/3 took 0.03504300117492676 seconds
2024-12-27 11:15:09,193 - application - DEBUG - after_request_time [__init__.py:44] - view (after_request): map
2024-12-27 11:15:09,194 - application - DEBUG - after_request_time [__init__.py:46] - template (after_request): lists/model/photo.html.jinja
2024-12-27 11:15:09,207 - application - DEBUG - after_request_time [__init__.py:42] - Request to /nav took 0.00473785400390625 seconds
2024-12-27 11:15:09,211 - application - DEBUG - after_request_time [__init__.py:42] - Request to /static/defaults/generic_room.webp took 0.0011949539184570312 seconds
2024-12-27 11:15:09,212 - application - DEBUG - after_request_time [__init__.py:44] - view (after_request): map
2024-12-27 11:15:09,215 - application - DEBUG - after_request_time [__init__.py:44] - view (after_request): map
2024-12-27 11:15:09,215 - application - DEBUG - after_request_time [__init__.py:46] - template (after_request): base/parts/nav/constructor.jinja
2024-12-27 11:15:09,216 - application - DEBUG - after_request_time [__init__.py:46] - template (after_request): None
2024-12-27 11:15:09,227 - application - DEBUG - after_request_time [__init__.py:42] - Request to /show_photo_entry/4 took 0.057736873626708984 seconds
2024-12-27 11:15:09,228 - application - DEBUG - after_request_time [__init__.py:44] - view (after_request): map
2024-12-27 11:15:09,231 - application - DEBUG - after_request_time [__init__.py:46] - template (after_request): lists/model/photo.html.jinja
2024-12-27 11:15:09,235 - application - DEBUG - after_request_time [__init__.py:42] - Request to /show_photo_entry/2 took 0.057919979095458984 seconds
2024-12-27 11:15:09,237 - application - DEBUG - after_request_time [__init__.py:44] - view (after_request): map
2024-12-27 11:15:09,239 - application - DEBUG - after_request_time [__init__.py:46] - template (after_request): lists/model/photo.html.jinja
2024-12-27 11:15:09,252 - application - DEBUG - after_request_time [__init__.py:42] - Request to /show_photo_entry/8 took 0.082550048828125 seconds
2024-12-27 11:15:09,254 - application - DEBUG - after_request_time [__init__.py:44] - view (after_request): map
2024-12-27 11:15:09,257 - application - DEBUG - after_request_time [__init__.py:46] - template (after_request): lists/model/photo.html.jinja
2024-12-27 11:15:09,260 - application - DEBUG - after_request_time [__init__.py:42] - Request to /show_photo_entry/9 took 0.09736514091491699 seconds
2024-12-27 11:15:09,263 - application - DEBUG - after_request_time [__init__.py:44] - view (after_request): map
2024-12-27 11:15:09,265 - application - DEBUG - after_request_time [__init__.py:46] - template (after_request): lists/model/photo.html.jinja
2024-12-27 11:15:09,334 - application - DEBUG - after_request_time [__init__.py:42] - Request to /show_list/6 took 0.037180185317993164 seconds
2024-12-27 11:15:09,335 - application - DEBUG - after_request_time [__init__.py:44] - view (after_request): map
2024-12-27 11:15:09,336 - application - DEBUG - after_request_time [__init__.py:46] - template (after_request): lists/list.html.jinja
2024-12-27 11:15:09,345 - application - DEBUG - after_request_time [__init__.py:42] - Request to /show_list/18 took 0.04512310028076172 seconds
2024-12-27 11:15:09,346 - application - DEBUG - after_request_time [__init__.py:44] - view (after_request): map
2024-12-27 11:15:09,347 - application - DEBUG - after_request_time [__init__.py:46] - template (after_request): lists/list.html.jinja
2024-12-27 11:15:09,372 - application - DEBUG - after_request_time [__init__.py:42] - Request to /nav took 0.0021169185638427734 seconds
2024-12-27 11:15:09,373 - application - DEBUG - after_request_time [__init__.py:44] - view (after_request): map
2024-12-27 11:15:09,374 - application - DEBUG - after_request_time [__init__.py:46] - template (after_request): base/parts/nav/constructor.jinja
2024-12-27 11:15:09,472 - application - DEBUG - after_request_time [__init__.py:42] - Request to /show_list/16 took 0.11274600028991699 seconds
2024-12-27 11:15:09,473 - application - DEBUG - after_request_time [__init__.py:42] - Request to /show_list/14 took 0.10475301742553711 seconds
2024-12-27 11:15:09,474 - application - DEBUG - after_request_time [__init__.py:44] - view (after_request): map
2024-12-27 11:15:09,475 - application - DEBUG - after_request_time [__init__.py:44] - view (after_request): map
2024-12-27 11:15:09,476 - application - DEBUG - after_request_time [__init__.py:46] - template (after_request): lists/list.html.jinja
2024-12-27 11:15:09,476 - application - DEBUG - after_request_time [__init__.py:46] - template (after_request): lists/list.html.jinja
2024-12-27 11:15:09,501 - application - DEBUG - after_request_time [__init__.py:42] - Request to /show_list/10 took 0.11630415916442871 seconds
2024-12-27 11:15:09,503 - application - DEBUG - after_request_time [__init__.py:44] - view (after_request): map
2024-12-27 11:15:09,506 - application - DEBUG - after_request_time [__init__.py:42] - Request to /nav took 0.009398937225341797 seconds
2024-12-27 11:15:09,508 - application - DEBUG - after_request_time [__init__.py:42] - Request to /show_list/12 took 0.11809277534484863 seconds
2024-12-27 11:15:09,509 - application - DEBUG - after_request_time [__init__.py:46] - template (after_request): lists/list.html.jinja
2024-12-27 11:15:09,511 - application - DEBUG - after_request_time [__init__.py:44] - view (after_request): map
2024-12-27 11:15:09,511 - application - DEBUG - after_request_time [__init__.py:44] - view (after_request): map
2024-12-27 11:15:09,516 - application - DEBUG - after_request_time [__init__.py:46] - template (after_request): base/parts/nav/constructor.jinja
2024-12-27 11:15:09,517 - application - DEBUG - after_request_time [__init__.py:46] - template (after_request): lists/list.html.jinja
2024-12-27 11:15:09,520 - application - DEBUG - after_request_time [__init__.py:42] - Request to /show_list/8 took 0.11734795570373535 seconds
2024-12-27 11:15:09,524 - application - DEBUG - after_request_time [__init__.py:44] - view (after_request): map
2024-12-27 11:15:09,528 - application - DEBUG - after_request_time [__init__.py:46] - template (after_request): lists/list.html.jinja
2024-12-27 11:15:09,533 - application - DEBUG - after_request_time [__init__.py:42] - Request to /show_list/20 took 0.1266310214996338 seconds
2024-12-27 11:15:09,535 - application - DEBUG - after_request_time [__init__.py:44] - view (after_request): map
2024-12-27 11:15:09,542 - application - DEBUG - after_request_time [__init__.py:46] - template (after_request): lists/list.html.jinja
2024-12-27 11:15:09,569 - application - DEBUG - after_request_time [__init__.py:42] - Request to /nav took 0.0022919178009033203 seconds
2024-12-27 11:15:09,570 - application - DEBUG - after_request_time [__init__.py:44] - view (after_request): map
2024-12-27 11:15:09,572 - application - DEBUG - after_request_time [__init__.py:46] - template (after_request): base/parts/nav/constructor.jinja
2024-12-27 11:15:09,577 - application - DEBUG - after_request_time [__init__.py:42] - Request to /show_list/22 took 0.07875204086303711 seconds
2024-12-27 11:15:09,578 - application - DEBUG - after_request_time [__init__.py:44] - view (after_request): map
2024-12-27 11:15:09,578 - application - DEBUG - after_request_time [__init__.py:46] - template (after_request): lists/list.html.jinja
2024-12-27 11:15:09,622 - application - DEBUG - after_request_time [__init__.py:42] - Request to /nav took 0.0016131401062011719 seconds
2024-12-27 11:15:09,623 - application - DEBUG - after_request_time [__init__.py:44] - view (after_request): map
2024-12-27 11:15:09,623 - application - DEBUG - after_request_time [__init__.py:46] - template (after_request): base/parts/nav/constructor.jinja
2024-12-27 11:15:09,694 - application - DEBUG - after_request_time [__init__.py:42] - Request to /nav took 0.0011768341064453125 seconds
2024-12-27 11:15:09,694 - application - DEBUG - after_request_time [__init__.py:44] - view (after_request): map
2024-12-27 11:15:09,695 - application - DEBUG - after_request_time [__init__.py:46] - template (after_request): base/parts/nav/constructor.jinja
2024-12-27 11:24:55,768 - application - DEBUG - after_request_time [__init__.py:42] - Request to /map/ took 0.024956941604614258 seconds
2024-12-27 11:24:55,768 - application - DEBUG - after_request_time [__init__.py:44] - view (after_request): map
2024-12-27 11:24:55,768 - application - DEBUG - after_request_time [__init__.py:46] - template (after_request): map/index.html.jinja
2024-12-27 11:24:55,941 - application - DEBUG - after_request_time [__init__.py:42] - Request to /static/js/bundle.js took 0.0007619857788085938 seconds
2024-12-27 11:24:55,941 - application - DEBUG - after_request_time [__init__.py:44] - view (after_request): map
2024-12-27 11:24:55,941 - application - DEBUG - after_request_time [__init__.py:46] - template (after_request): None
2024-12-27 11:24:56,130 - application - DEBUG - after_request_time [__init__.py:42] - Request to /static/js/bundle.js.map took 0.001378774642944336 seconds
2024-12-27 11:24:56,131 - application - DEBUG - after_request_time [__init__.py:44] - view (after_request): map
2024-12-27 11:24:56,131 - application - DEBUG - after_request_time [__init__.py:46] - template (after_request): None
2024-12-27 11:24:56,178 - application - DEBUG - after_request_time [__init__.py:42] - Request to /nav took 0.023715972900390625 seconds
2024-12-27 11:24:56,179 - application - DEBUG - after_request_time [__init__.py:44] - view (after_request): map
2024-12-27 11:24:56,179 - application - DEBUG - after_request_time [__init__.py:46] - template (after_request): base/parts/nav/constructor.jinja
2024-12-27 11:24:56,215 - application - DEBUG - after_request_time [__init__.py:42] - Request to /show_list/ took 0.07208871841430664 seconds
2024-12-27 11:24:56,217 - application - DEBUG - after_request_time [__init__.py:44] - view (after_request): map
2024-12-27 11:24:56,218 - application - DEBUG - after_request_time [__init__.py:46] - template (after_request): lists/list.html.jinja
2024-12-27 11:24:56,250 - application - DEBUG - after_request_time [__init__.py:42] - Request to /nav took 0.004652976989746094 seconds
2024-12-27 11:24:56,252 - application - DEBUG - after_request_time [__init__.py:44] - view (after_request): map
2024-12-27 11:24:56,253 - application - DEBUG - after_request_time [__init__.py:46] - template (after_request): base/parts/nav/constructor.jinja
2024-12-27 11:24:56,308 - application - DEBUG - after_request_time [__init__.py:42] - Request to /show_list/ took 0.15908408164978027 seconds
2024-12-27 11:24:56,311 - application - DEBUG - after_request_time [__init__.py:44] - view (after_request): map
2024-12-27 11:24:56,313 - application - DEBUG - after_request_time [__init__.py:46] - template (after_request): lists/list.html.jinja
2024-12-27 11:24:56,332 - application - DEBUG - after_request_time [__init__.py:42] - Request to /static/js/bundle.js.map took 0.001993894577026367 seconds
2024-12-27 11:24:56,333 - application - DEBUG - after_request_time [__init__.py:44] - view (after_request): map
2024-12-27 11:24:56,334 - application - DEBUG - after_request_time [__init__.py:46] - template (after_request): None
2024-12-27 11:24:56,365 - application - DEBUG - after_request_time [__init__.py:42] - Request to /show_list/ took 0.21227431297302246 seconds
2024-12-27 11:24:56,365 - application - DEBUG - after_request_time [__init__.py:44] - view (after_request): map
2024-12-27 11:24:56,365 - application - DEBUG - after_request_time [__init__.py:46] - template (after_request): lists/list.html.jinja
2024-12-27 11:24:56,497 - application - DEBUG - after_request_time [__init__.py:42] - Request to /nav took 0.002274036407470703 seconds
2024-12-27 11:24:56,497 - application - DEBUG - after_request_time [__init__.py:44] - view (after_request): map
2024-12-27 11:24:56,498 - application - DEBUG - after_request_time [__init__.py:46] - template (after_request): base/parts/nav/constructor.jinja
2024-12-27 11:24:56,537 - application - DEBUG - after_request_time [__init__.py:42] - Request to /nav took 0.0015392303466796875 seconds
2024-12-27 11:24:56,538 - application - DEBUG - after_request_time [__init__.py:44] - view (after_request): map
2024-12-27 11:24:56,538 - application - DEBUG - after_request_time [__init__.py:46] - template (after_request): base/parts/nav/constructor.jinja
2024-12-27 11:24:56,726 - application - DEBUG - after_request_time [__init__.py:42] - Request to /show_photo_entry/1 took 0.04150676727294922 seconds
2024-12-27 11:24:56,727 - application - DEBUG - after_request_time [__init__.py:44] - view (after_request): map
2024-12-27 11:24:56,730 - application - DEBUG - after_request_time [__init__.py:46] - template (after_request): lists/model/photo.html.jinja
2024-12-27 11:24:56,734 - application - DEBUG - after_request_time [__init__.py:42] - Request to /show_photo_entry/5 took 0.03480863571166992 seconds
2024-12-27 11:24:56,736 - application - DEBUG - after_request_time [__init__.py:44] - view (after_request): map
2024-12-27 11:24:56,738 - application - DEBUG - after_request_time [__init__.py:46] - template (after_request): lists/model/photo.html.jinja
2024-12-27 11:24:56,766 - application - DEBUG - after_request_time [__init__.py:42] - Request to /show_photo_entry/7 took 0.0758521556854248 seconds
2024-12-27 11:24:56,767 - application - DEBUG - after_request_time [__init__.py:44] - view (after_request): map
2024-12-27 11:24:56,771 - application - DEBUG - after_request_time [__init__.py:46] - template (after_request): lists/model/photo.html.jinja
2024-12-27 11:24:56,768 - application - DEBUG - after_request_time [__init__.py:42] - Request to /show_photo_entry/6 took 0.07338213920593262 seconds
2024-12-27 11:24:56,774 - application - DEBUG - after_request_time [__init__.py:42] - Request to /show_photo_entry/3 took 0.07033324241638184 seconds
2024-12-27 11:24:56,778 - application - DEBUG - after_request_time [__init__.py:44] - view (after_request): map
2024-12-27 11:24:56,782 - application - DEBUG - after_request_time [__init__.py:44] - view (after_request): map
2024-12-27 11:24:56,785 - application - DEBUG - after_request_time [__init__.py:46] - template (after_request): lists/model/photo.html.jinja
2024-12-27 11:24:56,786 - application - DEBUG - after_request_time [__init__.py:46] - template (after_request): lists/model/photo.html.jinja
2024-12-27 11:24:56,790 - application - DEBUG - after_request_time [__init__.py:42] - Request to /show_photo_entry/9 took 0.07953977584838867 seconds
2024-12-27 11:24:56,799 - application - DEBUG - after_request_time [__init__.py:44] - view (after_request): map
2024-12-27 11:24:56,801 - application - DEBUG - after_request_time [__init__.py:46] - template (after_request): lists/model/photo.html.jinja
2024-12-27 11:24:56,830 - application - DEBUG - after_request_time [__init__.py:42] - Request to /nav took 0.005058765411376953 seconds
2024-12-27 11:24:56,830 - application - DEBUG - after_request_time [__init__.py:44] - view (after_request): map
2024-12-27 11:24:56,834 - application - DEBUG - after_request_time [__init__.py:46] - template (after_request): base/parts/nav/constructor.jinja
2024-12-27 11:24:56,835 - application - DEBUG - after_request_time [__init__.py:42] - Request to /show_photo_entry/4 took 0.07913684844970703 seconds
2024-12-27 11:24:56,842 - application - DEBUG - after_request_time [__init__.py:44] - view (after_request): map
2024-12-27 11:24:56,843 - application - DEBUG - after_request_time [__init__.py:46] - template (after_request): lists/model/photo.html.jinja
2024-12-27 11:24:56,842 - application - DEBUG - after_request_time [__init__.py:42] - Request to /static/defaults/generic_room.webp took 0.0022459030151367188 seconds
2024-12-27 11:24:56,839 - application - DEBUG - after_request_time [__init__.py:42] - Request to /show_photo_entry/8 took 0.09651780128479004 seconds
2024-12-27 11:24:56,854 - application - DEBUG - after_request_time [__init__.py:44] - view (after_request): map
2024-12-27 11:24:56,855 - application - DEBUG - after_request_time [__init__.py:44] - view (after_request): map
2024-12-27 11:24:56,856 - application - DEBUG - after_request_time [__init__.py:46] - template (after_request): None
2024-12-27 11:24:56,858 - application - DEBUG - after_request_time [__init__.py:46] - template (after_request): lists/model/photo.html.jinja
2024-12-27 11:24:56,872 - application - DEBUG - after_request_time [__init__.py:42] - Request to /show_photo_entry/2 took 0.06727385520935059 seconds
2024-12-27 11:24:56,873 - application - DEBUG - after_request_time [__init__.py:44] - view (after_request): map
2024-12-27 11:24:56,873 - application - DEBUG - after_request_time [__init__.py:46] - template (after_request): lists/model/photo.html.jinja
2024-12-27 11:24:56,948 - application - DEBUG - after_request_time [__init__.py:42] - Request to /show_list/6 took 0.023897886276245117 seconds
2024-12-27 11:24:56,949 - application - DEBUG - after_request_time [__init__.py:44] - view (after_request): map
2024-12-27 11:24:56,950 - application - DEBUG - after_request_time [__init__.py:46] - template (after_request): lists/list.html.jinja
2024-12-27 11:24:56,968 - application - DEBUG - after_request_time [__init__.py:42] - Request to /show_list/14 took 0.02296280860900879 seconds
2024-12-27 11:24:56,968 - application - DEBUG - after_request_time [__init__.py:44] - view (after_request): map
2024-12-27 11:24:56,968 - application - DEBUG - after_request_time [__init__.py:46] - template (after_request): lists/list.html.jinja
2024-12-27 11:24:57,045 - application - DEBUG - after_request_time [__init__.py:42] - Request to /nav took 0.003025054931640625 seconds
2024-12-27 11:24:57,046 - application - DEBUG - after_request_time [__init__.py:44] - view (after_request): map
2024-12-27 11:24:57,047 - application - DEBUG - after_request_time [__init__.py:46] - template (after_request): base/parts/nav/constructor.jinja
2024-12-27 11:24:57,058 - application - DEBUG - after_request_time [__init__.py:42] - Request to /show_list/18 took 0.0561528205871582 seconds
2024-12-27 11:24:57,058 - application - DEBUG - after_request_time [__init__.py:44] - view (after_request): map
2024-12-27 11:24:57,059 - application - DEBUG - after_request_time [__init__.py:46] - template (after_request): lists/list.html.jinja
2024-12-27 11:24:57,065 - application - DEBUG - after_request_time [__init__.py:42] - Request to /show_list/16 took 0.0602869987487793 seconds
2024-12-27 11:24:57,066 - application - DEBUG - after_request_time [__init__.py:44] - view (after_request): map
2024-12-27 11:24:57,066 - application - DEBUG - after_request_time [__init__.py:46] - template (after_request): lists/list.html.jinja
2024-12-27 11:24:57,165 - application - DEBUG - after_request_time [__init__.py:42] - Request to /nav took 0.006470203399658203 seconds
2024-12-27 11:24:57,168 - application - DEBUG - after_request_time [__init__.py:44] - view (after_request): map
2024-12-27 11:24:57,171 - application - DEBUG - after_request_time [__init__.py:46] - template (after_request): base/parts/nav/constructor.jinja
2024-12-27 11:24:57,205 - application - DEBUG - after_request_time [__init__.py:42] - Request to /nav took 0.0032100677490234375 seconds
2024-12-27 11:24:57,206 - application - DEBUG - after_request_time [__init__.py:44] - view (after_request): map
2024-12-27 11:24:57,207 - application - DEBUG - after_request_time [__init__.py:46] - template (after_request): base/parts/nav/constructor.jinja
2024-12-27 11:24:57,249 - application - DEBUG - after_request_time [__init__.py:42] - Request to /show_list/8 took 0.10715079307556152 seconds
2024-12-27 11:24:57,250 - application - DEBUG - after_request_time [__init__.py:44] - view (after_request): map
2024-12-27 11:24:57,251 - application - DEBUG - after_request_time [__init__.py:46] - template (after_request): lists/list.html.jinja
2024-12-27 11:24:57,256 - application - DEBUG - after_request_time [__init__.py:42] - Request to /show_list/10 took 0.133742094039917 seconds
2024-12-27 11:24:57,258 - application - DEBUG - after_request_time [__init__.py:44] - view (after_request): map
2024-12-27 11:24:57,259 - application - DEBUG - after_request_time [__init__.py:46] - template (after_request): lists/list.html.jinja
2024-12-27 11:24:57,263 - application - DEBUG - after_request_time [__init__.py:42] - Request to /show_list/20 took 0.11749887466430664 seconds
2024-12-27 11:24:57,269 - application - DEBUG - after_request_time [__init__.py:44] - view (after_request): map
2024-12-27 11:24:57,271 - application - DEBUG - after_request_time [__init__.py:42] - Request to /show_list/22 took 0.13888001441955566 seconds
2024-12-27 11:24:57,274 - application - DEBUG - after_request_time [__init__.py:46] - template (after_request): lists/list.html.jinja
2024-12-27 11:24:57,274 - application - DEBUG - after_request_time [__init__.py:44] - view (after_request): map
2024-12-27 11:24:57,279 - application - DEBUG - after_request_time [__init__.py:46] - template (after_request): lists/list.html.jinja
2024-12-27 11:24:57,283 - application - DEBUG - after_request_time [__init__.py:42] - Request to /show_list/12 took 0.14812684059143066 seconds
2024-12-27 11:24:57,286 - application - DEBUG - after_request_time [__init__.py:44] - view (after_request): map
2024-12-27 11:24:57,287 - application - DEBUG - after_request_time [__init__.py:46] - template (after_request): lists/list.html.jinja
2024-12-27 11:24:57,333 - application - DEBUG - after_request_time [__init__.py:42] - Request to /nav took 0.0016307830810546875 seconds
2024-12-27 11:24:57,333 - application - DEBUG - after_request_time [__init__.py:44] - view (after_request): map
2024-12-27 11:24:57,333 - application - DEBUG - after_request_time [__init__.py:46] - template (after_request): base/parts/nav/constructor.jinja
2024-12-27 11:24:57,999 - application - DEBUG - after_request_time [__init__.py:42] - Request to /nav took 0.0014390945434570312 seconds
2024-12-27 11:24:58,000 - application - DEBUG - after_request_time [__init__.py:44] - view (after_request): map
2024-12-27 11:24:58,000 - application - DEBUG - after_request_time [__init__.py:46] - template (after_request): base/parts/nav/constructor.jinja
2024-12-27 11:24:59,299 - application - DEBUG - after_request_time [__init__.py:42] - Request to /walkthrough/5 took 0.009003877639770508 seconds
2024-12-27 11:24:59,299 - application - DEBUG - after_request_time [__init__.py:44] - view (after_request): map
2024-12-27 11:24:59,299 - application - DEBUG - after_request_time [__init__.py:46] - template (after_request): None
2024-12-27 11:24:59,369 - application - DEBUG - after_request_time [__init__.py:42] - Request to /walkthrough/steps took 0.0051593780517578125 seconds
2024-12-27 11:24:59,369 - application - DEBUG - after_request_time [__init__.py:44] - view (after_request): room
2024-12-27 11:24:59,369 - application - DEBUG - after_request_time [__init__.py:46] - template (after_request): walkthrough/index.html.jinja
2024-12-27 11:24:59,512 - application - DEBUG - after_request_time [__init__.py:42] - Request to /static/js/bundle.js took 0.001374959945678711 seconds
2024-12-27 11:24:59,512 - application - DEBUG - after_request_time [__init__.py:44] - view (after_request): room
2024-12-27 11:24:59,513 - application - DEBUG - after_request_time [__init__.py:46] - template (after_request): None
2024-12-27 11:24:59,629 - application - DEBUG - after_request_time [__init__.py:42] - Request to /static/js/bundle.js.map took 0.0012500286102294922 seconds
2024-12-27 11:24:59,630 - application - DEBUG - after_request_time [__init__.py:44] - view (after_request): room
2024-12-27 11:24:59,630 - application - DEBUG - after_request_time [__init__.py:46] - template (after_request): None
2024-12-27 11:24:59,707 - application - DEBUG - after_request_time [__init__.py:42] - Request to /nav took 0.02646803855895996 seconds
2024-12-27 11:24:59,710 - application - DEBUG - after_request_time [__init__.py:42] - Request to /walkthrough/steps took 0.03682303428649902 seconds
2024-12-27 11:24:59,713 - application - DEBUG - after_request_time [__init__.py:42] - Request to /static/js/bundle.js.map took 0.005946159362792969 seconds
2024-12-27 11:24:59,714 - application - DEBUG - after_request_time [__init__.py:44] - view (after_request): room
2024-12-27 11:24:59,714 - application - DEBUG - after_request_time [__init__.py:44] - view (after_request): room
2024-12-27 11:24:59,715 - application - DEBUG - after_request_time [__init__.py:44] - view (after_request): room
2024-12-27 11:24:59,716 - application - DEBUG - after_request_time [__init__.py:46] - template (after_request): base/parts/nav/constructor.jinja
2024-12-27 11:24:59,716 - application - DEBUG - after_request_time [__init__.py:46] - template (after_request): walkthrough/parts/room.html.jinja
2024-12-27 11:24:59,717 - application - DEBUG - after_request_time [__init__.py:46] - template (after_request): None
2024-12-27 11:24:59,741 - application - DEBUG - after_request_time [__init__.py:42] - Request to /show_list/ took 0.06874823570251465 seconds
2024-12-27 11:24:59,742 - application - DEBUG - after_request_time [__init__.py:44] - view (after_request): room
2024-12-27 11:24:59,742 - application - DEBUG - after_request_time [__init__.py:46] - template (after_request): lists/list.html.jinja
2024-12-27 11:24:59,770 - application - DEBUG - after_request_time [__init__.py:42] - Request to /show_list/ took 0.08910989761352539 seconds
2024-12-27 11:24:59,771 - application - DEBUG - after_request_time [__init__.py:44] - view (after_request): room
2024-12-27 11:24:59,771 - application - DEBUG - after_request_time [__init__.py:46] - template (after_request): lists/list.html.jinja
2024-12-27 11:25:00,124 - application - DEBUG - after_request_time [__init__.py:42] - Request to /nav took 0.0016429424285888672 seconds
2024-12-27 11:25:00,124 - application - DEBUG - after_request_time [__init__.py:44] - view (after_request): room
2024-12-27 11:25:00,124 - application - DEBUG - after_request_time [__init__.py:46] - template (after_request): base/parts/nav/constructor.jinja
2024-12-27 11:25:00,206 - application - DEBUG - after_request_time [__init__.py:42] - Request to /nav took 0.00506591796875 seconds
2024-12-27 11:25:00,212 - application - DEBUG - after_request_time [__init__.py:44] - view (after_request): room
2024-12-27 11:25:00,209 - application - DEBUG - after_request_time [__init__.py:42] - Request to /tutorial/pingrid took 0.013576984405517578 seconds
2024-12-27 11:25:00,213 - application - DEBUG - after_request_time [__init__.py:46] - template (after_request): base/parts/nav/constructor.jinja
2024-12-27 11:25:00,214 - application - DEBUG - after_request_time [__init__.py:44] - view (after_request): room
2024-12-27 11:25:00,217 - application - DEBUG - after_request_time [__init__.py:46] - template (after_request): onboarding/modal/modal_roompingrid.jinja
2024-12-27 11:25:00,233 - application - DEBUG - after_request_time [__init__.py:42] - Request to /show_photo_entry/5 took 0.04288601875305176 seconds
2024-12-27 11:25:00,234 - application - DEBUG - after_request_time [__init__.py:44] - view (after_request): room
2024-12-27 11:25:00,235 - application - DEBUG - after_request_time [__init__.py:46] - template (after_request): lists/model/photo.html.jinja
2024-12-27 11:25:00,249 - application - DEBUG - after_request_time [__init__.py:42] - Request to /show_list/ took 0.056146860122680664 seconds
2024-12-27 11:25:00,249 - application - DEBUG - after_request_time [__init__.py:44] - view (after_request): room
2024-12-27 11:25:00,249 - application - DEBUG - after_request_time [__init__.py:46] - template (after_request): lists/list.html.jinja
2024-12-27 11:25:00,265 - application - DEBUG - after_request_time [__init__.py:42] - Request to /static/js/showModal.js took 0.0011551380157470703 seconds
2024-12-27 11:25:00,266 - application - DEBUG - after_request_time [__init__.py:44] - view (after_request): room
2024-12-27 11:25:00,266 - application - DEBUG - after_request_time [__init__.py:46] - template (after_request): None
2024-12-27 11:25:00,278 - application - DEBUG - after_request_time [__init__.py:42] - Request to /nav took 0.0019779205322265625 seconds
2024-12-27 11:25:00,278 - application - DEBUG - after_request_time [__init__.py:44] - view (after_request): room
2024-12-27 11:25:00,279 - application - DEBUG - after_request_time [__init__.py:46] - template (after_request): base/parts/nav/constructor.jinja
2024-12-27 11:25:00,299 - application - DEBUG - after_request_time [__init__.py:42] - Request to /static/defaults/generic_room.webp took 0.001194000244140625 seconds
2024-12-27 11:25:00,300 - application - DEBUG - after_request_time [__init__.py:44] - view (after_request): room
2024-12-27 11:25:00,302 - application - DEBUG - after_request_time [__init__.py:46] - template (after_request): None
2024-12-27 11:25:00,305 - application - DEBUG - after_request_time [__init__.py:42] - Request to /nav took 0.002434968948364258 seconds
2024-12-27 11:25:00,306 - application - DEBUG - after_request_time [__init__.py:44] - view (after_request): room
2024-12-27 11:25:00,306 - application - DEBUG - after_request_time [__init__.py:46] - template (after_request): base/parts/nav/constructor.jinja
2024-12-27 11:25:00,378 - application - DEBUG - after_request_time [__init__.py:42] - Request to /show_list/14 took 0.021013975143432617 seconds
2024-12-27 11:25:00,379 - application - DEBUG - after_request_time [__init__.py:44] - view (after_request): room
2024-12-27 11:25:00,379 - application - DEBUG - after_request_time [__init__.py:46] - template (after_request): lists/list.html.jinja
2024-12-27 11:25:00,432 - application - DEBUG - after_request_time [__init__.py:42] - Request to /nav took 0.0014581680297851562 seconds
2024-12-27 11:25:00,432 - application - DEBUG - after_request_time [__init__.py:44] - view (after_request): room
2024-12-27 11:25:00,432 - application - DEBUG - after_request_time [__init__.py:46] - template (after_request): base/parts/nav/constructor.jinja
2024-12-27 11:25:27,961 - application - DEBUG - after_request_time [__init__.py:42] - Request to /home/rooms/setup/1 took 0.028312206268310547 seconds
2024-12-27 11:25:27,961 - application - DEBUG - after_request_time [__init__.py:44] - view (after_request): create_rooms
2024-12-27 11:25:27,961 - application - DEBUG - after_request_time [__init__.py:46] - template (after_request): homes/create_rooms.html.jinja
2024-12-27 11:25:28,076 - application - DEBUG - after_request_time [__init__.py:42] - Request to /static/js/bundle.js took 0.0009160041809082031 seconds
2024-12-27 11:25:28,076 - application - DEBUG - after_request_time [__init__.py:44] - view (after_request): create_rooms
2024-12-27 11:25:28,077 - application - DEBUG - after_request_time [__init__.py:46] - template (after_request): None
2024-12-27 11:25:28,326 - application - DEBUG - after_request_time [__init__.py:42] - Request to /nav took 0.002795696258544922 seconds
2024-12-27 11:25:28,329 - application - DEBUG - after_request_time [__init__.py:42] - Request to /tutorial/create_rooms took 0.010005712509155273 seconds
2024-12-27 11:25:28,330 - application - DEBUG - after_request_time [__init__.py:44] - view (after_request): create_rooms
2024-12-27 11:25:28,332 - application - DEBUG - after_request_time [__init__.py:44] - view (after_request): create_rooms
2024-12-27 11:25:28,333 - application - DEBUG - after_request_time [__init__.py:46] - template (after_request): base/parts/nav/constructor.jinja
2024-12-27 11:25:28,334 - application - DEBUG - after_request_time [__init__.py:46] - template (after_request): onboarding/modal/modal_rooms.jinja
2024-12-27 11:25:28,349 - application - DEBUG - after_request_time [__init__.py:42] - Request to /show_list/ took 0.044416189193725586 seconds
2024-12-27 11:25:28,351 - application - DEBUG - after_request_time [__init__.py:44] - view (after_request): create_rooms
2024-12-27 11:25:28,352 - application - DEBUG - after_request_time [__init__.py:46] - template (after_request): lists/list.html.jinja
2024-12-27 11:25:28,375 - application - DEBUG - after_request_time [__init__.py:42] - Request to /static/js/showModal.js took 0.001895904541015625 seconds
2024-12-27 11:25:28,377 - application - DEBUG - after_request_time [__init__.py:42] - Request to /nav took 0.002954721450805664 seconds
2024-12-27 11:25:28,377 - application - DEBUG - after_request_time [__init__.py:44] - view (after_request): create_rooms
2024-12-27 11:25:28,378 - application - DEBUG - after_request_time [__init__.py:44] - view (after_request): create_rooms
2024-12-27 11:25:28,379 - application - DEBUG - after_request_time [__init__.py:46] - template (after_request): None
2024-12-27 11:25:28,392 - application - DEBUG - after_request_time [__init__.py:46] - template (after_request): base/parts/nav/constructor.jinja
2024-12-27 11:25:28,413 - application - DEBUG - after_request_time [__init__.py:42] - Request to /show_list/3 took 0.09766101837158203 seconds
2024-12-27 11:25:28,414 - application - DEBUG - after_request_time [__init__.py:44] - view (after_request): create_rooms
2024-12-27 11:25:28,416 - application - DEBUG - after_request_time [__init__.py:46] - template (after_request): lists/list.html.jinja
2024-12-27 11:25:28,427 - application - DEBUG - after_request_time [__init__.py:42] - Request to /nav took 0.0028429031372070312 seconds
2024-12-27 11:25:28,428 - application - DEBUG - after_request_time [__init__.py:44] - view (after_request): create_rooms
2024-12-27 11:25:28,429 - application - DEBUG - after_request_time [__init__.py:46] - template (after_request): base/parts/nav/constructor.jinja
2024-12-27 11:25:28,438 - application - DEBUG - after_request_time [__init__.py:42] - Request to /show_list/4 took 0.12868690490722656 seconds
2024-12-27 11:25:28,438 - application - DEBUG - after_request_time [__init__.py:44] - view (after_request): create_rooms
2024-12-27 11:25:28,438 - application - DEBUG - after_request_time [__init__.py:46] - template (after_request): lists/list.html.jinja
2024-12-27 11:25:28,461 - application - DEBUG - after_request_time [__init__.py:42] - Request to /nav took 0.001852273941040039 seconds
2024-12-27 11:25:28,462 - application - DEBUG - after_request_time [__init__.py:44] - view (after_request): create_rooms
2024-12-27 11:25:28,462 - application - DEBUG - after_request_time [__init__.py:46] - template (after_request): base/parts/nav/constructor.jinja
2024-12-27 11:25:28,499 - application - DEBUG - after_request_time [__init__.py:42] - Request to /show_photo_entry/7 took 0.03017592430114746 seconds
2024-12-27 11:25:28,501 - application - DEBUG - after_request_time [__init__.py:44] - view (after_request): create_rooms
2024-12-27 11:25:28,502 - application - DEBUG - after_request_time [__init__.py:46] - template (after_request): lists/model/photo.html.jinja
2024-12-27 11:25:28,503 - application - DEBUG - after_request_time [__init__.py:42] - Request to /show_photo_entry/1 took 0.035079240798950195 seconds
2024-12-27 11:25:28,504 - application - DEBUG - after_request_time [__init__.py:44] - view (after_request): create_rooms
2024-12-27 11:25:28,508 - application - DEBUG - after_request_time [__init__.py:42] - Request to /show_photo_entry/6 took 0.03327298164367676 seconds
2024-12-27 11:25:28,509 - application - DEBUG - after_request_time [__init__.py:46] - template (after_request): lists/model/photo.html.jinja
2024-12-27 11:25:28,510 - application - DEBUG - after_request_time [__init__.py:42] - Request to /show_photo_entry/5 took 0.03448915481567383 seconds
2024-12-27 11:25:28,511 - application - DEBUG - after_request_time [__init__.py:44] - view (after_request): create_rooms
2024-12-27 11:25:28,513 - application - DEBUG - after_request_time [__init__.py:44] - view (after_request): create_rooms
2024-12-27 11:25:28,514 - application - DEBUG - after_request_time [__init__.py:46] - template (after_request): lists/model/photo.html.jinja
2024-12-27 11:25:28,515 - application - DEBUG - after_request_time [__init__.py:42] - Request to /show_photo_entry/3 took 0.033101797103881836 seconds
2024-12-27 11:25:28,515 - application - DEBUG - after_request_time [__init__.py:46] - template (after_request): lists/model/photo.html.jinja
2024-12-27 11:25:28,516 - application - DEBUG - after_request_time [__init__.py:42] - Request to /show_photo_entry/9 took 0.027527332305908203 seconds
2024-12-27 11:25:28,518 - application - DEBUG - after_request_time [__init__.py:44] - view (after_request): create_rooms
2024-12-27 11:25:28,521 - application - DEBUG - after_request_time [__init__.py:44] - view (after_request): create_rooms
2024-12-27 11:25:28,522 - application - DEBUG - after_request_time [__init__.py:46] - template (after_request): lists/model/photo.html.jinja
2024-12-27 11:25:28,522 - application - DEBUG - after_request_time [__init__.py:46] - template (after_request): lists/model/photo.html.jinja
2024-12-27 11:25:28,546 - application - DEBUG - after_request_time [__init__.py:42] - Request to /nav took 0.0026810169219970703 seconds
2024-12-27 11:25:28,547 - application - DEBUG - after_request_time [__init__.py:44] - view (after_request): create_rooms
2024-12-27 11:25:28,548 - application - DEBUG - after_request_time [__init__.py:46] - template (after_request): base/parts/nav/constructor.jinja
2024-12-27 11:25:28,552 - application - DEBUG - after_request_time [__init__.py:42] - Request to /show_photo_entry/8 took 0.021044015884399414 seconds
2024-12-27 11:25:28,554 - application - DEBUG - after_request_time [__init__.py:44] - view (after_request): create_rooms
2024-12-27 11:25:28,556 - application - DEBUG - after_request_time [__init__.py:46] - template (after_request): lists/model/photo.html.jinja
2024-12-27 11:25:28,561 - application - DEBUG - after_request_time [__init__.py:42] - Request to /static/defaults/generic_room.webp took 0.0036411285400390625 seconds
2024-12-27 11:25:28,562 - application - DEBUG - after_request_time [__init__.py:44] - view (after_request): create_rooms
2024-12-27 11:25:28,563 - application - DEBUG - after_request_time [__init__.py:46] - template (after_request): None
2024-12-27 11:25:28,571 - application - DEBUG - after_request_time [__init__.py:42] - Request to /show_photo_entry/4 took 0.033795833587646484 seconds
2024-12-27 11:25:28,573 - application - DEBUG - after_request_time [__init__.py:44] - view (after_request): create_rooms
2024-12-27 11:25:28,574 - application - DEBUG - after_request_time [__init__.py:42] - Request to /show_photo_entry/2 took 0.02967095375061035 seconds
2024-12-27 11:25:28,575 - application - DEBUG - after_request_time [__init__.py:46] - template (after_request): lists/model/photo.html.jinja
2024-12-27 11:25:28,575 - application - DEBUG - after_request_time [__init__.py:44] - view (after_request): create_rooms
2024-12-27 11:25:28,577 - application - DEBUG - after_request_time [__init__.py:46] - template (after_request): lists/model/photo.html.jinja
2024-12-27 11:25:28,646 - application - DEBUG - after_request_time [__init__.py:42] - Request to /show_list/18 took 0.0867147445678711 seconds
2024-12-27 11:25:28,647 - application - DEBUG - after_request_time [__init__.py:44] - view (after_request): create_rooms
2024-12-27 11:25:28,649 - application - DEBUG - after_request_time [__init__.py:46] - template (after_request): lists/list.html.jinja
2024-12-27 11:25:28,661 - application - DEBUG - after_request_time [__init__.py:42] - Request to /show_list/16 took 0.0745701789855957 seconds
2024-12-27 11:25:28,662 - application - DEBUG - after_request_time [__init__.py:42] - Request to /show_list/6 took 0.08040189743041992 seconds
2024-12-27 11:25:28,663 - application - DEBUG - after_request_time [__init__.py:44] - view (after_request): create_rooms
2024-12-27 11:25:28,663 - application - DEBUG - after_request_time [__init__.py:44] - view (after_request): create_rooms
2024-12-27 11:25:28,664 - application - DEBUG - after_request_time [__init__.py:46] - template (after_request): lists/list.html.jinja
2024-12-27 11:25:28,665 - application - DEBUG - after_request_time [__init__.py:46] - template (after_request): lists/list.html.jinja
2024-12-27 11:25:28,670 - application - DEBUG - after_request_time [__init__.py:42] - Request to /show_list/14 took 0.08009696006774902 seconds
2024-12-27 11:25:28,671 - application - DEBUG - after_request_time [__init__.py:44] - view (after_request): create_rooms
2024-12-27 11:25:28,672 - application - DEBUG - after_request_time [__init__.py:46] - template (after_request): lists/list.html.jinja
2024-12-27 11:25:28,678 - application - DEBUG - after_request_time [__init__.py:42] - Request to /show_list/22 took 0.07221198081970215 seconds
2024-12-27 11:25:28,678 - application - DEBUG - after_request_time [__init__.py:44] - view (after_request): create_rooms
2024-12-27 11:25:28,679 - application - DEBUG - after_request_time [__init__.py:42] - Request to /show_list/10 took 0.07596111297607422 seconds
2024-12-27 11:25:28,679 - application - DEBUG - after_request_time [__init__.py:46] - template (after_request): lists/list.html.jinja
2024-12-27 11:25:28,679 - application - DEBUG - after_request_time [__init__.py:44] - view (after_request): create_rooms
2024-12-27 11:25:28,680 - application - DEBUG - after_request_time [__init__.py:46] - template (after_request): lists/list.html.jinja
2024-12-27 11:25:28,722 - application - DEBUG - after_request_time [__init__.py:42] - Request to /nav took 0.0027399063110351562 seconds
2024-12-27 11:25:28,722 - application - DEBUG - after_request_time [__init__.py:44] - view (after_request): create_rooms
2024-12-27 11:25:28,722 - application - DEBUG - after_request_time [__init__.py:46] - template (after_request): base/parts/nav/constructor.jinja
2024-12-27 11:25:28,735 - application - DEBUG - after_request_time [__init__.py:42] - Request to /static/defaults/generic_room.webp took 0.0009801387786865234 seconds
2024-12-27 11:25:28,736 - application - DEBUG - after_request_time [__init__.py:44] - view (after_request): create_rooms
2024-12-27 11:25:28,736 - application - DEBUG - after_request_time [__init__.py:46] - template (after_request): None
2024-12-27 11:25:28,849 - application - DEBUG - after_request_time [__init__.py:42] - Request to /nav took 0.0063860416412353516 seconds
2024-12-27 11:25:28,850 - application - DEBUG - after_request_time [__init__.py:44] - view (after_request): create_rooms
2024-12-27 11:25:28,851 - application - DEBUG - after_request_time [__init__.py:46] - template (after_request): base/parts/nav/constructor.jinja
2024-12-27 11:25:28,872 - application - DEBUG - after_request_time [__init__.py:42] - Request to /show_list/20 took 0.12644100189208984 seconds
2024-12-27 11:25:28,873 - application - DEBUG - after_request_time [__init__.py:44] - view (after_request): create_rooms
2024-12-27 11:25:28,874 - application - DEBUG - after_request_time [__init__.py:46] - template (after_request): lists/list.html.jinja
2024-12-27 11:25:28,882 - application - DEBUG - after_request_time [__init__.py:42] - Request to /show_list/12 took 0.12758302688598633 seconds
2024-12-27 11:25:28,882 - application - DEBUG - after_request_time [__init__.py:42] - Request to /show_list/8 took 0.05850696563720703 seconds
2024-12-27 11:25:28,882 - application - DEBUG - after_request_time [__init__.py:44] - view (after_request): create_rooms
2024-12-27 11:25:28,883 - application - DEBUG - after_request_time [__init__.py:44] - view (after_request): create_rooms
2024-12-27 11:25:28,883 - application - DEBUG - after_request_time [__init__.py:46] - template (after_request): lists/list.html.jinja
2024-12-27 11:25:28,883 - application - DEBUG - after_request_time [__init__.py:46] - template (after_request): lists/list.html.jinja
2024-12-27 11:25:28,927 - application - DEBUG - after_request_time [__init__.py:42] - Request to /nav took 0.0018889904022216797 seconds
2024-12-27 11:25:28,927 - application - DEBUG - after_request_time [__init__.py:44] - view (after_request): create_rooms
2024-12-27 11:25:28,928 - application - DEBUG - after_request_time [__init__.py:46] - template (after_request): base/parts/nav/constructor.jinja
2024-12-27 11:25:28,952 - application - DEBUG - after_request_time [__init__.py:42] - Request to /nav took 0.001123189926147461 seconds
2024-12-27 11:25:28,952 - application - DEBUG - after_request_time [__init__.py:44] - view (after_request): create_rooms
2024-12-27 11:25:28,952 - application - DEBUG - after_request_time [__init__.py:46] - template (after_request): base/parts/nav/constructor.jinja
2024-12-27 11:25:36,119 - application - DEBUG - after_request_time [__init__.py:42] - Request to /get_active_room_entry_id took 0.00525212287902832 seconds
2024-12-27 11:25:36,119 - application - DEBUG - after_request_time [__init__.py:44] - view (after_request): create_rooms
2024-12-27 11:25:36,120 - application - DEBUG - after_request_time [__init__.py:46] - template (after_request): None
2024-12-27 11:25:38,995 - application - DEBUG - after_request_time [__init__.py:42] - Request to /map/Floor/1 took 0.01706695556640625 seconds
2024-12-27 11:25:38,996 - application - DEBUG - after_request_time [__init__.py:44] - view (after_request): map
2024-12-27 11:25:38,996 - application - DEBUG - after_request_time [__init__.py:46] - template (after_request): map/index.html.jinja
2024-12-27 11:25:39,045 - application - DEBUG - after_request_time [__init__.py:42] - Request to /static/defaults/generic_room.webp took 0.000982046127319336 seconds
2024-12-27 11:25:39,046 - application - DEBUG - after_request_time [__init__.py:44] - view (after_request): map
2024-12-27 11:25:39,046 - application - DEBUG - after_request_time [__init__.py:46] - template (after_request): None
2024-12-27 11:25:39,161 - application - DEBUG - after_request_time [__init__.py:42] - Request to /nav took 0.003264904022216797 seconds
2024-12-27 11:25:39,162 - application - DEBUG - after_request_time [__init__.py:44] - view (after_request): map
2024-12-27 11:25:39,163 - application - DEBUG - after_request_time [__init__.py:46] - template (after_request): base/parts/nav/constructor.jinja
2024-12-27 11:25:39,170 - application - DEBUG - after_request_time [__init__.py:42] - Request to /show_list/ took 0.02858901023864746 seconds
2024-12-27 11:25:39,171 - application - DEBUG - after_request_time [__init__.py:44] - view (after_request): map
2024-12-27 11:25:39,171 - application - DEBUG - after_request_time [__init__.py:46] - template (after_request): lists/list.html.jinja
2024-12-27 11:25:39,197 - application - DEBUG - after_request_time [__init__.py:42] - Request to /nav took 0.001917123794555664 seconds
2024-12-27 11:25:39,198 - application - DEBUG - after_request_time [__init__.py:44] - view (after_request): map
2024-12-27 11:25:39,198 - application - DEBUG - after_request_time [__init__.py:46] - template (after_request): base/parts/nav/constructor.jinja
2024-12-27 11:25:39,233 - application - DEBUG - after_request_time [__init__.py:42] - Request to /show_list/ took 0.08332586288452148 seconds
2024-12-27 11:25:39,234 - application - DEBUG - after_request_time [__init__.py:44] - view (after_request): map
2024-12-27 11:25:39,235 - application - DEBUG - after_request_time [__init__.py:46] - template (after_request): lists/list.html.jinja
2024-12-27 11:25:39,266 - application - DEBUG - after_request_time [__init__.py:42] - Request to /nav took 0.0019161701202392578 seconds
2024-12-27 11:25:39,268 - application - DEBUG - after_request_time [__init__.py:44] - view (after_request): map
2024-12-27 11:25:39,270 - application - DEBUG - after_request_time [__init__.py:46] - template (after_request): base/parts/nav/constructor.jinja
2024-12-27 11:25:39,278 - application - DEBUG - after_request_time [__init__.py:42] - Request to /show_list/ took 0.12454795837402344 seconds
2024-12-27 11:25:39,278 - application - DEBUG - after_request_time [__init__.py:44] - view (after_request): map
2024-12-27 11:25:39,279 - application - DEBUG - after_request_time [__init__.py:46] - template (after_request): lists/list.html.jinja
2024-12-27 11:25:39,318 - application - DEBUG - after_request_time [__init__.py:42] - Request to /show_photo_entry/7 took 0.026694059371948242 seconds
2024-12-27 11:25:39,319 - application - DEBUG - after_request_time [__init__.py:44] - view (after_request): map
2024-12-27 11:25:39,321 - application - DEBUG - after_request_time [__init__.py:46] - template (after_request): lists/model/photo.html.jinja
2024-12-27 11:25:39,323 - application - DEBUG - after_request_time [__init__.py:42] - Request to /show_photo_entry/1 took 0.03306293487548828 seconds
2024-12-27 11:25:39,327 - application - DEBUG - after_request_time [__init__.py:44] - view (after_request): map
2024-12-27 11:25:39,328 - application - DEBUG - after_request_time [__init__.py:42] - Request to /show_photo_entry/6 took 0.031989097595214844 seconds
2024-12-27 11:25:39,329 - application - DEBUG - after_request_time [__init__.py:46] - template (after_request): lists/model/photo.html.jinja
2024-12-27 11:25:39,331 - application - DEBUG - after_request_time [__init__.py:44] - view (after_request): map
2024-12-27 11:25:39,331 - application - DEBUG - after_request_time [__init__.py:42] - Request to /show_photo_entry/5 took 0.02852606773376465 seconds
2024-12-27 11:25:39,334 - application - DEBUG - after_request_time [__init__.py:42] - Request to /show_photo_entry/3 took 0.030076026916503906 seconds
2024-12-27 11:25:39,335 - application - DEBUG - after_request_time [__init__.py:46] - template (after_request): lists/model/photo.html.jinja
2024-12-27 11:25:39,335 - application - DEBUG - after_request_time [__init__.py:44] - view (after_request): map
2024-12-27 11:25:39,336 - application - DEBUG - after_request_time [__init__.py:44] - view (after_request): map
2024-12-27 11:25:39,338 - application - DEBUG - after_request_time [__init__.py:46] - template (after_request): lists/model/photo.html.jinja
2024-12-27 11:25:39,340 - application - DEBUG - after_request_time [__init__.py:42] - Request to /show_photo_entry/9 took 0.025405406951904297 seconds
2024-12-27 11:25:39,340 - application - DEBUG - after_request_time [__init__.py:46] - template (after_request): lists/model/photo.html.jinja
2024-12-27 11:25:39,343 - application - DEBUG - after_request_time [__init__.py:44] - view (after_request): map
2024-12-27 11:25:39,347 - application - DEBUG - after_request_time [__init__.py:46] - template (after_request): lists/model/photo.html.jinja
2024-12-27 11:25:39,373 - application - DEBUG - after_request_time [__init__.py:42] - Request to /nav took 0.004037141799926758 seconds
2024-12-27 11:25:39,375 - application - DEBUG - after_request_time [__init__.py:44] - view (after_request): map
2024-12-27 11:25:39,376 - application - DEBUG - after_request_time [__init__.py:42] - Request to /static/defaults/generic_room.webp took 0.0023920536041259766 seconds
2024-12-27 11:25:39,377 - application - DEBUG - after_request_time [__init__.py:46] - template (after_request): base/parts/nav/constructor.jinja
2024-12-27 11:25:39,380 - application - DEBUG - after_request_time [__init__.py:42] - Request to /show_photo_entry/4 took 0.026525020599365234 seconds
2024-12-27 11:25:39,381 - application - DEBUG - after_request_time [__init__.py:44] - view (after_request): map
2024-12-27 11:25:39,384 - application - DEBUG - after_request_time [__init__.py:44] - view (after_request): map
2024-12-27 11:25:39,386 - application - DEBUG - after_request_time [__init__.py:46] - template (after_request): None
2024-12-27 11:25:39,387 - application - DEBUG - after_request_time [__init__.py:46] - template (after_request): lists/model/photo.html.jinja
2024-12-27 11:25:39,397 - application - DEBUG - after_request_time [__init__.py:42] - Request to /show_photo_entry/2 took 0.03401684761047363 seconds
2024-12-27 11:25:39,399 - application - DEBUG - after_request_time [__init__.py:42] - Request to /show_photo_entry/8 took 0.05498504638671875 seconds
2024-12-27 11:25:39,399 - application - DEBUG - after_request_time [__init__.py:44] - view (after_request): map
2024-12-27 11:25:39,400 - application - DEBUG - after_request_time [__init__.py:44] - view (after_request): map
2024-12-27 11:25:39,401 - application - DEBUG - after_request_time [__init__.py:46] - template (after_request): lists/model/photo.html.jinja
2024-12-27 11:25:39,401 - application - DEBUG - after_request_time [__init__.py:46] - template (after_request): lists/model/photo.html.jinja
2024-12-27 11:25:39,445 - application - DEBUG - after_request_time [__init__.py:42] - Request to /show_list/18 took 0.06390810012817383 seconds
2024-12-27 11:25:39,446 - application - DEBUG - after_request_time [__init__.py:44] - view (after_request): map
2024-12-27 11:25:39,447 - application - DEBUG - after_request_time [__init__.py:46] - template (after_request): lists/list.html.jinja
2024-12-27 11:25:39,491 - application - DEBUG - after_request_time [__init__.py:42] - Request to /show_list/10 took 0.06752705574035645 seconds
2024-12-27 11:25:39,492 - application - DEBUG - after_request_time [__init__.py:42] - Request to /show_list/16 took 0.07652592658996582 seconds
2024-12-27 11:25:39,493 - application - DEBUG - after_request_time [__init__.py:42] - Request to /show_list/6 took 0.08068084716796875 seconds
2024-12-27 11:25:39,494 - application - DEBUG - after_request_time [__init__.py:44] - view (after_request): map
2024-12-27 11:25:39,494 - application - DEBUG - after_request_time [__init__.py:42] - Request to /nav took 0.002368927001953125 seconds
2024-12-27 11:25:39,495 - application - DEBUG - after_request_time [__init__.py:42] - Request to /show_list/14 took 0.07513904571533203 seconds
2024-12-27 11:25:39,495 - application - DEBUG - after_request_time [__init__.py:44] - view (after_request): map
2024-12-27 11:25:39,496 - application - DEBUG - after_request_time [__init__.py:44] - view (after_request): map
2024-12-27 11:25:39,496 - application - DEBUG - after_request_time [__init__.py:46] - template (after_request): lists/list.html.jinja
2024-12-27 11:25:39,496 - application - DEBUG - after_request_time [__init__.py:44] - view (after_request): map
2024-12-27 11:25:39,497 - application - DEBUG - after_request_time [__init__.py:44] - view (after_request): map
2024-12-27 11:25:39,497 - application - DEBUG - after_request_time [__init__.py:42] - Request to /show_list/22 took 0.06639480590820312 seconds
2024-12-27 11:25:39,497 - application - DEBUG - after_request_time [__init__.py:46] - template (after_request): lists/list.html.jinja
2024-12-27 11:25:39,497 - application - DEBUG - after_request_time [__init__.py:46] - template (after_request): lists/list.html.jinja
2024-12-27 11:25:39,498 - application - DEBUG - after_request_time [__init__.py:46] - template (after_request): base/parts/nav/constructor.jinja
2024-12-27 11:25:39,499 - application - DEBUG - after_request_time [__init__.py:46] - template (after_request): lists/list.html.jinja
2024-12-27 11:25:39,499 - application - DEBUG - after_request_time [__init__.py:44] - view (after_request): map
2024-12-27 11:25:39,506 - application - DEBUG - after_request_time [__init__.py:46] - template (after_request): lists/list.html.jinja
2024-12-27 11:25:39,553 - application - DEBUG - after_request_time [__init__.py:42] - Request to /static/defaults/generic_room.webp took 0.0007309913635253906 seconds
2024-12-27 11:25:39,554 - application - DEBUG - after_request_time [__init__.py:44] - view (after_request): map
2024-12-27 11:25:39,554 - application - DEBUG - after_request_time [__init__.py:46] - template (after_request): None
2024-12-27 11:25:39,578 - application - DEBUG - after_request_time [__init__.py:42] - Request to /nav took 0.0017364025115966797 seconds
2024-12-27 11:25:39,579 - application - DEBUG - after_request_time [__init__.py:44] - view (after_request): map
2024-12-27 11:25:39,580 - application - DEBUG - after_request_time [__init__.py:46] - template (after_request): base/parts/nav/constructor.jinja
2024-12-27 11:25:39,601 - application - DEBUG - after_request_time [__init__.py:42] - Request to /nav took 0.0019450187683105469 seconds
2024-12-27 11:25:39,602 - application - DEBUG - after_request_time [__init__.py:44] - view (after_request): map
2024-12-27 11:25:39,603 - application - DEBUG - after_request_time [__init__.py:46] - template (after_request): base/parts/nav/constructor.jinja
2024-12-27 11:25:39,614 - application - DEBUG - after_request_time [__init__.py:42] - Request to /show_list/12 took 0.05208015441894531 seconds
2024-12-27 11:25:39,614 - application - DEBUG - after_request_time [__init__.py:44] - view (after_request): map
2024-12-27 11:25:39,615 - application - DEBUG - after_request_time [__init__.py:46] - template (after_request): lists/list.html.jinja
2024-12-27 11:25:39,619 - application - DEBUG - after_request_time [__init__.py:42] - Request to /show_list/8 took 0.05555987358093262 seconds
2024-12-27 11:25:39,620 - application - DEBUG - after_request_time [__init__.py:44] - view (after_request): map
2024-12-27 11:25:39,620 - application - DEBUG - after_request_time [__init__.py:46] - template (after_request): lists/list.html.jinja
2024-12-27 11:25:39,621 - application - DEBUG - after_request_time [__init__.py:42] - Request to /show_list/20 took 0.04802298545837402 seconds
2024-12-27 11:25:39,621 - application - DEBUG - after_request_time [__init__.py:44] - view (after_request): map
2024-12-27 11:25:39,622 - application - DEBUG - after_request_time [__init__.py:46] - template (after_request): lists/list.html.jinja
2024-12-27 11:25:39,665 - application - DEBUG - after_request_time [__init__.py:42] - Request to /nav took 0.001516103744506836 seconds
2024-12-27 11:25:39,666 - application - DEBUG - after_request_time [__init__.py:44] - view (after_request): map
2024-12-27 11:25:39,666 - application - DEBUG - after_request_time [__init__.py:46] - template (after_request): base/parts/nav/constructor.jinja
2024-12-27 11:25:39,688 - application - DEBUG - after_request_time [__init__.py:42] - Request to /nav took 0.0015499591827392578 seconds
2024-12-27 11:25:39,688 - application - DEBUG - after_request_time [__init__.py:44] - view (after_request): map
2024-12-27 11:25:39,688 - application - DEBUG - after_request_time [__init__.py:46] - template (after_request): base/parts/nav/constructor.jinja
2024-12-27 11:25:41,132 - application - DEBUG - after_request_time [__init__.py:42] - Request to /walkthrough/9 took 0.007648944854736328 seconds
2024-12-27 11:25:41,132 - application - DEBUG - after_request_time [__init__.py:44] - view (after_request): map
2024-12-27 11:25:41,132 - application - DEBUG - after_request_time [__init__.py:46] - template (after_request): None
2024-12-27 11:25:41,184 - application - DEBUG - after_request_time [__init__.py:42] - Request to /walkthrough/steps took 0.004252195358276367 seconds
2024-12-27 11:25:41,184 - application - DEBUG - after_request_time [__init__.py:44] - view (after_request): room
2024-12-27 11:25:41,184 - application - DEBUG - after_request_time [__init__.py:46] - template (after_request): walkthrough/index.html.jinja
2024-12-27 11:25:41,279 - application - DEBUG - after_request_time [__init__.py:42] - Request to /static/defaults/generic_room.webp took 0.0012488365173339844 seconds
2024-12-27 11:25:41,280 - application - DEBUG - after_request_time [__init__.py:44] - view (after_request): room
2024-12-27 11:25:41,280 - application - DEBUG - after_request_time [__init__.py:46] - template (after_request): None
2024-12-27 11:25:41,290 - application - DEBUG - after_request_time [__init__.py:42] - Request to /static/js/bundle.js took 0.0013551712036132812 seconds
2024-12-27 11:25:41,290 - application - DEBUG - after_request_time [__init__.py:44] - view (after_request): room
2024-12-27 11:25:41,290 - application - DEBUG - after_request_time [__init__.py:46] - template (after_request): None
2024-12-27 11:25:41,423 - application - DEBUG - after_request_time [__init__.py:42] - Request to /nav took 0.002819061279296875 seconds
2024-12-27 11:25:41,424 - application - DEBUG - after_request_time [__init__.py:44] - view (after_request): room
2024-12-27 11:25:41,425 - application - DEBUG - after_request_time [__init__.py:46] - template (after_request): base/parts/nav/constructor.jinja
2024-12-27 11:25:41,427 - application - DEBUG - after_request_time [__init__.py:42] - Request to /walkthrough/steps took 0.010514259338378906 seconds
2024-12-27 11:25:41,429 - application - DEBUG - after_request_time [__init__.py:44] - view (after_request): room
2024-12-27 11:25:41,430 - application - DEBUG - after_request_time [__init__.py:46] - template (after_request): walkthrough/parts/room.html.jinja
2024-12-27 11:25:41,434 - application - DEBUG - after_request_time [__init__.py:42] - Request to /show_list/ took 0.027553081512451172 seconds
2024-12-27 11:25:41,434 - application - DEBUG - after_request_time [__init__.py:44] - view (after_request): room
2024-12-27 11:25:41,436 - application - DEBUG - after_request_time [__init__.py:46] - template (after_request): lists/list.html.jinja
2024-12-27 11:25:41,457 - application - DEBUG - after_request_time [__init__.py:42] - Request to /show_list/ took 0.04262590408325195 seconds
2024-12-27 11:25:41,457 - application - DEBUG - after_request_time [__init__.py:44] - view (after_request): room
2024-12-27 11:25:41,457 - application - DEBUG - after_request_time [__init__.py:46] - template (after_request): lists/list.html.jinja
2024-12-27 11:25:41,463 - application - DEBUG - after_request_time [__init__.py:42] - Request to /nav took 0.0012900829315185547 seconds
2024-12-27 11:25:41,464 - application - DEBUG - after_request_time [__init__.py:44] - view (after_request): room
2024-12-27 11:25:41,464 - application - DEBUG - after_request_time [__init__.py:46] - template (after_request): base/parts/nav/constructor.jinja
2024-12-27 11:25:41,497 - application - DEBUG - after_request_time [__init__.py:42] - Request to /show_photo_entry/9 took 0.00619196891784668 seconds
2024-12-27 11:25:41,497 - application - DEBUG - after_request_time [__init__.py:44] - view (after_request): room
2024-12-27 11:25:41,497 - application - DEBUG - after_request_time [__init__.py:46] - template (after_request): lists/model/photo.html.jinja
2024-12-27 11:25:41,506 - application - DEBUG - after_request_time [__init__.py:42] - Request to /tutorial/pingrid took 0.002275705337524414 seconds
2024-12-27 11:25:41,509 - application - DEBUG - after_request_time [__init__.py:44] - view (after_request): room
2024-12-27 11:25:41,509 - application - DEBUG - after_request_time [__init__.py:46] - template (after_request): onboarding/modal/modal_roompingrid.jinja
2024-12-27 11:25:41,515 - application - DEBUG - after_request_time [__init__.py:42] - Request to /nav took 0.005154132843017578 seconds
2024-12-27 11:25:41,516 - application - DEBUG - after_request_time [__init__.py:44] - view (after_request): room
2024-12-27 11:25:41,516 - application - DEBUG - after_request_time [__init__.py:46] - template (after_request): base/parts/nav/constructor.jinja
2024-12-27 11:25:41,537 - application - DEBUG - after_request_time [__init__.py:42] - Request to /static/js/showModal.js took 0.0019290447235107422 seconds
2024-12-27 11:25:41,537 - application - DEBUG - after_request_time [__init__.py:44] - view (after_request): room
2024-12-27 11:25:41,538 - application - DEBUG - after_request_time [__init__.py:46] - template (after_request): None
2024-12-27 11:25:41,539 - application - DEBUG - after_request_time [__init__.py:42] - Request to /show_list/ took 0.03239011764526367 seconds
2024-12-27 11:25:41,540 - application - DEBUG - after_request_time [__init__.py:44] - view (after_request): room
2024-12-27 11:25:41,540 - application - DEBUG - after_request_time [__init__.py:46] - template (after_request): lists/list.html.jinja
2024-12-27 11:25:41,547 - application - DEBUG - after_request_time [__init__.py:42] - Request to /nav took 0.003178119659423828 seconds
2024-12-27 11:25:41,547 - application - DEBUG - after_request_time [__init__.py:44] - view (after_request): room
2024-12-27 11:25:41,547 - application - DEBUG - after_request_time [__init__.py:46] - template (after_request): base/parts/nav/constructor.jinja
2024-12-27 11:25:41,565 - application - DEBUG - after_request_time [__init__.py:42] - Request to /show_list/22 took 0.019253015518188477 seconds
2024-12-27 11:25:41,565 - application - DEBUG - after_request_time [__init__.py:44] - view (after_request): room
2024-12-27 11:25:41,566 - application - DEBUG - after_request_time [__init__.py:46] - template (after_request): lists/list.html.jinja
2024-12-27 11:25:41,572 - application - DEBUG - after_request_time [__init__.py:42] - Request to /nav took 0.0014240741729736328 seconds
2024-12-27 11:25:41,572 - application - DEBUG - after_request_time [__init__.py:44] - view (after_request): room
2024-12-27 11:25:41,572 - application - DEBUG - after_request_time [__init__.py:46] - template (after_request): base/parts/nav/constructor.jinja
2024-12-27 11:25:41,611 - application - DEBUG - after_request_time [__init__.py:42] - Request to /nav took 0.0019922256469726562 seconds
2024-12-27 11:25:41,611 - application - DEBUG - after_request_time [__init__.py:44] - view (after_request): room
2024-12-27 11:25:41,611 - application - DEBUG - after_request_time [__init__.py:46] - template (after_request): base/parts/nav/constructor.jinja
2024-12-27 11:25:47,285 - application - DEBUG - after_request_time [__init__.py:42] - Request to /walkthrough/steps took 0.007580995559692383 seconds
2024-12-27 11:25:47,285 - application - DEBUG - after_request_time [__init__.py:44] - view (after_request): photo
2024-12-27 11:25:47,285 - application - DEBUG - after_request_time [__init__.py:46] - template (after_request): walkthrough/parts/photo.html.jinja
2024-12-27 11:25:47,317 - application - DEBUG - after_request_time [__init__.py:42] - Request to /static/defaults/generic_room.webp took 0.0006818771362304688 seconds
2024-12-27 11:25:47,317 - application - DEBUG - after_request_time [__init__.py:44] - view (after_request): photo
2024-12-27 11:25:47,317 - application - DEBUG - after_request_time [__init__.py:46] - template (after_request): None
2024-12-27 11:25:47,349 - application - DEBUG - after_request_time [__init__.py:42] - Request to /nav took 0.002585887908935547 seconds
2024-12-27 11:25:47,350 - application - DEBUG - after_request_time [__init__.py:44] - view (after_request): photo
2024-12-27 11:25:47,350 - application - DEBUG - after_request_time [__init__.py:46] - template (after_request): base/parts/nav/constructor.jinja
2024-12-27 11:25:47,408 - application - DEBUG - after_request_time [__init__.py:42] - Request to /tutorial/photo took 0.008831024169921875 seconds
2024-12-27 11:25:47,409 - application - DEBUG - after_request_time [__init__.py:44] - view (after_request): photo
2024-12-27 11:25:47,411 - application - DEBUG - after_request_time [__init__.py:46] - template (after_request): onboarding/modal/modal_photo.jinja
2024-12-27 11:25:47,432 - application - DEBUG - after_request_time [__init__.py:42] - Request to /show_list/ took 0.03814387321472168 seconds
2024-12-27 11:25:47,435 - application - DEBUG - after_request_time [__init__.py:42] - Request to /show_list/ took 0.031096220016479492 seconds
2024-12-27 11:25:47,435 - application - DEBUG - after_request_time [__init__.py:44] - view (after_request): photo
2024-12-27 11:25:47,437 - application - DEBUG - after_request_time [__init__.py:42] - Request to /static/js/showModal.js took 0.004984140396118164 seconds
2024-12-27 11:25:47,438 - application - DEBUG - after_request_time [__init__.py:42] - Request to /nav took 0.002596139907836914 seconds
2024-12-27 11:25:47,438 - application - DEBUG - after_request_time [__init__.py:44] - view (after_request): photo
2024-12-27 11:25:47,438 - application - DEBUG - after_request_time [__init__.py:46] - template (after_request): lists/list.html.jinja
2024-12-27 11:25:47,438 - application - DEBUG - after_request_time [__init__.py:44] - view (after_request): photo
2024-12-27 11:25:47,439 - application - DEBUG - after_request_time [__init__.py:44] - view (after_request): photo
2024-12-27 11:25:47,439 - application - DEBUG - after_request_time [__init__.py:46] - template (after_request): lists/list.html.jinja
2024-12-27 11:25:47,440 - application - DEBUG - after_request_time [__init__.py:46] - template (after_request): None
2024-12-27 11:25:47,440 - application - DEBUG - after_request_time [__init__.py:46] - template (after_request): base/parts/nav/constructor.jinja
2024-12-27 11:25:47,475 - application - DEBUG - after_request_time [__init__.py:42] - Request to /static/defaults/generic_room.webp took 0.002527952194213867 seconds
2024-12-27 11:25:47,476 - application - DEBUG - after_request_time [__init__.py:44] - view (after_request): photo
2024-12-27 11:25:47,476 - application - DEBUG - after_request_time [__init__.py:42] - Request to /nav took 0.002672910690307617 seconds
2024-12-27 11:25:47,476 - application - DEBUG - after_request_time [__init__.py:46] - template (after_request): None
2024-12-27 11:25:47,477 - application - DEBUG - after_request_time [__init__.py:44] - view (after_request): photo
2024-12-27 11:25:47,478 - application - DEBUG - after_request_time [__init__.py:46] - template (after_request): base/parts/nav/constructor.jinja
2024-12-27 11:25:47,521 - application - DEBUG - after_request_time [__init__.py:42] - Request to /show_list/22 took 0.023530006408691406 seconds
2024-12-27 11:25:47,521 - application - DEBUG - after_request_time [__init__.py:44] - view (after_request): photo
2024-12-27 11:25:47,522 - application - DEBUG - after_request_time [__init__.py:46] - template (after_request): lists/list.html.jinja
2024-12-27 11:25:47,526 - application - DEBUG - after_request_time [__init__.py:42] - Request to /show_list/22 took 0.021831035614013672 seconds
2024-12-27 11:25:47,526 - application - DEBUG - after_request_time [__init__.py:44] - view (after_request): photo
2024-12-27 11:25:47,527 - application - DEBUG - after_request_time [__init__.py:46] - template (after_request): lists/list.html.jinja
2024-12-27 11:25:47,534 - application - DEBUG - after_request_time [__init__.py:42] - Request to /nav took 0.0014579296112060547 seconds
2024-12-27 11:25:47,534 - application - DEBUG - after_request_time [__init__.py:44] - view (after_request): photo
2024-12-27 11:25:47,534 - application - DEBUG - after_request_time [__init__.py:46] - template (after_request): base/parts/nav/constructor.jinja
2024-12-27 11:25:47,629 - application - DEBUG - after_request_time [__init__.py:42] - Request to /nav took 0.0016798973083496094 seconds
2024-12-27 11:25:47,629 - application - DEBUG - after_request_time [__init__.py:44] - view (after_request): photo
2024-12-27 11:25:47,629 - application - DEBUG - after_request_time [__init__.py:46] - template (after_request): base/parts/nav/constructor.jinja
2024-12-27 11:25:47,683 - application - DEBUG - after_request_time [__init__.py:42] - Request to /nav took 0.0018258094787597656 seconds
2024-12-27 11:25:47,683 - application - DEBUG - after_request_time [__init__.py:44] - view (after_request): photo
2024-12-27 11:25:47,683 - application - DEBUG - after_request_time [__init__.py:46] - template (after_request): base/parts/nav/constructor.jinja
