2024-12-24 13:07:21,589 - logs.logging_config - DEBUG - configure_logging [logging_config.py:178] - Application logging configured
2024-12-24 13:07:21,590 - logs.logging_config - INFO - configure_logging [logging_config.py:187] - Application started in production environment
2024-12-24 13:07:21,591 - application - DEBUG - create_app [__init__.py:28] - test2
2024-12-24 13:07:22,689 - application - DEBUG - after_request_time [__init__.py:42] - Request to / took 0.018906116485595703 seconds
2024-12-24 13:07:22,690 - application - DEBUG - after_request_time [__init__.py:44] - view (after_request): room
2024-12-24 13:07:22,690 - application - DEBUG - after_request_time [__init__.py:46] - template (after_request): None
2024-12-24 13:07:22,911 - application - DEBUG - after_request_time [__init__.py:42] - Request to /map/ took 0.17224812507629395 seconds
2024-12-24 13:07:22,911 - application - DEBUG - after_request_time [__init__.py:44] - view (after_request): map
2024-12-24 13:07:22,911 - application - DEBUG - after_request_time [__init__.py:46] - template (after_request): map/index.html.jinja
2024-12-24 13:07:23,010 - application - DEBUG - after_request_time [__init__.py:42] - Request to /static/js/bundle.js took 0.009006023406982422 seconds
2024-12-24 13:07:23,011 - application - DEBUG - after_request_time [__init__.py:44] - view (after_request): map
2024-12-24 13:07:23,012 - application - DEBUG - after_request_time [__init__.py:46] - template (after_request): None
2024-12-24 13:07:23,509 - application - DEBUG - after_request_time [__init__.py:42] - Request to /show_list/ took 0.2985270023345947 seconds
2024-12-24 13:07:23,509 - application - DEBUG - after_request_time [__init__.py:44] - view (after_request): map
2024-12-24 13:07:23,543 - application - DEBUG - after_request_time [__init__.py:46] - template (after_request): lists/list.html.jinja
2024-12-24 13:07:23,644 - application - DEBUG - after_request_time [__init__.py:42] - Request to /show_list/ took 0.42665815353393555 seconds
2024-12-24 13:07:23,661 - application - DEBUG - after_request_time [__init__.py:44] - view (after_request): map
2024-12-24 13:07:23,662 - application - DEBUG - after_request_time [__init__.py:46] - template (after_request): lists/list.html.jinja
2024-12-24 13:07:23,846 - application - DEBUG - after_request_time [__init__.py:42] - Request to /show_list/ took 0.6197669506072998 seconds
2024-12-24 13:07:23,847 - application - DEBUG - after_request_time [__init__.py:42] - Request to /show_photo_entry/1 took 0.0948491096496582 seconds
2024-12-24 13:07:23,847 - application - DEBUG - after_request_time [__init__.py:44] - view (after_request): map
2024-12-24 13:07:23,847 - application - DEBUG - after_request_time [__init__.py:44] - view (after_request): map
2024-12-24 13:07:23,847 - application - DEBUG - after_request_time [__init__.py:46] - template (after_request): lists/list.html.jinja
2024-12-24 13:07:23,848 - application - DEBUG - after_request_time [__init__.py:46] - template (after_request): lists/model/photo.html.jinja
2024-12-24 13:07:23,893 - application - DEBUG - after_request_time [__init__.py:42] - Request to /static/defaults/generic_room.webp took 0.001810312271118164 seconds
2024-12-24 13:07:23,893 - application - DEBUG - after_request_time [__init__.py:44] - view (after_request): map
2024-12-24 13:07:23,894 - application - DEBUG - after_request_time [__init__.py:46] - template (after_request): None
2024-12-24 13:07:23,982 - application - DEBUG - after_request_time [__init__.py:42] - Request to /show_list/7 took 0.050631046295166016 seconds
2024-12-24 13:07:23,983 - application - DEBUG - after_request_time [__init__.py:44] - view (after_request): map
2024-12-24 13:07:23,983 - application - DEBUG - after_request_time [__init__.py:46] - template (after_request): lists/list.html.jinja
2024-12-24 13:07:26,541 - application - DEBUG - after_request_time [__init__.py:42] - Request to /map/ took 0.03723001480102539 seconds
2024-12-24 13:07:26,541 - application - DEBUG - after_request_time [__init__.py:44] - view (after_request): map
2024-12-24 13:07:26,542 - application - DEBUG - after_request_time [__init__.py:46] - template (after_request): map/index.html.jinja
2024-12-24 13:07:26,589 - application - DEBUG - after_request_time [__init__.py:42] - Request to /static/js/bundle.js took 0.0013780593872070312 seconds
2024-12-24 13:07:26,593 - application - DEBUG - after_request_time [__init__.py:44] - view (after_request): map
2024-12-24 13:07:26,593 - application - DEBUG - after_request_time [__init__.py:46] - template (after_request): None
2024-12-24 13:07:26,777 - application - DEBUG - after_request_time [__init__.py:42] - Request to /show_list/ took 0.04126405715942383 seconds
2024-12-24 13:07:26,778 - application - DEBUG - after_request_time [__init__.py:44] - view (after_request): map
2024-12-24 13:07:26,779 - application - DEBUG - after_request_time [__init__.py:46] - template (after_request): lists/list.html.jinja
2024-12-24 13:07:26,787 - application - DEBUG - after_request_time [__init__.py:42] - Request to /show_list/ took 0.055433034896850586 seconds
2024-12-24 13:07:26,788 - application - DEBUG - after_request_time [__init__.py:44] - view (after_request): map
2024-12-24 13:07:26,794 - application - DEBUG - after_request_time [__init__.py:46] - template (after_request): lists/list.html.jinja
2024-12-24 13:07:26,830 - application - DEBUG - after_request_time [__init__.py:42] - Request to /show_list/ took 0.09239602088928223 seconds
2024-12-24 13:07:26,831 - application - DEBUG - after_request_time [__init__.py:44] - view (after_request): map
2024-12-24 13:07:26,831 - application - DEBUG - after_request_time [__init__.py:46] - template (after_request): lists/list.html.jinja
2024-12-24 13:07:26,918 - application - DEBUG - after_request_time [__init__.py:42] - Request to /show_photo_entry/1 took 0.011505842208862305 seconds
2024-12-24 13:07:26,919 - application - DEBUG - after_request_time [__init__.py:44] - view (after_request): map
2024-12-24 13:07:26,920 - application - DEBUG - after_request_time [__init__.py:46] - template (after_request): lists/model/photo.html.jinja
2024-12-24 13:07:26,949 - application - DEBUG - after_request_time [__init__.py:42] - Request to /static/defaults/generic_room.webp took 0.0013289451599121094 seconds
2024-12-24 13:07:26,949 - application - DEBUG - after_request_time [__init__.py:44] - view (after_request): map
2024-12-24 13:07:26,949 - application - DEBUG - after_request_time [__init__.py:46] - template (after_request): None
2024-12-24 13:07:26,987 - application - DEBUG - after_request_time [__init__.py:42] - Request to /show_list/7 took 0.01733875274658203 seconds
2024-12-24 13:07:26,987 - application - DEBUG - after_request_time [__init__.py:44] - view (after_request): map
2024-12-24 13:07:26,988 - application - DEBUG - after_request_time [__init__.py:46] - template (after_request): lists/list.html.jinja
2024-12-24 13:07:29,941 - application - DEBUG - after_request_time [__init__.py:42] - Request to /static/js/bundle.js.map took 0.001165151596069336 seconds
2024-12-24 13:07:29,942 - application - DEBUG - after_request_time [__init__.py:44] - view (after_request): map
2024-12-24 13:07:29,942 - application - DEBUG - after_request_time [__init__.py:46] - template (after_request): None
2024-12-24 13:07:33,770 - application - DEBUG - after_request_time [__init__.py:42] - Request to /map/ took 0.04479503631591797 seconds
2024-12-24 13:07:33,770 - application - DEBUG - after_request_time [__init__.py:44] - view (after_request): map
2024-12-24 13:07:33,770 - application - DEBUG - after_request_time [__init__.py:46] - template (after_request): map/index.html.jinja
2024-12-24 13:07:33,881 - application - DEBUG - after_request_time [__init__.py:42] - Request to /static/js/bundle.js took 0.0013461112976074219 seconds
2024-12-24 13:07:33,882 - application - DEBUG - after_request_time [__init__.py:44] - view (after_request): map
2024-12-24 13:07:33,882 - application - DEBUG - after_request_time [__init__.py:46] - template (after_request): None
2024-12-24 13:07:34,101 - application - DEBUG - after_request_time [__init__.py:42] - Request to /static/js/bundle.js.map took 0.0011451244354248047 seconds
2024-12-24 13:07:34,101 - application - DEBUG - after_request_time [__init__.py:44] - view (after_request): map
2024-12-24 13:07:34,101 - application - DEBUG - after_request_time [__init__.py:46] - template (after_request): None
2024-12-24 13:07:34,237 - application - DEBUG - after_request_time [__init__.py:42] - Request to /show_list/ took 0.061383962631225586 seconds
2024-12-24 13:07:34,240 - application - DEBUG - after_request_time [__init__.py:44] - view (after_request): map
2024-12-24 13:07:34,240 - application - DEBUG - after_request_time [__init__.py:46] - template (after_request): lists/list.html.jinja
2024-12-24 13:07:34,260 - application - DEBUG - after_request_time [__init__.py:42] - Request to /show_list/ took 0.08772397041320801 seconds
2024-12-24 13:07:34,261 - application - DEBUG - after_request_time [__init__.py:44] - view (after_request): map
2024-12-24 13:07:34,261 - application - DEBUG - after_request_time [__init__.py:46] - template (after_request): lists/list.html.jinja
2024-12-24 13:07:34,320 - application - DEBUG - after_request_time [__init__.py:42] - Request to /show_list/ took 0.1410210132598877 seconds
2024-12-24 13:07:34,320 - application - DEBUG - after_request_time [__init__.py:44] - view (after_request): map
2024-12-24 13:07:34,321 - application - DEBUG - after_request_time [__init__.py:46] - template (after_request): lists/list.html.jinja
2024-12-24 13:07:34,349 - application - DEBUG - after_request_time [__init__.py:42] - Request to /show_photo_entry/1 took 0.010926961898803711 seconds
2024-12-24 13:07:34,349 - application - DEBUG - after_request_time [__init__.py:44] - view (after_request): map
2024-12-24 13:07:34,350 - application - DEBUG - after_request_time [__init__.py:46] - template (after_request): lists/model/photo.html.jinja
2024-12-24 13:07:34,411 - application - DEBUG - after_request_time [__init__.py:42] - Request to /static/defaults/generic_room.webp took 0.0013670921325683594 seconds
2024-12-24 13:07:34,411 - application - DEBUG - after_request_time [__init__.py:44] - view (after_request): map
2024-12-24 13:07:34,411 - application - DEBUG - after_request_time [__init__.py:46] - template (after_request): None
2024-12-24 13:07:34,458 - application - DEBUG - after_request_time [__init__.py:42] - Request to /show_list/7 took 0.020819902420043945 seconds
2024-12-24 13:07:34,459 - application - DEBUG - after_request_time [__init__.py:44] - view (after_request): map
2024-12-24 13:07:34,459 - application - DEBUG - after_request_time [__init__.py:46] - template (after_request): lists/list.html.jinja
2024-12-24 13:09:07,704 - application - DEBUG - after_request_time [__init__.py:42] - Request to /map/ took 0.03529500961303711 seconds
2024-12-24 13:09:07,705 - application - DEBUG - after_request_time [__init__.py:44] - view (after_request): map
2024-12-24 13:09:07,705 - application - DEBUG - after_request_time [__init__.py:46] - template (after_request): map/index.html.jinja
2024-12-24 13:09:08,016 - application - DEBUG - after_request_time [__init__.py:42] - Request to /static/js/bundle.js took 0.0021729469299316406 seconds
2024-12-24 13:09:08,017 - application - DEBUG - after_request_time [__init__.py:44] - view (after_request): map
2024-12-24 13:09:08,017 - application - DEBUG - after_request_time [__init__.py:46] - template (after_request): None
2024-12-24 13:09:08,375 - application - DEBUG - after_request_time [__init__.py:42] - Request to /show_list/ took 0.05370688438415527 seconds
2024-12-24 13:09:08,378 - application - DEBUG - after_request_time [__init__.py:44] - view (after_request): map
2024-12-24 13:09:08,380 - application - DEBUG - after_request_time [__init__.py:46] - template (after_request): lists/list.html.jinja
2024-12-24 13:09:08,385 - application - DEBUG - after_request_time [__init__.py:42] - Request to /static/js/bundle.js.map took 0.002758026123046875 seconds
2024-12-24 13:09:08,386 - application - DEBUG - after_request_time [__init__.py:44] - view (after_request): map
2024-12-24 13:09:08,386 - application - DEBUG - after_request_time [__init__.py:46] - template (after_request): None
2024-12-24 13:09:08,399 - application - DEBUG - after_request_time [__init__.py:42] - Request to /show_list/ took 0.07855415344238281 seconds
2024-12-24 13:09:08,407 - application - DEBUG - after_request_time [__init__.py:44] - view (after_request): map
2024-12-24 13:09:08,407 - application - DEBUG - after_request_time [__init__.py:46] - template (after_request): lists/list.html.jinja
2024-12-24 13:09:08,463 - application - DEBUG - after_request_time [__init__.py:42] - Request to /show_list/ took 0.13601899147033691 seconds
2024-12-24 13:09:08,463 - application - DEBUG - after_request_time [__init__.py:44] - view (after_request): map
2024-12-24 13:09:08,464 - application - DEBUG - after_request_time [__init__.py:46] - template (after_request): lists/list.html.jinja
2024-12-24 13:09:08,638 - application - DEBUG - after_request_time [__init__.py:42] - Request to /show_photo_entry/1 took 0.012737751007080078 seconds
2024-12-24 13:09:08,639 - application - DEBUG - after_request_time [__init__.py:44] - view (after_request): map
2024-12-24 13:09:08,639 - application - DEBUG - after_request_time [__init__.py:46] - template (after_request): lists/model/photo.html.jinja
2024-12-24 13:09:08,722 - application - DEBUG - after_request_time [__init__.py:42] - Request to /static/defaults/generic_room.webp took 0.003070831298828125 seconds
2024-12-24 13:09:08,724 - application - DEBUG - after_request_time [__init__.py:44] - view (after_request): map
2024-12-24 13:09:08,726 - application - DEBUG - after_request_time [__init__.py:46] - template (after_request): None
2024-12-24 13:09:08,759 - application - DEBUG - after_request_time [__init__.py:42] - Request to /show_list/7 took 0.039147138595581055 seconds
2024-12-24 13:09:08,759 - application - DEBUG - after_request_time [__init__.py:44] - view (after_request): map
2024-12-24 13:09:08,760 - application - DEBUG - after_request_time [__init__.py:46] - template (after_request): lists/list.html.jinja
2024-12-24 13:09:12,048 - application - DEBUG - after_request_time [__init__.py:42] - Request to /map/ took 0.037766218185424805 seconds
2024-12-24 13:09:12,048 - application - DEBUG - after_request_time [__init__.py:44] - view (after_request): map
2024-12-24 13:09:12,048 - application - DEBUG - after_request_time [__init__.py:46] - template (after_request): map/index.html.jinja
2024-12-24 13:09:12,136 - application - DEBUG - after_request_time [__init__.py:42] - Request to /static/js/bundle.js took 0.0012819766998291016 seconds
2024-12-24 13:09:12,137 - application - DEBUG - after_request_time [__init__.py:44] - view (after_request): map
2024-12-24 13:09:12,137 - application - DEBUG - after_request_time [__init__.py:46] - template (after_request): None
2024-12-24 13:09:12,399 - application - DEBUG - after_request_time [__init__.py:42] - Request to /static/js/bundle.js.map took 0.013010025024414062 seconds
2024-12-24 13:09:12,400 - application - DEBUG - after_request_time [__init__.py:44] - view (after_request): map
2024-12-24 13:09:12,401 - application - DEBUG - after_request_time [__init__.py:42] - Request to /show_list/ took 0.06804919242858887 seconds
2024-12-24 13:09:12,402 - application - DEBUG - after_request_time [__init__.py:46] - template (after_request): None
2024-12-24 13:09:12,403 - application - DEBUG - after_request_time [__init__.py:44] - view (after_request): map
2024-12-24 13:09:12,412 - application - DEBUG - after_request_time [__init__.py:46] - template (after_request): lists/list.html.jinja
2024-12-24 13:09:12,422 - application - DEBUG - after_request_time [__init__.py:42] - Request to /show_list/ took 0.09314203262329102 seconds
2024-12-24 13:09:12,431 - application - DEBUG - after_request_time [__init__.py:44] - view (after_request): map
2024-12-24 13:09:12,434 - application - DEBUG - after_request_time [__init__.py:46] - template (after_request): lists/list.html.jinja
2024-12-24 13:09:12,491 - application - DEBUG - after_request_time [__init__.py:42] - Request to /show_list/ took 0.1472020149230957 seconds
2024-12-24 13:09:12,492 - application - DEBUG - after_request_time [__init__.py:44] - view (after_request): map
2024-12-24 13:09:12,493 - application - DEBUG - after_request_time [__init__.py:46] - template (after_request): lists/list.html.jinja
2024-12-24 13:09:12,678 - application - DEBUG - after_request_time [__init__.py:42] - Request to /show_photo_entry/1 took 0.01901412010192871 seconds
2024-12-24 13:09:12,679 - application - DEBUG - after_request_time [__init__.py:44] - view (after_request): map
2024-12-24 13:09:12,679 - application - DEBUG - after_request_time [__init__.py:46] - template (after_request): lists/model/photo.html.jinja
2024-12-24 13:09:12,739 - application - DEBUG - after_request_time [__init__.py:42] - Request to /static/defaults/generic_room.webp took 0.001538991928100586 seconds
2024-12-24 13:09:12,740 - application - DEBUG - after_request_time [__init__.py:44] - view (after_request): map
2024-12-24 13:09:12,740 - application - DEBUG - after_request_time [__init__.py:46] - template (after_request): None
2024-12-24 13:09:12,769 - application - DEBUG - after_request_time [__init__.py:42] - Request to /show_list/7 took 0.01679682731628418 seconds
2024-12-24 13:09:12,770 - application - DEBUG - after_request_time [__init__.py:44] - view (after_request): map
2024-12-24 13:09:12,770 - application - DEBUG - after_request_time [__init__.py:46] - template (after_request): lists/list.html.jinja
2024-12-24 13:09:17,841 - application - DEBUG - after_request_time [__init__.py:42] - Request to /walkthrough/1 took 0.007985115051269531 seconds
2024-12-24 13:09:17,841 - application - DEBUG - after_request_time [__init__.py:44] - view (after_request): None
2024-12-24 13:09:17,842 - application - DEBUG - after_request_time [__init__.py:46] - template (after_request): None
2024-12-24 13:09:17,868 - application - DEBUG - after_request_time [__init__.py:42] - Request to /walkthrough/steps took 0.0059850215911865234 seconds
2024-12-24 13:09:17,868 - application - DEBUG - after_request_time [__init__.py:44] - view (after_request): None
2024-12-24 13:09:17,868 - application - DEBUG - after_request_time [__init__.py:46] - template (after_request): walkthrough/index.html.jinja
2024-12-24 13:09:17,990 - application - DEBUG - after_request_time [__init__.py:42] - Request to /static/js/bundle.js took 0.0013310909271240234 seconds
2024-12-24 13:09:17,990 - application - DEBUG - after_request_time [__init__.py:44] - view (after_request): None
2024-12-24 13:09:17,991 - application - DEBUG - after_request_time [__init__.py:46] - template (after_request): None
2024-12-24 13:09:18,244 - application - DEBUG - after_request_time [__init__.py:42] - Request to /walkthrough/steps took 0.0579829216003418 seconds
2024-12-24 13:09:18,245 - application - DEBUG - after_request_time [__init__.py:44] - view (after_request): None
2024-12-24 13:09:18,245 - application - DEBUG - after_request_time [__init__.py:46] - template (after_request): walkthrough/parts/room.html.jinja
2024-12-24 13:09:18,258 - application - DEBUG - after_request_time [__init__.py:42] - Request to /static/js/bundle.js.map took 0.004533052444458008 seconds
2024-12-24 13:09:18,258 - application - DEBUG - after_request_time [__init__.py:44] - view (after_request): None
2024-12-24 13:09:18,259 - application - DEBUG - after_request_time [__init__.py:46] - template (after_request): None
2024-12-24 13:09:18,280 - application - DEBUG - after_request_time [__init__.py:42] - Request to /show_list/ took 0.0922849178314209 seconds
2024-12-24 13:09:18,289 - application - DEBUG - after_request_time [__init__.py:44] - view (after_request): None
2024-12-24 13:09:18,296 - application - DEBUG - after_request_time [__init__.py:46] - template (after_request): lists/list.html.jinja
2024-12-24 13:09:18,295 - application - DEBUG - after_request_time [__init__.py:42] - Request to /show_list/ took 0.11053276062011719 seconds
2024-12-24 13:09:18,299 - application - DEBUG - after_request_time [__init__.py:44] - view (after_request): None
2024-12-24 13:09:18,302 - application - DEBUG - after_request_time [__init__.py:46] - template (after_request): lists/list.html.jinja
2024-12-24 13:09:18,527 - application - DEBUG - after_request_time [__init__.py:42] - Request to /tutorial/pingrid took 0.009934663772583008 seconds
2024-12-24 13:09:18,528 - application - DEBUG - after_request_time [__init__.py:44] - view (after_request): None
2024-12-24 13:09:18,529 - application - DEBUG - after_request_time [__init__.py:46] - template (after_request): onboarding/modal/modal_roompingrid.jinja
2024-12-24 13:09:18,543 - application - DEBUG - after_request_time [__init__.py:42] - Request to /show_photo_entry/1 took 0.051319122314453125 seconds
2024-12-24 13:09:18,544 - application - DEBUG - after_request_time [__init__.py:44] - view (after_request): None
2024-12-24 13:09:18,546 - application - DEBUG - after_request_time [__init__.py:46] - template (after_request): lists/model/photo.html.jinja
2024-12-24 13:09:18,570 - application - DEBUG - after_request_time [__init__.py:42] - Request to /show_list/ took 0.06885099411010742 seconds
2024-12-24 13:09:18,571 - application - DEBUG - after_request_time [__init__.py:44] - view (after_request): None
2024-12-24 13:09:18,571 - application - DEBUG - after_request_time [__init__.py:46] - template (after_request): lists/list.html.jinja
2024-12-24 13:09:18,610 - application - DEBUG - after_request_time [__init__.py:42] - Request to /static/defaults/generic_room.webp took 0.0015642642974853516 seconds
2024-12-24 13:09:18,610 - application - DEBUG - after_request_time [__init__.py:44] - view (after_request): None
2024-12-24 13:09:18,611 - application - DEBUG - after_request_time [__init__.py:46] - template (after_request): None
2024-12-24 13:09:18,689 - application - DEBUG - after_request_time [__init__.py:42] - Request to /show_list/7 took 0.019196033477783203 seconds
2024-12-24 13:09:18,690 - application - DEBUG - after_request_time [__init__.py:44] - view (after_request): None
2024-12-24 13:09:18,690 - application - DEBUG - after_request_time [__init__.py:46] - template (after_request): lists/list.html.jinja
2024-12-24 13:09:20,592 - application - DEBUG - after_request_time [__init__.py:42] - Request to /walkthrough/Living Room 1/room took 0.008150100708007812 seconds
2024-12-24 13:09:20,593 - application - DEBUG - after_request_time [__init__.py:44] - view (after_request): room
2024-12-24 13:09:20,593 - application - DEBUG - after_request_time [__init__.py:46] - template (after_request): None
2024-12-24 13:09:20,629 - application - DEBUG - after_request_time [__init__.py:42] - Request to /walkthrough/steps took 0.009795904159545898 seconds
2024-12-24 13:09:20,630 - application - DEBUG - after_request_time [__init__.py:44] - view (after_request): room
2024-12-24 13:09:20,630 - application - DEBUG - after_request_time [__init__.py:46] - template (after_request): walkthrough/index.html.jinja
2024-12-24 13:09:20,906 - application - DEBUG - after_request_time [__init__.py:42] - Request to /static/js/bundle.js took 0.0011739730834960938 seconds
2024-12-24 13:09:20,906 - application - DEBUG - after_request_time [__init__.py:44] - view (after_request): room
2024-12-24 13:09:20,907 - application - DEBUG - after_request_time [__init__.py:46] - template (after_request): None
2024-12-24 13:09:21,132 - application - DEBUG - after_request_time [__init__.py:42] - Request to /walkthrough/steps took 0.009473085403442383 seconds
2024-12-24 13:09:21,135 - application - DEBUG - after_request_time [__init__.py:44] - view (after_request): room
2024-12-24 13:09:21,138 - application - DEBUG - after_request_time [__init__.py:46] - template (after_request): walkthrough/parts/room.html.jinja
2024-12-24 13:09:21,158 - application - DEBUG - after_request_time [__init__.py:42] - Request to /static/js/bundle.js.map took 0.0030689239501953125 seconds
2024-12-24 13:09:21,160 - application - DEBUG - after_request_time [__init__.py:44] - view (after_request): room
2024-12-24 13:09:21,162 - application - DEBUG - after_request_time [__init__.py:46] - template (after_request): None
2024-12-24 13:09:21,177 - application - DEBUG - after_request_time [__init__.py:42] - Request to /show_list/ took 0.06070089340209961 seconds
2024-12-24 13:09:21,178 - application - DEBUG - after_request_time [__init__.py:44] - view (after_request): room
2024-12-24 13:09:21,178 - application - DEBUG - after_request_time [__init__.py:46] - template (after_request): lists/list.html.jinja
2024-12-24 13:09:21,189 - application - DEBUG - after_request_time [__init__.py:42] - Request to /show_list/ took 0.07049989700317383 seconds
2024-12-24 13:09:21,189 - application - DEBUG - after_request_time [__init__.py:44] - view (after_request): room
2024-12-24 13:09:21,190 - application - DEBUG - after_request_time [__init__.py:46] - template (after_request): lists/list.html.jinja
2024-12-24 13:09:21,408 - application - DEBUG - after_request_time [__init__.py:42] - Request to /tutorial/pingrid took 0.0016489028930664062 seconds
2024-12-24 13:09:21,408 - application - DEBUG - after_request_time [__init__.py:44] - view (after_request): room
2024-12-24 13:09:21,409 - application - DEBUG - after_request_time [__init__.py:46] - template (after_request): onboarding/modal/modal_roompingrid.jinja
2024-12-24 13:09:21,432 - application - DEBUG - after_request_time [__init__.py:42] - Request to /show_photo_entry/1 took 0.03371095657348633 seconds
2024-12-24 13:09:21,432 - application - DEBUG - after_request_time [__init__.py:44] - view (after_request): room
2024-12-24 13:09:21,434 - application - DEBUG - after_request_time [__init__.py:46] - template (after_request): lists/model/photo.html.jinja
2024-12-24 13:09:21,452 - application - DEBUG - after_request_time [__init__.py:42] - Request to /show_list/ took 0.05056619644165039 seconds
2024-12-24 13:09:21,453 - application - DEBUG - after_request_time [__init__.py:44] - view (after_request): room
2024-12-24 13:09:21,453 - application - DEBUG - after_request_time [__init__.py:46] - template (after_request): lists/list.html.jinja
2024-12-24 13:09:21,508 - application - DEBUG - after_request_time [__init__.py:42] - Request to /static/defaults/generic_room.webp took 0.001190185546875 seconds
2024-12-24 13:09:21,510 - application - DEBUG - after_request_time [__init__.py:44] - view (after_request): room
2024-12-24 13:09:21,513 - application - DEBUG - after_request_time [__init__.py:46] - template (after_request): None
2024-12-24 13:09:21,543 - application - DEBUG - after_request_time [__init__.py:42] - Request to /show_list/7 took 0.0328068733215332 seconds
2024-12-24 13:09:21,544 - application - DEBUG - after_request_time [__init__.py:44] - view (after_request): room
2024-12-24 13:09:21,544 - application - DEBUG - after_request_time [__init__.py:46] - template (after_request): lists/list.html.jinja
2024-12-24 13:09:46,329 - application - DEBUG - after_request_time [__init__.py:42] - Request to /walkthrough/Living Room 1/room took 0.008124113082885742 seconds
2024-12-24 13:09:46,329 - application - DEBUG - after_request_time [__init__.py:44] - view (after_request): room
2024-12-24 13:09:46,330 - application - DEBUG - after_request_time [__init__.py:46] - template (after_request): None
2024-12-24 13:09:46,347 - application - DEBUG - after_request_time [__init__.py:42] - Request to /walkthrough/steps took 0.004091978073120117 seconds
2024-12-24 13:09:46,348 - application - DEBUG - after_request_time [__init__.py:44] - view (after_request): room
2024-12-24 13:09:46,348 - application - DEBUG - after_request_time [__init__.py:46] - template (after_request): walkthrough/index.html.jinja
2024-12-24 13:09:46,488 - application - DEBUG - after_request_time [__init__.py:42] - Request to /static/js/bundle.js took 0.0007488727569580078 seconds
2024-12-24 13:09:46,489 - application - DEBUG - after_request_time [__init__.py:44] - view (after_request): room
2024-12-24 13:09:46,489 - application - DEBUG - after_request_time [__init__.py:46] - template (after_request): None
2024-12-24 13:09:46,645 - application - DEBUG - after_request_time [__init__.py:42] - Request to /static/js/bundle.js.map took 0.001827239990234375 seconds
2024-12-24 13:09:46,646 - application - DEBUG - after_request_time [__init__.py:44] - view (after_request): room
2024-12-24 13:09:46,647 - application - DEBUG - after_request_time [__init__.py:46] - template (after_request): None
2024-12-24 13:09:46,721 - application - DEBUG - after_request_time [__init__.py:42] - Request to /walkthrough/steps took 0.017778873443603516 seconds
2024-12-24 13:09:46,722 - application - DEBUG - after_request_time [__init__.py:44] - view (after_request): room
2024-12-24 13:09:46,722 - application - DEBUG - after_request_time [__init__.py:46] - template (after_request): walkthrough/parts/room.html.jinja
2024-12-24 13:09:46,769 - application - DEBUG - after_request_time [__init__.py:42] - Request to /show_list/ took 0.07474493980407715 seconds
2024-12-24 13:09:46,769 - application - DEBUG - after_request_time [__init__.py:44] - view (after_request): room
2024-12-24 13:09:46,770 - application - DEBUG - after_request_time [__init__.py:46] - template (after_request): lists/list.html.jinja
2024-12-24 13:09:46,788 - application - DEBUG - after_request_time [__init__.py:42] - Request to /show_list/ took 0.10657429695129395 seconds
2024-12-24 13:09:46,789 - application - DEBUG - after_request_time [__init__.py:44] - view (after_request): room
2024-12-24 13:09:46,791 - application - DEBUG - after_request_time [__init__.py:46] - template (after_request): lists/list.html.jinja
2024-12-24 13:09:47,017 - application - DEBUG - after_request_time [__init__.py:42] - Request to /tutorial/pingrid took 0.006821155548095703 seconds
2024-12-24 13:09:47,020 - application - DEBUG - after_request_time [__init__.py:44] - view (after_request): room
2024-12-24 13:09:47,022 - application - DEBUG - after_request_time [__init__.py:46] - template (after_request): onboarding/modal/modal_roompingrid.jinja
2024-12-24 13:09:47,033 - application - DEBUG - after_request_time [__init__.py:42] - Request to /show_photo_entry/1 took 0.02960991859436035 seconds
2024-12-24 13:09:47,034 - application - DEBUG - after_request_time [__init__.py:44] - view (after_request): room
2024-12-24 13:09:47,034 - application - DEBUG - after_request_time [__init__.py:46] - template (after_request): lists/model/photo.html.jinja
2024-12-24 13:09:47,046 - application - DEBUG - after_request_time [__init__.py:42] - Request to /show_list/ took 0.0394587516784668 seconds
2024-12-24 13:09:47,046 - application - DEBUG - after_request_time [__init__.py:44] - view (after_request): room
2024-12-24 13:09:47,047 - application - DEBUG - after_request_time [__init__.py:46] - template (after_request): lists/list.html.jinja
2024-12-24 13:09:47,088 - application - DEBUG - after_request_time [__init__.py:42] - Request to /static/defaults/generic_room.webp took 0.0020890235900878906 seconds
2024-12-24 13:09:47,088 - application - DEBUG - after_request_time [__init__.py:44] - view (after_request): room
2024-12-24 13:09:47,089 - application - DEBUG - after_request_time [__init__.py:46] - template (after_request): None
2024-12-24 13:09:47,162 - application - DEBUG - after_request_time [__init__.py:42] - Request to /show_list/7 took 0.03886723518371582 seconds
2024-12-24 13:09:47,163 - application - DEBUG - after_request_time [__init__.py:44] - view (after_request): room
2024-12-24 13:09:47,164 - application - DEBUG - after_request_time [__init__.py:46] - template (after_request): lists/list.html.jinja
2024-12-24 13:11:33,176 - application - DEBUG - after_request_time [__init__.py:42] - Request to /walkthrough/Living Room 1/room took 0.0072078704833984375 seconds
2024-12-24 13:11:33,177 - application - DEBUG - after_request_time [__init__.py:44] - view (after_request): room
2024-12-24 13:11:33,177 - application - DEBUG - after_request_time [__init__.py:46] - template (after_request): None
2024-12-24 13:11:33,199 - application - DEBUG - after_request_time [__init__.py:42] - Request to /walkthrough/steps took 0.0033049583435058594 seconds
2024-12-24 13:11:33,199 - application - DEBUG - after_request_time [__init__.py:44] - view (after_request): room
2024-12-24 13:11:33,199 - application - DEBUG - after_request_time [__init__.py:46] - template (after_request): walkthrough/index.html.jinja
2024-12-24 13:11:33,385 - application - DEBUG - after_request_time [__init__.py:42] - Request to /static/js/bundle.js took 0.002000093460083008 seconds
2024-12-24 13:11:33,386 - application - DEBUG - after_request_time [__init__.py:44] - view (after_request): room
2024-12-24 13:11:33,386 - application - DEBUG - after_request_time [__init__.py:46] - template (after_request): None
2024-12-24 13:11:33,595 - application - DEBUG - after_request_time [__init__.py:42] - Request to /walkthrough/steps took 0.012521982192993164 seconds
2024-12-24 13:11:33,596 - application - DEBUG - after_request_time [__init__.py:44] - view (after_request): room
2024-12-24 13:11:33,598 - application - DEBUG - after_request_time [__init__.py:46] - template (after_request): walkthrough/parts/room.html.jinja
2024-12-24 13:11:33,622 - application - DEBUG - after_request_time [__init__.py:42] - Request to /show_list/ took 0.045888662338256836 seconds
2024-12-24 13:11:33,624 - application - DEBUG - after_request_time [__init__.py:44] - view (after_request): room
2024-12-24 13:11:33,630 - application - DEBUG - after_request_time [__init__.py:46] - template (after_request): lists/list.html.jinja
2024-12-24 13:11:33,632 - application - DEBUG - after_request_time [__init__.py:42] - Request to /static/js/bundle.js.map took 0.0026471614837646484 seconds
2024-12-24 13:11:33,635 - application - DEBUG - after_request_time [__init__.py:42] - Request to /show_list/ took 0.06148695945739746 seconds
2024-12-24 13:11:33,636 - application - DEBUG - after_request_time [__init__.py:44] - view (after_request): room
2024-12-24 13:11:33,637 - application - DEBUG - after_request_time [__init__.py:44] - view (after_request): room
2024-12-24 13:11:33,638 - application - DEBUG - after_request_time [__init__.py:46] - template (after_request): None
2024-12-24 13:11:33,638 - application - DEBUG - after_request_time [__init__.py:46] - template (after_request): lists/list.html.jinja
2024-12-24 13:11:33,849 - application - DEBUG - after_request_time [__init__.py:42] - Request to /tutorial/pingrid took 0.008747100830078125 seconds
2024-12-24 13:11:33,850 - application - DEBUG - after_request_time [__init__.py:44] - view (after_request): room
2024-12-24 13:11:33,852 - application - DEBUG - after_request_time [__init__.py:46] - template (after_request): onboarding/modal/modal_roompingrid.jinja
2024-12-24 13:11:33,863 - application - DEBUG - after_request_time [__init__.py:42] - Request to /show_photo_entry/1 took 0.02946186065673828 seconds
2024-12-24 13:11:33,864 - application - DEBUG - after_request_time [__init__.py:44] - view (after_request): room
2024-12-24 13:11:33,864 - application - DEBUG - after_request_time [__init__.py:46] - template (after_request): lists/model/photo.html.jinja
2024-12-24 13:11:33,883 - application - DEBUG - after_request_time [__init__.py:42] - Request to /show_list/ took 0.04352998733520508 seconds
2024-12-24 13:11:33,883 - application - DEBUG - after_request_time [__init__.py:44] - view (after_request): room
2024-12-24 13:11:33,884 - application - DEBUG - after_request_time [__init__.py:46] - template (after_request): lists/list.html.jinja
2024-12-24 13:11:33,937 - application - DEBUG - after_request_time [__init__.py:42] - Request to /static/defaults/generic_room.webp took 0.0007801055908203125 seconds
2024-12-24 13:11:33,937 - application - DEBUG - after_request_time [__init__.py:44] - view (after_request): room
2024-12-24 13:11:33,937 - application - DEBUG - after_request_time [__init__.py:46] - template (after_request): None
2024-12-24 13:11:33,972 - application - DEBUG - after_request_time [__init__.py:42] - Request to /show_list/7 took 0.015326976776123047 seconds
2024-12-24 13:11:33,973 - application - DEBUG - after_request_time [__init__.py:44] - view (after_request): room
2024-12-24 13:11:33,973 - application - DEBUG - after_request_time [__init__.py:46] - template (after_request): lists/list.html.jinja
2024-12-24 13:12:22,094 - application - DEBUG - after_request_time [__init__.py:42] - Request to /walkthrough/Living Room 1/room took 0.012586832046508789 seconds
2024-12-24 13:12:22,095 - application - DEBUG - after_request_time [__init__.py:44] - view (after_request): room
2024-12-24 13:12:22,096 - application - DEBUG - after_request_time [__init__.py:46] - template (after_request): None
2024-12-24 13:12:22,120 - application - DEBUG - after_request_time [__init__.py:42] - Request to /walkthrough/steps took 0.00609278678894043 seconds
2024-12-24 13:12:22,120 - application - DEBUG - after_request_time [__init__.py:44] - view (after_request): room
2024-12-24 13:12:22,121 - application - DEBUG - after_request_time [__init__.py:46] - template (after_request): walkthrough/index.html.jinja
2024-12-24 13:12:22,276 - application - DEBUG - after_request_time [__init__.py:42] - Request to /static/js/bundle.js took 0.001814126968383789 seconds
2024-12-24 13:12:22,276 - application - DEBUG - after_request_time [__init__.py:44] - view (after_request): room
2024-12-24 13:12:22,277 - application - DEBUG - after_request_time [__init__.py:46] - template (after_request): None
2024-12-24 13:12:22,446 - application - DEBUG - after_request_time [__init__.py:42] - Request to /static/js/bundle.js.map took 0.0018770694732666016 seconds
2024-12-24 13:12:22,447 - application - DEBUG - after_request_time [__init__.py:44] - view (after_request): room
2024-12-24 13:12:22,447 - application - DEBUG - after_request_time [__init__.py:46] - template (after_request): None
2024-12-24 13:12:22,510 - application - DEBUG - after_request_time [__init__.py:42] - Request to /walkthrough/steps took 0.018716096878051758 seconds
2024-12-24 13:12:22,512 - application - DEBUG - after_request_time [__init__.py:44] - view (after_request): room
2024-12-24 13:12:22,515 - application - DEBUG - after_request_time [__init__.py:46] - template (after_request): walkthrough/parts/room.html.jinja
2024-12-24 13:12:22,538 - application - DEBUG - after_request_time [__init__.py:42] - Request to /show_list/ took 0.0527348518371582 seconds
2024-12-24 13:12:22,540 - application - DEBUG - after_request_time [__init__.py:44] - view (after_request): room
2024-12-24 13:12:22,541 - application - DEBUG - after_request_time [__init__.py:46] - template (after_request): lists/list.html.jinja
2024-12-24 13:12:22,550 - application - DEBUG - after_request_time [__init__.py:42] - Request to /show_list/ took 0.06660199165344238 seconds
2024-12-24 13:12:22,551 - application - DEBUG - after_request_time [__init__.py:44] - view (after_request): room
2024-12-24 13:12:22,552 - application - DEBUG - after_request_time [__init__.py:46] - template (after_request): lists/list.html.jinja
2024-12-24 13:12:22,859 - application - DEBUG - after_request_time [__init__.py:42] - Request to /tutorial/pingrid took 0.014370918273925781 seconds
2024-12-24 13:12:22,860 - application - DEBUG - after_request_time [__init__.py:44] - view (after_request): room
2024-12-24 13:12:22,861 - application - DEBUG - after_request_time [__init__.py:46] - template (after_request): onboarding/modal/modal_roompingrid.jinja
2024-12-24 13:12:22,873 - application - DEBUG - after_request_time [__init__.py:42] - Request to /show_photo_entry/1 took 0.03594207763671875 seconds
2024-12-24 13:12:22,874 - application - DEBUG - after_request_time [__init__.py:44] - view (after_request): room
2024-12-24 13:12:22,875 - application - DEBUG - after_request_time [__init__.py:46] - template (after_request): lists/model/photo.html.jinja
2024-12-24 13:12:22,890 - application - DEBUG - after_request_time [__init__.py:42] - Request to /show_list/ took 0.05058002471923828 seconds
2024-12-24 13:12:22,890 - application - DEBUG - after_request_time [__init__.py:44] - view (after_request): room
2024-12-24 13:12:22,890 - application - DEBUG - after_request_time [__init__.py:46] - template (after_request): lists/list.html.jinja
2024-12-24 13:12:22,967 - application - DEBUG - after_request_time [__init__.py:42] - Request to /static/defaults/generic_room.webp took 0.0014269351959228516 seconds
2024-12-24 13:12:22,967 - application - DEBUG - after_request_time [__init__.py:44] - view (after_request): room
2024-12-24 13:12:22,968 - application - DEBUG - after_request_time [__init__.py:46] - template (after_request): None
2024-12-24 13:12:22,991 - application - DEBUG - after_request_time [__init__.py:42] - Request to /show_list/7 took 0.020659923553466797 seconds
2024-12-24 13:12:22,992 - application - DEBUG - after_request_time [__init__.py:44] - view (after_request): room
2024-12-24 13:12:22,992 - application - DEBUG - after_request_time [__init__.py:46] - template (after_request): lists/list.html.jinja
2024-12-24 13:16:33,440 - application - DEBUG - after_request_time [__init__.py:42] - Request to /walkthrough/Living Room 1/room took 0.006948947906494141 seconds
2024-12-24 13:16:33,441 - application - DEBUG - after_request_time [__init__.py:44] - view (after_request): room
2024-12-24 13:16:33,441 - application - DEBUG - after_request_time [__init__.py:46] - template (after_request): None
2024-12-24 13:16:33,465 - application - DEBUG - after_request_time [__init__.py:42] - Request to /walkthrough/steps took 0.004564046859741211 seconds
2024-12-24 13:16:33,466 - application - DEBUG - after_request_time [__init__.py:44] - view (after_request): room
2024-12-24 13:16:33,466 - application - DEBUG - after_request_time [__init__.py:46] - template (after_request): walkthrough/index.html.jinja
2024-12-24 13:16:33,612 - application - DEBUG - after_request_time [__init__.py:42] - Request to /static/js/bundle.js took 0.0015399456024169922 seconds
2024-12-24 13:16:33,612 - application - DEBUG - after_request_time [__init__.py:44] - view (after_request): room
2024-12-24 13:16:33,613 - application - DEBUG - after_request_time [__init__.py:46] - template (after_request): None
2024-12-24 13:16:33,826 - application - DEBUG - after_request_time [__init__.py:42] - Request to /walkthrough/steps took 0.01534891128540039 seconds
2024-12-24 13:16:33,828 - application - DEBUG - after_request_time [__init__.py:44] - view (after_request): room
2024-12-24 13:16:33,834 - application - DEBUG - after_request_time [__init__.py:46] - template (after_request): walkthrough/parts/room.html.jinja
2024-12-24 13:16:33,838 - application - DEBUG - after_request_time [__init__.py:42] - Request to /static/js/bundle.js.map took 0.006356954574584961 seconds
2024-12-24 13:16:33,841 - application - DEBUG - after_request_time [__init__.py:44] - view (after_request): room
2024-12-24 13:16:33,846 - application - DEBUG - after_request_time [__init__.py:46] - template (after_request): None
2024-12-24 13:16:33,881 - application - DEBUG - after_request_time [__init__.py:42] - Request to /show_list/ took 0.0780479907989502 seconds
2024-12-24 13:16:33,881 - application - DEBUG - after_request_time [__init__.py:44] - view (after_request): room
2024-12-24 13:16:33,889 - application - DEBUG - after_request_time [__init__.py:46] - template (after_request): lists/list.html.jinja
2024-12-24 13:16:33,889 - application - DEBUG - after_request_time [__init__.py:42] - Request to /show_list/ took 0.08422994613647461 seconds
2024-12-24 13:16:33,894 - application - DEBUG - after_request_time [__init__.py:44] - view (after_request): room
2024-12-24 13:16:33,897 - application - DEBUG - after_request_time [__init__.py:46] - template (after_request): lists/list.html.jinja
2024-12-24 13:16:34,025 - application - DEBUG - after_request_time [__init__.py:42] - Request to /show_photo_entry/1 took 0.011445283889770508 seconds
2024-12-24 13:16:34,028 - application - DEBUG - after_request_time [__init__.py:44] - view (after_request): room
2024-12-24 13:16:34,030 - application - DEBUG - after_request_time [__init__.py:46] - template (after_request): lists/model/photo.html.jinja
2024-12-24 13:16:34,064 - application - DEBUG - after_request_time [__init__.py:42] - Request to /show_list/ took 0.0348658561706543 seconds
2024-12-24 13:16:34,064 - application - DEBUG - after_request_time [__init__.py:44] - view (after_request): room
2024-12-24 13:16:34,065 - application - DEBUG - after_request_time [__init__.py:46] - template (after_request): lists/list.html.jinja
2024-12-24 13:16:34,120 - application - DEBUG - after_request_time [__init__.py:42] - Request to /tutorial/pingrid took 0.004540205001831055 seconds
2024-12-24 13:16:34,121 - application - DEBUG - after_request_time [__init__.py:44] - view (after_request): room
2024-12-24 13:16:34,124 - application - DEBUG - after_request_time [__init__.py:46] - template (after_request): onboarding/modal/modal_roompingrid.jinja
2024-12-24 13:16:34,126 - application - DEBUG - after_request_time [__init__.py:42] - Request to /static/defaults/generic_room.webp took 0.002420186996459961 seconds
2024-12-24 13:16:34,127 - application - DEBUG - after_request_time [__init__.py:44] - view (after_request): room
2024-12-24 13:16:34,128 - application - DEBUG - after_request_time [__init__.py:46] - template (after_request): None
2024-12-24 13:16:34,291 - application - DEBUG - after_request_time [__init__.py:42] - Request to /show_list/7 took 0.052024126052856445 seconds
2024-12-24 13:16:34,292 - application - DEBUG - after_request_time [__init__.py:44] - view (after_request): room
2024-12-24 13:16:34,292 - application - DEBUG - after_request_time [__init__.py:46] - template (after_request): lists/list.html.jinja
2024-12-24 13:16:44,405 - application - DEBUG - after_request_time [__init__.py:42] - Request to /debug took 0.0064697265625 seconds
2024-12-24 13:16:44,405 - application - DEBUG - after_request_time [__init__.py:44] - view (after_request): room
2024-12-24 13:16:44,406 - application - DEBUG - after_request_time [__init__.py:46] - template (after_request): None
2024-12-24 13:16:46,282 - application - DEBUG - after_request_time [__init__.py:42] - Request to /walkthrough/Living Room 1/room took 0.007231950759887695 seconds
2024-12-24 13:16:46,282 - application - DEBUG - after_request_time [__init__.py:44] - view (after_request): room
2024-12-24 13:16:46,282 - application - DEBUG - after_request_time [__init__.py:46] - template (after_request): None
2024-12-24 13:16:46,334 - application - DEBUG - after_request_time [__init__.py:42] - Request to /walkthrough/steps took 0.00516200065612793 seconds
2024-12-24 13:16:46,335 - application - DEBUG - after_request_time [__init__.py:44] - view (after_request): room
2024-12-24 13:16:46,335 - application - DEBUG - after_request_time [__init__.py:46] - template (after_request): walkthrough/index.html.jinja
2024-12-24 13:16:46,564 - application - DEBUG - after_request_time [__init__.py:42] - Request to /static/js/bundle.js took 0.0013918876647949219 seconds
2024-12-24 13:16:46,564 - application - DEBUG - after_request_time [__init__.py:44] - view (after_request): room
2024-12-24 13:16:46,565 - application - DEBUG - after_request_time [__init__.py:46] - template (after_request): None
2024-12-24 13:16:46,846 - application - DEBUG - after_request_time [__init__.py:42] - Request to /static/js/bundle.js.map took 0.0008680820465087891 seconds
2024-12-24 13:16:46,846 - application - DEBUG - after_request_time [__init__.py:44] - view (after_request): room
2024-12-24 13:16:46,847 - application - DEBUG - after_request_time [__init__.py:46] - template (after_request): None
2024-12-24 13:16:46,951 - application - DEBUG - after_request_time [__init__.py:42] - Request to /show_list/ took 0.0687098503112793 seconds
2024-12-24 13:16:46,951 - application - DEBUG - after_request_time [__init__.py:44] - view (after_request): room
2024-12-24 13:16:46,952 - application - DEBUG - after_request_time [__init__.py:46] - template (after_request): lists/list.html.jinja
2024-12-24 13:16:46,972 - application - DEBUG - after_request_time [__init__.py:42] - Request to /show_list/ took 0.06734204292297363 seconds
2024-12-24 13:16:46,973 - application - DEBUG - after_request_time [__init__.py:44] - view (after_request): room
2024-12-24 13:16:46,974 - application - DEBUG - after_request_time [__init__.py:46] - template (after_request): lists/list.html.jinja
2024-12-24 13:16:46,978 - application - DEBUG - after_request_time [__init__.py:42] - Request to /walkthrough/steps took 0.0503239631652832 seconds
2024-12-24 13:16:46,979 - application - DEBUG - after_request_time [__init__.py:44] - view (after_request): room
2024-12-24 13:16:46,983 - application - DEBUG - after_request_time [__init__.py:46] - template (after_request): walkthrough/parts/room.html.jinja
2024-12-24 13:16:47,245 - application - DEBUG - after_request_time [__init__.py:42] - Request to /tutorial/pingrid took 0.004803180694580078 seconds
2024-12-24 13:16:47,247 - application - DEBUG - after_request_time [__init__.py:44] - view (after_request): room
2024-12-24 13:16:47,248 - application - DEBUG - after_request_time [__init__.py:46] - template (after_request): onboarding/modal/modal_roompingrid.jinja
2024-12-24 13:16:47,259 - application - DEBUG - after_request_time [__init__.py:42] - Request to /show_photo_entry/1 took 0.02859807014465332 seconds
2024-12-24 13:16:47,259 - application - DEBUG - after_request_time [__init__.py:44] - view (after_request): room
2024-12-24 13:16:47,260 - application - DEBUG - after_request_time [__init__.py:46] - template (after_request): lists/model/photo.html.jinja
2024-12-24 13:16:47,284 - application - DEBUG - after_request_time [__init__.py:42] - Request to /show_list/ took 0.04628705978393555 seconds
2024-12-24 13:16:47,284 - application - DEBUG - after_request_time [__init__.py:44] - view (after_request): room
2024-12-24 13:16:47,285 - application - DEBUG - after_request_time [__init__.py:46] - template (after_request): lists/list.html.jinja
2024-12-24 13:16:47,409 - application - DEBUG - after_request_time [__init__.py:42] - Request to /static/defaults/generic_room.webp took 0.001990795135498047 seconds
2024-12-24 13:16:47,409 - application - DEBUG - after_request_time [__init__.py:44] - view (after_request): room
2024-12-24 13:16:47,410 - application - DEBUG - after_request_time [__init__.py:46] - template (after_request): None
2024-12-24 13:16:47,507 - application - DEBUG - after_request_time [__init__.py:42] - Request to /show_list/7 took 0.033509016036987305 seconds
2024-12-24 13:16:47,507 - application - DEBUG - after_request_time [__init__.py:44] - view (after_request): room
2024-12-24 13:16:47,508 - application - DEBUG - after_request_time [__init__.py:46] - template (after_request): lists/list.html.jinja
2024-12-24 13:16:51,516 - application - DEBUG - after_request_time [__init__.py:42] - Request to /home/floors/setup took 0.014430999755859375 seconds
2024-12-24 13:16:51,516 - application - DEBUG - after_request_time [__init__.py:44] - view (after_request): room
2024-12-24 13:16:51,516 - application - DEBUG - after_request_time [__init__.py:46] - template (after_request): homes/create_floors.html.jinja
2024-12-24 13:16:51,647 - application - DEBUG - after_request_time [__init__.py:42] - Request to /tutorial/pingrid took 0.01094198226928711 seconds
2024-12-24 13:16:51,654 - application - DEBUG - after_request_time [__init__.py:44] - view (after_request): room
2024-12-24 13:16:51,655 - application - DEBUG - after_request_time [__init__.py:46] - template (after_request): onboarding/modal/modal_roompingrid.jinja
2024-12-24 13:16:51,734 - application - DEBUG - after_request_time [__init__.py:42] - Request to /show_list/ took 0.09243226051330566 seconds
2024-12-24 13:16:51,734 - application - DEBUG - after_request_time [__init__.py:44] - view (after_request): room
2024-12-24 13:16:51,734 - application - DEBUG - after_request_time [__init__.py:46] - template (after_request): lists/list.html.jinja
2024-12-24 13:16:54,152 - application - DEBUG - after_request_time [__init__.py:42] - Request to /go_define_rooms_button took 0.0051038265228271484 seconds
2024-12-24 13:16:54,152 - application - DEBUG - after_request_time [__init__.py:44] - view (after_request): room
2024-12-24 13:16:54,152 - application - DEBUG - after_request_time [__init__.py:46] - template (after_request): homes/go_define_rooms_button.html.jinja
2024-12-24 13:16:55,265 - application - DEBUG - after_request_time [__init__.py:42] - Request to /home/rooms/setup/1 took 0.06317996978759766 seconds
2024-12-24 13:16:55,266 - application - DEBUG - after_request_time [__init__.py:44] - view (after_request): create_rooms
2024-12-24 13:16:55,266 - application - DEBUG - after_request_time [__init__.py:46] - template (after_request): homes/create_rooms.html.jinja
2024-12-24 13:16:55,468 - application - DEBUG - after_request_time [__init__.py:42] - Request to /tutorial/create_rooms took 0.016089916229248047 seconds
2024-12-24 13:16:55,468 - application - DEBUG - after_request_time [__init__.py:44] - view (after_request): create_rooms
2024-12-24 13:16:55,470 - application - DEBUG - after_request_time [__init__.py:46] - template (after_request): onboarding/modal/modal_rooms.jinja
2024-12-24 13:16:55,482 - application - DEBUG - after_request_time [__init__.py:42] - Request to /show_list/3 took 0.03561210632324219 seconds
2024-12-24 13:16:55,485 - application - DEBUG - after_request_time [__init__.py:44] - view (after_request): create_rooms
2024-12-24 13:16:55,490 - application - DEBUG - after_request_time [__init__.py:46] - template (after_request): lists/list.html.jinja
2024-12-24 13:16:55,520 - application - DEBUG - after_request_time [__init__.py:42] - Request to /show_list/ took 0.07827019691467285 seconds
2024-12-24 13:16:55,520 - application - DEBUG - after_request_time [__init__.py:44] - view (after_request): create_rooms
2024-12-24 13:16:55,521 - application - DEBUG - after_request_time [__init__.py:46] - template (after_request): lists/list.html.jinja
2024-12-24 13:16:55,598 - application - DEBUG - after_request_time [__init__.py:42] - Request to /show_list/5 took 0.15469789505004883 seconds
2024-12-24 13:16:55,599 - application - DEBUG - after_request_time [__init__.py:44] - view (after_request): create_rooms
2024-12-24 13:16:55,599 - application - DEBUG - after_request_time [__init__.py:46] - template (after_request): lists/list.html.jinja
2024-12-24 13:16:55,656 - application - DEBUG - after_request_time [__init__.py:42] - Request to /show_photo_entry/1 took 0.007993221282958984 seconds
2024-12-24 13:16:55,656 - application - DEBUG - after_request_time [__init__.py:44] - view (after_request): create_rooms
2024-12-24 13:16:55,657 - application - DEBUG - after_request_time [__init__.py:46] - template (after_request): lists/model/photo.html.jinja
2024-12-24 13:16:55,746 - application - DEBUG - after_request_time [__init__.py:42] - Request to /show_list/7 took 0.023967981338500977 seconds
2024-12-24 13:16:55,746 - application - DEBUG - after_request_time [__init__.py:44] - view (after_request): create_rooms
2024-12-24 13:16:55,746 - application - DEBUG - after_request_time [__init__.py:46] - template (after_request): lists/list.html.jinja
2024-12-24 13:17:00,176 - application - DEBUG - after_request_time [__init__.py:42] - Request to /home/floors/setup took 0.012435197830200195 seconds
2024-12-24 13:17:00,178 - application - DEBUG - after_request_time [__init__.py:44] - view (after_request): create_rooms
2024-12-24 13:17:00,179 - application - DEBUG - after_request_time [__init__.py:46] - template (after_request): homes/create_floors.html.jinja
2024-12-24 13:17:00,335 - application - DEBUG - after_request_time [__init__.py:42] - Request to /tutorial/pingrid took 0.002686023712158203 seconds
2024-12-24 13:17:00,335 - application - DEBUG - after_request_time [__init__.py:44] - view (after_request): create_rooms
2024-12-24 13:17:00,339 - application - DEBUG - after_request_time [__init__.py:46] - template (after_request): onboarding/modal/modal_roompingrid.jinja
2024-12-24 13:17:00,379 - application - DEBUG - after_request_time [__init__.py:42] - Request to /show_list/ took 0.05149388313293457 seconds
2024-12-24 13:17:00,380 - application - DEBUG - after_request_time [__init__.py:44] - view (after_request): create_rooms
2024-12-24 13:17:00,380 - application - DEBUG - after_request_time [__init__.py:46] - template (after_request): lists/list.html.jinja
2024-12-24 13:17:02,602 - application - DEBUG - after_request_time [__init__.py:42] - Request to /home/floors/setup took 0.006664752960205078 seconds
2024-12-24 13:17:02,603 - application - DEBUG - after_request_time [__init__.py:44] - view (after_request): create_rooms
2024-12-24 13:17:02,603 - application - DEBUG - after_request_time [__init__.py:46] - template (after_request): homes/create_floors.html.jinja
2024-12-24 13:17:02,711 - application - DEBUG - after_request_time [__init__.py:42] - Request to /static/js/bundle.js took 0.002538919448852539 seconds
2024-12-24 13:17:02,713 - application - DEBUG - after_request_time [__init__.py:44] - view (after_request): create_rooms
2024-12-24 13:17:02,713 - application - DEBUG - after_request_time [__init__.py:46] - template (after_request): None
2024-12-24 13:17:02,899 - application - DEBUG - after_request_time [__init__.py:42] - Request to /tutorial/pingrid took 0.004375934600830078 seconds
2024-12-24 13:17:02,899 - application - DEBUG - after_request_time [__init__.py:44] - view (after_request): create_rooms
2024-12-24 13:17:02,900 - application - DEBUG - after_request_time [__init__.py:46] - template (after_request): onboarding/modal/modal_roompingrid.jinja
2024-12-24 13:17:02,918 - application - DEBUG - after_request_time [__init__.py:42] - Request to /show_list/ took 0.02499103546142578 seconds
2024-12-24 13:17:02,918 - application - DEBUG - after_request_time [__init__.py:44] - view (after_request): create_rooms
2024-12-24 13:17:02,918 - application - DEBUG - after_request_time [__init__.py:46] - template (after_request): lists/list.html.jinja
2024-12-24 13:17:02,940 - application - DEBUG - after_request_time [__init__.py:42] - Request to /static/js/bundle.js.map took 0.0017020702362060547 seconds
2024-12-24 13:17:02,941 - application - DEBUG - after_request_time [__init__.py:44] - view (after_request): create_rooms
2024-12-24 13:17:02,942 - application - DEBUG - after_request_time [__init__.py:46] - template (after_request): None
2024-12-24 13:17:05,329 - application - DEBUG - after_request_time [__init__.py:42] - Request to /go_define_rooms_button took 0.004516124725341797 seconds
2024-12-24 13:17:05,329 - application - DEBUG - after_request_time [__init__.py:44] - view (after_request): create_rooms
2024-12-24 13:17:05,330 - application - DEBUG - after_request_time [__init__.py:46] - template (after_request): homes/go_define_rooms_button.html.jinja
