2024-12-20 14:40:13,926 - logs.logging_config - DEBUG - configure_logging [logging_config.py:178] - Application logging configured
2024-12-20 14:40:13,928 - logs.logging_config - INFO - configure_logging [logging_config.py:187] - Application started in production environment
2024-12-20 14:40:13,929 - application - DEBUG - create_app [__init__.py:28] - test2
2024-12-20 14:40:14,706 - application - DEBUG - after_request_time [__init__.py:42] - Request to / took 0.006991147994995117 seconds
2024-12-20 14:40:14,707 - application - DEBUG - after_request_time [__init__.py:44] - view (after_request): map
2024-12-20 14:40:14,708 - application - DEBUG - after_request_time [__init__.py:46] - template (after_request): None
2024-12-20 14:40:14,893 - application - DEBUG - after_request_time [__init__.py:42] - Request to /map/ took 0.13396787643432617 seconds
2024-12-20 14:40:14,893 - application - DEBUG - after_request_time [__init__.py:44] - view (after_request): map
2024-12-20 14:40:14,893 - application - DEBUG - after_request_time [__init__.py:46] - template (after_request): map/index.html.jinja
2024-12-20 14:40:14,968 - application - DEBUG - after_request_time [__init__.py:42] - Request to /static/js/bundle.js took 0.008817911148071289 seconds
2024-12-20 14:40:14,968 - application - DEBUG - after_request_time [__init__.py:42] - Request to /static/css/main.css took 0.011214971542358398 seconds
2024-12-20 14:40:14,969 - application - DEBUG - after_request_time [__init__.py:44] - view (after_request): map
2024-12-20 14:40:14,969 - application - DEBUG - after_request_time [__init__.py:44] - view (after_request): map
2024-12-20 14:40:14,969 - application - DEBUG - after_request_time [__init__.py:46] - template (after_request): None
2024-12-20 14:40:14,970 - application - DEBUG - after_request_time [__init__.py:46] - template (after_request): None
2024-12-20 14:40:15,015 - application - DEBUG - after_request_time [__init__.py:42] - Request to /static/css/flash-message.css took 0.003335237503051758 seconds
2024-12-20 14:40:15,018 - application - DEBUG - after_request_time [__init__.py:42] - Request to /static/css/color-mode.css took 0.007590055465698242 seconds
2024-12-20 14:40:15,020 - application - DEBUG - after_request_time [__init__.py:44] - view (after_request): map
2024-12-20 14:40:15,021 - application - DEBUG - after_request_time [__init__.py:44] - view (after_request): map
2024-12-20 14:40:15,023 - application - DEBUG - after_request_time [__init__.py:42] - Request to /static/css/typography.css took 0.0024793148040771484 seconds
2024-12-20 14:40:15,025 - application - DEBUG - after_request_time [__init__.py:42] - Request to /static/css/sortables.css took 0.0032520294189453125 seconds
2024-12-20 14:40:15,025 - application - DEBUG - after_request_time [__init__.py:46] - template (after_request): None
2024-12-20 14:40:15,026 - application - DEBUG - after_request_time [__init__.py:46] - template (after_request): None
2024-12-20 14:40:15,026 - application - DEBUG - after_request_time [__init__.py:44] - view (after_request): map
2024-12-20 14:40:15,027 - application - DEBUG - after_request_time [__init__.py:44] - view (after_request): map
2024-12-20 14:40:15,030 - application - DEBUG - after_request_time [__init__.py:46] - template (after_request): None
2024-12-20 14:40:15,030 - application - DEBUG - after_request_time [__init__.py:46] - template (after_request): None
2024-12-20 14:40:15,258 - application - DEBUG - after_request_time [__init__.py:42] - Request to /show_list/ took 0.16265487670898438 seconds
2024-12-20 14:40:15,260 - application - DEBUG - after_request_time [__init__.py:44] - view (after_request): map
2024-12-20 14:40:15,261 - application - DEBUG - after_request_time [__init__.py:46] - template (after_request): lists/list.html.jinja
2024-12-20 14:40:15,533 - application - DEBUG - after_request_time [__init__.py:42] - Request to /show_list/ took 0.4341771602630615 seconds
2024-12-20 14:40:15,535 - application - DEBUG - after_request_time [__init__.py:44] - view (after_request): map
2024-12-20 14:40:15,539 - application - DEBUG - after_request_time [__init__.py:46] - template (after_request): lists/list.html.jinja
2024-12-20 14:40:15,545 - application - DEBUG - after_request_time [__init__.py:42] - Request to /show_list/ took 0.4434702396392822 seconds
2024-12-20 14:40:15,546 - application - DEBUG - after_request_time [__init__.py:44] - view (after_request): map
2024-12-20 14:40:15,546 - application - DEBUG - after_request_time [__init__.py:46] - template (after_request): lists/list.html.jinja
2024-12-20 14:40:15,683 - application - DEBUG - after_request_time [__init__.py:42] - Request to /show_photo_entry/2 took 0.07520794868469238 seconds
2024-12-20 14:40:15,685 - application - DEBUG - after_request_time [__init__.py:44] - view (after_request): map
2024-12-20 14:40:15,687 - application - DEBUG - after_request_time [__init__.py:46] - template (after_request): lists/model/photo.html.jinja
2024-12-20 14:40:15,702 - application - DEBUG - after_request_time [__init__.py:42] - Request to /show_photo_entry/12 took 0.07464194297790527 seconds
2024-12-20 14:40:15,702 - application - DEBUG - after_request_time [__init__.py:44] - view (after_request): map
2024-12-20 14:40:15,702 - application - DEBUG - after_request_time [__init__.py:46] - template (after_request): lists/model/photo.html.jinja
2024-12-20 14:40:15,730 - application - DEBUG - after_request_time [__init__.py:42] - Request to /show_photo_entry/10 took 0.10912203788757324 seconds
2024-12-20 14:40:15,731 - application - DEBUG - after_request_time [__init__.py:44] - view (after_request): map
2024-12-20 14:40:15,731 - application - DEBUG - after_request_time [__init__.py:46] - template (after_request): lists/model/photo.html.jinja
2024-12-20 14:40:15,762 - application - DEBUG - after_request_time [__init__.py:42] - Request to /show_photo_entry/11 took 0.08524417877197266 seconds
2024-12-20 14:40:15,764 - application - DEBUG - after_request_time [__init__.py:44] - view (after_request): map
2024-12-20 14:40:15,766 - application - DEBUG - after_request_time [__init__.py:42] - Request to /show_photo_entry/9 took 0.08132505416870117 seconds
2024-12-20 14:40:15,768 - application - DEBUG - after_request_time [__init__.py:44] - view (after_request): map
2024-12-20 14:40:15,766 - application - DEBUG - after_request_time [__init__.py:46] - template (after_request): lists/model/photo.html.jinja
2024-12-20 14:40:15,769 - application - DEBUG - after_request_time [__init__.py:46] - template (after_request): lists/model/photo.html.jinja
2024-12-20 14:40:15,781 - application - DEBUG - after_request_time [__init__.py:42] - Request to /show_photo_entry/7 took 0.07255196571350098 seconds
2024-12-20 14:40:15,791 - application - DEBUG - after_request_time [__init__.py:42] - Request to /show_photo_entry/6 took 0.04373288154602051 seconds
2024-12-20 14:40:15,793 - application - DEBUG - after_request_time [__init__.py:44] - view (after_request): map
2024-12-20 14:40:15,796 - application - DEBUG - after_request_time [__init__.py:44] - view (after_request): map
2024-12-20 14:40:15,797 - application - DEBUG - after_request_time [__init__.py:46] - template (after_request): lists/model/photo.html.jinja
2024-12-20 14:40:15,804 - application - DEBUG - after_request_time [__init__.py:46] - template (after_request): lists/model/photo.html.jinja
2024-12-20 14:40:15,817 - application - DEBUG - after_request_time [__init__.py:42] - Request to /show_photo_entry/5 took 0.1234140396118164 seconds
2024-12-20 14:40:15,826 - application - DEBUG - after_request_time [__init__.py:44] - view (after_request): map
2024-12-20 14:40:15,827 - application - DEBUG - after_request_time [__init__.py:46] - template (after_request): lists/model/photo.html.jinja
2024-12-20 14:40:15,830 - application - DEBUG - after_request_time [__init__.py:42] - Request to /show_photo_entry/1 took 0.10156583786010742 seconds
2024-12-20 14:40:15,846 - application - DEBUG - after_request_time [__init__.py:44] - view (after_request): map
2024-12-20 14:40:15,861 - application - DEBUG - after_request_time [__init__.py:46] - template (after_request): lists/model/photo.html.jinja
2024-12-20 14:40:15,897 - application - DEBUG - after_request_time [__init__.py:42] - Request to /show_photo_entry/8 took 0.11348891258239746 seconds
2024-12-20 14:40:15,906 - application - DEBUG - after_request_time [__init__.py:44] - view (after_request): map
2024-12-20 14:40:15,909 - application - DEBUG - after_request_time [__init__.py:46] - template (after_request): lists/model/photo.html.jinja
2024-12-20 14:40:15,933 - application - DEBUG - after_request_time [__init__.py:42] - Request to /static/defaults/generic_room.jpg took 0.0021712779998779297 seconds
2024-12-20 14:40:15,934 - application - DEBUG - after_request_time [__init__.py:44] - view (after_request): map
2024-12-20 14:40:15,938 - application - DEBUG - after_request_time [__init__.py:46] - template (after_request): None
2024-12-20 14:40:16,029 - application - DEBUG - after_request_time [__init__.py:42] - Request to /show_list/28 took 0.13907814025878906 seconds
2024-12-20 14:40:16,031 - application - DEBUG - after_request_time [__init__.py:44] - view (after_request): map
2024-12-20 14:40:16,032 - application - DEBUG - after_request_time [__init__.py:46] - template (after_request): lists/list.html.jinja
2024-12-20 14:40:16,046 - application - DEBUG - after_request_time [__init__.py:42] - Request to /show_list/32 took 0.20102977752685547 seconds
2024-12-20 14:40:16,046 - application - DEBUG - after_request_time [__init__.py:44] - view (after_request): map
2024-12-20 14:40:16,046 - application - DEBUG - after_request_time [__init__.py:46] - template (after_request): lists/list.html.jinja
2024-12-20 14:40:16,065 - application - DEBUG - after_request_time [__init__.py:42] - Request to /show_list/26 took 0.151611328125 seconds
2024-12-20 14:40:16,066 - application - DEBUG - after_request_time [__init__.py:44] - view (after_request): map
2024-12-20 14:40:16,068 - application - DEBUG - after_request_time [__init__.py:46] - template (after_request): lists/list.html.jinja
2024-12-20 14:40:16,067 - application - DEBUG - after_request_time [__init__.py:42] - Request to /show_list/10 took 0.26450014114379883 seconds
2024-12-20 14:40:16,075 - application - DEBUG - after_request_time [__init__.py:42] - Request to /show_list/30 took 0.17124199867248535 seconds
2024-12-20 14:40:16,078 - application - DEBUG - after_request_time [__init__.py:44] - view (after_request): map
2024-12-20 14:40:16,095 - application - DEBUG - after_request_time [__init__.py:44] - view (after_request): map
2024-12-20 14:40:16,097 - application - DEBUG - after_request_time [__init__.py:46] - template (after_request): lists/list.html.jinja
2024-12-20 14:40:16,099 - application - DEBUG - after_request_time [__init__.py:46] - template (after_request): lists/list.html.jinja
2024-12-20 14:40:16,156 - application - DEBUG - after_request_time [__init__.py:42] - Request to /show_list/22 took 0.1587200164794922 seconds
2024-12-20 14:40:16,157 - application - DEBUG - after_request_time [__init__.py:44] - view (after_request): map
2024-12-20 14:40:16,159 - application - DEBUG - after_request_time [__init__.py:46] - template (after_request): lists/list.html.jinja
2024-12-20 14:40:16,174 - application - DEBUG - after_request_time [__init__.py:42] - Request to /show_list/20 took 0.11577033996582031 seconds
2024-12-20 14:40:16,175 - application - DEBUG - after_request_time [__init__.py:44] - view (after_request): map
2024-12-20 14:40:16,176 - application - DEBUG - after_request_time [__init__.py:46] - template (after_request): lists/list.html.jinja
2024-12-20 14:40:16,180 - application - DEBUG - after_request_time [__init__.py:42] - Request to /show_list/18 took 0.10220813751220703 seconds
2024-12-20 14:40:16,181 - application - DEBUG - after_request_time [__init__.py:44] - view (after_request): map
2024-12-20 14:40:16,183 - application - DEBUG - after_request_time [__init__.py:46] - template (after_request): lists/list.html.jinja
2024-12-20 14:40:16,184 - application - DEBUG - after_request_time [__init__.py:42] - Request to /show_list/24 took 0.09623312950134277 seconds
2024-12-20 14:40:16,190 - application - DEBUG - after_request_time [__init__.py:44] - view (after_request): map
2024-12-20 14:40:16,191 - application - DEBUG - after_request_time [__init__.py:46] - template (after_request): lists/list.html.jinja
2024-12-20 14:40:16,207 - application - DEBUG - after_request_time [__init__.py:42] - Request to /show_list/8 took 0.08359575271606445 seconds
2024-12-20 14:40:16,207 - application - DEBUG - after_request_time [__init__.py:44] - view (after_request): map
2024-12-20 14:40:16,207 - application - DEBUG - after_request_time [__init__.py:46] - template (after_request): lists/list.html.jinja
2024-12-20 14:40:18,853 - application - DEBUG - after_request_time [__init__.py:42] - Request to /walkthrough/10 took 0.008694648742675781 seconds
2024-12-20 14:40:18,853 - application - DEBUG - after_request_time [__init__.py:44] - view (after_request): None
2024-12-20 14:40:18,853 - application - DEBUG - after_request_time [__init__.py:46] - template (after_request): None
2024-12-20 14:40:18,883 - application - DEBUG - after_request_time [__init__.py:42] - Request to /walkthrough/steps took 0.017327070236206055 seconds
2024-12-20 14:40:18,883 - application - DEBUG - after_request_time [__init__.py:44] - view (after_request): None
2024-12-20 14:40:18,883 - application - DEBUG - after_request_time [__init__.py:46] - template (after_request): walkthrough/index.html.jinja
2024-12-20 14:40:18,948 - application - DEBUG - after_request_time [__init__.py:42] - Request to /static/js/bundle.js took 0.00302886962890625 seconds
2024-12-20 14:40:18,951 - application - DEBUG - after_request_time [__init__.py:44] - view (after_request): None
2024-12-20 14:40:18,952 - application - DEBUG - after_request_time [__init__.py:46] - template (after_request): None
2024-12-20 14:40:18,956 - application - DEBUG - after_request_time [__init__.py:42] - Request to /static/css/main.css took 0.005880117416381836 seconds
2024-12-20 14:40:18,957 - application - DEBUG - after_request_time [__init__.py:44] - view (after_request): None
2024-12-20 14:40:18,959 - application - DEBUG - after_request_time [__init__.py:46] - template (after_request): None
2024-12-20 14:40:18,995 - application - DEBUG - after_request_time [__init__.py:42] - Request to /static/css/flash-message.css took 0.0028378963470458984 seconds
2024-12-20 14:40:18,997 - application - DEBUG - after_request_time [__init__.py:44] - view (after_request): None
2024-12-20 14:40:18,998 - application - DEBUG - after_request_time [__init__.py:42] - Request to /static/css/color-mode.css took 0.006330966949462891 seconds
2024-12-20 14:40:18,999 - application - DEBUG - after_request_time [__init__.py:46] - template (after_request): None
2024-12-20 14:40:19,000 - application - DEBUG - after_request_time [__init__.py:42] - Request to /static/css/typography.css took 0.002000093460083008 seconds
2024-12-20 14:40:19,000 - application - DEBUG - after_request_time [__init__.py:42] - Request to /static/css/sortables.css took 0.0017218589782714844 seconds
2024-12-20 14:40:19,000 - application - DEBUG - after_request_time [__init__.py:44] - view (after_request): None
2024-12-20 14:40:19,002 - application - DEBUG - after_request_time [__init__.py:44] - view (after_request): None
2024-12-20 14:40:19,002 - application - DEBUG - after_request_time [__init__.py:44] - view (after_request): None
2024-12-20 14:40:19,003 - application - DEBUG - after_request_time [__init__.py:46] - template (after_request): None
2024-12-20 14:40:19,003 - application - DEBUG - after_request_time [__init__.py:46] - template (after_request): None
2024-12-20 14:40:19,005 - application - DEBUG - after_request_time [__init__.py:46] - template (after_request): None
2024-12-20 14:40:19,037 - application - DEBUG - after_request_time [__init__.py:42] - Request to /favicon.ico took 0.0007808208465576172 seconds
2024-12-20 14:40:19,038 - application - DEBUG - after_request_time [__init__.py:44] - view (after_request): None
2024-12-20 14:40:19,038 - application - DEBUG - after_request_time [__init__.py:46] - template (after_request): None
2024-12-20 14:40:19,110 - application - DEBUG - after_request_time [__init__.py:42] - Request to /walkthrough/steps took 0.05164217948913574 seconds
2024-12-20 14:40:19,111 - application - DEBUG - after_request_time [__init__.py:44] - view (after_request): None
2024-12-20 14:40:19,112 - application - DEBUG - after_request_time [__init__.py:46] - template (after_request): walkthrough/parts/rename.html.jinja
2024-12-20 14:40:19,127 - application - DEBUG - after_request_time [__init__.py:42] - Request to /show_list/ took 0.07324790954589844 seconds
2024-12-20 14:40:19,128 - application - DEBUG - after_request_time [__init__.py:44] - view (after_request): None
2024-12-20 14:40:19,129 - application - DEBUG - after_request_time [__init__.py:46] - template (after_request): lists/list.html.jinja
2024-12-20 14:40:19,151 - application - DEBUG - after_request_time [__init__.py:42] - Request to /show_list/ took 0.08832526206970215 seconds
2024-12-20 14:40:19,152 - application - DEBUG - after_request_time [__init__.py:44] - view (after_request): None
2024-12-20 14:40:19,152 - application - DEBUG - after_request_time [__init__.py:46] - template (after_request): lists/list.html.jinja
