2024-12-22 02:36:24,955 - logs.logging_config - DEBUG - configure_logging [logging_config.py:178] - Application logging configured
2024-12-22 02:36:24,958 - logs.logging_config - INFO - configure_logging [logging_config.py:187] - Application started in production environment
2024-12-22 02:36:24,958 - application - DEBUG - create_app [__init__.py:28] - test2
2024-12-22 02:36:25,770 - application - DEBUG - after_request_time [__init__.py:42] - Request to / took 0.0076830387115478516 seconds
2024-12-22 02:36:25,771 - application - DEBUG - after_request_time [__init__.py:44] - view (after_request): rooms
2024-12-22 02:36:25,771 - application - DEBUG - after_request_time [__init__.py:46] - template (after_request): None
2024-12-22 02:36:25,975 - application - DEBUG - after_request_time [__init__.py:42] - Request to /home/rooms/setup/1 took 0.1712660789489746 seconds
2024-12-22 02:36:25,975 - application - DEBUG - after_request_time [__init__.py:44] - view (after_request): rooms
2024-12-22 02:36:25,976 - application - DEBUG - after_request_time [__init__.py:46] - template (after_request): homes/create_rooms.html.jinja
2024-12-22 02:36:26,051 - application - DEBUG - after_request_time [__init__.py:42] - Request to /static/js/bundle.js took 0.01129913330078125 seconds
2024-12-22 02:36:26,052 - application - DEBUG - after_request_time [__init__.py:42] - Request to /static/css/main.css took 0.010384082794189453 seconds
2024-12-22 02:36:26,053 - application - DEBUG - after_request_time [__init__.py:44] - view (after_request): rooms
2024-12-22 02:36:26,053 - application - DEBUG - after_request_time [__init__.py:44] - view (after_request): rooms
2024-12-22 02:36:26,053 - application - DEBUG - after_request_time [__init__.py:46] - template (after_request): None
2024-12-22 02:36:26,054 - application - DEBUG - after_request_time [__init__.py:46] - template (after_request): None
2024-12-22 02:36:26,084 - application - DEBUG - after_request_time [__init__.py:42] - Request to /static/css/color-mode.css took 0.002567768096923828 seconds
2024-12-22 02:36:26,086 - application - DEBUG - after_request_time [__init__.py:42] - Request to /static/css/flash-message.css took 0.00290679931640625 seconds
2024-12-22 02:36:26,088 - application - DEBUG - after_request_time [__init__.py:44] - view (after_request): rooms
2024-12-22 02:36:26,090 - application - DEBUG - after_request_time [__init__.py:44] - view (after_request): rooms
2024-12-22 02:36:26,092 - application - DEBUG - after_request_time [__init__.py:42] - Request to /static/css/typography.css took 0.001093149185180664 seconds
2024-12-22 02:36:26,092 - application - DEBUG - after_request_time [__init__.py:46] - template (after_request): None
2024-12-22 02:36:26,093 - application - DEBUG - after_request_time [__init__.py:42] - Request to /static/css/sortables.css took 0.0019109249114990234 seconds
2024-12-22 02:36:26,093 - application - DEBUG - after_request_time [__init__.py:46] - template (after_request): None
2024-12-22 02:36:26,093 - application - DEBUG - after_request_time [__init__.py:44] - view (after_request): rooms
2024-12-22 02:36:26,095 - application - DEBUG - after_request_time [__init__.py:44] - view (after_request): rooms
2024-12-22 02:36:26,097 - application - DEBUG - after_request_time [__init__.py:46] - template (after_request): None
2024-12-22 02:36:26,098 - application - DEBUG - after_request_time [__init__.py:46] - template (after_request): None
2024-12-22 02:36:26,240 - application - DEBUG - after_request_time [__init__.py:42] - Request to /show_list/3 took 0.08547711372375488 seconds
2024-12-22 02:36:26,241 - application - DEBUG - after_request_time [__init__.py:44] - view (after_request): rooms
2024-12-22 02:36:26,242 - application - DEBUG - after_request_time [__init__.py:46] - template (after_request): lists/list.html.jinja
2024-12-22 02:36:26,314 - application - DEBUG - after_request_time [__init__.py:42] - Request to /show_list/ took 0.1662440299987793 seconds
2024-12-22 02:36:26,316 - application - DEBUG - after_request_time [__init__.py:44] - view (after_request): rooms
2024-12-22 02:36:26,316 - application - DEBUG - after_request_time [__init__.py:46] - template (after_request): lists/list.html.jinja
2024-12-22 02:36:26,340 - application - DEBUG - after_request_time [__init__.py:42] - Request to /show_list/4 took 0.18673491477966309 seconds
2024-12-22 02:36:26,340 - application - DEBUG - after_request_time [__init__.py:44] - view (after_request): rooms
2024-12-22 02:36:26,340 - application - DEBUG - after_request_time [__init__.py:46] - template (after_request): lists/list.html.jinja
2024-12-22 02:36:29,012 - application - DEBUG - after_request_time [__init__.py:42] - Request to /home/floors/setup took 0.020169973373413086 seconds
2024-12-22 02:36:29,013 - application - DEBUG - after_request_time [__init__.py:44] - view (after_request): rooms
2024-12-22 02:36:29,013 - application - DEBUG - after_request_time [__init__.py:46] - template (after_request): homes/create_floors.html.jinja
2024-12-22 02:36:29,123 - application - DEBUG - after_request_time [__init__.py:42] - Request to /show_list/ took 0.04912209510803223 seconds
2024-12-22 02:36:29,123 - application - DEBUG - after_request_time [__init__.py:44] - view (after_request): rooms
2024-12-22 02:36:29,123 - application - DEBUG - after_request_time [__init__.py:46] - template (after_request): lists/list.html.jinja
2024-12-22 02:39:00,556 - application - DEBUG - after_request_time [__init__.py:42] - Request to /home/floors/setup took 0.007023811340332031 seconds
2024-12-22 02:39:00,556 - application - DEBUG - after_request_time [__init__.py:44] - view (after_request): rooms
2024-12-22 02:39:00,556 - application - DEBUG - after_request_time [__init__.py:46] - template (after_request): homes/create_floors.html.jinja
2024-12-22 02:39:00,632 - application - DEBUG - after_request_time [__init__.py:42] - Request to /static/css/main.css took 0.0008668899536132812 seconds
2024-12-22 02:39:00,633 - application - DEBUG - after_request_time [__init__.py:44] - view (after_request): rooms
2024-12-22 02:39:00,633 - application - DEBUG - after_request_time [__init__.py:46] - template (after_request): None
2024-12-22 02:39:00,638 - application - DEBUG - after_request_time [__init__.py:42] - Request to /static/js/bundle.js took 0.0013158321380615234 seconds
2024-12-22 02:39:00,639 - application - DEBUG - after_request_time [__init__.py:44] - view (after_request): rooms
2024-12-22 02:39:00,639 - application - DEBUG - after_request_time [__init__.py:46] - template (after_request): None
2024-12-22 02:39:00,671 - application - DEBUG - after_request_time [__init__.py:42] - Request to /static/css/color-mode.css took 0.001085042953491211 seconds
2024-12-22 02:39:00,673 - application - DEBUG - after_request_time [__init__.py:42] - Request to /static/css/flash-message.css took 0.0015559196472167969 seconds
2024-12-22 02:39:00,679 - application - DEBUG - after_request_time [__init__.py:44] - view (after_request): rooms
2024-12-22 02:39:00,680 - application - DEBUG - after_request_time [__init__.py:42] - Request to /static/css/sortables.css took 0.0014820098876953125 seconds
2024-12-22 02:39:00,681 - application - DEBUG - after_request_time [__init__.py:46] - template (after_request): None
2024-12-22 02:39:00,675 - application - DEBUG - after_request_time [__init__.py:44] - view (after_request): rooms
2024-12-22 02:39:00,682 - application - DEBUG - after_request_time [__init__.py:42] - Request to /static/css/typography.css took 0.0037097930908203125 seconds
2024-12-22 02:39:00,682 - application - DEBUG - after_request_time [__init__.py:44] - view (after_request): rooms
2024-12-22 02:39:00,683 - application - DEBUG - after_request_time [__init__.py:46] - template (after_request): None
2024-12-22 02:39:00,684 - application - DEBUG - after_request_time [__init__.py:44] - view (after_request): rooms
2024-12-22 02:39:00,687 - application - DEBUG - after_request_time [__init__.py:46] - template (after_request): None
2024-12-22 02:39:00,684 - application - DEBUG - after_request_time [__init__.py:46] - template (after_request): None
2024-12-22 02:39:00,763 - application - DEBUG - after_request_time [__init__.py:42] - Request to /show_list/ took 0.022450923919677734 seconds
2024-12-22 02:39:00,763 - application - DEBUG - after_request_time [__init__.py:44] - view (after_request): rooms
2024-12-22 02:39:00,763 - application - DEBUG - after_request_time [__init__.py:46] - template (after_request): lists/list.html.jinja
2024-12-22 02:39:29,859 - application - DEBUG - after_request_time [__init__.py:42] - Request to /home/floors/setup took 0.0067729949951171875 seconds
2024-12-22 02:39:29,860 - application - DEBUG - after_request_time [__init__.py:44] - view (after_request): rooms
2024-12-22 02:39:29,860 - application - DEBUG - after_request_time [__init__.py:46] - template (after_request): homes/create_floors.html.jinja
2024-12-22 02:39:29,922 - application - DEBUG - after_request_time [__init__.py:42] - Request to /static/js/bundle.js took 0.0027129650115966797 seconds
2024-12-22 02:39:29,923 - application - DEBUG - after_request_time [__init__.py:44] - view (after_request): rooms
2024-12-22 02:39:29,924 - application - DEBUG - after_request_time [__init__.py:42] - Request to /static/css/main.css took 0.001870870590209961 seconds
2024-12-22 02:39:29,925 - application - DEBUG - after_request_time [__init__.py:46] - template (after_request): None
2024-12-22 02:39:29,925 - application - DEBUG - after_request_time [__init__.py:44] - view (after_request): rooms
2024-12-22 02:39:29,928 - application - DEBUG - after_request_time [__init__.py:46] - template (after_request): None
2024-12-22 02:39:29,959 - application - DEBUG - after_request_time [__init__.py:42] - Request to /static/css/typography.css took 0.003998994827270508 seconds
2024-12-22 02:39:29,961 - application - DEBUG - after_request_time [__init__.py:42] - Request to /static/css/flash-message.css took 0.005837917327880859 seconds
2024-12-22 02:39:29,961 - application - DEBUG - after_request_time [__init__.py:42] - Request to /static/css/color-mode.css took 0.008178949356079102 seconds
2024-12-22 02:39:29,961 - application - DEBUG - after_request_time [__init__.py:44] - view (after_request): rooms
2024-12-22 02:39:29,962 - application - DEBUG - after_request_time [__init__.py:42] - Request to /static/css/sortables.css took 0.0019130706787109375 seconds
2024-12-22 02:39:29,962 - application - DEBUG - after_request_time [__init__.py:44] - view (after_request): rooms
2024-12-22 02:39:29,962 - application - DEBUG - after_request_time [__init__.py:44] - view (after_request): rooms
2024-12-22 02:39:29,963 - application - DEBUG - after_request_time [__init__.py:46] - template (after_request): None
2024-12-22 02:39:29,963 - application - DEBUG - after_request_time [__init__.py:44] - view (after_request): rooms
2024-12-22 02:39:29,963 - application - DEBUG - after_request_time [__init__.py:46] - template (after_request): None
2024-12-22 02:39:29,964 - application - DEBUG - after_request_time [__init__.py:46] - template (after_request): None
2024-12-22 02:39:29,965 - application - DEBUG - after_request_time [__init__.py:46] - template (after_request): None
2024-12-22 02:39:30,040 - application - DEBUG - after_request_time [__init__.py:42] - Request to /show_list/ took 0.023179054260253906 seconds
2024-12-22 02:39:30,040 - application - DEBUG - after_request_time [__init__.py:44] - view (after_request): rooms
2024-12-22 02:39:30,040 - application - DEBUG - after_request_time [__init__.py:46] - template (after_request): lists/list.html.jinja
