2024-12-17 20:51:20,791 - logs.logging_config - DEBUG - configure_logging [logging_config.py:178] - Application logging configured
2024-12-17 20:51:20,795 - logs.logging_config - INFO - configure_logging [logging_config.py:187] - Application started in production environment
2024-12-17 20:51:20,795 - application - DEBUG - create_app [__init__.py:28] - test2
2024-12-17 20:51:21,684 - application - DEBUG - after_request_time [__init__.py:42] - Request to / took 0.006947755813598633 seconds
2024-12-17 20:51:21,684 - application - DEBUG - after_request_time [__init__.py:44] - view (after_request): None
2024-12-17 20:51:21,685 - application - DEBUG - after_request_time [__init__.py:46] - template (after_request): None
2024-12-17 20:51:21,934 - application - DEBUG - after_request_time [__init__.py:42] - Request to /map/ took 0.1695418357849121 seconds
2024-12-17 20:51:21,934 - application - DEBUG - after_request_time [__init__.py:44] - view (after_request): map
2024-12-17 20:51:21,934 - application - DEBUG - after_request_time [__init__.py:46] - template (after_request): map/index.html.jinja
2024-12-17 20:51:21,996 - application - DEBUG - after_request_time [__init__.py:42] - Request to /static/js/bundle.js took 0.010350942611694336 seconds
2024-12-17 20:51:21,997 - application - DEBUG - after_request_time [__init__.py:42] - Request to /static/css/main.css took 0.009445905685424805 seconds
2024-12-17 20:51:21,997 - application - DEBUG - after_request_time [__init__.py:44] - view (after_request): map
2024-12-17 20:51:21,997 - application - DEBUG - after_request_time [__init__.py:44] - view (after_request): map
2024-12-17 20:51:21,998 - application - DEBUG - after_request_time [__init__.py:46] - template (after_request): None
2024-12-17 20:51:21,998 - application - DEBUG - after_request_time [__init__.py:46] - template (after_request): None
2024-12-17 20:51:22,010 - application - DEBUG - after_request_time [__init__.py:42] - Request to /static/person-circle.svg took 0.0009059906005859375 seconds
2024-12-17 20:51:22,010 - application - DEBUG - after_request_time [__init__.py:44] - view (after_request): map
2024-12-17 20:51:22,010 - application - DEBUG - after_request_time [__init__.py:46] - template (after_request): None
2024-12-17 20:51:22,043 - application - DEBUG - after_request_time [__init__.py:42] - Request to /static/css/flash-message.css took 0.003908872604370117 seconds
2024-12-17 20:51:22,046 - application - DEBUG - after_request_time [__init__.py:42] - Request to /static/css/color-mode.css took 0.003132343292236328 seconds
2024-12-17 20:51:22,047 - application - DEBUG - after_request_time [__init__.py:44] - view (after_request): map
2024-12-17 20:51:22,050 - application - DEBUG - after_request_time [__init__.py:44] - view (after_request): map
2024-12-17 20:51:22,053 - application - DEBUG - after_request_time [__init__.py:42] - Request to /static/css/typography.css took 0.003345012664794922 seconds
2024-12-17 20:51:22,056 - application - DEBUG - after_request_time [__init__.py:44] - view (after_request): map
2024-12-17 20:51:22,055 - application - DEBUG - after_request_time [__init__.py:46] - template (after_request): None
2024-12-17 20:51:22,055 - application - DEBUG - after_request_time [__init__.py:42] - Request to /static/css/sortables.css took 0.0014798641204833984 seconds
2024-12-17 20:51:22,053 - application - DEBUG - after_request_time [__init__.py:46] - template (after_request): None
2024-12-17 20:51:22,057 - application - DEBUG - after_request_time [__init__.py:46] - template (after_request): None
2024-12-17 20:51:22,059 - application - DEBUG - after_request_time [__init__.py:44] - view (after_request): map
2024-12-17 20:51:22,064 - application - DEBUG - after_request_time [__init__.py:46] - template (after_request): None
2024-12-17 20:51:22,104 - application - DEBUG - after_request_time [__init__.py:42] - Request to /favicon.ico took 0.0005731582641601562 seconds
2024-12-17 20:51:22,105 - application - DEBUG - after_request_time [__init__.py:44] - view (after_request): map
2024-12-17 20:51:22,105 - application - DEBUG - after_request_time [__init__.py:46] - template (after_request): None
2024-12-17 20:51:22,269 - application - DEBUG - after_request_time [__init__.py:42] - Request to /show_list/ took 0.14427399635314941 seconds
2024-12-17 20:51:22,270 - application - DEBUG - after_request_time [__init__.py:44] - view (after_request): map
2024-12-17 20:51:22,271 - application - DEBUG - after_request_time [__init__.py:46] - template (after_request): lists/list.html.jinja
2024-12-17 20:51:22,411 - application - DEBUG - after_request_time [__init__.py:42] - Request to /show_photo_entry/36 took 0.08464694023132324 seconds
2024-12-17 20:51:22,426 - application - DEBUG - after_request_time [__init__.py:44] - view (after_request): map
2024-12-17 20:51:22,428 - application - DEBUG - after_request_time [__init__.py:46] - template (after_request): lists/model/photo.html.jinja
2024-12-17 20:51:22,434 - application - DEBUG - after_request_time [__init__.py:42] - Request to /show_photo_entry/37 took 0.10209035873413086 seconds
2024-12-17 20:51:22,435 - application - DEBUG - after_request_time [__init__.py:44] - view (after_request): map
2024-12-17 20:51:22,436 - application - DEBUG - after_request_time [__init__.py:46] - template (after_request): lists/model/photo.html.jinja
2024-12-17 20:51:22,455 - application - DEBUG - after_request_time [__init__.py:42] - Request to /static/defaults/generic_room.jpg took 0.0034520626068115234 seconds
2024-12-17 20:51:22,456 - application - DEBUG - after_request_time [__init__.py:44] - view (after_request): map
2024-12-17 20:51:22,460 - application - DEBUG - after_request_time [__init__.py:46] - template (after_request): None
2024-12-17 20:51:22,471 - application - DEBUG - after_request_time [__init__.py:42] - Request to /media/uploads/1_1734389779_image.jpg took 0.008592844009399414 seconds
2024-12-17 20:51:22,473 - application - DEBUG - after_request_time [__init__.py:44] - view (after_request): map
2024-12-17 20:51:22,474 - application - DEBUG - after_request_time [__init__.py:46] - template (after_request): None
2024-12-17 20:51:22,806 - application - DEBUG - after_request_time [__init__.py:42] - Request to /show_list/97 took 0.30101919174194336 seconds
2024-12-17 20:51:22,807 - application - DEBUG - after_request_time [__init__.py:44] - view (after_request): map
2024-12-17 20:51:22,809 - application - DEBUG - after_request_time [__init__.py:46] - template (after_request): lists/list.html.jinja
2024-12-17 20:51:22,810 - application - DEBUG - after_request_time [__init__.py:42] - Request to /show_list/98 took 0.2366328239440918 seconds
2024-12-17 20:51:22,814 - application - DEBUG - after_request_time [__init__.py:44] - view (after_request): map
2024-12-17 20:51:22,816 - application - DEBUG - after_request_time [__init__.py:46] - template (after_request): lists/list.html.jinja
2024-12-17 20:51:23,402 - application - DEBUG - after_request_time [__init__.py:42] - Request to /show_list/ took 1.2740271091461182 seconds
2024-12-17 20:51:23,403 - application - DEBUG - after_request_time [__init__.py:44] - view (after_request): map
2024-12-17 20:51:23,404 - application - DEBUG - after_request_time [__init__.py:46] - template (after_request): lists/list.html.jinja
2024-12-17 20:51:26,710 - application - DEBUG - after_request_time [__init__.py:42] - Request to /walkthrough/ took 0.0015590190887451172 seconds
2024-12-17 20:51:26,710 - application - DEBUG - after_request_time [__init__.py:44] - view (after_request): None
2024-12-17 20:51:26,710 - application - DEBUG - after_request_time [__init__.py:46] - template (after_request): None
2024-12-17 20:51:26,741 - application - DEBUG - after_request_time [__init__.py:42] - Request to /walkthrough/steps took 0.017431020736694336 seconds
2024-12-17 20:51:26,741 - application - DEBUG - after_request_time [__init__.py:44] - view (after_request): None
2024-12-17 20:51:26,741 - application - DEBUG - after_request_time [__init__.py:46] - template (after_request): walkthrough/index.html.jinja
2024-12-17 20:51:26,800 - application - DEBUG - after_request_time [__init__.py:42] - Request to /static/js/bundle.js took 0.00469207763671875 seconds
2024-12-17 20:51:26,801 - application - DEBUG - after_request_time [__init__.py:44] - view (after_request): None
2024-12-17 20:51:26,802 - application - DEBUG - after_request_time [__init__.py:46] - template (after_request): None
2024-12-17 20:51:26,805 - application - DEBUG - after_request_time [__init__.py:42] - Request to /static/css/main.css took 0.006609916687011719 seconds
2024-12-17 20:51:26,806 - application - DEBUG - after_request_time [__init__.py:44] - view (after_request): None
2024-12-17 20:51:26,806 - application - DEBUG - after_request_time [__init__.py:46] - template (after_request): None
2024-12-17 20:51:26,824 - application - DEBUG - after_request_time [__init__.py:42] - Request to /static/person-circle.svg took 0.0010809898376464844 seconds
2024-12-17 20:51:26,825 - application - DEBUG - after_request_time [__init__.py:44] - view (after_request): None
2024-12-17 20:51:26,825 - application - DEBUG - after_request_time [__init__.py:46] - template (after_request): None
2024-12-17 20:51:26,853 - application - DEBUG - after_request_time [__init__.py:42] - Request to /static/css/color-mode.css took 0.0059051513671875 seconds
2024-12-17 20:51:26,854 - application - DEBUG - after_request_time [__init__.py:42] - Request to /static/css/typography.css took 0.0023970603942871094 seconds
2024-12-17 20:51:26,854 - application - DEBUG - after_request_time [__init__.py:42] - Request to /static/css/flash-message.css took 0.0024809837341308594 seconds
2024-12-17 20:51:26,855 - application - DEBUG - after_request_time [__init__.py:42] - Request to /static/css/sortables.css took 0.002723217010498047 seconds
2024-12-17 20:51:26,855 - application - DEBUG - after_request_time [__init__.py:44] - view (after_request): None
2024-12-17 20:51:26,855 - application - DEBUG - after_request_time [__init__.py:44] - view (after_request): None
2024-12-17 20:51:26,856 - application - DEBUG - after_request_time [__init__.py:44] - view (after_request): None
2024-12-17 20:51:26,856 - application - DEBUG - after_request_time [__init__.py:44] - view (after_request): None
2024-12-17 20:51:26,856 - application - DEBUG - after_request_time [__init__.py:46] - template (after_request): None
2024-12-17 20:51:26,856 - application - DEBUG - after_request_time [__init__.py:46] - template (after_request): None
2024-12-17 20:51:26,857 - application - DEBUG - after_request_time [__init__.py:46] - template (after_request): None
2024-12-17 20:51:26,857 - application - DEBUG - after_request_time [__init__.py:46] - template (after_request): None
2024-12-17 20:51:26,966 - application - DEBUG - after_request_time [__init__.py:42] - Request to /walkthrough/steps took 0.039759159088134766 seconds
2024-12-17 20:51:26,967 - application - DEBUG - after_request_time [__init__.py:44] - view (after_request): None
2024-12-17 20:51:26,968 - application - DEBUG - after_request_time [__init__.py:46] - template (after_request): walkthrough/parts/rename.html.jinja
2024-12-17 20:51:29,845 - application - DEBUG - after_request_time [__init__.py:42] - Request to / took 0.0010581016540527344 seconds
2024-12-17 20:51:29,845 - application - DEBUG - after_request_time [__init__.py:44] - view (after_request): None
2024-12-17 20:51:29,845 - application - DEBUG - after_request_time [__init__.py:46] - template (after_request): None
2024-12-17 20:51:29,914 - application - DEBUG - after_request_time [__init__.py:42] - Request to /map/ took 0.04335498809814453 seconds
2024-12-17 20:51:29,914 - application - DEBUG - after_request_time [__init__.py:44] - view (after_request): map
2024-12-17 20:51:29,914 - application - DEBUG - after_request_time [__init__.py:46] - template (after_request): map/index.html.jinja
2024-12-17 20:51:30,015 - application - DEBUG - after_request_time [__init__.py:42] - Request to /show_list/ took 0.02995133399963379 seconds
2024-12-17 20:51:30,015 - application - DEBUG - after_request_time [__init__.py:44] - view (after_request): map
2024-12-17 20:51:30,016 - application - DEBUG - after_request_time [__init__.py:46] - template (after_request): lists/list.html.jinja
2024-12-17 20:51:30,080 - application - DEBUG - after_request_time [__init__.py:42] - Request to /show_photo_entry/36 took 0.018121957778930664 seconds
2024-12-17 20:51:30,082 - application - DEBUG - after_request_time [__init__.py:44] - view (after_request): map
2024-12-17 20:51:30,083 - application - DEBUG - after_request_time [__init__.py:46] - template (after_request): lists/model/photo.html.jinja
2024-12-17 20:51:30,084 - application - DEBUG - after_request_time [__init__.py:42] - Request to /show_photo_entry/37 took 0.01954197883605957 seconds
2024-12-17 20:51:30,087 - application - DEBUG - after_request_time [__init__.py:44] - view (after_request): map
2024-12-17 20:51:30,090 - application - DEBUG - after_request_time [__init__.py:46] - template (after_request): lists/model/photo.html.jinja
2024-12-17 20:51:30,101 - application - DEBUG - after_request_time [__init__.py:42] - Request to /static/defaults/generic_room.jpg took 0.001470804214477539 seconds
2024-12-17 20:51:30,104 - application - DEBUG - after_request_time [__init__.py:44] - view (after_request): map
2024-12-17 20:51:30,105 - application - DEBUG - after_request_time [__init__.py:46] - template (after_request): None
2024-12-17 20:51:30,117 - application - DEBUG - after_request_time [__init__.py:42] - Request to /media/uploads/1_1734389779_image.jpg took 0.005856990814208984 seconds
2024-12-17 20:51:30,117 - application - DEBUG - after_request_time [__init__.py:44] - view (after_request): map
2024-12-17 20:51:30,120 - application - DEBUG - after_request_time [__init__.py:46] - template (after_request): None
2024-12-17 20:51:30,244 - application - DEBUG - after_request_time [__init__.py:42] - Request to /show_list/97 took 0.11914920806884766 seconds
2024-12-17 20:51:30,247 - application - DEBUG - after_request_time [__init__.py:44] - view (after_request): map
2024-12-17 20:51:30,248 - application - DEBUG - after_request_time [__init__.py:46] - template (after_request): lists/list.html.jinja
2024-12-17 20:51:30,304 - application - DEBUG - after_request_time [__init__.py:42] - Request to /show_list/98 took 0.1689610481262207 seconds
2024-12-17 20:51:30,305 - application - DEBUG - after_request_time [__init__.py:44] - view (after_request): map
2024-12-17 20:51:30,306 - application - DEBUG - after_request_time [__init__.py:46] - template (after_request): lists/list.html.jinja
2024-12-17 20:51:30,870 - application - DEBUG - after_request_time [__init__.py:42] - Request to /show_list/ took 0.8802669048309326 seconds
2024-12-17 20:51:30,870 - application - DEBUG - after_request_time [__init__.py:44] - view (after_request): map
2024-12-17 20:51:30,870 - application - DEBUG - after_request_time [__init__.py:46] - template (after_request): lists/list.html.jinja
2024-12-17 20:51:31,138 - application - DEBUG - after_request_time [__init__.py:42] - Request to /walkthrough/ took 0.0027070045471191406 seconds
2024-12-17 20:51:31,138 - application - DEBUG - after_request_time [__init__.py:44] - view (after_request): None
2024-12-17 20:51:31,139 - application - DEBUG - after_request_time [__init__.py:46] - template (after_request): None
2024-12-17 20:51:31,154 - application - DEBUG - after_request_time [__init__.py:42] - Request to /walkthrough/steps took 0.0043048858642578125 seconds
2024-12-17 20:51:31,154 - application - DEBUG - after_request_time [__init__.py:44] - view (after_request): None
2024-12-17 20:51:31,154 - application - DEBUG - after_request_time [__init__.py:46] - template (after_request): walkthrough/index.html.jinja
2024-12-17 20:51:31,204 - application - DEBUG - after_request_time [__init__.py:42] - Request to /static/js/bundle.js took 0.0011868476867675781 seconds
2024-12-17 20:51:31,207 - application - DEBUG - after_request_time [__init__.py:44] - view (after_request): None
2024-12-17 20:51:31,207 - application - DEBUG - after_request_time [__init__.py:42] - Request to /static/css/main.css took 0.0010848045349121094 seconds
2024-12-17 20:51:31,209 - application - DEBUG - after_request_time [__init__.py:44] - view (after_request): None
2024-12-17 20:51:31,208 - application - DEBUG - after_request_time [__init__.py:46] - template (after_request): None
2024-12-17 20:51:31,209 - application - DEBUG - after_request_time [__init__.py:46] - template (after_request): None
2024-12-17 20:51:31,228 - application - DEBUG - after_request_time [__init__.py:42] - Request to /static/person-circle.svg took 0.0012009143829345703 seconds
2024-12-17 20:51:31,228 - application - DEBUG - after_request_time [__init__.py:44] - view (after_request): None
2024-12-17 20:51:31,229 - application - DEBUG - after_request_time [__init__.py:46] - template (after_request): None
2024-12-17 20:51:31,254 - application - DEBUG - after_request_time [__init__.py:42] - Request to /static/css/flash-message.css took 0.0023670196533203125 seconds
2024-12-17 20:51:31,259 - application - DEBUG - after_request_time [__init__.py:44] - view (after_request): None
2024-12-17 20:51:31,259 - application - DEBUG - after_request_time [__init__.py:42] - Request to /static/css/typography.css took 0.0015912055969238281 seconds
2024-12-17 20:51:31,260 - application - DEBUG - after_request_time [__init__.py:42] - Request to /static/css/color-mode.css took 0.006819009780883789 seconds
2024-12-17 20:51:31,260 - application - DEBUG - after_request_time [__init__.py:46] - template (after_request): None
2024-12-17 20:51:31,261 - application - DEBUG - after_request_time [__init__.py:42] - Request to /static/css/sortables.css took 0.0025680065155029297 seconds
2024-12-17 20:51:31,261 - application - DEBUG - after_request_time [__init__.py:44] - view (after_request): None
2024-12-17 20:51:31,261 - application - DEBUG - after_request_time [__init__.py:44] - view (after_request): None
2024-12-17 20:51:31,262 - application - DEBUG - after_request_time [__init__.py:44] - view (after_request): None
2024-12-17 20:51:31,263 - application - DEBUG - after_request_time [__init__.py:46] - template (after_request): None
2024-12-17 20:51:31,263 - application - DEBUG - after_request_time [__init__.py:46] - template (after_request): None
2024-12-17 20:51:31,264 - application - DEBUG - after_request_time [__init__.py:46] - template (after_request): None
2024-12-17 20:51:31,330 - application - DEBUG - after_request_time [__init__.py:42] - Request to /walkthrough/steps took 0.010718822479248047 seconds
2024-12-17 20:51:31,330 - application - DEBUG - after_request_time [__init__.py:44] - view (after_request): None
2024-12-17 20:51:31,330 - application - DEBUG - after_request_time [__init__.py:46] - template (after_request): walkthrough/parts/rename.html.jinja
2024-12-17 20:51:35,471 - application - DEBUG - after_request_time [__init__.py:42] - Request to / took 0.0010619163513183594 seconds
2024-12-17 20:51:35,471 - application - DEBUG - after_request_time [__init__.py:44] - view (after_request): None
2024-12-17 20:51:35,472 - application - DEBUG - after_request_time [__init__.py:46] - template (after_request): None
2024-12-17 20:51:35,542 - application - DEBUG - after_request_time [__init__.py:42] - Request to /map/ took 0.04843592643737793 seconds
2024-12-17 20:51:35,542 - application - DEBUG - after_request_time [__init__.py:44] - view (after_request): map
2024-12-17 20:51:35,543 - application - DEBUG - after_request_time [__init__.py:46] - template (after_request): map/index.html.jinja
2024-12-17 20:51:35,646 - application - DEBUG - after_request_time [__init__.py:42] - Request to /show_list/ took 0.02979278564453125 seconds
2024-12-17 20:51:35,647 - application - DEBUG - after_request_time [__init__.py:44] - view (after_request): map
2024-12-17 20:51:35,647 - application - DEBUG - after_request_time [__init__.py:46] - template (after_request): lists/list.html.jinja
2024-12-17 20:51:35,705 - application - DEBUG - after_request_time [__init__.py:42] - Request to /show_photo_entry/36 took 0.01933598518371582 seconds
2024-12-17 20:51:35,706 - application - DEBUG - after_request_time [__init__.py:44] - view (after_request): map
2024-12-17 20:51:35,706 - application - DEBUG - after_request_time [__init__.py:46] - template (after_request): lists/model/photo.html.jinja
2024-12-17 20:51:35,708 - application - DEBUG - after_request_time [__init__.py:42] - Request to /show_photo_entry/37 took 0.016718149185180664 seconds
2024-12-17 20:51:35,710 - application - DEBUG - after_request_time [__init__.py:44] - view (after_request): map
2024-12-17 20:51:35,710 - application - DEBUG - after_request_time [__init__.py:46] - template (after_request): lists/model/photo.html.jinja
2024-12-17 20:51:35,740 - application - DEBUG - after_request_time [__init__.py:42] - Request to /static/defaults/generic_room.jpg took 0.00742793083190918 seconds
2024-12-17 20:51:35,743 - application - DEBUG - after_request_time [__init__.py:44] - view (after_request): map
2024-12-17 20:51:35,745 - application - DEBUG - after_request_time [__init__.py:46] - template (after_request): None
2024-12-17 20:51:35,746 - application - DEBUG - after_request_time [__init__.py:42] - Request to /media/uploads/1_1734389779_image.jpg took 0.009915828704833984 seconds
2024-12-17 20:51:35,752 - application - DEBUG - after_request_time [__init__.py:44] - view (after_request): map
2024-12-17 20:51:35,754 - application - DEBUG - after_request_time [__init__.py:46] - template (after_request): None
2024-12-17 20:51:35,877 - application - DEBUG - after_request_time [__init__.py:42] - Request to /show_list/97 took 0.13051581382751465 seconds
2024-12-17 20:51:35,878 - application - DEBUG - after_request_time [__init__.py:44] - view (after_request): map
2024-12-17 20:51:35,879 - application - DEBUG - after_request_time [__init__.py:46] - template (after_request): lists/list.html.jinja
2024-12-17 20:51:35,918 - application - DEBUG - after_request_time [__init__.py:42] - Request to /show_list/98 took 0.14664435386657715 seconds
2024-12-17 20:51:35,920 - application - DEBUG - after_request_time [__init__.py:44] - view (after_request): map
2024-12-17 20:51:35,920 - application - DEBUG - after_request_time [__init__.py:46] - template (after_request): lists/list.html.jinja
2024-12-17 20:51:36,497 - application - DEBUG - after_request_time [__init__.py:42] - Request to /show_list/ took 0.8817760944366455 seconds
2024-12-17 20:51:36,497 - application - DEBUG - after_request_time [__init__.py:44] - view (after_request): map
2024-12-17 20:51:36,497 - application - DEBUG - after_request_time [__init__.py:46] - template (after_request): lists/list.html.jinja
2024-12-17 20:51:36,854 - application - DEBUG - after_request_time [__init__.py:42] - Request to /walkthrough/ took 0.002885103225708008 seconds
2024-12-17 20:51:36,854 - application - DEBUG - after_request_time [__init__.py:44] - view (after_request): None
2024-12-17 20:51:36,855 - application - DEBUG - after_request_time [__init__.py:46] - template (after_request): None
2024-12-17 20:51:36,870 - application - DEBUG - after_request_time [__init__.py:42] - Request to /walkthrough/steps took 0.004219770431518555 seconds
2024-12-17 20:51:36,871 - application - DEBUG - after_request_time [__init__.py:44] - view (after_request): None
2024-12-17 20:51:36,871 - application - DEBUG - after_request_time [__init__.py:46] - template (after_request): walkthrough/index.html.jinja
2024-12-17 20:51:36,931 - application - DEBUG - after_request_time [__init__.py:42] - Request to /static/js/bundle.js took 0.0024480819702148438 seconds
2024-12-17 20:51:36,932 - application - DEBUG - after_request_time [__init__.py:44] - view (after_request): None
2024-12-17 20:51:36,932 - application - DEBUG - after_request_time [__init__.py:46] - template (after_request): None
2024-12-17 20:51:36,933 - application - DEBUG - after_request_time [__init__.py:42] - Request to /static/css/main.css took 0.0029811859130859375 seconds
2024-12-17 20:51:36,935 - application - DEBUG - after_request_time [__init__.py:44] - view (after_request): None
2024-12-17 20:51:36,936 - application - DEBUG - after_request_time [__init__.py:46] - template (after_request): None
2024-12-17 20:51:36,957 - application - DEBUG - after_request_time [__init__.py:42] - Request to /static/person-circle.svg took 0.0007178783416748047 seconds
2024-12-17 20:51:36,957 - application - DEBUG - after_request_time [__init__.py:44] - view (after_request): None
2024-12-17 20:51:36,957 - application - DEBUG - after_request_time [__init__.py:46] - template (after_request): None
2024-12-17 20:51:36,969 - application - DEBUG - after_request_time [__init__.py:42] - Request to /static/css/color-mode.css took 0.0011661052703857422 seconds
2024-12-17 20:51:36,970 - application - DEBUG - after_request_time [__init__.py:44] - view (after_request): None
2024-12-17 20:51:36,970 - application - DEBUG - after_request_time [__init__.py:46] - template (after_request): None
2024-12-17 20:51:36,986 - application - DEBUG - after_request_time [__init__.py:42] - Request to /static/css/flash-message.css took 0.004128932952880859 seconds
2024-12-17 20:51:36,989 - application - DEBUG - after_request_time [__init__.py:42] - Request to /static/css/typography.css took 0.00541996955871582 seconds
2024-12-17 20:51:36,989 - application - DEBUG - after_request_time [__init__.py:44] - view (after_request): None
2024-12-17 20:51:36,991 - application - DEBUG - after_request_time [__init__.py:42] - Request to /static/css/sortables.css took 0.0033469200134277344 seconds
2024-12-17 20:51:36,991 - application - DEBUG - after_request_time [__init__.py:44] - view (after_request): None
2024-12-17 20:51:36,991 - application - DEBUG - after_request_time [__init__.py:46] - template (after_request): None
2024-12-17 20:51:36,992 - application - DEBUG - after_request_time [__init__.py:44] - view (after_request): None
2024-12-17 20:51:36,992 - application - DEBUG - after_request_time [__init__.py:46] - template (after_request): None
2024-12-17 20:51:36,993 - application - DEBUG - after_request_time [__init__.py:46] - template (after_request): None
2024-12-17 20:51:37,050 - application - DEBUG - after_request_time [__init__.py:42] - Request to /walkthrough/steps took 0.011030912399291992 seconds
2024-12-17 20:51:37,050 - application - DEBUG - after_request_time [__init__.py:44] - view (after_request): None
2024-12-17 20:51:37,051 - application - DEBUG - after_request_time [__init__.py:46] - template (after_request): walkthrough/parts/rename.html.jinja
2024-12-17 20:51:38,974 - application - DEBUG - after_request_time [__init__.py:42] - Request to / took 0.0012569427490234375 seconds
2024-12-17 20:51:38,974 - application - DEBUG - after_request_time [__init__.py:44] - view (after_request): None
2024-12-17 20:51:38,975 - application - DEBUG - after_request_time [__init__.py:46] - template (after_request): None
2024-12-17 20:51:39,208 - application - DEBUG - after_request_time [__init__.py:42] - Request to /map/ took 0.05824589729309082 seconds
2024-12-17 20:51:39,208 - application - DEBUG - after_request_time [__init__.py:44] - view (after_request): map
2024-12-17 20:51:39,208 - application - DEBUG - after_request_time [__init__.py:46] - template (after_request): map/index.html.jinja
2024-12-17 20:51:39,339 - application - DEBUG - after_request_time [__init__.py:42] - Request to /show_list/ took 0.0317838191986084 seconds
2024-12-17 20:51:39,340 - application - DEBUG - after_request_time [__init__.py:44] - view (after_request): map
2024-12-17 20:51:39,341 - application - DEBUG - after_request_time [__init__.py:46] - template (after_request): lists/list.html.jinja
2024-12-17 20:51:39,423 - application - DEBUG - after_request_time [__init__.py:42] - Request to /show_photo_entry/36 took 0.03481602668762207 seconds
2024-12-17 20:51:39,424 - application - DEBUG - after_request_time [__init__.py:44] - view (after_request): map
2024-12-17 20:51:39,426 - application - DEBUG - after_request_time [__init__.py:46] - template (after_request): lists/model/photo.html.jinja
2024-12-17 20:51:39,426 - application - DEBUG - after_request_time [__init__.py:42] - Request to /show_photo_entry/37 took 0.0332798957824707 seconds
2024-12-17 20:51:39,430 - application - DEBUG - after_request_time [__init__.py:44] - view (after_request): map
2024-12-17 20:51:39,430 - application - DEBUG - after_request_time [__init__.py:46] - template (after_request): lists/model/photo.html.jinja
2024-12-17 20:51:39,451 - application - DEBUG - after_request_time [__init__.py:42] - Request to /static/defaults/generic_room.jpg took 0.0023648738861083984 seconds
2024-12-17 20:51:39,451 - application - DEBUG - after_request_time [__init__.py:44] - view (after_request): map
2024-12-17 20:51:39,452 - application - DEBUG - after_request_time [__init__.py:46] - template (after_request): None
2024-12-17 20:51:39,481 - application - DEBUG - after_request_time [__init__.py:42] - Request to /media/uploads/1_1734389779_image.jpg took 0.013010978698730469 seconds
2024-12-17 20:51:39,490 - application - DEBUG - after_request_time [__init__.py:44] - view (after_request): map
2024-12-17 20:51:39,491 - application - DEBUG - after_request_time [__init__.py:46] - template (after_request): None
2024-12-17 20:51:39,605 - application - DEBUG - after_request_time [__init__.py:42] - Request to /show_list/97 took 0.12628483772277832 seconds
2024-12-17 20:51:39,607 - application - DEBUG - after_request_time [__init__.py:44] - view (after_request): map
2024-12-17 20:51:39,608 - application - DEBUG - after_request_time [__init__.py:46] - template (after_request): lists/list.html.jinja
2024-12-17 20:51:39,632 - application - DEBUG - after_request_time [__init__.py:42] - Request to /show_list/98 took 0.11934709548950195 seconds
2024-12-17 20:51:39,633 - application - DEBUG - after_request_time [__init__.py:44] - view (after_request): map
2024-12-17 20:51:39,633 - application - DEBUG - after_request_time [__init__.py:46] - template (after_request): lists/list.html.jinja
2024-12-17 20:51:40,264 - application - DEBUG - after_request_time [__init__.py:42] - Request to /show_list/ took 0.9604330062866211 seconds
2024-12-17 20:51:40,264 - application - DEBUG - after_request_time [__init__.py:44] - view (after_request): map
2024-12-17 20:51:40,264 - application - DEBUG - after_request_time [__init__.py:46] - template (after_request): lists/list.html.jinja
2024-12-17 20:51:40,387 - application - DEBUG - after_request_time [__init__.py:42] - Request to /walkthrough/ took 0.002363920211791992 seconds
2024-12-17 20:51:40,387 - application - DEBUG - after_request_time [__init__.py:44] - view (after_request): None
2024-12-17 20:51:40,388 - application - DEBUG - after_request_time [__init__.py:46] - template (after_request): None
2024-12-17 20:51:40,402 - application - DEBUG - after_request_time [__init__.py:42] - Request to /walkthrough/steps took 0.004327058792114258 seconds
2024-12-17 20:51:40,403 - application - DEBUG - after_request_time [__init__.py:44] - view (after_request): None
2024-12-17 20:51:40,403 - application - DEBUG - after_request_time [__init__.py:46] - template (after_request): walkthrough/index.html.jinja
2024-12-17 20:51:40,465 - application - DEBUG - after_request_time [__init__.py:42] - Request to /static/css/main.css took 0.001302957534790039 seconds
2024-12-17 20:51:40,465 - application - DEBUG - after_request_time [__init__.py:44] - view (after_request): None
2024-12-17 20:51:40,466 - application - DEBUG - after_request_time [__init__.py:46] - template (after_request): None
2024-12-17 20:51:40,473 - application - DEBUG - after_request_time [__init__.py:42] - Request to /static/js/bundle.js took 0.001508951187133789 seconds
2024-12-17 20:51:40,473 - application - DEBUG - after_request_time [__init__.py:44] - view (after_request): None
2024-12-17 20:51:40,474 - application - DEBUG - after_request_time [__init__.py:46] - template (after_request): None
2024-12-17 20:51:40,499 - application - DEBUG - after_request_time [__init__.py:42] - Request to /static/person-circle.svg took 0.0014951229095458984 seconds
2024-12-17 20:51:40,499 - application - DEBUG - after_request_time [__init__.py:44] - view (after_request): None
2024-12-17 20:51:40,499 - application - DEBUG - after_request_time [__init__.py:46] - template (after_request): None
2024-12-17 20:51:40,516 - application - DEBUG - after_request_time [__init__.py:42] - Request to /static/css/color-mode.css took 0.0017321109771728516 seconds
2024-12-17 20:51:40,525 - application - DEBUG - after_request_time [__init__.py:44] - view (after_request): None
2024-12-17 20:51:40,526 - application - DEBUG - after_request_time [__init__.py:42] - Request to /static/css/sortables.css took 0.0019080638885498047 seconds
2024-12-17 20:51:40,526 - application - DEBUG - after_request_time [__init__.py:42] - Request to /static/css/flash-message.css took 0.0015680789947509766 seconds
2024-12-17 20:51:40,526 - application - DEBUG - after_request_time [__init__.py:46] - template (after_request): None
2024-12-17 20:51:40,527 - application - DEBUG - after_request_time [__init__.py:42] - Request to /static/css/typography.css took 0.0029387474060058594 seconds
2024-12-17 20:51:40,527 - application - DEBUG - after_request_time [__init__.py:44] - view (after_request): None
2024-12-17 20:51:40,528 - application - DEBUG - after_request_time [__init__.py:44] - view (after_request): None
2024-12-17 20:51:40,529 - application - DEBUG - after_request_time [__init__.py:44] - view (after_request): None
2024-12-17 20:51:40,529 - application - DEBUG - after_request_time [__init__.py:46] - template (after_request): None
2024-12-17 20:51:40,530 - application - DEBUG - after_request_time [__init__.py:46] - template (after_request): None
2024-12-17 20:51:40,530 - application - DEBUG - after_request_time [__init__.py:46] - template (after_request): None
2024-12-17 20:51:40,595 - application - DEBUG - after_request_time [__init__.py:42] - Request to /walkthrough/steps took 0.011363744735717773 seconds
2024-12-17 20:51:40,595 - application - DEBUG - after_request_time [__init__.py:44] - view (after_request): None
2024-12-17 20:51:40,595 - application - DEBUG - after_request_time [__init__.py:46] - template (after_request): walkthrough/parts/rename.html.jinja
2024-12-17 20:52:48,583 - application - DEBUG - after_request_time [__init__.py:42] - Request to / took 0.0008187294006347656 seconds
2024-12-17 20:52:48,583 - application - DEBUG - after_request_time [__init__.py:44] - view (after_request): None
2024-12-17 20:52:48,583 - application - DEBUG - after_request_time [__init__.py:46] - template (after_request): None
2024-12-17 20:52:48,641 - application - DEBUG - after_request_time [__init__.py:42] - Request to /map/ took 0.04540395736694336 seconds
2024-12-17 20:52:48,642 - application - DEBUG - after_request_time [__init__.py:44] - view (after_request): map
2024-12-17 20:52:48,642 - application - DEBUG - after_request_time [__init__.py:46] - template (after_request): map/index.html.jinja
2024-12-17 20:52:48,776 - application - DEBUG - after_request_time [__init__.py:42] - Request to /show_list/ took 0.03249692916870117 seconds
2024-12-17 20:52:48,777 - application - DEBUG - after_request_time [__init__.py:44] - view (after_request): map
2024-12-17 20:52:48,780 - application - DEBUG - after_request_time [__init__.py:46] - template (after_request): lists/list.html.jinja
2024-12-17 20:52:48,838 - application - DEBUG - after_request_time [__init__.py:42] - Request to /show_photo_entry/36 took 0.016325950622558594 seconds
2024-12-17 20:52:48,838 - application - DEBUG - after_request_time [__init__.py:44] - view (after_request): map
2024-12-17 20:52:48,839 - application - DEBUG - after_request_time [__init__.py:46] - template (after_request): lists/model/photo.html.jinja
2024-12-17 20:52:48,842 - application - DEBUG - after_request_time [__init__.py:42] - Request to /show_photo_entry/37 took 0.017642974853515625 seconds
2024-12-17 20:52:48,846 - application - DEBUG - after_request_time [__init__.py:44] - view (after_request): map
2024-12-17 20:52:48,847 - application - DEBUG - after_request_time [__init__.py:46] - template (after_request): lists/model/photo.html.jinja
2024-12-17 20:52:48,860 - application - DEBUG - after_request_time [__init__.py:42] - Request to /static/defaults/generic_room.jpg took 0.0024759769439697266 seconds
2024-12-17 20:52:48,865 - application - DEBUG - after_request_time [__init__.py:44] - view (after_request): map
2024-12-17 20:52:48,868 - application - DEBUG - after_request_time [__init__.py:46] - template (after_request): None
2024-12-17 20:52:48,881 - application - DEBUG - after_request_time [__init__.py:42] - Request to /media/uploads/1_1734389779_image.jpg took 0.012861967086791992 seconds
2024-12-17 20:52:48,884 - application - DEBUG - after_request_time [__init__.py:44] - view (after_request): map
2024-12-17 20:52:48,887 - application - DEBUG - after_request_time [__init__.py:46] - template (after_request): None
2024-12-17 20:52:49,017 - application - DEBUG - after_request_time [__init__.py:42] - Request to /show_list/98 took 0.12569880485534668 seconds
2024-12-17 20:52:49,019 - application - DEBUG - after_request_time [__init__.py:44] - view (after_request): map
2024-12-17 20:52:49,021 - application - DEBUG - after_request_time [__init__.py:46] - template (after_request): lists/list.html.jinja
2024-12-17 20:52:49,024 - application - DEBUG - after_request_time [__init__.py:42] - Request to /show_list/97 took 0.14720797538757324 seconds
2024-12-17 20:52:49,028 - application - DEBUG - after_request_time [__init__.py:44] - view (after_request): map
2024-12-17 20:52:49,029 - application - DEBUG - after_request_time [__init__.py:46] - template (after_request): lists/list.html.jinja
2024-12-17 20:52:49,620 - application - DEBUG - after_request_time [__init__.py:42] - Request to /show_list/ took 0.869800329208374 seconds
2024-12-17 20:52:49,620 - application - DEBUG - after_request_time [__init__.py:44] - view (after_request): map
2024-12-17 20:52:49,620 - application - DEBUG - after_request_time [__init__.py:46] - template (after_request): lists/list.html.jinja
2024-12-17 20:52:50,224 - application - DEBUG - after_request_time [__init__.py:42] - Request to /walkthrough/ took 0.0019140243530273438 seconds
2024-12-17 20:52:50,224 - application - DEBUG - after_request_time [__init__.py:44] - view (after_request): None
2024-12-17 20:52:50,225 - application - DEBUG - after_request_time [__init__.py:46] - template (after_request): None
2024-12-17 20:52:50,242 - application - DEBUG - after_request_time [__init__.py:42] - Request to /walkthrough/steps took 0.0035920143127441406 seconds
2024-12-17 20:52:50,242 - application - DEBUG - after_request_time [__init__.py:44] - view (after_request): None
2024-12-17 20:52:50,242 - application - DEBUG - after_request_time [__init__.py:46] - template (after_request): walkthrough/index.html.jinja
2024-12-17 20:52:50,319 - application - DEBUG - after_request_time [__init__.py:42] - Request to /static/css/main.css took 0.0012679100036621094 seconds
2024-12-17 20:52:50,319 - application - DEBUG - after_request_time [__init__.py:44] - view (after_request): None
2024-12-17 20:52:50,320 - application - DEBUG - after_request_time [__init__.py:46] - template (after_request): None
2024-12-17 20:52:50,328 - application - DEBUG - after_request_time [__init__.py:42] - Request to /static/js/bundle.js took 0.0009829998016357422 seconds
2024-12-17 20:52:50,328 - application - DEBUG - after_request_time [__init__.py:44] - view (after_request): None
2024-12-17 20:52:50,329 - application - DEBUG - after_request_time [__init__.py:46] - template (after_request): None
2024-12-17 20:52:50,346 - application - DEBUG - after_request_time [__init__.py:42] - Request to /static/person-circle.svg took 0.001085042953491211 seconds
2024-12-17 20:52:50,346 - application - DEBUG - after_request_time [__init__.py:44] - view (after_request): None
2024-12-17 20:52:50,347 - application - DEBUG - after_request_time [__init__.py:46] - template (after_request): None
2024-12-17 20:52:50,370 - application - DEBUG - after_request_time [__init__.py:42] - Request to /static/css/color-mode.css took 0.0017101764678955078 seconds
2024-12-17 20:52:50,374 - application - DEBUG - after_request_time [__init__.py:44] - view (after_request): None
2024-12-17 20:52:50,376 - application - DEBUG - after_request_time [__init__.py:46] - template (after_request): None
2024-12-17 20:52:50,377 - application - DEBUG - after_request_time [__init__.py:42] - Request to /static/css/flash-message.css took 0.004543304443359375 seconds
2024-12-17 20:52:50,380 - application - DEBUG - after_request_time [__init__.py:42] - Request to /static/css/typography.css took 0.0035152435302734375 seconds
2024-12-17 20:52:50,381 - application - DEBUG - after_request_time [__init__.py:42] - Request to /static/css/sortables.css took 0.002552032470703125 seconds
2024-12-17 20:52:50,382 - application - DEBUG - after_request_time [__init__.py:44] - view (after_request): None
2024-12-17 20:52:50,382 - application - DEBUG - after_request_time [__init__.py:44] - view (after_request): None
2024-12-17 20:52:50,382 - application - DEBUG - after_request_time [__init__.py:44] - view (after_request): None
2024-12-17 20:52:50,383 - application - DEBUG - after_request_time [__init__.py:46] - template (after_request): None
2024-12-17 20:52:50,383 - application - DEBUG - after_request_time [__init__.py:46] - template (after_request): None
2024-12-17 20:52:50,384 - application - DEBUG - after_request_time [__init__.py:46] - template (after_request): None
2024-12-17 20:52:50,441 - application - DEBUG - after_request_time [__init__.py:42] - Request to /walkthrough/steps took 0.010915040969848633 seconds
2024-12-17 20:52:50,441 - application - DEBUG - after_request_time [__init__.py:44] - view (after_request): None
2024-12-17 20:52:50,441 - application - DEBUG - after_request_time [__init__.py:46] - template (after_request): walkthrough/parts/rename.html.jinja
2024-12-17 20:52:52,704 - application - DEBUG - after_request_time [__init__.py:42] - Request to /walkthrough/steps took 0.014541864395141602 seconds
2024-12-17 20:52:52,704 - application - DEBUG - after_request_time [__init__.py:44] - view (after_request): None
2024-12-17 20:52:52,704 - application - DEBUG - after_request_time [__init__.py:46] - template (after_request): walkthrough/parts/rename.html.jinja
2024-12-17 20:52:53,902 - application - DEBUG - after_request_time [__init__.py:42] - Request to /walkthrough/steps took 0.011158943176269531 seconds
2024-12-17 20:52:53,903 - application - DEBUG - after_request_time [__init__.py:44] - view (after_request): None
2024-12-17 20:52:53,903 - application - DEBUG - after_request_time [__init__.py:46] - template (after_request): walkthrough/parts/rename.html.jinja
2024-12-17 20:52:59,942 - application - DEBUG - after_request_time [__init__.py:42] - Request to / took 0.000843048095703125 seconds
2024-12-17 20:52:59,942 - application - DEBUG - after_request_time [__init__.py:44] - view (after_request): None
2024-12-17 20:52:59,942 - application - DEBUG - after_request_time [__init__.py:46] - template (after_request): None
2024-12-17 20:52:59,998 - application - DEBUG - after_request_time [__init__.py:42] - Request to /map/ took 0.04575300216674805 seconds
2024-12-17 20:52:59,998 - application - DEBUG - after_request_time [__init__.py:44] - view (after_request): map
2024-12-17 20:52:59,998 - application - DEBUG - after_request_time [__init__.py:46] - template (after_request): map/index.html.jinja
2024-12-17 20:53:00,141 - application - DEBUG - after_request_time [__init__.py:42] - Request to /show_list/ took 0.025439977645874023 seconds
2024-12-17 20:53:00,141 - application - DEBUG - after_request_time [__init__.py:44] - view (after_request): map
2024-12-17 20:53:00,143 - application - DEBUG - after_request_time [__init__.py:46] - template (after_request): lists/list.html.jinja
2024-12-17 20:53:00,198 - application - DEBUG - after_request_time [__init__.py:42] - Request to /show_photo_entry/36 took 0.017544031143188477 seconds
2024-12-17 20:53:00,200 - application - DEBUG - after_request_time [__init__.py:42] - Request to /show_photo_entry/37 took 0.016234874725341797 seconds
2024-12-17 20:53:00,200 - application - DEBUG - after_request_time [__init__.py:44] - view (after_request): map
2024-12-17 20:53:00,201 - application - DEBUG - after_request_time [__init__.py:44] - view (after_request): map
2024-12-17 20:53:00,202 - application - DEBUG - after_request_time [__init__.py:46] - template (after_request): lists/model/photo.html.jinja
2024-12-17 20:53:00,202 - application - DEBUG - after_request_time [__init__.py:46] - template (after_request): lists/model/photo.html.jinja
2024-12-17 20:53:00,226 - application - DEBUG - after_request_time [__init__.py:42] - Request to /static/defaults/generic_room.jpg took 0.004095315933227539 seconds
2024-12-17 20:53:00,227 - application - DEBUG - after_request_time [__init__.py:44] - view (after_request): map
2024-12-17 20:53:00,229 - application - DEBUG - after_request_time [__init__.py:46] - template (after_request): None
2024-12-17 20:53:00,231 - application - DEBUG - after_request_time [__init__.py:42] - Request to /media/uploads/1_1734389779_image.jpg took 0.004589080810546875 seconds
2024-12-17 20:53:00,233 - application - DEBUG - after_request_time [__init__.py:44] - view (after_request): map
2024-12-17 20:53:00,233 - application - DEBUG - after_request_time [__init__.py:46] - template (after_request): None
2024-12-17 20:53:00,374 - application - DEBUG - after_request_time [__init__.py:42] - Request to /show_list/98 took 0.12443304061889648 seconds
2024-12-17 20:53:00,375 - application - DEBUG - after_request_time [__init__.py:42] - Request to /show_list/97 took 0.12926626205444336 seconds
2024-12-17 20:53:00,377 - application - DEBUG - after_request_time [__init__.py:44] - view (after_request): map
2024-12-17 20:53:00,377 - application - DEBUG - after_request_time [__init__.py:44] - view (after_request): map
2024-12-17 20:53:00,379 - application - DEBUG - after_request_time [__init__.py:46] - template (after_request): lists/list.html.jinja
2024-12-17 20:53:00,379 - application - DEBUG - after_request_time [__init__.py:46] - template (after_request): lists/list.html.jinja
2024-12-17 20:53:00,895 - application - DEBUG - after_request_time [__init__.py:42] - Request to /show_list/ took 0.8202188014984131 seconds
2024-12-17 20:53:00,895 - application - DEBUG - after_request_time [__init__.py:44] - view (after_request): map
2024-12-17 20:53:00,895 - application - DEBUG - after_request_time [__init__.py:46] - template (after_request): lists/list.html.jinja
2024-12-17 20:53:04,030 - application - DEBUG - after_request_time [__init__.py:42] - Request to /walkthrough/Basement 2/rename took 0.006812334060668945 seconds
2024-12-17 20:53:04,030 - application - DEBUG - after_request_time [__init__.py:44] - view (after_request): rename
2024-12-17 20:53:04,031 - application - DEBUG - after_request_time [__init__.py:46] - template (after_request): None
2024-12-17 20:53:04,051 - application - DEBUG - after_request_time [__init__.py:42] - Request to /walkthrough/steps took 0.009322166442871094 seconds
2024-12-17 20:53:04,051 - application - DEBUG - after_request_time [__init__.py:44] - view (after_request): rename
2024-12-17 20:53:04,051 - application - DEBUG - after_request_time [__init__.py:46] - template (after_request): walkthrough/parts/rename.html.jinja
2024-12-17 20:53:06,995 - application - DEBUG - after_request_time [__init__.py:42] - Request to /walkthrough/ took 0.0017161369323730469 seconds
2024-12-17 20:53:06,996 - application - DEBUG - after_request_time [__init__.py:44] - view (after_request): None
2024-12-17 20:53:06,996 - application - DEBUG - after_request_time [__init__.py:46] - template (after_request): None
2024-12-17 20:53:07,014 - application - DEBUG - after_request_time [__init__.py:42] - Request to /walkthrough/steps took 0.003679990768432617 seconds
2024-12-17 20:53:07,015 - application - DEBUG - after_request_time [__init__.py:44] - view (after_request): None
2024-12-17 20:53:07,015 - application - DEBUG - after_request_time [__init__.py:46] - template (after_request): walkthrough/index.html.jinja
2024-12-17 20:53:07,067 - application - DEBUG - after_request_time [__init__.py:42] - Request to /static/js/bundle.js took 0.0016210079193115234 seconds
2024-12-17 20:53:07,068 - application - DEBUG - after_request_time [__init__.py:42] - Request to /static/css/main.css took 0.0017957687377929688 seconds
2024-12-17 20:53:07,068 - application - DEBUG - after_request_time [__init__.py:44] - view (after_request): None
2024-12-17 20:53:07,068 - application - DEBUG - after_request_time [__init__.py:44] - view (after_request): None
2024-12-17 20:53:07,069 - application - DEBUG - after_request_time [__init__.py:46] - template (after_request): None
2024-12-17 20:53:07,070 - application - DEBUG - after_request_time [__init__.py:46] - template (after_request): None
2024-12-17 20:53:07,103 - application - DEBUG - after_request_time [__init__.py:42] - Request to /static/person-circle.svg took 0.0014710426330566406 seconds
2024-12-17 20:53:07,104 - application - DEBUG - after_request_time [__init__.py:44] - view (after_request): None
2024-12-17 20:53:07,104 - application - DEBUG - after_request_time [__init__.py:46] - template (after_request): None
2024-12-17 20:53:07,126 - application - DEBUG - after_request_time [__init__.py:42] - Request to /static/css/color-mode.css took 0.003365039825439453 seconds
2024-12-17 20:53:07,128 - application - DEBUG - after_request_time [__init__.py:42] - Request to /static/css/flash-message.css took 0.002413034439086914 seconds
2024-12-17 20:53:07,128 - application - DEBUG - after_request_time [__init__.py:44] - view (after_request): None
2024-12-17 20:53:07,130 - application - DEBUG - after_request_time [__init__.py:44] - view (after_request): None
2024-12-17 20:53:07,131 - application - DEBUG - after_request_time [__init__.py:42] - Request to /static/css/typography.css took 0.004151105880737305 seconds
2024-12-17 20:53:07,132 - application - DEBUG - after_request_time [__init__.py:42] - Request to /static/css/sortables.css took 0.0009789466857910156 seconds
2024-12-17 20:53:07,133 - application - DEBUG - after_request_time [__init__.py:46] - template (after_request): None
2024-12-17 20:53:07,133 - application - DEBUG - after_request_time [__init__.py:46] - template (after_request): None
2024-12-17 20:53:07,133 - application - DEBUG - after_request_time [__init__.py:44] - view (after_request): None
2024-12-17 20:53:07,133 - application - DEBUG - after_request_time [__init__.py:44] - view (after_request): None
2024-12-17 20:53:07,137 - application - DEBUG - after_request_time [__init__.py:46] - template (after_request): None
2024-12-17 20:53:07,137 - application - DEBUG - after_request_time [__init__.py:46] - template (after_request): None
2024-12-17 20:53:07,198 - application - DEBUG - after_request_time [__init__.py:42] - Request to /walkthrough/steps took 0.010590314865112305 seconds
2024-12-17 20:53:07,198 - application - DEBUG - after_request_time [__init__.py:44] - view (after_request): None
2024-12-17 20:53:07,198 - application - DEBUG - after_request_time [__init__.py:46] - template (after_request): walkthrough/parts/rename.html.jinja
2024-12-17 20:53:09,109 - application - DEBUG - after_request_time [__init__.py:42] - Request to /walkthrough/steps took 0.015893936157226562 seconds
2024-12-17 20:53:09,110 - application - DEBUG - after_request_time [__init__.py:44] - view (after_request): None
2024-12-17 20:53:09,110 - application - DEBUG - after_request_time [__init__.py:46] - template (after_request): walkthrough/parts/rename.html.jinja
2024-12-17 20:53:10,076 - application - DEBUG - after_request_time [__init__.py:42] - Request to /walkthrough/steps took 0.009641885757446289 seconds
2024-12-17 20:53:10,076 - application - DEBUG - after_request_time [__init__.py:44] - view (after_request): None
2024-12-17 20:53:10,077 - application - DEBUG - after_request_time [__init__.py:46] - template (after_request): walkthrough/parts/rename.html.jinja
2024-12-17 20:53:10,426 - application - DEBUG - after_request_time [__init__.py:42] - Request to /walkthrough/steps took 0.012372970581054688 seconds
2024-12-17 20:53:10,426 - application - DEBUG - after_request_time [__init__.py:44] - view (after_request): None
2024-12-17 20:53:10,427 - application - DEBUG - after_request_time [__init__.py:46] - template (after_request): walkthrough/parts/rename.html.jinja
2024-12-17 20:53:13,178 - application - DEBUG - after_request_time [__init__.py:42] - Request to /walkthrough/steps took 0.011999130249023438 seconds
2024-12-17 20:53:13,178 - application - DEBUG - after_request_time [__init__.py:44] - view (after_request): None
2024-12-17 20:53:13,178 - application - DEBUG - after_request_time [__init__.py:46] - template (after_request): walkthrough/parts/rename.html.jinja
2024-12-17 20:53:25,498 - application - DEBUG - after_request_time [__init__.py:42] - Request to / took 0.000885009765625 seconds
2024-12-17 20:53:25,498 - application - DEBUG - after_request_time [__init__.py:44] - view (after_request): None
2024-12-17 20:53:25,499 - application - DEBUG - after_request_time [__init__.py:46] - template (after_request): None
2024-12-17 20:53:25,554 - application - DEBUG - after_request_time [__init__.py:42] - Request to /map/ took 0.04142403602600098 seconds
2024-12-17 20:53:25,555 - application - DEBUG - after_request_time [__init__.py:44] - view (after_request): map
2024-12-17 20:53:25,555 - application - DEBUG - after_request_time [__init__.py:46] - template (after_request): map/index.html.jinja
2024-12-17 20:53:25,678 - application - DEBUG - after_request_time [__init__.py:42] - Request to /show_list/ took 0.029034852981567383 seconds
2024-12-17 20:53:25,679 - application - DEBUG - after_request_time [__init__.py:44] - view (after_request): map
2024-12-17 20:53:25,680 - application - DEBUG - after_request_time [__init__.py:46] - template (after_request): lists/list.html.jinja
2024-12-17 20:53:25,738 - application - DEBUG - after_request_time [__init__.py:42] - Request to /show_photo_entry/36 took 0.017060041427612305 seconds
2024-12-17 20:53:25,740 - application - DEBUG - after_request_time [__init__.py:42] - Request to /show_photo_entry/37 took 0.015764951705932617 seconds
2024-12-17 20:53:25,740 - application - DEBUG - after_request_time [__init__.py:44] - view (after_request): map
2024-12-17 20:53:25,741 - application - DEBUG - after_request_time [__init__.py:44] - view (after_request): map
2024-12-17 20:53:25,742 - application - DEBUG - after_request_time [__init__.py:46] - template (after_request): lists/model/photo.html.jinja
2024-12-17 20:53:25,742 - application - DEBUG - after_request_time [__init__.py:46] - template (after_request): lists/model/photo.html.jinja
2024-12-17 20:53:25,764 - application - DEBUG - after_request_time [__init__.py:42] - Request to /static/defaults/generic_room.jpg took 0.002254009246826172 seconds
2024-12-17 20:53:25,767 - application - DEBUG - after_request_time [__init__.py:44] - view (after_request): map
2024-12-17 20:53:25,768 - application - DEBUG - after_request_time [__init__.py:46] - template (after_request): None
2024-12-17 20:53:25,773 - application - DEBUG - after_request_time [__init__.py:42] - Request to /media/uploads/1_1734389779_image.jpg took 0.0067441463470458984 seconds
2024-12-17 20:53:25,776 - application - DEBUG - after_request_time [__init__.py:44] - view (after_request): map
2024-12-17 20:53:25,778 - application - DEBUG - after_request_time [__init__.py:46] - template (after_request): None
2024-12-17 20:53:25,899 - application - DEBUG - after_request_time [__init__.py:42] - Request to /show_list/97 took 0.11424422264099121 seconds
2024-12-17 20:53:25,901 - application - DEBUG - after_request_time [__init__.py:44] - view (after_request): map
2024-12-17 20:53:25,902 - application - DEBUG - after_request_time [__init__.py:46] - template (after_request): lists/list.html.jinja
2024-12-17 20:53:25,934 - application - DEBUG - after_request_time [__init__.py:42] - Request to /show_list/98 took 0.14221692085266113 seconds
2024-12-17 20:53:25,941 - application - DEBUG - after_request_time [__init__.py:44] - view (after_request): map
2024-12-17 20:53:25,943 - application - DEBUG - after_request_time [__init__.py:46] - template (after_request): lists/list.html.jinja
2024-12-17 20:53:26,476 - application - DEBUG - after_request_time [__init__.py:42] - Request to /show_list/ took 0.8258380889892578 seconds
2024-12-17 20:53:26,477 - application - DEBUG - after_request_time [__init__.py:44] - view (after_request): map
2024-12-17 20:53:26,477 - application - DEBUG - after_request_time [__init__.py:46] - template (after_request): lists/list.html.jinja
2024-12-17 20:53:30,335 - application - DEBUG - after_request_time [__init__.py:42] - Request to /walkthrough/ took 0.001401662826538086 seconds
2024-12-17 20:53:30,335 - application - DEBUG - after_request_time [__init__.py:44] - view (after_request): None
2024-12-17 20:53:30,335 - application - DEBUG - after_request_time [__init__.py:46] - template (after_request): None
2024-12-17 20:53:30,352 - application - DEBUG - after_request_time [__init__.py:42] - Request to /walkthrough/steps took 0.003474712371826172 seconds
2024-12-17 20:53:30,352 - application - DEBUG - after_request_time [__init__.py:44] - view (after_request): None
2024-12-17 20:53:30,352 - application - DEBUG - after_request_time [__init__.py:46] - template (after_request): walkthrough/index.html.jinja
2024-12-17 20:53:30,421 - application - DEBUG - after_request_time [__init__.py:42] - Request to /static/css/main.css took 0.0041980743408203125 seconds
2024-12-17 20:53:30,422 - application - DEBUG - after_request_time [__init__.py:44] - view (after_request): None
2024-12-17 20:53:30,422 - application - DEBUG - after_request_time [__init__.py:46] - template (after_request): None
2024-12-17 20:53:30,424 - application - DEBUG - after_request_time [__init__.py:42] - Request to /static/js/bundle.js took 0.004022836685180664 seconds
2024-12-17 20:53:30,426 - application - DEBUG - after_request_time [__init__.py:44] - view (after_request): None
2024-12-17 20:53:30,427 - application - DEBUG - after_request_time [__init__.py:46] - template (after_request): None
2024-12-17 20:53:30,444 - application - DEBUG - after_request_time [__init__.py:42] - Request to /static/person-circle.svg took 0.0010020732879638672 seconds
2024-12-17 20:53:30,444 - application - DEBUG - after_request_time [__init__.py:44] - view (after_request): None
2024-12-17 20:53:30,444 - application - DEBUG - after_request_time [__init__.py:46] - template (after_request): None
2024-12-17 20:53:30,470 - application - DEBUG - after_request_time [__init__.py:42] - Request to /static/css/color-mode.css took 0.0047359466552734375 seconds
2024-12-17 20:53:30,471 - application - DEBUG - after_request_time [__init__.py:42] - Request to /static/css/typography.css took 0.003058910369873047 seconds
2024-12-17 20:53:30,473 - application - DEBUG - after_request_time [__init__.py:42] - Request to /static/css/flash-message.css took 0.004193782806396484 seconds
2024-12-17 20:53:30,473 - application - DEBUG - after_request_time [__init__.py:44] - view (after_request): None
2024-12-17 20:53:30,474 - application - DEBUG - after_request_time [__init__.py:42] - Request to /static/css/sortables.css took 0.001764059066772461 seconds
2024-12-17 20:53:30,474 - application - DEBUG - after_request_time [__init__.py:44] - view (after_request): None
2024-12-17 20:53:30,474 - application - DEBUG - after_request_time [__init__.py:44] - view (after_request): None
2024-12-17 20:53:30,474 - application - DEBUG - after_request_time [__init__.py:46] - template (after_request): None
2024-12-17 20:53:30,475 - application - DEBUG - after_request_time [__init__.py:44] - view (after_request): None
2024-12-17 20:53:30,475 - application - DEBUG - after_request_time [__init__.py:46] - template (after_request): None
2024-12-17 20:53:30,475 - application - DEBUG - after_request_time [__init__.py:46] - template (after_request): None
2024-12-17 20:53:30,476 - application - DEBUG - after_request_time [__init__.py:46] - template (after_request): None
2024-12-17 20:53:30,540 - application - DEBUG - after_request_time [__init__.py:42] - Request to /walkthrough/steps took 0.012989997863769531 seconds
2024-12-17 20:53:30,540 - application - DEBUG - after_request_time [__init__.py:44] - view (after_request): None
2024-12-17 20:53:30,541 - application - DEBUG - after_request_time [__init__.py:46] - template (after_request): walkthrough/parts/rename.html.jinja
2024-12-17 21:08:53,991 - application - DEBUG - after_request_time [__init__.py:42] - Request to / took 0.0008168220520019531 seconds
2024-12-17 21:08:53,991 - application - DEBUG - after_request_time [__init__.py:44] - view (after_request): None
2024-12-17 21:08:53,991 - application - DEBUG - after_request_time [__init__.py:46] - template (after_request): None
2024-12-17 21:08:54,053 - application - DEBUG - after_request_time [__init__.py:42] - Request to /map/ took 0.04565000534057617 seconds
2024-12-17 21:08:54,053 - application - DEBUG - after_request_time [__init__.py:44] - view (after_request): map
2024-12-17 21:08:54,053 - application - DEBUG - after_request_time [__init__.py:46] - template (after_request): map/index.html.jinja
2024-12-17 21:08:54,172 - application - DEBUG - after_request_time [__init__.py:42] - Request to /show_list/ took 0.02922511100769043 seconds
2024-12-17 21:08:54,172 - application - DEBUG - after_request_time [__init__.py:44] - view (after_request): map
2024-12-17 21:08:54,173 - application - DEBUG - after_request_time [__init__.py:46] - template (after_request): lists/list.html.jinja
2024-12-17 21:08:54,229 - application - DEBUG - after_request_time [__init__.py:42] - Request to /show_photo_entry/36 took 0.016662120819091797 seconds
2024-12-17 21:08:54,232 - application - DEBUG - after_request_time [__init__.py:44] - view (after_request): map
2024-12-17 21:08:54,233 - application - DEBUG - after_request_time [__init__.py:42] - Request to /show_photo_entry/37 took 0.016477108001708984 seconds
2024-12-17 21:08:54,233 - application - DEBUG - after_request_time [__init__.py:46] - template (after_request): lists/model/photo.html.jinja
2024-12-17 21:08:54,233 - application - DEBUG - after_request_time [__init__.py:44] - view (after_request): map
2024-12-17 21:08:54,236 - application - DEBUG - after_request_time [__init__.py:46] - template (after_request): lists/model/photo.html.jinja
2024-12-17 21:08:54,256 - application - DEBUG - after_request_time [__init__.py:42] - Request to /static/defaults/generic_room.jpg took 0.0033791065216064453 seconds
2024-12-17 21:08:54,257 - application - DEBUG - after_request_time [__init__.py:44] - view (after_request): map
2024-12-17 21:08:54,258 - application - DEBUG - after_request_time [__init__.py:46] - template (after_request): None
2024-12-17 21:08:54,271 - application - DEBUG - after_request_time [__init__.py:42] - Request to /media/uploads/1_1734389779_image.jpg took 0.01189875602722168 seconds
2024-12-17 21:08:54,273 - application - DEBUG - after_request_time [__init__.py:44] - view (after_request): map
2024-12-17 21:08:54,275 - application - DEBUG - after_request_time [__init__.py:46] - template (after_request): None
2024-12-17 21:08:54,393 - application - DEBUG - after_request_time [__init__.py:42] - Request to /show_list/97 took 0.11961698532104492 seconds
2024-12-17 21:08:54,394 - application - DEBUG - after_request_time [__init__.py:44] - view (after_request): map
2024-12-17 21:08:54,395 - application - DEBUG - after_request_time [__init__.py:46] - template (after_request): lists/list.html.jinja
2024-12-17 21:08:54,433 - application - DEBUG - after_request_time [__init__.py:42] - Request to /show_list/98 took 0.15055370330810547 seconds
2024-12-17 21:08:54,439 - application - DEBUG - after_request_time [__init__.py:44] - view (after_request): map
2024-12-17 21:08:54,440 - application - DEBUG - after_request_time [__init__.py:46] - template (after_request): lists/list.html.jinja
2024-12-17 21:08:55,016 - application - DEBUG - after_request_time [__init__.py:42] - Request to /show_list/ took 0.8638961315155029 seconds
2024-12-17 21:08:55,016 - application - DEBUG - after_request_time [__init__.py:44] - view (after_request): map
2024-12-17 21:08:55,016 - application - DEBUG - after_request_time [__init__.py:46] - template (after_request): lists/list.html.jinja
2024-12-17 21:08:55,511 - application - DEBUG - after_request_time [__init__.py:42] - Request to /map/ took 0.04896903038024902 seconds
2024-12-17 21:08:55,512 - application - DEBUG - after_request_time [__init__.py:44] - view (after_request): map
2024-12-17 21:08:55,512 - application - DEBUG - after_request_time [__init__.py:46] - template (after_request): map/index.html.jinja
2024-12-17 21:08:55,582 - application - DEBUG - after_request_time [__init__.py:42] - Request to /static/css/main.css took 0.002850770950317383 seconds
2024-12-17 21:08:55,584 - application - DEBUG - after_request_time [__init__.py:44] - view (after_request): map
2024-12-17 21:08:55,584 - application - DEBUG - after_request_time [__init__.py:42] - Request to /static/js/bundle.js took 0.0009942054748535156 seconds
2024-12-17 21:08:55,585 - application - DEBUG - after_request_time [__init__.py:46] - template (after_request): None
2024-12-17 21:08:55,585 - application - DEBUG - after_request_time [__init__.py:44] - view (after_request): map
2024-12-17 21:08:55,587 - application - DEBUG - after_request_time [__init__.py:46] - template (after_request): None
2024-12-17 21:08:55,610 - application - DEBUG - after_request_time [__init__.py:42] - Request to /static/person-circle.svg took 0.0010001659393310547 seconds
2024-12-17 21:08:55,611 - application - DEBUG - after_request_time [__init__.py:44] - view (after_request): map
2024-12-17 21:08:55,612 - application - DEBUG - after_request_time [__init__.py:46] - template (after_request): None
2024-12-17 21:08:55,626 - application - DEBUG - after_request_time [__init__.py:42] - Request to /static/css/flash-message.css took 0.004504680633544922 seconds
2024-12-17 21:08:55,628 - application - DEBUG - after_request_time [__init__.py:42] - Request to /static/css/color-mode.css took 0.0070037841796875 seconds
2024-12-17 21:08:55,629 - application - DEBUG - after_request_time [__init__.py:44] - view (after_request): map
2024-12-17 21:08:55,632 - application - DEBUG - after_request_time [__init__.py:42] - Request to /static/css/typography.css took 0.0036830902099609375 seconds
2024-12-17 21:08:55,633 - application - DEBUG - after_request_time [__init__.py:44] - view (after_request): map
2024-12-17 21:08:55,635 - application - DEBUG - after_request_time [__init__.py:42] - Request to /static/css/sortables.css took 0.0016870498657226562 seconds
2024-12-17 21:08:55,635 - application - DEBUG - after_request_time [__init__.py:46] - template (after_request): None
2024-12-17 21:08:55,635 - application - DEBUG - after_request_time [__init__.py:44] - view (after_request): map
2024-12-17 21:08:55,635 - application - DEBUG - after_request_time [__init__.py:46] - template (after_request): None
2024-12-17 21:08:55,636 - application - DEBUG - after_request_time [__init__.py:44] - view (after_request): map
2024-12-17 21:08:55,637 - application - DEBUG - after_request_time [__init__.py:46] - template (after_request): None
2024-12-17 21:08:55,640 - application - DEBUG - after_request_time [__init__.py:46] - template (after_request): None
2024-12-17 21:08:55,723 - application - DEBUG - after_request_time [__init__.py:42] - Request to /show_list/ took 0.029892921447753906 seconds
2024-12-17 21:08:55,724 - application - DEBUG - after_request_time [__init__.py:44] - view (after_request): map
2024-12-17 21:08:55,725 - application - DEBUG - after_request_time [__init__.py:46] - template (after_request): lists/list.html.jinja
2024-12-17 21:08:55,792 - application - DEBUG - after_request_time [__init__.py:42] - Request to /show_photo_entry/36 took 0.02118706703186035 seconds
2024-12-17 21:08:55,792 - application - DEBUG - after_request_time [__init__.py:44] - view (after_request): map
2024-12-17 21:08:55,795 - application - DEBUG - after_request_time [__init__.py:42] - Request to /show_photo_entry/37 took 0.01962590217590332 seconds
2024-12-17 21:08:55,798 - application - DEBUG - after_request_time [__init__.py:46] - template (after_request): lists/model/photo.html.jinja
2024-12-17 21:08:55,800 - application - DEBUG - after_request_time [__init__.py:44] - view (after_request): map
2024-12-17 21:08:55,802 - application - DEBUG - after_request_time [__init__.py:46] - template (after_request): lists/model/photo.html.jinja
2024-12-17 21:08:55,825 - application - DEBUG - after_request_time [__init__.py:42] - Request to /static/defaults/generic_room.jpg took 0.00445103645324707 seconds
2024-12-17 21:08:55,827 - application - DEBUG - after_request_time [__init__.py:44] - view (after_request): map
2024-12-17 21:08:55,828 - application - DEBUG - after_request_time [__init__.py:46] - template (after_request): None
2024-12-17 21:08:55,831 - application - DEBUG - after_request_time [__init__.py:42] - Request to /media/uploads/1_1734389779_image.jpg took 0.0069429874420166016 seconds
2024-12-17 21:08:55,833 - application - DEBUG - after_request_time [__init__.py:44] - view (after_request): map
2024-12-17 21:08:55,835 - application - DEBUG - after_request_time [__init__.py:46] - template (after_request): None
2024-12-17 21:08:55,953 - application - DEBUG - after_request_time [__init__.py:42] - Request to /show_list/97 took 0.09357190132141113 seconds
2024-12-17 21:08:55,956 - application - DEBUG - after_request_time [__init__.py:44] - view (after_request): map
2024-12-17 21:08:55,956 - application - DEBUG - after_request_time [__init__.py:46] - template (after_request): lists/list.html.jinja
2024-12-17 21:08:55,976 - application - DEBUG - after_request_time [__init__.py:42] - Request to /show_list/98 took 0.11531281471252441 seconds
2024-12-17 21:08:55,977 - application - DEBUG - after_request_time [__init__.py:44] - view (after_request): map
2024-12-17 21:08:55,977 - application - DEBUG - after_request_time [__init__.py:46] - template (after_request): lists/list.html.jinja
2024-12-17 21:08:56,445 - application - DEBUG - after_request_time [__init__.py:42] - Request to /show_list/ took 0.7473931312561035 seconds
2024-12-17 21:08:56,445 - application - DEBUG - after_request_time [__init__.py:44] - view (after_request): map
2024-12-17 21:08:56,446 - application - DEBUG - after_request_time [__init__.py:46] - template (after_request): lists/list.html.jinja
