2024-12-22 17:46:49,603 - logs.logging_config - DEBUG - configure_logging [logging_config.py:178] - Application logging configured
2024-12-22 17:46:49,607 - logs.logging_config - INFO - configure_logging [logging_config.py:187] - Application started in production environment
2024-12-22 17:46:49,608 - application - DEBUG - create_app [__init__.py:28] - test2
2024-12-22 17:46:50,297 - application - DEBUG - after_request_time [__init__.py:42] - Request to / took 0.011279106140136719 seconds
2024-12-22 17:46:50,298 - application - DEBUG - after_request_time [__init__.py:44] - view (after_request): rooms
2024-12-22 17:46:50,299 - application - DEBUG - after_request_time [__init__.py:46] - template (after_request): None
2024-12-22 17:46:50,477 - application - DEBUG - after_request_time [__init__.py:42] - Request to /home/rooms/setup/2 took 0.13427472114562988 seconds
2024-12-22 17:46:50,478 - application - DEBUG - after_request_time [__init__.py:44] - view (after_request): rooms
2024-12-22 17:46:50,478 - application - DEBUG - after_request_time [__init__.py:46] - template (after_request): homes/create_rooms.html.jinja
2024-12-22 17:46:50,565 - application - DEBUG - after_request_time [__init__.py:42] - Request to /static/css/main.css took 0.012779712677001953 seconds
2024-12-22 17:46:50,566 - application - DEBUG - after_request_time [__init__.py:44] - view (after_request): rooms
2024-12-22 17:46:50,566 - application - DEBUG - after_request_time [__init__.py:46] - template (after_request): None
2024-12-22 17:46:50,569 - application - DEBUG - after_request_time [__init__.py:42] - Request to /static/js/bundle.js took 0.0019059181213378906 seconds
2024-12-22 17:46:50,569 - application - DEBUG - after_request_time [__init__.py:44] - view (after_request): rooms
2024-12-22 17:46:50,571 - application - DEBUG - after_request_time [__init__.py:46] - template (after_request): None
2024-12-22 17:46:50,602 - application - DEBUG - after_request_time [__init__.py:42] - Request to /static/css/flash-message.css took 0.0026361942291259766 seconds
2024-12-22 17:46:50,604 - application - DEBUG - after_request_time [__init__.py:42] - Request to /static/css/color-mode.css took 0.0032491683959960938 seconds
2024-12-22 17:46:50,604 - application - DEBUG - after_request_time [__init__.py:44] - view (after_request): rooms
2024-12-22 17:46:50,605 - application - DEBUG - after_request_time [__init__.py:44] - view (after_request): rooms
2024-12-22 17:46:50,606 - application - DEBUG - after_request_time [__init__.py:42] - Request to /static/css/typography.css took 0.0012547969818115234 seconds
2024-12-22 17:46:50,606 - application - DEBUG - after_request_time [__init__.py:46] - template (after_request): None
2024-12-22 17:46:50,607 - application - DEBUG - after_request_time [__init__.py:42] - Request to /static/css/sortables.css took 0.0018749237060546875 seconds
2024-12-22 17:46:50,607 - application - DEBUG - after_request_time [__init__.py:46] - template (after_request): None
2024-12-22 17:46:50,607 - application - DEBUG - after_request_time [__init__.py:44] - view (after_request): rooms
2024-12-22 17:46:50,609 - application - DEBUG - after_request_time [__init__.py:44] - view (after_request): rooms
2024-12-22 17:46:50,610 - application - DEBUG - after_request_time [__init__.py:46] - template (after_request): None
2024-12-22 17:46:50,611 - application - DEBUG - after_request_time [__init__.py:46] - template (after_request): None
2024-12-22 17:46:50,744 - application - DEBUG - after_request_time [__init__.py:42] - Request to /show_list/4 took 0.0825800895690918 seconds
2024-12-22 17:46:50,744 - application - DEBUG - after_request_time [__init__.py:44] - view (after_request): rooms
2024-12-22 17:46:50,747 - application - DEBUG - after_request_time [__init__.py:46] - template (after_request): lists/list.html.jinja
2024-12-22 17:46:50,810 - application - DEBUG - after_request_time [__init__.py:42] - Request to /show_list/ took 0.1533961296081543 seconds
2024-12-22 17:46:50,811 - application - DEBUG - after_request_time [__init__.py:44] - view (after_request): rooms
2024-12-22 17:46:50,812 - application - DEBUG - after_request_time [__init__.py:46] - template (after_request): lists/list.html.jinja
2024-12-22 17:46:50,836 - application - DEBUG - after_request_time [__init__.py:42] - Request to /show_list/6 took 0.1778240203857422 seconds
2024-12-22 17:46:50,836 - application - DEBUG - after_request_time [__init__.py:44] - view (after_request): rooms
2024-12-22 17:46:50,837 - application - DEBUG - after_request_time [__init__.py:46] - template (after_request): lists/list.html.jinja
2024-12-22 17:47:49,445 - application - DEBUG - after_request_time [__init__.py:42] - Request to /home/rooms/setup/2 took 0.004369020462036133 seconds
2024-12-22 17:47:49,447 - application - DEBUG - after_request_time [__init__.py:44] - view (after_request): None
2024-12-22 17:47:49,447 - application - DEBUG - after_request_time [__init__.py:46] - template (after_request): None
2024-12-22 17:47:49,640 - application - DEBUG - after_request_time [__init__.py:42] - Request to /login took 0.013318777084350586 seconds
2024-12-22 17:47:49,640 - application - DEBUG - after_request_time [__init__.py:44] - view (after_request): None
2024-12-22 17:47:49,640 - application - DEBUG - after_request_time [__init__.py:46] - template (after_request): auth/login.html
2024-12-22 17:47:54,299 - application - DEBUG - after_request_time [__init__.py:42] - Request to /home/rooms/setup/2 took 0.06932711601257324 seconds
2024-12-22 17:47:54,299 - application - DEBUG - after_request_time [__init__.py:44] - view (after_request): rooms
2024-12-22 17:47:54,299 - application - DEBUG - after_request_time [__init__.py:46] - template (after_request): homes/create_rooms.html.jinja
2024-12-22 17:47:54,458 - application - DEBUG - after_request_time [__init__.py:42] - Request to /static/css/main.css took 0.008570194244384766 seconds
2024-12-22 17:47:54,458 - application - DEBUG - after_request_time [__init__.py:44] - view (after_request): rooms
2024-12-22 17:47:54,459 - application - DEBUG - after_request_time [__init__.py:42] - Request to /static/js/bundle.js took 0.006159305572509766 seconds
2024-12-22 17:47:54,459 - application - DEBUG - after_request_time [__init__.py:46] - template (after_request): None
2024-12-22 17:47:54,459 - application - DEBUG - after_request_time [__init__.py:44] - view (after_request): rooms
2024-12-22 17:47:54,462 - application - DEBUG - after_request_time [__init__.py:46] - template (after_request): None
2024-12-22 17:47:54,617 - application - DEBUG - after_request_time [__init__.py:42] - Request to /static/css/flash-message.css took 0.004734992980957031 seconds
2024-12-22 17:47:54,618 - application - DEBUG - after_request_time [__init__.py:44] - view (after_request): rooms
2024-12-22 17:47:54,619 - application - DEBUG - after_request_time [__init__.py:42] - Request to /static/css/color-mode.css took 0.011568069458007812 seconds
2024-12-22 17:47:54,620 - application - DEBUG - after_request_time [__init__.py:42] - Request to /static/css/typography.css took 0.003860950469970703 seconds
2024-12-22 17:47:54,621 - application - DEBUG - after_request_time [__init__.py:46] - template (after_request): None
2024-12-22 17:47:54,621 - application - DEBUG - after_request_time [__init__.py:44] - view (after_request): rooms
2024-12-22 17:47:54,622 - application - DEBUG - after_request_time [__init__.py:44] - view (after_request): rooms
2024-12-22 17:47:54,627 - application - DEBUG - after_request_time [__init__.py:46] - template (after_request): None
2024-12-22 17:47:54,628 - application - DEBUG - after_request_time [__init__.py:46] - template (after_request): None
2024-12-22 17:47:54,636 - application - DEBUG - after_request_time [__init__.py:42] - Request to /static/css/sortables.css took 0.0031380653381347656 seconds
2024-12-22 17:47:54,640 - application - DEBUG - after_request_time [__init__.py:44] - view (after_request): rooms
2024-12-22 17:47:54,644 - application - DEBUG - after_request_time [__init__.py:46] - template (after_request): None
2024-12-22 17:47:54,799 - application - DEBUG - after_request_time [__init__.py:42] - Request to /show_list/4 took 0.025923967361450195 seconds
2024-12-22 17:47:54,800 - application - DEBUG - after_request_time [__init__.py:44] - view (after_request): rooms
2024-12-22 17:47:54,802 - application - DEBUG - after_request_time [__init__.py:46] - template (after_request): lists/list.html.jinja
2024-12-22 17:47:54,849 - application - DEBUG - after_request_time [__init__.py:42] - Request to /show_list/ took 0.09454703330993652 seconds
2024-12-22 17:47:54,851 - application - DEBUG - after_request_time [__init__.py:44] - view (after_request): rooms
2024-12-22 17:47:54,852 - application - DEBUG - after_request_time [__init__.py:46] - template (after_request): lists/list.html.jinja
2024-12-22 17:47:54,903 - application - DEBUG - after_request_time [__init__.py:42] - Request to /show_list/6 took 0.14095592498779297 seconds
2024-12-22 17:47:54,904 - application - DEBUG - after_request_time [__init__.py:44] - view (after_request): rooms
2024-12-22 17:47:54,904 - application - DEBUG - after_request_time [__init__.py:46] - template (after_request): lists/list.html.jinja
