2024-12-22 02:36:25,805 - application.rooms - DEBUG - define_rooms [rooms.py:23] - define_rooms called with floor_id: 1
2024-12-22 02:36:25,812 - application.rooms - DEBUG - floor_room_check [rooms.py:163] - floor Main Floor has no rooms
2024-12-22 02:36:25,815 - application.floors - DEBUG - set_active_floor [floors.py:43] - set_active_floor called with floor_id: 1
2024-12-22 02:36:25,822 - application.floors - DEBUG - set_active_floor [floors.py:54] - current_user.active_home.active_floor: <Floor 1>
2024-12-22 02:36:25,824 - application.list_utils - DEBUG - get_list_entries_for_item [list_utils.py:428] - found_entries for <Home 1>: [<UserListEntry 1>]
2024-12-22 02:36:25,830 - application.list_utils - DEBUG - get_list_entries_for_item [list_utils.py:436] - Entry: <UserListEntry 1>
2024-12-22 02:36:25,830 - application.list_utils - DEBUG - get_list_entries_for_item [list_utils.py:437] - Item Model: Home, Item ID: 1
2024-12-22 02:36:25,830 - application.list_utils - DEBUG - get_list_entries_for_item [list_utils.py:438] - User List ID: 1 User List Name: bob Homes
2024-12-22 02:36:25,830 - application.list_utils - DEBUG - get_list_entries_for_item [list_utils.py:439] - user: 1
2024-12-22 02:36:25,831 - application.list_utils - DEBUG - get_userlist [list_utils.py:308] - get_userlist(): item_model: Floor, list_name: None, parent_entry_id: 1
2024-12-22 02:36:25,836 - application.list_utils - DEBUG - get_userlist [list_utils.py:322] - lists found (model, parent): [<UserList 2>]
2024-12-22 02:36:25,837 - application.list_utils - DEBUG - get_userlist [list_utils.py:349] - len(lists) == 1: None Floor 1
2024-12-22 02:36:25,838 - application.list_utils - DEBUG - get_userlist [list_utils.py:368] - userlist.entries: [<UserListEntry 2>, <UserListEntry 19>, <UserListEntry 20>, <UserListEntry 21>, <UserListEntry 22>] List type: <class 'sqlalchemy.orm.collections.InstrumentedList'>
2024-12-22 02:36:25,838 - application.list_utils - DEBUG - get_userlist [list_utils.py:370] - List: rstta Floors, Order: 2
2024-12-22 02:36:25,838 - application.list_utils - DEBUG - get_userlist [list_utils.py:370] - List: rstta Floors, Order: 1
2024-12-22 02:36:25,839 - application.list_utils - DEBUG - get_userlist [list_utils.py:370] - List: rstta Floors, Order: 0
2024-12-22 02:36:25,839 - application.list_utils - DEBUG - get_userlist [list_utils.py:370] - List: rstta Floors, Order: 3
2024-12-22 02:36:25,839 - application.list_utils - DEBUG - get_userlist [list_utils.py:370] - List: rstta Floors, Order: 4
2024-12-22 02:36:25,839 - application.rooms - DEBUG - get_room_list [rooms.py:44] - floor_list: <UserList 2> (type: <class 'application.database.models.UserList'>)
2024-12-22 02:36:25,839 - application.rooms - DEBUG - get_room_list [rooms.py:45] - floor_list entries count: 5
2024-12-22 02:36:25,840 - application.rooms - DEBUG - get_room_list [rooms.py:52] - floor list get floor_entry.id: 2
2024-12-22 02:36:25,840 - application.rooms - DEBUG - get_room_list [rooms.py:53] - floor list get floor_entry.get_item().name: Main Floor
2024-12-22 02:36:25,845 - application.list_utils - DEBUG - create_user_list [list_utils.py:33] - create_user_list: new_list: <UserList (transient 4379963088)>
2024-12-22 02:36:25,892 - application.rooms - DEBUG - get_room_list [rooms.py:58] - room_list: <UserList 5> (type: <class 'application.database.models.UserList'>) parent: Main Floor
2024-12-22 02:36:25,893 - application.rooms - DEBUG - get_room_list [rooms.py:52] - floor list get floor_entry.id: 19
2024-12-22 02:36:25,894 - application.rooms - DEBUG - get_room_list [rooms.py:53] - floor list get floor_entry.get_item().name: 2nd Floor
2024-12-22 02:36:25,896 - application.list_utils - DEBUG - create_user_list [list_utils.py:33] - create_user_list: new_list: <UserList (transient 4379223888)>
2024-12-22 02:36:25,899 - application.rooms - DEBUG - get_room_list [rooms.py:58] - room_list: <UserList 6> (type: <class 'application.database.models.UserList'>) parent: 2nd Floor
2024-12-22 02:36:25,900 - application.rooms - DEBUG - get_room_list [rooms.py:52] - floor list get floor_entry.id: 20
2024-12-22 02:36:25,901 - application.rooms - DEBUG - get_room_list [rooms.py:53] - floor list get floor_entry.get_item().name: 3rd Floor
2024-12-22 02:36:25,905 - application.list_utils - DEBUG - create_user_list [list_utils.py:33] - create_user_list: new_list: <UserList (transient 4379966832)>
2024-12-22 02:36:25,909 - application.rooms - DEBUG - get_room_list [rooms.py:58] - room_list: <UserList 7> (type: <class 'application.database.models.UserList'>) parent: 3rd Floor
2024-12-22 02:36:25,909 - application.rooms - DEBUG - get_room_list [rooms.py:52] - floor list get floor_entry.id: 21
2024-12-22 02:36:25,910 - application.rooms - DEBUG - get_room_list [rooms.py:53] - floor list get floor_entry.get_item().name: Basement 1
2024-12-22 02:36:25,912 - application.list_utils - DEBUG - create_user_list [list_utils.py:33] - create_user_list: new_list: <UserList (transient 4379223888)>
2024-12-22 02:36:25,915 - application.rooms - DEBUG - get_room_list [rooms.py:58] - room_list: <UserList 8> (type: <class 'application.database.models.UserList'>) parent: Basement 1
2024-12-22 02:36:25,916 - application.rooms - DEBUG - get_room_list [rooms.py:52] - floor list get floor_entry.id: 22
2024-12-22 02:36:25,916 - application.rooms - DEBUG - get_room_list [rooms.py:53] - floor list get floor_entry.get_item().name: Basement 2
2024-12-22 02:36:25,919 - application.list_utils - DEBUG - create_user_list [list_utils.py:33] - create_user_list: new_list: <UserList (transient 4379449136)>
2024-12-22 02:36:25,924 - application.rooms - DEBUG - get_room_list [rooms.py:58] - room_list: <UserList 9> (type: <class 'application.database.models.UserList'>) parent: Basement 2
2024-12-22 02:36:25,926 - application.list_utils - DEBUG - get_list_entries_for_item [list_utils.py:428] - found_entries for <Home 1>: [<UserListEntry 1>]
2024-12-22 02:36:25,926 - application.list_utils - DEBUG - get_list_entries_for_item [list_utils.py:436] - Entry: <UserListEntry 1>
2024-12-22 02:36:25,927 - application.list_utils - DEBUG - get_list_entries_for_item [list_utils.py:437] - Item Model: Home, Item ID: 1
2024-12-22 02:36:25,927 - application.list_utils - DEBUG - get_list_entries_for_item [list_utils.py:438] - User List ID: 1 User List Name: bob Homes
2024-12-22 02:36:25,927 - application.list_utils - DEBUG - get_list_entries_for_item [list_utils.py:439] - user: 1
2024-12-22 02:36:25,927 - application.rooms - DEBUG - get_room_list [rooms.py:59] - get_userlist(Room, current_user.active_home.name:rstta current_user.active_home.active_floor.name:Main Floor Rooms, get_list_entries_for_item(current_user.active_home)[0].id:1
2024-12-22 02:36:25,928 - application.list_utils - DEBUG - get_list_entries_for_item [list_utils.py:428] - found_entries for <Floor 1>: [<UserListEntry 2>]
2024-12-22 02:36:25,929 - application.list_utils - DEBUG - get_list_entries_for_item [list_utils.py:436] - Entry: <UserListEntry 2>
2024-12-22 02:36:25,929 - application.list_utils - DEBUG - get_list_entries_for_item [list_utils.py:437] - Item Model: Floor, Item ID: 1
2024-12-22 02:36:25,929 - application.list_utils - DEBUG - get_list_entries_for_item [list_utils.py:438] - User List ID: 2 User List Name: rstta Floors
2024-12-22 02:36:25,929 - application.list_utils - DEBUG - get_list_entries_for_item [list_utils.py:439] - user: 1
2024-12-22 02:36:25,929 - application.list_utils - DEBUG - get_userlist [list_utils.py:308] - get_userlist(): item_model: Room, list_name: None, parent_entry_id: 2
2024-12-22 02:36:25,930 - application.list_utils - DEBUG - get_userlist [list_utils.py:322] - lists found (model, parent): [<UserList 3>, <UserList 5>]
2024-12-22 02:36:25,930 - application.list_utils - DEBUG - get_userlist [list_utils.py:340] - len(lists) > 1: [<UserList 3>, <UserList 5>]
2024-12-22 02:36:25,931 - application.list_utils - DEBUG - get_userlist [list_utils.py:341] - combine: False
2024-12-22 02:36:25,931 - application.rooms - DEBUG - define_rooms [rooms.py:31] - floor_list: <UserList 2> (type: <class 'application.database.models.UserList'>)
2024-12-22 02:36:25,934 - application.rooms - DEBUG - load_default_room_types [rooms.py:80] - defaults_list: <UserList 4>
2024-12-22 02:36:25,934 - application.rooms - DEBUG - define_rooms [rooms.py:33] - defaults_list: <UserList 4> (type: <class 'application.database.models.UserList'>)
2024-12-22 02:36:25,935 - application.rooms - DEBUG - define_rooms [rooms.py:35] - has_rooms: False (type: <class 'bool'>)
2024-12-22 02:36:26,161 - application.list_utils - DEBUG - get_list_entries_for_item [list_utils.py:428] - found_entries for <Home 1>: [<UserListEntry 1>]
2024-12-22 02:36:26,166 - application.list_utils - DEBUG - get_list_entries_for_item [list_utils.py:436] - Entry: <UserListEntry 1>
2024-12-22 02:36:26,167 - application.list_utils - DEBUG - get_userlists_by_parent [list_utils.py:273] - get_userlists_by_parent: No lists found for parent_entry_id 3
2024-12-22 02:36:26,167 - application.list_utils - DEBUG - get_list_entries_for_item [list_utils.py:437] - Item Model: Home, Item ID: 1
2024-12-22 02:36:26,197 - application.list_utils - DEBUG - get_userlists_by_parent [list_utils.py:273] - get_userlists_by_parent: No lists found for parent_entry_id 4
2024-12-22 02:36:26,205 - application.list_utils - DEBUG - get_list_entries_for_item [list_utils.py:438] - User List ID: 1 User List Name: bob Homes
2024-12-22 02:36:26,206 - application.list_utils - DEBUG - get_userlists_by_parent [list_utils.py:273] - get_userlists_by_parent: No lists found for parent_entry_id 5
2024-12-22 02:36:26,208 - application.list_utils - DEBUG - get_list_entries_for_item [list_utils.py:439] - user: 1
2024-12-22 02:36:26,209 - application.list_utils - DEBUG - get_userlists_by_parent [list_utils.py:273] - get_userlists_by_parent: No lists found for parent_entry_id 6
2024-12-22 02:36:26,214 - application.list_utils - DEBUG - get_userlist [list_utils.py:308] - get_userlist(): item_model: Floor, list_name: None, parent_entry_id: 1
2024-12-22 02:36:26,220 - application.list_utils - DEBUG - get_userlists_by_parent [list_utils.py:273] - get_userlists_by_parent: No lists found for parent_entry_id 7
2024-12-22 02:36:26,241 - application.list_utils - DEBUG - get_userlist [list_utils.py:322] - lists found (model, parent): [<UserList 2>]
2024-12-22 02:36:26,242 - application.list_utils - DEBUG - get_userlists_by_parent [list_utils.py:273] - get_userlists_by_parent: No lists found for parent_entry_id 8
2024-12-22 02:36:26,242 - application.list_utils - DEBUG - get_userlist [list_utils.py:349] - len(lists) == 1: None Floor 1
2024-12-22 02:36:26,244 - application.list_utils - DEBUG - get_userlists_by_parent [list_utils.py:273] - get_userlists_by_parent: No lists found for parent_entry_id 9
2024-12-22 02:36:26,245 - application.list_utils - DEBUG - get_userlist [list_utils.py:368] - userlist.entries: [<UserListEntry 2>, <UserListEntry 19>, <UserListEntry 20>, <UserListEntry 21>, <UserListEntry 22>] List type: <class 'sqlalchemy.orm.collections.InstrumentedList'>
2024-12-22 02:36:26,246 - application.list_utils - DEBUG - get_userlists_by_parent [list_utils.py:273] - get_userlists_by_parent: No lists found for parent_entry_id 10
2024-12-22 02:36:26,247 - application.list_utils - DEBUG - get_userlist [list_utils.py:370] - List: rstta Floors, Order: 2
2024-12-22 02:36:26,248 - application.list_utils - DEBUG - get_userlists_by_parent [list_utils.py:273] - get_userlists_by_parent: No lists found for parent_entry_id 11
2024-12-22 02:36:26,249 - application.list_utils - DEBUG - get_userlist [list_utils.py:370] - List: rstta Floors, Order: 1
2024-12-22 02:36:26,250 - application.list_utils - DEBUG - get_userlist [list_utils.py:370] - List: rstta Floors, Order: 0
2024-12-22 02:36:26,251 - application.list_utils - DEBUG - get_userlist [list_utils.py:370] - List: rstta Floors, Order: 3
2024-12-22 02:36:26,251 - application.list_utils - DEBUG - get_userlist [list_utils.py:370] - List: rstta Floors, Order: 4
2024-12-22 02:36:26,252 - application.list_utils - DEBUG - get_userlists_by_parent [list_utils.py:273] - get_userlists_by_parent: No lists found for parent_entry_id 12
2024-12-22 02:36:26,256 - application.list_utils - DEBUG - get_userlists_by_parent [list_utils.py:273] - get_userlists_by_parent: No lists found for parent_entry_id 13
2024-12-22 02:36:26,256 - application.list_utils - DEBUG - get_userlists_by_parent [list_utils.py:271] - get_userlists_by_parent: lists found (parent_entry_id)2: [<UserList 3>, <UserList 5>]
2024-12-22 02:36:26,257 - application.list_utils - DEBUG - get_userlists_by_parent [list_utils.py:273] - get_userlists_by_parent: No lists found for parent_entry_id 14
2024-12-22 02:36:26,258 - application.list_utils - DEBUG - get_userlists_by_parent [list_utils.py:271] - get_userlists_by_parent: lists found (parent_entry_id)19: [<UserList 6>]
2024-12-22 02:36:26,259 - application.list_utils - DEBUG - get_userlists_by_parent [list_utils.py:273] - get_userlists_by_parent: No lists found for parent_entry_id 15
2024-12-22 02:36:26,260 - application.list_utils - DEBUG - get_userlists_by_parent [list_utils.py:271] - get_userlists_by_parent: lists found (parent_entry_id)20: [<UserList 7>]
2024-12-22 02:36:26,260 - application.list_utils - DEBUG - get_userlists_by_parent [list_utils.py:273] - get_userlists_by_parent: No lists found for parent_entry_id 16
2024-12-22 02:36:26,262 - application.list_utils - DEBUG - get_userlists_by_parent [list_utils.py:271] - get_userlists_by_parent: lists found (parent_entry_id)21: [<UserList 8>]
2024-12-22 02:36:26,262 - application.list_utils - DEBUG - get_userlists_by_parent [list_utils.py:273] - get_userlists_by_parent: No lists found for parent_entry_id 17
2024-12-22 02:36:26,263 - application.list_utils - DEBUG - get_userlists_by_parent [list_utils.py:271] - get_userlists_by_parent: lists found (parent_entry_id)22: [<UserList 9>]
2024-12-22 02:36:26,264 - application.list_utils - DEBUG - get_userlists_by_parent [list_utils.py:273] - get_userlists_by_parent: No lists found for parent_entry_id 18
2024-12-22 02:36:28,996 - application.list_utils - DEBUG - get_userlist [list_utils.py:308] - get_userlist(): item_model: Floor, list_name: None, parent_entry_id: None
2024-12-22 02:36:28,999 - application.list_utils - DEBUG - get_userlist [list_utils.py:318] - lists found (model): [<UserList 2>]
2024-12-22 02:36:28,999 - application.list_utils - DEBUG - get_userlist [list_utils.py:349] - len(lists) == 1: None Floor None
2024-12-22 02:36:29,000 - application.list_utils - DEBUG - get_userlist [list_utils.py:368] - userlist.entries: [<UserListEntry 2>, <UserListEntry 19>, <UserListEntry 20>, <UserListEntry 21>, <UserListEntry 22>] List type: <class 'sqlalchemy.orm.collections.InstrumentedList'>
2024-12-22 02:36:29,000 - application.list_utils - DEBUG - get_userlist [list_utils.py:370] - List: rstta Floors, Order: 2
2024-12-22 02:36:29,000 - application.list_utils - DEBUG - get_userlist [list_utils.py:370] - List: rstta Floors, Order: 1
2024-12-22 02:36:29,000 - application.list_utils - DEBUG - get_userlist [list_utils.py:370] - List: rstta Floors, Order: 0
2024-12-22 02:36:29,000 - application.list_utils - DEBUG - get_userlist [list_utils.py:370] - List: rstta Floors, Order: 3
2024-12-22 02:36:29,001 - application.list_utils - DEBUG - get_userlist [list_utils.py:370] - List: rstta Floors, Order: 4
2024-12-22 02:36:29,077 - application.list_utils - DEBUG - get_list_entries_for_item [list_utils.py:428] - found_entries for <Home 1>: [<UserListEntry 1>]
2024-12-22 02:36:29,078 - application.list_utils - DEBUG - get_list_entries_for_item [list_utils.py:436] - Entry: <UserListEntry 1>
2024-12-22 02:36:29,078 - application.list_utils - DEBUG - get_list_entries_for_item [list_utils.py:437] - Item Model: Home, Item ID: 1
2024-12-22 02:36:29,078 - application.list_utils - DEBUG - get_list_entries_for_item [list_utils.py:438] - User List ID: 1 User List Name: bob Homes
2024-12-22 02:36:29,078 - application.list_utils - DEBUG - get_list_entries_for_item [list_utils.py:439] - user: 1
2024-12-22 02:36:29,078 - application.list_utils - DEBUG - get_userlist [list_utils.py:308] - get_userlist(): item_model: Floor, list_name: None, parent_entry_id: 1
2024-12-22 02:36:29,080 - application.list_utils - DEBUG - get_userlist [list_utils.py:322] - lists found (model, parent): [<UserList 2>]
2024-12-22 02:36:29,080 - application.list_utils - DEBUG - get_userlist [list_utils.py:349] - len(lists) == 1: None Floor 1
2024-12-22 02:36:29,080 - application.list_utils - DEBUG - get_userlist [list_utils.py:368] - userlist.entries: [<UserListEntry 2>, <UserListEntry 19>, <UserListEntry 20>, <UserListEntry 21>, <UserListEntry 22>] List type: <class 'sqlalchemy.orm.collections.InstrumentedList'>
2024-12-22 02:36:29,080 - application.list_utils - DEBUG - get_userlist [list_utils.py:370] - List: rstta Floors, Order: 2
2024-12-22 02:36:29,081 - application.list_utils - DEBUG - get_userlist [list_utils.py:370] - List: rstta Floors, Order: 1
2024-12-22 02:36:29,081 - application.list_utils - DEBUG - get_userlist [list_utils.py:370] - List: rstta Floors, Order: 0
2024-12-22 02:36:29,081 - application.list_utils - DEBUG - get_userlist [list_utils.py:370] - List: rstta Floors, Order: 3
2024-12-22 02:36:29,081 - application.list_utils - DEBUG - get_userlist [list_utils.py:370] - List: rstta Floors, Order: 4
2024-12-22 02:36:29,082 - application.list_utils - DEBUG - get_userlists_by_parent [list_utils.py:271] - get_userlists_by_parent: lists found (parent_entry_id)2: [<UserList 3>, <UserList 5>]
2024-12-22 02:36:29,082 - application.list_utils - DEBUG - get_userlists_by_parent [list_utils.py:271] - get_userlists_by_parent: lists found (parent_entry_id)19: [<UserList 6>]
2024-12-22 02:36:29,083 - application.list_utils - DEBUG - get_userlists_by_parent [list_utils.py:271] - get_userlists_by_parent: lists found (parent_entry_id)20: [<UserList 7>]
2024-12-22 02:36:29,084 - application.list_utils - DEBUG - get_userlists_by_parent [list_utils.py:271] - get_userlists_by_parent: lists found (parent_entry_id)21: [<UserList 8>]
2024-12-22 02:36:29,086 - application.list_utils - DEBUG - get_userlists_by_parent [list_utils.py:271] - get_userlists_by_parent: lists found (parent_entry_id)22: [<UserList 9>]
2024-12-22 02:36:32,641 - application.floors - DEBUG - set_active_floor [floors.py:43] - set_active_floor called with floor_id: 2
2024-12-22 02:36:32,647 - application.floors - DEBUG - set_active_floor [floors.py:54] - current_user.active_home.active_floor: <Floor 2>
2024-12-22 02:36:32,651 - application.floors - DEBUG - set_ground_floor [floors.py:73] - current_user.active_home.ground_floor: <Floor 2>
2024-12-22 02:39:00,551 - application.list_utils - DEBUG - get_userlist [list_utils.py:308] - get_userlist(): item_model: Floor, list_name: None, parent_entry_id: None
2024-12-22 02:39:00,552 - application.list_utils - DEBUG - get_userlist [list_utils.py:318] - lists found (model): [<UserList 2>]
2024-12-22 02:39:00,552 - application.list_utils - DEBUG - get_userlist [list_utils.py:349] - len(lists) == 1: None Floor None
2024-12-22 02:39:00,553 - application.list_utils - DEBUG - get_userlist [list_utils.py:368] - userlist.entries: [<UserListEntry 2>, <UserListEntry 19>, <UserListEntry 20>, <UserListEntry 21>, <UserListEntry 22>] List type: <class 'sqlalchemy.orm.collections.InstrumentedList'>
2024-12-22 02:39:00,553 - application.list_utils - DEBUG - get_userlist [list_utils.py:370] - List: rstta Floors, Order: 2
2024-12-22 02:39:00,553 - application.list_utils - DEBUG - get_userlist [list_utils.py:370] - List: rstta Floors, Order: 1
2024-12-22 02:39:00,553 - application.list_utils - DEBUG - get_userlist [list_utils.py:370] - List: rstta Floors, Order: 0
2024-12-22 02:39:00,554 - application.list_utils - DEBUG - get_userlist [list_utils.py:370] - List: rstta Floors, Order: 3
2024-12-22 02:39:00,554 - application.list_utils - DEBUG - get_userlist [list_utils.py:370] - List: rstta Floors, Order: 4
2024-12-22 02:39:00,743 - application.list_utils - DEBUG - get_list_entries_for_item [list_utils.py:428] - found_entries for <Home 1>: [<UserListEntry 1>]
2024-12-22 02:39:00,744 - application.list_utils - DEBUG - get_list_entries_for_item [list_utils.py:436] - Entry: <UserListEntry 1>
2024-12-22 02:39:00,744 - application.list_utils - DEBUG - get_list_entries_for_item [list_utils.py:437] - Item Model: Home, Item ID: 1
2024-12-22 02:39:00,744 - application.list_utils - DEBUG - get_list_entries_for_item [list_utils.py:438] - User List ID: 1 User List Name: bob Homes
2024-12-22 02:39:00,745 - application.list_utils - DEBUG - get_list_entries_for_item [list_utils.py:439] - user: 1
2024-12-22 02:39:00,745 - application.list_utils - DEBUG - get_userlist [list_utils.py:308] - get_userlist(): item_model: Floor, list_name: None, parent_entry_id: 1
2024-12-22 02:39:00,746 - application.list_utils - DEBUG - get_userlist [list_utils.py:322] - lists found (model, parent): [<UserList 2>]
2024-12-22 02:39:00,746 - application.list_utils - DEBUG - get_userlist [list_utils.py:349] - len(lists) == 1: None Floor 1
2024-12-22 02:39:00,746 - application.list_utils - DEBUG - get_userlist [list_utils.py:368] - userlist.entries: [<UserListEntry 2>, <UserListEntry 19>, <UserListEntry 20>, <UserListEntry 21>, <UserListEntry 22>] List type: <class 'sqlalchemy.orm.collections.InstrumentedList'>
2024-12-22 02:39:00,746 - application.list_utils - DEBUG - get_userlist [list_utils.py:370] - List: rstta Floors, Order: 2
2024-12-22 02:39:00,747 - application.list_utils - DEBUG - get_userlist [list_utils.py:370] - List: rstta Floors, Order: 1
2024-12-22 02:39:00,747 - application.list_utils - DEBUG - get_userlist [list_utils.py:370] - List: rstta Floors, Order: 0
2024-12-22 02:39:00,747 - application.list_utils - DEBUG - get_userlist [list_utils.py:370] - List: rstta Floors, Order: 3
2024-12-22 02:39:00,747 - application.list_utils - DEBUG - get_userlist [list_utils.py:370] - List: rstta Floors, Order: 4
2024-12-22 02:39:00,748 - application.list_utils - DEBUG - get_userlists_by_parent [list_utils.py:271] - get_userlists_by_parent: lists found (parent_entry_id)2: [<UserList 3>, <UserList 5>]
2024-12-22 02:39:00,749 - application.list_utils - DEBUG - get_userlists_by_parent [list_utils.py:271] - get_userlists_by_parent: lists found (parent_entry_id)19: [<UserList 6>]
2024-12-22 02:39:00,750 - application.list_utils - DEBUG - get_userlists_by_parent [list_utils.py:271] - get_userlists_by_parent: lists found (parent_entry_id)20: [<UserList 7>]
2024-12-22 02:39:00,751 - application.list_utils - DEBUG - get_userlists_by_parent [list_utils.py:271] - get_userlists_by_parent: lists found (parent_entry_id)21: [<UserList 8>]
2024-12-22 02:39:00,751 - application.list_utils - DEBUG - get_userlists_by_parent [list_utils.py:271] - get_userlists_by_parent: lists found (parent_entry_id)22: [<UserList 9>]
2024-12-22 02:39:04,004 - application.floors - DEBUG - set_active_floor [floors.py:43] - set_active_floor called with floor_id: 1
2024-12-22 02:39:04,008 - application.floors - DEBUG - set_active_floor [floors.py:54] - current_user.active_home.active_floor: <Floor 1>
2024-12-22 02:39:04,013 - application.floors - DEBUG - set_ground_floor [floors.py:73] - current_user.active_home.ground_floor: <Floor 1>
2024-12-22 02:39:29,854 - application.list_utils - DEBUG - get_userlist [list_utils.py:308] - get_userlist(): item_model: Floor, list_name: None, parent_entry_id: None
2024-12-22 02:39:29,856 - application.list_utils - DEBUG - get_userlist [list_utils.py:318] - lists found (model): [<UserList 2>]
2024-12-22 02:39:29,856 - application.list_utils - DEBUG - get_userlist [list_utils.py:349] - len(lists) == 1: None Floor None
2024-12-22 02:39:29,856 - application.list_utils - DEBUG - get_userlist [list_utils.py:368] - userlist.entries: [<UserListEntry 2>, <UserListEntry 19>, <UserListEntry 20>, <UserListEntry 21>, <UserListEntry 22>] List type: <class 'sqlalchemy.orm.collections.InstrumentedList'>
2024-12-22 02:39:29,856 - application.list_utils - DEBUG - get_userlist [list_utils.py:370] - List: rstta Floors, Order: 2
2024-12-22 02:39:29,856 - application.list_utils - DEBUG - get_userlist [list_utils.py:370] - List: rstta Floors, Order: 1
2024-12-22 02:39:29,857 - application.list_utils - DEBUG - get_userlist [list_utils.py:370] - List: rstta Floors, Order: 0
2024-12-22 02:39:29,857 - application.list_utils - DEBUG - get_userlist [list_utils.py:370] - List: rstta Floors, Order: 3
2024-12-22 02:39:29,857 - application.list_utils - DEBUG - get_userlist [list_utils.py:370] - List: rstta Floors, Order: 4
2024-12-22 02:39:30,020 - application.list_utils - DEBUG - get_list_entries_for_item [list_utils.py:428] - found_entries for <Home 1>: [<UserListEntry 1>]
2024-12-22 02:39:30,021 - application.list_utils - DEBUG - get_list_entries_for_item [list_utils.py:436] - Entry: <UserListEntry 1>
2024-12-22 02:39:30,021 - application.list_utils - DEBUG - get_list_entries_for_item [list_utils.py:437] - Item Model: Home, Item ID: 1
2024-12-22 02:39:30,021 - application.list_utils - DEBUG - get_list_entries_for_item [list_utils.py:438] - User List ID: 1 User List Name: bob Homes
2024-12-22 02:39:30,021 - application.list_utils - DEBUG - get_list_entries_for_item [list_utils.py:439] - user: 1
2024-12-22 02:39:30,021 - application.list_utils - DEBUG - get_userlist [list_utils.py:308] - get_userlist(): item_model: Floor, list_name: None, parent_entry_id: 1
2024-12-22 02:39:30,022 - application.list_utils - DEBUG - get_userlist [list_utils.py:322] - lists found (model, parent): [<UserList 2>]
2024-12-22 02:39:30,022 - application.list_utils - DEBUG - get_userlist [list_utils.py:349] - len(lists) == 1: None Floor 1
2024-12-22 02:39:30,022 - application.list_utils - DEBUG - get_userlist [list_utils.py:368] - userlist.entries: [<UserListEntry 2>, <UserListEntry 19>, <UserListEntry 20>, <UserListEntry 21>, <UserListEntry 22>] List type: <class 'sqlalchemy.orm.collections.InstrumentedList'>
2024-12-22 02:39:30,023 - application.list_utils - DEBUG - get_userlist [list_utils.py:370] - List: rstta Floors, Order: 2
2024-12-22 02:39:30,023 - application.list_utils - DEBUG - get_userlist [list_utils.py:370] - List: rstta Floors, Order: 1
2024-12-22 02:39:30,023 - application.list_utils - DEBUG - get_userlist [list_utils.py:370] - List: rstta Floors, Order: 0
2024-12-22 02:39:30,023 - application.list_utils - DEBUG - get_userlist [list_utils.py:370] - List: rstta Floors, Order: 3
2024-12-22 02:39:30,023 - application.list_utils - DEBUG - get_userlist [list_utils.py:370] - List: rstta Floors, Order: 4
2024-12-22 02:39:30,025 - application.list_utils - DEBUG - get_userlists_by_parent [list_utils.py:271] - get_userlists_by_parent: lists found (parent_entry_id)2: [<UserList 3>, <UserList 5>]
2024-12-22 02:39:30,026 - application.list_utils - DEBUG - get_userlists_by_parent [list_utils.py:271] - get_userlists_by_parent: lists found (parent_entry_id)19: [<UserList 6>]
2024-12-22 02:39:30,028 - application.list_utils - DEBUG - get_userlists_by_parent [list_utils.py:271] - get_userlists_by_parent: lists found (parent_entry_id)20: [<UserList 7>]
2024-12-22 02:39:30,029 - application.list_utils - DEBUG - get_userlists_by_parent [list_utils.py:271] - get_userlists_by_parent: lists found (parent_entry_id)21: [<UserList 8>]
2024-12-22 02:39:30,030 - application.list_utils - DEBUG - get_userlists_by_parent [list_utils.py:271] - get_userlists_by_parent: lists found (parent_entry_id)22: [<UserList 9>]
