2024-12-24 14:49:33,045 - logs.logging_config - DEBUG - configure_logging [logging_config.py:178] - Application logging configured
2024-12-24 14:49:33,047 - logs.logging_config - INFO - configure_logging [logging_config.py:187] - Application started in production environment
2024-12-24 14:49:33,047 - application - DEBUG - create_app [__init__.py:28] - test2
2024-12-24 14:49:33,878 - application - DEBUG - after_request_time [__init__.py:42] - Request to / took 0.02245807647705078 seconds
2024-12-24 14:49:33,878 - application - DEBUG - after_request_time [__init__.py:44] - view (after_request): room
2024-12-24 14:49:33,880 - application - DEBUG - after_request_time [__init__.py:46] - template (after_request): None
2024-12-24 14:49:33,950 - application.map - DEBUG - home_map [map.py:26] - map called with floor_id: 1
2024-12-24 14:49:33,964 - application.rooms - DEBUG - floor_room_check [rooms.py:169] - inside floor_room_check A: floor_id: 1, has_rooms: True
2024-12-24 14:49:33,970 - application.rooms - DEBUG - check_each_floor_for_rooms [rooms.py:176] - floor.rooms.count() <Floor 1> = 1
2024-12-24 14:49:33,972 - application.rooms - DEBUG - check_each_floor_for_rooms [rooms.py:176] - floor.rooms.count() <Floor 2> = 1
2024-12-24 14:49:33,975 - application.rooms - DEBUG - check_each_floor_for_rooms [rooms.py:176] - floor.rooms.count() <Floor 3> = 1
2024-12-24 14:49:33,976 - application.rooms - DEBUG - floor_room_check [rooms.py:171] - inside floor_room_check B: floor_id: 1, has_rooms: True
2024-12-24 14:49:33,977 - application.map - DEBUG - home_map [map.py:29] - room check: floor_id: 1, has_rooms: True
2024-12-24 14:49:33,979 - application.floors - DEBUG - set_active_floor [floors.py:43] - set_active_floor called with floor_id: 1
2024-12-24 14:49:33,986 - application.floors - DEBUG - set_active_floor [floors.py:54] - current_user.active_home.active_floor: <Floor 1>
2024-12-24 14:49:33,991 - application.list_utils - DEBUG - get_list_entries_for_item [list_utils.py:428] - found_entries for <Home 1>: [<UserListEntry 1>]
2024-12-24 14:49:33,999 - application.list_utils - DEBUG - get_list_entries_for_item [list_utils.py:436] - Entry: <UserListEntry 1>
2024-12-24 14:49:33,999 - application.list_utils - DEBUG - get_list_entries_for_item [list_utils.py:437] - Item Model: Home, Item ID: 1
2024-12-24 14:49:34,002 - application.list_utils - DEBUG - get_list_entries_for_item [list_utils.py:438] - User List ID: 1 User List Name: bob Homes
2024-12-24 14:49:34,002 - application.list_utils - DEBUG - get_list_entries_for_item [list_utils.py:439] - user: 1
2024-12-24 14:49:34,003 - application.list_utils - DEBUG - get_userlist [list_utils.py:308] - get_userlist(): item_model: Floor, list_name: None, parent_entry_id: 1
2024-12-24 14:49:34,009 - application.list_utils - DEBUG - get_userlist [list_utils.py:322] - lists found (model, parent): [<UserList 2>]
2024-12-24 14:49:34,010 - application.list_utils - DEBUG - get_userlist [list_utils.py:349] - len(lists) == 1: None Floor 1
2024-12-24 14:49:34,010 - application.list_utils - DEBUG - get_userlist [list_utils.py:368] - userlist.entries: [<UserListEntry 2>, <UserListEntry 3>, <UserListEntry 26>] List type: <class 'sqlalchemy.orm.collections.InstrumentedList'>
2024-12-24 14:49:34,011 - application.list_utils - DEBUG - get_userlist [list_utils.py:370] - List: test Floors, Order: 5
2024-12-24 14:49:34,011 - application.list_utils - DEBUG - get_userlist [list_utils.py:370] - List: test Floors, Order: 3
2024-12-24 14:49:34,011 - application.list_utils - DEBUG - get_userlist [list_utils.py:370] - List: test Floors, Order: 1
2024-12-24 14:49:34,012 - application.rooms - DEBUG - get_room_list [rooms.py:44] - floor_list: <UserList 2> (type: <class 'application.database.models.UserList'>)
2024-12-24 14:49:34,012 - application.rooms - DEBUG - get_room_list [rooms.py:45] - floor_list entries count: 3
2024-12-24 14:49:34,012 - application.rooms - DEBUG - get_room_list [rooms.py:52] - floor list get floor_entry.id: 2
2024-12-24 14:49:34,013 - application.rooms - DEBUG - get_room_list [rooms.py:53] - floor list get floor_entry.get_item().name: Main Floor
2024-12-24 14:49:34,068 - application.rooms - DEBUG - get_room_list [rooms.py:58] - room_list: <UserList 3> (type: <class 'application.database.models.UserList'>) parent: Main Floor
2024-12-24 14:49:34,068 - application.rooms - DEBUG - get_room_list [rooms.py:52] - floor list get floor_entry.id: 3
2024-12-24 14:49:34,069 - application.rooms - DEBUG - get_room_list [rooms.py:53] - floor list get floor_entry.get_item().name: 2nd Floor
2024-12-24 14:49:34,071 - application.rooms - DEBUG - get_room_list [rooms.py:58] - room_list: <UserList 4> (type: <class 'application.database.models.UserList'>) parent: 2nd Floor
2024-12-24 14:49:34,072 - application.rooms - DEBUG - get_room_list [rooms.py:52] - floor list get floor_entry.id: 26
2024-12-24 14:49:34,072 - application.rooms - DEBUG - get_room_list [rooms.py:53] - floor list get floor_entry.get_item().name: 3rd Floor
2024-12-24 14:49:34,075 - application.rooms - DEBUG - get_room_list [rooms.py:58] - room_list: <UserList 12> (type: <class 'application.database.models.UserList'>) parent: 3rd Floor
2024-12-24 14:49:34,076 - application.list_utils - DEBUG - get_list_entries_for_item [list_utils.py:428] - found_entries for <Home 1>: [<UserListEntry 1>]
2024-12-24 14:49:34,077 - application.list_utils - DEBUG - get_list_entries_for_item [list_utils.py:436] - Entry: <UserListEntry 1>
2024-12-24 14:49:34,077 - application.list_utils - DEBUG - get_list_entries_for_item [list_utils.py:437] - Item Model: Home, Item ID: 1
2024-12-24 14:49:34,077 - application.list_utils - DEBUG - get_list_entries_for_item [list_utils.py:438] - User List ID: 1 User List Name: bob Homes
2024-12-24 14:49:34,077 - application.list_utils - DEBUG - get_list_entries_for_item [list_utils.py:439] - user: 1
2024-12-24 14:49:34,078 - application.rooms - DEBUG - get_room_list [rooms.py:59] - get_userlist(Room, current_user.active_home.name:test current_user.active_home.active_floor.name:Main Floor Rooms, get_list_entries_for_item(current_user.active_home)[0].id:1
2024-12-24 14:49:34,078 - application.list_utils - DEBUG - get_list_entries_for_item [list_utils.py:428] - found_entries for <Floor 1>: [<UserListEntry 2>]
2024-12-24 14:49:34,079 - application.list_utils - DEBUG - get_list_entries_for_item [list_utils.py:436] - Entry: <UserListEntry 2>
2024-12-24 14:49:34,079 - application.list_utils - DEBUG - get_list_entries_for_item [list_utils.py:437] - Item Model: Floor, Item ID: 1
2024-12-24 14:49:34,079 - application.list_utils - DEBUG - get_list_entries_for_item [list_utils.py:438] - User List ID: 2 User List Name: test Floors
2024-12-24 14:49:34,079 - application.list_utils - DEBUG - get_list_entries_for_item [list_utils.py:439] - user: 1
2024-12-24 14:49:34,079 - application.list_utils - DEBUG - get_userlist [list_utils.py:308] - get_userlist(): item_model: Room, list_name: None, parent_entry_id: 2
2024-12-24 14:49:34,080 - application.list_utils - DEBUG - get_userlist [list_utils.py:322] - lists found (model, parent): [<UserList 3>]
2024-12-24 14:49:34,080 - application.list_utils - DEBUG - get_userlist [list_utils.py:349] - len(lists) == 1: None Room 2
2024-12-24 14:49:34,081 - application.list_utils - DEBUG - get_userlist [list_utils.py:368] - userlist.entries: [<UserListEntry 21>] List type: <class 'sqlalchemy.orm.collections.InstrumentedList'>
2024-12-24 14:49:34,081 - application.list_utils - DEBUG - get_userlist [list_utils.py:370] - List: test Main Floor Rooms, Order: 0
2024-12-24 14:49:34,081 - application.map - DEBUG - home_map [map.py:36] - floor_list MAP: <UserList 2>
2024-12-24 14:49:34,143 - application - DEBUG - after_request_time [__init__.py:42] - Request to /map/ took 0.19594883918762207 seconds
2024-12-24 14:49:34,144 - application - DEBUG - after_request_time [__init__.py:44] - view (after_request): map
2024-12-24 14:49:34,144 - application - DEBUG - after_request_time [__init__.py:46] - template (after_request): map/index.html.jinja
2024-12-24 14:49:34,230 - application - DEBUG - after_request_time [__init__.py:42] - Request to /static/js/bundle.js took 0.009482860565185547 seconds
2024-12-24 14:49:34,230 - application - DEBUG - after_request_time [__init__.py:44] - view (after_request): map
2024-12-24 14:49:34,231 - application - DEBUG - after_request_time [__init__.py:46] - template (after_request): None
2024-12-24 14:49:34,430 - application.list_routes - DEBUG - show_list [list_routes.py:219] - view: horiz-scroll
2024-12-24 14:49:34,431 - application.list_routes - DEBUG - show_list [list_routes.py:219] - view: map
2024-12-24 14:49:34,434 - application.list_utils - DEBUG - get_list_entries_for_item [list_utils.py:415] - input_string: <Home 1>, item_model: Home, item_id: 1
2024-12-24 14:49:34,433 - application.list_routes - DEBUG - show_list [list_routes.py:219] - view: map
2024-12-24 14:49:34,439 - application.list_utils - DEBUG - get_list_entries_for_item [list_utils.py:428] - found_entries for <Home 1>: [<UserListEntry 1>]
2024-12-24 14:49:34,444 - application.list_utils - DEBUG - get_list_entries_for_item [list_utils.py:428] - found_entries for <Home 1>: [<UserListEntry 1>]
2024-12-24 14:49:34,445 - application.list_utils - DEBUG - get_list_entries_for_item [list_utils.py:428] - found_entries for <Floor 1>: [<UserListEntry 2>]
2024-12-24 14:49:34,446 - application.list_utils - DEBUG - get_list_entries_for_item [list_utils.py:436] - Entry: <UserListEntry 1>
2024-12-24 14:49:34,447 - application.list_utils - DEBUG - get_list_entries_for_item [list_utils.py:436] - Entry: <UserListEntry 1>
2024-12-24 14:49:34,448 - application.list_utils - DEBUG - get_list_entries_for_item [list_utils.py:437] - Item Model: Home, Item ID: 1
2024-12-24 14:49:34,449 - application.list_utils - DEBUG - get_list_entries_for_item [list_utils.py:436] - Entry: <UserListEntry 2>
2024-12-24 14:49:34,450 - application.list_utils - DEBUG - get_list_entries_for_item [list_utils.py:437] - Item Model: Home, Item ID: 1
2024-12-24 14:49:34,450 - application.list_utils - DEBUG - get_list_entries_for_item [list_utils.py:438] - User List ID: 1 User List Name: bob Homes
2024-12-24 14:49:34,451 - application.list_utils - DEBUG - get_list_entries_for_item [list_utils.py:437] - Item Model: Floor, Item ID: 1
2024-12-24 14:49:34,451 - application.list_utils - DEBUG - get_list_entries_for_item [list_utils.py:438] - User List ID: 1 User List Name: bob Homes
2024-12-24 14:49:34,451 - application.list_utils - DEBUG - get_list_entries_for_item [list_utils.py:439] - user: 1
2024-12-24 14:49:34,452 - application.list_utils - DEBUG - get_list_entries_for_item [list_utils.py:438] - User List ID: 2 User List Name: test Floors
2024-12-24 14:49:34,452 - application.list_utils - DEBUG - get_list_entries_for_item [list_utils.py:439] - user: 1
2024-12-24 14:49:34,452 - application.list_utils - DEBUG - get_userlist [list_utils.py:308] - get_userlist(): item_model: Floor, list_name: None, parent_entry_id: 1
2024-12-24 14:49:34,452 - application.list_utils - DEBUG - get_list_entries_for_item [list_utils.py:439] - user: 1
2024-12-24 14:49:34,453 - application.list_utils - DEBUG - get_top_userlists_by_root_parent [list_utils.py:279] - input root_parent_entry_id: 1 model: Task
2024-12-24 14:49:34,454 - application.list_utils - DEBUG - get_userlist [list_utils.py:308] - get_userlist(): item_model: Room, list_name: None, parent_entry_id: 2
2024-12-24 14:49:34,455 - application.list_utils - DEBUG - get_userlist [list_utils.py:322] - lists found (model, parent): [<UserList 2>]
2024-12-24 14:49:34,461 - application.list_utils - DEBUG - get_userlists_by_parent [list_utils.py:271] - get_userlists_by_parent: lists found (parent_entry_id)1: [<UserList 2>]
2024-12-24 14:49:34,462 - application.list_utils - DEBUG - get_userlist [list_utils.py:349] - len(lists) == 1: None Floor 1
2024-12-24 14:49:34,462 - application.list_utils - DEBUG - get_userlist [list_utils.py:322] - lists found (model, parent): [<UserList 3>]
2024-12-24 14:49:34,464 - application.list_utils - DEBUG - get_userlist [list_utils.py:368] - userlist.entries: [<UserListEntry 2>, <UserListEntry 3>, <UserListEntry 26>] List type: <class 'sqlalchemy.orm.collections.InstrumentedList'>
2024-12-24 14:49:34,465 - application.list_utils - DEBUG - get_userlists_by_parent [list_utils.py:271] - get_userlists_by_parent: lists found (parent_entry_id)2: [<UserList 3>]
2024-12-24 14:49:34,465 - application.list_utils - DEBUG - get_userlist [list_utils.py:349] - len(lists) == 1: None Room 2
2024-12-24 14:49:34,465 - application.list_utils - DEBUG - get_userlist [list_utils.py:370] - List: test Floors, Order: 5
2024-12-24 14:49:34,468 - application.list_utils - DEBUG - get_userlists_by_parent [list_utils.py:271] - get_userlists_by_parent: lists found (parent_entry_id)3: [<UserList 4>]
2024-12-24 14:49:34,468 - application.list_utils - DEBUG - get_userlist [list_utils.py:368] - userlist.entries: [<UserListEntry 21>] List type: <class 'sqlalchemy.orm.collections.InstrumentedList'>
2024-12-24 14:49:34,469 - application.list_utils - DEBUG - get_userlist [list_utils.py:370] - List: test Floors, Order: 3
2024-12-24 14:49:34,472 - application.list_utils - DEBUG - get_userlists_by_parent [list_utils.py:271] - get_userlists_by_parent: lists found (parent_entry_id)26: [<UserList 12>]
2024-12-24 14:49:34,472 - application.list_utils - DEBUG - get_userlist [list_utils.py:370] - List: test Main Floor Rooms, Order: 0
2024-12-24 14:49:34,472 - application.list_utils - DEBUG - get_userlist [list_utils.py:370] - List: test Floors, Order: 1
2024-12-24 14:49:34,473 - application.list_utils - DEBUG - get_userlists_by_parent [list_utils.py:271] - get_userlists_by_parent: lists found (parent_entry_id)21: [<UserList 6>, <UserList 8>]
2024-12-24 14:49:34,476 - application.list_utils - DEBUG - get_userlists_by_parent [list_utils.py:271] - get_userlists_by_parent: lists found (parent_entry_id)2: [<UserList 3>]
2024-12-24 14:49:34,476 - application.list_utils - DEBUG - get_userlists_by_parent [list_utils.py:271] - get_userlists_by_parent: lists found (parent_entry_id)21: [<UserList 6>, <UserList 8>]
2024-12-24 14:49:34,479 - application.list_utils - DEBUG - get_userlists_by_parent [list_utils.py:271] - get_userlists_by_parent: lists found (parent_entry_id)3: [<UserList 4>]
2024-12-24 14:49:34,481 - application.list_utils - DEBUG - get_userlists_by_parent [list_utils.py:271] - get_userlists_by_parent: lists found (parent_entry_id)26: [<UserList 12>]
2024-12-24 14:49:34,481 - application.list_utils - DEBUG - get_userlists_by_parent [list_utils.py:271] - get_userlists_by_parent: lists found (parent_entry_id)24: [<UserList 9>, <UserList 11>]
2024-12-24 14:49:34,573 - application.list_utils - DEBUG - get_userlists_by_parent [list_utils.py:271] - get_userlists_by_parent: lists found (parent_entry_id)28: [<UserList 13>, <UserList 15>]
2024-12-24 14:49:34,574 - application.list_utils - DEBUG - get_top_userlists_by_root_parent [list_utils.py:292] - get_top_userlists_by_root_parent: lists found (parent_entry_id)1: [<UserList 8>, <UserList 11>, <UserList 15>]
2024-12-24 14:49:34,579 - application.list_utils - DEBUG - get_userlists_by_parent [list_utils.py:273] - get_userlists_by_parent: No lists found for parent_entry_id 22
2024-12-24 14:49:34,580 - application.list_utils - DEBUG - get_userlists_by_parent [list_utils.py:273] - get_userlists_by_parent: No lists found for parent_entry_id 25
2024-12-24 14:49:34,599 - application.list_utils - DEBUG - get_userlists_by_parent [list_utils.py:273] - get_userlists_by_parent: No lists found for parent_entry_id 29
2024-12-24 14:49:34,665 - application - DEBUG - after_request_time [__init__.py:42] - Request to /show_list/ took 0.24817776679992676 seconds
2024-12-24 14:49:34,666 - application - DEBUG - after_request_time [__init__.py:44] - view (after_request): map
2024-12-24 14:49:34,671 - application - DEBUG - after_request_time [__init__.py:46] - template (after_request): lists/list.html.jinja
2024-12-24 14:49:34,773 - application - DEBUG - after_request_time [__init__.py:42] - Request to /show_list/ took 0.347667932510376 seconds
2024-12-24 14:49:34,778 - application - DEBUG - after_request_time [__init__.py:44] - view (after_request): map
2024-12-24 14:49:34,779 - application - DEBUG - after_request_time [__init__.py:46] - template (after_request): lists/list.html.jinja
2024-12-24 14:49:34,872 - application.list_utils - DEBUG - get_list_entries_for_item [list_utils.py:428] - found_entries for <Photo 1>: [<UserListEntry 20>]
2024-12-24 14:49:34,876 - application.list_utils - DEBUG - get_list_entries_for_item [list_utils.py:436] - Entry: <UserListEntry 20>
2024-12-24 14:49:34,877 - application.list_utils - DEBUG - get_list_entries_for_item [list_utils.py:437] - Item Model: Photo, Item ID: 1
2024-12-24 14:49:34,880 - application.list_utils - DEBUG - get_list_entries_for_item [list_utils.py:438] - User List ID: 6 User List Name: Living Room 1 Photos
2024-12-24 14:49:34,881 - application.list_utils - DEBUG - get_list_entries_for_item [list_utils.py:439] - user: 1
2024-12-24 14:49:34,882 - application.list_routes - DEBUG - show_photo_entry [list_routes.py:312] - view_override: None
2024-12-24 14:49:34,883 - application.list_routes - DEBUG - show_photo_entry [list_routes.py:317] - view: map
2024-12-24 14:49:34,946 - application - DEBUG - after_request_time [__init__.py:42] - Request to /show_list/ took 0.5180778503417969 seconds
2024-12-24 14:49:34,950 - application - DEBUG - after_request_time [__init__.py:42] - Request to /show_photo_entry/1 took 0.10581588745117188 seconds
2024-12-24 14:49:34,950 - application - DEBUG - after_request_time [__init__.py:44] - view (after_request): map
2024-12-24 14:49:34,950 - application - DEBUG - after_request_time [__init__.py:44] - view (after_request): map
2024-12-24 14:49:34,951 - application - DEBUG - after_request_time [__init__.py:46] - template (after_request): lists/list.html.jinja
2024-12-24 14:49:34,951 - application - DEBUG - after_request_time [__init__.py:46] - template (after_request): lists/model/photo.html.jinja
2024-12-24 14:49:34,993 - application - DEBUG - after_request_time [__init__.py:42] - Request to /static/defaults/generic_room.webp took 0.0012052059173583984 seconds
2024-12-24 14:49:34,993 - application - DEBUG - after_request_time [__init__.py:44] - view (after_request): map
2024-12-24 14:49:34,994 - application - DEBUG - after_request_time [__init__.py:46] - template (after_request): None
2024-12-24 14:49:35,043 - application.list_routes - DEBUG - show_list [list_routes.py:219] - view: map
2024-12-24 14:49:35,114 - application - DEBUG - after_request_time [__init__.py:42] - Request to /show_list/7 took 0.07363295555114746 seconds
2024-12-24 14:49:35,115 - application - DEBUG - after_request_time [__init__.py:44] - view (after_request): map
2024-12-24 14:49:35,115 - application - DEBUG - after_request_time [__init__.py:46] - template (after_request): lists/list.html.jinja
2024-12-24 14:49:37,632 - application.rooms - DEBUG - set_active_room [rooms.py:120] - current_user.active_home.active_room: <Room 1>
2024-12-24 14:49:37,632 - application.walkthrough - DEBUG - walk_start [walkthrough.py:34] - get room_name: None
2024-12-24 14:49:37,632 - application.walkthrough - DEBUG - walk_start [walkthrough.py:35] - get view: None
2024-12-24 14:49:37,633 - application.walkthrough - DEBUG - walk_start [walkthrough.py:52] - view: None
2024-12-24 14:49:37,633 - application - DEBUG - after_request_time [__init__.py:42] - Request to /walkthrough/1 took 0.008021831512451172 seconds
2024-12-24 14:49:37,633 - application - DEBUG - after_request_time [__init__.py:44] - view (after_request): None
2024-12-24 14:49:37,634 - application - DEBUG - after_request_time [__init__.py:46] - template (after_request): None
2024-12-24 14:49:37,654 - application.walkthrough - DEBUG - views [walkthrough.py:70] - view?: None
2024-12-24 14:49:37,655 - application.walkthrough - DEBUG - views [walkthrough.py:76] - File not found! None.html.jinja
2024-12-24 14:49:37,660 - application - DEBUG - after_request_time [__init__.py:42] - Request to /walkthrough/steps took 0.0065801143646240234 seconds
2024-12-24 14:49:37,660 - application - DEBUG - after_request_time [__init__.py:44] - view (after_request): None
2024-12-24 14:49:37,660 - application - DEBUG - after_request_time [__init__.py:46] - template (after_request): walkthrough/index.html.jinja
2024-12-24 14:49:37,733 - application - DEBUG - after_request_time [__init__.py:42] - Request to /static/js/bundle.js took 0.0017971992492675781 seconds
2024-12-24 14:49:37,733 - application - DEBUG - after_request_time [__init__.py:44] - view (after_request): None
2024-12-24 14:49:37,734 - application - DEBUG - after_request_time [__init__.py:46] - template (after_request): None
2024-12-24 14:49:37,851 - application.list_routes - DEBUG - show_list [list_routes.py:219] - view: horiz-scroll
2024-12-24 14:49:37,855 - application.walkthrough - DEBUG - views [walkthrough.py:70] - view?: None
2024-12-24 14:49:37,853 - application.list_routes - DEBUG - show_list [list_routes.py:219] - view: horiz-scroll
2024-12-24 14:49:37,859 - application.walkthrough - DEBUG - views [walkthrough.py:76] - File not found! None.html.jinja
2024-12-24 14:49:37,860 - application.list_utils - DEBUG - get_list_entries_for_item [list_utils.py:428] - found_entries for <Home 1>: [<UserListEntry 1>]
2024-12-24 14:49:37,863 - application.list_utils - DEBUG - get_list_entries_for_item [list_utils.py:428] - found_entries for <Floor 1>: [<UserListEntry 2>]
2024-12-24 14:49:37,864 - application.list_utils - DEBUG - get_list_entries_for_item [list_utils.py:436] - Entry: <UserListEntry 1>
2024-12-24 14:49:37,875 - application.list_utils - DEBUG - get_list_entries_for_item [list_utils.py:437] - Item Model: Home, Item ID: 1
2024-12-24 14:49:37,876 - application.list_utils - DEBUG - get_list_entries_for_item [list_utils.py:436] - Entry: <UserListEntry 2>
2024-12-24 14:49:37,876 - application.list_utils - DEBUG - get_list_entries_for_item [list_utils.py:438] - User List ID: 1 User List Name: bob Homes
2024-12-24 14:49:37,877 - application.list_utils - DEBUG - get_list_entries_for_item [list_utils.py:437] - Item Model: Floor, Item ID: 1
2024-12-24 14:49:37,878 - application.list_utils - DEBUG - get_list_entries_for_item [list_utils.py:439] - user: 1
2024-12-24 14:49:37,882 - application - DEBUG - after_request_time [__init__.py:42] - Request to /walkthrough/steps took 0.028428077697753906 seconds
2024-12-24 14:49:37,884 - application - DEBUG - after_request_time [__init__.py:44] - view (after_request): None
2024-12-24 14:49:37,883 - application.list_utils - DEBUG - get_list_entries_for_item [list_utils.py:438] - User List ID: 2 User List Name: test Floors
2024-12-24 14:49:37,884 - application - DEBUG - after_request_time [__init__.py:46] - template (after_request): walkthrough/parts/room.html.jinja
2024-12-24 14:49:37,883 - application.list_utils - DEBUG - get_userlist [list_utils.py:308] - get_userlist(): item_model: Floor, list_name: None, parent_entry_id: 1
2024-12-24 14:49:37,884 - application.list_utils - DEBUG - get_list_entries_for_item [list_utils.py:439] - user: 1
2024-12-24 14:49:37,888 - application.list_utils - DEBUG - get_userlist [list_utils.py:308] - get_userlist(): item_model: Room, list_name: None, parent_entry_id: 2
2024-12-24 14:49:37,889 - application.list_utils - DEBUG - get_userlist [list_utils.py:322] - lists found (model, parent): [<UserList 2>]
2024-12-24 14:49:37,892 - application.list_utils - DEBUG - get_userlist [list_utils.py:349] - len(lists) == 1: None Floor 1
2024-12-24 14:49:37,892 - application.list_utils - DEBUG - get_userlist [list_utils.py:368] - userlist.entries: [<UserListEntry 2>, <UserListEntry 3>, <UserListEntry 26>] List type: <class 'sqlalchemy.orm.collections.InstrumentedList'>
2024-12-24 14:49:37,895 - application.list_utils - DEBUG - get_userlist [list_utils.py:370] - List: test Floors, Order: 5
2024-12-24 14:49:37,894 - application.list_utils - DEBUG - get_userlist [list_utils.py:322] - lists found (model, parent): [<UserList 3>]
2024-12-24 14:49:37,895 - application.list_utils - DEBUG - get_userlist [list_utils.py:370] - List: test Floors, Order: 3
2024-12-24 14:49:37,896 - application.list_utils - DEBUG - get_userlist [list_utils.py:370] - List: test Floors, Order: 1
2024-12-24 14:49:37,896 - application.list_utils - DEBUG - get_userlist [list_utils.py:349] - len(lists) == 1: None Room 2
2024-12-24 14:49:37,904 - application.list_utils - DEBUG - get_userlist [list_utils.py:368] - userlist.entries: [<UserListEntry 21>] List type: <class 'sqlalchemy.orm.collections.InstrumentedList'>
2024-12-24 14:49:37,900 - application.list_utils - DEBUG - get_userlists_by_parent [list_utils.py:271] - get_userlists_by_parent: lists found (parent_entry_id)2: [<UserList 3>]
2024-12-24 14:49:37,904 - application.list_utils - DEBUG - get_userlist [list_utils.py:370] - List: test Main Floor Rooms, Order: 0
2024-12-24 14:49:37,908 - application.list_utils - DEBUG - get_userlists_by_parent [list_utils.py:271] - get_userlists_by_parent: lists found (parent_entry_id)3: [<UserList 4>]
2024-12-24 14:49:37,912 - application.list_utils - DEBUG - get_userlists_by_parent [list_utils.py:271] - get_userlists_by_parent: lists found (parent_entry_id)21: [<UserList 6>, <UserList 8>]
2024-12-24 14:49:37,914 - application.list_utils - DEBUG - get_userlists_by_parent [list_utils.py:271] - get_userlists_by_parent: lists found (parent_entry_id)26: [<UserList 12>]
2024-12-24 14:49:37,917 - application - DEBUG - after_request_time [__init__.py:42] - Request to /show_list/ took 0.06741619110107422 seconds
2024-12-24 14:49:37,923 - application - DEBUG - after_request_time [__init__.py:44] - view (after_request): None
2024-12-24 14:49:37,924 - application - DEBUG - after_request_time [__init__.py:46] - template (after_request): lists/list.html.jinja
2024-12-24 14:49:37,927 - application - DEBUG - after_request_time [__init__.py:42] - Request to /show_list/ took 0.07624983787536621 seconds
2024-12-24 14:49:37,927 - application - DEBUG - after_request_time [__init__.py:44] - view (after_request): None
2024-12-24 14:49:37,929 - application - DEBUG - after_request_time [__init__.py:46] - template (after_request): lists/list.html.jinja
2024-12-24 14:49:38,072 - application.list_utils - DEBUG - get_list_entries_for_item [list_utils.py:428] - found_entries for <Photo 1>: [<UserListEntry 20>]
2024-12-24 14:49:38,073 - application.list_routes - DEBUG - show_list [list_routes.py:219] - view: quicknote
2024-12-24 14:49:38,079 - application.list_utils - DEBUG - get_list_entries_for_item [list_utils.py:436] - Entry: <UserListEntry 20>
2024-12-24 14:49:38,081 - application.list_utils - DEBUG - get_list_entries_for_item [list_utils.py:437] - Item Model: Photo, Item ID: 1
2024-12-24 14:49:38,089 - application - DEBUG - after_request_time [__init__.py:42] - Request to /tutorial/pingrid took 0.015597105026245117 seconds
2024-12-24 14:49:38,090 - application.list_utils - DEBUG - get_list_entries_for_item [list_utils.py:428] - found_entries for <Room 1>: [<UserListEntry 21>]
2024-12-24 14:49:38,090 - application - DEBUG - after_request_time [__init__.py:44] - view (after_request): None
2024-12-24 14:49:38,090 - application.list_utils - DEBUG - get_list_entries_for_item [list_utils.py:438] - User List ID: 6 User List Name: Living Room 1 Photos
2024-12-24 14:49:38,091 - application - DEBUG - after_request_time [__init__.py:46] - template (after_request): onboarding/modal/modal_roompingrid.jinja
2024-12-24 14:49:38,092 - application.list_utils - DEBUG - get_list_entries_for_item [list_utils.py:439] - user: 1
2024-12-24 14:49:38,095 - application.list_routes - DEBUG - show_photo_entry [list_routes.py:312] - view_override: pingrid
2024-12-24 14:49:38,094 - application.list_utils - DEBUG - get_list_entries_for_item [list_utils.py:436] - Entry: <UserListEntry 21>
2024-12-24 14:49:38,096 - application.list_routes - DEBUG - show_photo_entry [list_routes.py:317] - view: pingrid
2024-12-24 14:49:38,096 - application.list_utils - DEBUG - get_list_entries_for_item [list_utils.py:437] - Item Model: Room, Item ID: 1
2024-12-24 14:49:38,100 - application.list_utils - DEBUG - get_list_entries_for_item [list_utils.py:438] - User List ID: 3 User List Name: test Main Floor Rooms
2024-12-24 14:49:38,104 - application - DEBUG - after_request_time [__init__.py:42] - Request to /show_photo_entry/1 took 0.03936886787414551 seconds
2024-12-24 14:49:38,104 - application.list_utils - DEBUG - get_list_entries_for_item [list_utils.py:439] - user: 1
2024-12-24 14:49:38,105 - application - DEBUG - after_request_time [__init__.py:44] - view (after_request): None
2024-12-24 14:49:38,105 - application.list_utils - DEBUG - get_userlist [list_utils.py:308] - get_userlist(): item_model: Task, list_name: None, parent_entry_id: 21
2024-12-24 14:49:38,106 - application - DEBUG - after_request_time [__init__.py:46] - template (after_request): lists/model/photo.html.jinja
2024-12-24 14:49:38,110 - application.list_utils - DEBUG - get_userlist [list_utils.py:322] - lists found (model, parent): [<UserList 8>]
2024-12-24 14:49:38,111 - application.list_utils - DEBUG - get_userlist [list_utils.py:349] - len(lists) == 1: None Task 21
2024-12-24 14:49:38,111 - application.list_utils - DEBUG - get_userlist [list_utils.py:368] - userlist.entries: [<UserListEntry 22>] List type: <class 'sqlalchemy.orm.collections.InstrumentedList'>
2024-12-24 14:49:38,112 - application.list_utils - DEBUG - get_userlist [list_utils.py:370] - List: Living Room 1 Tasks, Order: 0
2024-12-24 14:49:38,114 - application.list_utils - DEBUG - get_userlists_by_parent [list_utils.py:273] - get_userlists_by_parent: No lists found for parent_entry_id 22
2024-12-24 14:49:38,128 - application - DEBUG - after_request_time [__init__.py:42] - Request to /show_list/ took 0.06078004837036133 seconds
2024-12-24 14:49:38,128 - application - DEBUG - after_request_time [__init__.py:44] - view (after_request): None
2024-12-24 14:49:38,129 - application - DEBUG - after_request_time [__init__.py:46] - template (after_request): lists/list.html.jinja
2024-12-24 14:49:38,142 - application - DEBUG - after_request_time [__init__.py:42] - Request to /static/defaults/generic_room.webp took 0.0012340545654296875 seconds
2024-12-24 14:49:38,143 - application - DEBUG - after_request_time [__init__.py:44] - view (after_request): None
2024-12-24 14:49:38,143 - application - DEBUG - after_request_time [__init__.py:46] - template (after_request): None
2024-12-24 14:49:38,209 - application.list_routes - DEBUG - show_list [list_routes.py:219] - view: pingrid
2024-12-24 14:49:38,226 - application - DEBUG - after_request_time [__init__.py:42] - Request to /show_list/7 took 0.018996000289916992 seconds
2024-12-24 14:49:38,227 - application - DEBUG - after_request_time [__init__.py:44] - view (after_request): None
2024-12-24 14:49:38,227 - application - DEBUG - after_request_time [__init__.py:46] - template (after_request): lists/list.html.jinja
2024-12-24 14:49:51,196 - application.walkthrough - DEBUG - walk_start [walkthrough.py:34] - get room_name: Living Room 1
2024-12-24 14:49:51,197 - application.walkthrough - DEBUG - walk_start [walkthrough.py:35] - get view: room
2024-12-24 14:49:51,198 - application.walkthrough - DEBUG - walk_start [walkthrough.py:39] - room: (<Room 1>,) room_name: Living Room 1 room name name: Living Room 1
2024-12-24 14:49:51,202 - application.rooms - DEBUG - set_active_room [rooms.py:120] - current_user.active_home.active_room: <Room 1>
2024-12-24 14:49:51,202 - application.walkthrough - DEBUG - walk_start [walkthrough.py:52] - view: room
2024-12-24 14:49:51,203 - application - DEBUG - after_request_time [__init__.py:42] - Request to /walkthrough/Living Room 1/room took 0.008021116256713867 seconds
2024-12-24 14:49:51,203 - application - DEBUG - after_request_time [__init__.py:44] - view (after_request): room
2024-12-24 14:49:51,203 - application - DEBUG - after_request_time [__init__.py:46] - template (after_request): None
2024-12-24 14:49:51,219 - application.walkthrough - DEBUG - views [walkthrough.py:70] - view?: room
2024-12-24 14:49:51,219 - application.walkthrough - DEBUG - views [walkthrough.py:73] - File exists!: walkthrough/parts/room.html.jinja
2024-12-24 14:49:51,221 - application - DEBUG - after_request_time [__init__.py:42] - Request to /walkthrough/steps took 0.003921031951904297 seconds
2024-12-24 14:49:51,222 - application - DEBUG - after_request_time [__init__.py:44] - view (after_request): room
2024-12-24 14:49:51,222 - application - DEBUG - after_request_time [__init__.py:46] - template (after_request): walkthrough/index.html.jinja
2024-12-24 14:49:51,298 - application - DEBUG - after_request_time [__init__.py:42] - Request to /static/js/bundle.js took 0.0012629032135009766 seconds
2024-12-24 14:49:51,298 - application - DEBUG - after_request_time [__init__.py:44] - view (after_request): room
2024-12-24 14:49:51,299 - application - DEBUG - after_request_time [__init__.py:46] - template (after_request): None
2024-12-24 14:49:51,416 - application.list_routes - DEBUG - show_list [list_routes.py:219] - view: horiz-scroll
2024-12-24 14:49:51,421 - application.list_routes - DEBUG - show_list [list_routes.py:219] - view: horiz-scroll
2024-12-24 14:49:51,422 - application.walkthrough - DEBUG - views [walkthrough.py:70] - view?: room
2024-12-24 14:49:51,422 - application.list_utils - DEBUG - get_list_entries_for_item [list_utils.py:428] - found_entries for <Home 1>: [<UserListEntry 1>]
2024-12-24 14:49:51,424 - application.walkthrough - DEBUG - views [walkthrough.py:73] - File exists!: walkthrough/parts/room.html.jinja
2024-12-24 14:49:51,425 - application.list_utils - DEBUG - get_list_entries_for_item [list_utils.py:436] - Entry: <UserListEntry 1>
2024-12-24 14:49:51,428 - application.list_utils - DEBUG - get_list_entries_for_item [list_utils.py:437] - Item Model: Home, Item ID: 1
2024-12-24 14:49:51,429 - application - DEBUG - after_request_time [__init__.py:42] - Request to /walkthrough/steps took 0.009863138198852539 seconds
2024-12-24 14:49:51,430 - application - DEBUG - after_request_time [__init__.py:44] - view (after_request): room
2024-12-24 14:49:51,430 - application - DEBUG - after_request_time [__init__.py:46] - template (after_request): walkthrough/parts/room.html.jinja
2024-12-24 14:49:51,428 - application.list_utils - DEBUG - get_list_entries_for_item [list_utils.py:428] - found_entries for <Floor 1>: [<UserListEntry 2>]
2024-12-24 14:49:51,429 - application.list_utils - DEBUG - get_list_entries_for_item [list_utils.py:438] - User List ID: 1 User List Name: bob Homes
2024-12-24 14:49:51,433 - application.list_utils - DEBUG - get_list_entries_for_item [list_utils.py:439] - user: 1
2024-12-24 14:49:51,434 - application.list_utils - DEBUG - get_userlist [list_utils.py:308] - get_userlist(): item_model: Floor, list_name: None, parent_entry_id: 1
2024-12-24 14:49:51,437 - application.list_utils - DEBUG - get_list_entries_for_item [list_utils.py:436] - Entry: <UserListEntry 2>
2024-12-24 14:49:51,437 - application.list_utils - DEBUG - get_list_entries_for_item [list_utils.py:437] - Item Model: Floor, Item ID: 1
2024-12-24 14:49:51,439 - application.list_utils - DEBUG - get_userlist [list_utils.py:322] - lists found (model, parent): [<UserList 2>]
2024-12-24 14:49:51,440 - application.list_utils - DEBUG - get_list_entries_for_item [list_utils.py:438] - User List ID: 2 User List Name: test Floors
2024-12-24 14:49:51,440 - application.list_utils - DEBUG - get_userlist [list_utils.py:349] - len(lists) == 1: None Floor 1
2024-12-24 14:49:51,443 - application.list_utils - DEBUG - get_list_entries_for_item [list_utils.py:439] - user: 1
2024-12-24 14:49:51,443 - application.list_utils - DEBUG - get_userlist [list_utils.py:368] - userlist.entries: [<UserListEntry 2>, <UserListEntry 3>, <UserListEntry 26>] List type: <class 'sqlalchemy.orm.collections.InstrumentedList'>
2024-12-24 14:49:51,444 - application.list_utils - DEBUG - get_userlist [list_utils.py:370] - List: test Floors, Order: 5
2024-12-24 14:49:51,445 - application.list_utils - DEBUG - get_userlist [list_utils.py:370] - List: test Floors, Order: 3
2024-12-24 14:49:51,444 - application.list_utils - DEBUG - get_userlist [list_utils.py:308] - get_userlist(): item_model: Room, list_name: None, parent_entry_id: 2
2024-12-24 14:49:51,445 - application.list_utils - DEBUG - get_userlist [list_utils.py:370] - List: test Floors, Order: 1
2024-12-24 14:49:51,448 - application.list_utils - DEBUG - get_userlists_by_parent [list_utils.py:271] - get_userlists_by_parent: lists found (parent_entry_id)2: [<UserList 3>]
2024-12-24 14:49:51,449 - application.list_utils - DEBUG - get_userlists_by_parent [list_utils.py:271] - get_userlists_by_parent: lists found (parent_entry_id)3: [<UserList 4>]
2024-12-24 14:49:51,452 - application.list_utils - DEBUG - get_userlists_by_parent [list_utils.py:271] - get_userlists_by_parent: lists found (parent_entry_id)26: [<UserList 12>]
2024-12-24 14:49:51,452 - application.list_utils - DEBUG - get_userlist [list_utils.py:322] - lists found (model, parent): [<UserList 3>]
2024-12-24 14:49:51,453 - application.list_utils - DEBUG - get_userlist [list_utils.py:349] - len(lists) == 1: None Room 2
2024-12-24 14:49:51,454 - application.list_utils - DEBUG - get_userlist [list_utils.py:368] - userlist.entries: [<UserListEntry 21>] List type: <class 'sqlalchemy.orm.collections.InstrumentedList'>
2024-12-24 14:49:51,456 - application.list_utils - DEBUG - get_userlist [list_utils.py:370] - List: test Main Floor Rooms, Order: 0
2024-12-24 14:49:51,458 - application.list_utils - DEBUG - get_userlists_by_parent [list_utils.py:271] - get_userlists_by_parent: lists found (parent_entry_id)21: [<UserList 6>, <UserList 8>]
2024-12-24 14:49:51,459 - application - DEBUG - after_request_time [__init__.py:42] - Request to /show_list/ took 0.0476689338684082 seconds
2024-12-24 14:49:51,461 - application - DEBUG - after_request_time [__init__.py:44] - view (after_request): room
2024-12-24 14:49:51,462 - application - DEBUG - after_request_time [__init__.py:42] - Request to /show_list/ took 0.04373311996459961 seconds
2024-12-24 14:49:51,463 - application - DEBUG - after_request_time [__init__.py:44] - view (after_request): room
2024-12-24 14:49:51,464 - application - DEBUG - after_request_time [__init__.py:46] - template (after_request): lists/list.html.jinja
2024-12-24 14:49:51,463 - application - DEBUG - after_request_time [__init__.py:46] - template (after_request): lists/list.html.jinja
2024-12-24 14:49:51,563 - application.list_routes - DEBUG - show_list [list_routes.py:219] - view: quicknote
2024-12-24 14:49:51,565 - application.list_utils - DEBUG - get_list_entries_for_item [list_utils.py:428] - found_entries for <Photo 1>: [<UserListEntry 20>]
2024-12-24 14:49:51,571 - application - DEBUG - after_request_time [__init__.py:42] - Request to /tutorial/pingrid took 0.008616924285888672 seconds
2024-12-24 14:49:51,571 - application - DEBUG - after_request_time [__init__.py:44] - view (after_request): room
2024-12-24 14:49:51,571 - application - DEBUG - after_request_time [__init__.py:46] - template (after_request): onboarding/modal/modal_roompingrid.jinja
2024-12-24 14:49:51,569 - application.list_utils - DEBUG - get_list_entries_for_item [list_utils.py:428] - found_entries for <Room 1>: [<UserListEntry 21>]
2024-12-24 14:49:51,576 - application.list_utils - DEBUG - get_list_entries_for_item [list_utils.py:436] - Entry: <UserListEntry 20>
2024-12-24 14:49:51,577 - application.list_utils - DEBUG - get_list_entries_for_item [list_utils.py:437] - Item Model: Photo, Item ID: 1
2024-12-24 14:49:51,578 - application.list_utils - DEBUG - get_list_entries_for_item [list_utils.py:438] - User List ID: 6 User List Name: Living Room 1 Photos
2024-12-24 14:49:51,579 - application.list_utils - DEBUG - get_list_entries_for_item [list_utils.py:436] - Entry: <UserListEntry 21>
2024-12-24 14:49:51,580 - application.list_utils - DEBUG - get_list_entries_for_item [list_utils.py:439] - user: 1
2024-12-24 14:49:51,581 - application.list_utils - DEBUG - get_list_entries_for_item [list_utils.py:437] - Item Model: Room, Item ID: 1
2024-12-24 14:49:51,582 - application.list_utils - DEBUG - get_list_entries_for_item [list_utils.py:438] - User List ID: 3 User List Name: test Main Floor Rooms
2024-12-24 14:49:51,583 - application.list_utils - DEBUG - get_list_entries_for_item [list_utils.py:439] - user: 1
2024-12-24 14:49:51,583 - application.list_utils - DEBUG - get_userlist [list_utils.py:308] - get_userlist(): item_model: Task, list_name: None, parent_entry_id: 21
2024-12-24 14:49:51,582 - application.list_routes - DEBUG - show_photo_entry [list_routes.py:312] - view_override: pingrid
2024-12-24 14:49:51,587 - application.list_routes - DEBUG - show_photo_entry [list_routes.py:317] - view: pingrid
2024-12-24 14:49:51,587 - application.list_utils - DEBUG - get_userlist [list_utils.py:322] - lists found (model, parent): [<UserList 8>]
2024-12-24 14:49:51,588 - application.list_utils - DEBUG - get_userlist [list_utils.py:349] - len(lists) == 1: None Task 21
2024-12-24 14:49:51,590 - application.list_utils - DEBUG - get_userlist [list_utils.py:368] - userlist.entries: [<UserListEntry 22>] List type: <class 'sqlalchemy.orm.collections.InstrumentedList'>
2024-12-24 14:49:51,592 - application.list_utils - DEBUG - get_userlist [list_utils.py:370] - List: Living Room 1 Tasks, Order: 0
2024-12-24 14:49:51,593 - application - DEBUG - after_request_time [__init__.py:42] - Request to /show_photo_entry/1 took 0.03612494468688965 seconds
2024-12-24 14:49:51,594 - application.list_utils - DEBUG - get_userlists_by_parent [list_utils.py:273] - get_userlists_by_parent: No lists found for parent_entry_id 22
2024-12-24 14:49:51,593 - application - DEBUG - after_request_time [__init__.py:44] - view (after_request): room
2024-12-24 14:49:51,594 - application - DEBUG - after_request_time [__init__.py:46] - template (after_request): lists/model/photo.html.jinja
2024-12-24 14:49:51,609 - application - DEBUG - after_request_time [__init__.py:42] - Request to /show_list/ took 0.05095982551574707 seconds
2024-12-24 14:49:51,610 - application - DEBUG - after_request_time [__init__.py:44] - view (after_request): room
2024-12-24 14:49:51,610 - application - DEBUG - after_request_time [__init__.py:46] - template (after_request): lists/list.html.jinja
2024-12-24 14:49:51,629 - application - DEBUG - after_request_time [__init__.py:42] - Request to /static/defaults/generic_room.webp took 0.0010530948638916016 seconds
2024-12-24 14:49:51,630 - application - DEBUG - after_request_time [__init__.py:44] - view (after_request): room
2024-12-24 14:49:51,631 - application - DEBUG - after_request_time [__init__.py:46] - template (after_request): None
2024-12-24 14:49:51,645 - application.list_routes - DEBUG - show_list [list_routes.py:219] - view: pingrid
2024-12-24 14:49:51,665 - application - DEBUG - after_request_time [__init__.py:42] - Request to /show_list/7 took 0.02128911018371582 seconds
2024-12-24 14:49:51,666 - application - DEBUG - after_request_time [__init__.py:44] - view (after_request): room
2024-12-24 14:49:51,666 - application - DEBUG - after_request_time [__init__.py:46] - template (after_request): lists/list.html.jinja
2024-12-24 14:50:29,405 - application.walkthrough - DEBUG - walk_start [walkthrough.py:34] - get room_name: Living Room 1
2024-12-24 14:50:29,406 - application.walkthrough - DEBUG - walk_start [walkthrough.py:35] - get view: room
2024-12-24 14:50:29,407 - application.walkthrough - DEBUG - walk_start [walkthrough.py:39] - room: (<Room 1>,) room_name: Living Room 1 room name name: Living Room 1
2024-12-24 14:50:29,412 - application.rooms - DEBUG - set_active_room [rooms.py:120] - current_user.active_home.active_room: <Room 1>
2024-12-24 14:50:29,412 - application.walkthrough - DEBUG - walk_start [walkthrough.py:52] - view: room
2024-12-24 14:50:29,413 - application - DEBUG - after_request_time [__init__.py:42] - Request to /walkthrough/Living Room 1/room took 0.009116172790527344 seconds
2024-12-24 14:50:29,413 - application - DEBUG - after_request_time [__init__.py:44] - view (after_request): room
2024-12-24 14:50:29,414 - application - DEBUG - after_request_time [__init__.py:46] - template (after_request): None
2024-12-24 14:50:29,431 - application.walkthrough - DEBUG - views [walkthrough.py:70] - view?: room
2024-12-24 14:50:29,431 - application.walkthrough - DEBUG - views [walkthrough.py:73] - File exists!: walkthrough/parts/room.html.jinja
2024-12-24 14:50:29,434 - application - DEBUG - after_request_time [__init__.py:42] - Request to /walkthrough/steps took 0.003972053527832031 seconds
2024-12-24 14:50:29,434 - application - DEBUG - after_request_time [__init__.py:44] - view (after_request): room
2024-12-24 14:50:29,435 - application - DEBUG - after_request_time [__init__.py:46] - template (after_request): walkthrough/index.html.jinja
2024-12-24 14:50:29,509 - application - DEBUG - after_request_time [__init__.py:42] - Request to /static/js/bundle.js took 0.0013859272003173828 seconds
2024-12-24 14:50:29,509 - application - DEBUG - after_request_time [__init__.py:44] - view (after_request): room
2024-12-24 14:50:29,509 - application - DEBUG - after_request_time [__init__.py:46] - template (after_request): None
2024-12-24 14:50:29,685 - application.list_routes - DEBUG - show_list [list_routes.py:219] - view: horiz-scroll
2024-12-24 14:50:29,689 - application.list_routes - DEBUG - show_list [list_routes.py:219] - view: horiz-scroll
2024-12-24 14:50:29,689 - application.walkthrough - DEBUG - views [walkthrough.py:70] - view?: room
2024-12-24 14:50:29,694 - application.walkthrough - DEBUG - views [walkthrough.py:73] - File exists!: walkthrough/parts/room.html.jinja
2024-12-24 14:50:29,695 - application.list_utils - DEBUG - get_list_entries_for_item [list_utils.py:428] - found_entries for <Home 1>: [<UserListEntry 1>]
2024-12-24 14:50:29,699 - application.list_utils - DEBUG - get_list_entries_for_item [list_utils.py:428] - found_entries for <Floor 1>: [<UserListEntry 2>]
2024-12-24 14:50:29,703 - application - DEBUG - after_request_time [__init__.py:42] - Request to /walkthrough/steps took 0.01604318618774414 seconds
2024-12-24 14:50:29,701 - application.list_utils - DEBUG - get_list_entries_for_item [list_utils.py:436] - Entry: <UserListEntry 1>
2024-12-24 14:50:29,704 - application - DEBUG - after_request_time [__init__.py:44] - view (after_request): room
2024-12-24 14:50:29,704 - application.list_utils - DEBUG - get_list_entries_for_item [list_utils.py:436] - Entry: <UserListEntry 2>
2024-12-24 14:50:29,705 - application - DEBUG - after_request_time [__init__.py:46] - template (after_request): walkthrough/parts/room.html.jinja
2024-12-24 14:50:29,705 - application.list_utils - DEBUG - get_list_entries_for_item [list_utils.py:437] - Item Model: Home, Item ID: 1
2024-12-24 14:50:29,705 - application.list_utils - DEBUG - get_list_entries_for_item [list_utils.py:437] - Item Model: Floor, Item ID: 1
2024-12-24 14:50:29,707 - application.list_utils - DEBUG - get_list_entries_for_item [list_utils.py:438] - User List ID: 1 User List Name: bob Homes
2024-12-24 14:50:29,708 - application.list_utils - DEBUG - get_list_entries_for_item [list_utils.py:438] - User List ID: 2 User List Name: test Floors
2024-12-24 14:50:29,709 - application.list_utils - DEBUG - get_list_entries_for_item [list_utils.py:439] - user: 1
2024-12-24 14:50:29,709 - application.list_utils - DEBUG - get_list_entries_for_item [list_utils.py:439] - user: 1
2024-12-24 14:50:29,710 - application.list_utils - DEBUG - get_userlist [list_utils.py:308] - get_userlist(): item_model: Floor, list_name: None, parent_entry_id: 1
2024-12-24 14:50:29,711 - application.list_utils - DEBUG - get_userlist [list_utils.py:308] - get_userlist(): item_model: Room, list_name: None, parent_entry_id: 2
2024-12-24 14:50:29,715 - application.list_utils - DEBUG - get_userlist [list_utils.py:322] - lists found (model, parent): [<UserList 3>]
2024-12-24 14:50:29,715 - application.list_utils - DEBUG - get_userlist [list_utils.py:322] - lists found (model, parent): [<UserList 2>]
2024-12-24 14:50:29,716 - application.list_utils - DEBUG - get_userlist [list_utils.py:349] - len(lists) == 1: None Room 2
2024-12-24 14:50:29,716 - application.list_utils - DEBUG - get_userlist [list_utils.py:349] - len(lists) == 1: None Floor 1
2024-12-24 14:50:29,717 - application.list_utils - DEBUG - get_userlist [list_utils.py:368] - userlist.entries: [<UserListEntry 21>] List type: <class 'sqlalchemy.orm.collections.InstrumentedList'>
2024-12-24 14:50:29,717 - application.list_utils - DEBUG - get_userlist [list_utils.py:368] - userlist.entries: [<UserListEntry 2>, <UserListEntry 3>, <UserListEntry 26>] List type: <class 'sqlalchemy.orm.collections.InstrumentedList'>
2024-12-24 14:50:29,717 - application.list_utils - DEBUG - get_userlist [list_utils.py:370] - List: test Main Floor Rooms, Order: 0
2024-12-24 14:50:29,718 - application.list_utils - DEBUG - get_userlist [list_utils.py:370] - List: test Floors, Order: 5
2024-12-24 14:50:29,720 - application.list_utils - DEBUG - get_userlist [list_utils.py:370] - List: test Floors, Order: 3
2024-12-24 14:50:29,721 - application.list_utils - DEBUG - get_userlists_by_parent [list_utils.py:271] - get_userlists_by_parent: lists found (parent_entry_id)21: [<UserList 6>, <UserList 8>]
2024-12-24 14:50:29,721 - application.list_utils - DEBUG - get_userlist [list_utils.py:370] - List: test Floors, Order: 1
2024-12-24 14:50:29,725 - application - DEBUG - after_request_time [__init__.py:42] - Request to /show_list/ took 0.03966522216796875 seconds
2024-12-24 14:50:29,725 - application.list_utils - DEBUG - get_userlists_by_parent [list_utils.py:271] - get_userlists_by_parent: lists found (parent_entry_id)2: [<UserList 3>]
2024-12-24 14:50:29,726 - application - DEBUG - after_request_time [__init__.py:44] - view (after_request): room
2024-12-24 14:50:29,727 - application - DEBUG - after_request_time [__init__.py:46] - template (after_request): lists/list.html.jinja
2024-12-24 14:50:29,727 - application.list_utils - DEBUG - get_userlists_by_parent [list_utils.py:271] - get_userlists_by_parent: lists found (parent_entry_id)3: [<UserList 4>]
2024-12-24 14:50:29,730 - application.list_utils - DEBUG - get_userlists_by_parent [list_utils.py:271] - get_userlists_by_parent: lists found (parent_entry_id)26: [<UserList 12>]
2024-12-24 14:50:29,737 - application - DEBUG - after_request_time [__init__.py:42] - Request to /show_list/ took 0.056611061096191406 seconds
2024-12-24 14:50:29,738 - application - DEBUG - after_request_time [__init__.py:44] - view (after_request): room
2024-12-24 14:50:29,738 - application - DEBUG - after_request_time [__init__.py:46] - template (after_request): lists/list.html.jinja
2024-12-24 14:50:29,832 - application.list_routes - DEBUG - show_list [list_routes.py:219] - view: quicknote
2024-12-24 14:50:29,836 - application.list_utils - DEBUG - get_list_entries_for_item [list_utils.py:428] - found_entries for <Photo 1>: [<UserListEntry 20>]
2024-12-24 14:50:29,837 - application - DEBUG - after_request_time [__init__.py:42] - Request to /tutorial/pingrid took 0.0026030540466308594 seconds
2024-12-24 14:50:29,841 - application.list_utils - DEBUG - get_list_entries_for_item [list_utils.py:428] - found_entries for <Room 1>: [<UserListEntry 21>]
2024-12-24 14:50:29,839 - application - DEBUG - after_request_time [__init__.py:44] - view (after_request): room
2024-12-24 14:50:29,842 - application.list_utils - DEBUG - get_list_entries_for_item [list_utils.py:436] - Entry: <UserListEntry 20>
2024-12-24 14:50:29,842 - application - DEBUG - after_request_time [__init__.py:46] - template (after_request): onboarding/modal/modal_roompingrid.jinja
2024-12-24 14:50:29,843 - application.list_utils - DEBUG - get_list_entries_for_item [list_utils.py:437] - Item Model: Photo, Item ID: 1
2024-12-24 14:50:29,845 - application.list_utils - DEBUG - get_list_entries_for_item [list_utils.py:436] - Entry: <UserListEntry 21>
2024-12-24 14:50:29,846 - application.list_utils - DEBUG - get_list_entries_for_item [list_utils.py:438] - User List ID: 6 User List Name: Living Room 1 Photos
2024-12-24 14:50:29,847 - application.list_utils - DEBUG - get_list_entries_for_item [list_utils.py:437] - Item Model: Room, Item ID: 1
2024-12-24 14:50:29,848 - application.list_utils - DEBUG - get_list_entries_for_item [list_utils.py:439] - user: 1
2024-12-24 14:50:29,848 - application.list_routes - DEBUG - show_photo_entry [list_routes.py:312] - view_override: pingrid
2024-12-24 14:50:29,848 - application.list_utils - DEBUG - get_list_entries_for_item [list_utils.py:438] - User List ID: 3 User List Name: test Main Floor Rooms
2024-12-24 14:50:29,850 - application.list_routes - DEBUG - show_photo_entry [list_routes.py:317] - view: pingrid
2024-12-24 14:50:29,850 - application.list_utils - DEBUG - get_list_entries_for_item [list_utils.py:439] - user: 1
2024-12-24 14:50:29,851 - application.list_utils - DEBUG - get_userlist [list_utils.py:308] - get_userlist(): item_model: Task, list_name: None, parent_entry_id: 21
2024-12-24 14:50:29,856 - application - DEBUG - after_request_time [__init__.py:42] - Request to /show_photo_entry/1 took 0.03207898139953613 seconds
2024-12-24 14:50:29,857 - application.list_utils - DEBUG - get_userlist [list_utils.py:322] - lists found (model, parent): [<UserList 8>]
2024-12-24 14:50:29,857 - application - DEBUG - after_request_time [__init__.py:44] - view (after_request): room
2024-12-24 14:50:29,857 - application.list_utils - DEBUG - get_userlist [list_utils.py:349] - len(lists) == 1: None Task 21
2024-12-24 14:50:29,858 - application - DEBUG - after_request_time [__init__.py:46] - template (after_request): lists/model/photo.html.jinja
2024-12-24 14:50:29,859 - application.list_utils - DEBUG - get_userlist [list_utils.py:368] - userlist.entries: [<UserListEntry 22>] List type: <class 'sqlalchemy.orm.collections.InstrumentedList'>
2024-12-24 14:50:29,860 - application.list_utils - DEBUG - get_userlist [list_utils.py:370] - List: Living Room 1 Tasks, Order: 0
2024-12-24 14:50:29,863 - application.list_utils - DEBUG - get_userlists_by_parent [list_utils.py:273] - get_userlists_by_parent: No lists found for parent_entry_id 22
2024-12-24 14:50:29,872 - application - DEBUG - after_request_time [__init__.py:42] - Request to /show_list/ took 0.044168949127197266 seconds
2024-12-24 14:50:29,873 - application - DEBUG - after_request_time [__init__.py:44] - view (after_request): room
2024-12-24 14:50:29,873 - application - DEBUG - after_request_time [__init__.py:46] - template (after_request): lists/list.html.jinja
2024-12-24 14:50:29,915 - application - DEBUG - after_request_time [__init__.py:42] - Request to /static/defaults/generic_room.webp took 0.0011570453643798828 seconds
2024-12-24 14:50:29,916 - application - DEBUG - after_request_time [__init__.py:44] - view (after_request): room
2024-12-24 14:50:29,916 - application - DEBUG - after_request_time [__init__.py:46] - template (after_request): None
2024-12-24 14:50:29,935 - application.list_routes - DEBUG - show_list [list_routes.py:219] - view: pingrid
2024-12-24 14:50:29,951 - application - DEBUG - after_request_time [__init__.py:42] - Request to /show_list/7 took 0.017528057098388672 seconds
2024-12-24 14:50:29,951 - application - DEBUG - after_request_time [__init__.py:44] - view (after_request): room
2024-12-24 14:50:29,952 - application - DEBUG - after_request_time [__init__.py:46] - template (after_request): lists/list.html.jinja
2024-12-24 14:53:44,697 - application.walkthrough - DEBUG - walk_start [walkthrough.py:34] - get room_name: Living Room 1
2024-12-24 14:53:44,698 - application.walkthrough - DEBUG - walk_start [walkthrough.py:35] - get view: room
2024-12-24 14:53:44,699 - application.walkthrough - DEBUG - walk_start [walkthrough.py:39] - room: (<Room 1>,) room_name: Living Room 1 room name name: Living Room 1
2024-12-24 14:53:44,702 - application.rooms - DEBUG - set_active_room [rooms.py:120] - current_user.active_home.active_room: <Room 1>
2024-12-24 14:53:44,703 - application.walkthrough - DEBUG - walk_start [walkthrough.py:52] - view: room
2024-12-24 14:53:44,704 - application - DEBUG - after_request_time [__init__.py:42] - Request to /walkthrough/Living Room 1/room took 0.007807016372680664 seconds
2024-12-24 14:53:44,704 - application - DEBUG - after_request_time [__init__.py:44] - view (after_request): room
2024-12-24 14:53:44,705 - application - DEBUG - after_request_time [__init__.py:46] - template (after_request): None
2024-12-24 14:53:44,735 - application.walkthrough - DEBUG - views [walkthrough.py:70] - view?: room
2024-12-24 14:53:44,736 - application.walkthrough - DEBUG - views [walkthrough.py:73] - File exists!: walkthrough/parts/room.html.jinja
2024-12-24 14:53:44,741 - application - DEBUG - after_request_time [__init__.py:42] - Request to /walkthrough/steps took 0.008624076843261719 seconds
2024-12-24 14:53:44,741 - application - DEBUG - after_request_time [__init__.py:44] - view (after_request): room
2024-12-24 14:53:44,741 - application - DEBUG - after_request_time [__init__.py:46] - template (after_request): walkthrough/index.html.jinja
2024-12-24 14:53:44,827 - application - DEBUG - after_request_time [__init__.py:42] - Request to /static/js/bundle.js took 0.0012369155883789062 seconds
2024-12-24 14:53:44,827 - application - DEBUG - after_request_time [__init__.py:44] - view (after_request): room
2024-12-24 14:53:44,828 - application - DEBUG - after_request_time [__init__.py:46] - template (after_request): None
2024-12-24 14:53:44,961 - application.list_routes - DEBUG - show_list [list_routes.py:219] - view: horiz-scroll
2024-12-24 14:53:44,962 - application.walkthrough - DEBUG - views [walkthrough.py:70] - view?: room
2024-12-24 14:53:44,962 - application.list_routes - DEBUG - show_list [list_routes.py:219] - view: horiz-scroll
2024-12-24 14:53:44,964 - application.walkthrough - DEBUG - views [walkthrough.py:73] - File exists!: walkthrough/parts/room.html.jinja
2024-12-24 14:53:44,964 - application.list_utils - DEBUG - get_list_entries_for_item [list_utils.py:428] - found_entries for <Home 1>: [<UserListEntry 1>]
2024-12-24 14:53:44,967 - application.list_utils - DEBUG - get_list_entries_for_item [list_utils.py:436] - Entry: <UserListEntry 1>
2024-12-24 14:53:44,968 - application - DEBUG - after_request_time [__init__.py:42] - Request to /walkthrough/steps took 0.007812023162841797 seconds
2024-12-24 14:53:44,969 - application.list_utils - DEBUG - get_list_entries_for_item [list_utils.py:437] - Item Model: Home, Item ID: 1
2024-12-24 14:53:44,970 - application - DEBUG - after_request_time [__init__.py:44] - view (after_request): room
2024-12-24 14:53:44,970 - application.list_utils - DEBUG - get_list_entries_for_item [list_utils.py:438] - User List ID: 1 User List Name: bob Homes
2024-12-24 14:53:44,970 - application - DEBUG - after_request_time [__init__.py:46] - template (after_request): walkthrough/parts/room.html.jinja
2024-12-24 14:53:44,970 - application.list_utils - DEBUG - get_list_entries_for_item [list_utils.py:428] - found_entries for <Floor 1>: [<UserListEntry 2>]
2024-12-24 14:53:44,971 - application.list_utils - DEBUG - get_list_entries_for_item [list_utils.py:439] - user: 1
2024-12-24 14:53:44,973 - application.list_utils - DEBUG - get_list_entries_for_item [list_utils.py:436] - Entry: <UserListEntry 2>
2024-12-24 14:53:44,973 - application.list_utils - DEBUG - get_userlist [list_utils.py:308] - get_userlist(): item_model: Floor, list_name: None, parent_entry_id: 1
2024-12-24 14:53:44,974 - application.list_utils - DEBUG - get_list_entries_for_item [list_utils.py:437] - Item Model: Floor, Item ID: 1
2024-12-24 14:53:44,977 - application.list_utils - DEBUG - get_userlist [list_utils.py:322] - lists found (model, parent): [<UserList 2>]
2024-12-24 14:53:44,977 - application.list_utils - DEBUG - get_list_entries_for_item [list_utils.py:438] - User List ID: 2 User List Name: test Floors
2024-12-24 14:53:44,977 - application.list_utils - DEBUG - get_userlist [list_utils.py:349] - len(lists) == 1: None Floor 1
2024-12-24 14:53:44,978 - application.list_utils - DEBUG - get_list_entries_for_item [list_utils.py:439] - user: 1
2024-12-24 14:53:44,979 - application.list_utils - DEBUG - get_userlist [list_utils.py:368] - userlist.entries: [<UserListEntry 2>, <UserListEntry 3>, <UserListEntry 26>] List type: <class 'sqlalchemy.orm.collections.InstrumentedList'>
2024-12-24 14:53:44,980 - application.list_utils - DEBUG - get_userlist [list_utils.py:308] - get_userlist(): item_model: Room, list_name: None, parent_entry_id: 2
2024-12-24 14:53:44,980 - application.list_utils - DEBUG - get_userlist [list_utils.py:370] - List: test Floors, Order: 5
2024-12-24 14:53:44,982 - application.list_utils - DEBUG - get_userlist [list_utils.py:322] - lists found (model, parent): [<UserList 3>]
2024-12-24 14:53:44,982 - application.list_utils - DEBUG - get_userlist [list_utils.py:370] - List: test Floors, Order: 3
2024-12-24 14:53:44,983 - application.list_utils - DEBUG - get_userlist [list_utils.py:349] - len(lists) == 1: None Room 2
2024-12-24 14:53:44,984 - application.list_utils - DEBUG - get_userlist [list_utils.py:370] - List: test Floors, Order: 1
2024-12-24 14:53:44,984 - application.list_utils - DEBUG - get_userlist [list_utils.py:368] - userlist.entries: [<UserListEntry 21>] List type: <class 'sqlalchemy.orm.collections.InstrumentedList'>
2024-12-24 14:53:44,985 - application.list_utils - DEBUG - get_userlist [list_utils.py:370] - List: test Main Floor Rooms, Order: 0
2024-12-24 14:53:44,986 - application.list_utils - DEBUG - get_userlists_by_parent [list_utils.py:271] - get_userlists_by_parent: lists found (parent_entry_id)2: [<UserList 3>]
2024-12-24 14:53:44,987 - application.list_utils - DEBUG - get_userlists_by_parent [list_utils.py:271] - get_userlists_by_parent: lists found (parent_entry_id)21: [<UserList 6>, <UserList 8>]
2024-12-24 14:53:44,988 - application.list_utils - DEBUG - get_userlists_by_parent [list_utils.py:271] - get_userlists_by_parent: lists found (parent_entry_id)3: [<UserList 4>]
2024-12-24 14:53:44,990 - application.list_utils - DEBUG - get_userlists_by_parent [list_utils.py:271] - get_userlists_by_parent: lists found (parent_entry_id)26: [<UserList 12>]
2024-12-24 14:53:44,991 - application - DEBUG - after_request_time [__init__.py:42] - Request to /show_list/ took 0.032820940017700195 seconds
2024-12-24 14:53:44,992 - application - DEBUG - after_request_time [__init__.py:44] - view (after_request): room
2024-12-24 14:53:44,995 - application - DEBUG - after_request_time [__init__.py:42] - Request to /show_list/ took 0.040209054946899414 seconds
2024-12-24 14:53:45,000 - application - DEBUG - after_request_time [__init__.py:44] - view (after_request): room
2024-12-24 14:53:45,001 - application - DEBUG - after_request_time [__init__.py:46] - template (after_request): lists/list.html.jinja
2024-12-24 14:53:44,996 - application - DEBUG - after_request_time [__init__.py:46] - template (after_request): lists/list.html.jinja
2024-12-24 14:53:45,072 - application.list_utils - DEBUG - get_list_entries_for_item [list_utils.py:428] - found_entries for <Photo 1>: [<UserListEntry 20>]
2024-12-24 14:53:45,074 - application - DEBUG - after_request_time [__init__.py:42] - Request to /tutorial/pingrid took 0.0033829212188720703 seconds
2024-12-24 14:53:45,076 - application.list_routes - DEBUG - show_list [list_routes.py:219] - view: quicknote
2024-12-24 14:53:45,076 - application - DEBUG - after_request_time [__init__.py:44] - view (after_request): room
2024-12-24 14:53:45,076 - application.list_utils - DEBUG - get_list_entries_for_item [list_utils.py:436] - Entry: <UserListEntry 20>
2024-12-24 14:53:45,078 - application - DEBUG - after_request_time [__init__.py:46] - template (after_request): onboarding/modal/modal_roompingrid.jinja
2024-12-24 14:53:45,078 - application.list_utils - DEBUG - get_list_entries_for_item [list_utils.py:437] - Item Model: Photo, Item ID: 1
2024-12-24 14:53:45,081 - application.list_utils - DEBUG - get_list_entries_for_item [list_utils.py:438] - User List ID: 6 User List Name: Living Room 1 Photos
2024-12-24 14:53:45,081 - application.list_utils - DEBUG - get_list_entries_for_item [list_utils.py:428] - found_entries for <Room 1>: [<UserListEntry 21>]
2024-12-24 14:53:45,081 - application.list_utils - DEBUG - get_list_entries_for_item [list_utils.py:439] - user: 1
2024-12-24 14:53:45,084 - application.list_utils - DEBUG - get_list_entries_for_item [list_utils.py:436] - Entry: <UserListEntry 21>
2024-12-24 14:53:45,085 - application.list_routes - DEBUG - show_photo_entry [list_routes.py:312] - view_override: pingrid
2024-12-24 14:53:45,085 - application.list_utils - DEBUG - get_list_entries_for_item [list_utils.py:437] - Item Model: Room, Item ID: 1
2024-12-24 14:53:45,085 - application.list_routes - DEBUG - show_photo_entry [list_routes.py:317] - view: pingrid
2024-12-24 14:53:45,085 - application.list_utils - DEBUG - get_list_entries_for_item [list_utils.py:438] - User List ID: 3 User List Name: test Main Floor Rooms
2024-12-24 14:53:45,086 - application.list_utils - DEBUG - get_list_entries_for_item [list_utils.py:439] - user: 1
2024-12-24 14:53:45,087 - application.list_utils - DEBUG - get_userlist [list_utils.py:308] - get_userlist(): item_model: Task, list_name: None, parent_entry_id: 21
2024-12-24 14:53:45,127 - application.list_utils - DEBUG - get_userlist [list_utils.py:322] - lists found (model, parent): [<UserList 8>]
2024-12-24 14:53:45,129 - application.list_utils - DEBUG - get_userlist [list_utils.py:349] - len(lists) == 1: None Task 21
2024-12-24 14:53:45,130 - application - DEBUG - after_request_time [__init__.py:42] - Request to /show_photo_entry/1 took 0.0677800178527832 seconds
2024-12-24 14:53:45,131 - application.list_utils - DEBUG - get_userlist [list_utils.py:368] - userlist.entries: [<UserListEntry 22>] List type: <class 'sqlalchemy.orm.collections.InstrumentedList'>
2024-12-24 14:53:45,131 - application.list_utils - DEBUG - get_userlist [list_utils.py:370] - List: Living Room 1 Tasks, Order: 0
2024-12-24 14:53:45,131 - application - DEBUG - after_request_time [__init__.py:44] - view (after_request): room
2024-12-24 14:53:45,132 - application - DEBUG - after_request_time [__init__.py:46] - template (after_request): lists/model/photo.html.jinja
2024-12-24 14:53:45,133 - application.list_utils - DEBUG - get_userlists_by_parent [list_utils.py:273] - get_userlists_by_parent: No lists found for parent_entry_id 22
2024-12-24 14:53:45,144 - application - DEBUG - after_request_time [__init__.py:42] - Request to /show_list/ took 0.07044386863708496 seconds
2024-12-24 14:53:45,144 - application - DEBUG - after_request_time [__init__.py:44] - view (after_request): room
2024-12-24 14:53:45,144 - application - DEBUG - after_request_time [__init__.py:46] - template (after_request): lists/list.html.jinja
2024-12-24 14:53:45,153 - application - DEBUG - after_request_time [__init__.py:42] - Request to /static/defaults/generic_room.webp took 0.0009899139404296875 seconds
2024-12-24 14:53:45,154 - application - DEBUG - after_request_time [__init__.py:44] - view (after_request): room
2024-12-24 14:53:45,154 - application - DEBUG - after_request_time [__init__.py:46] - template (after_request): None
2024-12-24 14:53:45,192 - application.list_routes - DEBUG - show_list [list_routes.py:219] - view: pingrid
2024-12-24 14:53:45,206 - application - DEBUG - after_request_time [__init__.py:42] - Request to /show_list/7 took 0.015352010726928711 seconds
2024-12-24 14:53:45,206 - application - DEBUG - after_request_time [__init__.py:44] - view (after_request): room
2024-12-24 14:53:45,207 - application - DEBUG - after_request_time [__init__.py:46] - template (after_request): lists/list.html.jinja
2024-12-24 14:55:00,034 - application.walkthrough - DEBUG - walk_start [walkthrough.py:34] - get room_name: Living Room 1
2024-12-24 14:55:00,034 - application.walkthrough - DEBUG - walk_start [walkthrough.py:35] - get view: room
2024-12-24 14:55:00,035 - application.walkthrough - DEBUG - walk_start [walkthrough.py:39] - room: (<Room 1>,) room_name: Living Room 1 room name name: Living Room 1
2024-12-24 14:55:00,039 - application.rooms - DEBUG - set_active_room [rooms.py:120] - current_user.active_home.active_room: <Room 1>
2024-12-24 14:55:00,039 - application.walkthrough - DEBUG - walk_start [walkthrough.py:52] - view: room
2024-12-24 14:55:00,040 - application - DEBUG - after_request_time [__init__.py:42] - Request to /walkthrough/Living Room 1/room took 0.007183074951171875 seconds
2024-12-24 14:55:00,041 - application - DEBUG - after_request_time [__init__.py:44] - view (after_request): room
2024-12-24 14:55:00,041 - application - DEBUG - after_request_time [__init__.py:46] - template (after_request): None
2024-12-24 14:55:00,065 - application.walkthrough - DEBUG - views [walkthrough.py:70] - view?: room
2024-12-24 14:55:00,066 - application.walkthrough - DEBUG - views [walkthrough.py:73] - File exists!: walkthrough/parts/room.html.jinja
2024-12-24 14:55:00,068 - application - DEBUG - after_request_time [__init__.py:42] - Request to /walkthrough/steps took 0.003592252731323242 seconds
2024-12-24 14:55:00,068 - application - DEBUG - after_request_time [__init__.py:44] - view (after_request): room
2024-12-24 14:55:00,068 - application - DEBUG - after_request_time [__init__.py:46] - template (after_request): walkthrough/index.html.jinja
2024-12-24 14:55:00,152 - application - DEBUG - after_request_time [__init__.py:42] - Request to /static/js/bundle.js took 0.0015730857849121094 seconds
2024-12-24 14:55:00,153 - application - DEBUG - after_request_time [__init__.py:44] - view (after_request): room
2024-12-24 14:55:00,154 - application - DEBUG - after_request_time [__init__.py:46] - template (after_request): None
2024-12-24 14:55:00,308 - application.list_routes - DEBUG - show_list [list_routes.py:219] - view: horiz-scroll
2024-12-24 14:55:00,313 - application.walkthrough - DEBUG - views [walkthrough.py:70] - view?: room
2024-12-24 14:55:00,310 - application.list_routes - DEBUG - show_list [list_routes.py:219] - view: horiz-scroll
2024-12-24 14:55:00,315 - application.list_utils - DEBUG - get_list_entries_for_item [list_utils.py:428] - found_entries for <Home 1>: [<UserListEntry 1>]
2024-12-24 14:55:00,315 - application.walkthrough - DEBUG - views [walkthrough.py:73] - File exists!: walkthrough/parts/room.html.jinja
2024-12-24 14:55:00,318 - application.list_utils - DEBUG - get_list_entries_for_item [list_utils.py:436] - Entry: <UserListEntry 1>
2024-12-24 14:55:00,318 - application.list_utils - DEBUG - get_list_entries_for_item [list_utils.py:428] - found_entries for <Floor 1>: [<UserListEntry 2>]
2024-12-24 14:55:00,319 - application.list_utils - DEBUG - get_list_entries_for_item [list_utils.py:437] - Item Model: Home, Item ID: 1
2024-12-24 14:55:00,329 - application.list_utils - DEBUG - get_list_entries_for_item [list_utils.py:438] - User List ID: 1 User List Name: bob Homes
2024-12-24 14:55:00,330 - application.list_utils - DEBUG - get_list_entries_for_item [list_utils.py:436] - Entry: <UserListEntry 2>
2024-12-24 14:55:00,330 - application - DEBUG - after_request_time [__init__.py:42] - Request to /walkthrough/steps took 0.021456003189086914 seconds
2024-12-24 14:55:00,330 - application.list_utils - DEBUG - get_list_entries_for_item [list_utils.py:439] - user: 1
2024-12-24 14:55:00,331 - application - DEBUG - after_request_time [__init__.py:44] - view (after_request): room
2024-12-24 14:55:00,331 - application.list_utils - DEBUG - get_list_entries_for_item [list_utils.py:437] - Item Model: Floor, Item ID: 1
2024-12-24 14:55:00,331 - application - DEBUG - after_request_time [__init__.py:46] - template (after_request): walkthrough/parts/room.html.jinja
2024-12-24 14:55:00,331 - application.list_utils - DEBUG - get_userlist [list_utils.py:308] - get_userlist(): item_model: Floor, list_name: None, parent_entry_id: 1
2024-12-24 14:55:00,331 - application.list_utils - DEBUG - get_list_entries_for_item [list_utils.py:438] - User List ID: 2 User List Name: test Floors
2024-12-24 14:55:00,334 - application.list_utils - DEBUG - get_list_entries_for_item [list_utils.py:439] - user: 1
2024-12-24 14:55:00,334 - application.list_utils - DEBUG - get_userlist [list_utils.py:322] - lists found (model, parent): [<UserList 2>]
2024-12-24 14:55:00,335 - application.list_utils - DEBUG - get_userlist [list_utils.py:308] - get_userlist(): item_model: Room, list_name: None, parent_entry_id: 2
2024-12-24 14:55:00,335 - application.list_utils - DEBUG - get_userlist [list_utils.py:349] - len(lists) == 1: None Floor 1
2024-12-24 14:55:00,338 - application.list_utils - DEBUG - get_userlist [list_utils.py:322] - lists found (model, parent): [<UserList 3>]
2024-12-24 14:55:00,338 - application.list_utils - DEBUG - get_userlist [list_utils.py:368] - userlist.entries: [<UserListEntry 2>, <UserListEntry 3>, <UserListEntry 26>] List type: <class 'sqlalchemy.orm.collections.InstrumentedList'>
2024-12-24 14:55:00,339 - application.list_utils - DEBUG - get_userlist [list_utils.py:349] - len(lists) == 1: None Room 2
2024-12-24 14:55:00,339 - application.list_utils - DEBUG - get_userlist [list_utils.py:370] - List: test Floors, Order: 5
2024-12-24 14:55:00,340 - application.list_utils - DEBUG - get_userlist [list_utils.py:368] - userlist.entries: [<UserListEntry 21>] List type: <class 'sqlalchemy.orm.collections.InstrumentedList'>
2024-12-24 14:55:00,340 - application.list_utils - DEBUG - get_userlist [list_utils.py:370] - List: test Floors, Order: 3
2024-12-24 14:55:00,340 - application.list_utils - DEBUG - get_userlist [list_utils.py:370] - List: test Main Floor Rooms, Order: 0
2024-12-24 14:55:00,341 - application.list_utils - DEBUG - get_userlist [list_utils.py:370] - List: test Floors, Order: 1
2024-12-24 14:55:00,343 - application.list_utils - DEBUG - get_userlists_by_parent [list_utils.py:271] - get_userlists_by_parent: lists found (parent_entry_id)21: [<UserList 6>, <UserList 8>]
2024-12-24 14:55:00,343 - application.list_utils - DEBUG - get_userlists_by_parent [list_utils.py:271] - get_userlists_by_parent: lists found (parent_entry_id)2: [<UserList 3>]
2024-12-24 14:55:00,346 - application.list_utils - DEBUG - get_userlists_by_parent [list_utils.py:271] - get_userlists_by_parent: lists found (parent_entry_id)3: [<UserList 4>]
2024-12-24 14:55:00,346 - application - DEBUG - after_request_time [__init__.py:42] - Request to /show_list/ took 0.03959012031555176 seconds
2024-12-24 14:55:00,348 - application - DEBUG - after_request_time [__init__.py:44] - view (after_request): room
2024-12-24 14:55:00,348 - application.list_utils - DEBUG - get_userlists_by_parent [list_utils.py:271] - get_userlists_by_parent: lists found (parent_entry_id)26: [<UserList 12>]
2024-12-24 14:55:00,348 - application - DEBUG - after_request_time [__init__.py:46] - template (after_request): lists/list.html.jinja
2024-12-24 14:55:00,355 - application - DEBUG - after_request_time [__init__.py:42] - Request to /show_list/ took 0.0518040657043457 seconds
2024-12-24 14:55:00,356 - application - DEBUG - after_request_time [__init__.py:44] - view (after_request): room
2024-12-24 14:55:00,356 - application - DEBUG - after_request_time [__init__.py:46] - template (after_request): lists/list.html.jinja
2024-12-24 14:55:00,410 - application.list_routes - DEBUG - show_list [list_routes.py:219] - view: quicknote
2024-12-24 14:55:00,411 - application - DEBUG - after_request_time [__init__.py:42] - Request to /tutorial/pingrid took 0.002128124237060547 seconds
2024-12-24 14:55:00,414 - application - DEBUG - after_request_time [__init__.py:44] - view (after_request): room
2024-12-24 14:55:00,415 - application.list_utils - DEBUG - get_list_entries_for_item [list_utils.py:428] - found_entries for <Photo 1>: [<UserListEntry 20>]
2024-12-24 14:55:00,417 - application - DEBUG - after_request_time [__init__.py:46] - template (after_request): onboarding/modal/modal_roompingrid.jinja
2024-12-24 14:55:00,418 - application.list_utils - DEBUG - get_list_entries_for_item [list_utils.py:428] - found_entries for <Room 1>: [<UserListEntry 21>]
2024-12-24 14:55:00,420 - application.list_utils - DEBUG - get_list_entries_for_item [list_utils.py:436] - Entry: <UserListEntry 20>
2024-12-24 14:55:00,422 - application.list_utils - DEBUG - get_list_entries_for_item [list_utils.py:436] - Entry: <UserListEntry 21>
2024-12-24 14:55:00,423 - application.list_utils - DEBUG - get_list_entries_for_item [list_utils.py:437] - Item Model: Photo, Item ID: 1
2024-12-24 14:55:00,423 - application.list_utils - DEBUG - get_list_entries_for_item [list_utils.py:437] - Item Model: Room, Item ID: 1
2024-12-24 14:55:00,423 - application.list_utils - DEBUG - get_list_entries_for_item [list_utils.py:438] - User List ID: 6 User List Name: Living Room 1 Photos
2024-12-24 14:55:00,424 - application.list_utils - DEBUG - get_list_entries_for_item [list_utils.py:438] - User List ID: 3 User List Name: test Main Floor Rooms
2024-12-24 14:55:00,425 - application.list_utils - DEBUG - get_list_entries_for_item [list_utils.py:439] - user: 1
2024-12-24 14:55:00,425 - application.list_utils - DEBUG - get_list_entries_for_item [list_utils.py:439] - user: 1
2024-12-24 14:55:00,426 - application.list_routes - DEBUG - show_photo_entry [list_routes.py:312] - view_override: pingrid
2024-12-24 14:55:00,426 - application.list_routes - DEBUG - show_photo_entry [list_routes.py:317] - view: pingrid
2024-12-24 14:55:00,426 - application.list_utils - DEBUG - get_userlist [list_utils.py:308] - get_userlist(): item_model: Task, list_name: None, parent_entry_id: 21
2024-12-24 14:55:00,430 - application.list_utils - DEBUG - get_userlist [list_utils.py:322] - lists found (model, parent): [<UserList 8>]
2024-12-24 14:55:00,430 - application.list_utils - DEBUG - get_userlist [list_utils.py:349] - len(lists) == 1: None Task 21
2024-12-24 14:55:00,447 - application.list_utils - DEBUG - get_userlist [list_utils.py:368] - userlist.entries: [<UserListEntry 22>] List type: <class 'sqlalchemy.orm.collections.InstrumentedList'>
2024-12-24 14:55:00,476 - application.list_utils - DEBUG - get_userlist [list_utils.py:370] - List: Living Room 1 Tasks, Order: 0
2024-12-24 14:55:00,484 - application.list_utils - DEBUG - get_userlists_by_parent [list_utils.py:273] - get_userlists_by_parent: No lists found for parent_entry_id 22
2024-12-24 14:55:00,486 - application - DEBUG - after_request_time [__init__.py:42] - Request to /show_photo_entry/1 took 0.07730388641357422 seconds
2024-12-24 14:55:00,487 - application - DEBUG - after_request_time [__init__.py:44] - view (after_request): room
2024-12-24 14:55:00,487 - application - DEBUG - after_request_time [__init__.py:46] - template (after_request): lists/model/photo.html.jinja
2024-12-24 14:55:00,499 - application - DEBUG - after_request_time [__init__.py:42] - Request to /show_list/ took 0.09267306327819824 seconds
2024-12-24 14:55:00,499 - application - DEBUG - after_request_time [__init__.py:44] - view (after_request): room
2024-12-24 14:55:00,499 - application - DEBUG - after_request_time [__init__.py:46] - template (after_request): lists/list.html.jinja
2024-12-24 14:55:00,518 - application - DEBUG - after_request_time [__init__.py:42] - Request to /static/defaults/generic_room.webp took 0.0010838508605957031 seconds
2024-12-24 14:55:00,519 - application - DEBUG - after_request_time [__init__.py:44] - view (after_request): room
2024-12-24 14:55:00,519 - application - DEBUG - after_request_time [__init__.py:46] - template (after_request): None
2024-12-24 14:55:00,563 - application.list_routes - DEBUG - show_list [list_routes.py:219] - view: pingrid
2024-12-24 14:55:00,580 - application - DEBUG - after_request_time [__init__.py:42] - Request to /show_list/7 took 0.017641067504882812 seconds
2024-12-24 14:55:00,580 - application - DEBUG - after_request_time [__init__.py:44] - view (after_request): room
2024-12-24 14:55:00,581 - application - DEBUG - after_request_time [__init__.py:46] - template (after_request): lists/list.html.jinja
2024-12-24 14:55:12,524 - application.walkthrough - DEBUG - walk_start [walkthrough.py:34] - get room_name: Living Room 1
2024-12-24 14:55:12,525 - application.walkthrough - DEBUG - walk_start [walkthrough.py:35] - get view: room
2024-12-24 14:55:12,525 - application.walkthrough - DEBUG - walk_start [walkthrough.py:39] - room: (<Room 1>,) room_name: Living Room 1 room name name: Living Room 1
2024-12-24 14:55:12,528 - application.rooms - DEBUG - set_active_room [rooms.py:120] - current_user.active_home.active_room: <Room 1>
2024-12-24 14:55:12,529 - application.walkthrough - DEBUG - walk_start [walkthrough.py:52] - view: room
2024-12-24 14:55:12,529 - application - DEBUG - after_request_time [__init__.py:42] - Request to /walkthrough/Living Room 1/room took 0.0054242610931396484 seconds
2024-12-24 14:55:12,529 - application - DEBUG - after_request_time [__init__.py:44] - view (after_request): room
2024-12-24 14:55:12,530 - application - DEBUG - after_request_time [__init__.py:46] - template (after_request): None
2024-12-24 14:55:12,600 - application.walkthrough - DEBUG - views [walkthrough.py:70] - view?: room
2024-12-24 14:55:12,600 - application.walkthrough - DEBUG - views [walkthrough.py:73] - File exists!: walkthrough/parts/room.html.jinja
2024-12-24 14:55:12,606 - application - DEBUG - after_request_time [__init__.py:42] - Request to /walkthrough/steps took 0.006783246994018555 seconds
2024-12-24 14:55:12,606 - application - DEBUG - after_request_time [__init__.py:44] - view (after_request): room
2024-12-24 14:55:12,606 - application - DEBUG - after_request_time [__init__.py:46] - template (after_request): walkthrough/index.html.jinja
2024-12-24 14:55:12,663 - application - DEBUG - after_request_time [__init__.py:42] - Request to /static/js/bundle.js took 0.0010638236999511719 seconds
2024-12-24 14:55:12,664 - application - DEBUG - after_request_time [__init__.py:44] - view (after_request): room
2024-12-24 14:55:12,664 - application - DEBUG - after_request_time [__init__.py:46] - template (after_request): None
2024-12-24 14:55:12,767 - application - DEBUG - after_request_time [__init__.py:42] - Request to /favicon.ico took 0.0006999969482421875 seconds
2024-12-24 14:55:12,768 - application - DEBUG - after_request_time [__init__.py:44] - view (after_request): room
2024-12-24 14:55:12,768 - application - DEBUG - after_request_time [__init__.py:46] - template (after_request): None
2024-12-24 14:55:12,793 - application.list_routes - DEBUG - show_list [list_routes.py:219] - view: horiz-scroll
2024-12-24 14:55:12,794 - application.list_routes - DEBUG - show_list [list_routes.py:219] - view: horiz-scroll
2024-12-24 14:55:12,797 - application.walkthrough - DEBUG - views [walkthrough.py:70] - view?: room
2024-12-24 14:55:12,797 - application.list_utils - DEBUG - get_list_entries_for_item [list_utils.py:428] - found_entries for <Home 1>: [<UserListEntry 1>]
2024-12-24 14:55:12,801 - application.walkthrough - DEBUG - views [walkthrough.py:73] - File exists!: walkthrough/parts/room.html.jinja
2024-12-24 14:55:12,803 - application.list_utils - DEBUG - get_list_entries_for_item [list_utils.py:436] - Entry: <UserListEntry 1>
2024-12-24 14:55:12,803 - application.list_utils - DEBUG - get_list_entries_for_item [list_utils.py:428] - found_entries for <Floor 1>: [<UserListEntry 2>]
2024-12-24 14:55:12,804 - application.list_utils - DEBUG - get_list_entries_for_item [list_utils.py:437] - Item Model: Home, Item ID: 1
2024-12-24 14:55:12,816 - application.list_utils - DEBUG - get_list_entries_for_item [list_utils.py:438] - User List ID: 1 User List Name: bob Homes
2024-12-24 14:55:12,816 - application - DEBUG - after_request_time [__init__.py:42] - Request to /walkthrough/steps took 0.0214841365814209 seconds
2024-12-24 14:55:12,817 - application - DEBUG - after_request_time [__init__.py:44] - view (after_request): room
2024-12-24 14:55:12,816 - application.list_utils - DEBUG - get_list_entries_for_item [list_utils.py:436] - Entry: <UserListEntry 2>
2024-12-24 14:55:12,817 - application - DEBUG - after_request_time [__init__.py:46] - template (after_request): walkthrough/parts/room.html.jinja
2024-12-24 14:55:12,817 - application.list_utils - DEBUG - get_list_entries_for_item [list_utils.py:439] - user: 1
2024-12-24 14:55:12,817 - application.list_utils - DEBUG - get_list_entries_for_item [list_utils.py:437] - Item Model: Floor, Item ID: 1
2024-12-24 14:55:12,820 - application.list_utils - DEBUG - get_userlist [list_utils.py:308] - get_userlist(): item_model: Floor, list_name: None, parent_entry_id: 1
2024-12-24 14:55:12,820 - application.list_utils - DEBUG - get_list_entries_for_item [list_utils.py:438] - User List ID: 2 User List Name: test Floors
2024-12-24 14:55:12,822 - application.list_utils - DEBUG - get_list_entries_for_item [list_utils.py:439] - user: 1
2024-12-24 14:55:12,823 - application.list_utils - DEBUG - get_userlist [list_utils.py:322] - lists found (model, parent): [<UserList 2>]
2024-12-24 14:55:12,823 - application.list_utils - DEBUG - get_userlist [list_utils.py:308] - get_userlist(): item_model: Room, list_name: None, parent_entry_id: 2
2024-12-24 14:55:12,824 - application.list_utils - DEBUG - get_userlist [list_utils.py:349] - len(lists) == 1: None Floor 1
2024-12-24 14:55:12,827 - application.list_utils - DEBUG - get_userlist [list_utils.py:368] - userlist.entries: [<UserListEntry 2>, <UserListEntry 3>, <UserListEntry 26>] List type: <class 'sqlalchemy.orm.collections.InstrumentedList'>
2024-12-24 14:55:12,827 - application.list_utils - DEBUG - get_userlist [list_utils.py:322] - lists found (model, parent): [<UserList 3>]
2024-12-24 14:55:12,828 - application.list_utils - DEBUG - get_userlist [list_utils.py:370] - List: test Floors, Order: 5
2024-12-24 14:55:12,828 - application.list_utils - DEBUG - get_userlist [list_utils.py:349] - len(lists) == 1: None Room 2
2024-12-24 14:55:12,828 - application.list_utils - DEBUG - get_userlist [list_utils.py:370] - List: test Floors, Order: 3
2024-12-24 14:55:12,828 - application.list_utils - DEBUG - get_userlist [list_utils.py:368] - userlist.entries: [<UserListEntry 21>] List type: <class 'sqlalchemy.orm.collections.InstrumentedList'>
2024-12-24 14:55:12,829 - application.list_utils - DEBUG - get_userlist [list_utils.py:370] - List: test Floors, Order: 1
2024-12-24 14:55:12,829 - application.list_utils - DEBUG - get_userlist [list_utils.py:370] - List: test Main Floor Rooms, Order: 0
2024-12-24 14:55:12,831 - application.list_utils - DEBUG - get_userlists_by_parent [list_utils.py:271] - get_userlists_by_parent: lists found (parent_entry_id)2: [<UserList 3>]
2024-12-24 14:55:12,832 - application.list_utils - DEBUG - get_userlists_by_parent [list_utils.py:271] - get_userlists_by_parent: lists found (parent_entry_id)21: [<UserList 6>, <UserList 8>]
2024-12-24 14:55:12,833 - application.list_utils - DEBUG - get_userlists_by_parent [list_utils.py:271] - get_userlists_by_parent: lists found (parent_entry_id)3: [<UserList 4>]
2024-12-24 14:55:12,837 - application - DEBUG - after_request_time [__init__.py:42] - Request to /show_list/ took 0.04720306396484375 seconds
2024-12-24 14:55:12,836 - application.list_utils - DEBUG - get_userlists_by_parent [list_utils.py:271] - get_userlists_by_parent: lists found (parent_entry_id)26: [<UserList 12>]
2024-12-24 14:55:12,838 - application - DEBUG - after_request_time [__init__.py:44] - view (after_request): room
2024-12-24 14:55:12,840 - application - DEBUG - after_request_time [__init__.py:46] - template (after_request): lists/list.html.jinja
2024-12-24 14:55:12,843 - application - DEBUG - after_request_time [__init__.py:42] - Request to /show_list/ took 0.05502915382385254 seconds
2024-12-24 14:55:12,844 - application - DEBUG - after_request_time [__init__.py:44] - view (after_request): room
2024-12-24 14:55:12,844 - application - DEBUG - after_request_time [__init__.py:46] - template (after_request): lists/list.html.jinja
2024-12-24 14:55:12,989 - application.list_routes - DEBUG - show_list [list_routes.py:219] - view: quicknote
2024-12-24 14:55:12,991 - application - DEBUG - after_request_time [__init__.py:42] - Request to /tutorial/pingrid took 0.00356292724609375 seconds
2024-12-24 14:55:12,994 - application - DEBUG - after_request_time [__init__.py:44] - view (after_request): room
2024-12-24 14:55:12,996 - application - DEBUG - after_request_time [__init__.py:46] - template (after_request): onboarding/modal/modal_roompingrid.jinja
2024-12-24 14:55:12,997 - application.list_utils - DEBUG - get_list_entries_for_item [list_utils.py:428] - found_entries for <Photo 1>: [<UserListEntry 20>]
2024-12-24 14:55:12,997 - application.list_utils - DEBUG - get_list_entries_for_item [list_utils.py:428] - found_entries for <Room 1>: [<UserListEntry 21>]
2024-12-24 14:55:12,999 - application.list_utils - DEBUG - get_list_entries_for_item [list_utils.py:436] - Entry: <UserListEntry 20>
2024-12-24 14:55:13,001 - application.list_utils - DEBUG - get_list_entries_for_item [list_utils.py:437] - Item Model: Photo, Item ID: 1
2024-12-24 14:55:13,002 - application.list_utils - DEBUG - get_list_entries_for_item [list_utils.py:436] - Entry: <UserListEntry 21>
2024-12-24 14:55:13,002 - application.list_utils - DEBUG - get_list_entries_for_item [list_utils.py:438] - User List ID: 6 User List Name: Living Room 1 Photos
2024-12-24 14:55:13,003 - application.list_utils - DEBUG - get_list_entries_for_item [list_utils.py:437] - Item Model: Room, Item ID: 1
2024-12-24 14:55:13,003 - application.list_utils - DEBUG - get_list_entries_for_item [list_utils.py:439] - user: 1
2024-12-24 14:55:13,004 - application.list_utils - DEBUG - get_list_entries_for_item [list_utils.py:438] - User List ID: 3 User List Name: test Main Floor Rooms
2024-12-24 14:55:13,004 - application.list_routes - DEBUG - show_photo_entry [list_routes.py:312] - view_override: pingrid
2024-12-24 14:55:13,005 - application.list_routes - DEBUG - show_photo_entry [list_routes.py:317] - view: pingrid
2024-12-24 14:55:13,004 - application.list_utils - DEBUG - get_list_entries_for_item [list_utils.py:439] - user: 1
2024-12-24 14:55:13,005 - application.list_utils - DEBUG - get_userlist [list_utils.py:308] - get_userlist(): item_model: Task, list_name: None, parent_entry_id: 21
2024-12-24 14:55:13,010 - application.list_utils - DEBUG - get_userlist [list_utils.py:322] - lists found (model, parent): [<UserList 8>]
2024-12-24 14:55:13,011 - application - DEBUG - after_request_time [__init__.py:42] - Request to /show_photo_entry/1 took 0.021953105926513672 seconds
2024-12-24 14:55:13,011 - application.list_utils - DEBUG - get_userlist [list_utils.py:349] - len(lists) == 1: None Task 21
2024-12-24 14:55:13,011 - application - DEBUG - after_request_time [__init__.py:44] - view (after_request): room
2024-12-24 14:55:13,012 - application.list_utils - DEBUG - get_userlist [list_utils.py:368] - userlist.entries: [<UserListEntry 22>] List type: <class 'sqlalchemy.orm.collections.InstrumentedList'>
2024-12-24 14:55:13,013 - application - DEBUG - after_request_time [__init__.py:46] - template (after_request): lists/model/photo.html.jinja
2024-12-24 14:55:13,014 - application.list_utils - DEBUG - get_userlist [list_utils.py:370] - List: Living Room 1 Tasks, Order: 0
2024-12-24 14:55:13,017 - application.list_utils - DEBUG - get_userlists_by_parent [list_utils.py:273] - get_userlists_by_parent: No lists found for parent_entry_id 22
2024-12-24 14:55:13,026 - application - DEBUG - after_request_time [__init__.py:42] - Request to /show_list/ took 0.04196000099182129 seconds
2024-12-24 14:55:13,027 - application - DEBUG - after_request_time [__init__.py:44] - view (after_request): room
2024-12-24 14:55:13,027 - application - DEBUG - after_request_time [__init__.py:46] - template (after_request): lists/list.html.jinja
2024-12-24 14:55:13,060 - application - DEBUG - after_request_time [__init__.py:42] - Request to /static/defaults/generic_room.webp took 0.0012059211730957031 seconds
2024-12-24 14:55:13,061 - application - DEBUG - after_request_time [__init__.py:44] - view (after_request): room
2024-12-24 14:55:13,065 - application - DEBUG - after_request_time [__init__.py:46] - template (after_request): None
2024-12-24 14:55:13,065 - application.list_routes - DEBUG - show_list [list_routes.py:219] - view: pingrid
2024-12-24 14:55:13,087 - application - DEBUG - after_request_time [__init__.py:42] - Request to /show_list/7 took 0.024242877960205078 seconds
2024-12-24 14:55:13,088 - application - DEBUG - after_request_time [__init__.py:44] - view (after_request): room
2024-12-24 14:55:13,088 - application - DEBUG - after_request_time [__init__.py:46] - template (after_request): lists/list.html.jinja
